<?xml version="1.0" encoding="UTF-8"?>
<!-- Generated by org.testng.reporters.JUnitReportReporter -->
<testsuite skipped="0" hostname="ATMECSINLT-283" name="com.atmecs.testscript.AtmecsHomePageScript" tests="256" failures="0" timestamp="2019-10-17T15:02:01 IST" time="35.457" errors="224">
  <testcase name="clickOnHomeMenu" time="4.245" classname="com.atmecs.testscript.AtmecsHomePageScript"/>
  <testcase name="validateHomeMenuFooter" time="0.846" classname="com.atmecs.testscript.AtmecsHomePageScript"/>
  <testcase name="validateHomeMenuFooter" time="0.570" classname="com.atmecs.testscript.AtmecsHomePageScript"/>
  <testcase name="validateHomeMenuFooter" time="0.766" classname="com.atmecs.testscript.AtmecsHomePageScript"/>
  <testcase name="validateHomeMenuFooter" time="0.772" classname="com.atmecs.testscript.AtmecsHomePageScript"/>
  <testcase name="validateHomeMenuFooter" time="0.892" classname="com.atmecs.testscript.AtmecsHomePageScript"/>
  <testcase name="validateHomeMenuFooter" time="0.576" classname="com.atmecs.testscript.AtmecsHomePageScript"/>
  <testcase name="validateHomeMenuFooter" time="0.818" classname="com.atmecs.testscript.AtmecsHomePageScript"/>
  <testcase name="validateHomeMenuFooter" time="0.876" classname="com.atmecs.testscript.AtmecsHomePageScript"/>
  <testcase name="validateHomeMenuFooter" time="0.806" classname="com.atmecs.testscript.AtmecsHomePageScript"/>
  <testcase name="validateHomeMenuFooter" time="0.587" classname="com.atmecs.testscript.AtmecsHomePageScript"/>
  <testcase name="validateHomeMenuFooter" time="0.784" classname="com.atmecs.testscript.AtmecsHomePageScript"/>
  <testcase name="validateHomeMenuFooter" time="0.526" classname="com.atmecs.testscript.AtmecsHomePageScript"/>
  <testcase name="validateHomeMenuFooter" time="0.654" classname="com.atmecs.testscript.AtmecsHomePageScript"/>
  <testcase name="validateHomeMenuFooter" time="0.603" classname="com.atmecs.testscript.AtmecsHomePageScript"/>
  <testcase name="validateHomeMenuFooter" time="0.606" classname="com.atmecs.testscript.AtmecsHomePageScript"/>
  <testcase name="validateHomeMenuFooter" time="0.633" classname="com.atmecs.testscript.AtmecsHomePageScript"/>
  <testcase name="validateHomeMenuFooter" time="0.671" classname="com.atmecs.testscript.AtmecsHomePageScript"/>
  <testcase name="validateHomeMenuFooter" time="0.579" classname="com.atmecs.testscript.AtmecsHomePageScript"/>
  <testcase name="validateHomeMenuFooter" time="0.542" classname="com.atmecs.testscript.AtmecsHomePageScript"/>
  <testcase name="validateHomeMenuFooter" time="0.663" classname="com.atmecs.testscript.AtmecsHomePageScript"/>
  <testcase name="validateHomeMenuFooter" time="0.599" classname="com.atmecs.testscript.AtmecsHomePageScript"/>
  <testcase name="validateHomeMenuFooter" time="0.867" classname="com.atmecs.testscript.AtmecsHomePageScript"/>
  <testcase name="validateHomeMenuFooter" time="0.846" classname="com.atmecs.testscript.AtmecsHomePageScript"/>
  <testcase name="validateHomeMenuFooter" time="0.822" classname="com.atmecs.testscript.AtmecsHomePageScript"/>
  <testcase name="validateHomeMenuFooter" time="0.931" classname="com.atmecs.testscript.AtmecsHomePageScript"/>
  <testcase name="validateHomeMenuFooter" time="0.747" classname="com.atmecs.testscript.AtmecsHomePageScript"/>
  <testcase name="validateHomeMenuFooter" time="0.830" classname="com.atmecs.testscript.AtmecsHomePageScript"/>
  <testcase name="validateHomeMenuFooter" time="0.486" classname="com.atmecs.testscript.AtmecsHomePageScript"/>
  <testcase name="validateHomeMenuFooter" time="0.681" classname="com.atmecs.testscript.AtmecsHomePageScript"/>
  <testcase name="validateHomeMenuFooter" time="0.667" classname="com.atmecs.testscript.AtmecsHomePageScript"/>
  <testcase name="validateHomeMenuFooter" time="0.674" classname="com.atmecs.testscript.AtmecsHomePageScript"/>
  <testcase name="clickOnAboutUsMenu" time="1.952" classname="com.atmecs.testscript.AtmecsHomePageScript">
    <error type="org.openqa.selenium.NoSuchWindowException" message="Currently focused window has been closed.
Build info: version: &#039;4.0.0-alpha-2&#039;, revision: &#039;f148142cf8&#039;, time: &#039;2019-07-01T20:55:26&#039;
System info: host: &#039;ATMECSINLT-283&#039;, ip: &#039;55.55.52.215&#039;, os.name: &#039;Windows 10&#039;, os.arch: &#039;amd64&#039;, os.version: &#039;10.0&#039;, java.version: &#039;1.8.0_221&#039;
Driver info: org.openqa.selenium.ie.InternetExplorerDriver
Capabilities {acceptInsecureCerts: false, browserName: internet explorer, browserVersion: 11, javascriptEnabled: true, pageLoadStrategy: normal, platform: WINDOWS, platformName: WINDOWS, proxy: Proxy(), se:ieOptions: {browserAttachTimeout: 0, elementScrollBehavior: 0, enablePersistentHover: true, ie.browserCommandLineSwitches: , ie.ensureCleanSession: false, ie.fileUploadDialogTimeout: 3000, ie.forceCreateProcessApi: false, ignoreProtectedModeSettings: false, ignoreZoomSetting: false, initialBrowserUrl: http://localhost:2124/, nativeEvents: true, requireWindowFocus: false}, setWindowRect: true, timeouts: {implicit: 0, pageLoad: 300000, script: 30000}}
Session ID: 055d0f1f-16b1-4577-b4c8-1028878473d8
*** Element info: {Using=css selector, value=.menu-item-167}">
      <![CDATA[org.openqa.selenium.NoSuchWindowException: Currently focused window has been closed.
Build info: version: '4.0.0-alpha-2', revision: 'f148142cf8', time: '2019-07-01T20:55:26'
System info: host: 'ATMECSINLT-283', ip: '55.55.52.215', os.name: 'Windows 10', os.arch: 'amd64', os.version: '10.0', java.version: '1.8.0_221'
Driver info: org.openqa.selenium.ie.InternetExplorerDriver
Capabilities {acceptInsecureCerts: false, browserName: internet explorer, browserVersion: 11, javascriptEnabled: true, pageLoadStrategy: normal, platform: WINDOWS, platformName: WINDOWS, proxy: Proxy(), se:ieOptions: {browserAttachTimeout: 0, elementScrollBehavior: 0, enablePersistentHover: true, ie.browserCommandLineSwitches: , ie.ensureCleanSession: false, ie.fileUploadDialogTimeout: 3000, ie.forceCreateProcessApi: false, ignoreProtectedModeSettings: false, ignoreZoomSetting: false, initialBrowserUrl: http://localhost:2124/, nativeEvents: true, requireWindowFocus: false}, setWindowRect: true, timeouts: {implicit: 0, pageLoad: 300000, script: 30000}}
Session ID: 055d0f1f-16b1-4577-b4c8-1028878473d8
*** Element info: {Using=css selector, value=.menu-item-167}
at sun.reflect.NativeConstructorAccessorImpl.newInstance0(Native Method)
at sun.reflect.NativeConstructorAccessorImpl.newInstance(NativeConstructorAccessorImpl.java:62)
at sun.reflect.DelegatingConstructorAccessorImpl.newInstance(DelegatingConstructorAccessorImpl.java:45)
at java.lang.reflect.Constructor.newInstance(Constructor.java:423)
at org.openqa.selenium.remote.codec.w3c.W3CHttpResponseCodec.createException(W3CHttpResponseCodec.java:191)
at org.openqa.selenium.remote.codec.w3c.W3CHttpResponseCodec.decode(W3CHttpResponseCodec.java:125)
at org.openqa.selenium.remote.codec.w3c.W3CHttpResponseCodec.decode(W3CHttpResponseCodec.java:52)
at org.openqa.selenium.remote.HttpCommandExecutor.execute(HttpCommandExecutor.java:161)
at org.openqa.selenium.remote.service.DriverCommandExecutor.execute(DriverCommandExecutor.java:83)
at org.openqa.selenium.remote.RemoteWebDriver.execute(RemoteWebDriver.java:576)
at org.openqa.selenium.remote.RemoteWebDriver.findElement(RemoteWebDriver.java:327)
at org.openqa.selenium.remote.RemoteWebDriver.findElementByCssSelector(RemoteWebDriver.java:435)
at org.openqa.selenium.By$ByCssSelector.findElement(By.java:431)
at org.openqa.selenium.remote.RemoteWebDriver.findElement(RemoteWebDriver.java:319)
at com.atmecs.helper.CommonUtility.locatorsType(CommonUtility.java:54)
at com.atmecs.helper.CommonUtility.scrollToElement(CommonUtility.java:306)
at com.atmecs.general.AtmecsHomePage.clickOnAboutUs(AtmecsHomePage.java:32)
at com.atmecs.testscript.AtmecsHomePageScript.clickOnAboutUsMenu(AtmecsHomePageScript.java:28)
at sun.reflect.NativeMethodAccessorImpl.invoke0(Native Method)
at sun.reflect.NativeMethodAccessorImpl.invoke(NativeMethodAccessorImpl.java:62)
at sun.reflect.DelegatingMethodAccessorImpl.invoke(DelegatingMethodAccessorImpl.java:43)
at java.lang.reflect.Method.invoke(Method.java:498)
at org.testng.internal.MethodInvocationHelper.invokeMethod(MethodInvocationHelper.java:133)
at org.testng.internal.TestInvoker.invokeMethod(TestInvoker.java:584)
at org.testng.internal.TestInvoker.invokeTestMethod(TestInvoker.java:172)
at org.testng.internal.MethodRunner.runInSequence(MethodRunner.java:46)
at org.testng.internal.TestInvoker$MethodInvocationAgent.invoke(TestInvoker.java:804)
at org.testng.internal.TestInvoker.invokeTestMethods(TestInvoker.java:145)
at org.testng.internal.TestMethodWorker.invokeTestMethods(TestMethodWorker.java:146)
at org.testng.internal.TestMethodWorker.run(TestMethodWorker.java:128)
at java.util.ArrayList.forEach(ArrayList.java:1257)
at org.testng.TestRunner.privateRun(TestRunner.java:770)
at org.testng.TestRunner.run(TestRunner.java:591)
at org.testng.SuiteRunner.runTest(SuiteRunner.java:402)
at org.testng.SuiteRunner.runSequentially(SuiteRunner.java:396)
at org.testng.SuiteRunner.privateRun(SuiteRunner.java:355)
at org.testng.SuiteRunner.run(SuiteRunner.java:304)
at org.testng.SuiteRunnerWorker.runSuite(SuiteRunnerWorker.java:53)
at org.testng.SuiteRunnerWorker.run(SuiteRunnerWorker.java:96)
at org.testng.TestNG.runSuitesSequentially(TestNG.java:1180)
at org.testng.TestNG.runSuitesLocally(TestNG.java:1102)
at org.testng.TestNG.runSuites(TestNG.java:1032)
at org.testng.TestNG.run(TestNG.java:1000)
at org.testng.remote.AbstractRemoteTestNG.run(AbstractRemoteTestNG.java:115)
at org.testng.remote.RemoteTestNG.initAndRun(RemoteTestNG.java:251)
at org.testng.remote.RemoteTestNG.main(RemoteTestNG.java:77)
]]>
    </error>
  </testcase> <!-- clickOnAboutUsMenu -->
  <testcase name="validateAboutUsFooter" time="0.049" classname="com.atmecs.testscript.AtmecsHomePageScript">
    <error type="org.openqa.selenium.NoSuchWindowException" message="Currently focused window has been closed.
Build info: version: &#039;4.0.0-alpha-2&#039;, revision: &#039;f148142cf8&#039;, time: &#039;2019-07-01T20:55:26&#039;
System info: host: &#039;ATMECSINLT-283&#039;, ip: &#039;55.55.52.215&#039;, os.name: &#039;Windows 10&#039;, os.arch: &#039;amd64&#039;, os.version: &#039;10.0&#039;, java.version: &#039;1.8.0_221&#039;
Driver info: org.openqa.selenium.ie.InternetExplorerDriver
Capabilities {acceptInsecureCerts: false, browserName: internet explorer, browserVersion: 11, javascriptEnabled: true, pageLoadStrategy: normal, platform: WINDOWS, platformName: WINDOWS, proxy: Proxy(), se:ieOptions: {browserAttachTimeout: 0, elementScrollBehavior: 0, enablePersistentHover: true, ie.browserCommandLineSwitches: , ie.ensureCleanSession: false, ie.fileUploadDialogTimeout: 3000, ie.forceCreateProcessApi: false, ignoreProtectedModeSettings: false, ignoreZoomSetting: false, initialBrowserUrl: http://localhost:2124/, nativeEvents: true, requireWindowFocus: false}, setWindowRect: true, timeouts: {implicit: 0, pageLoad: 300000, script: 30000}}
Session ID: 055d0f1f-16b1-4577-b4c8-1028878473d8
*** Element info: {Using=xpath, value=//div[@id=&#039;footer&#039;]//a[contains(text(),&#039;India – Hyderabad&#039;)]}">
      <![CDATA[org.openqa.selenium.NoSuchWindowException: Currently focused window has been closed.
Build info: version: '4.0.0-alpha-2', revision: 'f148142cf8', time: '2019-07-01T20:55:26'
System info: host: 'ATMECSINLT-283', ip: '55.55.52.215', os.name: 'Windows 10', os.arch: 'amd64', os.version: '10.0', java.version: '1.8.0_221'
Driver info: org.openqa.selenium.ie.InternetExplorerDriver
Capabilities {acceptInsecureCerts: false, browserName: internet explorer, browserVersion: 11, javascriptEnabled: true, pageLoadStrategy: normal, platform: WINDOWS, platformName: WINDOWS, proxy: Proxy(), se:ieOptions: {browserAttachTimeout: 0, elementScrollBehavior: 0, enablePersistentHover: true, ie.browserCommandLineSwitches: , ie.ensureCleanSession: false, ie.fileUploadDialogTimeout: 3000, ie.forceCreateProcessApi: false, ignoreProtectedModeSettings: false, ignoreZoomSetting: false, initialBrowserUrl: http://localhost:2124/, nativeEvents: true, requireWindowFocus: false}, setWindowRect: true, timeouts: {implicit: 0, pageLoad: 300000, script: 30000}}
Session ID: 055d0f1f-16b1-4577-b4c8-1028878473d8
*** Element info: {Using=xpath, value=//div[@id='footer']//a[contains(text(),'India – Hyderabad')]}
at sun.reflect.GeneratedConstructorAccessor25.newInstance(Unknown Source)
at sun.reflect.DelegatingConstructorAccessorImpl.newInstance(DelegatingConstructorAccessorImpl.java:45)
at java.lang.reflect.Constructor.newInstance(Constructor.java:423)
at org.openqa.selenium.remote.codec.w3c.W3CHttpResponseCodec.createException(W3CHttpResponseCodec.java:191)
at org.openqa.selenium.remote.codec.w3c.W3CHttpResponseCodec.decode(W3CHttpResponseCodec.java:125)
at org.openqa.selenium.remote.codec.w3c.W3CHttpResponseCodec.decode(W3CHttpResponseCodec.java:52)
at org.openqa.selenium.remote.HttpCommandExecutor.execute(HttpCommandExecutor.java:161)
at org.openqa.selenium.remote.service.DriverCommandExecutor.execute(DriverCommandExecutor.java:83)
at org.openqa.selenium.remote.RemoteWebDriver.execute(RemoteWebDriver.java:576)
at org.openqa.selenium.remote.RemoteWebDriver.findElement(RemoteWebDriver.java:327)
at org.openqa.selenium.remote.RemoteWebDriver.findElementByXPath(RemoteWebDriver.java:445)
at org.openqa.selenium.By$ByXPath.findElement(By.java:353)
at org.openqa.selenium.remote.RemoteWebDriver.findElement(RemoteWebDriver.java:319)
at com.atmecs.helper.CommonUtility.locatorsType(CommonUtility.java:49)
at com.atmecs.helper.CommonUtility$4.apply(CommonUtility.java:180)
at com.atmecs.helper.CommonUtility$4.apply(CommonUtility.java:1)
at org.openqa.selenium.support.ui.FluentWait.until(FluentWait.java:211)
at com.atmecs.helper.CommonUtility.getText(CommonUtility.java:177)
at com.atmecs.general.AtmecsHomePage.isFooterPresent(AtmecsHomePage.java:80)
at com.atmecs.testscript.AtmecsHomePageScript.validateAboutUsFooter(AtmecsHomePageScript.java:36)
at sun.reflect.GeneratedMethodAccessor2.invoke(Unknown Source)
at sun.reflect.DelegatingMethodAccessorImpl.invoke(DelegatingMethodAccessorImpl.java:43)
at java.lang.reflect.Method.invoke(Method.java:498)
at org.testng.internal.MethodInvocationHelper.invokeMethod(MethodInvocationHelper.java:133)
at org.testng.internal.TestInvoker.invokeMethod(TestInvoker.java:584)
at org.testng.internal.TestInvoker.invokeTestMethod(TestInvoker.java:172)
at org.testng.internal.MethodRunner.runInSequence(MethodRunner.java:46)
at org.testng.internal.TestInvoker$MethodInvocationAgent.invoke(TestInvoker.java:804)
at org.testng.internal.TestInvoker.invokeTestMethods(TestInvoker.java:145)
at org.testng.internal.TestMethodWorker.invokeTestMethods(TestMethodWorker.java:146)
at org.testng.internal.TestMethodWorker.run(TestMethodWorker.java:128)
at java.util.ArrayList.forEach(ArrayList.java:1257)
at org.testng.TestRunner.privateRun(TestRunner.java:770)
at org.testng.TestRunner.run(TestRunner.java:591)
at org.testng.SuiteRunner.runTest(SuiteRunner.java:402)
at org.testng.SuiteRunner.runSequentially(SuiteRunner.java:396)
at org.testng.SuiteRunner.privateRun(SuiteRunner.java:355)
at org.testng.SuiteRunner.run(SuiteRunner.java:304)
at org.testng.SuiteRunnerWorker.runSuite(SuiteRunnerWorker.java:53)
at org.testng.SuiteRunnerWorker.run(SuiteRunnerWorker.java:96)
at org.testng.TestNG.runSuitesSequentially(TestNG.java:1180)
at org.testng.TestNG.runSuitesLocally(TestNG.java:1102)
at org.testng.TestNG.runSuites(TestNG.java:1032)
at org.testng.TestNG.run(TestNG.java:1000)
at org.testng.remote.AbstractRemoteTestNG.run(AbstractRemoteTestNG.java:115)
at org.testng.remote.RemoteTestNG.initAndRun(RemoteTestNG.java:251)
at org.testng.remote.RemoteTestNG.main(RemoteTestNG.java:77)
]]>
    </error>
  </testcase> <!-- validateAboutUsFooter -->
  <testcase name="validateAboutUsFooter" time="0.031" classname="com.atmecs.testscript.AtmecsHomePageScript">
    <error type="org.openqa.selenium.NoSuchWindowException" message="Currently focused window has been closed.
Build info: version: &#039;4.0.0-alpha-2&#039;, revision: &#039;f148142cf8&#039;, time: &#039;2019-07-01T20:55:26&#039;
System info: host: &#039;ATMECSINLT-283&#039;, ip: &#039;55.55.52.215&#039;, os.name: &#039;Windows 10&#039;, os.arch: &#039;amd64&#039;, os.version: &#039;10.0&#039;, java.version: &#039;1.8.0_221&#039;
Driver info: org.openqa.selenium.ie.InternetExplorerDriver
Capabilities {acceptInsecureCerts: false, browserName: internet explorer, browserVersion: 11, javascriptEnabled: true, pageLoadStrategy: normal, platform: WINDOWS, platformName: WINDOWS, proxy: Proxy(), se:ieOptions: {browserAttachTimeout: 0, elementScrollBehavior: 0, enablePersistentHover: true, ie.browserCommandLineSwitches: , ie.ensureCleanSession: false, ie.fileUploadDialogTimeout: 3000, ie.forceCreateProcessApi: false, ignoreProtectedModeSettings: false, ignoreZoomSetting: false, initialBrowserUrl: http://localhost:2124/, nativeEvents: true, requireWindowFocus: false}, setWindowRect: true, timeouts: {implicit: 0, pageLoad: 300000, script: 30000}}
Session ID: 055d0f1f-16b1-4577-b4c8-1028878473d8
*** Element info: {Using=xpath, value=//div[@id=&#039;footer&#039;]//a[contains(text(),&#039;Enterprise Analytics&#039;)]}">
      <![CDATA[org.openqa.selenium.NoSuchWindowException: Currently focused window has been closed.
Build info: version: '4.0.0-alpha-2', revision: 'f148142cf8', time: '2019-07-01T20:55:26'
System info: host: 'ATMECSINLT-283', ip: '55.55.52.215', os.name: 'Windows 10', os.arch: 'amd64', os.version: '10.0', java.version: '1.8.0_221'
Driver info: org.openqa.selenium.ie.InternetExplorerDriver
Capabilities {acceptInsecureCerts: false, browserName: internet explorer, browserVersion: 11, javascriptEnabled: true, pageLoadStrategy: normal, platform: WINDOWS, platformName: WINDOWS, proxy: Proxy(), se:ieOptions: {browserAttachTimeout: 0, elementScrollBehavior: 0, enablePersistentHover: true, ie.browserCommandLineSwitches: , ie.ensureCleanSession: false, ie.fileUploadDialogTimeout: 3000, ie.forceCreateProcessApi: false, ignoreProtectedModeSettings: false, ignoreZoomSetting: false, initialBrowserUrl: http://localhost:2124/, nativeEvents: true, requireWindowFocus: false}, setWindowRect: true, timeouts: {implicit: 0, pageLoad: 300000, script: 30000}}
Session ID: 055d0f1f-16b1-4577-b4c8-1028878473d8
*** Element info: {Using=xpath, value=//div[@id='footer']//a[contains(text(),'Enterprise Analytics')]}
at sun.reflect.GeneratedConstructorAccessor25.newInstance(Unknown Source)
at sun.reflect.DelegatingConstructorAccessorImpl.newInstance(DelegatingConstructorAccessorImpl.java:45)
at java.lang.reflect.Constructor.newInstance(Constructor.java:423)
at org.openqa.selenium.remote.codec.w3c.W3CHttpResponseCodec.createException(W3CHttpResponseCodec.java:191)
at org.openqa.selenium.remote.codec.w3c.W3CHttpResponseCodec.decode(W3CHttpResponseCodec.java:125)
at org.openqa.selenium.remote.codec.w3c.W3CHttpResponseCodec.decode(W3CHttpResponseCodec.java:52)
at org.openqa.selenium.remote.HttpCommandExecutor.execute(HttpCommandExecutor.java:161)
at org.openqa.selenium.remote.service.DriverCommandExecutor.execute(DriverCommandExecutor.java:83)
at org.openqa.selenium.remote.RemoteWebDriver.execute(RemoteWebDriver.java:576)
at org.openqa.selenium.remote.RemoteWebDriver.findElement(RemoteWebDriver.java:327)
at org.openqa.selenium.remote.RemoteWebDriver.findElementByXPath(RemoteWebDriver.java:445)
at org.openqa.selenium.By$ByXPath.findElement(By.java:353)
at org.openqa.selenium.remote.RemoteWebDriver.findElement(RemoteWebDriver.java:319)
at com.atmecs.helper.CommonUtility.locatorsType(CommonUtility.java:49)
at com.atmecs.helper.CommonUtility$4.apply(CommonUtility.java:180)
at com.atmecs.helper.CommonUtility$4.apply(CommonUtility.java:1)
at org.openqa.selenium.support.ui.FluentWait.until(FluentWait.java:211)
at com.atmecs.helper.CommonUtility.getText(CommonUtility.java:177)
at com.atmecs.general.AtmecsHomePage.isFooterPresent(AtmecsHomePage.java:80)
at com.atmecs.testscript.AtmecsHomePageScript.validateAboutUsFooter(AtmecsHomePageScript.java:36)
at sun.reflect.GeneratedMethodAccessor2.invoke(Unknown Source)
at sun.reflect.DelegatingMethodAccessorImpl.invoke(DelegatingMethodAccessorImpl.java:43)
at java.lang.reflect.Method.invoke(Method.java:498)
at org.testng.internal.MethodInvocationHelper.invokeMethod(MethodInvocationHelper.java:133)
at org.testng.internal.TestInvoker.invokeMethod(TestInvoker.java:584)
at org.testng.internal.TestInvoker.invokeTestMethod(TestInvoker.java:172)
at org.testng.internal.MethodRunner.runInSequence(MethodRunner.java:46)
at org.testng.internal.TestInvoker$MethodInvocationAgent.invoke(TestInvoker.java:804)
at org.testng.internal.TestInvoker.invokeTestMethods(TestInvoker.java:145)
at org.testng.internal.TestMethodWorker.invokeTestMethods(TestMethodWorker.java:146)
at org.testng.internal.TestMethodWorker.run(TestMethodWorker.java:128)
at java.util.ArrayList.forEach(ArrayList.java:1257)
at org.testng.TestRunner.privateRun(TestRunner.java:770)
at org.testng.TestRunner.run(TestRunner.java:591)
at org.testng.SuiteRunner.runTest(SuiteRunner.java:402)
at org.testng.SuiteRunner.runSequentially(SuiteRunner.java:396)
at org.testng.SuiteRunner.privateRun(SuiteRunner.java:355)
at org.testng.SuiteRunner.run(SuiteRunner.java:304)
at org.testng.SuiteRunnerWorker.runSuite(SuiteRunnerWorker.java:53)
at org.testng.SuiteRunnerWorker.run(SuiteRunnerWorker.java:96)
at org.testng.TestNG.runSuitesSequentially(TestNG.java:1180)
at org.testng.TestNG.runSuitesLocally(TestNG.java:1102)
at org.testng.TestNG.runSuites(TestNG.java:1032)
at org.testng.TestNG.run(TestNG.java:1000)
at org.testng.remote.AbstractRemoteTestNG.run(AbstractRemoteTestNG.java:115)
at org.testng.remote.RemoteTestNG.initAndRun(RemoteTestNG.java:251)
at org.testng.remote.RemoteTestNG.main(RemoteTestNG.java:77)
]]>
    </error>
  </testcase> <!-- validateAboutUsFooter -->
  <testcase name="validateAboutUsFooter" time="0.057" classname="com.atmecs.testscript.AtmecsHomePageScript">
    <error type="org.openqa.selenium.NoSuchWindowException" message="Currently focused window has been closed.
Build info: version: &#039;4.0.0-alpha-2&#039;, revision: &#039;f148142cf8&#039;, time: &#039;2019-07-01T20:55:26&#039;
System info: host: &#039;ATMECSINLT-283&#039;, ip: &#039;55.55.52.215&#039;, os.name: &#039;Windows 10&#039;, os.arch: &#039;amd64&#039;, os.version: &#039;10.0&#039;, java.version: &#039;1.8.0_221&#039;
Driver info: org.openqa.selenium.ie.InternetExplorerDriver
Capabilities {acceptInsecureCerts: false, browserName: internet explorer, browserVersion: 11, javascriptEnabled: true, pageLoadStrategy: normal, platform: WINDOWS, platformName: WINDOWS, proxy: Proxy(), se:ieOptions: {browserAttachTimeout: 0, elementScrollBehavior: 0, enablePersistentHover: true, ie.browserCommandLineSwitches: , ie.ensureCleanSession: false, ie.fileUploadDialogTimeout: 3000, ie.forceCreateProcessApi: false, ignoreProtectedModeSettings: false, ignoreZoomSetting: false, initialBrowserUrl: http://localhost:2124/, nativeEvents: true, requireWindowFocus: false}, setWindowRect: true, timeouts: {implicit: 0, pageLoad: 300000, script: 30000}}
Session ID: 055d0f1f-16b1-4577-b4c8-1028878473d8
*** Element info: {Using=xpath, value=//div[@id=&#039;footer&#039;]//a[contains(text(),&#039;Artificial Intelligence / Machine Learning&#039;)]}">
      <![CDATA[org.openqa.selenium.NoSuchWindowException: Currently focused window has been closed.
Build info: version: '4.0.0-alpha-2', revision: 'f148142cf8', time: '2019-07-01T20:55:26'
System info: host: 'ATMECSINLT-283', ip: '55.55.52.215', os.name: 'Windows 10', os.arch: 'amd64', os.version: '10.0', java.version: '1.8.0_221'
Driver info: org.openqa.selenium.ie.InternetExplorerDriver
Capabilities {acceptInsecureCerts: false, browserName: internet explorer, browserVersion: 11, javascriptEnabled: true, pageLoadStrategy: normal, platform: WINDOWS, platformName: WINDOWS, proxy: Proxy(), se:ieOptions: {browserAttachTimeout: 0, elementScrollBehavior: 0, enablePersistentHover: true, ie.browserCommandLineSwitches: , ie.ensureCleanSession: false, ie.fileUploadDialogTimeout: 3000, ie.forceCreateProcessApi: false, ignoreProtectedModeSettings: false, ignoreZoomSetting: false, initialBrowserUrl: http://localhost:2124/, nativeEvents: true, requireWindowFocus: false}, setWindowRect: true, timeouts: {implicit: 0, pageLoad: 300000, script: 30000}}
Session ID: 055d0f1f-16b1-4577-b4c8-1028878473d8
*** Element info: {Using=xpath, value=//div[@id='footer']//a[contains(text(),'Artificial Intelligence / Machine Learning')]}
at sun.reflect.GeneratedConstructorAccessor25.newInstance(Unknown Source)
at sun.reflect.DelegatingConstructorAccessorImpl.newInstance(DelegatingConstructorAccessorImpl.java:45)
at java.lang.reflect.Constructor.newInstance(Constructor.java:423)
at org.openqa.selenium.remote.codec.w3c.W3CHttpResponseCodec.createException(W3CHttpResponseCodec.java:191)
at org.openqa.selenium.remote.codec.w3c.W3CHttpResponseCodec.decode(W3CHttpResponseCodec.java:125)
at org.openqa.selenium.remote.codec.w3c.W3CHttpResponseCodec.decode(W3CHttpResponseCodec.java:52)
at org.openqa.selenium.remote.HttpCommandExecutor.execute(HttpCommandExecutor.java:161)
at org.openqa.selenium.remote.service.DriverCommandExecutor.execute(DriverCommandExecutor.java:83)
at org.openqa.selenium.remote.RemoteWebDriver.execute(RemoteWebDriver.java:576)
at org.openqa.selenium.remote.RemoteWebDriver.findElement(RemoteWebDriver.java:327)
at org.openqa.selenium.remote.RemoteWebDriver.findElementByXPath(RemoteWebDriver.java:445)
at org.openqa.selenium.By$ByXPath.findElement(By.java:353)
at org.openqa.selenium.remote.RemoteWebDriver.findElement(RemoteWebDriver.java:319)
at com.atmecs.helper.CommonUtility.locatorsType(CommonUtility.java:49)
at com.atmecs.helper.CommonUtility$4.apply(CommonUtility.java:180)
at com.atmecs.helper.CommonUtility$4.apply(CommonUtility.java:1)
at org.openqa.selenium.support.ui.FluentWait.until(FluentWait.java:211)
at com.atmecs.helper.CommonUtility.getText(CommonUtility.java:177)
at com.atmecs.general.AtmecsHomePage.isFooterPresent(AtmecsHomePage.java:80)
at com.atmecs.testscript.AtmecsHomePageScript.validateAboutUsFooter(AtmecsHomePageScript.java:36)
at sun.reflect.GeneratedMethodAccessor2.invoke(Unknown Source)
at sun.reflect.DelegatingMethodAccessorImpl.invoke(DelegatingMethodAccessorImpl.java:43)
at java.lang.reflect.Method.invoke(Method.java:498)
at org.testng.internal.MethodInvocationHelper.invokeMethod(MethodInvocationHelper.java:133)
at org.testng.internal.TestInvoker.invokeMethod(TestInvoker.java:584)
at org.testng.internal.TestInvoker.invokeTestMethod(TestInvoker.java:172)
at org.testng.internal.MethodRunner.runInSequence(MethodRunner.java:46)
at org.testng.internal.TestInvoker$MethodInvocationAgent.invoke(TestInvoker.java:804)
at org.testng.internal.TestInvoker.invokeTestMethods(TestInvoker.java:145)
at org.testng.internal.TestMethodWorker.invokeTestMethods(TestMethodWorker.java:146)
at org.testng.internal.TestMethodWorker.run(TestMethodWorker.java:128)
at java.util.ArrayList.forEach(ArrayList.java:1257)
at org.testng.TestRunner.privateRun(TestRunner.java:770)
at org.testng.TestRunner.run(TestRunner.java:591)
at org.testng.SuiteRunner.runTest(SuiteRunner.java:402)
at org.testng.SuiteRunner.runSequentially(SuiteRunner.java:396)
at org.testng.SuiteRunner.privateRun(SuiteRunner.java:355)
at org.testng.SuiteRunner.run(SuiteRunner.java:304)
at org.testng.SuiteRunnerWorker.runSuite(SuiteRunnerWorker.java:53)
at org.testng.SuiteRunnerWorker.run(SuiteRunnerWorker.java:96)
at org.testng.TestNG.runSuitesSequentially(TestNG.java:1180)
at org.testng.TestNG.runSuitesLocally(TestNG.java:1102)
at org.testng.TestNG.runSuites(TestNG.java:1032)
at org.testng.TestNG.run(TestNG.java:1000)
at org.testng.remote.AbstractRemoteTestNG.run(AbstractRemoteTestNG.java:115)
at org.testng.remote.RemoteTestNG.initAndRun(RemoteTestNG.java:251)
at org.testng.remote.RemoteTestNG.main(RemoteTestNG.java:77)
]]>
    </error>
  </testcase> <!-- validateAboutUsFooter -->
  <testcase name="validateAboutUsFooter" time="0.052" classname="com.atmecs.testscript.AtmecsHomePageScript">
    <error type="org.openqa.selenium.NoSuchWindowException" message="Currently focused window has been closed.
Build info: version: &#039;4.0.0-alpha-2&#039;, revision: &#039;f148142cf8&#039;, time: &#039;2019-07-01T20:55:26&#039;
System info: host: &#039;ATMECSINLT-283&#039;, ip: &#039;55.55.52.215&#039;, os.name: &#039;Windows 10&#039;, os.arch: &#039;amd64&#039;, os.version: &#039;10.0&#039;, java.version: &#039;1.8.0_221&#039;
Driver info: org.openqa.selenium.ie.InternetExplorerDriver
Capabilities {acceptInsecureCerts: false, browserName: internet explorer, browserVersion: 11, javascriptEnabled: true, pageLoadStrategy: normal, platform: WINDOWS, platformName: WINDOWS, proxy: Proxy(), se:ieOptions: {browserAttachTimeout: 0, elementScrollBehavior: 0, enablePersistentHover: true, ie.browserCommandLineSwitches: , ie.ensureCleanSession: false, ie.fileUploadDialogTimeout: 3000, ie.forceCreateProcessApi: false, ignoreProtectedModeSettings: false, ignoreZoomSetting: false, initialBrowserUrl: http://localhost:2124/, nativeEvents: true, requireWindowFocus: false}, setWindowRect: true, timeouts: {implicit: 0, pageLoad: 300000, script: 30000}}
Session ID: 055d0f1f-16b1-4577-b4c8-1028878473d8
*** Element info: {Using=xpath, value=//div[@id=&#039;footer&#039;]//a[contains(text(),&#039;Senior .NET Engineer&#039;)]}">
      <![CDATA[org.openqa.selenium.NoSuchWindowException: Currently focused window has been closed.
Build info: version: '4.0.0-alpha-2', revision: 'f148142cf8', time: '2019-07-01T20:55:26'
System info: host: 'ATMECSINLT-283', ip: '55.55.52.215', os.name: 'Windows 10', os.arch: 'amd64', os.version: '10.0', java.version: '1.8.0_221'
Driver info: org.openqa.selenium.ie.InternetExplorerDriver
Capabilities {acceptInsecureCerts: false, browserName: internet explorer, browserVersion: 11, javascriptEnabled: true, pageLoadStrategy: normal, platform: WINDOWS, platformName: WINDOWS, proxy: Proxy(), se:ieOptions: {browserAttachTimeout: 0, elementScrollBehavior: 0, enablePersistentHover: true, ie.browserCommandLineSwitches: , ie.ensureCleanSession: false, ie.fileUploadDialogTimeout: 3000, ie.forceCreateProcessApi: false, ignoreProtectedModeSettings: false, ignoreZoomSetting: false, initialBrowserUrl: http://localhost:2124/, nativeEvents: true, requireWindowFocus: false}, setWindowRect: true, timeouts: {implicit: 0, pageLoad: 300000, script: 30000}}
Session ID: 055d0f1f-16b1-4577-b4c8-1028878473d8
*** Element info: {Using=xpath, value=//div[@id='footer']//a[contains(text(),'Senior .NET Engineer')]}
at sun.reflect.NativeConstructorAccessorImpl.newInstance0(Native Method)
at sun.reflect.NativeConstructorAccessorImpl.newInstance(NativeConstructorAccessorImpl.java:62)
at sun.reflect.DelegatingConstructorAccessorImpl.newInstance(DelegatingConstructorAccessorImpl.java:45)
at java.lang.reflect.Constructor.newInstance(Constructor.java:423)
at org.openqa.selenium.remote.codec.w3c.W3CHttpResponseCodec.createException(W3CHttpResponseCodec.java:191)
at org.openqa.selenium.remote.codec.w3c.W3CHttpResponseCodec.decode(W3CHttpResponseCodec.java:125)
at org.openqa.selenium.remote.codec.w3c.W3CHttpResponseCodec.decode(W3CHttpResponseCodec.java:52)
at org.openqa.selenium.remote.HttpCommandExecutor.execute(HttpCommandExecutor.java:161)
at org.openqa.selenium.remote.service.DriverCommandExecutor.execute(DriverCommandExecutor.java:83)
at org.openqa.selenium.remote.RemoteWebDriver.execute(RemoteWebDriver.java:576)
at org.openqa.selenium.remote.RemoteWebDriver.findElement(RemoteWebDriver.java:327)
at org.openqa.selenium.remote.RemoteWebDriver.findElementByXPath(RemoteWebDriver.java:445)
at org.openqa.selenium.By$ByXPath.findElement(By.java:353)
at org.openqa.selenium.remote.RemoteWebDriver.findElement(RemoteWebDriver.java:319)
at com.atmecs.helper.CommonUtility.locatorsType(CommonUtility.java:49)
at com.atmecs.helper.CommonUtility$4.apply(CommonUtility.java:180)
at com.atmecs.helper.CommonUtility$4.apply(CommonUtility.java:1)
at org.openqa.selenium.support.ui.FluentWait.until(FluentWait.java:211)
at com.atmecs.helper.CommonUtility.getText(CommonUtility.java:177)
at com.atmecs.general.AtmecsHomePage.isFooterPresent(AtmecsHomePage.java:80)
at com.atmecs.testscript.AtmecsHomePageScript.validateAboutUsFooter(AtmecsHomePageScript.java:36)
at sun.reflect.NativeMethodAccessorImpl.invoke0(Native Method)
at sun.reflect.NativeMethodAccessorImpl.invoke(NativeMethodAccessorImpl.java:62)
at sun.reflect.DelegatingMethodAccessorImpl.invoke(DelegatingMethodAccessorImpl.java:43)
at java.lang.reflect.Method.invoke(Method.java:498)
at org.testng.internal.MethodInvocationHelper.invokeMethod(MethodInvocationHelper.java:133)
at org.testng.internal.TestInvoker.invokeMethod(TestInvoker.java:584)
at org.testng.internal.TestInvoker.invokeTestMethod(TestInvoker.java:172)
at org.testng.internal.MethodRunner.runInSequence(MethodRunner.java:46)
at org.testng.internal.TestInvoker$MethodInvocationAgent.invoke(TestInvoker.java:804)
at org.testng.internal.TestInvoker.invokeTestMethods(TestInvoker.java:145)
at org.testng.internal.TestMethodWorker.invokeTestMethods(TestMethodWorker.java:146)
at org.testng.internal.TestMethodWorker.run(TestMethodWorker.java:128)
at java.util.ArrayList.forEach(ArrayList.java:1257)
at org.testng.TestRunner.privateRun(TestRunner.java:770)
at org.testng.TestRunner.run(TestRunner.java:591)
at org.testng.SuiteRunner.runTest(SuiteRunner.java:402)
at org.testng.SuiteRunner.runSequentially(SuiteRunner.java:396)
at org.testng.SuiteRunner.privateRun(SuiteRunner.java:355)
at org.testng.SuiteRunner.run(SuiteRunner.java:304)
at org.testng.SuiteRunnerWorker.runSuite(SuiteRunnerWorker.java:53)
at org.testng.SuiteRunnerWorker.run(SuiteRunnerWorker.java:96)
at org.testng.TestNG.runSuitesSequentially(TestNG.java:1180)
at org.testng.TestNG.runSuitesLocally(TestNG.java:1102)
at org.testng.TestNG.runSuites(TestNG.java:1032)
at org.testng.TestNG.run(TestNG.java:1000)
at org.testng.remote.AbstractRemoteTestNG.run(AbstractRemoteTestNG.java:115)
at org.testng.remote.RemoteTestNG.initAndRun(RemoteTestNG.java:251)
at org.testng.remote.RemoteTestNG.main(RemoteTestNG.java:77)
]]>
    </error>
  </testcase> <!-- validateAboutUsFooter -->
  <testcase name="validateAboutUsFooter" time="0.041" classname="com.atmecs.testscript.AtmecsHomePageScript">
    <error type="org.openqa.selenium.NoSuchWindowException" message="Currently focused window has been closed.
Build info: version: &#039;4.0.0-alpha-2&#039;, revision: &#039;f148142cf8&#039;, time: &#039;2019-07-01T20:55:26&#039;
System info: host: &#039;ATMECSINLT-283&#039;, ip: &#039;55.55.52.215&#039;, os.name: &#039;Windows 10&#039;, os.arch: &#039;amd64&#039;, os.version: &#039;10.0&#039;, java.version: &#039;1.8.0_221&#039;
Driver info: org.openqa.selenium.ie.InternetExplorerDriver
Capabilities {acceptInsecureCerts: false, browserName: internet explorer, browserVersion: 11, javascriptEnabled: true, pageLoadStrategy: normal, platform: WINDOWS, platformName: WINDOWS, proxy: Proxy(), se:ieOptions: {browserAttachTimeout: 0, elementScrollBehavior: 0, enablePersistentHover: true, ie.browserCommandLineSwitches: , ie.ensureCleanSession: false, ie.fileUploadDialogTimeout: 3000, ie.forceCreateProcessApi: false, ignoreProtectedModeSettings: false, ignoreZoomSetting: false, initialBrowserUrl: http://localhost:2124/, nativeEvents: true, requireWindowFocus: false}, setWindowRect: true, timeouts: {implicit: 0, pageLoad: 300000, script: 30000}}
Session ID: 055d0f1f-16b1-4577-b4c8-1028878473d8
*** Element info: {Using=xpath, value=//div[@id=&#039;footer&#039;]//a[contains(text(),&#039;Mobile Computing&#039;)]}">
      <![CDATA[org.openqa.selenium.NoSuchWindowException: Currently focused window has been closed.
Build info: version: '4.0.0-alpha-2', revision: 'f148142cf8', time: '2019-07-01T20:55:26'
System info: host: 'ATMECSINLT-283', ip: '55.55.52.215', os.name: 'Windows 10', os.arch: 'amd64', os.version: '10.0', java.version: '1.8.0_221'
Driver info: org.openqa.selenium.ie.InternetExplorerDriver
Capabilities {acceptInsecureCerts: false, browserName: internet explorer, browserVersion: 11, javascriptEnabled: true, pageLoadStrategy: normal, platform: WINDOWS, platformName: WINDOWS, proxy: Proxy(), se:ieOptions: {browserAttachTimeout: 0, elementScrollBehavior: 0, enablePersistentHover: true, ie.browserCommandLineSwitches: , ie.ensureCleanSession: false, ie.fileUploadDialogTimeout: 3000, ie.forceCreateProcessApi: false, ignoreProtectedModeSettings: false, ignoreZoomSetting: false, initialBrowserUrl: http://localhost:2124/, nativeEvents: true, requireWindowFocus: false}, setWindowRect: true, timeouts: {implicit: 0, pageLoad: 300000, script: 30000}}
Session ID: 055d0f1f-16b1-4577-b4c8-1028878473d8
*** Element info: {Using=xpath, value=//div[@id='footer']//a[contains(text(),'Mobile Computing')]}
at sun.reflect.GeneratedConstructorAccessor25.newInstance(Unknown Source)
at sun.reflect.DelegatingConstructorAccessorImpl.newInstance(DelegatingConstructorAccessorImpl.java:45)
at java.lang.reflect.Constructor.newInstance(Constructor.java:423)
at org.openqa.selenium.remote.codec.w3c.W3CHttpResponseCodec.createException(W3CHttpResponseCodec.java:191)
at org.openqa.selenium.remote.codec.w3c.W3CHttpResponseCodec.decode(W3CHttpResponseCodec.java:125)
at org.openqa.selenium.remote.codec.w3c.W3CHttpResponseCodec.decode(W3CHttpResponseCodec.java:52)
at org.openqa.selenium.remote.HttpCommandExecutor.execute(HttpCommandExecutor.java:161)
at org.openqa.selenium.remote.service.DriverCommandExecutor.execute(DriverCommandExecutor.java:83)
at org.openqa.selenium.remote.RemoteWebDriver.execute(RemoteWebDriver.java:576)
at org.openqa.selenium.remote.RemoteWebDriver.findElement(RemoteWebDriver.java:327)
at org.openqa.selenium.remote.RemoteWebDriver.findElementByXPath(RemoteWebDriver.java:445)
at org.openqa.selenium.By$ByXPath.findElement(By.java:353)
at org.openqa.selenium.remote.RemoteWebDriver.findElement(RemoteWebDriver.java:319)
at com.atmecs.helper.CommonUtility.locatorsType(CommonUtility.java:49)
at com.atmecs.helper.CommonUtility$4.apply(CommonUtility.java:180)
at com.atmecs.helper.CommonUtility$4.apply(CommonUtility.java:1)
at org.openqa.selenium.support.ui.FluentWait.until(FluentWait.java:211)
at com.atmecs.helper.CommonUtility.getText(CommonUtility.java:177)
at com.atmecs.general.AtmecsHomePage.isFooterPresent(AtmecsHomePage.java:80)
at com.atmecs.testscript.AtmecsHomePageScript.validateAboutUsFooter(AtmecsHomePageScript.java:36)
at sun.reflect.GeneratedMethodAccessor2.invoke(Unknown Source)
at sun.reflect.DelegatingMethodAccessorImpl.invoke(DelegatingMethodAccessorImpl.java:43)
at java.lang.reflect.Method.invoke(Method.java:498)
at org.testng.internal.MethodInvocationHelper.invokeMethod(MethodInvocationHelper.java:133)
at org.testng.internal.TestInvoker.invokeMethod(TestInvoker.java:584)
at org.testng.internal.TestInvoker.invokeTestMethod(TestInvoker.java:172)
at org.testng.internal.MethodRunner.runInSequence(MethodRunner.java:46)
at org.testng.internal.TestInvoker$MethodInvocationAgent.invoke(TestInvoker.java:804)
at org.testng.internal.TestInvoker.invokeTestMethods(TestInvoker.java:145)
at org.testng.internal.TestMethodWorker.invokeTestMethods(TestMethodWorker.java:146)
at org.testng.internal.TestMethodWorker.run(TestMethodWorker.java:128)
at java.util.ArrayList.forEach(ArrayList.java:1257)
at org.testng.TestRunner.privateRun(TestRunner.java:770)
at org.testng.TestRunner.run(TestRunner.java:591)
at org.testng.SuiteRunner.runTest(SuiteRunner.java:402)
at org.testng.SuiteRunner.runSequentially(SuiteRunner.java:396)
at org.testng.SuiteRunner.privateRun(SuiteRunner.java:355)
at org.testng.SuiteRunner.run(SuiteRunner.java:304)
at org.testng.SuiteRunnerWorker.runSuite(SuiteRunnerWorker.java:53)
at org.testng.SuiteRunnerWorker.run(SuiteRunnerWorker.java:96)
at org.testng.TestNG.runSuitesSequentially(TestNG.java:1180)
at org.testng.TestNG.runSuitesLocally(TestNG.java:1102)
at org.testng.TestNG.runSuites(TestNG.java:1032)
at org.testng.TestNG.run(TestNG.java:1000)
at org.testng.remote.AbstractRemoteTestNG.run(AbstractRemoteTestNG.java:115)
at org.testng.remote.RemoteTestNG.initAndRun(RemoteTestNG.java:251)
at org.testng.remote.RemoteTestNG.main(RemoteTestNG.java:77)
]]>
    </error>
  </testcase> <!-- validateAboutUsFooter -->
  <testcase name="validateAboutUsFooter" time="0.028" classname="com.atmecs.testscript.AtmecsHomePageScript">
    <error type="org.openqa.selenium.NoSuchWindowException" message="Currently focused window has been closed.
Build info: version: &#039;4.0.0-alpha-2&#039;, revision: &#039;f148142cf8&#039;, time: &#039;2019-07-01T20:55:26&#039;
System info: host: &#039;ATMECSINLT-283&#039;, ip: &#039;55.55.52.215&#039;, os.name: &#039;Windows 10&#039;, os.arch: &#039;amd64&#039;, os.version: &#039;10.0&#039;, java.version: &#039;1.8.0_221&#039;
Driver info: org.openqa.selenium.ie.InternetExplorerDriver
Capabilities {acceptInsecureCerts: false, browserName: internet explorer, browserVersion: 11, javascriptEnabled: true, pageLoadStrategy: normal, platform: WINDOWS, platformName: WINDOWS, proxy: Proxy(), se:ieOptions: {browserAttachTimeout: 0, elementScrollBehavior: 0, enablePersistentHover: true, ie.browserCommandLineSwitches: , ie.ensureCleanSession: false, ie.fileUploadDialogTimeout: 3000, ie.forceCreateProcessApi: false, ignoreProtectedModeSettings: false, ignoreZoomSetting: false, initialBrowserUrl: http://localhost:2124/, nativeEvents: true, requireWindowFocus: false}, setWindowRect: true, timeouts: {implicit: 0, pageLoad: 300000, script: 30000}}
Session ID: 055d0f1f-16b1-4577-b4c8-1028878473d8
*** Element info: {Using=xpath, value=//div[@id=&#039;footer&#039;]//a[contains(text(),&#039;Contact Us&#039;)]}">
      <![CDATA[org.openqa.selenium.NoSuchWindowException: Currently focused window has been closed.
Build info: version: '4.0.0-alpha-2', revision: 'f148142cf8', time: '2019-07-01T20:55:26'
System info: host: 'ATMECSINLT-283', ip: '55.55.52.215', os.name: 'Windows 10', os.arch: 'amd64', os.version: '10.0', java.version: '1.8.0_221'
Driver info: org.openqa.selenium.ie.InternetExplorerDriver
Capabilities {acceptInsecureCerts: false, browserName: internet explorer, browserVersion: 11, javascriptEnabled: true, pageLoadStrategy: normal, platform: WINDOWS, platformName: WINDOWS, proxy: Proxy(), se:ieOptions: {browserAttachTimeout: 0, elementScrollBehavior: 0, enablePersistentHover: true, ie.browserCommandLineSwitches: , ie.ensureCleanSession: false, ie.fileUploadDialogTimeout: 3000, ie.forceCreateProcessApi: false, ignoreProtectedModeSettings: false, ignoreZoomSetting: false, initialBrowserUrl: http://localhost:2124/, nativeEvents: true, requireWindowFocus: false}, setWindowRect: true, timeouts: {implicit: 0, pageLoad: 300000, script: 30000}}
Session ID: 055d0f1f-16b1-4577-b4c8-1028878473d8
*** Element info: {Using=xpath, value=//div[@id='footer']//a[contains(text(),'Contact Us')]}
at sun.reflect.NativeConstructorAccessorImpl.newInstance0(Native Method)
at sun.reflect.NativeConstructorAccessorImpl.newInstance(NativeConstructorAccessorImpl.java:62)
at sun.reflect.DelegatingConstructorAccessorImpl.newInstance(DelegatingConstructorAccessorImpl.java:45)
at java.lang.reflect.Constructor.newInstance(Constructor.java:423)
at org.openqa.selenium.remote.codec.w3c.W3CHttpResponseCodec.createException(W3CHttpResponseCodec.java:191)
at org.openqa.selenium.remote.codec.w3c.W3CHttpResponseCodec.decode(W3CHttpResponseCodec.java:125)
at org.openqa.selenium.remote.codec.w3c.W3CHttpResponseCodec.decode(W3CHttpResponseCodec.java:52)
at org.openqa.selenium.remote.HttpCommandExecutor.execute(HttpCommandExecutor.java:161)
at org.openqa.selenium.remote.service.DriverCommandExecutor.execute(DriverCommandExecutor.java:83)
at org.openqa.selenium.remote.RemoteWebDriver.execute(RemoteWebDriver.java:576)
at org.openqa.selenium.remote.RemoteWebDriver.findElement(RemoteWebDriver.java:327)
at org.openqa.selenium.remote.RemoteWebDriver.findElementByXPath(RemoteWebDriver.java:445)
at org.openqa.selenium.By$ByXPath.findElement(By.java:353)
at org.openqa.selenium.remote.RemoteWebDriver.findElement(RemoteWebDriver.java:319)
at com.atmecs.helper.CommonUtility.locatorsType(CommonUtility.java:49)
at com.atmecs.helper.CommonUtility$4.apply(CommonUtility.java:180)
at com.atmecs.helper.CommonUtility$4.apply(CommonUtility.java:1)
at org.openqa.selenium.support.ui.FluentWait.until(FluentWait.java:211)
at com.atmecs.helper.CommonUtility.getText(CommonUtility.java:177)
at com.atmecs.general.AtmecsHomePage.isFooterPresent(AtmecsHomePage.java:80)
at com.atmecs.testscript.AtmecsHomePageScript.validateAboutUsFooter(AtmecsHomePageScript.java:36)
at sun.reflect.NativeMethodAccessorImpl.invoke0(Native Method)
at sun.reflect.NativeMethodAccessorImpl.invoke(NativeMethodAccessorImpl.java:62)
at sun.reflect.DelegatingMethodAccessorImpl.invoke(DelegatingMethodAccessorImpl.java:43)
at java.lang.reflect.Method.invoke(Method.java:498)
at org.testng.internal.MethodInvocationHelper.invokeMethod(MethodInvocationHelper.java:133)
at org.testng.internal.TestInvoker.invokeMethod(TestInvoker.java:584)
at org.testng.internal.TestInvoker.invokeTestMethod(TestInvoker.java:172)
at org.testng.internal.MethodRunner.runInSequence(MethodRunner.java:46)
at org.testng.internal.TestInvoker$MethodInvocationAgent.invoke(TestInvoker.java:804)
at org.testng.internal.TestInvoker.invokeTestMethods(TestInvoker.java:145)
at org.testng.internal.TestMethodWorker.invokeTestMethods(TestMethodWorker.java:146)
at org.testng.internal.TestMethodWorker.run(TestMethodWorker.java:128)
at java.util.ArrayList.forEach(ArrayList.java:1257)
at org.testng.TestRunner.privateRun(TestRunner.java:770)
at org.testng.TestRunner.run(TestRunner.java:591)
at org.testng.SuiteRunner.runTest(SuiteRunner.java:402)
at org.testng.SuiteRunner.runSequentially(SuiteRunner.java:396)
at org.testng.SuiteRunner.privateRun(SuiteRunner.java:355)
at org.testng.SuiteRunner.run(SuiteRunner.java:304)
at org.testng.SuiteRunnerWorker.runSuite(SuiteRunnerWorker.java:53)
at org.testng.SuiteRunnerWorker.run(SuiteRunnerWorker.java:96)
at org.testng.TestNG.runSuitesSequentially(TestNG.java:1180)
at org.testng.TestNG.runSuitesLocally(TestNG.java:1102)
at org.testng.TestNG.runSuites(TestNG.java:1032)
at org.testng.TestNG.run(TestNG.java:1000)
at org.testng.remote.AbstractRemoteTestNG.run(AbstractRemoteTestNG.java:115)
at org.testng.remote.RemoteTestNG.initAndRun(RemoteTestNG.java:251)
at org.testng.remote.RemoteTestNG.main(RemoteTestNG.java:77)
]]>
    </error>
  </testcase> <!-- validateAboutUsFooter -->
  <testcase name="validateAboutUsFooter" time="0.044" classname="com.atmecs.testscript.AtmecsHomePageScript">
    <error type="org.openqa.selenium.NoSuchWindowException" message="Currently focused window has been closed.
Build info: version: &#039;4.0.0-alpha-2&#039;, revision: &#039;f148142cf8&#039;, time: &#039;2019-07-01T20:55:26&#039;
System info: host: &#039;ATMECSINLT-283&#039;, ip: &#039;55.55.52.215&#039;, os.name: &#039;Windows 10&#039;, os.arch: &#039;amd64&#039;, os.version: &#039;10.0&#039;, java.version: &#039;1.8.0_221&#039;
Driver info: org.openqa.selenium.ie.InternetExplorerDriver
Capabilities {acceptInsecureCerts: false, browserName: internet explorer, browserVersion: 11, javascriptEnabled: true, pageLoadStrategy: normal, platform: WINDOWS, platformName: WINDOWS, proxy: Proxy(), se:ieOptions: {browserAttachTimeout: 0, elementScrollBehavior: 0, enablePersistentHover: true, ie.browserCommandLineSwitches: , ie.ensureCleanSession: false, ie.fileUploadDialogTimeout: 3000, ie.forceCreateProcessApi: false, ignoreProtectedModeSettings: false, ignoreZoomSetting: false, initialBrowserUrl: http://localhost:2124/, nativeEvents: true, requireWindowFocus: false}, setWindowRect: true, timeouts: {implicit: 0, pageLoad: 300000, script: 30000}}
Session ID: 055d0f1f-16b1-4577-b4c8-1028878473d8
*** Element info: {Using=xpath, value=//div[@id=&#039;footer&#039;]//a[contains(text(),&#039;US Headquarters&#039;)]}">
      <![CDATA[org.openqa.selenium.NoSuchWindowException: Currently focused window has been closed.
Build info: version: '4.0.0-alpha-2', revision: 'f148142cf8', time: '2019-07-01T20:55:26'
System info: host: 'ATMECSINLT-283', ip: '55.55.52.215', os.name: 'Windows 10', os.arch: 'amd64', os.version: '10.0', java.version: '1.8.0_221'
Driver info: org.openqa.selenium.ie.InternetExplorerDriver
Capabilities {acceptInsecureCerts: false, browserName: internet explorer, browserVersion: 11, javascriptEnabled: true, pageLoadStrategy: normal, platform: WINDOWS, platformName: WINDOWS, proxy: Proxy(), se:ieOptions: {browserAttachTimeout: 0, elementScrollBehavior: 0, enablePersistentHover: true, ie.browserCommandLineSwitches: , ie.ensureCleanSession: false, ie.fileUploadDialogTimeout: 3000, ie.forceCreateProcessApi: false, ignoreProtectedModeSettings: false, ignoreZoomSetting: false, initialBrowserUrl: http://localhost:2124/, nativeEvents: true, requireWindowFocus: false}, setWindowRect: true, timeouts: {implicit: 0, pageLoad: 300000, script: 30000}}
Session ID: 055d0f1f-16b1-4577-b4c8-1028878473d8
*** Element info: {Using=xpath, value=//div[@id='footer']//a[contains(text(),'US Headquarters')]}
at sun.reflect.NativeConstructorAccessorImpl.newInstance0(Native Method)
at sun.reflect.NativeConstructorAccessorImpl.newInstance(NativeConstructorAccessorImpl.java:62)
at sun.reflect.DelegatingConstructorAccessorImpl.newInstance(DelegatingConstructorAccessorImpl.java:45)
at java.lang.reflect.Constructor.newInstance(Constructor.java:423)
at org.openqa.selenium.remote.codec.w3c.W3CHttpResponseCodec.createException(W3CHttpResponseCodec.java:191)
at org.openqa.selenium.remote.codec.w3c.W3CHttpResponseCodec.decode(W3CHttpResponseCodec.java:125)
at org.openqa.selenium.remote.codec.w3c.W3CHttpResponseCodec.decode(W3CHttpResponseCodec.java:52)
at org.openqa.selenium.remote.HttpCommandExecutor.execute(HttpCommandExecutor.java:161)
at org.openqa.selenium.remote.service.DriverCommandExecutor.execute(DriverCommandExecutor.java:83)
at org.openqa.selenium.remote.RemoteWebDriver.execute(RemoteWebDriver.java:576)
at org.openqa.selenium.remote.RemoteWebDriver.findElement(RemoteWebDriver.java:327)
at org.openqa.selenium.remote.RemoteWebDriver.findElementByXPath(RemoteWebDriver.java:445)
at org.openqa.selenium.By$ByXPath.findElement(By.java:353)
at org.openqa.selenium.remote.RemoteWebDriver.findElement(RemoteWebDriver.java:319)
at com.atmecs.helper.CommonUtility.locatorsType(CommonUtility.java:49)
at com.atmecs.helper.CommonUtility$4.apply(CommonUtility.java:180)
at com.atmecs.helper.CommonUtility$4.apply(CommonUtility.java:1)
at org.openqa.selenium.support.ui.FluentWait.until(FluentWait.java:211)
at com.atmecs.helper.CommonUtility.getText(CommonUtility.java:177)
at com.atmecs.general.AtmecsHomePage.isFooterPresent(AtmecsHomePage.java:80)
at com.atmecs.testscript.AtmecsHomePageScript.validateAboutUsFooter(AtmecsHomePageScript.java:36)
at sun.reflect.NativeMethodAccessorImpl.invoke0(Native Method)
at sun.reflect.NativeMethodAccessorImpl.invoke(NativeMethodAccessorImpl.java:62)
at sun.reflect.DelegatingMethodAccessorImpl.invoke(DelegatingMethodAccessorImpl.java:43)
at java.lang.reflect.Method.invoke(Method.java:498)
at org.testng.internal.MethodInvocationHelper.invokeMethod(MethodInvocationHelper.java:133)
at org.testng.internal.TestInvoker.invokeMethod(TestInvoker.java:584)
at org.testng.internal.TestInvoker.invokeTestMethod(TestInvoker.java:172)
at org.testng.internal.MethodRunner.runInSequence(MethodRunner.java:46)
at org.testng.internal.TestInvoker$MethodInvocationAgent.invoke(TestInvoker.java:804)
at org.testng.internal.TestInvoker.invokeTestMethods(TestInvoker.java:145)
at org.testng.internal.TestMethodWorker.invokeTestMethods(TestMethodWorker.java:146)
at org.testng.internal.TestMethodWorker.run(TestMethodWorker.java:128)
at java.util.ArrayList.forEach(ArrayList.java:1257)
at org.testng.TestRunner.privateRun(TestRunner.java:770)
at org.testng.TestRunner.run(TestRunner.java:591)
at org.testng.SuiteRunner.runTest(SuiteRunner.java:402)
at org.testng.SuiteRunner.runSequentially(SuiteRunner.java:396)
at org.testng.SuiteRunner.privateRun(SuiteRunner.java:355)
at org.testng.SuiteRunner.run(SuiteRunner.java:304)
at org.testng.SuiteRunnerWorker.runSuite(SuiteRunnerWorker.java:53)
at org.testng.SuiteRunnerWorker.run(SuiteRunnerWorker.java:96)
at org.testng.TestNG.runSuitesSequentially(TestNG.java:1180)
at org.testng.TestNG.runSuitesLocally(TestNG.java:1102)
at org.testng.TestNG.runSuites(TestNG.java:1032)
at org.testng.TestNG.run(TestNG.java:1000)
at org.testng.remote.AbstractRemoteTestNG.run(AbstractRemoteTestNG.java:115)
at org.testng.remote.RemoteTestNG.initAndRun(RemoteTestNG.java:251)
at org.testng.remote.RemoteTestNG.main(RemoteTestNG.java:77)
]]>
    </error>
  </testcase> <!-- validateAboutUsFooter -->
  <testcase name="validateAboutUsFooter" time="0.061" classname="com.atmecs.testscript.AtmecsHomePageScript">
    <error type="org.openqa.selenium.NoSuchWindowException" message="Currently focused window has been closed.
Build info: version: &#039;4.0.0-alpha-2&#039;, revision: &#039;f148142cf8&#039;, time: &#039;2019-07-01T20:55:26&#039;
System info: host: &#039;ATMECSINLT-283&#039;, ip: &#039;55.55.52.215&#039;, os.name: &#039;Windows 10&#039;, os.arch: &#039;amd64&#039;, os.version: &#039;10.0&#039;, java.version: &#039;1.8.0_221&#039;
Driver info: org.openqa.selenium.ie.InternetExplorerDriver
Capabilities {acceptInsecureCerts: false, browserName: internet explorer, browserVersion: 11, javascriptEnabled: true, pageLoadStrategy: normal, platform: WINDOWS, platformName: WINDOWS, proxy: Proxy(), se:ieOptions: {browserAttachTimeout: 0, elementScrollBehavior: 0, enablePersistentHover: true, ie.browserCommandLineSwitches: , ie.ensureCleanSession: false, ie.fileUploadDialogTimeout: 3000, ie.forceCreateProcessApi: false, ignoreProtectedModeSettings: false, ignoreZoomSetting: false, initialBrowserUrl: http://localhost:2124/, nativeEvents: true, requireWindowFocus: false}, setWindowRect: true, timeouts: {implicit: 0, pageLoad: 300000, script: 30000}}
Session ID: 055d0f1f-16b1-4577-b4c8-1028878473d8
*** Element info: {Using=xpath, value=//div[@id=&#039;footer&#039;]//a[contains(text(),&#039;India – Bangalore&#039;)]}">
      <![CDATA[org.openqa.selenium.NoSuchWindowException: Currently focused window has been closed.
Build info: version: '4.0.0-alpha-2', revision: 'f148142cf8', time: '2019-07-01T20:55:26'
System info: host: 'ATMECSINLT-283', ip: '55.55.52.215', os.name: 'Windows 10', os.arch: 'amd64', os.version: '10.0', java.version: '1.8.0_221'
Driver info: org.openqa.selenium.ie.InternetExplorerDriver
Capabilities {acceptInsecureCerts: false, browserName: internet explorer, browserVersion: 11, javascriptEnabled: true, pageLoadStrategy: normal, platform: WINDOWS, platformName: WINDOWS, proxy: Proxy(), se:ieOptions: {browserAttachTimeout: 0, elementScrollBehavior: 0, enablePersistentHover: true, ie.browserCommandLineSwitches: , ie.ensureCleanSession: false, ie.fileUploadDialogTimeout: 3000, ie.forceCreateProcessApi: false, ignoreProtectedModeSettings: false, ignoreZoomSetting: false, initialBrowserUrl: http://localhost:2124/, nativeEvents: true, requireWindowFocus: false}, setWindowRect: true, timeouts: {implicit: 0, pageLoad: 300000, script: 30000}}
Session ID: 055d0f1f-16b1-4577-b4c8-1028878473d8
*** Element info: {Using=xpath, value=//div[@id='footer']//a[contains(text(),'India – Bangalore')]}
at sun.reflect.GeneratedConstructorAccessor25.newInstance(Unknown Source)
at sun.reflect.DelegatingConstructorAccessorImpl.newInstance(DelegatingConstructorAccessorImpl.java:45)
at java.lang.reflect.Constructor.newInstance(Constructor.java:423)
at org.openqa.selenium.remote.codec.w3c.W3CHttpResponseCodec.createException(W3CHttpResponseCodec.java:191)
at org.openqa.selenium.remote.codec.w3c.W3CHttpResponseCodec.decode(W3CHttpResponseCodec.java:125)
at org.openqa.selenium.remote.codec.w3c.W3CHttpResponseCodec.decode(W3CHttpResponseCodec.java:52)
at org.openqa.selenium.remote.HttpCommandExecutor.execute(HttpCommandExecutor.java:161)
at org.openqa.selenium.remote.service.DriverCommandExecutor.execute(DriverCommandExecutor.java:83)
at org.openqa.selenium.remote.RemoteWebDriver.execute(RemoteWebDriver.java:576)
at org.openqa.selenium.remote.RemoteWebDriver.findElement(RemoteWebDriver.java:327)
at org.openqa.selenium.remote.RemoteWebDriver.findElementByXPath(RemoteWebDriver.java:445)
at org.openqa.selenium.By$ByXPath.findElement(By.java:353)
at org.openqa.selenium.remote.RemoteWebDriver.findElement(RemoteWebDriver.java:319)
at com.atmecs.helper.CommonUtility.locatorsType(CommonUtility.java:49)
at com.atmecs.helper.CommonUtility$4.apply(CommonUtility.java:180)
at com.atmecs.helper.CommonUtility$4.apply(CommonUtility.java:1)
at org.openqa.selenium.support.ui.FluentWait.until(FluentWait.java:211)
at com.atmecs.helper.CommonUtility.getText(CommonUtility.java:177)
at com.atmecs.general.AtmecsHomePage.isFooterPresent(AtmecsHomePage.java:80)
at com.atmecs.testscript.AtmecsHomePageScript.validateAboutUsFooter(AtmecsHomePageScript.java:36)
at sun.reflect.GeneratedMethodAccessor2.invoke(Unknown Source)
at sun.reflect.DelegatingMethodAccessorImpl.invoke(DelegatingMethodAccessorImpl.java:43)
at java.lang.reflect.Method.invoke(Method.java:498)
at org.testng.internal.MethodInvocationHelper.invokeMethod(MethodInvocationHelper.java:133)
at org.testng.internal.TestInvoker.invokeMethod(TestInvoker.java:584)
at org.testng.internal.TestInvoker.invokeTestMethod(TestInvoker.java:172)
at org.testng.internal.MethodRunner.runInSequence(MethodRunner.java:46)
at org.testng.internal.TestInvoker$MethodInvocationAgent.invoke(TestInvoker.java:804)
at org.testng.internal.TestInvoker.invokeTestMethods(TestInvoker.java:145)
at org.testng.internal.TestMethodWorker.invokeTestMethods(TestMethodWorker.java:146)
at org.testng.internal.TestMethodWorker.run(TestMethodWorker.java:128)
at java.util.ArrayList.forEach(ArrayList.java:1257)
at org.testng.TestRunner.privateRun(TestRunner.java:770)
at org.testng.TestRunner.run(TestRunner.java:591)
at org.testng.SuiteRunner.runTest(SuiteRunner.java:402)
at org.testng.SuiteRunner.runSequentially(SuiteRunner.java:396)
at org.testng.SuiteRunner.privateRun(SuiteRunner.java:355)
at org.testng.SuiteRunner.run(SuiteRunner.java:304)
at org.testng.SuiteRunnerWorker.runSuite(SuiteRunnerWorker.java:53)
at org.testng.SuiteRunnerWorker.run(SuiteRunnerWorker.java:96)
at org.testng.TestNG.runSuitesSequentially(TestNG.java:1180)
at org.testng.TestNG.runSuitesLocally(TestNG.java:1102)
at org.testng.TestNG.runSuites(TestNG.java:1032)
at org.testng.TestNG.run(TestNG.java:1000)
at org.testng.remote.AbstractRemoteTestNG.run(AbstractRemoteTestNG.java:115)
at org.testng.remote.RemoteTestNG.initAndRun(RemoteTestNG.java:251)
at org.testng.remote.RemoteTestNG.main(RemoteTestNG.java:77)
]]>
    </error>
  </testcase> <!-- validateAboutUsFooter -->
  <testcase name="validateAboutUsFooter" time="0.020" classname="com.atmecs.testscript.AtmecsHomePageScript">
    <error type="org.openqa.selenium.NoSuchWindowException" message="Currently focused window has been closed.
Build info: version: &#039;4.0.0-alpha-2&#039;, revision: &#039;f148142cf8&#039;, time: &#039;2019-07-01T20:55:26&#039;
System info: host: &#039;ATMECSINLT-283&#039;, ip: &#039;55.55.52.215&#039;, os.name: &#039;Windows 10&#039;, os.arch: &#039;amd64&#039;, os.version: &#039;10.0&#039;, java.version: &#039;1.8.0_221&#039;
Driver info: org.openqa.selenium.ie.InternetExplorerDriver
Capabilities {acceptInsecureCerts: false, browserName: internet explorer, browserVersion: 11, javascriptEnabled: true, pageLoadStrategy: normal, platform: WINDOWS, platformName: WINDOWS, proxy: Proxy(), se:ieOptions: {browserAttachTimeout: 0, elementScrollBehavior: 0, enablePersistentHover: true, ie.browserCommandLineSwitches: , ie.ensureCleanSession: false, ie.fileUploadDialogTimeout: 3000, ie.forceCreateProcessApi: false, ignoreProtectedModeSettings: false, ignoreZoomSetting: false, initialBrowserUrl: http://localhost:2124/, nativeEvents: true, requireWindowFocus: false}, setWindowRect: true, timeouts: {implicit: 0, pageLoad: 300000, script: 30000}}
Session ID: 055d0f1f-16b1-4577-b4c8-1028878473d8
*** Element info: {Using=xpath, value=//div[@id=&#039;footer&#039;]//a[contains(text(),&#039;Contact Us&#039;)]}">
      <![CDATA[org.openqa.selenium.NoSuchWindowException: Currently focused window has been closed.
Build info: version: '4.0.0-alpha-2', revision: 'f148142cf8', time: '2019-07-01T20:55:26'
System info: host: 'ATMECSINLT-283', ip: '55.55.52.215', os.name: 'Windows 10', os.arch: 'amd64', os.version: '10.0', java.version: '1.8.0_221'
Driver info: org.openqa.selenium.ie.InternetExplorerDriver
Capabilities {acceptInsecureCerts: false, browserName: internet explorer, browserVersion: 11, javascriptEnabled: true, pageLoadStrategy: normal, platform: WINDOWS, platformName: WINDOWS, proxy: Proxy(), se:ieOptions: {browserAttachTimeout: 0, elementScrollBehavior: 0, enablePersistentHover: true, ie.browserCommandLineSwitches: , ie.ensureCleanSession: false, ie.fileUploadDialogTimeout: 3000, ie.forceCreateProcessApi: false, ignoreProtectedModeSettings: false, ignoreZoomSetting: false, initialBrowserUrl: http://localhost:2124/, nativeEvents: true, requireWindowFocus: false}, setWindowRect: true, timeouts: {implicit: 0, pageLoad: 300000, script: 30000}}
Session ID: 055d0f1f-16b1-4577-b4c8-1028878473d8
*** Element info: {Using=xpath, value=//div[@id='footer']//a[contains(text(),'Contact Us')]}
at sun.reflect.NativeConstructorAccessorImpl.newInstance0(Native Method)
at sun.reflect.NativeConstructorAccessorImpl.newInstance(NativeConstructorAccessorImpl.java:62)
at sun.reflect.DelegatingConstructorAccessorImpl.newInstance(DelegatingConstructorAccessorImpl.java:45)
at java.lang.reflect.Constructor.newInstance(Constructor.java:423)
at org.openqa.selenium.remote.codec.w3c.W3CHttpResponseCodec.createException(W3CHttpResponseCodec.java:191)
at org.openqa.selenium.remote.codec.w3c.W3CHttpResponseCodec.decode(W3CHttpResponseCodec.java:125)
at org.openqa.selenium.remote.codec.w3c.W3CHttpResponseCodec.decode(W3CHttpResponseCodec.java:52)
at org.openqa.selenium.remote.HttpCommandExecutor.execute(HttpCommandExecutor.java:161)
at org.openqa.selenium.remote.service.DriverCommandExecutor.execute(DriverCommandExecutor.java:83)
at org.openqa.selenium.remote.RemoteWebDriver.execute(RemoteWebDriver.java:576)
at org.openqa.selenium.remote.RemoteWebDriver.findElement(RemoteWebDriver.java:327)
at org.openqa.selenium.remote.RemoteWebDriver.findElementByXPath(RemoteWebDriver.java:445)
at org.openqa.selenium.By$ByXPath.findElement(By.java:353)
at org.openqa.selenium.remote.RemoteWebDriver.findElement(RemoteWebDriver.java:319)
at com.atmecs.helper.CommonUtility.locatorsType(CommonUtility.java:49)
at com.atmecs.helper.CommonUtility$4.apply(CommonUtility.java:180)
at com.atmecs.helper.CommonUtility$4.apply(CommonUtility.java:1)
at org.openqa.selenium.support.ui.FluentWait.until(FluentWait.java:211)
at com.atmecs.helper.CommonUtility.getText(CommonUtility.java:177)
at com.atmecs.general.AtmecsHomePage.isFooterPresent(AtmecsHomePage.java:80)
at com.atmecs.testscript.AtmecsHomePageScript.validateAboutUsFooter(AtmecsHomePageScript.java:36)
at sun.reflect.NativeMethodAccessorImpl.invoke0(Native Method)
at sun.reflect.NativeMethodAccessorImpl.invoke(NativeMethodAccessorImpl.java:62)
at sun.reflect.DelegatingMethodAccessorImpl.invoke(DelegatingMethodAccessorImpl.java:43)
at java.lang.reflect.Method.invoke(Method.java:498)
at org.testng.internal.MethodInvocationHelper.invokeMethod(MethodInvocationHelper.java:133)
at org.testng.internal.TestInvoker.invokeMethod(TestInvoker.java:584)
at org.testng.internal.TestInvoker.invokeTestMethod(TestInvoker.java:172)
at org.testng.internal.MethodRunner.runInSequence(MethodRunner.java:46)
at org.testng.internal.TestInvoker$MethodInvocationAgent.invoke(TestInvoker.java:804)
at org.testng.internal.TestInvoker.invokeTestMethods(TestInvoker.java:145)
at org.testng.internal.TestMethodWorker.invokeTestMethods(TestMethodWorker.java:146)
at org.testng.internal.TestMethodWorker.run(TestMethodWorker.java:128)
at java.util.ArrayList.forEach(ArrayList.java:1257)
at org.testng.TestRunner.privateRun(TestRunner.java:770)
at org.testng.TestRunner.run(TestRunner.java:591)
at org.testng.SuiteRunner.runTest(SuiteRunner.java:402)
at org.testng.SuiteRunner.runSequentially(SuiteRunner.java:396)
at org.testng.SuiteRunner.privateRun(SuiteRunner.java:355)
at org.testng.SuiteRunner.run(SuiteRunner.java:304)
at org.testng.SuiteRunnerWorker.runSuite(SuiteRunnerWorker.java:53)
at org.testng.SuiteRunnerWorker.run(SuiteRunnerWorker.java:96)
at org.testng.TestNG.runSuitesSequentially(TestNG.java:1180)
at org.testng.TestNG.runSuitesLocally(TestNG.java:1102)
at org.testng.TestNG.runSuites(TestNG.java:1032)
at org.testng.TestNG.run(TestNG.java:1000)
at org.testng.remote.AbstractRemoteTestNG.run(AbstractRemoteTestNG.java:115)
at org.testng.remote.RemoteTestNG.initAndRun(RemoteTestNG.java:251)
at org.testng.remote.RemoteTestNG.main(RemoteTestNG.java:77)
]]>
    </error>
  </testcase> <!-- validateAboutUsFooter -->
  <testcase name="validateAboutUsFooter" time="0.067" classname="com.atmecs.testscript.AtmecsHomePageScript">
    <error type="org.openqa.selenium.NoSuchWindowException" message="Currently focused window has been closed.
Build info: version: &#039;4.0.0-alpha-2&#039;, revision: &#039;f148142cf8&#039;, time: &#039;2019-07-01T20:55:26&#039;
System info: host: &#039;ATMECSINLT-283&#039;, ip: &#039;55.55.52.215&#039;, os.name: &#039;Windows 10&#039;, os.arch: &#039;amd64&#039;, os.version: &#039;10.0&#039;, java.version: &#039;1.8.0_221&#039;
Driver info: org.openqa.selenium.ie.InternetExplorerDriver
Capabilities {acceptInsecureCerts: false, browserName: internet explorer, browserVersion: 11, javascriptEnabled: true, pageLoadStrategy: normal, platform: WINDOWS, platformName: WINDOWS, proxy: Proxy(), se:ieOptions: {browserAttachTimeout: 0, elementScrollBehavior: 0, enablePersistentHover: true, ie.browserCommandLineSwitches: , ie.ensureCleanSession: false, ie.fileUploadDialogTimeout: 3000, ie.forceCreateProcessApi: false, ignoreProtectedModeSettings: false, ignoreZoomSetting: false, initialBrowserUrl: http://localhost:2124/, nativeEvents: true, requireWindowFocus: false}, setWindowRect: true, timeouts: {implicit: 0, pageLoad: 300000, script: 30000}}
Session ID: 055d0f1f-16b1-4577-b4c8-1028878473d8
*** Element info: {Using=xpath, value=//div[@id=&#039;footer&#039;]//a[contains(text(),&#039;Europe – Ireland&#039;)]}">
      <![CDATA[org.openqa.selenium.NoSuchWindowException: Currently focused window has been closed.
Build info: version: '4.0.0-alpha-2', revision: 'f148142cf8', time: '2019-07-01T20:55:26'
System info: host: 'ATMECSINLT-283', ip: '55.55.52.215', os.name: 'Windows 10', os.arch: 'amd64', os.version: '10.0', java.version: '1.8.0_221'
Driver info: org.openqa.selenium.ie.InternetExplorerDriver
Capabilities {acceptInsecureCerts: false, browserName: internet explorer, browserVersion: 11, javascriptEnabled: true, pageLoadStrategy: normal, platform: WINDOWS, platformName: WINDOWS, proxy: Proxy(), se:ieOptions: {browserAttachTimeout: 0, elementScrollBehavior: 0, enablePersistentHover: true, ie.browserCommandLineSwitches: , ie.ensureCleanSession: false, ie.fileUploadDialogTimeout: 3000, ie.forceCreateProcessApi: false, ignoreProtectedModeSettings: false, ignoreZoomSetting: false, initialBrowserUrl: http://localhost:2124/, nativeEvents: true, requireWindowFocus: false}, setWindowRect: true, timeouts: {implicit: 0, pageLoad: 300000, script: 30000}}
Session ID: 055d0f1f-16b1-4577-b4c8-1028878473d8
*** Element info: {Using=xpath, value=//div[@id='footer']//a[contains(text(),'Europe – Ireland')]}
at sun.reflect.GeneratedConstructorAccessor25.newInstance(Unknown Source)
at sun.reflect.DelegatingConstructorAccessorImpl.newInstance(DelegatingConstructorAccessorImpl.java:45)
at java.lang.reflect.Constructor.newInstance(Constructor.java:423)
at org.openqa.selenium.remote.codec.w3c.W3CHttpResponseCodec.createException(W3CHttpResponseCodec.java:191)
at org.openqa.selenium.remote.codec.w3c.W3CHttpResponseCodec.decode(W3CHttpResponseCodec.java:125)
at org.openqa.selenium.remote.codec.w3c.W3CHttpResponseCodec.decode(W3CHttpResponseCodec.java:52)
at org.openqa.selenium.remote.HttpCommandExecutor.execute(HttpCommandExecutor.java:161)
at org.openqa.selenium.remote.service.DriverCommandExecutor.execute(DriverCommandExecutor.java:83)
at org.openqa.selenium.remote.RemoteWebDriver.execute(RemoteWebDriver.java:576)
at org.openqa.selenium.remote.RemoteWebDriver.findElement(RemoteWebDriver.java:327)
at org.openqa.selenium.remote.RemoteWebDriver.findElementByXPath(RemoteWebDriver.java:445)
at org.openqa.selenium.By$ByXPath.findElement(By.java:353)
at org.openqa.selenium.remote.RemoteWebDriver.findElement(RemoteWebDriver.java:319)
at com.atmecs.helper.CommonUtility.locatorsType(CommonUtility.java:49)
at com.atmecs.helper.CommonUtility$4.apply(CommonUtility.java:180)
at com.atmecs.helper.CommonUtility$4.apply(CommonUtility.java:1)
at org.openqa.selenium.support.ui.FluentWait.until(FluentWait.java:211)
at com.atmecs.helper.CommonUtility.getText(CommonUtility.java:177)
at com.atmecs.general.AtmecsHomePage.isFooterPresent(AtmecsHomePage.java:80)
at com.atmecs.testscript.AtmecsHomePageScript.validateAboutUsFooter(AtmecsHomePageScript.java:36)
at sun.reflect.GeneratedMethodAccessor2.invoke(Unknown Source)
at sun.reflect.DelegatingMethodAccessorImpl.invoke(DelegatingMethodAccessorImpl.java:43)
at java.lang.reflect.Method.invoke(Method.java:498)
at org.testng.internal.MethodInvocationHelper.invokeMethod(MethodInvocationHelper.java:133)
at org.testng.internal.TestInvoker.invokeMethod(TestInvoker.java:584)
at org.testng.internal.TestInvoker.invokeTestMethod(TestInvoker.java:172)
at org.testng.internal.MethodRunner.runInSequence(MethodRunner.java:46)
at org.testng.internal.TestInvoker$MethodInvocationAgent.invoke(TestInvoker.java:804)
at org.testng.internal.TestInvoker.invokeTestMethods(TestInvoker.java:145)
at org.testng.internal.TestMethodWorker.invokeTestMethods(TestMethodWorker.java:146)
at org.testng.internal.TestMethodWorker.run(TestMethodWorker.java:128)
at java.util.ArrayList.forEach(ArrayList.java:1257)
at org.testng.TestRunner.privateRun(TestRunner.java:770)
at org.testng.TestRunner.run(TestRunner.java:591)
at org.testng.SuiteRunner.runTest(SuiteRunner.java:402)
at org.testng.SuiteRunner.runSequentially(SuiteRunner.java:396)
at org.testng.SuiteRunner.privateRun(SuiteRunner.java:355)
at org.testng.SuiteRunner.run(SuiteRunner.java:304)
at org.testng.SuiteRunnerWorker.runSuite(SuiteRunnerWorker.java:53)
at org.testng.SuiteRunnerWorker.run(SuiteRunnerWorker.java:96)
at org.testng.TestNG.runSuitesSequentially(TestNG.java:1180)
at org.testng.TestNG.runSuitesLocally(TestNG.java:1102)
at org.testng.TestNG.runSuites(TestNG.java:1032)
at org.testng.TestNG.run(TestNG.java:1000)
at org.testng.remote.AbstractRemoteTestNG.run(AbstractRemoteTestNG.java:115)
at org.testng.remote.RemoteTestNG.initAndRun(RemoteTestNG.java:251)
at org.testng.remote.RemoteTestNG.main(RemoteTestNG.java:77)
]]>
    </error>
  </testcase> <!-- validateAboutUsFooter -->
  <testcase name="validateAboutUsFooter" time="0.046" classname="com.atmecs.testscript.AtmecsHomePageScript">
    <error type="org.openqa.selenium.NoSuchWindowException" message="Currently focused window has been closed.
Build info: version: &#039;4.0.0-alpha-2&#039;, revision: &#039;f148142cf8&#039;, time: &#039;2019-07-01T20:55:26&#039;
System info: host: &#039;ATMECSINLT-283&#039;, ip: &#039;55.55.52.215&#039;, os.name: &#039;Windows 10&#039;, os.arch: &#039;amd64&#039;, os.version: &#039;10.0&#039;, java.version: &#039;1.8.0_221&#039;
Driver info: org.openqa.selenium.ie.InternetExplorerDriver
Capabilities {acceptInsecureCerts: false, browserName: internet explorer, browserVersion: 11, javascriptEnabled: true, pageLoadStrategy: normal, platform: WINDOWS, platformName: WINDOWS, proxy: Proxy(), se:ieOptions: {browserAttachTimeout: 0, elementScrollBehavior: 0, enablePersistentHover: true, ie.browserCommandLineSwitches: , ie.ensureCleanSession: false, ie.fileUploadDialogTimeout: 3000, ie.forceCreateProcessApi: false, ignoreProtectedModeSettings: false, ignoreZoomSetting: false, initialBrowserUrl: http://localhost:2124/, nativeEvents: true, requireWindowFocus: false}, setWindowRect: true, timeouts: {implicit: 0, pageLoad: 300000, script: 30000}}
Session ID: 055d0f1f-16b1-4577-b4c8-1028878473d8
*** Element info: {Using=xpath, value=//div[@id=&#039;footer&#039;]//a[contains(text(),&#039;DevOps Engineer&#039;)]}">
      <![CDATA[org.openqa.selenium.NoSuchWindowException: Currently focused window has been closed.
Build info: version: '4.0.0-alpha-2', revision: 'f148142cf8', time: '2019-07-01T20:55:26'
System info: host: 'ATMECSINLT-283', ip: '55.55.52.215', os.name: 'Windows 10', os.arch: 'amd64', os.version: '10.0', java.version: '1.8.0_221'
Driver info: org.openqa.selenium.ie.InternetExplorerDriver
Capabilities {acceptInsecureCerts: false, browserName: internet explorer, browserVersion: 11, javascriptEnabled: true, pageLoadStrategy: normal, platform: WINDOWS, platformName: WINDOWS, proxy: Proxy(), se:ieOptions: {browserAttachTimeout: 0, elementScrollBehavior: 0, enablePersistentHover: true, ie.browserCommandLineSwitches: , ie.ensureCleanSession: false, ie.fileUploadDialogTimeout: 3000, ie.forceCreateProcessApi: false, ignoreProtectedModeSettings: false, ignoreZoomSetting: false, initialBrowserUrl: http://localhost:2124/, nativeEvents: true, requireWindowFocus: false}, setWindowRect: true, timeouts: {implicit: 0, pageLoad: 300000, script: 30000}}
Session ID: 055d0f1f-16b1-4577-b4c8-1028878473d8
*** Element info: {Using=xpath, value=//div[@id='footer']//a[contains(text(),'DevOps Engineer')]}
at sun.reflect.NativeConstructorAccessorImpl.newInstance0(Native Method)
at sun.reflect.NativeConstructorAccessorImpl.newInstance(NativeConstructorAccessorImpl.java:62)
at sun.reflect.DelegatingConstructorAccessorImpl.newInstance(DelegatingConstructorAccessorImpl.java:45)
at java.lang.reflect.Constructor.newInstance(Constructor.java:423)
at org.openqa.selenium.remote.codec.w3c.W3CHttpResponseCodec.createException(W3CHttpResponseCodec.java:191)
at org.openqa.selenium.remote.codec.w3c.W3CHttpResponseCodec.decode(W3CHttpResponseCodec.java:125)
at org.openqa.selenium.remote.codec.w3c.W3CHttpResponseCodec.decode(W3CHttpResponseCodec.java:52)
at org.openqa.selenium.remote.HttpCommandExecutor.execute(HttpCommandExecutor.java:161)
at org.openqa.selenium.remote.service.DriverCommandExecutor.execute(DriverCommandExecutor.java:83)
at org.openqa.selenium.remote.RemoteWebDriver.execute(RemoteWebDriver.java:576)
at org.openqa.selenium.remote.RemoteWebDriver.findElement(RemoteWebDriver.java:327)
at org.openqa.selenium.remote.RemoteWebDriver.findElementByXPath(RemoteWebDriver.java:445)
at org.openqa.selenium.By$ByXPath.findElement(By.java:353)
at org.openqa.selenium.remote.RemoteWebDriver.findElement(RemoteWebDriver.java:319)
at com.atmecs.helper.CommonUtility.locatorsType(CommonUtility.java:49)
at com.atmecs.helper.CommonUtility$4.apply(CommonUtility.java:180)
at com.atmecs.helper.CommonUtility$4.apply(CommonUtility.java:1)
at org.openqa.selenium.support.ui.FluentWait.until(FluentWait.java:211)
at com.atmecs.helper.CommonUtility.getText(CommonUtility.java:177)
at com.atmecs.general.AtmecsHomePage.isFooterPresent(AtmecsHomePage.java:80)
at com.atmecs.testscript.AtmecsHomePageScript.validateAboutUsFooter(AtmecsHomePageScript.java:36)
at sun.reflect.NativeMethodAccessorImpl.invoke0(Native Method)
at sun.reflect.NativeMethodAccessorImpl.invoke(NativeMethodAccessorImpl.java:62)
at sun.reflect.DelegatingMethodAccessorImpl.invoke(DelegatingMethodAccessorImpl.java:43)
at java.lang.reflect.Method.invoke(Method.java:498)
at org.testng.internal.MethodInvocationHelper.invokeMethod(MethodInvocationHelper.java:133)
at org.testng.internal.TestInvoker.invokeMethod(TestInvoker.java:584)
at org.testng.internal.TestInvoker.invokeTestMethod(TestInvoker.java:172)
at org.testng.internal.MethodRunner.runInSequence(MethodRunner.java:46)
at org.testng.internal.TestInvoker$MethodInvocationAgent.invoke(TestInvoker.java:804)
at org.testng.internal.TestInvoker.invokeTestMethods(TestInvoker.java:145)
at org.testng.internal.TestMethodWorker.invokeTestMethods(TestMethodWorker.java:146)
at org.testng.internal.TestMethodWorker.run(TestMethodWorker.java:128)
at java.util.ArrayList.forEach(ArrayList.java:1257)
at org.testng.TestRunner.privateRun(TestRunner.java:770)
at org.testng.TestRunner.run(TestRunner.java:591)
at org.testng.SuiteRunner.runTest(SuiteRunner.java:402)
at org.testng.SuiteRunner.runSequentially(SuiteRunner.java:396)
at org.testng.SuiteRunner.privateRun(SuiteRunner.java:355)
at org.testng.SuiteRunner.run(SuiteRunner.java:304)
at org.testng.SuiteRunnerWorker.runSuite(SuiteRunnerWorker.java:53)
at org.testng.SuiteRunnerWorker.run(SuiteRunnerWorker.java:96)
at org.testng.TestNG.runSuitesSequentially(TestNG.java:1180)
at org.testng.TestNG.runSuitesLocally(TestNG.java:1102)
at org.testng.TestNG.runSuites(TestNG.java:1032)
at org.testng.TestNG.run(TestNG.java:1000)
at org.testng.remote.AbstractRemoteTestNG.run(AbstractRemoteTestNG.java:115)
at org.testng.remote.RemoteTestNG.initAndRun(RemoteTestNG.java:251)
at org.testng.remote.RemoteTestNG.main(RemoteTestNG.java:77)
]]>
    </error>
  </testcase> <!-- validateAboutUsFooter -->
  <testcase name="validateAboutUsFooter" time="0.048" classname="com.atmecs.testscript.AtmecsHomePageScript">
    <error type="org.openqa.selenium.NoSuchWindowException" message="Currently focused window has been closed.
Build info: version: &#039;4.0.0-alpha-2&#039;, revision: &#039;f148142cf8&#039;, time: &#039;2019-07-01T20:55:26&#039;
System info: host: &#039;ATMECSINLT-283&#039;, ip: &#039;55.55.52.215&#039;, os.name: &#039;Windows 10&#039;, os.arch: &#039;amd64&#039;, os.version: &#039;10.0&#039;, java.version: &#039;1.8.0_221&#039;
Driver info: org.openqa.selenium.ie.InternetExplorerDriver
Capabilities {acceptInsecureCerts: false, browserName: internet explorer, browserVersion: 11, javascriptEnabled: true, pageLoadStrategy: normal, platform: WINDOWS, platformName: WINDOWS, proxy: Proxy(), se:ieOptions: {browserAttachTimeout: 0, elementScrollBehavior: 0, enablePersistentHover: true, ie.browserCommandLineSwitches: , ie.ensureCleanSession: false, ie.fileUploadDialogTimeout: 3000, ie.forceCreateProcessApi: false, ignoreProtectedModeSettings: false, ignoreZoomSetting: false, initialBrowserUrl: http://localhost:2124/, nativeEvents: true, requireWindowFocus: false}, setWindowRect: true, timeouts: {implicit: 0, pageLoad: 300000, script: 30000}}
Session ID: 055d0f1f-16b1-4577-b4c8-1028878473d8
*** Element info: {Using=xpath, value=//div[@id=&#039;footer&#039;]//a[contains(text(),&#039;About Us&#039;)]}">
      <![CDATA[org.openqa.selenium.NoSuchWindowException: Currently focused window has been closed.
Build info: version: '4.0.0-alpha-2', revision: 'f148142cf8', time: '2019-07-01T20:55:26'
System info: host: 'ATMECSINLT-283', ip: '55.55.52.215', os.name: 'Windows 10', os.arch: 'amd64', os.version: '10.0', java.version: '1.8.0_221'
Driver info: org.openqa.selenium.ie.InternetExplorerDriver
Capabilities {acceptInsecureCerts: false, browserName: internet explorer, browserVersion: 11, javascriptEnabled: true, pageLoadStrategy: normal, platform: WINDOWS, platformName: WINDOWS, proxy: Proxy(), se:ieOptions: {browserAttachTimeout: 0, elementScrollBehavior: 0, enablePersistentHover: true, ie.browserCommandLineSwitches: , ie.ensureCleanSession: false, ie.fileUploadDialogTimeout: 3000, ie.forceCreateProcessApi: false, ignoreProtectedModeSettings: false, ignoreZoomSetting: false, initialBrowserUrl: http://localhost:2124/, nativeEvents: true, requireWindowFocus: false}, setWindowRect: true, timeouts: {implicit: 0, pageLoad: 300000, script: 30000}}
Session ID: 055d0f1f-16b1-4577-b4c8-1028878473d8
*** Element info: {Using=xpath, value=//div[@id='footer']//a[contains(text(),'About Us')]}
at sun.reflect.NativeConstructorAccessorImpl.newInstance0(Native Method)
at sun.reflect.NativeConstructorAccessorImpl.newInstance(NativeConstructorAccessorImpl.java:62)
at sun.reflect.DelegatingConstructorAccessorImpl.newInstance(DelegatingConstructorAccessorImpl.java:45)
at java.lang.reflect.Constructor.newInstance(Constructor.java:423)
at org.openqa.selenium.remote.codec.w3c.W3CHttpResponseCodec.createException(W3CHttpResponseCodec.java:191)
at org.openqa.selenium.remote.codec.w3c.W3CHttpResponseCodec.decode(W3CHttpResponseCodec.java:125)
at org.openqa.selenium.remote.codec.w3c.W3CHttpResponseCodec.decode(W3CHttpResponseCodec.java:52)
at org.openqa.selenium.remote.HttpCommandExecutor.execute(HttpCommandExecutor.java:161)
at org.openqa.selenium.remote.service.DriverCommandExecutor.execute(DriverCommandExecutor.java:83)
at org.openqa.selenium.remote.RemoteWebDriver.execute(RemoteWebDriver.java:576)
at org.openqa.selenium.remote.RemoteWebDriver.findElement(RemoteWebDriver.java:327)
at org.openqa.selenium.remote.RemoteWebDriver.findElementByXPath(RemoteWebDriver.java:445)
at org.openqa.selenium.By$ByXPath.findElement(By.java:353)
at org.openqa.selenium.remote.RemoteWebDriver.findElement(RemoteWebDriver.java:319)
at com.atmecs.helper.CommonUtility.locatorsType(CommonUtility.java:49)
at com.atmecs.helper.CommonUtility$4.apply(CommonUtility.java:180)
at com.atmecs.helper.CommonUtility$4.apply(CommonUtility.java:1)
at org.openqa.selenium.support.ui.FluentWait.until(FluentWait.java:211)
at com.atmecs.helper.CommonUtility.getText(CommonUtility.java:177)
at com.atmecs.general.AtmecsHomePage.isFooterPresent(AtmecsHomePage.java:80)
at com.atmecs.testscript.AtmecsHomePageScript.validateAboutUsFooter(AtmecsHomePageScript.java:36)
at sun.reflect.NativeMethodAccessorImpl.invoke0(Native Method)
at sun.reflect.NativeMethodAccessorImpl.invoke(NativeMethodAccessorImpl.java:62)
at sun.reflect.DelegatingMethodAccessorImpl.invoke(DelegatingMethodAccessorImpl.java:43)
at java.lang.reflect.Method.invoke(Method.java:498)
at org.testng.internal.MethodInvocationHelper.invokeMethod(MethodInvocationHelper.java:133)
at org.testng.internal.TestInvoker.invokeMethod(TestInvoker.java:584)
at org.testng.internal.TestInvoker.invokeTestMethod(TestInvoker.java:172)
at org.testng.internal.MethodRunner.runInSequence(MethodRunner.java:46)
at org.testng.internal.TestInvoker$MethodInvocationAgent.invoke(TestInvoker.java:804)
at org.testng.internal.TestInvoker.invokeTestMethods(TestInvoker.java:145)
at org.testng.internal.TestMethodWorker.invokeTestMethods(TestMethodWorker.java:146)
at org.testng.internal.TestMethodWorker.run(TestMethodWorker.java:128)
at java.util.ArrayList.forEach(ArrayList.java:1257)
at org.testng.TestRunner.privateRun(TestRunner.java:770)
at org.testng.TestRunner.run(TestRunner.java:591)
at org.testng.SuiteRunner.runTest(SuiteRunner.java:402)
at org.testng.SuiteRunner.runSequentially(SuiteRunner.java:396)
at org.testng.SuiteRunner.privateRun(SuiteRunner.java:355)
at org.testng.SuiteRunner.run(SuiteRunner.java:304)
at org.testng.SuiteRunnerWorker.runSuite(SuiteRunnerWorker.java:53)
at org.testng.SuiteRunnerWorker.run(SuiteRunnerWorker.java:96)
at org.testng.TestNG.runSuitesSequentially(TestNG.java:1180)
at org.testng.TestNG.runSuitesLocally(TestNG.java:1102)
at org.testng.TestNG.runSuites(TestNG.java:1032)
at org.testng.TestNG.run(TestNG.java:1000)
at org.testng.remote.AbstractRemoteTestNG.run(AbstractRemoteTestNG.java:115)
at org.testng.remote.RemoteTestNG.initAndRun(RemoteTestNG.java:251)
at org.testng.remote.RemoteTestNG.main(RemoteTestNG.java:77)
]]>
    </error>
  </testcase> <!-- validateAboutUsFooter -->
  <testcase name="validateAboutUsFooter" time="0.021" classname="com.atmecs.testscript.AtmecsHomePageScript">
    <error type="org.openqa.selenium.NoSuchWindowException" message="Currently focused window has been closed.
Build info: version: &#039;4.0.0-alpha-2&#039;, revision: &#039;f148142cf8&#039;, time: &#039;2019-07-01T20:55:26&#039;
System info: host: &#039;ATMECSINLT-283&#039;, ip: &#039;55.55.52.215&#039;, os.name: &#039;Windows 10&#039;, os.arch: &#039;amd64&#039;, os.version: &#039;10.0&#039;, java.version: &#039;1.8.0_221&#039;
Driver info: org.openqa.selenium.ie.InternetExplorerDriver
Capabilities {acceptInsecureCerts: false, browserName: internet explorer, browserVersion: 11, javascriptEnabled: true, pageLoadStrategy: normal, platform: WINDOWS, platformName: WINDOWS, proxy: Proxy(), se:ieOptions: {browserAttachTimeout: 0, elementScrollBehavior: 0, enablePersistentHover: true, ie.browserCommandLineSwitches: , ie.ensureCleanSession: false, ie.fileUploadDialogTimeout: 3000, ie.forceCreateProcessApi: false, ignoreProtectedModeSettings: false, ignoreZoomSetting: false, initialBrowserUrl: http://localhost:2124/, nativeEvents: true, requireWindowFocus: false}, setWindowRect: true, timeouts: {implicit: 0, pageLoad: 300000, script: 30000}}
Session ID: 055d0f1f-16b1-4577-b4c8-1028878473d8
*** Element info: {Using=xpath, value=//div[@id=&#039;footer&#039;]//a[contains(text(),&#039;Services&#039;)]}">
      <![CDATA[org.openqa.selenium.NoSuchWindowException: Currently focused window has been closed.
Build info: version: '4.0.0-alpha-2', revision: 'f148142cf8', time: '2019-07-01T20:55:26'
System info: host: 'ATMECSINLT-283', ip: '55.55.52.215', os.name: 'Windows 10', os.arch: 'amd64', os.version: '10.0', java.version: '1.8.0_221'
Driver info: org.openqa.selenium.ie.InternetExplorerDriver
Capabilities {acceptInsecureCerts: false, browserName: internet explorer, browserVersion: 11, javascriptEnabled: true, pageLoadStrategy: normal, platform: WINDOWS, platformName: WINDOWS, proxy: Proxy(), se:ieOptions: {browserAttachTimeout: 0, elementScrollBehavior: 0, enablePersistentHover: true, ie.browserCommandLineSwitches: , ie.ensureCleanSession: false, ie.fileUploadDialogTimeout: 3000, ie.forceCreateProcessApi: false, ignoreProtectedModeSettings: false, ignoreZoomSetting: false, initialBrowserUrl: http://localhost:2124/, nativeEvents: true, requireWindowFocus: false}, setWindowRect: true, timeouts: {implicit: 0, pageLoad: 300000, script: 30000}}
Session ID: 055d0f1f-16b1-4577-b4c8-1028878473d8
*** Element info: {Using=xpath, value=//div[@id='footer']//a[contains(text(),'Services')]}
at sun.reflect.NativeConstructorAccessorImpl.newInstance0(Native Method)
at sun.reflect.NativeConstructorAccessorImpl.newInstance(NativeConstructorAccessorImpl.java:62)
at sun.reflect.DelegatingConstructorAccessorImpl.newInstance(DelegatingConstructorAccessorImpl.java:45)
at java.lang.reflect.Constructor.newInstance(Constructor.java:423)
at org.openqa.selenium.remote.codec.w3c.W3CHttpResponseCodec.createException(W3CHttpResponseCodec.java:191)
at org.openqa.selenium.remote.codec.w3c.W3CHttpResponseCodec.decode(W3CHttpResponseCodec.java:125)
at org.openqa.selenium.remote.codec.w3c.W3CHttpResponseCodec.decode(W3CHttpResponseCodec.java:52)
at org.openqa.selenium.remote.HttpCommandExecutor.execute(HttpCommandExecutor.java:161)
at org.openqa.selenium.remote.service.DriverCommandExecutor.execute(DriverCommandExecutor.java:83)
at org.openqa.selenium.remote.RemoteWebDriver.execute(RemoteWebDriver.java:576)
at org.openqa.selenium.remote.RemoteWebDriver.findElement(RemoteWebDriver.java:327)
at org.openqa.selenium.remote.RemoteWebDriver.findElementByXPath(RemoteWebDriver.java:445)
at org.openqa.selenium.By$ByXPath.findElement(By.java:353)
at org.openqa.selenium.remote.RemoteWebDriver.findElement(RemoteWebDriver.java:319)
at com.atmecs.helper.CommonUtility.locatorsType(CommonUtility.java:49)
at com.atmecs.helper.CommonUtility$4.apply(CommonUtility.java:180)
at com.atmecs.helper.CommonUtility$4.apply(CommonUtility.java:1)
at org.openqa.selenium.support.ui.FluentWait.until(FluentWait.java:211)
at com.atmecs.helper.CommonUtility.getText(CommonUtility.java:177)
at com.atmecs.general.AtmecsHomePage.isFooterPresent(AtmecsHomePage.java:80)
at com.atmecs.testscript.AtmecsHomePageScript.validateAboutUsFooter(AtmecsHomePageScript.java:36)
at sun.reflect.NativeMethodAccessorImpl.invoke0(Native Method)
at sun.reflect.NativeMethodAccessorImpl.invoke(NativeMethodAccessorImpl.java:62)
at sun.reflect.DelegatingMethodAccessorImpl.invoke(DelegatingMethodAccessorImpl.java:43)
at java.lang.reflect.Method.invoke(Method.java:498)
at org.testng.internal.MethodInvocationHelper.invokeMethod(MethodInvocationHelper.java:133)
at org.testng.internal.TestInvoker.invokeMethod(TestInvoker.java:584)
at org.testng.internal.TestInvoker.invokeTestMethod(TestInvoker.java:172)
at org.testng.internal.MethodRunner.runInSequence(MethodRunner.java:46)
at org.testng.internal.TestInvoker$MethodInvocationAgent.invoke(TestInvoker.java:804)
at org.testng.internal.TestInvoker.invokeTestMethods(TestInvoker.java:145)
at org.testng.internal.TestMethodWorker.invokeTestMethods(TestMethodWorker.java:146)
at org.testng.internal.TestMethodWorker.run(TestMethodWorker.java:128)
at java.util.ArrayList.forEach(ArrayList.java:1257)
at org.testng.TestRunner.privateRun(TestRunner.java:770)
at org.testng.TestRunner.run(TestRunner.java:591)
at org.testng.SuiteRunner.runTest(SuiteRunner.java:402)
at org.testng.SuiteRunner.runSequentially(SuiteRunner.java:396)
at org.testng.SuiteRunner.privateRun(SuiteRunner.java:355)
at org.testng.SuiteRunner.run(SuiteRunner.java:304)
at org.testng.SuiteRunnerWorker.runSuite(SuiteRunnerWorker.java:53)
at org.testng.SuiteRunnerWorker.run(SuiteRunnerWorker.java:96)
at org.testng.TestNG.runSuitesSequentially(TestNG.java:1180)
at org.testng.TestNG.runSuitesLocally(TestNG.java:1102)
at org.testng.TestNG.runSuites(TestNG.java:1032)
at org.testng.TestNG.run(TestNG.java:1000)
at org.testng.remote.AbstractRemoteTestNG.run(AbstractRemoteTestNG.java:115)
at org.testng.remote.RemoteTestNG.initAndRun(RemoteTestNG.java:251)
at org.testng.remote.RemoteTestNG.main(RemoteTestNG.java:77)
]]>
    </error>
  </testcase> <!-- validateAboutUsFooter -->
  <testcase name="validateAboutUsFooter" time="0.048" classname="com.atmecs.testscript.AtmecsHomePageScript">
    <error type="org.openqa.selenium.NoSuchWindowException" message="Currently focused window has been closed.
Build info: version: &#039;4.0.0-alpha-2&#039;, revision: &#039;f148142cf8&#039;, time: &#039;2019-07-01T20:55:26&#039;
System info: host: &#039;ATMECSINLT-283&#039;, ip: &#039;55.55.52.215&#039;, os.name: &#039;Windows 10&#039;, os.arch: &#039;amd64&#039;, os.version: &#039;10.0&#039;, java.version: &#039;1.8.0_221&#039;
Driver info: org.openqa.selenium.ie.InternetExplorerDriver
Capabilities {acceptInsecureCerts: false, browserName: internet explorer, browserVersion: 11, javascriptEnabled: true, pageLoadStrategy: normal, platform: WINDOWS, platformName: WINDOWS, proxy: Proxy(), se:ieOptions: {browserAttachTimeout: 0, elementScrollBehavior: 0, enablePersistentHover: true, ie.browserCommandLineSwitches: , ie.ensureCleanSession: false, ie.fileUploadDialogTimeout: 3000, ie.forceCreateProcessApi: false, ignoreProtectedModeSettings: false, ignoreZoomSetting: false, initialBrowserUrl: http://localhost:2124/, nativeEvents: true, requireWindowFocus: false}, setWindowRect: true, timeouts: {implicit: 0, pageLoad: 300000, script: 30000}}
Session ID: 055d0f1f-16b1-4577-b4c8-1028878473d8
*** Element info: {Using=xpath, value=//div[@id=&#039;footer&#039;]//a[contains(text(),&#039;Cloud Services&#039;)]}">
      <![CDATA[org.openqa.selenium.NoSuchWindowException: Currently focused window has been closed.
Build info: version: '4.0.0-alpha-2', revision: 'f148142cf8', time: '2019-07-01T20:55:26'
System info: host: 'ATMECSINLT-283', ip: '55.55.52.215', os.name: 'Windows 10', os.arch: 'amd64', os.version: '10.0', java.version: '1.8.0_221'
Driver info: org.openqa.selenium.ie.InternetExplorerDriver
Capabilities {acceptInsecureCerts: false, browserName: internet explorer, browserVersion: 11, javascriptEnabled: true, pageLoadStrategy: normal, platform: WINDOWS, platformName: WINDOWS, proxy: Proxy(), se:ieOptions: {browserAttachTimeout: 0, elementScrollBehavior: 0, enablePersistentHover: true, ie.browserCommandLineSwitches: , ie.ensureCleanSession: false, ie.fileUploadDialogTimeout: 3000, ie.forceCreateProcessApi: false, ignoreProtectedModeSettings: false, ignoreZoomSetting: false, initialBrowserUrl: http://localhost:2124/, nativeEvents: true, requireWindowFocus: false}, setWindowRect: true, timeouts: {implicit: 0, pageLoad: 300000, script: 30000}}
Session ID: 055d0f1f-16b1-4577-b4c8-1028878473d8
*** Element info: {Using=xpath, value=//div[@id='footer']//a[contains(text(),'Cloud Services')]}
at sun.reflect.GeneratedConstructorAccessor25.newInstance(Unknown Source)
at sun.reflect.DelegatingConstructorAccessorImpl.newInstance(DelegatingConstructorAccessorImpl.java:45)
at java.lang.reflect.Constructor.newInstance(Constructor.java:423)
at org.openqa.selenium.remote.codec.w3c.W3CHttpResponseCodec.createException(W3CHttpResponseCodec.java:191)
at org.openqa.selenium.remote.codec.w3c.W3CHttpResponseCodec.decode(W3CHttpResponseCodec.java:125)
at org.openqa.selenium.remote.codec.w3c.W3CHttpResponseCodec.decode(W3CHttpResponseCodec.java:52)
at org.openqa.selenium.remote.HttpCommandExecutor.execute(HttpCommandExecutor.java:161)
at org.openqa.selenium.remote.service.DriverCommandExecutor.execute(DriverCommandExecutor.java:83)
at org.openqa.selenium.remote.RemoteWebDriver.execute(RemoteWebDriver.java:576)
at org.openqa.selenium.remote.RemoteWebDriver.findElement(RemoteWebDriver.java:327)
at org.openqa.selenium.remote.RemoteWebDriver.findElementByXPath(RemoteWebDriver.java:445)
at org.openqa.selenium.By$ByXPath.findElement(By.java:353)
at org.openqa.selenium.remote.RemoteWebDriver.findElement(RemoteWebDriver.java:319)
at com.atmecs.helper.CommonUtility.locatorsType(CommonUtility.java:49)
at com.atmecs.helper.CommonUtility$4.apply(CommonUtility.java:180)
at com.atmecs.helper.CommonUtility$4.apply(CommonUtility.java:1)
at org.openqa.selenium.support.ui.FluentWait.until(FluentWait.java:211)
at com.atmecs.helper.CommonUtility.getText(CommonUtility.java:177)
at com.atmecs.general.AtmecsHomePage.isFooterPresent(AtmecsHomePage.java:80)
at com.atmecs.testscript.AtmecsHomePageScript.validateAboutUsFooter(AtmecsHomePageScript.java:36)
at sun.reflect.GeneratedMethodAccessor2.invoke(Unknown Source)
at sun.reflect.DelegatingMethodAccessorImpl.invoke(DelegatingMethodAccessorImpl.java:43)
at java.lang.reflect.Method.invoke(Method.java:498)
at org.testng.internal.MethodInvocationHelper.invokeMethod(MethodInvocationHelper.java:133)
at org.testng.internal.TestInvoker.invokeMethod(TestInvoker.java:584)
at org.testng.internal.TestInvoker.invokeTestMethod(TestInvoker.java:172)
at org.testng.internal.MethodRunner.runInSequence(MethodRunner.java:46)
at org.testng.internal.TestInvoker$MethodInvocationAgent.invoke(TestInvoker.java:804)
at org.testng.internal.TestInvoker.invokeTestMethods(TestInvoker.java:145)
at org.testng.internal.TestMethodWorker.invokeTestMethods(TestMethodWorker.java:146)
at org.testng.internal.TestMethodWorker.run(TestMethodWorker.java:128)
at java.util.ArrayList.forEach(ArrayList.java:1257)
at org.testng.TestRunner.privateRun(TestRunner.java:770)
at org.testng.TestRunner.run(TestRunner.java:591)
at org.testng.SuiteRunner.runTest(SuiteRunner.java:402)
at org.testng.SuiteRunner.runSequentially(SuiteRunner.java:396)
at org.testng.SuiteRunner.privateRun(SuiteRunner.java:355)
at org.testng.SuiteRunner.run(SuiteRunner.java:304)
at org.testng.SuiteRunnerWorker.runSuite(SuiteRunnerWorker.java:53)
at org.testng.SuiteRunnerWorker.run(SuiteRunnerWorker.java:96)
at org.testng.TestNG.runSuitesSequentially(TestNG.java:1180)
at org.testng.TestNG.runSuitesLocally(TestNG.java:1102)
at org.testng.TestNG.runSuites(TestNG.java:1032)
at org.testng.TestNG.run(TestNG.java:1000)
at org.testng.remote.AbstractRemoteTestNG.run(AbstractRemoteTestNG.java:115)
at org.testng.remote.RemoteTestNG.initAndRun(RemoteTestNG.java:251)
at org.testng.remote.RemoteTestNG.main(RemoteTestNG.java:77)
]]>
    </error>
  </testcase> <!-- validateAboutUsFooter -->
  <testcase name="validateAboutUsFooter" time="0.031" classname="com.atmecs.testscript.AtmecsHomePageScript">
    <error type="org.openqa.selenium.NoSuchWindowException" message="Currently focused window has been closed.
Build info: version: &#039;4.0.0-alpha-2&#039;, revision: &#039;f148142cf8&#039;, time: &#039;2019-07-01T20:55:26&#039;
System info: host: &#039;ATMECSINLT-283&#039;, ip: &#039;55.55.52.215&#039;, os.name: &#039;Windows 10&#039;, os.arch: &#039;amd64&#039;, os.version: &#039;10.0&#039;, java.version: &#039;1.8.0_221&#039;
Driver info: org.openqa.selenium.ie.InternetExplorerDriver
Capabilities {acceptInsecureCerts: false, browserName: internet explorer, browserVersion: 11, javascriptEnabled: true, pageLoadStrategy: normal, platform: WINDOWS, platformName: WINDOWS, proxy: Proxy(), se:ieOptions: {browserAttachTimeout: 0, elementScrollBehavior: 0, enablePersistentHover: true, ie.browserCommandLineSwitches: , ie.ensureCleanSession: false, ie.fileUploadDialogTimeout: 3000, ie.forceCreateProcessApi: false, ignoreProtectedModeSettings: false, ignoreZoomSetting: false, initialBrowserUrl: http://localhost:2124/, nativeEvents: true, requireWindowFocus: false}, setWindowRect: true, timeouts: {implicit: 0, pageLoad: 300000, script: 30000}}
Session ID: 055d0f1f-16b1-4577-b4c8-1028878473d8
*** Element info: {Using=xpath, value=//div[@id=&#039;footer&#039;]//a[contains(text(),&#039;info@atmecs.com&#039;)]}">
      <![CDATA[org.openqa.selenium.NoSuchWindowException: Currently focused window has been closed.
Build info: version: '4.0.0-alpha-2', revision: 'f148142cf8', time: '2019-07-01T20:55:26'
System info: host: 'ATMECSINLT-283', ip: '55.55.52.215', os.name: 'Windows 10', os.arch: 'amd64', os.version: '10.0', java.version: '1.8.0_221'
Driver info: org.openqa.selenium.ie.InternetExplorerDriver
Capabilities {acceptInsecureCerts: false, browserName: internet explorer, browserVersion: 11, javascriptEnabled: true, pageLoadStrategy: normal, platform: WINDOWS, platformName: WINDOWS, proxy: Proxy(), se:ieOptions: {browserAttachTimeout: 0, elementScrollBehavior: 0, enablePersistentHover: true, ie.browserCommandLineSwitches: , ie.ensureCleanSession: false, ie.fileUploadDialogTimeout: 3000, ie.forceCreateProcessApi: false, ignoreProtectedModeSettings: false, ignoreZoomSetting: false, initialBrowserUrl: http://localhost:2124/, nativeEvents: true, requireWindowFocus: false}, setWindowRect: true, timeouts: {implicit: 0, pageLoad: 300000, script: 30000}}
Session ID: 055d0f1f-16b1-4577-b4c8-1028878473d8
*** Element info: {Using=xpath, value=//div[@id='footer']//a[contains(text(),'info@atmecs.com')]}
at sun.reflect.GeneratedConstructorAccessor25.newInstance(Unknown Source)
at sun.reflect.DelegatingConstructorAccessorImpl.newInstance(DelegatingConstructorAccessorImpl.java:45)
at java.lang.reflect.Constructor.newInstance(Constructor.java:423)
at org.openqa.selenium.remote.codec.w3c.W3CHttpResponseCodec.createException(W3CHttpResponseCodec.java:191)
at org.openqa.selenium.remote.codec.w3c.W3CHttpResponseCodec.decode(W3CHttpResponseCodec.java:125)
at org.openqa.selenium.remote.codec.w3c.W3CHttpResponseCodec.decode(W3CHttpResponseCodec.java:52)
at org.openqa.selenium.remote.HttpCommandExecutor.execute(HttpCommandExecutor.java:161)
at org.openqa.selenium.remote.service.DriverCommandExecutor.execute(DriverCommandExecutor.java:83)
at org.openqa.selenium.remote.RemoteWebDriver.execute(RemoteWebDriver.java:576)
at org.openqa.selenium.remote.RemoteWebDriver.findElement(RemoteWebDriver.java:327)
at org.openqa.selenium.remote.RemoteWebDriver.findElementByXPath(RemoteWebDriver.java:445)
at org.openqa.selenium.By$ByXPath.findElement(By.java:353)
at org.openqa.selenium.remote.RemoteWebDriver.findElement(RemoteWebDriver.java:319)
at com.atmecs.helper.CommonUtility.locatorsType(CommonUtility.java:49)
at com.atmecs.helper.CommonUtility$4.apply(CommonUtility.java:180)
at com.atmecs.helper.CommonUtility$4.apply(CommonUtility.java:1)
at org.openqa.selenium.support.ui.FluentWait.until(FluentWait.java:211)
at com.atmecs.helper.CommonUtility.getText(CommonUtility.java:177)
at com.atmecs.general.AtmecsHomePage.isFooterPresent(AtmecsHomePage.java:80)
at com.atmecs.testscript.AtmecsHomePageScript.validateAboutUsFooter(AtmecsHomePageScript.java:36)
at sun.reflect.GeneratedMethodAccessor2.invoke(Unknown Source)
at sun.reflect.DelegatingMethodAccessorImpl.invoke(DelegatingMethodAccessorImpl.java:43)
at java.lang.reflect.Method.invoke(Method.java:498)
at org.testng.internal.MethodInvocationHelper.invokeMethod(MethodInvocationHelper.java:133)
at org.testng.internal.TestInvoker.invokeMethod(TestInvoker.java:584)
at org.testng.internal.TestInvoker.invokeTestMethod(TestInvoker.java:172)
at org.testng.internal.MethodRunner.runInSequence(MethodRunner.java:46)
at org.testng.internal.TestInvoker$MethodInvocationAgent.invoke(TestInvoker.java:804)
at org.testng.internal.TestInvoker.invokeTestMethods(TestInvoker.java:145)
at org.testng.internal.TestMethodWorker.invokeTestMethods(TestMethodWorker.java:146)
at org.testng.internal.TestMethodWorker.run(TestMethodWorker.java:128)
at java.util.ArrayList.forEach(ArrayList.java:1257)
at org.testng.TestRunner.privateRun(TestRunner.java:770)
at org.testng.TestRunner.run(TestRunner.java:591)
at org.testng.SuiteRunner.runTest(SuiteRunner.java:402)
at org.testng.SuiteRunner.runSequentially(SuiteRunner.java:396)
at org.testng.SuiteRunner.privateRun(SuiteRunner.java:355)
at org.testng.SuiteRunner.run(SuiteRunner.java:304)
at org.testng.SuiteRunnerWorker.runSuite(SuiteRunnerWorker.java:53)
at org.testng.SuiteRunnerWorker.run(SuiteRunnerWorker.java:96)
at org.testng.TestNG.runSuitesSequentially(TestNG.java:1180)
at org.testng.TestNG.runSuitesLocally(TestNG.java:1102)
at org.testng.TestNG.runSuites(TestNG.java:1032)
at org.testng.TestNG.run(TestNG.java:1000)
at org.testng.remote.AbstractRemoteTestNG.run(AbstractRemoteTestNG.java:115)
at org.testng.remote.RemoteTestNG.initAndRun(RemoteTestNG.java:251)
at org.testng.remote.RemoteTestNG.main(RemoteTestNG.java:77)
]]>
    </error>
  </testcase> <!-- validateAboutUsFooter -->
  <testcase name="validateAboutUsFooter" time="0.043" classname="com.atmecs.testscript.AtmecsHomePageScript">
    <error type="org.openqa.selenium.NoSuchWindowException" message="Currently focused window has been closed.
Build info: version: &#039;4.0.0-alpha-2&#039;, revision: &#039;f148142cf8&#039;, time: &#039;2019-07-01T20:55:26&#039;
System info: host: &#039;ATMECSINLT-283&#039;, ip: &#039;55.55.52.215&#039;, os.name: &#039;Windows 10&#039;, os.arch: &#039;amd64&#039;, os.version: &#039;10.0&#039;, java.version: &#039;1.8.0_221&#039;
Driver info: org.openqa.selenium.ie.InternetExplorerDriver
Capabilities {acceptInsecureCerts: false, browserName: internet explorer, browserVersion: 11, javascriptEnabled: true, pageLoadStrategy: normal, platform: WINDOWS, platformName: WINDOWS, proxy: Proxy(), se:ieOptions: {browserAttachTimeout: 0, elementScrollBehavior: 0, enablePersistentHover: true, ie.browserCommandLineSwitches: , ie.ensureCleanSession: false, ie.fileUploadDialogTimeout: 3000, ie.forceCreateProcessApi: false, ignoreProtectedModeSettings: false, ignoreZoomSetting: false, initialBrowserUrl: http://localhost:2124/, nativeEvents: true, requireWindowFocus: false}, setWindowRect: true, timeouts: {implicit: 0, pageLoad: 300000, script: 30000}}
Session ID: 055d0f1f-16b1-4577-b4c8-1028878473d8
*** Element info: {Using=xpath, value=//div[@id=&#039;footer&#039;]//a[contains(text(),&#039;US R&amp;D Center&#039;)]}">
      <![CDATA[org.openqa.selenium.NoSuchWindowException: Currently focused window has been closed.
Build info: version: '4.0.0-alpha-2', revision: 'f148142cf8', time: '2019-07-01T20:55:26'
System info: host: 'ATMECSINLT-283', ip: '55.55.52.215', os.name: 'Windows 10', os.arch: 'amd64', os.version: '10.0', java.version: '1.8.0_221'
Driver info: org.openqa.selenium.ie.InternetExplorerDriver
Capabilities {acceptInsecureCerts: false, browserName: internet explorer, browserVersion: 11, javascriptEnabled: true, pageLoadStrategy: normal, platform: WINDOWS, platformName: WINDOWS, proxy: Proxy(), se:ieOptions: {browserAttachTimeout: 0, elementScrollBehavior: 0, enablePersistentHover: true, ie.browserCommandLineSwitches: , ie.ensureCleanSession: false, ie.fileUploadDialogTimeout: 3000, ie.forceCreateProcessApi: false, ignoreProtectedModeSettings: false, ignoreZoomSetting: false, initialBrowserUrl: http://localhost:2124/, nativeEvents: true, requireWindowFocus: false}, setWindowRect: true, timeouts: {implicit: 0, pageLoad: 300000, script: 30000}}
Session ID: 055d0f1f-16b1-4577-b4c8-1028878473d8
*** Element info: {Using=xpath, value=//div[@id='footer']//a[contains(text(),'US R&D Center')]}
at sun.reflect.GeneratedConstructorAccessor25.newInstance(Unknown Source)
at sun.reflect.DelegatingConstructorAccessorImpl.newInstance(DelegatingConstructorAccessorImpl.java:45)
at java.lang.reflect.Constructor.newInstance(Constructor.java:423)
at org.openqa.selenium.remote.codec.w3c.W3CHttpResponseCodec.createException(W3CHttpResponseCodec.java:191)
at org.openqa.selenium.remote.codec.w3c.W3CHttpResponseCodec.decode(W3CHttpResponseCodec.java:125)
at org.openqa.selenium.remote.codec.w3c.W3CHttpResponseCodec.decode(W3CHttpResponseCodec.java:52)
at org.openqa.selenium.remote.HttpCommandExecutor.execute(HttpCommandExecutor.java:161)
at org.openqa.selenium.remote.service.DriverCommandExecutor.execute(DriverCommandExecutor.java:83)
at org.openqa.selenium.remote.RemoteWebDriver.execute(RemoteWebDriver.java:576)
at org.openqa.selenium.remote.RemoteWebDriver.findElement(RemoteWebDriver.java:327)
at org.openqa.selenium.remote.RemoteWebDriver.findElementByXPath(RemoteWebDriver.java:445)
at org.openqa.selenium.By$ByXPath.findElement(By.java:353)
at org.openqa.selenium.remote.RemoteWebDriver.findElement(RemoteWebDriver.java:319)
at com.atmecs.helper.CommonUtility.locatorsType(CommonUtility.java:49)
at com.atmecs.helper.CommonUtility$4.apply(CommonUtility.java:180)
at com.atmecs.helper.CommonUtility$4.apply(CommonUtility.java:1)
at org.openqa.selenium.support.ui.FluentWait.until(FluentWait.java:211)
at com.atmecs.helper.CommonUtility.getText(CommonUtility.java:177)
at com.atmecs.general.AtmecsHomePage.isFooterPresent(AtmecsHomePage.java:80)
at com.atmecs.testscript.AtmecsHomePageScript.validateAboutUsFooter(AtmecsHomePageScript.java:36)
at sun.reflect.NativeMethodAccessorImpl.invoke0(Native Method)
at sun.reflect.NativeMethodAccessorImpl.invoke(NativeMethodAccessorImpl.java:62)
at sun.reflect.DelegatingMethodAccessorImpl.invoke(DelegatingMethodAccessorImpl.java:43)
at java.lang.reflect.Method.invoke(Method.java:498)
at org.testng.internal.MethodInvocationHelper.invokeMethod(MethodInvocationHelper.java:133)
at org.testng.internal.TestInvoker.invokeMethod(TestInvoker.java:584)
at org.testng.internal.TestInvoker.invokeTestMethod(TestInvoker.java:172)
at org.testng.internal.MethodRunner.runInSequence(MethodRunner.java:46)
at org.testng.internal.TestInvoker$MethodInvocationAgent.invoke(TestInvoker.java:804)
at org.testng.internal.TestInvoker.invokeTestMethods(TestInvoker.java:145)
at org.testng.internal.TestMethodWorker.invokeTestMethods(TestMethodWorker.java:146)
at org.testng.internal.TestMethodWorker.run(TestMethodWorker.java:128)
at java.util.ArrayList.forEach(ArrayList.java:1257)
at org.testng.TestRunner.privateRun(TestRunner.java:770)
at org.testng.TestRunner.run(TestRunner.java:591)
at org.testng.SuiteRunner.runTest(SuiteRunner.java:402)
at org.testng.SuiteRunner.runSequentially(SuiteRunner.java:396)
at org.testng.SuiteRunner.privateRun(SuiteRunner.java:355)
at org.testng.SuiteRunner.run(SuiteRunner.java:304)
at org.testng.SuiteRunnerWorker.runSuite(SuiteRunnerWorker.java:53)
at org.testng.SuiteRunnerWorker.run(SuiteRunnerWorker.java:96)
at org.testng.TestNG.runSuitesSequentially(TestNG.java:1180)
at org.testng.TestNG.runSuitesLocally(TestNG.java:1102)
at org.testng.TestNG.runSuites(TestNG.java:1032)
at org.testng.TestNG.run(TestNG.java:1000)
at org.testng.remote.AbstractRemoteTestNG.run(AbstractRemoteTestNG.java:115)
at org.testng.remote.RemoteTestNG.initAndRun(RemoteTestNG.java:251)
at org.testng.remote.RemoteTestNG.main(RemoteTestNG.java:77)
]]>
    </error>
  </testcase> <!-- validateAboutUsFooter -->
  <testcase name="validateAboutUsFooter" time="0.049" classname="com.atmecs.testscript.AtmecsHomePageScript">
    <error type="org.openqa.selenium.NoSuchWindowException" message="Currently focused window has been closed.
Build info: version: &#039;4.0.0-alpha-2&#039;, revision: &#039;f148142cf8&#039;, time: &#039;2019-07-01T20:55:26&#039;
System info: host: &#039;ATMECSINLT-283&#039;, ip: &#039;55.55.52.215&#039;, os.name: &#039;Windows 10&#039;, os.arch: &#039;amd64&#039;, os.version: &#039;10.0&#039;, java.version: &#039;1.8.0_221&#039;
Driver info: org.openqa.selenium.ie.InternetExplorerDriver
Capabilities {acceptInsecureCerts: false, browserName: internet explorer, browserVersion: 11, javascriptEnabled: true, pageLoadStrategy: normal, platform: WINDOWS, platformName: WINDOWS, proxy: Proxy(), se:ieOptions: {browserAttachTimeout: 0, elementScrollBehavior: 0, enablePersistentHover: true, ie.browserCommandLineSwitches: , ie.ensureCleanSession: false, ie.fileUploadDialogTimeout: 3000, ie.forceCreateProcessApi: false, ignoreProtectedModeSettings: false, ignoreZoomSetting: false, initialBrowserUrl: http://localhost:2124/, nativeEvents: true, requireWindowFocus: false}, setWindowRect: true, timeouts: {implicit: 0, pageLoad: 300000, script: 30000}}
Session ID: 055d0f1f-16b1-4577-b4c8-1028878473d8
*** Element info: {Using=xpath, value=//div[@id=&#039;footer&#039;]//a[contains(text(),&#039;Services&#039;)]}">
      <![CDATA[org.openqa.selenium.NoSuchWindowException: Currently focused window has been closed.
Build info: version: '4.0.0-alpha-2', revision: 'f148142cf8', time: '2019-07-01T20:55:26'
System info: host: 'ATMECSINLT-283', ip: '55.55.52.215', os.name: 'Windows 10', os.arch: 'amd64', os.version: '10.0', java.version: '1.8.0_221'
Driver info: org.openqa.selenium.ie.InternetExplorerDriver
Capabilities {acceptInsecureCerts: false, browserName: internet explorer, browserVersion: 11, javascriptEnabled: true, pageLoadStrategy: normal, platform: WINDOWS, platformName: WINDOWS, proxy: Proxy(), se:ieOptions: {browserAttachTimeout: 0, elementScrollBehavior: 0, enablePersistentHover: true, ie.browserCommandLineSwitches: , ie.ensureCleanSession: false, ie.fileUploadDialogTimeout: 3000, ie.forceCreateProcessApi: false, ignoreProtectedModeSettings: false, ignoreZoomSetting: false, initialBrowserUrl: http://localhost:2124/, nativeEvents: true, requireWindowFocus: false}, setWindowRect: true, timeouts: {implicit: 0, pageLoad: 300000, script: 30000}}
Session ID: 055d0f1f-16b1-4577-b4c8-1028878473d8
*** Element info: {Using=xpath, value=//div[@id='footer']//a[contains(text(),'Services')]}
at sun.reflect.NativeConstructorAccessorImpl.newInstance0(Native Method)
at sun.reflect.NativeConstructorAccessorImpl.newInstance(NativeConstructorAccessorImpl.java:62)
at sun.reflect.DelegatingConstructorAccessorImpl.newInstance(DelegatingConstructorAccessorImpl.java:45)
at java.lang.reflect.Constructor.newInstance(Constructor.java:423)
at org.openqa.selenium.remote.codec.w3c.W3CHttpResponseCodec.createException(W3CHttpResponseCodec.java:191)
at org.openqa.selenium.remote.codec.w3c.W3CHttpResponseCodec.decode(W3CHttpResponseCodec.java:125)
at org.openqa.selenium.remote.codec.w3c.W3CHttpResponseCodec.decode(W3CHttpResponseCodec.java:52)
at org.openqa.selenium.remote.HttpCommandExecutor.execute(HttpCommandExecutor.java:161)
at org.openqa.selenium.remote.service.DriverCommandExecutor.execute(DriverCommandExecutor.java:83)
at org.openqa.selenium.remote.RemoteWebDriver.execute(RemoteWebDriver.java:576)
at org.openqa.selenium.remote.RemoteWebDriver.findElement(RemoteWebDriver.java:327)
at org.openqa.selenium.remote.RemoteWebDriver.findElementByXPath(RemoteWebDriver.java:445)
at org.openqa.selenium.By$ByXPath.findElement(By.java:353)
at org.openqa.selenium.remote.RemoteWebDriver.findElement(RemoteWebDriver.java:319)
at com.atmecs.helper.CommonUtility.locatorsType(CommonUtility.java:49)
at com.atmecs.helper.CommonUtility$4.apply(CommonUtility.java:180)
at com.atmecs.helper.CommonUtility$4.apply(CommonUtility.java:1)
at org.openqa.selenium.support.ui.FluentWait.until(FluentWait.java:211)
at com.atmecs.helper.CommonUtility.getText(CommonUtility.java:177)
at com.atmecs.general.AtmecsHomePage.isFooterPresent(AtmecsHomePage.java:80)
at com.atmecs.testscript.AtmecsHomePageScript.validateAboutUsFooter(AtmecsHomePageScript.java:36)
at sun.reflect.NativeMethodAccessorImpl.invoke0(Native Method)
at sun.reflect.NativeMethodAccessorImpl.invoke(NativeMethodAccessorImpl.java:62)
at sun.reflect.DelegatingMethodAccessorImpl.invoke(DelegatingMethodAccessorImpl.java:43)
at java.lang.reflect.Method.invoke(Method.java:498)
at org.testng.internal.MethodInvocationHelper.invokeMethod(MethodInvocationHelper.java:133)
at org.testng.internal.TestInvoker.invokeMethod(TestInvoker.java:584)
at org.testng.internal.TestInvoker.invokeTestMethod(TestInvoker.java:172)
at org.testng.internal.MethodRunner.runInSequence(MethodRunner.java:46)
at org.testng.internal.TestInvoker$MethodInvocationAgent.invoke(TestInvoker.java:804)
at org.testng.internal.TestInvoker.invokeTestMethods(TestInvoker.java:145)
at org.testng.internal.TestMethodWorker.invokeTestMethods(TestMethodWorker.java:146)
at org.testng.internal.TestMethodWorker.run(TestMethodWorker.java:128)
at java.util.ArrayList.forEach(ArrayList.java:1257)
at org.testng.TestRunner.privateRun(TestRunner.java:770)
at org.testng.TestRunner.run(TestRunner.java:591)
at org.testng.SuiteRunner.runTest(SuiteRunner.java:402)
at org.testng.SuiteRunner.runSequentially(SuiteRunner.java:396)
at org.testng.SuiteRunner.privateRun(SuiteRunner.java:355)
at org.testng.SuiteRunner.run(SuiteRunner.java:304)
at org.testng.SuiteRunnerWorker.runSuite(SuiteRunnerWorker.java:53)
at org.testng.SuiteRunnerWorker.run(SuiteRunnerWorker.java:96)
at org.testng.TestNG.runSuitesSequentially(TestNG.java:1180)
at org.testng.TestNG.runSuitesLocally(TestNG.java:1102)
at org.testng.TestNG.runSuites(TestNG.java:1032)
at org.testng.TestNG.run(TestNG.java:1000)
at org.testng.remote.AbstractRemoteTestNG.run(AbstractRemoteTestNG.java:115)
at org.testng.remote.RemoteTestNG.initAndRun(RemoteTestNG.java:251)
at org.testng.remote.RemoteTestNG.main(RemoteTestNG.java:77)
]]>
    </error>
  </testcase> <!-- validateAboutUsFooter -->
  <testcase name="validateAboutUsFooter" time="0.025" classname="com.atmecs.testscript.AtmecsHomePageScript">
    <error type="org.openqa.selenium.NoSuchWindowException" message="Currently focused window has been closed.
Build info: version: &#039;4.0.0-alpha-2&#039;, revision: &#039;f148142cf8&#039;, time: &#039;2019-07-01T20:55:26&#039;
System info: host: &#039;ATMECSINLT-283&#039;, ip: &#039;55.55.52.215&#039;, os.name: &#039;Windows 10&#039;, os.arch: &#039;amd64&#039;, os.version: &#039;10.0&#039;, java.version: &#039;1.8.0_221&#039;
Driver info: org.openqa.selenium.ie.InternetExplorerDriver
Capabilities {acceptInsecureCerts: false, browserName: internet explorer, browserVersion: 11, javascriptEnabled: true, pageLoadStrategy: normal, platform: WINDOWS, platformName: WINDOWS, proxy: Proxy(), se:ieOptions: {browserAttachTimeout: 0, elementScrollBehavior: 0, enablePersistentHover: true, ie.browserCommandLineSwitches: , ie.ensureCleanSession: false, ie.fileUploadDialogTimeout: 3000, ie.forceCreateProcessApi: false, ignoreProtectedModeSettings: false, ignoreZoomSetting: false, initialBrowserUrl: http://localhost:2124/, nativeEvents: true, requireWindowFocus: false}, setWindowRect: true, timeouts: {implicit: 0, pageLoad: 300000, script: 30000}}
Session ID: 055d0f1f-16b1-4577-b4c8-1028878473d8
*** Element info: {Using=xpath, value=//div[@id=&#039;footer&#039;]//a[contains(text(),&#039;Blockchain&#039;)]}">
      <![CDATA[org.openqa.selenium.NoSuchWindowException: Currently focused window has been closed.
Build info: version: '4.0.0-alpha-2', revision: 'f148142cf8', time: '2019-07-01T20:55:26'
System info: host: 'ATMECSINLT-283', ip: '55.55.52.215', os.name: 'Windows 10', os.arch: 'amd64', os.version: '10.0', java.version: '1.8.0_221'
Driver info: org.openqa.selenium.ie.InternetExplorerDriver
Capabilities {acceptInsecureCerts: false, browserName: internet explorer, browserVersion: 11, javascriptEnabled: true, pageLoadStrategy: normal, platform: WINDOWS, platformName: WINDOWS, proxy: Proxy(), se:ieOptions: {browserAttachTimeout: 0, elementScrollBehavior: 0, enablePersistentHover: true, ie.browserCommandLineSwitches: , ie.ensureCleanSession: false, ie.fileUploadDialogTimeout: 3000, ie.forceCreateProcessApi: false, ignoreProtectedModeSettings: false, ignoreZoomSetting: false, initialBrowserUrl: http://localhost:2124/, nativeEvents: true, requireWindowFocus: false}, setWindowRect: true, timeouts: {implicit: 0, pageLoad: 300000, script: 30000}}
Session ID: 055d0f1f-16b1-4577-b4c8-1028878473d8
*** Element info: {Using=xpath, value=//div[@id='footer']//a[contains(text(),'Blockchain')]}
at sun.reflect.GeneratedConstructorAccessor25.newInstance(Unknown Source)
at sun.reflect.DelegatingConstructorAccessorImpl.newInstance(DelegatingConstructorAccessorImpl.java:45)
at java.lang.reflect.Constructor.newInstance(Constructor.java:423)
at org.openqa.selenium.remote.codec.w3c.W3CHttpResponseCodec.createException(W3CHttpResponseCodec.java:191)
at org.openqa.selenium.remote.codec.w3c.W3CHttpResponseCodec.decode(W3CHttpResponseCodec.java:125)
at org.openqa.selenium.remote.codec.w3c.W3CHttpResponseCodec.decode(W3CHttpResponseCodec.java:52)
at org.openqa.selenium.remote.HttpCommandExecutor.execute(HttpCommandExecutor.java:161)
at org.openqa.selenium.remote.service.DriverCommandExecutor.execute(DriverCommandExecutor.java:83)
at org.openqa.selenium.remote.RemoteWebDriver.execute(RemoteWebDriver.java:576)
at org.openqa.selenium.remote.RemoteWebDriver.findElement(RemoteWebDriver.java:327)
at org.openqa.selenium.remote.RemoteWebDriver.findElementByXPath(RemoteWebDriver.java:445)
at org.openqa.selenium.By$ByXPath.findElement(By.java:353)
at org.openqa.selenium.remote.RemoteWebDriver.findElement(RemoteWebDriver.java:319)
at com.atmecs.helper.CommonUtility.locatorsType(CommonUtility.java:49)
at com.atmecs.helper.CommonUtility$4.apply(CommonUtility.java:180)
at com.atmecs.helper.CommonUtility$4.apply(CommonUtility.java:1)
at org.openqa.selenium.support.ui.FluentWait.until(FluentWait.java:211)
at com.atmecs.helper.CommonUtility.getText(CommonUtility.java:177)
at com.atmecs.general.AtmecsHomePage.isFooterPresent(AtmecsHomePage.java:80)
at com.atmecs.testscript.AtmecsHomePageScript.validateAboutUsFooter(AtmecsHomePageScript.java:36)
at sun.reflect.GeneratedMethodAccessor2.invoke(Unknown Source)
at sun.reflect.DelegatingMethodAccessorImpl.invoke(DelegatingMethodAccessorImpl.java:43)
at java.lang.reflect.Method.invoke(Method.java:498)
at org.testng.internal.MethodInvocationHelper.invokeMethod(MethodInvocationHelper.java:133)
at org.testng.internal.TestInvoker.invokeMethod(TestInvoker.java:584)
at org.testng.internal.TestInvoker.invokeTestMethod(TestInvoker.java:172)
at org.testng.internal.MethodRunner.runInSequence(MethodRunner.java:46)
at org.testng.internal.TestInvoker$MethodInvocationAgent.invoke(TestInvoker.java:804)
at org.testng.internal.TestInvoker.invokeTestMethods(TestInvoker.java:145)
at org.testng.internal.TestMethodWorker.invokeTestMethods(TestMethodWorker.java:146)
at org.testng.internal.TestMethodWorker.run(TestMethodWorker.java:128)
at java.util.ArrayList.forEach(ArrayList.java:1257)
at org.testng.TestRunner.privateRun(TestRunner.java:770)
at org.testng.TestRunner.run(TestRunner.java:591)
at org.testng.SuiteRunner.runTest(SuiteRunner.java:402)
at org.testng.SuiteRunner.runSequentially(SuiteRunner.java:396)
at org.testng.SuiteRunner.privateRun(SuiteRunner.java:355)
at org.testng.SuiteRunner.run(SuiteRunner.java:304)
at org.testng.SuiteRunnerWorker.runSuite(SuiteRunnerWorker.java:53)
at org.testng.SuiteRunnerWorker.run(SuiteRunnerWorker.java:96)
at org.testng.TestNG.runSuitesSequentially(TestNG.java:1180)
at org.testng.TestNG.runSuitesLocally(TestNG.java:1102)
at org.testng.TestNG.runSuites(TestNG.java:1032)
at org.testng.TestNG.run(TestNG.java:1000)
at org.testng.remote.AbstractRemoteTestNG.run(AbstractRemoteTestNG.java:115)
at org.testng.remote.RemoteTestNG.initAndRun(RemoteTestNG.java:251)
at org.testng.remote.RemoteTestNG.main(RemoteTestNG.java:77)
]]>
    </error>
  </testcase> <!-- validateAboutUsFooter -->
  <testcase name="validateAboutUsFooter" time="0.024" classname="com.atmecs.testscript.AtmecsHomePageScript">
    <error type="org.openqa.selenium.NoSuchWindowException" message="Currently focused window has been closed.
Build info: version: &#039;4.0.0-alpha-2&#039;, revision: &#039;f148142cf8&#039;, time: &#039;2019-07-01T20:55:26&#039;
System info: host: &#039;ATMECSINLT-283&#039;, ip: &#039;55.55.52.215&#039;, os.name: &#039;Windows 10&#039;, os.arch: &#039;amd64&#039;, os.version: &#039;10.0&#039;, java.version: &#039;1.8.0_221&#039;
Driver info: org.openqa.selenium.ie.InternetExplorerDriver
Capabilities {acceptInsecureCerts: false, browserName: internet explorer, browserVersion: 11, javascriptEnabled: true, pageLoadStrategy: normal, platform: WINDOWS, platformName: WINDOWS, proxy: Proxy(), se:ieOptions: {browserAttachTimeout: 0, elementScrollBehavior: 0, enablePersistentHover: true, ie.browserCommandLineSwitches: , ie.ensureCleanSession: false, ie.fileUploadDialogTimeout: 3000, ie.forceCreateProcessApi: false, ignoreProtectedModeSettings: false, ignoreZoomSetting: false, initialBrowserUrl: http://localhost:2124/, nativeEvents: true, requireWindowFocus: false}, setWindowRect: true, timeouts: {implicit: 0, pageLoad: 300000, script: 30000}}
Session ID: 055d0f1f-16b1-4577-b4c8-1028878473d8
*** Element info: {Using=xpath, value=//div[@id=&#039;footer&#039;]//a[contains(text(),&#039;Careers&#039;)]}">
      <![CDATA[org.openqa.selenium.NoSuchWindowException: Currently focused window has been closed.
Build info: version: '4.0.0-alpha-2', revision: 'f148142cf8', time: '2019-07-01T20:55:26'
System info: host: 'ATMECSINLT-283', ip: '55.55.52.215', os.name: 'Windows 10', os.arch: 'amd64', os.version: '10.0', java.version: '1.8.0_221'
Driver info: org.openqa.selenium.ie.InternetExplorerDriver
Capabilities {acceptInsecureCerts: false, browserName: internet explorer, browserVersion: 11, javascriptEnabled: true, pageLoadStrategy: normal, platform: WINDOWS, platformName: WINDOWS, proxy: Proxy(), se:ieOptions: {browserAttachTimeout: 0, elementScrollBehavior: 0, enablePersistentHover: true, ie.browserCommandLineSwitches: , ie.ensureCleanSession: false, ie.fileUploadDialogTimeout: 3000, ie.forceCreateProcessApi: false, ignoreProtectedModeSettings: false, ignoreZoomSetting: false, initialBrowserUrl: http://localhost:2124/, nativeEvents: true, requireWindowFocus: false}, setWindowRect: true, timeouts: {implicit: 0, pageLoad: 300000, script: 30000}}
Session ID: 055d0f1f-16b1-4577-b4c8-1028878473d8
*** Element info: {Using=xpath, value=//div[@id='footer']//a[contains(text(),'Careers')]}
at sun.reflect.NativeConstructorAccessorImpl.newInstance0(Native Method)
at sun.reflect.NativeConstructorAccessorImpl.newInstance(NativeConstructorAccessorImpl.java:62)
at sun.reflect.DelegatingConstructorAccessorImpl.newInstance(DelegatingConstructorAccessorImpl.java:45)
at java.lang.reflect.Constructor.newInstance(Constructor.java:423)
at org.openqa.selenium.remote.codec.w3c.W3CHttpResponseCodec.createException(W3CHttpResponseCodec.java:191)
at org.openqa.selenium.remote.codec.w3c.W3CHttpResponseCodec.decode(W3CHttpResponseCodec.java:125)
at org.openqa.selenium.remote.codec.w3c.W3CHttpResponseCodec.decode(W3CHttpResponseCodec.java:52)
at org.openqa.selenium.remote.HttpCommandExecutor.execute(HttpCommandExecutor.java:161)
at org.openqa.selenium.remote.service.DriverCommandExecutor.execute(DriverCommandExecutor.java:83)
at org.openqa.selenium.remote.RemoteWebDriver.execute(RemoteWebDriver.java:576)
at org.openqa.selenium.remote.RemoteWebDriver.findElement(RemoteWebDriver.java:327)
at org.openqa.selenium.remote.RemoteWebDriver.findElementByXPath(RemoteWebDriver.java:445)
at org.openqa.selenium.By$ByXPath.findElement(By.java:353)
at org.openqa.selenium.remote.RemoteWebDriver.findElement(RemoteWebDriver.java:319)
at com.atmecs.helper.CommonUtility.locatorsType(CommonUtility.java:49)
at com.atmecs.helper.CommonUtility$4.apply(CommonUtility.java:180)
at com.atmecs.helper.CommonUtility$4.apply(CommonUtility.java:1)
at org.openqa.selenium.support.ui.FluentWait.until(FluentWait.java:211)
at com.atmecs.helper.CommonUtility.getText(CommonUtility.java:177)
at com.atmecs.general.AtmecsHomePage.isFooterPresent(AtmecsHomePage.java:80)
at com.atmecs.testscript.AtmecsHomePageScript.validateAboutUsFooter(AtmecsHomePageScript.java:36)
at sun.reflect.NativeMethodAccessorImpl.invoke0(Native Method)
at sun.reflect.NativeMethodAccessorImpl.invoke(NativeMethodAccessorImpl.java:62)
at sun.reflect.DelegatingMethodAccessorImpl.invoke(DelegatingMethodAccessorImpl.java:43)
at java.lang.reflect.Method.invoke(Method.java:498)
at org.testng.internal.MethodInvocationHelper.invokeMethod(MethodInvocationHelper.java:133)
at org.testng.internal.TestInvoker.invokeMethod(TestInvoker.java:584)
at org.testng.internal.TestInvoker.invokeTestMethod(TestInvoker.java:172)
at org.testng.internal.MethodRunner.runInSequence(MethodRunner.java:46)
at org.testng.internal.TestInvoker$MethodInvocationAgent.invoke(TestInvoker.java:804)
at org.testng.internal.TestInvoker.invokeTestMethods(TestInvoker.java:145)
at org.testng.internal.TestMethodWorker.invokeTestMethods(TestMethodWorker.java:146)
at org.testng.internal.TestMethodWorker.run(TestMethodWorker.java:128)
at java.util.ArrayList.forEach(ArrayList.java:1257)
at org.testng.TestRunner.privateRun(TestRunner.java:770)
at org.testng.TestRunner.run(TestRunner.java:591)
at org.testng.SuiteRunner.runTest(SuiteRunner.java:402)
at org.testng.SuiteRunner.runSequentially(SuiteRunner.java:396)
at org.testng.SuiteRunner.privateRun(SuiteRunner.java:355)
at org.testng.SuiteRunner.run(SuiteRunner.java:304)
at org.testng.SuiteRunnerWorker.runSuite(SuiteRunnerWorker.java:53)
at org.testng.SuiteRunnerWorker.run(SuiteRunnerWorker.java:96)
at org.testng.TestNG.runSuitesSequentially(TestNG.java:1180)
at org.testng.TestNG.runSuitesLocally(TestNG.java:1102)
at org.testng.TestNG.runSuites(TestNG.java:1032)
at org.testng.TestNG.run(TestNG.java:1000)
at org.testng.remote.AbstractRemoteTestNG.run(AbstractRemoteTestNG.java:115)
at org.testng.remote.RemoteTestNG.initAndRun(RemoteTestNG.java:251)
at org.testng.remote.RemoteTestNG.main(RemoteTestNG.java:77)
]]>
    </error>
  </testcase> <!-- validateAboutUsFooter -->
  <testcase name="validateAboutUsFooter" time="0.038" classname="com.atmecs.testscript.AtmecsHomePageScript">
    <error type="org.openqa.selenium.NoSuchWindowException" message="Currently focused window has been closed.
Build info: version: &#039;4.0.0-alpha-2&#039;, revision: &#039;f148142cf8&#039;, time: &#039;2019-07-01T20:55:26&#039;
System info: host: &#039;ATMECSINLT-283&#039;, ip: &#039;55.55.52.215&#039;, os.name: &#039;Windows 10&#039;, os.arch: &#039;amd64&#039;, os.version: &#039;10.0&#039;, java.version: &#039;1.8.0_221&#039;
Driver info: org.openqa.selenium.ie.InternetExplorerDriver
Capabilities {acceptInsecureCerts: false, browserName: internet explorer, browserVersion: 11, javascriptEnabled: true, pageLoadStrategy: normal, platform: WINDOWS, platformName: WINDOWS, proxy: Proxy(), se:ieOptions: {browserAttachTimeout: 0, elementScrollBehavior: 0, enablePersistentHover: true, ie.browserCommandLineSwitches: , ie.ensureCleanSession: false, ie.fileUploadDialogTimeout: 3000, ie.forceCreateProcessApi: false, ignoreProtectedModeSettings: false, ignoreZoomSetting: false, initialBrowserUrl: http://localhost:2124/, nativeEvents: true, requireWindowFocus: false}, setWindowRect: true, timeouts: {implicit: 0, pageLoad: 300000, script: 30000}}
Session ID: 055d0f1f-16b1-4577-b4c8-1028878473d8
*** Element info: {Using=xpath, value=//div[@id=&#039;footer&#039;]//a[contains(text(),&#039;Partners&#039;)]}">
      <![CDATA[org.openqa.selenium.NoSuchWindowException: Currently focused window has been closed.
Build info: version: '4.0.0-alpha-2', revision: 'f148142cf8', time: '2019-07-01T20:55:26'
System info: host: 'ATMECSINLT-283', ip: '55.55.52.215', os.name: 'Windows 10', os.arch: 'amd64', os.version: '10.0', java.version: '1.8.0_221'
Driver info: org.openqa.selenium.ie.InternetExplorerDriver
Capabilities {acceptInsecureCerts: false, browserName: internet explorer, browserVersion: 11, javascriptEnabled: true, pageLoadStrategy: normal, platform: WINDOWS, platformName: WINDOWS, proxy: Proxy(), se:ieOptions: {browserAttachTimeout: 0, elementScrollBehavior: 0, enablePersistentHover: true, ie.browserCommandLineSwitches: , ie.ensureCleanSession: false, ie.fileUploadDialogTimeout: 3000, ie.forceCreateProcessApi: false, ignoreProtectedModeSettings: false, ignoreZoomSetting: false, initialBrowserUrl: http://localhost:2124/, nativeEvents: true, requireWindowFocus: false}, setWindowRect: true, timeouts: {implicit: 0, pageLoad: 300000, script: 30000}}
Session ID: 055d0f1f-16b1-4577-b4c8-1028878473d8
*** Element info: {Using=xpath, value=//div[@id='footer']//a[contains(text(),'Partners')]}
at sun.reflect.NativeConstructorAccessorImpl.newInstance0(Native Method)
at sun.reflect.NativeConstructorAccessorImpl.newInstance(NativeConstructorAccessorImpl.java:62)
at sun.reflect.DelegatingConstructorAccessorImpl.newInstance(DelegatingConstructorAccessorImpl.java:45)
at java.lang.reflect.Constructor.newInstance(Constructor.java:423)
at org.openqa.selenium.remote.codec.w3c.W3CHttpResponseCodec.createException(W3CHttpResponseCodec.java:191)
at org.openqa.selenium.remote.codec.w3c.W3CHttpResponseCodec.decode(W3CHttpResponseCodec.java:125)
at org.openqa.selenium.remote.codec.w3c.W3CHttpResponseCodec.decode(W3CHttpResponseCodec.java:52)
at org.openqa.selenium.remote.HttpCommandExecutor.execute(HttpCommandExecutor.java:161)
at org.openqa.selenium.remote.service.DriverCommandExecutor.execute(DriverCommandExecutor.java:83)
at org.openqa.selenium.remote.RemoteWebDriver.execute(RemoteWebDriver.java:576)
at org.openqa.selenium.remote.RemoteWebDriver.findElement(RemoteWebDriver.java:327)
at org.openqa.selenium.remote.RemoteWebDriver.findElementByXPath(RemoteWebDriver.java:445)
at org.openqa.selenium.By$ByXPath.findElement(By.java:353)
at org.openqa.selenium.remote.RemoteWebDriver.findElement(RemoteWebDriver.java:319)
at com.atmecs.helper.CommonUtility.locatorsType(CommonUtility.java:49)
at com.atmecs.helper.CommonUtility$4.apply(CommonUtility.java:180)
at com.atmecs.helper.CommonUtility$4.apply(CommonUtility.java:1)
at org.openqa.selenium.support.ui.FluentWait.until(FluentWait.java:211)
at com.atmecs.helper.CommonUtility.getText(CommonUtility.java:177)
at com.atmecs.general.AtmecsHomePage.isFooterPresent(AtmecsHomePage.java:80)
at com.atmecs.testscript.AtmecsHomePageScript.validateAboutUsFooter(AtmecsHomePageScript.java:36)
at sun.reflect.NativeMethodAccessorImpl.invoke0(Native Method)
at sun.reflect.NativeMethodAccessorImpl.invoke(NativeMethodAccessorImpl.java:62)
at sun.reflect.DelegatingMethodAccessorImpl.invoke(DelegatingMethodAccessorImpl.java:43)
at java.lang.reflect.Method.invoke(Method.java:498)
at org.testng.internal.MethodInvocationHelper.invokeMethod(MethodInvocationHelper.java:133)
at org.testng.internal.TestInvoker.invokeMethod(TestInvoker.java:584)
at org.testng.internal.TestInvoker.invokeTestMethod(TestInvoker.java:172)
at org.testng.internal.MethodRunner.runInSequence(MethodRunner.java:46)
at org.testng.internal.TestInvoker$MethodInvocationAgent.invoke(TestInvoker.java:804)
at org.testng.internal.TestInvoker.invokeTestMethods(TestInvoker.java:145)
at org.testng.internal.TestMethodWorker.invokeTestMethods(TestMethodWorker.java:146)
at org.testng.internal.TestMethodWorker.run(TestMethodWorker.java:128)
at java.util.ArrayList.forEach(ArrayList.java:1257)
at org.testng.TestRunner.privateRun(TestRunner.java:770)
at org.testng.TestRunner.run(TestRunner.java:591)
at org.testng.SuiteRunner.runTest(SuiteRunner.java:402)
at org.testng.SuiteRunner.runSequentially(SuiteRunner.java:396)
at org.testng.SuiteRunner.privateRun(SuiteRunner.java:355)
at org.testng.SuiteRunner.run(SuiteRunner.java:304)
at org.testng.SuiteRunnerWorker.runSuite(SuiteRunnerWorker.java:53)
at org.testng.SuiteRunnerWorker.run(SuiteRunnerWorker.java:96)
at org.testng.TestNG.runSuitesSequentially(TestNG.java:1180)
at org.testng.TestNG.runSuitesLocally(TestNG.java:1102)
at org.testng.TestNG.runSuites(TestNG.java:1032)
at org.testng.TestNG.run(TestNG.java:1000)
at org.testng.remote.AbstractRemoteTestNG.run(AbstractRemoteTestNG.java:115)
at org.testng.remote.RemoteTestNG.initAndRun(RemoteTestNG.java:251)
at org.testng.remote.RemoteTestNG.main(RemoteTestNG.java:77)
]]>
    </error>
  </testcase> <!-- validateAboutUsFooter -->
  <testcase name="validateAboutUsFooter" time="0.043" classname="com.atmecs.testscript.AtmecsHomePageScript">
    <error type="org.openqa.selenium.NoSuchWindowException" message="Currently focused window has been closed.
Build info: version: &#039;4.0.0-alpha-2&#039;, revision: &#039;f148142cf8&#039;, time: &#039;2019-07-01T20:55:26&#039;
System info: host: &#039;ATMECSINLT-283&#039;, ip: &#039;55.55.52.215&#039;, os.name: &#039;Windows 10&#039;, os.arch: &#039;amd64&#039;, os.version: &#039;10.0&#039;, java.version: &#039;1.8.0_221&#039;
Driver info: org.openqa.selenium.ie.InternetExplorerDriver
Capabilities {acceptInsecureCerts: false, browserName: internet explorer, browserVersion: 11, javascriptEnabled: true, pageLoadStrategy: normal, platform: WINDOWS, platformName: WINDOWS, proxy: Proxy(), se:ieOptions: {browserAttachTimeout: 0, elementScrollBehavior: 0, enablePersistentHover: true, ie.browserCommandLineSwitches: , ie.ensureCleanSession: false, ie.fileUploadDialogTimeout: 3000, ie.forceCreateProcessApi: false, ignoreProtectedModeSettings: false, ignoreZoomSetting: false, initialBrowserUrl: http://localhost:2124/, nativeEvents: true, requireWindowFocus: false}, setWindowRect: true, timeouts: {implicit: 0, pageLoad: 300000, script: 30000}}
Session ID: 055d0f1f-16b1-4577-b4c8-1028878473d8
*** Element info: {Using=xpath, value=//div[@id=&#039;footer&#039;]//a[contains(text(),&#039;Senior Java/J2EE Engineer&#039;)]}">
      <![CDATA[org.openqa.selenium.NoSuchWindowException: Currently focused window has been closed.
Build info: version: '4.0.0-alpha-2', revision: 'f148142cf8', time: '2019-07-01T20:55:26'
System info: host: 'ATMECSINLT-283', ip: '55.55.52.215', os.name: 'Windows 10', os.arch: 'amd64', os.version: '10.0', java.version: '1.8.0_221'
Driver info: org.openqa.selenium.ie.InternetExplorerDriver
Capabilities {acceptInsecureCerts: false, browserName: internet explorer, browserVersion: 11, javascriptEnabled: true, pageLoadStrategy: normal, platform: WINDOWS, platformName: WINDOWS, proxy: Proxy(), se:ieOptions: {browserAttachTimeout: 0, elementScrollBehavior: 0, enablePersistentHover: true, ie.browserCommandLineSwitches: , ie.ensureCleanSession: false, ie.fileUploadDialogTimeout: 3000, ie.forceCreateProcessApi: false, ignoreProtectedModeSettings: false, ignoreZoomSetting: false, initialBrowserUrl: http://localhost:2124/, nativeEvents: true, requireWindowFocus: false}, setWindowRect: true, timeouts: {implicit: 0, pageLoad: 300000, script: 30000}}
Session ID: 055d0f1f-16b1-4577-b4c8-1028878473d8
*** Element info: {Using=xpath, value=//div[@id='footer']//a[contains(text(),'Senior Java/J2EE Engineer')]}
at sun.reflect.NativeConstructorAccessorImpl.newInstance0(Native Method)
at sun.reflect.NativeConstructorAccessorImpl.newInstance(NativeConstructorAccessorImpl.java:62)
at sun.reflect.DelegatingConstructorAccessorImpl.newInstance(DelegatingConstructorAccessorImpl.java:45)
at java.lang.reflect.Constructor.newInstance(Constructor.java:423)
at org.openqa.selenium.remote.codec.w3c.W3CHttpResponseCodec.createException(W3CHttpResponseCodec.java:191)
at org.openqa.selenium.remote.codec.w3c.W3CHttpResponseCodec.decode(W3CHttpResponseCodec.java:125)
at org.openqa.selenium.remote.codec.w3c.W3CHttpResponseCodec.decode(W3CHttpResponseCodec.java:52)
at org.openqa.selenium.remote.HttpCommandExecutor.execute(HttpCommandExecutor.java:161)
at org.openqa.selenium.remote.service.DriverCommandExecutor.execute(DriverCommandExecutor.java:83)
at org.openqa.selenium.remote.RemoteWebDriver.execute(RemoteWebDriver.java:576)
at org.openqa.selenium.remote.RemoteWebDriver.findElement(RemoteWebDriver.java:327)
at org.openqa.selenium.remote.RemoteWebDriver.findElementByXPath(RemoteWebDriver.java:445)
at org.openqa.selenium.By$ByXPath.findElement(By.java:353)
at org.openqa.selenium.remote.RemoteWebDriver.findElement(RemoteWebDriver.java:319)
at com.atmecs.helper.CommonUtility.locatorsType(CommonUtility.java:49)
at com.atmecs.helper.CommonUtility$4.apply(CommonUtility.java:180)
at com.atmecs.helper.CommonUtility$4.apply(CommonUtility.java:1)
at org.openqa.selenium.support.ui.FluentWait.until(FluentWait.java:211)
at com.atmecs.helper.CommonUtility.getText(CommonUtility.java:177)
at com.atmecs.general.AtmecsHomePage.isFooterPresent(AtmecsHomePage.java:80)
at com.atmecs.testscript.AtmecsHomePageScript.validateAboutUsFooter(AtmecsHomePageScript.java:36)
at sun.reflect.NativeMethodAccessorImpl.invoke0(Native Method)
at sun.reflect.NativeMethodAccessorImpl.invoke(NativeMethodAccessorImpl.java:62)
at sun.reflect.DelegatingMethodAccessorImpl.invoke(DelegatingMethodAccessorImpl.java:43)
at java.lang.reflect.Method.invoke(Method.java:498)
at org.testng.internal.MethodInvocationHelper.invokeMethod(MethodInvocationHelper.java:133)
at org.testng.internal.TestInvoker.invokeMethod(TestInvoker.java:584)
at org.testng.internal.TestInvoker.invokeTestMethod(TestInvoker.java:172)
at org.testng.internal.MethodRunner.runInSequence(MethodRunner.java:46)
at org.testng.internal.TestInvoker$MethodInvocationAgent.invoke(TestInvoker.java:804)
at org.testng.internal.TestInvoker.invokeTestMethods(TestInvoker.java:145)
at org.testng.internal.TestMethodWorker.invokeTestMethods(TestMethodWorker.java:146)
at org.testng.internal.TestMethodWorker.run(TestMethodWorker.java:128)
at java.util.ArrayList.forEach(ArrayList.java:1257)
at org.testng.TestRunner.privateRun(TestRunner.java:770)
at org.testng.TestRunner.run(TestRunner.java:591)
at org.testng.SuiteRunner.runTest(SuiteRunner.java:402)
at org.testng.SuiteRunner.runSequentially(SuiteRunner.java:396)
at org.testng.SuiteRunner.privateRun(SuiteRunner.java:355)
at org.testng.SuiteRunner.run(SuiteRunner.java:304)
at org.testng.SuiteRunnerWorker.runSuite(SuiteRunnerWorker.java:53)
at org.testng.SuiteRunnerWorker.run(SuiteRunnerWorker.java:96)
at org.testng.TestNG.runSuitesSequentially(TestNG.java:1180)
at org.testng.TestNG.runSuitesLocally(TestNG.java:1102)
at org.testng.TestNG.runSuites(TestNG.java:1032)
at org.testng.TestNG.run(TestNG.java:1000)
at org.testng.remote.AbstractRemoteTestNG.run(AbstractRemoteTestNG.java:115)
at org.testng.remote.RemoteTestNG.initAndRun(RemoteTestNG.java:251)
at org.testng.remote.RemoteTestNG.main(RemoteTestNG.java:77)
]]>
    </error>
  </testcase> <!-- validateAboutUsFooter -->
  <testcase name="validateAboutUsFooter" time="0.025" classname="com.atmecs.testscript.AtmecsHomePageScript">
    <error type="org.openqa.selenium.NoSuchWindowException" message="Currently focused window has been closed.
Build info: version: &#039;4.0.0-alpha-2&#039;, revision: &#039;f148142cf8&#039;, time: &#039;2019-07-01T20:55:26&#039;
System info: host: &#039;ATMECSINLT-283&#039;, ip: &#039;55.55.52.215&#039;, os.name: &#039;Windows 10&#039;, os.arch: &#039;amd64&#039;, os.version: &#039;10.0&#039;, java.version: &#039;1.8.0_221&#039;
Driver info: org.openqa.selenium.ie.InternetExplorerDriver
Capabilities {acceptInsecureCerts: false, browserName: internet explorer, browserVersion: 11, javascriptEnabled: true, pageLoadStrategy: normal, platform: WINDOWS, platformName: WINDOWS, proxy: Proxy(), se:ieOptions: {browserAttachTimeout: 0, elementScrollBehavior: 0, enablePersistentHover: true, ie.browserCommandLineSwitches: , ie.ensureCleanSession: false, ie.fileUploadDialogTimeout: 3000, ie.forceCreateProcessApi: false, ignoreProtectedModeSettings: false, ignoreZoomSetting: false, initialBrowserUrl: http://localhost:2124/, nativeEvents: true, requireWindowFocus: false}, setWindowRect: true, timeouts: {implicit: 0, pageLoad: 300000, script: 30000}}
Session ID: 055d0f1f-16b1-4577-b4c8-1028878473d8
*** Element info: {Using=xpath, value=//div[@id=&#039;footer&#039;]//a[contains(text(),&#039;Case Studies old&#039;)]}">
      <![CDATA[org.openqa.selenium.NoSuchWindowException: Currently focused window has been closed.
Build info: version: '4.0.0-alpha-2', revision: 'f148142cf8', time: '2019-07-01T20:55:26'
System info: host: 'ATMECSINLT-283', ip: '55.55.52.215', os.name: 'Windows 10', os.arch: 'amd64', os.version: '10.0', java.version: '1.8.0_221'
Driver info: org.openqa.selenium.ie.InternetExplorerDriver
Capabilities {acceptInsecureCerts: false, browserName: internet explorer, browserVersion: 11, javascriptEnabled: true, pageLoadStrategy: normal, platform: WINDOWS, platformName: WINDOWS, proxy: Proxy(), se:ieOptions: {browserAttachTimeout: 0, elementScrollBehavior: 0, enablePersistentHover: true, ie.browserCommandLineSwitches: , ie.ensureCleanSession: false, ie.fileUploadDialogTimeout: 3000, ie.forceCreateProcessApi: false, ignoreProtectedModeSettings: false, ignoreZoomSetting: false, initialBrowserUrl: http://localhost:2124/, nativeEvents: true, requireWindowFocus: false}, setWindowRect: true, timeouts: {implicit: 0, pageLoad: 300000, script: 30000}}
Session ID: 055d0f1f-16b1-4577-b4c8-1028878473d8
*** Element info: {Using=xpath, value=//div[@id='footer']//a[contains(text(),'Case Studies old')]}
at sun.reflect.NativeConstructorAccessorImpl.newInstance0(Native Method)
at sun.reflect.NativeConstructorAccessorImpl.newInstance(NativeConstructorAccessorImpl.java:62)
at sun.reflect.DelegatingConstructorAccessorImpl.newInstance(DelegatingConstructorAccessorImpl.java:45)
at java.lang.reflect.Constructor.newInstance(Constructor.java:423)
at org.openqa.selenium.remote.codec.w3c.W3CHttpResponseCodec.createException(W3CHttpResponseCodec.java:191)
at org.openqa.selenium.remote.codec.w3c.W3CHttpResponseCodec.decode(W3CHttpResponseCodec.java:125)
at org.openqa.selenium.remote.codec.w3c.W3CHttpResponseCodec.decode(W3CHttpResponseCodec.java:52)
at org.openqa.selenium.remote.HttpCommandExecutor.execute(HttpCommandExecutor.java:161)
at org.openqa.selenium.remote.service.DriverCommandExecutor.execute(DriverCommandExecutor.java:83)
at org.openqa.selenium.remote.RemoteWebDriver.execute(RemoteWebDriver.java:576)
at org.openqa.selenium.remote.RemoteWebDriver.findElement(RemoteWebDriver.java:327)
at org.openqa.selenium.remote.RemoteWebDriver.findElementByXPath(RemoteWebDriver.java:445)
at org.openqa.selenium.By$ByXPath.findElement(By.java:353)
at org.openqa.selenium.remote.RemoteWebDriver.findElement(RemoteWebDriver.java:319)
at com.atmecs.helper.CommonUtility.locatorsType(CommonUtility.java:49)
at com.atmecs.helper.CommonUtility$4.apply(CommonUtility.java:180)
at com.atmecs.helper.CommonUtility$4.apply(CommonUtility.java:1)
at org.openqa.selenium.support.ui.FluentWait.until(FluentWait.java:211)
at com.atmecs.helper.CommonUtility.getText(CommonUtility.java:177)
at com.atmecs.general.AtmecsHomePage.isFooterPresent(AtmecsHomePage.java:80)
at com.atmecs.testscript.AtmecsHomePageScript.validateAboutUsFooter(AtmecsHomePageScript.java:36)
at sun.reflect.NativeMethodAccessorImpl.invoke0(Native Method)
at sun.reflect.NativeMethodAccessorImpl.invoke(NativeMethodAccessorImpl.java:62)
at sun.reflect.DelegatingMethodAccessorImpl.invoke(DelegatingMethodAccessorImpl.java:43)
at java.lang.reflect.Method.invoke(Method.java:498)
at org.testng.internal.MethodInvocationHelper.invokeMethod(MethodInvocationHelper.java:133)
at org.testng.internal.TestInvoker.invokeMethod(TestInvoker.java:584)
at org.testng.internal.TestInvoker.invokeTestMethod(TestInvoker.java:172)
at org.testng.internal.MethodRunner.runInSequence(MethodRunner.java:46)
at org.testng.internal.TestInvoker$MethodInvocationAgent.invoke(TestInvoker.java:804)
at org.testng.internal.TestInvoker.invokeTestMethods(TestInvoker.java:145)
at org.testng.internal.TestMethodWorker.invokeTestMethods(TestMethodWorker.java:146)
at org.testng.internal.TestMethodWorker.run(TestMethodWorker.java:128)
at java.util.ArrayList.forEach(ArrayList.java:1257)
at org.testng.TestRunner.privateRun(TestRunner.java:770)
at org.testng.TestRunner.run(TestRunner.java:591)
at org.testng.SuiteRunner.runTest(SuiteRunner.java:402)
at org.testng.SuiteRunner.runSequentially(SuiteRunner.java:396)
at org.testng.SuiteRunner.privateRun(SuiteRunner.java:355)
at org.testng.SuiteRunner.run(SuiteRunner.java:304)
at org.testng.SuiteRunnerWorker.runSuite(SuiteRunnerWorker.java:53)
at org.testng.SuiteRunnerWorker.run(SuiteRunnerWorker.java:96)
at org.testng.TestNG.runSuitesSequentially(TestNG.java:1180)
at org.testng.TestNG.runSuitesLocally(TestNG.java:1102)
at org.testng.TestNG.runSuites(TestNG.java:1032)
at org.testng.TestNG.run(TestNG.java:1000)
at org.testng.remote.AbstractRemoteTestNG.run(AbstractRemoteTestNG.java:115)
at org.testng.remote.RemoteTestNG.initAndRun(RemoteTestNG.java:251)
at org.testng.remote.RemoteTestNG.main(RemoteTestNG.java:77)
]]>
    </error>
  </testcase> <!-- validateAboutUsFooter -->
  <testcase name="validateAboutUsFooter" time="0.029" classname="com.atmecs.testscript.AtmecsHomePageScript">
    <error type="org.openqa.selenium.NoSuchWindowException" message="Currently focused window has been closed.
Build info: version: &#039;4.0.0-alpha-2&#039;, revision: &#039;f148142cf8&#039;, time: &#039;2019-07-01T20:55:26&#039;
System info: host: &#039;ATMECSINLT-283&#039;, ip: &#039;55.55.52.215&#039;, os.name: &#039;Windows 10&#039;, os.arch: &#039;amd64&#039;, os.version: &#039;10.0&#039;, java.version: &#039;1.8.0_221&#039;
Driver info: org.openqa.selenium.ie.InternetExplorerDriver
Capabilities {acceptInsecureCerts: false, browserName: internet explorer, browserVersion: 11, javascriptEnabled: true, pageLoadStrategy: normal, platform: WINDOWS, platformName: WINDOWS, proxy: Proxy(), se:ieOptions: {browserAttachTimeout: 0, elementScrollBehavior: 0, enablePersistentHover: true, ie.browserCommandLineSwitches: , ie.ensureCleanSession: false, ie.fileUploadDialogTimeout: 3000, ie.forceCreateProcessApi: false, ignoreProtectedModeSettings: false, ignoreZoomSetting: false, initialBrowserUrl: http://localhost:2124/, nativeEvents: true, requireWindowFocus: false}, setWindowRect: true, timeouts: {implicit: 0, pageLoad: 300000, script: 30000}}
Session ID: 055d0f1f-16b1-4577-b4c8-1028878473d8
*** Element info: {Using=xpath, value=//div[@id=&#039;footer&#039;]//a[contains(text(),&#039;Robotic Process Automation &amp; ChatBOTs&#039;)]}">
      <![CDATA[org.openqa.selenium.NoSuchWindowException: Currently focused window has been closed.
Build info: version: '4.0.0-alpha-2', revision: 'f148142cf8', time: '2019-07-01T20:55:26'
System info: host: 'ATMECSINLT-283', ip: '55.55.52.215', os.name: 'Windows 10', os.arch: 'amd64', os.version: '10.0', java.version: '1.8.0_221'
Driver info: org.openqa.selenium.ie.InternetExplorerDriver
Capabilities {acceptInsecureCerts: false, browserName: internet explorer, browserVersion: 11, javascriptEnabled: true, pageLoadStrategy: normal, platform: WINDOWS, platformName: WINDOWS, proxy: Proxy(), se:ieOptions: {browserAttachTimeout: 0, elementScrollBehavior: 0, enablePersistentHover: true, ie.browserCommandLineSwitches: , ie.ensureCleanSession: false, ie.fileUploadDialogTimeout: 3000, ie.forceCreateProcessApi: false, ignoreProtectedModeSettings: false, ignoreZoomSetting: false, initialBrowserUrl: http://localhost:2124/, nativeEvents: true, requireWindowFocus: false}, setWindowRect: true, timeouts: {implicit: 0, pageLoad: 300000, script: 30000}}
Session ID: 055d0f1f-16b1-4577-b4c8-1028878473d8
*** Element info: {Using=xpath, value=//div[@id='footer']//a[contains(text(),'Robotic Process Automation & ChatBOTs')]}
at sun.reflect.GeneratedConstructorAccessor25.newInstance(Unknown Source)
at sun.reflect.DelegatingConstructorAccessorImpl.newInstance(DelegatingConstructorAccessorImpl.java:45)
at java.lang.reflect.Constructor.newInstance(Constructor.java:423)
at org.openqa.selenium.remote.codec.w3c.W3CHttpResponseCodec.createException(W3CHttpResponseCodec.java:191)
at org.openqa.selenium.remote.codec.w3c.W3CHttpResponseCodec.decode(W3CHttpResponseCodec.java:125)
at org.openqa.selenium.remote.codec.w3c.W3CHttpResponseCodec.decode(W3CHttpResponseCodec.java:52)
at org.openqa.selenium.remote.HttpCommandExecutor.execute(HttpCommandExecutor.java:161)
at org.openqa.selenium.remote.service.DriverCommandExecutor.execute(DriverCommandExecutor.java:83)
at org.openqa.selenium.remote.RemoteWebDriver.execute(RemoteWebDriver.java:576)
at org.openqa.selenium.remote.RemoteWebDriver.findElement(RemoteWebDriver.java:327)
at org.openqa.selenium.remote.RemoteWebDriver.findElementByXPath(RemoteWebDriver.java:445)
at org.openqa.selenium.By$ByXPath.findElement(By.java:353)
at org.openqa.selenium.remote.RemoteWebDriver.findElement(RemoteWebDriver.java:319)
at com.atmecs.helper.CommonUtility.locatorsType(CommonUtility.java:49)
at com.atmecs.helper.CommonUtility$4.apply(CommonUtility.java:180)
at com.atmecs.helper.CommonUtility$4.apply(CommonUtility.java:1)
at org.openqa.selenium.support.ui.FluentWait.until(FluentWait.java:211)
at com.atmecs.helper.CommonUtility.getText(CommonUtility.java:177)
at com.atmecs.general.AtmecsHomePage.isFooterPresent(AtmecsHomePage.java:80)
at com.atmecs.testscript.AtmecsHomePageScript.validateAboutUsFooter(AtmecsHomePageScript.java:36)
at sun.reflect.GeneratedMethodAccessor2.invoke(Unknown Source)
at sun.reflect.DelegatingMethodAccessorImpl.invoke(DelegatingMethodAccessorImpl.java:43)
at java.lang.reflect.Method.invoke(Method.java:498)
at org.testng.internal.MethodInvocationHelper.invokeMethod(MethodInvocationHelper.java:133)
at org.testng.internal.TestInvoker.invokeMethod(TestInvoker.java:584)
at org.testng.internal.TestInvoker.invokeTestMethod(TestInvoker.java:172)
at org.testng.internal.MethodRunner.runInSequence(MethodRunner.java:46)
at org.testng.internal.TestInvoker$MethodInvocationAgent.invoke(TestInvoker.java:804)
at org.testng.internal.TestInvoker.invokeTestMethods(TestInvoker.java:145)
at org.testng.internal.TestMethodWorker.invokeTestMethods(TestMethodWorker.java:146)
at org.testng.internal.TestMethodWorker.run(TestMethodWorker.java:128)
at java.util.ArrayList.forEach(ArrayList.java:1257)
at org.testng.TestRunner.privateRun(TestRunner.java:770)
at org.testng.TestRunner.run(TestRunner.java:591)
at org.testng.SuiteRunner.runTest(SuiteRunner.java:402)
at org.testng.SuiteRunner.runSequentially(SuiteRunner.java:396)
at org.testng.SuiteRunner.privateRun(SuiteRunner.java:355)
at org.testng.SuiteRunner.run(SuiteRunner.java:304)
at org.testng.SuiteRunnerWorker.runSuite(SuiteRunnerWorker.java:53)
at org.testng.SuiteRunnerWorker.run(SuiteRunnerWorker.java:96)
at org.testng.TestNG.runSuitesSequentially(TestNG.java:1180)
at org.testng.TestNG.runSuitesLocally(TestNG.java:1102)
at org.testng.TestNG.runSuites(TestNG.java:1032)
at org.testng.TestNG.run(TestNG.java:1000)
at org.testng.remote.AbstractRemoteTestNG.run(AbstractRemoteTestNG.java:115)
at org.testng.remote.RemoteTestNG.initAndRun(RemoteTestNG.java:251)
at org.testng.remote.RemoteTestNG.main(RemoteTestNG.java:77)
]]>
    </error>
  </testcase> <!-- validateAboutUsFooter -->
  <testcase name="validateAboutUsFooter" time="0.047" classname="com.atmecs.testscript.AtmecsHomePageScript">
    <error type="org.openqa.selenium.NoSuchWindowException" message="Currently focused window has been closed.
Build info: version: &#039;4.0.0-alpha-2&#039;, revision: &#039;f148142cf8&#039;, time: &#039;2019-07-01T20:55:26&#039;
System info: host: &#039;ATMECSINLT-283&#039;, ip: &#039;55.55.52.215&#039;, os.name: &#039;Windows 10&#039;, os.arch: &#039;amd64&#039;, os.version: &#039;10.0&#039;, java.version: &#039;1.8.0_221&#039;
Driver info: org.openqa.selenium.ie.InternetExplorerDriver
Capabilities {acceptInsecureCerts: false, browserName: internet explorer, browserVersion: 11, javascriptEnabled: true, pageLoadStrategy: normal, platform: WINDOWS, platformName: WINDOWS, proxy: Proxy(), se:ieOptions: {browserAttachTimeout: 0, elementScrollBehavior: 0, enablePersistentHover: true, ie.browserCommandLineSwitches: , ie.ensureCleanSession: false, ie.fileUploadDialogTimeout: 3000, ie.forceCreateProcessApi: false, ignoreProtectedModeSettings: false, ignoreZoomSetting: false, initialBrowserUrl: http://localhost:2124/, nativeEvents: true, requireWindowFocus: false}, setWindowRect: true, timeouts: {implicit: 0, pageLoad: 300000, script: 30000}}
Session ID: 055d0f1f-16b1-4577-b4c8-1028878473d8
*** Element info: {Using=xpath, value=//div[@id=&#039;footer&#039;]//a[contains(text(),&#039;Automation Engineer&#039;)]}">
      <![CDATA[org.openqa.selenium.NoSuchWindowException: Currently focused window has been closed.
Build info: version: '4.0.0-alpha-2', revision: 'f148142cf8', time: '2019-07-01T20:55:26'
System info: host: 'ATMECSINLT-283', ip: '55.55.52.215', os.name: 'Windows 10', os.arch: 'amd64', os.version: '10.0', java.version: '1.8.0_221'
Driver info: org.openqa.selenium.ie.InternetExplorerDriver
Capabilities {acceptInsecureCerts: false, browserName: internet explorer, browserVersion: 11, javascriptEnabled: true, pageLoadStrategy: normal, platform: WINDOWS, platformName: WINDOWS, proxy: Proxy(), se:ieOptions: {browserAttachTimeout: 0, elementScrollBehavior: 0, enablePersistentHover: true, ie.browserCommandLineSwitches: , ie.ensureCleanSession: false, ie.fileUploadDialogTimeout: 3000, ie.forceCreateProcessApi: false, ignoreProtectedModeSettings: false, ignoreZoomSetting: false, initialBrowserUrl: http://localhost:2124/, nativeEvents: true, requireWindowFocus: false}, setWindowRect: true, timeouts: {implicit: 0, pageLoad: 300000, script: 30000}}
Session ID: 055d0f1f-16b1-4577-b4c8-1028878473d8
*** Element info: {Using=xpath, value=//div[@id='footer']//a[contains(text(),'Automation Engineer')]}
at sun.reflect.NativeConstructorAccessorImpl.newInstance0(Native Method)
at sun.reflect.NativeConstructorAccessorImpl.newInstance(NativeConstructorAccessorImpl.java:62)
at sun.reflect.DelegatingConstructorAccessorImpl.newInstance(DelegatingConstructorAccessorImpl.java:45)
at java.lang.reflect.Constructor.newInstance(Constructor.java:423)
at org.openqa.selenium.remote.codec.w3c.W3CHttpResponseCodec.createException(W3CHttpResponseCodec.java:191)
at org.openqa.selenium.remote.codec.w3c.W3CHttpResponseCodec.decode(W3CHttpResponseCodec.java:125)
at org.openqa.selenium.remote.codec.w3c.W3CHttpResponseCodec.decode(W3CHttpResponseCodec.java:52)
at org.openqa.selenium.remote.HttpCommandExecutor.execute(HttpCommandExecutor.java:161)
at org.openqa.selenium.remote.service.DriverCommandExecutor.execute(DriverCommandExecutor.java:83)
at org.openqa.selenium.remote.RemoteWebDriver.execute(RemoteWebDriver.java:576)
at org.openqa.selenium.remote.RemoteWebDriver.findElement(RemoteWebDriver.java:327)
at org.openqa.selenium.remote.RemoteWebDriver.findElementByXPath(RemoteWebDriver.java:445)
at org.openqa.selenium.By$ByXPath.findElement(By.java:353)
at org.openqa.selenium.remote.RemoteWebDriver.findElement(RemoteWebDriver.java:319)
at com.atmecs.helper.CommonUtility.locatorsType(CommonUtility.java:49)
at com.atmecs.helper.CommonUtility$4.apply(CommonUtility.java:180)
at com.atmecs.helper.CommonUtility$4.apply(CommonUtility.java:1)
at org.openqa.selenium.support.ui.FluentWait.until(FluentWait.java:211)
at com.atmecs.helper.CommonUtility.getText(CommonUtility.java:177)
at com.atmecs.general.AtmecsHomePage.isFooterPresent(AtmecsHomePage.java:80)
at com.atmecs.testscript.AtmecsHomePageScript.validateAboutUsFooter(AtmecsHomePageScript.java:36)
at sun.reflect.NativeMethodAccessorImpl.invoke0(Native Method)
at sun.reflect.NativeMethodAccessorImpl.invoke(NativeMethodAccessorImpl.java:62)
at sun.reflect.DelegatingMethodAccessorImpl.invoke(DelegatingMethodAccessorImpl.java:43)
at java.lang.reflect.Method.invoke(Method.java:498)
at org.testng.internal.MethodInvocationHelper.invokeMethod(MethodInvocationHelper.java:133)
at org.testng.internal.TestInvoker.invokeMethod(TestInvoker.java:584)
at org.testng.internal.TestInvoker.invokeTestMethod(TestInvoker.java:172)
at org.testng.internal.MethodRunner.runInSequence(MethodRunner.java:46)
at org.testng.internal.TestInvoker$MethodInvocationAgent.invoke(TestInvoker.java:804)
at org.testng.internal.TestInvoker.invokeTestMethods(TestInvoker.java:145)
at org.testng.internal.TestMethodWorker.invokeTestMethods(TestMethodWorker.java:146)
at org.testng.internal.TestMethodWorker.run(TestMethodWorker.java:128)
at java.util.ArrayList.forEach(ArrayList.java:1257)
at org.testng.TestRunner.privateRun(TestRunner.java:770)
at org.testng.TestRunner.run(TestRunner.java:591)
at org.testng.SuiteRunner.runTest(SuiteRunner.java:402)
at org.testng.SuiteRunner.runSequentially(SuiteRunner.java:396)
at org.testng.SuiteRunner.privateRun(SuiteRunner.java:355)
at org.testng.SuiteRunner.run(SuiteRunner.java:304)
at org.testng.SuiteRunnerWorker.runSuite(SuiteRunnerWorker.java:53)
at org.testng.SuiteRunnerWorker.run(SuiteRunnerWorker.java:96)
at org.testng.TestNG.runSuitesSequentially(TestNG.java:1180)
at org.testng.TestNG.runSuitesLocally(TestNG.java:1102)
at org.testng.TestNG.runSuites(TestNG.java:1032)
at org.testng.TestNG.run(TestNG.java:1000)
at org.testng.remote.AbstractRemoteTestNG.run(AbstractRemoteTestNG.java:115)
at org.testng.remote.RemoteTestNG.initAndRun(RemoteTestNG.java:251)
at org.testng.remote.RemoteTestNG.main(RemoteTestNG.java:77)
]]>
    </error>
  </testcase> <!-- validateAboutUsFooter -->
  <testcase name="validateAboutUsFooter" time="0.044" classname="com.atmecs.testscript.AtmecsHomePageScript">
    <error type="org.openqa.selenium.NoSuchWindowException" message="Currently focused window has been closed.
Build info: version: &#039;4.0.0-alpha-2&#039;, revision: &#039;f148142cf8&#039;, time: &#039;2019-07-01T20:55:26&#039;
System info: host: &#039;ATMECSINLT-283&#039;, ip: &#039;55.55.52.215&#039;, os.name: &#039;Windows 10&#039;, os.arch: &#039;amd64&#039;, os.version: &#039;10.0&#039;, java.version: &#039;1.8.0_221&#039;
Driver info: org.openqa.selenium.ie.InternetExplorerDriver
Capabilities {acceptInsecureCerts: false, browserName: internet explorer, browserVersion: 11, javascriptEnabled: true, pageLoadStrategy: normal, platform: WINDOWS, platformName: WINDOWS, proxy: Proxy(), se:ieOptions: {browserAttachTimeout: 0, elementScrollBehavior: 0, enablePersistentHover: true, ie.browserCommandLineSwitches: , ie.ensureCleanSession: false, ie.fileUploadDialogTimeout: 3000, ie.forceCreateProcessApi: false, ignoreProtectedModeSettings: false, ignoreZoomSetting: false, initialBrowserUrl: http://localhost:2124/, nativeEvents: true, requireWindowFocus: false}, setWindowRect: true, timeouts: {implicit: 0, pageLoad: 300000, script: 30000}}
Session ID: 055d0f1f-16b1-4577-b4c8-1028878473d8
*** Element info: {Using=xpath, value=//div[@id=&#039;footer&#039;]//a[contains(text(),&#039;Careers&#039;)]}">
      <![CDATA[org.openqa.selenium.NoSuchWindowException: Currently focused window has been closed.
Build info: version: '4.0.0-alpha-2', revision: 'f148142cf8', time: '2019-07-01T20:55:26'
System info: host: 'ATMECSINLT-283', ip: '55.55.52.215', os.name: 'Windows 10', os.arch: 'amd64', os.version: '10.0', java.version: '1.8.0_221'
Driver info: org.openqa.selenium.ie.InternetExplorerDriver
Capabilities {acceptInsecureCerts: false, browserName: internet explorer, browserVersion: 11, javascriptEnabled: true, pageLoadStrategy: normal, platform: WINDOWS, platformName: WINDOWS, proxy: Proxy(), se:ieOptions: {browserAttachTimeout: 0, elementScrollBehavior: 0, enablePersistentHover: true, ie.browserCommandLineSwitches: , ie.ensureCleanSession: false, ie.fileUploadDialogTimeout: 3000, ie.forceCreateProcessApi: false, ignoreProtectedModeSettings: false, ignoreZoomSetting: false, initialBrowserUrl: http://localhost:2124/, nativeEvents: true, requireWindowFocus: false}, setWindowRect: true, timeouts: {implicit: 0, pageLoad: 300000, script: 30000}}
Session ID: 055d0f1f-16b1-4577-b4c8-1028878473d8
*** Element info: {Using=xpath, value=//div[@id='footer']//a[contains(text(),'Careers')]}
at sun.reflect.NativeConstructorAccessorImpl.newInstance0(Native Method)
at sun.reflect.NativeConstructorAccessorImpl.newInstance(NativeConstructorAccessorImpl.java:62)
at sun.reflect.DelegatingConstructorAccessorImpl.newInstance(DelegatingConstructorAccessorImpl.java:45)
at java.lang.reflect.Constructor.newInstance(Constructor.java:423)
at org.openqa.selenium.remote.codec.w3c.W3CHttpResponseCodec.createException(W3CHttpResponseCodec.java:191)
at org.openqa.selenium.remote.codec.w3c.W3CHttpResponseCodec.decode(W3CHttpResponseCodec.java:125)
at org.openqa.selenium.remote.codec.w3c.W3CHttpResponseCodec.decode(W3CHttpResponseCodec.java:52)
at org.openqa.selenium.remote.HttpCommandExecutor.execute(HttpCommandExecutor.java:161)
at org.openqa.selenium.remote.service.DriverCommandExecutor.execute(DriverCommandExecutor.java:83)
at org.openqa.selenium.remote.RemoteWebDriver.execute(RemoteWebDriver.java:576)
at org.openqa.selenium.remote.RemoteWebDriver.findElement(RemoteWebDriver.java:327)
at org.openqa.selenium.remote.RemoteWebDriver.findElementByXPath(RemoteWebDriver.java:445)
at org.openqa.selenium.By$ByXPath.findElement(By.java:353)
at org.openqa.selenium.remote.RemoteWebDriver.findElement(RemoteWebDriver.java:319)
at com.atmecs.helper.CommonUtility.locatorsType(CommonUtility.java:49)
at com.atmecs.helper.CommonUtility$4.apply(CommonUtility.java:180)
at com.atmecs.helper.CommonUtility$4.apply(CommonUtility.java:1)
at org.openqa.selenium.support.ui.FluentWait.until(FluentWait.java:211)
at com.atmecs.helper.CommonUtility.getText(CommonUtility.java:177)
at com.atmecs.general.AtmecsHomePage.isFooterPresent(AtmecsHomePage.java:80)
at com.atmecs.testscript.AtmecsHomePageScript.validateAboutUsFooter(AtmecsHomePageScript.java:36)
at sun.reflect.NativeMethodAccessorImpl.invoke0(Native Method)
at sun.reflect.NativeMethodAccessorImpl.invoke(NativeMethodAccessorImpl.java:62)
at sun.reflect.DelegatingMethodAccessorImpl.invoke(DelegatingMethodAccessorImpl.java:43)
at java.lang.reflect.Method.invoke(Method.java:498)
at org.testng.internal.MethodInvocationHelper.invokeMethod(MethodInvocationHelper.java:133)
at org.testng.internal.TestInvoker.invokeMethod(TestInvoker.java:584)
at org.testng.internal.TestInvoker.invokeTestMethod(TestInvoker.java:172)
at org.testng.internal.MethodRunner.runInSequence(MethodRunner.java:46)
at org.testng.internal.TestInvoker$MethodInvocationAgent.invoke(TestInvoker.java:804)
at org.testng.internal.TestInvoker.invokeTestMethods(TestInvoker.java:145)
at org.testng.internal.TestMethodWorker.invokeTestMethods(TestMethodWorker.java:146)
at org.testng.internal.TestMethodWorker.run(TestMethodWorker.java:128)
at java.util.ArrayList.forEach(ArrayList.java:1257)
at org.testng.TestRunner.privateRun(TestRunner.java:770)
at org.testng.TestRunner.run(TestRunner.java:591)
at org.testng.SuiteRunner.runTest(SuiteRunner.java:402)
at org.testng.SuiteRunner.runSequentially(SuiteRunner.java:396)
at org.testng.SuiteRunner.privateRun(SuiteRunner.java:355)
at org.testng.SuiteRunner.run(SuiteRunner.java:304)
at org.testng.SuiteRunnerWorker.runSuite(SuiteRunnerWorker.java:53)
at org.testng.SuiteRunnerWorker.run(SuiteRunnerWorker.java:96)
at org.testng.TestNG.runSuitesSequentially(TestNG.java:1180)
at org.testng.TestNG.runSuitesLocally(TestNG.java:1102)
at org.testng.TestNG.runSuites(TestNG.java:1032)
at org.testng.TestNG.run(TestNG.java:1000)
at org.testng.remote.AbstractRemoteTestNG.run(AbstractRemoteTestNG.java:115)
at org.testng.remote.RemoteTestNG.initAndRun(RemoteTestNG.java:251)
at org.testng.remote.RemoteTestNG.main(RemoteTestNG.java:77)
]]>
    </error>
  </testcase> <!-- validateAboutUsFooter -->
  <testcase name="validateAboutUsFooter" time="0.029" classname="com.atmecs.testscript.AtmecsHomePageScript">
    <error type="org.openqa.selenium.NoSuchWindowException" message="Currently focused window has been closed.
Build info: version: &#039;4.0.0-alpha-2&#039;, revision: &#039;f148142cf8&#039;, time: &#039;2019-07-01T20:55:26&#039;
System info: host: &#039;ATMECSINLT-283&#039;, ip: &#039;55.55.52.215&#039;, os.name: &#039;Windows 10&#039;, os.arch: &#039;amd64&#039;, os.version: &#039;10.0&#039;, java.version: &#039;1.8.0_221&#039;
Driver info: org.openqa.selenium.ie.InternetExplorerDriver
Capabilities {acceptInsecureCerts: false, browserName: internet explorer, browserVersion: 11, javascriptEnabled: true, pageLoadStrategy: normal, platform: WINDOWS, platformName: WINDOWS, proxy: Proxy(), se:ieOptions: {browserAttachTimeout: 0, elementScrollBehavior: 0, enablePersistentHover: true, ie.browserCommandLineSwitches: , ie.ensureCleanSession: false, ie.fileUploadDialogTimeout: 3000, ie.forceCreateProcessApi: false, ignoreProtectedModeSettings: false, ignoreZoomSetting: false, initialBrowserUrl: http://localhost:2124/, nativeEvents: true, requireWindowFocus: false}, setWindowRect: true, timeouts: {implicit: 0, pageLoad: 300000, script: 30000}}
Session ID: 055d0f1f-16b1-4577-b4c8-1028878473d8
*** Element info: {Using=xpath, value=//div[@id=&#039;footer&#039;]//a[contains(text(),&#039;Internet of Things&#039;)]}">
      <![CDATA[org.openqa.selenium.NoSuchWindowException: Currently focused window has been closed.
Build info: version: '4.0.0-alpha-2', revision: 'f148142cf8', time: '2019-07-01T20:55:26'
System info: host: 'ATMECSINLT-283', ip: '55.55.52.215', os.name: 'Windows 10', os.arch: 'amd64', os.version: '10.0', java.version: '1.8.0_221'
Driver info: org.openqa.selenium.ie.InternetExplorerDriver
Capabilities {acceptInsecureCerts: false, browserName: internet explorer, browserVersion: 11, javascriptEnabled: true, pageLoadStrategy: normal, platform: WINDOWS, platformName: WINDOWS, proxy: Proxy(), se:ieOptions: {browserAttachTimeout: 0, elementScrollBehavior: 0, enablePersistentHover: true, ie.browserCommandLineSwitches: , ie.ensureCleanSession: false, ie.fileUploadDialogTimeout: 3000, ie.forceCreateProcessApi: false, ignoreProtectedModeSettings: false, ignoreZoomSetting: false, initialBrowserUrl: http://localhost:2124/, nativeEvents: true, requireWindowFocus: false}, setWindowRect: true, timeouts: {implicit: 0, pageLoad: 300000, script: 30000}}
Session ID: 055d0f1f-16b1-4577-b4c8-1028878473d8
*** Element info: {Using=xpath, value=//div[@id='footer']//a[contains(text(),'Internet of Things')]}
at sun.reflect.GeneratedConstructorAccessor25.newInstance(Unknown Source)
at sun.reflect.DelegatingConstructorAccessorImpl.newInstance(DelegatingConstructorAccessorImpl.java:45)
at java.lang.reflect.Constructor.newInstance(Constructor.java:423)
at org.openqa.selenium.remote.codec.w3c.W3CHttpResponseCodec.createException(W3CHttpResponseCodec.java:191)
at org.openqa.selenium.remote.codec.w3c.W3CHttpResponseCodec.decode(W3CHttpResponseCodec.java:125)
at org.openqa.selenium.remote.codec.w3c.W3CHttpResponseCodec.decode(W3CHttpResponseCodec.java:52)
at org.openqa.selenium.remote.HttpCommandExecutor.execute(HttpCommandExecutor.java:161)
at org.openqa.selenium.remote.service.DriverCommandExecutor.execute(DriverCommandExecutor.java:83)
at org.openqa.selenium.remote.RemoteWebDriver.execute(RemoteWebDriver.java:576)
at org.openqa.selenium.remote.RemoteWebDriver.findElement(RemoteWebDriver.java:327)
at org.openqa.selenium.remote.RemoteWebDriver.findElementByXPath(RemoteWebDriver.java:445)
at org.openqa.selenium.By$ByXPath.findElement(By.java:353)
at org.openqa.selenium.remote.RemoteWebDriver.findElement(RemoteWebDriver.java:319)
at com.atmecs.helper.CommonUtility.locatorsType(CommonUtility.java:49)
at com.atmecs.helper.CommonUtility$4.apply(CommonUtility.java:180)
at com.atmecs.helper.CommonUtility$4.apply(CommonUtility.java:1)
at org.openqa.selenium.support.ui.FluentWait.until(FluentWait.java:211)
at com.atmecs.helper.CommonUtility.getText(CommonUtility.java:177)
at com.atmecs.general.AtmecsHomePage.isFooterPresent(AtmecsHomePage.java:80)
at com.atmecs.testscript.AtmecsHomePageScript.validateAboutUsFooter(AtmecsHomePageScript.java:36)
at sun.reflect.GeneratedMethodAccessor2.invoke(Unknown Source)
at sun.reflect.DelegatingMethodAccessorImpl.invoke(DelegatingMethodAccessorImpl.java:43)
at java.lang.reflect.Method.invoke(Method.java:498)
at org.testng.internal.MethodInvocationHelper.invokeMethod(MethodInvocationHelper.java:133)
at org.testng.internal.TestInvoker.invokeMethod(TestInvoker.java:584)
at org.testng.internal.TestInvoker.invokeTestMethod(TestInvoker.java:172)
at org.testng.internal.MethodRunner.runInSequence(MethodRunner.java:46)
at org.testng.internal.TestInvoker$MethodInvocationAgent.invoke(TestInvoker.java:804)
at org.testng.internal.TestInvoker.invokeTestMethods(TestInvoker.java:145)
at org.testng.internal.TestMethodWorker.invokeTestMethods(TestMethodWorker.java:146)
at org.testng.internal.TestMethodWorker.run(TestMethodWorker.java:128)
at java.util.ArrayList.forEach(ArrayList.java:1257)
at org.testng.TestRunner.privateRun(TestRunner.java:770)
at org.testng.TestRunner.run(TestRunner.java:591)
at org.testng.SuiteRunner.runTest(SuiteRunner.java:402)
at org.testng.SuiteRunner.runSequentially(SuiteRunner.java:396)
at org.testng.SuiteRunner.privateRun(SuiteRunner.java:355)
at org.testng.SuiteRunner.run(SuiteRunner.java:304)
at org.testng.SuiteRunnerWorker.runSuite(SuiteRunnerWorker.java:53)
at org.testng.SuiteRunnerWorker.run(SuiteRunnerWorker.java:96)
at org.testng.TestNG.runSuitesSequentially(TestNG.java:1180)
at org.testng.TestNG.runSuitesLocally(TestNG.java:1102)
at org.testng.TestNG.runSuites(TestNG.java:1032)
at org.testng.TestNG.run(TestNG.java:1000)
at org.testng.remote.AbstractRemoteTestNG.run(AbstractRemoteTestNG.java:115)
at org.testng.remote.RemoteTestNG.initAndRun(RemoteTestNG.java:251)
at org.testng.remote.RemoteTestNG.main(RemoteTestNG.java:77)
]]>
    </error>
  </testcase> <!-- validateAboutUsFooter -->
  <testcase name="validateAboutUsFooter" time="0.043" classname="com.atmecs.testscript.AtmecsHomePageScript">
    <error type="org.openqa.selenium.NoSuchWindowException" message="Currently focused window has been closed.
Build info: version: &#039;4.0.0-alpha-2&#039;, revision: &#039;f148142cf8&#039;, time: &#039;2019-07-01T20:55:26&#039;
System info: host: &#039;ATMECSINLT-283&#039;, ip: &#039;55.55.52.215&#039;, os.name: &#039;Windows 10&#039;, os.arch: &#039;amd64&#039;, os.version: &#039;10.0&#039;, java.version: &#039;1.8.0_221&#039;
Driver info: org.openqa.selenium.ie.InternetExplorerDriver
Capabilities {acceptInsecureCerts: false, browserName: internet explorer, browserVersion: 11, javascriptEnabled: true, pageLoadStrategy: normal, platform: WINDOWS, platformName: WINDOWS, proxy: Proxy(), se:ieOptions: {browserAttachTimeout: 0, elementScrollBehavior: 0, enablePersistentHover: true, ie.browserCommandLineSwitches: , ie.ensureCleanSession: false, ie.fileUploadDialogTimeout: 3000, ie.forceCreateProcessApi: false, ignoreProtectedModeSettings: false, ignoreZoomSetting: false, initialBrowserUrl: http://localhost:2124/, nativeEvents: true, requireWindowFocus: false}, setWindowRect: true, timeouts: {implicit: 0, pageLoad: 300000, script: 30000}}
Session ID: 055d0f1f-16b1-4577-b4c8-1028878473d8
*** Element info: {Using=xpath, value=//div[@id=&#039;footer&#039;]//a[contains(text(),&#039;India – Chennai&#039;)]}">
      <![CDATA[org.openqa.selenium.NoSuchWindowException: Currently focused window has been closed.
Build info: version: '4.0.0-alpha-2', revision: 'f148142cf8', time: '2019-07-01T20:55:26'
System info: host: 'ATMECSINLT-283', ip: '55.55.52.215', os.name: 'Windows 10', os.arch: 'amd64', os.version: '10.0', java.version: '1.8.0_221'
Driver info: org.openqa.selenium.ie.InternetExplorerDriver
Capabilities {acceptInsecureCerts: false, browserName: internet explorer, browserVersion: 11, javascriptEnabled: true, pageLoadStrategy: normal, platform: WINDOWS, platformName: WINDOWS, proxy: Proxy(), se:ieOptions: {browserAttachTimeout: 0, elementScrollBehavior: 0, enablePersistentHover: true, ie.browserCommandLineSwitches: , ie.ensureCleanSession: false, ie.fileUploadDialogTimeout: 3000, ie.forceCreateProcessApi: false, ignoreProtectedModeSettings: false, ignoreZoomSetting: false, initialBrowserUrl: http://localhost:2124/, nativeEvents: true, requireWindowFocus: false}, setWindowRect: true, timeouts: {implicit: 0, pageLoad: 300000, script: 30000}}
Session ID: 055d0f1f-16b1-4577-b4c8-1028878473d8
*** Element info: {Using=xpath, value=//div[@id='footer']//a[contains(text(),'India – Chennai')]}
at sun.reflect.GeneratedConstructorAccessor25.newInstance(Unknown Source)
at sun.reflect.DelegatingConstructorAccessorImpl.newInstance(DelegatingConstructorAccessorImpl.java:45)
at java.lang.reflect.Constructor.newInstance(Constructor.java:423)
at org.openqa.selenium.remote.codec.w3c.W3CHttpResponseCodec.createException(W3CHttpResponseCodec.java:191)
at org.openqa.selenium.remote.codec.w3c.W3CHttpResponseCodec.decode(W3CHttpResponseCodec.java:125)
at org.openqa.selenium.remote.codec.w3c.W3CHttpResponseCodec.decode(W3CHttpResponseCodec.java:52)
at org.openqa.selenium.remote.HttpCommandExecutor.execute(HttpCommandExecutor.java:161)
at org.openqa.selenium.remote.service.DriverCommandExecutor.execute(DriverCommandExecutor.java:83)
at org.openqa.selenium.remote.RemoteWebDriver.execute(RemoteWebDriver.java:576)
at org.openqa.selenium.remote.RemoteWebDriver.findElement(RemoteWebDriver.java:327)
at org.openqa.selenium.remote.RemoteWebDriver.findElementByXPath(RemoteWebDriver.java:445)
at org.openqa.selenium.By$ByXPath.findElement(By.java:353)
at org.openqa.selenium.remote.RemoteWebDriver.findElement(RemoteWebDriver.java:319)
at com.atmecs.helper.CommonUtility.locatorsType(CommonUtility.java:49)
at com.atmecs.helper.CommonUtility$4.apply(CommonUtility.java:180)
at com.atmecs.helper.CommonUtility$4.apply(CommonUtility.java:1)
at org.openqa.selenium.support.ui.FluentWait.until(FluentWait.java:211)
at com.atmecs.helper.CommonUtility.getText(CommonUtility.java:177)
at com.atmecs.general.AtmecsHomePage.isFooterPresent(AtmecsHomePage.java:80)
at com.atmecs.testscript.AtmecsHomePageScript.validateAboutUsFooter(AtmecsHomePageScript.java:36)
at sun.reflect.GeneratedMethodAccessor2.invoke(Unknown Source)
at sun.reflect.DelegatingMethodAccessorImpl.invoke(DelegatingMethodAccessorImpl.java:43)
at java.lang.reflect.Method.invoke(Method.java:498)
at org.testng.internal.MethodInvocationHelper.invokeMethod(MethodInvocationHelper.java:133)
at org.testng.internal.TestInvoker.invokeMethod(TestInvoker.java:584)
at org.testng.internal.TestInvoker.invokeTestMethod(TestInvoker.java:172)
at org.testng.internal.MethodRunner.runInSequence(MethodRunner.java:46)
at org.testng.internal.TestInvoker$MethodInvocationAgent.invoke(TestInvoker.java:804)
at org.testng.internal.TestInvoker.invokeTestMethods(TestInvoker.java:145)
at org.testng.internal.TestMethodWorker.invokeTestMethods(TestMethodWorker.java:146)
at org.testng.internal.TestMethodWorker.run(TestMethodWorker.java:128)
at java.util.ArrayList.forEach(ArrayList.java:1257)
at org.testng.TestRunner.privateRun(TestRunner.java:770)
at org.testng.TestRunner.run(TestRunner.java:591)
at org.testng.SuiteRunner.runTest(SuiteRunner.java:402)
at org.testng.SuiteRunner.runSequentially(SuiteRunner.java:396)
at org.testng.SuiteRunner.privateRun(SuiteRunner.java:355)
at org.testng.SuiteRunner.run(SuiteRunner.java:304)
at org.testng.SuiteRunnerWorker.runSuite(SuiteRunnerWorker.java:53)
at org.testng.SuiteRunnerWorker.run(SuiteRunnerWorker.java:96)
at org.testng.TestNG.runSuitesSequentially(TestNG.java:1180)
at org.testng.TestNG.runSuitesLocally(TestNG.java:1102)
at org.testng.TestNG.runSuites(TestNG.java:1032)
at org.testng.TestNG.run(TestNG.java:1000)
at org.testng.remote.AbstractRemoteTestNG.run(AbstractRemoteTestNG.java:115)
at org.testng.remote.RemoteTestNG.initAndRun(RemoteTestNG.java:251)
at org.testng.remote.RemoteTestNG.main(RemoteTestNG.java:77)
]]>
    </error>
  </testcase> <!-- validateAboutUsFooter -->
  <testcase name="validateAboutUsFooter" time="0.031" classname="com.atmecs.testscript.AtmecsHomePageScript">
    <error type="org.openqa.selenium.NoSuchWindowException" message="Currently focused window has been closed.
Build info: version: &#039;4.0.0-alpha-2&#039;, revision: &#039;f148142cf8&#039;, time: &#039;2019-07-01T20:55:26&#039;
System info: host: &#039;ATMECSINLT-283&#039;, ip: &#039;55.55.52.215&#039;, os.name: &#039;Windows 10&#039;, os.arch: &#039;amd64&#039;, os.version: &#039;10.0&#039;, java.version: &#039;1.8.0_221&#039;
Driver info: org.openqa.selenium.ie.InternetExplorerDriver
Capabilities {acceptInsecureCerts: false, browserName: internet explorer, browserVersion: 11, javascriptEnabled: true, pageLoadStrategy: normal, platform: WINDOWS, platformName: WINDOWS, proxy: Proxy(), se:ieOptions: {browserAttachTimeout: 0, elementScrollBehavior: 0, enablePersistentHover: true, ie.browserCommandLineSwitches: , ie.ensureCleanSession: false, ie.fileUploadDialogTimeout: 3000, ie.forceCreateProcessApi: false, ignoreProtectedModeSettings: false, ignoreZoomSetting: false, initialBrowserUrl: http://localhost:2124/, nativeEvents: true, requireWindowFocus: false}, setWindowRect: true, timeouts: {implicit: 0, pageLoad: 300000, script: 30000}}
Session ID: 055d0f1f-16b1-4577-b4c8-1028878473d8
*** Element info: {Using=xpath, value=//div[@id=&#039;footer&#039;]//a[contains(text(),&#039;Product Engineering&#039;)]}">
      <![CDATA[org.openqa.selenium.NoSuchWindowException: Currently focused window has been closed.
Build info: version: '4.0.0-alpha-2', revision: 'f148142cf8', time: '2019-07-01T20:55:26'
System info: host: 'ATMECSINLT-283', ip: '55.55.52.215', os.name: 'Windows 10', os.arch: 'amd64', os.version: '10.0', java.version: '1.8.0_221'
Driver info: org.openqa.selenium.ie.InternetExplorerDriver
Capabilities {acceptInsecureCerts: false, browserName: internet explorer, browserVersion: 11, javascriptEnabled: true, pageLoadStrategy: normal, platform: WINDOWS, platformName: WINDOWS, proxy: Proxy(), se:ieOptions: {browserAttachTimeout: 0, elementScrollBehavior: 0, enablePersistentHover: true, ie.browserCommandLineSwitches: , ie.ensureCleanSession: false, ie.fileUploadDialogTimeout: 3000, ie.forceCreateProcessApi: false, ignoreProtectedModeSettings: false, ignoreZoomSetting: false, initialBrowserUrl: http://localhost:2124/, nativeEvents: true, requireWindowFocus: false}, setWindowRect: true, timeouts: {implicit: 0, pageLoad: 300000, script: 30000}}
Session ID: 055d0f1f-16b1-4577-b4c8-1028878473d8
*** Element info: {Using=xpath, value=//div[@id='footer']//a[contains(text(),'Product Engineering')]}
at sun.reflect.GeneratedConstructorAccessor25.newInstance(Unknown Source)
at sun.reflect.DelegatingConstructorAccessorImpl.newInstance(DelegatingConstructorAccessorImpl.java:45)
at java.lang.reflect.Constructor.newInstance(Constructor.java:423)
at org.openqa.selenium.remote.codec.w3c.W3CHttpResponseCodec.createException(W3CHttpResponseCodec.java:191)
at org.openqa.selenium.remote.codec.w3c.W3CHttpResponseCodec.decode(W3CHttpResponseCodec.java:125)
at org.openqa.selenium.remote.codec.w3c.W3CHttpResponseCodec.decode(W3CHttpResponseCodec.java:52)
at org.openqa.selenium.remote.HttpCommandExecutor.execute(HttpCommandExecutor.java:161)
at org.openqa.selenium.remote.service.DriverCommandExecutor.execute(DriverCommandExecutor.java:83)
at org.openqa.selenium.remote.RemoteWebDriver.execute(RemoteWebDriver.java:576)
at org.openqa.selenium.remote.RemoteWebDriver.findElement(RemoteWebDriver.java:327)
at org.openqa.selenium.remote.RemoteWebDriver.findElementByXPath(RemoteWebDriver.java:445)
at org.openqa.selenium.By$ByXPath.findElement(By.java:353)
at org.openqa.selenium.remote.RemoteWebDriver.findElement(RemoteWebDriver.java:319)
at com.atmecs.helper.CommonUtility.locatorsType(CommonUtility.java:49)
at com.atmecs.helper.CommonUtility$4.apply(CommonUtility.java:180)
at com.atmecs.helper.CommonUtility$4.apply(CommonUtility.java:1)
at org.openqa.selenium.support.ui.FluentWait.until(FluentWait.java:211)
at com.atmecs.helper.CommonUtility.getText(CommonUtility.java:177)
at com.atmecs.general.AtmecsHomePage.isFooterPresent(AtmecsHomePage.java:80)
at com.atmecs.testscript.AtmecsHomePageScript.validateAboutUsFooter(AtmecsHomePageScript.java:36)
at sun.reflect.GeneratedMethodAccessor2.invoke(Unknown Source)
at sun.reflect.DelegatingMethodAccessorImpl.invoke(DelegatingMethodAccessorImpl.java:43)
at java.lang.reflect.Method.invoke(Method.java:498)
at org.testng.internal.MethodInvocationHelper.invokeMethod(MethodInvocationHelper.java:133)
at org.testng.internal.TestInvoker.invokeMethod(TestInvoker.java:584)
at org.testng.internal.TestInvoker.invokeTestMethod(TestInvoker.java:172)
at org.testng.internal.MethodRunner.runInSequence(MethodRunner.java:46)
at org.testng.internal.TestInvoker$MethodInvocationAgent.invoke(TestInvoker.java:804)
at org.testng.internal.TestInvoker.invokeTestMethods(TestInvoker.java:145)
at org.testng.internal.TestMethodWorker.invokeTestMethods(TestMethodWorker.java:146)
at org.testng.internal.TestMethodWorker.run(TestMethodWorker.java:128)
at java.util.ArrayList.forEach(ArrayList.java:1257)
at org.testng.TestRunner.privateRun(TestRunner.java:770)
at org.testng.TestRunner.run(TestRunner.java:591)
at org.testng.SuiteRunner.runTest(SuiteRunner.java:402)
at org.testng.SuiteRunner.runSequentially(SuiteRunner.java:396)
at org.testng.SuiteRunner.privateRun(SuiteRunner.java:355)
at org.testng.SuiteRunner.run(SuiteRunner.java:304)
at org.testng.SuiteRunnerWorker.runSuite(SuiteRunnerWorker.java:53)
at org.testng.SuiteRunnerWorker.run(SuiteRunnerWorker.java:96)
at org.testng.TestNG.runSuitesSequentially(TestNG.java:1180)
at org.testng.TestNG.runSuitesLocally(TestNG.java:1102)
at org.testng.TestNG.runSuites(TestNG.java:1032)
at org.testng.TestNG.run(TestNG.java:1000)
at org.testng.remote.AbstractRemoteTestNG.run(AbstractRemoteTestNG.java:115)
at org.testng.remote.RemoteTestNG.initAndRun(RemoteTestNG.java:251)
at org.testng.remote.RemoteTestNG.main(RemoteTestNG.java:77)
]]>
    </error>
  </testcase> <!-- validateAboutUsFooter -->
  <testcase name="validateAboutUsFooter" time="0.045" classname="com.atmecs.testscript.AtmecsHomePageScript">
    <error type="org.openqa.selenium.NoSuchWindowException" message="Currently focused window has been closed.
Build info: version: &#039;4.0.0-alpha-2&#039;, revision: &#039;f148142cf8&#039;, time: &#039;2019-07-01T20:55:26&#039;
System info: host: &#039;ATMECSINLT-283&#039;, ip: &#039;55.55.52.215&#039;, os.name: &#039;Windows 10&#039;, os.arch: &#039;amd64&#039;, os.version: &#039;10.0&#039;, java.version: &#039;1.8.0_221&#039;
Driver info: org.openqa.selenium.ie.InternetExplorerDriver
Capabilities {acceptInsecureCerts: false, browserName: internet explorer, browserVersion: 11, javascriptEnabled: true, pageLoadStrategy: normal, platform: WINDOWS, platformName: WINDOWS, proxy: Proxy(), se:ieOptions: {browserAttachTimeout: 0, elementScrollBehavior: 0, enablePersistentHover: true, ie.browserCommandLineSwitches: , ie.ensureCleanSession: false, ie.fileUploadDialogTimeout: 3000, ie.forceCreateProcessApi: false, ignoreProtectedModeSettings: false, ignoreZoomSetting: false, initialBrowserUrl: http://localhost:2124/, nativeEvents: true, requireWindowFocus: false}, setWindowRect: true, timeouts: {implicit: 0, pageLoad: 300000, script: 30000}}
Session ID: 055d0f1f-16b1-4577-b4c8-1028878473d8
*** Element info: {Using=xpath, value=//div[@id=&#039;footer&#039;]//a[contains(text(),&#039;Home&#039;)]}">
      <![CDATA[org.openqa.selenium.NoSuchWindowException: Currently focused window has been closed.
Build info: version: '4.0.0-alpha-2', revision: 'f148142cf8', time: '2019-07-01T20:55:26'
System info: host: 'ATMECSINLT-283', ip: '55.55.52.215', os.name: 'Windows 10', os.arch: 'amd64', os.version: '10.0', java.version: '1.8.0_221'
Driver info: org.openqa.selenium.ie.InternetExplorerDriver
Capabilities {acceptInsecureCerts: false, browserName: internet explorer, browserVersion: 11, javascriptEnabled: true, pageLoadStrategy: normal, platform: WINDOWS, platformName: WINDOWS, proxy: Proxy(), se:ieOptions: {browserAttachTimeout: 0, elementScrollBehavior: 0, enablePersistentHover: true, ie.browserCommandLineSwitches: , ie.ensureCleanSession: false, ie.fileUploadDialogTimeout: 3000, ie.forceCreateProcessApi: false, ignoreProtectedModeSettings: false, ignoreZoomSetting: false, initialBrowserUrl: http://localhost:2124/, nativeEvents: true, requireWindowFocus: false}, setWindowRect: true, timeouts: {implicit: 0, pageLoad: 300000, script: 30000}}
Session ID: 055d0f1f-16b1-4577-b4c8-1028878473d8
*** Element info: {Using=xpath, value=//div[@id='footer']//a[contains(text(),'Home')]}
at sun.reflect.NativeConstructorAccessorImpl.newInstance0(Native Method)
at sun.reflect.NativeConstructorAccessorImpl.newInstance(NativeConstructorAccessorImpl.java:62)
at sun.reflect.DelegatingConstructorAccessorImpl.newInstance(DelegatingConstructorAccessorImpl.java:45)
at java.lang.reflect.Constructor.newInstance(Constructor.java:423)
at org.openqa.selenium.remote.codec.w3c.W3CHttpResponseCodec.createException(W3CHttpResponseCodec.java:191)
at org.openqa.selenium.remote.codec.w3c.W3CHttpResponseCodec.decode(W3CHttpResponseCodec.java:125)
at org.openqa.selenium.remote.codec.w3c.W3CHttpResponseCodec.decode(W3CHttpResponseCodec.java:52)
at org.openqa.selenium.remote.HttpCommandExecutor.execute(HttpCommandExecutor.java:161)
at org.openqa.selenium.remote.service.DriverCommandExecutor.execute(DriverCommandExecutor.java:83)
at org.openqa.selenium.remote.RemoteWebDriver.execute(RemoteWebDriver.java:576)
at org.openqa.selenium.remote.RemoteWebDriver.findElement(RemoteWebDriver.java:327)
at org.openqa.selenium.remote.RemoteWebDriver.findElementByXPath(RemoteWebDriver.java:445)
at org.openqa.selenium.By$ByXPath.findElement(By.java:353)
at org.openqa.selenium.remote.RemoteWebDriver.findElement(RemoteWebDriver.java:319)
at com.atmecs.helper.CommonUtility.locatorsType(CommonUtility.java:49)
at com.atmecs.helper.CommonUtility$4.apply(CommonUtility.java:180)
at com.atmecs.helper.CommonUtility$4.apply(CommonUtility.java:1)
at org.openqa.selenium.support.ui.FluentWait.until(FluentWait.java:211)
at com.atmecs.helper.CommonUtility.getText(CommonUtility.java:177)
at com.atmecs.general.AtmecsHomePage.isFooterPresent(AtmecsHomePage.java:80)
at com.atmecs.testscript.AtmecsHomePageScript.validateAboutUsFooter(AtmecsHomePageScript.java:36)
at sun.reflect.NativeMethodAccessorImpl.invoke0(Native Method)
at sun.reflect.NativeMethodAccessorImpl.invoke(NativeMethodAccessorImpl.java:62)
at sun.reflect.DelegatingMethodAccessorImpl.invoke(DelegatingMethodAccessorImpl.java:43)
at java.lang.reflect.Method.invoke(Method.java:498)
at org.testng.internal.MethodInvocationHelper.invokeMethod(MethodInvocationHelper.java:133)
at org.testng.internal.TestInvoker.invokeMethod(TestInvoker.java:584)
at org.testng.internal.TestInvoker.invokeTestMethod(TestInvoker.java:172)
at org.testng.internal.MethodRunner.runInSequence(MethodRunner.java:46)
at org.testng.internal.TestInvoker$MethodInvocationAgent.invoke(TestInvoker.java:804)
at org.testng.internal.TestInvoker.invokeTestMethods(TestInvoker.java:145)
at org.testng.internal.TestMethodWorker.invokeTestMethods(TestMethodWorker.java:146)
at org.testng.internal.TestMethodWorker.run(TestMethodWorker.java:128)
at java.util.ArrayList.forEach(ArrayList.java:1257)
at org.testng.TestRunner.privateRun(TestRunner.java:770)
at org.testng.TestRunner.run(TestRunner.java:591)
at org.testng.SuiteRunner.runTest(SuiteRunner.java:402)
at org.testng.SuiteRunner.runSequentially(SuiteRunner.java:396)
at org.testng.SuiteRunner.privateRun(SuiteRunner.java:355)
at org.testng.SuiteRunner.run(SuiteRunner.java:304)
at org.testng.SuiteRunnerWorker.runSuite(SuiteRunnerWorker.java:53)
at org.testng.SuiteRunnerWorker.run(SuiteRunnerWorker.java:96)
at org.testng.TestNG.runSuitesSequentially(TestNG.java:1180)
at org.testng.TestNG.runSuitesLocally(TestNG.java:1102)
at org.testng.TestNG.runSuites(TestNG.java:1032)
at org.testng.TestNG.run(TestNG.java:1000)
at org.testng.remote.AbstractRemoteTestNG.run(AbstractRemoteTestNG.java:115)
at org.testng.remote.RemoteTestNG.initAndRun(RemoteTestNG.java:251)
at org.testng.remote.RemoteTestNG.main(RemoteTestNG.java:77)
]]>
    </error>
  </testcase> <!-- validateAboutUsFooter -->
  <testcase name="validateAboutUsFooter" time="0.038" classname="com.atmecs.testscript.AtmecsHomePageScript">
    <error type="org.openqa.selenium.NoSuchWindowException" message="Currently focused window has been closed.
Build info: version: &#039;4.0.0-alpha-2&#039;, revision: &#039;f148142cf8&#039;, time: &#039;2019-07-01T20:55:26&#039;
System info: host: &#039;ATMECSINLT-283&#039;, ip: &#039;55.55.52.215&#039;, os.name: &#039;Windows 10&#039;, os.arch: &#039;amd64&#039;, os.version: &#039;10.0&#039;, java.version: &#039;1.8.0_221&#039;
Driver info: org.openqa.selenium.ie.InternetExplorerDriver
Capabilities {acceptInsecureCerts: false, browserName: internet explorer, browserVersion: 11, javascriptEnabled: true, pageLoadStrategy: normal, platform: WINDOWS, platformName: WINDOWS, proxy: Proxy(), se:ieOptions: {browserAttachTimeout: 0, elementScrollBehavior: 0, enablePersistentHover: true, ie.browserCommandLineSwitches: , ie.ensureCleanSession: false, ie.fileUploadDialogTimeout: 3000, ie.forceCreateProcessApi: false, ignoreProtectedModeSettings: false, ignoreZoomSetting: false, initialBrowserUrl: http://localhost:2124/, nativeEvents: true, requireWindowFocus: false}, setWindowRect: true, timeouts: {implicit: 0, pageLoad: 300000, script: 30000}}
Session ID: 055d0f1f-16b1-4577-b4c8-1028878473d8
*** Element info: {Using=xpath, value=//div[@id=&#039;footer&#039;]//a[contains(text(),&#039;Augmented Reality / Virtual Reality&#039;)]}">
      <![CDATA[org.openqa.selenium.NoSuchWindowException: Currently focused window has been closed.
Build info: version: '4.0.0-alpha-2', revision: 'f148142cf8', time: '2019-07-01T20:55:26'
System info: host: 'ATMECSINLT-283', ip: '55.55.52.215', os.name: 'Windows 10', os.arch: 'amd64', os.version: '10.0', java.version: '1.8.0_221'
Driver info: org.openqa.selenium.ie.InternetExplorerDriver
Capabilities {acceptInsecureCerts: false, browserName: internet explorer, browserVersion: 11, javascriptEnabled: true, pageLoadStrategy: normal, platform: WINDOWS, platformName: WINDOWS, proxy: Proxy(), se:ieOptions: {browserAttachTimeout: 0, elementScrollBehavior: 0, enablePersistentHover: true, ie.browserCommandLineSwitches: , ie.ensureCleanSession: false, ie.fileUploadDialogTimeout: 3000, ie.forceCreateProcessApi: false, ignoreProtectedModeSettings: false, ignoreZoomSetting: false, initialBrowserUrl: http://localhost:2124/, nativeEvents: true, requireWindowFocus: false}, setWindowRect: true, timeouts: {implicit: 0, pageLoad: 300000, script: 30000}}
Session ID: 055d0f1f-16b1-4577-b4c8-1028878473d8
*** Element info: {Using=xpath, value=//div[@id='footer']//a[contains(text(),'Augmented Reality / Virtual Reality')]}
at sun.reflect.GeneratedConstructorAccessor25.newInstance(Unknown Source)
at sun.reflect.DelegatingConstructorAccessorImpl.newInstance(DelegatingConstructorAccessorImpl.java:45)
at java.lang.reflect.Constructor.newInstance(Constructor.java:423)
at org.openqa.selenium.remote.codec.w3c.W3CHttpResponseCodec.createException(W3CHttpResponseCodec.java:191)
at org.openqa.selenium.remote.codec.w3c.W3CHttpResponseCodec.decode(W3CHttpResponseCodec.java:125)
at org.openqa.selenium.remote.codec.w3c.W3CHttpResponseCodec.decode(W3CHttpResponseCodec.java:52)
at org.openqa.selenium.remote.HttpCommandExecutor.execute(HttpCommandExecutor.java:161)
at org.openqa.selenium.remote.service.DriverCommandExecutor.execute(DriverCommandExecutor.java:83)
at org.openqa.selenium.remote.RemoteWebDriver.execute(RemoteWebDriver.java:576)
at org.openqa.selenium.remote.RemoteWebDriver.findElement(RemoteWebDriver.java:327)
at org.openqa.selenium.remote.RemoteWebDriver.findElementByXPath(RemoteWebDriver.java:445)
at org.openqa.selenium.By$ByXPath.findElement(By.java:353)
at org.openqa.selenium.remote.RemoteWebDriver.findElement(RemoteWebDriver.java:319)
at com.atmecs.helper.CommonUtility.locatorsType(CommonUtility.java:49)
at com.atmecs.helper.CommonUtility$4.apply(CommonUtility.java:180)
at com.atmecs.helper.CommonUtility$4.apply(CommonUtility.java:1)
at org.openqa.selenium.support.ui.FluentWait.until(FluentWait.java:211)
at com.atmecs.helper.CommonUtility.getText(CommonUtility.java:177)
at com.atmecs.general.AtmecsHomePage.isFooterPresent(AtmecsHomePage.java:80)
at com.atmecs.testscript.AtmecsHomePageScript.validateAboutUsFooter(AtmecsHomePageScript.java:36)
at sun.reflect.GeneratedMethodAccessor2.invoke(Unknown Source)
at sun.reflect.DelegatingMethodAccessorImpl.invoke(DelegatingMethodAccessorImpl.java:43)
at java.lang.reflect.Method.invoke(Method.java:498)
at org.testng.internal.MethodInvocationHelper.invokeMethod(MethodInvocationHelper.java:133)
at org.testng.internal.TestInvoker.invokeMethod(TestInvoker.java:584)
at org.testng.internal.TestInvoker.invokeTestMethod(TestInvoker.java:172)
at org.testng.internal.MethodRunner.runInSequence(MethodRunner.java:46)
at org.testng.internal.TestInvoker$MethodInvocationAgent.invoke(TestInvoker.java:804)
at org.testng.internal.TestInvoker.invokeTestMethods(TestInvoker.java:145)
at org.testng.internal.TestMethodWorker.invokeTestMethods(TestMethodWorker.java:146)
at org.testng.internal.TestMethodWorker.run(TestMethodWorker.java:128)
at java.util.ArrayList.forEach(ArrayList.java:1257)
at org.testng.TestRunner.privateRun(TestRunner.java:770)
at org.testng.TestRunner.run(TestRunner.java:591)
at org.testng.SuiteRunner.runTest(SuiteRunner.java:402)
at org.testng.SuiteRunner.runSequentially(SuiteRunner.java:396)
at org.testng.SuiteRunner.privateRun(SuiteRunner.java:355)
at org.testng.SuiteRunner.run(SuiteRunner.java:304)
at org.testng.SuiteRunnerWorker.runSuite(SuiteRunnerWorker.java:53)
at org.testng.SuiteRunnerWorker.run(SuiteRunnerWorker.java:96)
at org.testng.TestNG.runSuitesSequentially(TestNG.java:1180)
at org.testng.TestNG.runSuitesLocally(TestNG.java:1102)
at org.testng.TestNG.runSuites(TestNG.java:1032)
at org.testng.TestNG.run(TestNG.java:1000)
at org.testng.remote.AbstractRemoteTestNG.run(AbstractRemoteTestNG.java:115)
at org.testng.remote.RemoteTestNG.initAndRun(RemoteTestNG.java:251)
at org.testng.remote.RemoteTestNG.main(RemoteTestNG.java:77)
]]>
    </error>
  </testcase> <!-- validateAboutUsFooter -->
  <testcase name="validateAboutUsFooter" time="0.052" classname="com.atmecs.testscript.AtmecsHomePageScript">
    <error type="org.openqa.selenium.NoSuchWindowException" message="Currently focused window has been closed.
Build info: version: &#039;4.0.0-alpha-2&#039;, revision: &#039;f148142cf8&#039;, time: &#039;2019-07-01T20:55:26&#039;
System info: host: &#039;ATMECSINLT-283&#039;, ip: &#039;55.55.52.215&#039;, os.name: &#039;Windows 10&#039;, os.arch: &#039;amd64&#039;, os.version: &#039;10.0&#039;, java.version: &#039;1.8.0_221&#039;
Driver info: org.openqa.selenium.ie.InternetExplorerDriver
Capabilities {acceptInsecureCerts: false, browserName: internet explorer, browserVersion: 11, javascriptEnabled: true, pageLoadStrategy: normal, platform: WINDOWS, platformName: WINDOWS, proxy: Proxy(), se:ieOptions: {browserAttachTimeout: 0, elementScrollBehavior: 0, enablePersistentHover: true, ie.browserCommandLineSwitches: , ie.ensureCleanSession: false, ie.fileUploadDialogTimeout: 3000, ie.forceCreateProcessApi: false, ignoreProtectedModeSettings: false, ignoreZoomSetting: false, initialBrowserUrl: http://localhost:2124/, nativeEvents: true, requireWindowFocus: false}, setWindowRect: true, timeouts: {implicit: 0, pageLoad: 300000, script: 30000}}
Session ID: 055d0f1f-16b1-4577-b4c8-1028878473d8
*** Element info: {Using=xpath, value=//div[@id=&#039;footer&#039;]//a[contains(text(),&#039;Quality Engineering&#039;)]}">
      <![CDATA[org.openqa.selenium.NoSuchWindowException: Currently focused window has been closed.
Build info: version: '4.0.0-alpha-2', revision: 'f148142cf8', time: '2019-07-01T20:55:26'
System info: host: 'ATMECSINLT-283', ip: '55.55.52.215', os.name: 'Windows 10', os.arch: 'amd64', os.version: '10.0', java.version: '1.8.0_221'
Driver info: org.openqa.selenium.ie.InternetExplorerDriver
Capabilities {acceptInsecureCerts: false, browserName: internet explorer, browserVersion: 11, javascriptEnabled: true, pageLoadStrategy: normal, platform: WINDOWS, platformName: WINDOWS, proxy: Proxy(), se:ieOptions: {browserAttachTimeout: 0, elementScrollBehavior: 0, enablePersistentHover: true, ie.browserCommandLineSwitches: , ie.ensureCleanSession: false, ie.fileUploadDialogTimeout: 3000, ie.forceCreateProcessApi: false, ignoreProtectedModeSettings: false, ignoreZoomSetting: false, initialBrowserUrl: http://localhost:2124/, nativeEvents: true, requireWindowFocus: false}, setWindowRect: true, timeouts: {implicit: 0, pageLoad: 300000, script: 30000}}
Session ID: 055d0f1f-16b1-4577-b4c8-1028878473d8
*** Element info: {Using=xpath, value=//div[@id='footer']//a[contains(text(),'Quality Engineering')]}
at sun.reflect.GeneratedConstructorAccessor25.newInstance(Unknown Source)
at sun.reflect.DelegatingConstructorAccessorImpl.newInstance(DelegatingConstructorAccessorImpl.java:45)
at java.lang.reflect.Constructor.newInstance(Constructor.java:423)
at org.openqa.selenium.remote.codec.w3c.W3CHttpResponseCodec.createException(W3CHttpResponseCodec.java:191)
at org.openqa.selenium.remote.codec.w3c.W3CHttpResponseCodec.decode(W3CHttpResponseCodec.java:125)
at org.openqa.selenium.remote.codec.w3c.W3CHttpResponseCodec.decode(W3CHttpResponseCodec.java:52)
at org.openqa.selenium.remote.HttpCommandExecutor.execute(HttpCommandExecutor.java:161)
at org.openqa.selenium.remote.service.DriverCommandExecutor.execute(DriverCommandExecutor.java:83)
at org.openqa.selenium.remote.RemoteWebDriver.execute(RemoteWebDriver.java:576)
at org.openqa.selenium.remote.RemoteWebDriver.findElement(RemoteWebDriver.java:327)
at org.openqa.selenium.remote.RemoteWebDriver.findElementByXPath(RemoteWebDriver.java:445)
at org.openqa.selenium.By$ByXPath.findElement(By.java:353)
at org.openqa.selenium.remote.RemoteWebDriver.findElement(RemoteWebDriver.java:319)
at com.atmecs.helper.CommonUtility.locatorsType(CommonUtility.java:49)
at com.atmecs.helper.CommonUtility$4.apply(CommonUtility.java:180)
at com.atmecs.helper.CommonUtility$4.apply(CommonUtility.java:1)
at org.openqa.selenium.support.ui.FluentWait.until(FluentWait.java:211)
at com.atmecs.helper.CommonUtility.getText(CommonUtility.java:177)
at com.atmecs.general.AtmecsHomePage.isFooterPresent(AtmecsHomePage.java:80)
at com.atmecs.testscript.AtmecsHomePageScript.validateAboutUsFooter(AtmecsHomePageScript.java:36)
at sun.reflect.GeneratedMethodAccessor2.invoke(Unknown Source)
at sun.reflect.DelegatingMethodAccessorImpl.invoke(DelegatingMethodAccessorImpl.java:43)
at java.lang.reflect.Method.invoke(Method.java:498)
at org.testng.internal.MethodInvocationHelper.invokeMethod(MethodInvocationHelper.java:133)
at org.testng.internal.TestInvoker.invokeMethod(TestInvoker.java:584)
at org.testng.internal.TestInvoker.invokeTestMethod(TestInvoker.java:172)
at org.testng.internal.MethodRunner.runInSequence(MethodRunner.java:46)
at org.testng.internal.TestInvoker$MethodInvocationAgent.invoke(TestInvoker.java:804)
at org.testng.internal.TestInvoker.invokeTestMethods(TestInvoker.java:145)
at org.testng.internal.TestMethodWorker.invokeTestMethods(TestMethodWorker.java:146)
at org.testng.internal.TestMethodWorker.run(TestMethodWorker.java:128)
at java.util.ArrayList.forEach(ArrayList.java:1257)
at org.testng.TestRunner.privateRun(TestRunner.java:770)
at org.testng.TestRunner.run(TestRunner.java:591)
at org.testng.SuiteRunner.runTest(SuiteRunner.java:402)
at org.testng.SuiteRunner.runSequentially(SuiteRunner.java:396)
at org.testng.SuiteRunner.privateRun(SuiteRunner.java:355)
at org.testng.SuiteRunner.run(SuiteRunner.java:304)
at org.testng.SuiteRunnerWorker.runSuite(SuiteRunnerWorker.java:53)
at org.testng.SuiteRunnerWorker.run(SuiteRunnerWorker.java:96)
at org.testng.TestNG.runSuitesSequentially(TestNG.java:1180)
at org.testng.TestNG.runSuitesLocally(TestNG.java:1102)
at org.testng.TestNG.runSuites(TestNG.java:1032)
at org.testng.TestNG.run(TestNG.java:1000)
at org.testng.remote.AbstractRemoteTestNG.run(AbstractRemoteTestNG.java:115)
at org.testng.remote.RemoteTestNG.initAndRun(RemoteTestNG.java:251)
at org.testng.remote.RemoteTestNG.main(RemoteTestNG.java:77)
]]>
    </error>
  </testcase> <!-- validateAboutUsFooter -->
  <testcase name="clickOnServicesMenu" time="0.026" classname="com.atmecs.testscript.AtmecsHomePageScript">
    <error type="org.openqa.selenium.NoSuchWindowException" message="Currently focused window has been closed.
Build info: version: &#039;4.0.0-alpha-2&#039;, revision: &#039;f148142cf8&#039;, time: &#039;2019-07-01T20:55:26&#039;
System info: host: &#039;ATMECSINLT-283&#039;, ip: &#039;55.55.52.215&#039;, os.name: &#039;Windows 10&#039;, os.arch: &#039;amd64&#039;, os.version: &#039;10.0&#039;, java.version: &#039;1.8.0_221&#039;
Driver info: org.openqa.selenium.ie.InternetExplorerDriver
Capabilities {acceptInsecureCerts: false, browserName: internet explorer, browserVersion: 11, javascriptEnabled: true, pageLoadStrategy: normal, platform: WINDOWS, platformName: WINDOWS, proxy: Proxy(), se:ieOptions: {browserAttachTimeout: 0, elementScrollBehavior: 0, enablePersistentHover: true, ie.browserCommandLineSwitches: , ie.ensureCleanSession: false, ie.fileUploadDialogTimeout: 3000, ie.forceCreateProcessApi: false, ignoreProtectedModeSettings: false, ignoreZoomSetting: false, initialBrowserUrl: http://localhost:2124/, nativeEvents: true, requireWindowFocus: false}, setWindowRect: true, timeouts: {implicit: 0, pageLoad: 300000, script: 30000}}
Session ID: 055d0f1f-16b1-4577-b4c8-1028878473d8
*** Element info: {Using=css selector, value=#menu-item-25}">
      <![CDATA[org.openqa.selenium.NoSuchWindowException: Currently focused window has been closed.
Build info: version: '4.0.0-alpha-2', revision: 'f148142cf8', time: '2019-07-01T20:55:26'
System info: host: 'ATMECSINLT-283', ip: '55.55.52.215', os.name: 'Windows 10', os.arch: 'amd64', os.version: '10.0', java.version: '1.8.0_221'
Driver info: org.openqa.selenium.ie.InternetExplorerDriver
Capabilities {acceptInsecureCerts: false, browserName: internet explorer, browserVersion: 11, javascriptEnabled: true, pageLoadStrategy: normal, platform: WINDOWS, platformName: WINDOWS, proxy: Proxy(), se:ieOptions: {browserAttachTimeout: 0, elementScrollBehavior: 0, enablePersistentHover: true, ie.browserCommandLineSwitches: , ie.ensureCleanSession: false, ie.fileUploadDialogTimeout: 3000, ie.forceCreateProcessApi: false, ignoreProtectedModeSettings: false, ignoreZoomSetting: false, initialBrowserUrl: http://localhost:2124/, nativeEvents: true, requireWindowFocus: false}, setWindowRect: true, timeouts: {implicit: 0, pageLoad: 300000, script: 30000}}
Session ID: 055d0f1f-16b1-4577-b4c8-1028878473d8
*** Element info: {Using=css selector, value=#menu-item-25}
at sun.reflect.GeneratedConstructorAccessor25.newInstance(Unknown Source)
at sun.reflect.DelegatingConstructorAccessorImpl.newInstance(DelegatingConstructorAccessorImpl.java:45)
at java.lang.reflect.Constructor.newInstance(Constructor.java:423)
at org.openqa.selenium.remote.codec.w3c.W3CHttpResponseCodec.createException(W3CHttpResponseCodec.java:191)
at org.openqa.selenium.remote.codec.w3c.W3CHttpResponseCodec.decode(W3CHttpResponseCodec.java:125)
at org.openqa.selenium.remote.codec.w3c.W3CHttpResponseCodec.decode(W3CHttpResponseCodec.java:52)
at org.openqa.selenium.remote.HttpCommandExecutor.execute(HttpCommandExecutor.java:161)
at org.openqa.selenium.remote.service.DriverCommandExecutor.execute(DriverCommandExecutor.java:83)
at org.openqa.selenium.remote.RemoteWebDriver.execute(RemoteWebDriver.java:576)
at org.openqa.selenium.remote.RemoteWebDriver.findElement(RemoteWebDriver.java:327)
at org.openqa.selenium.remote.RemoteWebDriver.findElementByCssSelector(RemoteWebDriver.java:435)
at org.openqa.selenium.By$ByCssSelector.findElement(By.java:431)
at org.openqa.selenium.remote.RemoteWebDriver.findElement(RemoteWebDriver.java:319)
at com.atmecs.helper.CommonUtility.locatorsType(CommonUtility.java:54)
at com.atmecs.helper.CommonUtility$1.apply(CommonUtility.java:99)
at com.atmecs.helper.CommonUtility$1.apply(CommonUtility.java:1)
at org.openqa.selenium.support.ui.FluentWait.until(FluentWait.java:211)
at com.atmecs.helper.CommonUtility.clickElement(CommonUtility.java:97)
at com.atmecs.general.AtmecsHomePage.clickOnService(AtmecsHomePage.java:21)
at com.atmecs.testscript.AtmecsHomePageScript.clickOnServicesMenu(AtmecsHomePageScript.java:41)
at sun.reflect.NativeMethodAccessorImpl.invoke0(Native Method)
at sun.reflect.NativeMethodAccessorImpl.invoke(NativeMethodAccessorImpl.java:62)
at sun.reflect.DelegatingMethodAccessorImpl.invoke(DelegatingMethodAccessorImpl.java:43)
at java.lang.reflect.Method.invoke(Method.java:498)
at org.testng.internal.MethodInvocationHelper.invokeMethod(MethodInvocationHelper.java:133)
at org.testng.internal.TestInvoker.invokeMethod(TestInvoker.java:584)
at org.testng.internal.TestInvoker.invokeTestMethod(TestInvoker.java:172)
at org.testng.internal.MethodRunner.runInSequence(MethodRunner.java:46)
at org.testng.internal.TestInvoker$MethodInvocationAgent.invoke(TestInvoker.java:804)
at org.testng.internal.TestInvoker.invokeTestMethods(TestInvoker.java:145)
at org.testng.internal.TestMethodWorker.invokeTestMethods(TestMethodWorker.java:146)
at org.testng.internal.TestMethodWorker.run(TestMethodWorker.java:128)
at java.util.ArrayList.forEach(ArrayList.java:1257)
at org.testng.TestRunner.privateRun(TestRunner.java:770)
at org.testng.TestRunner.run(TestRunner.java:591)
at org.testng.SuiteRunner.runTest(SuiteRunner.java:402)
at org.testng.SuiteRunner.runSequentially(SuiteRunner.java:396)
at org.testng.SuiteRunner.privateRun(SuiteRunner.java:355)
at org.testng.SuiteRunner.run(SuiteRunner.java:304)
at org.testng.SuiteRunnerWorker.runSuite(SuiteRunnerWorker.java:53)
at org.testng.SuiteRunnerWorker.run(SuiteRunnerWorker.java:96)
at org.testng.TestNG.runSuitesSequentially(TestNG.java:1180)
at org.testng.TestNG.runSuitesLocally(TestNG.java:1102)
at org.testng.TestNG.runSuites(TestNG.java:1032)
at org.testng.TestNG.run(TestNG.java:1000)
at org.testng.remote.AbstractRemoteTestNG.run(AbstractRemoteTestNG.java:115)
at org.testng.remote.RemoteTestNG.initAndRun(RemoteTestNG.java:251)
at org.testng.remote.RemoteTestNG.main(RemoteTestNG.java:77)
]]>
    </error>
  </testcase> <!-- clickOnServicesMenu -->
  <testcase name="validateServicesFooter" time="0.026" classname="com.atmecs.testscript.AtmecsHomePageScript">
    <error type="org.openqa.selenium.NoSuchWindowException" message="Currently focused window has been closed.
Build info: version: &#039;4.0.0-alpha-2&#039;, revision: &#039;f148142cf8&#039;, time: &#039;2019-07-01T20:55:26&#039;
System info: host: &#039;ATMECSINLT-283&#039;, ip: &#039;55.55.52.215&#039;, os.name: &#039;Windows 10&#039;, os.arch: &#039;amd64&#039;, os.version: &#039;10.0&#039;, java.version: &#039;1.8.0_221&#039;
Driver info: org.openqa.selenium.ie.InternetExplorerDriver
Capabilities {acceptInsecureCerts: false, browserName: internet explorer, browserVersion: 11, javascriptEnabled: true, pageLoadStrategy: normal, platform: WINDOWS, platformName: WINDOWS, proxy: Proxy(), se:ieOptions: {browserAttachTimeout: 0, elementScrollBehavior: 0, enablePersistentHover: true, ie.browserCommandLineSwitches: , ie.ensureCleanSession: false, ie.fileUploadDialogTimeout: 3000, ie.forceCreateProcessApi: false, ignoreProtectedModeSettings: false, ignoreZoomSetting: false, initialBrowserUrl: http://localhost:2124/, nativeEvents: true, requireWindowFocus: false}, setWindowRect: true, timeouts: {implicit: 0, pageLoad: 300000, script: 30000}}
Session ID: 055d0f1f-16b1-4577-b4c8-1028878473d8
*** Element info: {Using=xpath, value=//div[@id=&#039;footer&#039;]//a[contains(text(),&#039;About Us&#039;)]}">
      <![CDATA[org.openqa.selenium.NoSuchWindowException: Currently focused window has been closed.
Build info: version: '4.0.0-alpha-2', revision: 'f148142cf8', time: '2019-07-01T20:55:26'
System info: host: 'ATMECSINLT-283', ip: '55.55.52.215', os.name: 'Windows 10', os.arch: 'amd64', os.version: '10.0', java.version: '1.8.0_221'
Driver info: org.openqa.selenium.ie.InternetExplorerDriver
Capabilities {acceptInsecureCerts: false, browserName: internet explorer, browserVersion: 11, javascriptEnabled: true, pageLoadStrategy: normal, platform: WINDOWS, platformName: WINDOWS, proxy: Proxy(), se:ieOptions: {browserAttachTimeout: 0, elementScrollBehavior: 0, enablePersistentHover: true, ie.browserCommandLineSwitches: , ie.ensureCleanSession: false, ie.fileUploadDialogTimeout: 3000, ie.forceCreateProcessApi: false, ignoreProtectedModeSettings: false, ignoreZoomSetting: false, initialBrowserUrl: http://localhost:2124/, nativeEvents: true, requireWindowFocus: false}, setWindowRect: true, timeouts: {implicit: 0, pageLoad: 300000, script: 30000}}
Session ID: 055d0f1f-16b1-4577-b4c8-1028878473d8
*** Element info: {Using=xpath, value=//div[@id='footer']//a[contains(text(),'About Us')]}
at sun.reflect.GeneratedConstructorAccessor25.newInstance(Unknown Source)
at sun.reflect.DelegatingConstructorAccessorImpl.newInstance(DelegatingConstructorAccessorImpl.java:45)
at java.lang.reflect.Constructor.newInstance(Constructor.java:423)
at org.openqa.selenium.remote.codec.w3c.W3CHttpResponseCodec.createException(W3CHttpResponseCodec.java:191)
at org.openqa.selenium.remote.codec.w3c.W3CHttpResponseCodec.decode(W3CHttpResponseCodec.java:125)
at org.openqa.selenium.remote.codec.w3c.W3CHttpResponseCodec.decode(W3CHttpResponseCodec.java:52)
at org.openqa.selenium.remote.HttpCommandExecutor.execute(HttpCommandExecutor.java:161)
at org.openqa.selenium.remote.service.DriverCommandExecutor.execute(DriverCommandExecutor.java:83)
at org.openqa.selenium.remote.RemoteWebDriver.execute(RemoteWebDriver.java:576)
at org.openqa.selenium.remote.RemoteWebDriver.findElement(RemoteWebDriver.java:327)
at org.openqa.selenium.remote.RemoteWebDriver.findElementByXPath(RemoteWebDriver.java:445)
at org.openqa.selenium.By$ByXPath.findElement(By.java:353)
at org.openqa.selenium.remote.RemoteWebDriver.findElement(RemoteWebDriver.java:319)
at com.atmecs.helper.CommonUtility.locatorsType(CommonUtility.java:49)
at com.atmecs.helper.CommonUtility$4.apply(CommonUtility.java:180)
at com.atmecs.helper.CommonUtility$4.apply(CommonUtility.java:1)
at org.openqa.selenium.support.ui.FluentWait.until(FluentWait.java:211)
at com.atmecs.helper.CommonUtility.getText(CommonUtility.java:177)
at com.atmecs.general.AtmecsHomePage.isFooterPresent(AtmecsHomePage.java:80)
at com.atmecs.testscript.AtmecsHomePageScript.validateServicesFooter(AtmecsHomePageScript.java:49)
at sun.reflect.NativeMethodAccessorImpl.invoke0(Native Method)
at sun.reflect.NativeMethodAccessorImpl.invoke(NativeMethodAccessorImpl.java:62)
at sun.reflect.DelegatingMethodAccessorImpl.invoke(DelegatingMethodAccessorImpl.java:43)
at java.lang.reflect.Method.invoke(Method.java:498)
at org.testng.internal.MethodInvocationHelper.invokeMethod(MethodInvocationHelper.java:133)
at org.testng.internal.TestInvoker.invokeMethod(TestInvoker.java:584)
at org.testng.internal.TestInvoker.invokeTestMethod(TestInvoker.java:172)
at org.testng.internal.MethodRunner.runInSequence(MethodRunner.java:46)
at org.testng.internal.TestInvoker$MethodInvocationAgent.invoke(TestInvoker.java:804)
at org.testng.internal.TestInvoker.invokeTestMethods(TestInvoker.java:145)
at org.testng.internal.TestMethodWorker.invokeTestMethods(TestMethodWorker.java:146)
at org.testng.internal.TestMethodWorker.run(TestMethodWorker.java:128)
at java.util.ArrayList.forEach(ArrayList.java:1257)
at org.testng.TestRunner.privateRun(TestRunner.java:770)
at org.testng.TestRunner.run(TestRunner.java:591)
at org.testng.SuiteRunner.runTest(SuiteRunner.java:402)
at org.testng.SuiteRunner.runSequentially(SuiteRunner.java:396)
at org.testng.SuiteRunner.privateRun(SuiteRunner.java:355)
at org.testng.SuiteRunner.run(SuiteRunner.java:304)
at org.testng.SuiteRunnerWorker.runSuite(SuiteRunnerWorker.java:53)
at org.testng.SuiteRunnerWorker.run(SuiteRunnerWorker.java:96)
at org.testng.TestNG.runSuitesSequentially(TestNG.java:1180)
at org.testng.TestNG.runSuitesLocally(TestNG.java:1102)
at org.testng.TestNG.runSuites(TestNG.java:1032)
at org.testng.TestNG.run(TestNG.java:1000)
at org.testng.remote.AbstractRemoteTestNG.run(AbstractRemoteTestNG.java:115)
at org.testng.remote.RemoteTestNG.initAndRun(RemoteTestNG.java:251)
at org.testng.remote.RemoteTestNG.main(RemoteTestNG.java:77)
]]>
    </error>
  </testcase> <!-- validateServicesFooter -->
  <testcase name="validateServicesFooter" time="0.035" classname="com.atmecs.testscript.AtmecsHomePageScript">
    <error type="org.openqa.selenium.NoSuchWindowException" message="Currently focused window has been closed.
Build info: version: &#039;4.0.0-alpha-2&#039;, revision: &#039;f148142cf8&#039;, time: &#039;2019-07-01T20:55:26&#039;
System info: host: &#039;ATMECSINLT-283&#039;, ip: &#039;55.55.52.215&#039;, os.name: &#039;Windows 10&#039;, os.arch: &#039;amd64&#039;, os.version: &#039;10.0&#039;, java.version: &#039;1.8.0_221&#039;
Driver info: org.openqa.selenium.ie.InternetExplorerDriver
Capabilities {acceptInsecureCerts: false, browserName: internet explorer, browserVersion: 11, javascriptEnabled: true, pageLoadStrategy: normal, platform: WINDOWS, platformName: WINDOWS, proxy: Proxy(), se:ieOptions: {browserAttachTimeout: 0, elementScrollBehavior: 0, enablePersistentHover: true, ie.browserCommandLineSwitches: , ie.ensureCleanSession: false, ie.fileUploadDialogTimeout: 3000, ie.forceCreateProcessApi: false, ignoreProtectedModeSettings: false, ignoreZoomSetting: false, initialBrowserUrl: http://localhost:2124/, nativeEvents: true, requireWindowFocus: false}, setWindowRect: true, timeouts: {implicit: 0, pageLoad: 300000, script: 30000}}
Session ID: 055d0f1f-16b1-4577-b4c8-1028878473d8
*** Element info: {Using=xpath, value=//div[@id=&#039;footer&#039;]//a[contains(text(),&#039;Product Engineering&#039;)]}">
      <![CDATA[org.openqa.selenium.NoSuchWindowException: Currently focused window has been closed.
Build info: version: '4.0.0-alpha-2', revision: 'f148142cf8', time: '2019-07-01T20:55:26'
System info: host: 'ATMECSINLT-283', ip: '55.55.52.215', os.name: 'Windows 10', os.arch: 'amd64', os.version: '10.0', java.version: '1.8.0_221'
Driver info: org.openqa.selenium.ie.InternetExplorerDriver
Capabilities {acceptInsecureCerts: false, browserName: internet explorer, browserVersion: 11, javascriptEnabled: true, pageLoadStrategy: normal, platform: WINDOWS, platformName: WINDOWS, proxy: Proxy(), se:ieOptions: {browserAttachTimeout: 0, elementScrollBehavior: 0, enablePersistentHover: true, ie.browserCommandLineSwitches: , ie.ensureCleanSession: false, ie.fileUploadDialogTimeout: 3000, ie.forceCreateProcessApi: false, ignoreProtectedModeSettings: false, ignoreZoomSetting: false, initialBrowserUrl: http://localhost:2124/, nativeEvents: true, requireWindowFocus: false}, setWindowRect: true, timeouts: {implicit: 0, pageLoad: 300000, script: 30000}}
Session ID: 055d0f1f-16b1-4577-b4c8-1028878473d8
*** Element info: {Using=xpath, value=//div[@id='footer']//a[contains(text(),'Product Engineering')]}
at sun.reflect.GeneratedConstructorAccessor25.newInstance(Unknown Source)
at sun.reflect.DelegatingConstructorAccessorImpl.newInstance(DelegatingConstructorAccessorImpl.java:45)
at java.lang.reflect.Constructor.newInstance(Constructor.java:423)
at org.openqa.selenium.remote.codec.w3c.W3CHttpResponseCodec.createException(W3CHttpResponseCodec.java:191)
at org.openqa.selenium.remote.codec.w3c.W3CHttpResponseCodec.decode(W3CHttpResponseCodec.java:125)
at org.openqa.selenium.remote.codec.w3c.W3CHttpResponseCodec.decode(W3CHttpResponseCodec.java:52)
at org.openqa.selenium.remote.HttpCommandExecutor.execute(HttpCommandExecutor.java:161)
at org.openqa.selenium.remote.service.DriverCommandExecutor.execute(DriverCommandExecutor.java:83)
at org.openqa.selenium.remote.RemoteWebDriver.execute(RemoteWebDriver.java:576)
at org.openqa.selenium.remote.RemoteWebDriver.findElement(RemoteWebDriver.java:327)
at org.openqa.selenium.remote.RemoteWebDriver.findElementByXPath(RemoteWebDriver.java:445)
at org.openqa.selenium.By$ByXPath.findElement(By.java:353)
at org.openqa.selenium.remote.RemoteWebDriver.findElement(RemoteWebDriver.java:319)
at com.atmecs.helper.CommonUtility.locatorsType(CommonUtility.java:49)
at com.atmecs.helper.CommonUtility$4.apply(CommonUtility.java:180)
at com.atmecs.helper.CommonUtility$4.apply(CommonUtility.java:1)
at org.openqa.selenium.support.ui.FluentWait.until(FluentWait.java:211)
at com.atmecs.helper.CommonUtility.getText(CommonUtility.java:177)
at com.atmecs.general.AtmecsHomePage.isFooterPresent(AtmecsHomePage.java:80)
at com.atmecs.testscript.AtmecsHomePageScript.validateServicesFooter(AtmecsHomePageScript.java:49)
at sun.reflect.GeneratedMethodAccessor3.invoke(Unknown Source)
at sun.reflect.DelegatingMethodAccessorImpl.invoke(DelegatingMethodAccessorImpl.java:43)
at java.lang.reflect.Method.invoke(Method.java:498)
at org.testng.internal.MethodInvocationHelper.invokeMethod(MethodInvocationHelper.java:133)
at org.testng.internal.TestInvoker.invokeMethod(TestInvoker.java:584)
at org.testng.internal.TestInvoker.invokeTestMethod(TestInvoker.java:172)
at org.testng.internal.MethodRunner.runInSequence(MethodRunner.java:46)
at org.testng.internal.TestInvoker$MethodInvocationAgent.invoke(TestInvoker.java:804)
at org.testng.internal.TestInvoker.invokeTestMethods(TestInvoker.java:145)
at org.testng.internal.TestMethodWorker.invokeTestMethods(TestMethodWorker.java:146)
at org.testng.internal.TestMethodWorker.run(TestMethodWorker.java:128)
at java.util.ArrayList.forEach(ArrayList.java:1257)
at org.testng.TestRunner.privateRun(TestRunner.java:770)
at org.testng.TestRunner.run(TestRunner.java:591)
at org.testng.SuiteRunner.runTest(SuiteRunner.java:402)
at org.testng.SuiteRunner.runSequentially(SuiteRunner.java:396)
at org.testng.SuiteRunner.privateRun(SuiteRunner.java:355)
at org.testng.SuiteRunner.run(SuiteRunner.java:304)
at org.testng.SuiteRunnerWorker.runSuite(SuiteRunnerWorker.java:53)
at org.testng.SuiteRunnerWorker.run(SuiteRunnerWorker.java:96)
at org.testng.TestNG.runSuitesSequentially(TestNG.java:1180)
at org.testng.TestNG.runSuitesLocally(TestNG.java:1102)
at org.testng.TestNG.runSuites(TestNG.java:1032)
at org.testng.TestNG.run(TestNG.java:1000)
at org.testng.remote.AbstractRemoteTestNG.run(AbstractRemoteTestNG.java:115)
at org.testng.remote.RemoteTestNG.initAndRun(RemoteTestNG.java:251)
at org.testng.remote.RemoteTestNG.main(RemoteTestNG.java:77)
]]>
    </error>
  </testcase> <!-- validateServicesFooter -->
  <testcase name="validateServicesFooter" time="0.039" classname="com.atmecs.testscript.AtmecsHomePageScript">
    <error type="org.openqa.selenium.NoSuchWindowException" message="Currently focused window has been closed.
Build info: version: &#039;4.0.0-alpha-2&#039;, revision: &#039;f148142cf8&#039;, time: &#039;2019-07-01T20:55:26&#039;
System info: host: &#039;ATMECSINLT-283&#039;, ip: &#039;55.55.52.215&#039;, os.name: &#039;Windows 10&#039;, os.arch: &#039;amd64&#039;, os.version: &#039;10.0&#039;, java.version: &#039;1.8.0_221&#039;
Driver info: org.openqa.selenium.ie.InternetExplorerDriver
Capabilities {acceptInsecureCerts: false, browserName: internet explorer, browserVersion: 11, javascriptEnabled: true, pageLoadStrategy: normal, platform: WINDOWS, platformName: WINDOWS, proxy: Proxy(), se:ieOptions: {browserAttachTimeout: 0, elementScrollBehavior: 0, enablePersistentHover: true, ie.browserCommandLineSwitches: , ie.ensureCleanSession: false, ie.fileUploadDialogTimeout: 3000, ie.forceCreateProcessApi: false, ignoreProtectedModeSettings: false, ignoreZoomSetting: false, initialBrowserUrl: http://localhost:2124/, nativeEvents: true, requireWindowFocus: false}, setWindowRect: true, timeouts: {implicit: 0, pageLoad: 300000, script: 30000}}
Session ID: 055d0f1f-16b1-4577-b4c8-1028878473d8
*** Element info: {Using=xpath, value=//div[@id=&#039;footer&#039;]//a[contains(text(),&#039;Quality Engineering&#039;)]}">
      <![CDATA[org.openqa.selenium.NoSuchWindowException: Currently focused window has been closed.
Build info: version: '4.0.0-alpha-2', revision: 'f148142cf8', time: '2019-07-01T20:55:26'
System info: host: 'ATMECSINLT-283', ip: '55.55.52.215', os.name: 'Windows 10', os.arch: 'amd64', os.version: '10.0', java.version: '1.8.0_221'
Driver info: org.openqa.selenium.ie.InternetExplorerDriver
Capabilities {acceptInsecureCerts: false, browserName: internet explorer, browserVersion: 11, javascriptEnabled: true, pageLoadStrategy: normal, platform: WINDOWS, platformName: WINDOWS, proxy: Proxy(), se:ieOptions: {browserAttachTimeout: 0, elementScrollBehavior: 0, enablePersistentHover: true, ie.browserCommandLineSwitches: , ie.ensureCleanSession: false, ie.fileUploadDialogTimeout: 3000, ie.forceCreateProcessApi: false, ignoreProtectedModeSettings: false, ignoreZoomSetting: false, initialBrowserUrl: http://localhost:2124/, nativeEvents: true, requireWindowFocus: false}, setWindowRect: true, timeouts: {implicit: 0, pageLoad: 300000, script: 30000}}
Session ID: 055d0f1f-16b1-4577-b4c8-1028878473d8
*** Element info: {Using=xpath, value=//div[@id='footer']//a[contains(text(),'Quality Engineering')]}
at sun.reflect.GeneratedConstructorAccessor25.newInstance(Unknown Source)
at sun.reflect.DelegatingConstructorAccessorImpl.newInstance(DelegatingConstructorAccessorImpl.java:45)
at java.lang.reflect.Constructor.newInstance(Constructor.java:423)
at org.openqa.selenium.remote.codec.w3c.W3CHttpResponseCodec.createException(W3CHttpResponseCodec.java:191)
at org.openqa.selenium.remote.codec.w3c.W3CHttpResponseCodec.decode(W3CHttpResponseCodec.java:125)
at org.openqa.selenium.remote.codec.w3c.W3CHttpResponseCodec.decode(W3CHttpResponseCodec.java:52)
at org.openqa.selenium.remote.HttpCommandExecutor.execute(HttpCommandExecutor.java:161)
at org.openqa.selenium.remote.service.DriverCommandExecutor.execute(DriverCommandExecutor.java:83)
at org.openqa.selenium.remote.RemoteWebDriver.execute(RemoteWebDriver.java:576)
at org.openqa.selenium.remote.RemoteWebDriver.findElement(RemoteWebDriver.java:327)
at org.openqa.selenium.remote.RemoteWebDriver.findElementByXPath(RemoteWebDriver.java:445)
at org.openqa.selenium.By$ByXPath.findElement(By.java:353)
at org.openqa.selenium.remote.RemoteWebDriver.findElement(RemoteWebDriver.java:319)
at com.atmecs.helper.CommonUtility.locatorsType(CommonUtility.java:49)
at com.atmecs.helper.CommonUtility$4.apply(CommonUtility.java:180)
at com.atmecs.helper.CommonUtility$4.apply(CommonUtility.java:1)
at org.openqa.selenium.support.ui.FluentWait.until(FluentWait.java:211)
at com.atmecs.helper.CommonUtility.getText(CommonUtility.java:177)
at com.atmecs.general.AtmecsHomePage.isFooterPresent(AtmecsHomePage.java:80)
at com.atmecs.testscript.AtmecsHomePageScript.validateServicesFooter(AtmecsHomePageScript.java:49)
at sun.reflect.GeneratedMethodAccessor3.invoke(Unknown Source)
at sun.reflect.DelegatingMethodAccessorImpl.invoke(DelegatingMethodAccessorImpl.java:43)
at java.lang.reflect.Method.invoke(Method.java:498)
at org.testng.internal.MethodInvocationHelper.invokeMethod(MethodInvocationHelper.java:133)
at org.testng.internal.TestInvoker.invokeMethod(TestInvoker.java:584)
at org.testng.internal.TestInvoker.invokeTestMethod(TestInvoker.java:172)
at org.testng.internal.MethodRunner.runInSequence(MethodRunner.java:46)
at org.testng.internal.TestInvoker$MethodInvocationAgent.invoke(TestInvoker.java:804)
at org.testng.internal.TestInvoker.invokeTestMethods(TestInvoker.java:145)
at org.testng.internal.TestMethodWorker.invokeTestMethods(TestMethodWorker.java:146)
at org.testng.internal.TestMethodWorker.run(TestMethodWorker.java:128)
at java.util.ArrayList.forEach(ArrayList.java:1257)
at org.testng.TestRunner.privateRun(TestRunner.java:770)
at org.testng.TestRunner.run(TestRunner.java:591)
at org.testng.SuiteRunner.runTest(SuiteRunner.java:402)
at org.testng.SuiteRunner.runSequentially(SuiteRunner.java:396)
at org.testng.SuiteRunner.privateRun(SuiteRunner.java:355)
at org.testng.SuiteRunner.run(SuiteRunner.java:304)
at org.testng.SuiteRunnerWorker.runSuite(SuiteRunnerWorker.java:53)
at org.testng.SuiteRunnerWorker.run(SuiteRunnerWorker.java:96)
at org.testng.TestNG.runSuitesSequentially(TestNG.java:1180)
at org.testng.TestNG.runSuitesLocally(TestNG.java:1102)
at org.testng.TestNG.runSuites(TestNG.java:1032)
at org.testng.TestNG.run(TestNG.java:1000)
at org.testng.remote.AbstractRemoteTestNG.run(AbstractRemoteTestNG.java:115)
at org.testng.remote.RemoteTestNG.initAndRun(RemoteTestNG.java:251)
at org.testng.remote.RemoteTestNG.main(RemoteTestNG.java:77)
]]>
    </error>
  </testcase> <!-- validateServicesFooter -->
  <testcase name="validateServicesFooter" time="0.035" classname="com.atmecs.testscript.AtmecsHomePageScript">
    <error type="org.openqa.selenium.NoSuchWindowException" message="Currently focused window has been closed.
Build info: version: &#039;4.0.0-alpha-2&#039;, revision: &#039;f148142cf8&#039;, time: &#039;2019-07-01T20:55:26&#039;
System info: host: &#039;ATMECSINLT-283&#039;, ip: &#039;55.55.52.215&#039;, os.name: &#039;Windows 10&#039;, os.arch: &#039;amd64&#039;, os.version: &#039;10.0&#039;, java.version: &#039;1.8.0_221&#039;
Driver info: org.openqa.selenium.ie.InternetExplorerDriver
Capabilities {acceptInsecureCerts: false, browserName: internet explorer, browserVersion: 11, javascriptEnabled: true, pageLoadStrategy: normal, platform: WINDOWS, platformName: WINDOWS, proxy: Proxy(), se:ieOptions: {browserAttachTimeout: 0, elementScrollBehavior: 0, enablePersistentHover: true, ie.browserCommandLineSwitches: , ie.ensureCleanSession: false, ie.fileUploadDialogTimeout: 3000, ie.forceCreateProcessApi: false, ignoreProtectedModeSettings: false, ignoreZoomSetting: false, initialBrowserUrl: http://localhost:2124/, nativeEvents: true, requireWindowFocus: false}, setWindowRect: true, timeouts: {implicit: 0, pageLoad: 300000, script: 30000}}
Session ID: 055d0f1f-16b1-4577-b4c8-1028878473d8
*** Element info: {Using=xpath, value=//div[@id=&#039;footer&#039;]//a[contains(text(),&#039;Careers&#039;)]}">
      <![CDATA[org.openqa.selenium.NoSuchWindowException: Currently focused window has been closed.
Build info: version: '4.0.0-alpha-2', revision: 'f148142cf8', time: '2019-07-01T20:55:26'
System info: host: 'ATMECSINLT-283', ip: '55.55.52.215', os.name: 'Windows 10', os.arch: 'amd64', os.version: '10.0', java.version: '1.8.0_221'
Driver info: org.openqa.selenium.ie.InternetExplorerDriver
Capabilities {acceptInsecureCerts: false, browserName: internet explorer, browserVersion: 11, javascriptEnabled: true, pageLoadStrategy: normal, platform: WINDOWS, platformName: WINDOWS, proxy: Proxy(), se:ieOptions: {browserAttachTimeout: 0, elementScrollBehavior: 0, enablePersistentHover: true, ie.browserCommandLineSwitches: , ie.ensureCleanSession: false, ie.fileUploadDialogTimeout: 3000, ie.forceCreateProcessApi: false, ignoreProtectedModeSettings: false, ignoreZoomSetting: false, initialBrowserUrl: http://localhost:2124/, nativeEvents: true, requireWindowFocus: false}, setWindowRect: true, timeouts: {implicit: 0, pageLoad: 300000, script: 30000}}
Session ID: 055d0f1f-16b1-4577-b4c8-1028878473d8
*** Element info: {Using=xpath, value=//div[@id='footer']//a[contains(text(),'Careers')]}
at sun.reflect.GeneratedConstructorAccessor25.newInstance(Unknown Source)
at sun.reflect.DelegatingConstructorAccessorImpl.newInstance(DelegatingConstructorAccessorImpl.java:45)
at java.lang.reflect.Constructor.newInstance(Constructor.java:423)
at org.openqa.selenium.remote.codec.w3c.W3CHttpResponseCodec.createException(W3CHttpResponseCodec.java:191)
at org.openqa.selenium.remote.codec.w3c.W3CHttpResponseCodec.decode(W3CHttpResponseCodec.java:125)
at org.openqa.selenium.remote.codec.w3c.W3CHttpResponseCodec.decode(W3CHttpResponseCodec.java:52)
at org.openqa.selenium.remote.HttpCommandExecutor.execute(HttpCommandExecutor.java:161)
at org.openqa.selenium.remote.service.DriverCommandExecutor.execute(DriverCommandExecutor.java:83)
at org.openqa.selenium.remote.RemoteWebDriver.execute(RemoteWebDriver.java:576)
at org.openqa.selenium.remote.RemoteWebDriver.findElement(RemoteWebDriver.java:327)
at org.openqa.selenium.remote.RemoteWebDriver.findElementByXPath(RemoteWebDriver.java:445)
at org.openqa.selenium.By$ByXPath.findElement(By.java:353)
at org.openqa.selenium.remote.RemoteWebDriver.findElement(RemoteWebDriver.java:319)
at com.atmecs.helper.CommonUtility.locatorsType(CommonUtility.java:49)
at com.atmecs.helper.CommonUtility$4.apply(CommonUtility.java:180)
at com.atmecs.helper.CommonUtility$4.apply(CommonUtility.java:1)
at org.openqa.selenium.support.ui.FluentWait.until(FluentWait.java:211)
at com.atmecs.helper.CommonUtility.getText(CommonUtility.java:177)
at com.atmecs.general.AtmecsHomePage.isFooterPresent(AtmecsHomePage.java:80)
at com.atmecs.testscript.AtmecsHomePageScript.validateServicesFooter(AtmecsHomePageScript.java:49)
at sun.reflect.NativeMethodAccessorImpl.invoke0(Native Method)
at sun.reflect.NativeMethodAccessorImpl.invoke(NativeMethodAccessorImpl.java:62)
at sun.reflect.DelegatingMethodAccessorImpl.invoke(DelegatingMethodAccessorImpl.java:43)
at java.lang.reflect.Method.invoke(Method.java:498)
at org.testng.internal.MethodInvocationHelper.invokeMethod(MethodInvocationHelper.java:133)
at org.testng.internal.TestInvoker.invokeMethod(TestInvoker.java:584)
at org.testng.internal.TestInvoker.invokeTestMethod(TestInvoker.java:172)
at org.testng.internal.MethodRunner.runInSequence(MethodRunner.java:46)
at org.testng.internal.TestInvoker$MethodInvocationAgent.invoke(TestInvoker.java:804)
at org.testng.internal.TestInvoker.invokeTestMethods(TestInvoker.java:145)
at org.testng.internal.TestMethodWorker.invokeTestMethods(TestMethodWorker.java:146)
at org.testng.internal.TestMethodWorker.run(TestMethodWorker.java:128)
at java.util.ArrayList.forEach(ArrayList.java:1257)
at org.testng.TestRunner.privateRun(TestRunner.java:770)
at org.testng.TestRunner.run(TestRunner.java:591)
at org.testng.SuiteRunner.runTest(SuiteRunner.java:402)
at org.testng.SuiteRunner.runSequentially(SuiteRunner.java:396)
at org.testng.SuiteRunner.privateRun(SuiteRunner.java:355)
at org.testng.SuiteRunner.run(SuiteRunner.java:304)
at org.testng.SuiteRunnerWorker.runSuite(SuiteRunnerWorker.java:53)
at org.testng.SuiteRunnerWorker.run(SuiteRunnerWorker.java:96)
at org.testng.TestNG.runSuitesSequentially(TestNG.java:1180)
at org.testng.TestNG.runSuitesLocally(TestNG.java:1102)
at org.testng.TestNG.runSuites(TestNG.java:1032)
at org.testng.TestNG.run(TestNG.java:1000)
at org.testng.remote.AbstractRemoteTestNG.run(AbstractRemoteTestNG.java:115)
at org.testng.remote.RemoteTestNG.initAndRun(RemoteTestNG.java:251)
at org.testng.remote.RemoteTestNG.main(RemoteTestNG.java:77)
]]>
    </error>
  </testcase> <!-- validateServicesFooter -->
  <testcase name="validateServicesFooter" time="0.040" classname="com.atmecs.testscript.AtmecsHomePageScript">
    <error type="org.openqa.selenium.NoSuchWindowException" message="Currently focused window has been closed.
Build info: version: &#039;4.0.0-alpha-2&#039;, revision: &#039;f148142cf8&#039;, time: &#039;2019-07-01T20:55:26&#039;
System info: host: &#039;ATMECSINLT-283&#039;, ip: &#039;55.55.52.215&#039;, os.name: &#039;Windows 10&#039;, os.arch: &#039;amd64&#039;, os.version: &#039;10.0&#039;, java.version: &#039;1.8.0_221&#039;
Driver info: org.openqa.selenium.ie.InternetExplorerDriver
Capabilities {acceptInsecureCerts: false, browserName: internet explorer, browserVersion: 11, javascriptEnabled: true, pageLoadStrategy: normal, platform: WINDOWS, platformName: WINDOWS, proxy: Proxy(), se:ieOptions: {browserAttachTimeout: 0, elementScrollBehavior: 0, enablePersistentHover: true, ie.browserCommandLineSwitches: , ie.ensureCleanSession: false, ie.fileUploadDialogTimeout: 3000, ie.forceCreateProcessApi: false, ignoreProtectedModeSettings: false, ignoreZoomSetting: false, initialBrowserUrl: http://localhost:2124/, nativeEvents: true, requireWindowFocus: false}, setWindowRect: true, timeouts: {implicit: 0, pageLoad: 300000, script: 30000}}
Session ID: 055d0f1f-16b1-4577-b4c8-1028878473d8
*** Element info: {Using=xpath, value=//div[@id=&#039;footer&#039;]//a[contains(text(),&#039;DevOps Engineer&#039;)]}">
      <![CDATA[org.openqa.selenium.NoSuchWindowException: Currently focused window has been closed.
Build info: version: '4.0.0-alpha-2', revision: 'f148142cf8', time: '2019-07-01T20:55:26'
System info: host: 'ATMECSINLT-283', ip: '55.55.52.215', os.name: 'Windows 10', os.arch: 'amd64', os.version: '10.0', java.version: '1.8.0_221'
Driver info: org.openqa.selenium.ie.InternetExplorerDriver
Capabilities {acceptInsecureCerts: false, browserName: internet explorer, browserVersion: 11, javascriptEnabled: true, pageLoadStrategy: normal, platform: WINDOWS, platformName: WINDOWS, proxy: Proxy(), se:ieOptions: {browserAttachTimeout: 0, elementScrollBehavior: 0, enablePersistentHover: true, ie.browserCommandLineSwitches: , ie.ensureCleanSession: false, ie.fileUploadDialogTimeout: 3000, ie.forceCreateProcessApi: false, ignoreProtectedModeSettings: false, ignoreZoomSetting: false, initialBrowserUrl: http://localhost:2124/, nativeEvents: true, requireWindowFocus: false}, setWindowRect: true, timeouts: {implicit: 0, pageLoad: 300000, script: 30000}}
Session ID: 055d0f1f-16b1-4577-b4c8-1028878473d8
*** Element info: {Using=xpath, value=//div[@id='footer']//a[contains(text(),'DevOps Engineer')]}
at sun.reflect.GeneratedConstructorAccessor25.newInstance(Unknown Source)
at sun.reflect.DelegatingConstructorAccessorImpl.newInstance(DelegatingConstructorAccessorImpl.java:45)
at java.lang.reflect.Constructor.newInstance(Constructor.java:423)
at org.openqa.selenium.remote.codec.w3c.W3CHttpResponseCodec.createException(W3CHttpResponseCodec.java:191)
at org.openqa.selenium.remote.codec.w3c.W3CHttpResponseCodec.decode(W3CHttpResponseCodec.java:125)
at org.openqa.selenium.remote.codec.w3c.W3CHttpResponseCodec.decode(W3CHttpResponseCodec.java:52)
at org.openqa.selenium.remote.HttpCommandExecutor.execute(HttpCommandExecutor.java:161)
at org.openqa.selenium.remote.service.DriverCommandExecutor.execute(DriverCommandExecutor.java:83)
at org.openqa.selenium.remote.RemoteWebDriver.execute(RemoteWebDriver.java:576)
at org.openqa.selenium.remote.RemoteWebDriver.findElement(RemoteWebDriver.java:327)
at org.openqa.selenium.remote.RemoteWebDriver.findElementByXPath(RemoteWebDriver.java:445)
at org.openqa.selenium.By$ByXPath.findElement(By.java:353)
at org.openqa.selenium.remote.RemoteWebDriver.findElement(RemoteWebDriver.java:319)
at com.atmecs.helper.CommonUtility.locatorsType(CommonUtility.java:49)
at com.atmecs.helper.CommonUtility$4.apply(CommonUtility.java:180)
at com.atmecs.helper.CommonUtility$4.apply(CommonUtility.java:1)
at org.openqa.selenium.support.ui.FluentWait.until(FluentWait.java:211)
at com.atmecs.helper.CommonUtility.getText(CommonUtility.java:177)
at com.atmecs.general.AtmecsHomePage.isFooterPresent(AtmecsHomePage.java:80)
at com.atmecs.testscript.AtmecsHomePageScript.validateServicesFooter(AtmecsHomePageScript.java:49)
at sun.reflect.NativeMethodAccessorImpl.invoke0(Native Method)
at sun.reflect.NativeMethodAccessorImpl.invoke(NativeMethodAccessorImpl.java:62)
at sun.reflect.DelegatingMethodAccessorImpl.invoke(DelegatingMethodAccessorImpl.java:43)
at java.lang.reflect.Method.invoke(Method.java:498)
at org.testng.internal.MethodInvocationHelper.invokeMethod(MethodInvocationHelper.java:133)
at org.testng.internal.TestInvoker.invokeMethod(TestInvoker.java:584)
at org.testng.internal.TestInvoker.invokeTestMethod(TestInvoker.java:172)
at org.testng.internal.MethodRunner.runInSequence(MethodRunner.java:46)
at org.testng.internal.TestInvoker$MethodInvocationAgent.invoke(TestInvoker.java:804)
at org.testng.internal.TestInvoker.invokeTestMethods(TestInvoker.java:145)
at org.testng.internal.TestMethodWorker.invokeTestMethods(TestMethodWorker.java:146)
at org.testng.internal.TestMethodWorker.run(TestMethodWorker.java:128)
at java.util.ArrayList.forEach(ArrayList.java:1257)
at org.testng.TestRunner.privateRun(TestRunner.java:770)
at org.testng.TestRunner.run(TestRunner.java:591)
at org.testng.SuiteRunner.runTest(SuiteRunner.java:402)
at org.testng.SuiteRunner.runSequentially(SuiteRunner.java:396)
at org.testng.SuiteRunner.privateRun(SuiteRunner.java:355)
at org.testng.SuiteRunner.run(SuiteRunner.java:304)
at org.testng.SuiteRunnerWorker.runSuite(SuiteRunnerWorker.java:53)
at org.testng.SuiteRunnerWorker.run(SuiteRunnerWorker.java:96)
at org.testng.TestNG.runSuitesSequentially(TestNG.java:1180)
at org.testng.TestNG.runSuitesLocally(TestNG.java:1102)
at org.testng.TestNG.runSuites(TestNG.java:1032)
at org.testng.TestNG.run(TestNG.java:1000)
at org.testng.remote.AbstractRemoteTestNG.run(AbstractRemoteTestNG.java:115)
at org.testng.remote.RemoteTestNG.initAndRun(RemoteTestNG.java:251)
at org.testng.remote.RemoteTestNG.main(RemoteTestNG.java:77)
]]>
    </error>
  </testcase> <!-- validateServicesFooter -->
  <testcase name="validateServicesFooter" time="0.023" classname="com.atmecs.testscript.AtmecsHomePageScript">
    <error type="org.openqa.selenium.NoSuchWindowException" message="Currently focused window has been closed.
Build info: version: &#039;4.0.0-alpha-2&#039;, revision: &#039;f148142cf8&#039;, time: &#039;2019-07-01T20:55:26&#039;
System info: host: &#039;ATMECSINLT-283&#039;, ip: &#039;55.55.52.215&#039;, os.name: &#039;Windows 10&#039;, os.arch: &#039;amd64&#039;, os.version: &#039;10.0&#039;, java.version: &#039;1.8.0_221&#039;
Driver info: org.openqa.selenium.ie.InternetExplorerDriver
Capabilities {acceptInsecureCerts: false, browserName: internet explorer, browserVersion: 11, javascriptEnabled: true, pageLoadStrategy: normal, platform: WINDOWS, platformName: WINDOWS, proxy: Proxy(), se:ieOptions: {browserAttachTimeout: 0, elementScrollBehavior: 0, enablePersistentHover: true, ie.browserCommandLineSwitches: , ie.ensureCleanSession: false, ie.fileUploadDialogTimeout: 3000, ie.forceCreateProcessApi: false, ignoreProtectedModeSettings: false, ignoreZoomSetting: false, initialBrowserUrl: http://localhost:2124/, nativeEvents: true, requireWindowFocus: false}, setWindowRect: true, timeouts: {implicit: 0, pageLoad: 300000, script: 30000}}
Session ID: 055d0f1f-16b1-4577-b4c8-1028878473d8
*** Element info: {Using=xpath, value=//div[@id=&#039;footer&#039;]//a[contains(text(),&#039;Artificial Intelligence / Machine Learning&#039;)]}">
      <![CDATA[org.openqa.selenium.NoSuchWindowException: Currently focused window has been closed.
Build info: version: '4.0.0-alpha-2', revision: 'f148142cf8', time: '2019-07-01T20:55:26'
System info: host: 'ATMECSINLT-283', ip: '55.55.52.215', os.name: 'Windows 10', os.arch: 'amd64', os.version: '10.0', java.version: '1.8.0_221'
Driver info: org.openqa.selenium.ie.InternetExplorerDriver
Capabilities {acceptInsecureCerts: false, browserName: internet explorer, browserVersion: 11, javascriptEnabled: true, pageLoadStrategy: normal, platform: WINDOWS, platformName: WINDOWS, proxy: Proxy(), se:ieOptions: {browserAttachTimeout: 0, elementScrollBehavior: 0, enablePersistentHover: true, ie.browserCommandLineSwitches: , ie.ensureCleanSession: false, ie.fileUploadDialogTimeout: 3000, ie.forceCreateProcessApi: false, ignoreProtectedModeSettings: false, ignoreZoomSetting: false, initialBrowserUrl: http://localhost:2124/, nativeEvents: true, requireWindowFocus: false}, setWindowRect: true, timeouts: {implicit: 0, pageLoad: 300000, script: 30000}}
Session ID: 055d0f1f-16b1-4577-b4c8-1028878473d8
*** Element info: {Using=xpath, value=//div[@id='footer']//a[contains(text(),'Artificial Intelligence / Machine Learning')]}
at sun.reflect.GeneratedConstructorAccessor25.newInstance(Unknown Source)
at sun.reflect.DelegatingConstructorAccessorImpl.newInstance(DelegatingConstructorAccessorImpl.java:45)
at java.lang.reflect.Constructor.newInstance(Constructor.java:423)
at org.openqa.selenium.remote.codec.w3c.W3CHttpResponseCodec.createException(W3CHttpResponseCodec.java:191)
at org.openqa.selenium.remote.codec.w3c.W3CHttpResponseCodec.decode(W3CHttpResponseCodec.java:125)
at org.openqa.selenium.remote.codec.w3c.W3CHttpResponseCodec.decode(W3CHttpResponseCodec.java:52)
at org.openqa.selenium.remote.HttpCommandExecutor.execute(HttpCommandExecutor.java:161)
at org.openqa.selenium.remote.service.DriverCommandExecutor.execute(DriverCommandExecutor.java:83)
at org.openqa.selenium.remote.RemoteWebDriver.execute(RemoteWebDriver.java:576)
at org.openqa.selenium.remote.RemoteWebDriver.findElement(RemoteWebDriver.java:327)
at org.openqa.selenium.remote.RemoteWebDriver.findElementByXPath(RemoteWebDriver.java:445)
at org.openqa.selenium.By$ByXPath.findElement(By.java:353)
at org.openqa.selenium.remote.RemoteWebDriver.findElement(RemoteWebDriver.java:319)
at com.atmecs.helper.CommonUtility.locatorsType(CommonUtility.java:49)
at com.atmecs.helper.CommonUtility$4.apply(CommonUtility.java:180)
at com.atmecs.helper.CommonUtility$4.apply(CommonUtility.java:1)
at org.openqa.selenium.support.ui.FluentWait.until(FluentWait.java:211)
at com.atmecs.helper.CommonUtility.getText(CommonUtility.java:177)
at com.atmecs.general.AtmecsHomePage.isFooterPresent(AtmecsHomePage.java:80)
at com.atmecs.testscript.AtmecsHomePageScript.validateServicesFooter(AtmecsHomePageScript.java:49)
at sun.reflect.GeneratedMethodAccessor3.invoke(Unknown Source)
at sun.reflect.DelegatingMethodAccessorImpl.invoke(DelegatingMethodAccessorImpl.java:43)
at java.lang.reflect.Method.invoke(Method.java:498)
at org.testng.internal.MethodInvocationHelper.invokeMethod(MethodInvocationHelper.java:133)
at org.testng.internal.TestInvoker.invokeMethod(TestInvoker.java:584)
at org.testng.internal.TestInvoker.invokeTestMethod(TestInvoker.java:172)
at org.testng.internal.MethodRunner.runInSequence(MethodRunner.java:46)
at org.testng.internal.TestInvoker$MethodInvocationAgent.invoke(TestInvoker.java:804)
at org.testng.internal.TestInvoker.invokeTestMethods(TestInvoker.java:145)
at org.testng.internal.TestMethodWorker.invokeTestMethods(TestMethodWorker.java:146)
at org.testng.internal.TestMethodWorker.run(TestMethodWorker.java:128)
at java.util.ArrayList.forEach(ArrayList.java:1257)
at org.testng.TestRunner.privateRun(TestRunner.java:770)
at org.testng.TestRunner.run(TestRunner.java:591)
at org.testng.SuiteRunner.runTest(SuiteRunner.java:402)
at org.testng.SuiteRunner.runSequentially(SuiteRunner.java:396)
at org.testng.SuiteRunner.privateRun(SuiteRunner.java:355)
at org.testng.SuiteRunner.run(SuiteRunner.java:304)
at org.testng.SuiteRunnerWorker.runSuite(SuiteRunnerWorker.java:53)
at org.testng.SuiteRunnerWorker.run(SuiteRunnerWorker.java:96)
at org.testng.TestNG.runSuitesSequentially(TestNG.java:1180)
at org.testng.TestNG.runSuitesLocally(TestNG.java:1102)
at org.testng.TestNG.runSuites(TestNG.java:1032)
at org.testng.TestNG.run(TestNG.java:1000)
at org.testng.remote.AbstractRemoteTestNG.run(AbstractRemoteTestNG.java:115)
at org.testng.remote.RemoteTestNG.initAndRun(RemoteTestNG.java:251)
at org.testng.remote.RemoteTestNG.main(RemoteTestNG.java:77)
]]>
    </error>
  </testcase> <!-- validateServicesFooter -->
  <testcase name="validateServicesFooter" time="0.024" classname="com.atmecs.testscript.AtmecsHomePageScript">
    <error type="org.openqa.selenium.NoSuchWindowException" message="Currently focused window has been closed.
Build info: version: &#039;4.0.0-alpha-2&#039;, revision: &#039;f148142cf8&#039;, time: &#039;2019-07-01T20:55:26&#039;
System info: host: &#039;ATMECSINLT-283&#039;, ip: &#039;55.55.52.215&#039;, os.name: &#039;Windows 10&#039;, os.arch: &#039;amd64&#039;, os.version: &#039;10.0&#039;, java.version: &#039;1.8.0_221&#039;
Driver info: org.openqa.selenium.ie.InternetExplorerDriver
Capabilities {acceptInsecureCerts: false, browserName: internet explorer, browserVersion: 11, javascriptEnabled: true, pageLoadStrategy: normal, platform: WINDOWS, platformName: WINDOWS, proxy: Proxy(), se:ieOptions: {browserAttachTimeout: 0, elementScrollBehavior: 0, enablePersistentHover: true, ie.browserCommandLineSwitches: , ie.ensureCleanSession: false, ie.fileUploadDialogTimeout: 3000, ie.forceCreateProcessApi: false, ignoreProtectedModeSettings: false, ignoreZoomSetting: false, initialBrowserUrl: http://localhost:2124/, nativeEvents: true, requireWindowFocus: false}, setWindowRect: true, timeouts: {implicit: 0, pageLoad: 300000, script: 30000}}
Session ID: 055d0f1f-16b1-4577-b4c8-1028878473d8
*** Element info: {Using=xpath, value=//div[@id=&#039;footer&#039;]//a[contains(text(),&#039;Senior .NET Engineer&#039;)]}">
      <![CDATA[org.openqa.selenium.NoSuchWindowException: Currently focused window has been closed.
Build info: version: '4.0.0-alpha-2', revision: 'f148142cf8', time: '2019-07-01T20:55:26'
System info: host: 'ATMECSINLT-283', ip: '55.55.52.215', os.name: 'Windows 10', os.arch: 'amd64', os.version: '10.0', java.version: '1.8.0_221'
Driver info: org.openqa.selenium.ie.InternetExplorerDriver
Capabilities {acceptInsecureCerts: false, browserName: internet explorer, browserVersion: 11, javascriptEnabled: true, pageLoadStrategy: normal, platform: WINDOWS, platformName: WINDOWS, proxy: Proxy(), se:ieOptions: {browserAttachTimeout: 0, elementScrollBehavior: 0, enablePersistentHover: true, ie.browserCommandLineSwitches: , ie.ensureCleanSession: false, ie.fileUploadDialogTimeout: 3000, ie.forceCreateProcessApi: false, ignoreProtectedModeSettings: false, ignoreZoomSetting: false, initialBrowserUrl: http://localhost:2124/, nativeEvents: true, requireWindowFocus: false}, setWindowRect: true, timeouts: {implicit: 0, pageLoad: 300000, script: 30000}}
Session ID: 055d0f1f-16b1-4577-b4c8-1028878473d8
*** Element info: {Using=xpath, value=//div[@id='footer']//a[contains(text(),'Senior .NET Engineer')]}
at sun.reflect.GeneratedConstructorAccessor25.newInstance(Unknown Source)
at sun.reflect.DelegatingConstructorAccessorImpl.newInstance(DelegatingConstructorAccessorImpl.java:45)
at java.lang.reflect.Constructor.newInstance(Constructor.java:423)
at org.openqa.selenium.remote.codec.w3c.W3CHttpResponseCodec.createException(W3CHttpResponseCodec.java:191)
at org.openqa.selenium.remote.codec.w3c.W3CHttpResponseCodec.decode(W3CHttpResponseCodec.java:125)
at org.openqa.selenium.remote.codec.w3c.W3CHttpResponseCodec.decode(W3CHttpResponseCodec.java:52)
at org.openqa.selenium.remote.HttpCommandExecutor.execute(HttpCommandExecutor.java:161)
at org.openqa.selenium.remote.service.DriverCommandExecutor.execute(DriverCommandExecutor.java:83)
at org.openqa.selenium.remote.RemoteWebDriver.execute(RemoteWebDriver.java:576)
at org.openqa.selenium.remote.RemoteWebDriver.findElement(RemoteWebDriver.java:327)
at org.openqa.selenium.remote.RemoteWebDriver.findElementByXPath(RemoteWebDriver.java:445)
at org.openqa.selenium.By$ByXPath.findElement(By.java:353)
at org.openqa.selenium.remote.RemoteWebDriver.findElement(RemoteWebDriver.java:319)
at com.atmecs.helper.CommonUtility.locatorsType(CommonUtility.java:49)
at com.atmecs.helper.CommonUtility$4.apply(CommonUtility.java:180)
at com.atmecs.helper.CommonUtility$4.apply(CommonUtility.java:1)
at org.openqa.selenium.support.ui.FluentWait.until(FluentWait.java:211)
at com.atmecs.helper.CommonUtility.getText(CommonUtility.java:177)
at com.atmecs.general.AtmecsHomePage.isFooterPresent(AtmecsHomePage.java:80)
at com.atmecs.testscript.AtmecsHomePageScript.validateServicesFooter(AtmecsHomePageScript.java:49)
at sun.reflect.NativeMethodAccessorImpl.invoke0(Native Method)
at sun.reflect.NativeMethodAccessorImpl.invoke(NativeMethodAccessorImpl.java:62)
at sun.reflect.DelegatingMethodAccessorImpl.invoke(DelegatingMethodAccessorImpl.java:43)
at java.lang.reflect.Method.invoke(Method.java:498)
at org.testng.internal.MethodInvocationHelper.invokeMethod(MethodInvocationHelper.java:133)
at org.testng.internal.TestInvoker.invokeMethod(TestInvoker.java:584)
at org.testng.internal.TestInvoker.invokeTestMethod(TestInvoker.java:172)
at org.testng.internal.MethodRunner.runInSequence(MethodRunner.java:46)
at org.testng.internal.TestInvoker$MethodInvocationAgent.invoke(TestInvoker.java:804)
at org.testng.internal.TestInvoker.invokeTestMethods(TestInvoker.java:145)
at org.testng.internal.TestMethodWorker.invokeTestMethods(TestMethodWorker.java:146)
at org.testng.internal.TestMethodWorker.run(TestMethodWorker.java:128)
at java.util.ArrayList.forEach(ArrayList.java:1257)
at org.testng.TestRunner.privateRun(TestRunner.java:770)
at org.testng.TestRunner.run(TestRunner.java:591)
at org.testng.SuiteRunner.runTest(SuiteRunner.java:402)
at org.testng.SuiteRunner.runSequentially(SuiteRunner.java:396)
at org.testng.SuiteRunner.privateRun(SuiteRunner.java:355)
at org.testng.SuiteRunner.run(SuiteRunner.java:304)
at org.testng.SuiteRunnerWorker.runSuite(SuiteRunnerWorker.java:53)
at org.testng.SuiteRunnerWorker.run(SuiteRunnerWorker.java:96)
at org.testng.TestNG.runSuitesSequentially(TestNG.java:1180)
at org.testng.TestNG.runSuitesLocally(TestNG.java:1102)
at org.testng.TestNG.runSuites(TestNG.java:1032)
at org.testng.TestNG.run(TestNG.java:1000)
at org.testng.remote.AbstractRemoteTestNG.run(AbstractRemoteTestNG.java:115)
at org.testng.remote.RemoteTestNG.initAndRun(RemoteTestNG.java:251)
at org.testng.remote.RemoteTestNG.main(RemoteTestNG.java:77)
]]>
    </error>
  </testcase> <!-- validateServicesFooter -->
  <testcase name="validateServicesFooter" time="0.020" classname="com.atmecs.testscript.AtmecsHomePageScript">
    <error type="org.openqa.selenium.NoSuchWindowException" message="Currently focused window has been closed.
Build info: version: &#039;4.0.0-alpha-2&#039;, revision: &#039;f148142cf8&#039;, time: &#039;2019-07-01T20:55:26&#039;
System info: host: &#039;ATMECSINLT-283&#039;, ip: &#039;55.55.52.215&#039;, os.name: &#039;Windows 10&#039;, os.arch: &#039;amd64&#039;, os.version: &#039;10.0&#039;, java.version: &#039;1.8.0_221&#039;
Driver info: org.openqa.selenium.ie.InternetExplorerDriver
Capabilities {acceptInsecureCerts: false, browserName: internet explorer, browserVersion: 11, javascriptEnabled: true, pageLoadStrategy: normal, platform: WINDOWS, platformName: WINDOWS, proxy: Proxy(), se:ieOptions: {browserAttachTimeout: 0, elementScrollBehavior: 0, enablePersistentHover: true, ie.browserCommandLineSwitches: , ie.ensureCleanSession: false, ie.fileUploadDialogTimeout: 3000, ie.forceCreateProcessApi: false, ignoreProtectedModeSettings: false, ignoreZoomSetting: false, initialBrowserUrl: http://localhost:2124/, nativeEvents: true, requireWindowFocus: false}, setWindowRect: true, timeouts: {implicit: 0, pageLoad: 300000, script: 30000}}
Session ID: 055d0f1f-16b1-4577-b4c8-1028878473d8
*** Element info: {Using=xpath, value=//div[@id=&#039;footer&#039;]//a[contains(text(),&#039;Contact Us&#039;)]}">
      <![CDATA[org.openqa.selenium.NoSuchWindowException: Currently focused window has been closed.
Build info: version: '4.0.0-alpha-2', revision: 'f148142cf8', time: '2019-07-01T20:55:26'
System info: host: 'ATMECSINLT-283', ip: '55.55.52.215', os.name: 'Windows 10', os.arch: 'amd64', os.version: '10.0', java.version: '1.8.0_221'
Driver info: org.openqa.selenium.ie.InternetExplorerDriver
Capabilities {acceptInsecureCerts: false, browserName: internet explorer, browserVersion: 11, javascriptEnabled: true, pageLoadStrategy: normal, platform: WINDOWS, platformName: WINDOWS, proxy: Proxy(), se:ieOptions: {browserAttachTimeout: 0, elementScrollBehavior: 0, enablePersistentHover: true, ie.browserCommandLineSwitches: , ie.ensureCleanSession: false, ie.fileUploadDialogTimeout: 3000, ie.forceCreateProcessApi: false, ignoreProtectedModeSettings: false, ignoreZoomSetting: false, initialBrowserUrl: http://localhost:2124/, nativeEvents: true, requireWindowFocus: false}, setWindowRect: true, timeouts: {implicit: 0, pageLoad: 300000, script: 30000}}
Session ID: 055d0f1f-16b1-4577-b4c8-1028878473d8
*** Element info: {Using=xpath, value=//div[@id='footer']//a[contains(text(),'Contact Us')]}
at sun.reflect.GeneratedConstructorAccessor25.newInstance(Unknown Source)
at sun.reflect.DelegatingConstructorAccessorImpl.newInstance(DelegatingConstructorAccessorImpl.java:45)
at java.lang.reflect.Constructor.newInstance(Constructor.java:423)
at org.openqa.selenium.remote.codec.w3c.W3CHttpResponseCodec.createException(W3CHttpResponseCodec.java:191)
at org.openqa.selenium.remote.codec.w3c.W3CHttpResponseCodec.decode(W3CHttpResponseCodec.java:125)
at org.openqa.selenium.remote.codec.w3c.W3CHttpResponseCodec.decode(W3CHttpResponseCodec.java:52)
at org.openqa.selenium.remote.HttpCommandExecutor.execute(HttpCommandExecutor.java:161)
at org.openqa.selenium.remote.service.DriverCommandExecutor.execute(DriverCommandExecutor.java:83)
at org.openqa.selenium.remote.RemoteWebDriver.execute(RemoteWebDriver.java:576)
at org.openqa.selenium.remote.RemoteWebDriver.findElement(RemoteWebDriver.java:327)
at org.openqa.selenium.remote.RemoteWebDriver.findElementByXPath(RemoteWebDriver.java:445)
at org.openqa.selenium.By$ByXPath.findElement(By.java:353)
at org.openqa.selenium.remote.RemoteWebDriver.findElement(RemoteWebDriver.java:319)
at com.atmecs.helper.CommonUtility.locatorsType(CommonUtility.java:49)
at com.atmecs.helper.CommonUtility$4.apply(CommonUtility.java:180)
at com.atmecs.helper.CommonUtility$4.apply(CommonUtility.java:1)
at org.openqa.selenium.support.ui.FluentWait.until(FluentWait.java:211)
at com.atmecs.helper.CommonUtility.getText(CommonUtility.java:177)
at com.atmecs.general.AtmecsHomePage.isFooterPresent(AtmecsHomePage.java:80)
at com.atmecs.testscript.AtmecsHomePageScript.validateServicesFooter(AtmecsHomePageScript.java:49)
at sun.reflect.NativeMethodAccessorImpl.invoke0(Native Method)
at sun.reflect.NativeMethodAccessorImpl.invoke(NativeMethodAccessorImpl.java:62)
at sun.reflect.DelegatingMethodAccessorImpl.invoke(DelegatingMethodAccessorImpl.java:43)
at java.lang.reflect.Method.invoke(Method.java:498)
at org.testng.internal.MethodInvocationHelper.invokeMethod(MethodInvocationHelper.java:133)
at org.testng.internal.TestInvoker.invokeMethod(TestInvoker.java:584)
at org.testng.internal.TestInvoker.invokeTestMethod(TestInvoker.java:172)
at org.testng.internal.MethodRunner.runInSequence(MethodRunner.java:46)
at org.testng.internal.TestInvoker$MethodInvocationAgent.invoke(TestInvoker.java:804)
at org.testng.internal.TestInvoker.invokeTestMethods(TestInvoker.java:145)
at org.testng.internal.TestMethodWorker.invokeTestMethods(TestMethodWorker.java:146)
at org.testng.internal.TestMethodWorker.run(TestMethodWorker.java:128)
at java.util.ArrayList.forEach(ArrayList.java:1257)
at org.testng.TestRunner.privateRun(TestRunner.java:770)
at org.testng.TestRunner.run(TestRunner.java:591)
at org.testng.SuiteRunner.runTest(SuiteRunner.java:402)
at org.testng.SuiteRunner.runSequentially(SuiteRunner.java:396)
at org.testng.SuiteRunner.privateRun(SuiteRunner.java:355)
at org.testng.SuiteRunner.run(SuiteRunner.java:304)
at org.testng.SuiteRunnerWorker.runSuite(SuiteRunnerWorker.java:53)
at org.testng.SuiteRunnerWorker.run(SuiteRunnerWorker.java:96)
at org.testng.TestNG.runSuitesSequentially(TestNG.java:1180)
at org.testng.TestNG.runSuitesLocally(TestNG.java:1102)
at org.testng.TestNG.runSuites(TestNG.java:1032)
at org.testng.TestNG.run(TestNG.java:1000)
at org.testng.remote.AbstractRemoteTestNG.run(AbstractRemoteTestNG.java:115)
at org.testng.remote.RemoteTestNG.initAndRun(RemoteTestNG.java:251)
at org.testng.remote.RemoteTestNG.main(RemoteTestNG.java:77)
]]>
    </error>
  </testcase> <!-- validateServicesFooter -->
  <testcase name="validateServicesFooter" time="0.022" classname="com.atmecs.testscript.AtmecsHomePageScript">
    <error type="org.openqa.selenium.NoSuchWindowException" message="Currently focused window has been closed.
Build info: version: &#039;4.0.0-alpha-2&#039;, revision: &#039;f148142cf8&#039;, time: &#039;2019-07-01T20:55:26&#039;
System info: host: &#039;ATMECSINLT-283&#039;, ip: &#039;55.55.52.215&#039;, os.name: &#039;Windows 10&#039;, os.arch: &#039;amd64&#039;, os.version: &#039;10.0&#039;, java.version: &#039;1.8.0_221&#039;
Driver info: org.openqa.selenium.ie.InternetExplorerDriver
Capabilities {acceptInsecureCerts: false, browserName: internet explorer, browserVersion: 11, javascriptEnabled: true, pageLoadStrategy: normal, platform: WINDOWS, platformName: WINDOWS, proxy: Proxy(), se:ieOptions: {browserAttachTimeout: 0, elementScrollBehavior: 0, enablePersistentHover: true, ie.browserCommandLineSwitches: , ie.ensureCleanSession: false, ie.fileUploadDialogTimeout: 3000, ie.forceCreateProcessApi: false, ignoreProtectedModeSettings: false, ignoreZoomSetting: false, initialBrowserUrl: http://localhost:2124/, nativeEvents: true, requireWindowFocus: false}, setWindowRect: true, timeouts: {implicit: 0, pageLoad: 300000, script: 30000}}
Session ID: 055d0f1f-16b1-4577-b4c8-1028878473d8
*** Element info: {Using=xpath, value=//div[@id=&#039;footer&#039;]//a[contains(text(),&#039;Services&#039;)]}">
      <![CDATA[org.openqa.selenium.NoSuchWindowException: Currently focused window has been closed.
Build info: version: '4.0.0-alpha-2', revision: 'f148142cf8', time: '2019-07-01T20:55:26'
System info: host: 'ATMECSINLT-283', ip: '55.55.52.215', os.name: 'Windows 10', os.arch: 'amd64', os.version: '10.0', java.version: '1.8.0_221'
Driver info: org.openqa.selenium.ie.InternetExplorerDriver
Capabilities {acceptInsecureCerts: false, browserName: internet explorer, browserVersion: 11, javascriptEnabled: true, pageLoadStrategy: normal, platform: WINDOWS, platformName: WINDOWS, proxy: Proxy(), se:ieOptions: {browserAttachTimeout: 0, elementScrollBehavior: 0, enablePersistentHover: true, ie.browserCommandLineSwitches: , ie.ensureCleanSession: false, ie.fileUploadDialogTimeout: 3000, ie.forceCreateProcessApi: false, ignoreProtectedModeSettings: false, ignoreZoomSetting: false, initialBrowserUrl: http://localhost:2124/, nativeEvents: true, requireWindowFocus: false}, setWindowRect: true, timeouts: {implicit: 0, pageLoad: 300000, script: 30000}}
Session ID: 055d0f1f-16b1-4577-b4c8-1028878473d8
*** Element info: {Using=xpath, value=//div[@id='footer']//a[contains(text(),'Services')]}
at sun.reflect.GeneratedConstructorAccessor25.newInstance(Unknown Source)
at sun.reflect.DelegatingConstructorAccessorImpl.newInstance(DelegatingConstructorAccessorImpl.java:45)
at java.lang.reflect.Constructor.newInstance(Constructor.java:423)
at org.openqa.selenium.remote.codec.w3c.W3CHttpResponseCodec.createException(W3CHttpResponseCodec.java:191)
at org.openqa.selenium.remote.codec.w3c.W3CHttpResponseCodec.decode(W3CHttpResponseCodec.java:125)
at org.openqa.selenium.remote.codec.w3c.W3CHttpResponseCodec.decode(W3CHttpResponseCodec.java:52)
at org.openqa.selenium.remote.HttpCommandExecutor.execute(HttpCommandExecutor.java:161)
at org.openqa.selenium.remote.service.DriverCommandExecutor.execute(DriverCommandExecutor.java:83)
at org.openqa.selenium.remote.RemoteWebDriver.execute(RemoteWebDriver.java:576)
at org.openqa.selenium.remote.RemoteWebDriver.findElement(RemoteWebDriver.java:327)
at org.openqa.selenium.remote.RemoteWebDriver.findElementByXPath(RemoteWebDriver.java:445)
at org.openqa.selenium.By$ByXPath.findElement(By.java:353)
at org.openqa.selenium.remote.RemoteWebDriver.findElement(RemoteWebDriver.java:319)
at com.atmecs.helper.CommonUtility.locatorsType(CommonUtility.java:49)
at com.atmecs.helper.CommonUtility$4.apply(CommonUtility.java:180)
at com.atmecs.helper.CommonUtility$4.apply(CommonUtility.java:1)
at org.openqa.selenium.support.ui.FluentWait.until(FluentWait.java:211)
at com.atmecs.helper.CommonUtility.getText(CommonUtility.java:177)
at com.atmecs.general.AtmecsHomePage.isFooterPresent(AtmecsHomePage.java:80)
at com.atmecs.testscript.AtmecsHomePageScript.validateServicesFooter(AtmecsHomePageScript.java:49)
at sun.reflect.NativeMethodAccessorImpl.invoke0(Native Method)
at sun.reflect.NativeMethodAccessorImpl.invoke(NativeMethodAccessorImpl.java:62)
at sun.reflect.DelegatingMethodAccessorImpl.invoke(DelegatingMethodAccessorImpl.java:43)
at java.lang.reflect.Method.invoke(Method.java:498)
at org.testng.internal.MethodInvocationHelper.invokeMethod(MethodInvocationHelper.java:133)
at org.testng.internal.TestInvoker.invokeMethod(TestInvoker.java:584)
at org.testng.internal.TestInvoker.invokeTestMethod(TestInvoker.java:172)
at org.testng.internal.MethodRunner.runInSequence(MethodRunner.java:46)
at org.testng.internal.TestInvoker$MethodInvocationAgent.invoke(TestInvoker.java:804)
at org.testng.internal.TestInvoker.invokeTestMethods(TestInvoker.java:145)
at org.testng.internal.TestMethodWorker.invokeTestMethods(TestMethodWorker.java:146)
at org.testng.internal.TestMethodWorker.run(TestMethodWorker.java:128)
at java.util.ArrayList.forEach(ArrayList.java:1257)
at org.testng.TestRunner.privateRun(TestRunner.java:770)
at org.testng.TestRunner.run(TestRunner.java:591)
at org.testng.SuiteRunner.runTest(SuiteRunner.java:402)
at org.testng.SuiteRunner.runSequentially(SuiteRunner.java:396)
at org.testng.SuiteRunner.privateRun(SuiteRunner.java:355)
at org.testng.SuiteRunner.run(SuiteRunner.java:304)
at org.testng.SuiteRunnerWorker.runSuite(SuiteRunnerWorker.java:53)
at org.testng.SuiteRunnerWorker.run(SuiteRunnerWorker.java:96)
at org.testng.TestNG.runSuitesSequentially(TestNG.java:1180)
at org.testng.TestNG.runSuitesLocally(TestNG.java:1102)
at org.testng.TestNG.runSuites(TestNG.java:1032)
at org.testng.TestNG.run(TestNG.java:1000)
at org.testng.remote.AbstractRemoteTestNG.run(AbstractRemoteTestNG.java:115)
at org.testng.remote.RemoteTestNG.initAndRun(RemoteTestNG.java:251)
at org.testng.remote.RemoteTestNG.main(RemoteTestNG.java:77)
]]>
    </error>
  </testcase> <!-- validateServicesFooter -->
  <testcase name="validateServicesFooter" time="0.054" classname="com.atmecs.testscript.AtmecsHomePageScript">
    <error type="org.openqa.selenium.NoSuchWindowException" message="Currently focused window has been closed.
Build info: version: &#039;4.0.0-alpha-2&#039;, revision: &#039;f148142cf8&#039;, time: &#039;2019-07-01T20:55:26&#039;
System info: host: &#039;ATMECSINLT-283&#039;, ip: &#039;55.55.52.215&#039;, os.name: &#039;Windows 10&#039;, os.arch: &#039;amd64&#039;, os.version: &#039;10.0&#039;, java.version: &#039;1.8.0_221&#039;
Driver info: org.openqa.selenium.ie.InternetExplorerDriver
Capabilities {acceptInsecureCerts: false, browserName: internet explorer, browserVersion: 11, javascriptEnabled: true, pageLoadStrategy: normal, platform: WINDOWS, platformName: WINDOWS, proxy: Proxy(), se:ieOptions: {browserAttachTimeout: 0, elementScrollBehavior: 0, enablePersistentHover: true, ie.browserCommandLineSwitches: , ie.ensureCleanSession: false, ie.fileUploadDialogTimeout: 3000, ie.forceCreateProcessApi: false, ignoreProtectedModeSettings: false, ignoreZoomSetting: false, initialBrowserUrl: http://localhost:2124/, nativeEvents: true, requireWindowFocus: false}, setWindowRect: true, timeouts: {implicit: 0, pageLoad: 300000, script: 30000}}
Session ID: 055d0f1f-16b1-4577-b4c8-1028878473d8
*** Element info: {Using=xpath, value=//div[@id=&#039;footer&#039;]//a[contains(text(),&#039;US Headquarters&#039;)]}">
      <![CDATA[org.openqa.selenium.NoSuchWindowException: Currently focused window has been closed.
Build info: version: '4.0.0-alpha-2', revision: 'f148142cf8', time: '2019-07-01T20:55:26'
System info: host: 'ATMECSINLT-283', ip: '55.55.52.215', os.name: 'Windows 10', os.arch: 'amd64', os.version: '10.0', java.version: '1.8.0_221'
Driver info: org.openqa.selenium.ie.InternetExplorerDriver
Capabilities {acceptInsecureCerts: false, browserName: internet explorer, browserVersion: 11, javascriptEnabled: true, pageLoadStrategy: normal, platform: WINDOWS, platformName: WINDOWS, proxy: Proxy(), se:ieOptions: {browserAttachTimeout: 0, elementScrollBehavior: 0, enablePersistentHover: true, ie.browserCommandLineSwitches: , ie.ensureCleanSession: false, ie.fileUploadDialogTimeout: 3000, ie.forceCreateProcessApi: false, ignoreProtectedModeSettings: false, ignoreZoomSetting: false, initialBrowserUrl: http://localhost:2124/, nativeEvents: true, requireWindowFocus: false}, setWindowRect: true, timeouts: {implicit: 0, pageLoad: 300000, script: 30000}}
Session ID: 055d0f1f-16b1-4577-b4c8-1028878473d8
*** Element info: {Using=xpath, value=//div[@id='footer']//a[contains(text(),'US Headquarters')]}
at sun.reflect.GeneratedConstructorAccessor25.newInstance(Unknown Source)
at sun.reflect.DelegatingConstructorAccessorImpl.newInstance(DelegatingConstructorAccessorImpl.java:45)
at java.lang.reflect.Constructor.newInstance(Constructor.java:423)
at org.openqa.selenium.remote.codec.w3c.W3CHttpResponseCodec.createException(W3CHttpResponseCodec.java:191)
at org.openqa.selenium.remote.codec.w3c.W3CHttpResponseCodec.decode(W3CHttpResponseCodec.java:125)
at org.openqa.selenium.remote.codec.w3c.W3CHttpResponseCodec.decode(W3CHttpResponseCodec.java:52)
at org.openqa.selenium.remote.HttpCommandExecutor.execute(HttpCommandExecutor.java:161)
at org.openqa.selenium.remote.service.DriverCommandExecutor.execute(DriverCommandExecutor.java:83)
at org.openqa.selenium.remote.RemoteWebDriver.execute(RemoteWebDriver.java:576)
at org.openqa.selenium.remote.RemoteWebDriver.findElement(RemoteWebDriver.java:327)
at org.openqa.selenium.remote.RemoteWebDriver.findElementByXPath(RemoteWebDriver.java:445)
at org.openqa.selenium.By$ByXPath.findElement(By.java:353)
at org.openqa.selenium.remote.RemoteWebDriver.findElement(RemoteWebDriver.java:319)
at com.atmecs.helper.CommonUtility.locatorsType(CommonUtility.java:49)
at com.atmecs.helper.CommonUtility$4.apply(CommonUtility.java:180)
at com.atmecs.helper.CommonUtility$4.apply(CommonUtility.java:1)
at org.openqa.selenium.support.ui.FluentWait.until(FluentWait.java:211)
at com.atmecs.helper.CommonUtility.getText(CommonUtility.java:177)
at com.atmecs.general.AtmecsHomePage.isFooterPresent(AtmecsHomePage.java:80)
at com.atmecs.testscript.AtmecsHomePageScript.validateServicesFooter(AtmecsHomePageScript.java:49)
at sun.reflect.NativeMethodAccessorImpl.invoke0(Native Method)
at sun.reflect.NativeMethodAccessorImpl.invoke(NativeMethodAccessorImpl.java:62)
at sun.reflect.DelegatingMethodAccessorImpl.invoke(DelegatingMethodAccessorImpl.java:43)
at java.lang.reflect.Method.invoke(Method.java:498)
at org.testng.internal.MethodInvocationHelper.invokeMethod(MethodInvocationHelper.java:133)
at org.testng.internal.TestInvoker.invokeMethod(TestInvoker.java:584)
at org.testng.internal.TestInvoker.invokeTestMethod(TestInvoker.java:172)
at org.testng.internal.MethodRunner.runInSequence(MethodRunner.java:46)
at org.testng.internal.TestInvoker$MethodInvocationAgent.invoke(TestInvoker.java:804)
at org.testng.internal.TestInvoker.invokeTestMethods(TestInvoker.java:145)
at org.testng.internal.TestMethodWorker.invokeTestMethods(TestMethodWorker.java:146)
at org.testng.internal.TestMethodWorker.run(TestMethodWorker.java:128)
at java.util.ArrayList.forEach(ArrayList.java:1257)
at org.testng.TestRunner.privateRun(TestRunner.java:770)
at org.testng.TestRunner.run(TestRunner.java:591)
at org.testng.SuiteRunner.runTest(SuiteRunner.java:402)
at org.testng.SuiteRunner.runSequentially(SuiteRunner.java:396)
at org.testng.SuiteRunner.privateRun(SuiteRunner.java:355)
at org.testng.SuiteRunner.run(SuiteRunner.java:304)
at org.testng.SuiteRunnerWorker.runSuite(SuiteRunnerWorker.java:53)
at org.testng.SuiteRunnerWorker.run(SuiteRunnerWorker.java:96)
at org.testng.TestNG.runSuitesSequentially(TestNG.java:1180)
at org.testng.TestNG.runSuitesLocally(TestNG.java:1102)
at org.testng.TestNG.runSuites(TestNG.java:1032)
at org.testng.TestNG.run(TestNG.java:1000)
at org.testng.remote.AbstractRemoteTestNG.run(AbstractRemoteTestNG.java:115)
at org.testng.remote.RemoteTestNG.initAndRun(RemoteTestNG.java:251)
at org.testng.remote.RemoteTestNG.main(RemoteTestNG.java:77)
]]>
    </error>
  </testcase> <!-- validateServicesFooter -->
  <testcase name="validateServicesFooter" time="0.047" classname="com.atmecs.testscript.AtmecsHomePageScript">
    <error type="org.openqa.selenium.NoSuchWindowException" message="Currently focused window has been closed.
Build info: version: &#039;4.0.0-alpha-2&#039;, revision: &#039;f148142cf8&#039;, time: &#039;2019-07-01T20:55:26&#039;
System info: host: &#039;ATMECSINLT-283&#039;, ip: &#039;55.55.52.215&#039;, os.name: &#039;Windows 10&#039;, os.arch: &#039;amd64&#039;, os.version: &#039;10.0&#039;, java.version: &#039;1.8.0_221&#039;
Driver info: org.openqa.selenium.ie.InternetExplorerDriver
Capabilities {acceptInsecureCerts: false, browserName: internet explorer, browserVersion: 11, javascriptEnabled: true, pageLoadStrategy: normal, platform: WINDOWS, platformName: WINDOWS, proxy: Proxy(), se:ieOptions: {browserAttachTimeout: 0, elementScrollBehavior: 0, enablePersistentHover: true, ie.browserCommandLineSwitches: , ie.ensureCleanSession: false, ie.fileUploadDialogTimeout: 3000, ie.forceCreateProcessApi: false, ignoreProtectedModeSettings: false, ignoreZoomSetting: false, initialBrowserUrl: http://localhost:2124/, nativeEvents: true, requireWindowFocus: false}, setWindowRect: true, timeouts: {implicit: 0, pageLoad: 300000, script: 30000}}
Session ID: 055d0f1f-16b1-4577-b4c8-1028878473d8
*** Element info: {Using=xpath, value=//div[@id=&#039;footer&#039;]//a[contains(text(),&#039;Senior Java/J2EE Engineer&#039;)]}">
      <![CDATA[org.openqa.selenium.NoSuchWindowException: Currently focused window has been closed.
Build info: version: '4.0.0-alpha-2', revision: 'f148142cf8', time: '2019-07-01T20:55:26'
System info: host: 'ATMECSINLT-283', ip: '55.55.52.215', os.name: 'Windows 10', os.arch: 'amd64', os.version: '10.0', java.version: '1.8.0_221'
Driver info: org.openqa.selenium.ie.InternetExplorerDriver
Capabilities {acceptInsecureCerts: false, browserName: internet explorer, browserVersion: 11, javascriptEnabled: true, pageLoadStrategy: normal, platform: WINDOWS, platformName: WINDOWS, proxy: Proxy(), se:ieOptions: {browserAttachTimeout: 0, elementScrollBehavior: 0, enablePersistentHover: true, ie.browserCommandLineSwitches: , ie.ensureCleanSession: false, ie.fileUploadDialogTimeout: 3000, ie.forceCreateProcessApi: false, ignoreProtectedModeSettings: false, ignoreZoomSetting: false, initialBrowserUrl: http://localhost:2124/, nativeEvents: true, requireWindowFocus: false}, setWindowRect: true, timeouts: {implicit: 0, pageLoad: 300000, script: 30000}}
Session ID: 055d0f1f-16b1-4577-b4c8-1028878473d8
*** Element info: {Using=xpath, value=//div[@id='footer']//a[contains(text(),'Senior Java/J2EE Engineer')]}
at sun.reflect.GeneratedConstructorAccessor25.newInstance(Unknown Source)
at sun.reflect.DelegatingConstructorAccessorImpl.newInstance(DelegatingConstructorAccessorImpl.java:45)
at java.lang.reflect.Constructor.newInstance(Constructor.java:423)
at org.openqa.selenium.remote.codec.w3c.W3CHttpResponseCodec.createException(W3CHttpResponseCodec.java:191)
at org.openqa.selenium.remote.codec.w3c.W3CHttpResponseCodec.decode(W3CHttpResponseCodec.java:125)
at org.openqa.selenium.remote.codec.w3c.W3CHttpResponseCodec.decode(W3CHttpResponseCodec.java:52)
at org.openqa.selenium.remote.HttpCommandExecutor.execute(HttpCommandExecutor.java:161)
at org.openqa.selenium.remote.service.DriverCommandExecutor.execute(DriverCommandExecutor.java:83)
at org.openqa.selenium.remote.RemoteWebDriver.execute(RemoteWebDriver.java:576)
at org.openqa.selenium.remote.RemoteWebDriver.findElement(RemoteWebDriver.java:327)
at org.openqa.selenium.remote.RemoteWebDriver.findElementByXPath(RemoteWebDriver.java:445)
at org.openqa.selenium.By$ByXPath.findElement(By.java:353)
at org.openqa.selenium.remote.RemoteWebDriver.findElement(RemoteWebDriver.java:319)
at com.atmecs.helper.CommonUtility.locatorsType(CommonUtility.java:49)
at com.atmecs.helper.CommonUtility$4.apply(CommonUtility.java:180)
at com.atmecs.helper.CommonUtility$4.apply(CommonUtility.java:1)
at org.openqa.selenium.support.ui.FluentWait.until(FluentWait.java:211)
at com.atmecs.helper.CommonUtility.getText(CommonUtility.java:177)
at com.atmecs.general.AtmecsHomePage.isFooterPresent(AtmecsHomePage.java:80)
at com.atmecs.testscript.AtmecsHomePageScript.validateServicesFooter(AtmecsHomePageScript.java:49)
at sun.reflect.NativeMethodAccessorImpl.invoke0(Native Method)
at sun.reflect.NativeMethodAccessorImpl.invoke(NativeMethodAccessorImpl.java:62)
at sun.reflect.DelegatingMethodAccessorImpl.invoke(DelegatingMethodAccessorImpl.java:43)
at java.lang.reflect.Method.invoke(Method.java:498)
at org.testng.internal.MethodInvocationHelper.invokeMethod(MethodInvocationHelper.java:133)
at org.testng.internal.TestInvoker.invokeMethod(TestInvoker.java:584)
at org.testng.internal.TestInvoker.invokeTestMethod(TestInvoker.java:172)
at org.testng.internal.MethodRunner.runInSequence(MethodRunner.java:46)
at org.testng.internal.TestInvoker$MethodInvocationAgent.invoke(TestInvoker.java:804)
at org.testng.internal.TestInvoker.invokeTestMethods(TestInvoker.java:145)
at org.testng.internal.TestMethodWorker.invokeTestMethods(TestMethodWorker.java:146)
at org.testng.internal.TestMethodWorker.run(TestMethodWorker.java:128)
at java.util.ArrayList.forEach(ArrayList.java:1257)
at org.testng.TestRunner.privateRun(TestRunner.java:770)
at org.testng.TestRunner.run(TestRunner.java:591)
at org.testng.SuiteRunner.runTest(SuiteRunner.java:402)
at org.testng.SuiteRunner.runSequentially(SuiteRunner.java:396)
at org.testng.SuiteRunner.privateRun(SuiteRunner.java:355)
at org.testng.SuiteRunner.run(SuiteRunner.java:304)
at org.testng.SuiteRunnerWorker.runSuite(SuiteRunnerWorker.java:53)
at org.testng.SuiteRunnerWorker.run(SuiteRunnerWorker.java:96)
at org.testng.TestNG.runSuitesSequentially(TestNG.java:1180)
at org.testng.TestNG.runSuitesLocally(TestNG.java:1102)
at org.testng.TestNG.runSuites(TestNG.java:1032)
at org.testng.TestNG.run(TestNG.java:1000)
at org.testng.remote.AbstractRemoteTestNG.run(AbstractRemoteTestNG.java:115)
at org.testng.remote.RemoteTestNG.initAndRun(RemoteTestNG.java:251)
at org.testng.remote.RemoteTestNG.main(RemoteTestNG.java:77)
]]>
    </error>
  </testcase> <!-- validateServicesFooter -->
  <testcase name="validateServicesFooter" time="0.045" classname="com.atmecs.testscript.AtmecsHomePageScript">
    <error type="org.openqa.selenium.NoSuchWindowException" message="Currently focused window has been closed.
Build info: version: &#039;4.0.0-alpha-2&#039;, revision: &#039;f148142cf8&#039;, time: &#039;2019-07-01T20:55:26&#039;
System info: host: &#039;ATMECSINLT-283&#039;, ip: &#039;55.55.52.215&#039;, os.name: &#039;Windows 10&#039;, os.arch: &#039;amd64&#039;, os.version: &#039;10.0&#039;, java.version: &#039;1.8.0_221&#039;
Driver info: org.openqa.selenium.ie.InternetExplorerDriver
Capabilities {acceptInsecureCerts: false, browserName: internet explorer, browserVersion: 11, javascriptEnabled: true, pageLoadStrategy: normal, platform: WINDOWS, platformName: WINDOWS, proxy: Proxy(), se:ieOptions: {browserAttachTimeout: 0, elementScrollBehavior: 0, enablePersistentHover: true, ie.browserCommandLineSwitches: , ie.ensureCleanSession: false, ie.fileUploadDialogTimeout: 3000, ie.forceCreateProcessApi: false, ignoreProtectedModeSettings: false, ignoreZoomSetting: false, initialBrowserUrl: http://localhost:2124/, nativeEvents: true, requireWindowFocus: false}, setWindowRect: true, timeouts: {implicit: 0, pageLoad: 300000, script: 30000}}
Session ID: 055d0f1f-16b1-4577-b4c8-1028878473d8
*** Element info: {Using=xpath, value=//div[@id=&#039;footer&#039;]//a[contains(text(),&#039;India – Bangalore&#039;)]}">
      <![CDATA[org.openqa.selenium.NoSuchWindowException: Currently focused window has been closed.
Build info: version: '4.0.0-alpha-2', revision: 'f148142cf8', time: '2019-07-01T20:55:26'
System info: host: 'ATMECSINLT-283', ip: '55.55.52.215', os.name: 'Windows 10', os.arch: 'amd64', os.version: '10.0', java.version: '1.8.0_221'
Driver info: org.openqa.selenium.ie.InternetExplorerDriver
Capabilities {acceptInsecureCerts: false, browserName: internet explorer, browserVersion: 11, javascriptEnabled: true, pageLoadStrategy: normal, platform: WINDOWS, platformName: WINDOWS, proxy: Proxy(), se:ieOptions: {browserAttachTimeout: 0, elementScrollBehavior: 0, enablePersistentHover: true, ie.browserCommandLineSwitches: , ie.ensureCleanSession: false, ie.fileUploadDialogTimeout: 3000, ie.forceCreateProcessApi: false, ignoreProtectedModeSettings: false, ignoreZoomSetting: false, initialBrowserUrl: http://localhost:2124/, nativeEvents: true, requireWindowFocus: false}, setWindowRect: true, timeouts: {implicit: 0, pageLoad: 300000, script: 30000}}
Session ID: 055d0f1f-16b1-4577-b4c8-1028878473d8
*** Element info: {Using=xpath, value=//div[@id='footer']//a[contains(text(),'India – Bangalore')]}
at sun.reflect.GeneratedConstructorAccessor25.newInstance(Unknown Source)
at sun.reflect.DelegatingConstructorAccessorImpl.newInstance(DelegatingConstructorAccessorImpl.java:45)
at java.lang.reflect.Constructor.newInstance(Constructor.java:423)
at org.openqa.selenium.remote.codec.w3c.W3CHttpResponseCodec.createException(W3CHttpResponseCodec.java:191)
at org.openqa.selenium.remote.codec.w3c.W3CHttpResponseCodec.decode(W3CHttpResponseCodec.java:125)
at org.openqa.selenium.remote.codec.w3c.W3CHttpResponseCodec.decode(W3CHttpResponseCodec.java:52)
at org.openqa.selenium.remote.HttpCommandExecutor.execute(HttpCommandExecutor.java:161)
at org.openqa.selenium.remote.service.DriverCommandExecutor.execute(DriverCommandExecutor.java:83)
at org.openqa.selenium.remote.RemoteWebDriver.execute(RemoteWebDriver.java:576)
at org.openqa.selenium.remote.RemoteWebDriver.findElement(RemoteWebDriver.java:327)
at org.openqa.selenium.remote.RemoteWebDriver.findElementByXPath(RemoteWebDriver.java:445)
at org.openqa.selenium.By$ByXPath.findElement(By.java:353)
at org.openqa.selenium.remote.RemoteWebDriver.findElement(RemoteWebDriver.java:319)
at com.atmecs.helper.CommonUtility.locatorsType(CommonUtility.java:49)
at com.atmecs.helper.CommonUtility$4.apply(CommonUtility.java:180)
at com.atmecs.helper.CommonUtility$4.apply(CommonUtility.java:1)
at org.openqa.selenium.support.ui.FluentWait.until(FluentWait.java:211)
at com.atmecs.helper.CommonUtility.getText(CommonUtility.java:177)
at com.atmecs.general.AtmecsHomePage.isFooterPresent(AtmecsHomePage.java:80)
at com.atmecs.testscript.AtmecsHomePageScript.validateServicesFooter(AtmecsHomePageScript.java:49)
at sun.reflect.GeneratedMethodAccessor3.invoke(Unknown Source)
at sun.reflect.DelegatingMethodAccessorImpl.invoke(DelegatingMethodAccessorImpl.java:43)
at java.lang.reflect.Method.invoke(Method.java:498)
at org.testng.internal.MethodInvocationHelper.invokeMethod(MethodInvocationHelper.java:133)
at org.testng.internal.TestInvoker.invokeMethod(TestInvoker.java:584)
at org.testng.internal.TestInvoker.invokeTestMethod(TestInvoker.java:172)
at org.testng.internal.MethodRunner.runInSequence(MethodRunner.java:46)
at org.testng.internal.TestInvoker$MethodInvocationAgent.invoke(TestInvoker.java:804)
at org.testng.internal.TestInvoker.invokeTestMethods(TestInvoker.java:145)
at org.testng.internal.TestMethodWorker.invokeTestMethods(TestMethodWorker.java:146)
at org.testng.internal.TestMethodWorker.run(TestMethodWorker.java:128)
at java.util.ArrayList.forEach(ArrayList.java:1257)
at org.testng.TestRunner.privateRun(TestRunner.java:770)
at org.testng.TestRunner.run(TestRunner.java:591)
at org.testng.SuiteRunner.runTest(SuiteRunner.java:402)
at org.testng.SuiteRunner.runSequentially(SuiteRunner.java:396)
at org.testng.SuiteRunner.privateRun(SuiteRunner.java:355)
at org.testng.SuiteRunner.run(SuiteRunner.java:304)
at org.testng.SuiteRunnerWorker.runSuite(SuiteRunnerWorker.java:53)
at org.testng.SuiteRunnerWorker.run(SuiteRunnerWorker.java:96)
at org.testng.TestNG.runSuitesSequentially(TestNG.java:1180)
at org.testng.TestNG.runSuitesLocally(TestNG.java:1102)
at org.testng.TestNG.runSuites(TestNG.java:1032)
at org.testng.TestNG.run(TestNG.java:1000)
at org.testng.remote.AbstractRemoteTestNG.run(AbstractRemoteTestNG.java:115)
at org.testng.remote.RemoteTestNG.initAndRun(RemoteTestNG.java:251)
at org.testng.remote.RemoteTestNG.main(RemoteTestNG.java:77)
]]>
    </error>
  </testcase> <!-- validateServicesFooter -->
  <testcase name="validateServicesFooter" time="0.034" classname="com.atmecs.testscript.AtmecsHomePageScript">
    <error type="org.openqa.selenium.NoSuchWindowException" message="Currently focused window has been closed.
Build info: version: &#039;4.0.0-alpha-2&#039;, revision: &#039;f148142cf8&#039;, time: &#039;2019-07-01T20:55:26&#039;
System info: host: &#039;ATMECSINLT-283&#039;, ip: &#039;55.55.52.215&#039;, os.name: &#039;Windows 10&#039;, os.arch: &#039;amd64&#039;, os.version: &#039;10.0&#039;, java.version: &#039;1.8.0_221&#039;
Driver info: org.openqa.selenium.ie.InternetExplorerDriver
Capabilities {acceptInsecureCerts: false, browserName: internet explorer, browserVersion: 11, javascriptEnabled: true, pageLoadStrategy: normal, platform: WINDOWS, platformName: WINDOWS, proxy: Proxy(), se:ieOptions: {browserAttachTimeout: 0, elementScrollBehavior: 0, enablePersistentHover: true, ie.browserCommandLineSwitches: , ie.ensureCleanSession: false, ie.fileUploadDialogTimeout: 3000, ie.forceCreateProcessApi: false, ignoreProtectedModeSettings: false, ignoreZoomSetting: false, initialBrowserUrl: http://localhost:2124/, nativeEvents: true, requireWindowFocus: false}, setWindowRect: true, timeouts: {implicit: 0, pageLoad: 300000, script: 30000}}
Session ID: 055d0f1f-16b1-4577-b4c8-1028878473d8
*** Element info: {Using=xpath, value=//div[@id=&#039;footer&#039;]//a[contains(text(),&#039;Contact Us&#039;)]}">
      <![CDATA[org.openqa.selenium.NoSuchWindowException: Currently focused window has been closed.
Build info: version: '4.0.0-alpha-2', revision: 'f148142cf8', time: '2019-07-01T20:55:26'
System info: host: 'ATMECSINLT-283', ip: '55.55.52.215', os.name: 'Windows 10', os.arch: 'amd64', os.version: '10.0', java.version: '1.8.0_221'
Driver info: org.openqa.selenium.ie.InternetExplorerDriver
Capabilities {acceptInsecureCerts: false, browserName: internet explorer, browserVersion: 11, javascriptEnabled: true, pageLoadStrategy: normal, platform: WINDOWS, platformName: WINDOWS, proxy: Proxy(), se:ieOptions: {browserAttachTimeout: 0, elementScrollBehavior: 0, enablePersistentHover: true, ie.browserCommandLineSwitches: , ie.ensureCleanSession: false, ie.fileUploadDialogTimeout: 3000, ie.forceCreateProcessApi: false, ignoreProtectedModeSettings: false, ignoreZoomSetting: false, initialBrowserUrl: http://localhost:2124/, nativeEvents: true, requireWindowFocus: false}, setWindowRect: true, timeouts: {implicit: 0, pageLoad: 300000, script: 30000}}
Session ID: 055d0f1f-16b1-4577-b4c8-1028878473d8
*** Element info: {Using=xpath, value=//div[@id='footer']//a[contains(text(),'Contact Us')]}
at sun.reflect.GeneratedConstructorAccessor25.newInstance(Unknown Source)
at sun.reflect.DelegatingConstructorAccessorImpl.newInstance(DelegatingConstructorAccessorImpl.java:45)
at java.lang.reflect.Constructor.newInstance(Constructor.java:423)
at org.openqa.selenium.remote.codec.w3c.W3CHttpResponseCodec.createException(W3CHttpResponseCodec.java:191)
at org.openqa.selenium.remote.codec.w3c.W3CHttpResponseCodec.decode(W3CHttpResponseCodec.java:125)
at org.openqa.selenium.remote.codec.w3c.W3CHttpResponseCodec.decode(W3CHttpResponseCodec.java:52)
at org.openqa.selenium.remote.HttpCommandExecutor.execute(HttpCommandExecutor.java:161)
at org.openqa.selenium.remote.service.DriverCommandExecutor.execute(DriverCommandExecutor.java:83)
at org.openqa.selenium.remote.RemoteWebDriver.execute(RemoteWebDriver.java:576)
at org.openqa.selenium.remote.RemoteWebDriver.findElement(RemoteWebDriver.java:327)
at org.openqa.selenium.remote.RemoteWebDriver.findElementByXPath(RemoteWebDriver.java:445)
at org.openqa.selenium.By$ByXPath.findElement(By.java:353)
at org.openqa.selenium.remote.RemoteWebDriver.findElement(RemoteWebDriver.java:319)
at com.atmecs.helper.CommonUtility.locatorsType(CommonUtility.java:49)
at com.atmecs.helper.CommonUtility$4.apply(CommonUtility.java:180)
at com.atmecs.helper.CommonUtility$4.apply(CommonUtility.java:1)
at org.openqa.selenium.support.ui.FluentWait.until(FluentWait.java:211)
at com.atmecs.helper.CommonUtility.getText(CommonUtility.java:177)
at com.atmecs.general.AtmecsHomePage.isFooterPresent(AtmecsHomePage.java:80)
at com.atmecs.testscript.AtmecsHomePageScript.validateServicesFooter(AtmecsHomePageScript.java:49)
at sun.reflect.NativeMethodAccessorImpl.invoke0(Native Method)
at sun.reflect.NativeMethodAccessorImpl.invoke(NativeMethodAccessorImpl.java:62)
at sun.reflect.DelegatingMethodAccessorImpl.invoke(DelegatingMethodAccessorImpl.java:43)
at java.lang.reflect.Method.invoke(Method.java:498)
at org.testng.internal.MethodInvocationHelper.invokeMethod(MethodInvocationHelper.java:133)
at org.testng.internal.TestInvoker.invokeMethod(TestInvoker.java:584)
at org.testng.internal.TestInvoker.invokeTestMethod(TestInvoker.java:172)
at org.testng.internal.MethodRunner.runInSequence(MethodRunner.java:46)
at org.testng.internal.TestInvoker$MethodInvocationAgent.invoke(TestInvoker.java:804)
at org.testng.internal.TestInvoker.invokeTestMethods(TestInvoker.java:145)
at org.testng.internal.TestMethodWorker.invokeTestMethods(TestMethodWorker.java:146)
at org.testng.internal.TestMethodWorker.run(TestMethodWorker.java:128)
at java.util.ArrayList.forEach(ArrayList.java:1257)
at org.testng.TestRunner.privateRun(TestRunner.java:770)
at org.testng.TestRunner.run(TestRunner.java:591)
at org.testng.SuiteRunner.runTest(SuiteRunner.java:402)
at org.testng.SuiteRunner.runSequentially(SuiteRunner.java:396)
at org.testng.SuiteRunner.privateRun(SuiteRunner.java:355)
at org.testng.SuiteRunner.run(SuiteRunner.java:304)
at org.testng.SuiteRunnerWorker.runSuite(SuiteRunnerWorker.java:53)
at org.testng.SuiteRunnerWorker.run(SuiteRunnerWorker.java:96)
at org.testng.TestNG.runSuitesSequentially(TestNG.java:1180)
at org.testng.TestNG.runSuitesLocally(TestNG.java:1102)
at org.testng.TestNG.runSuites(TestNG.java:1032)
at org.testng.TestNG.run(TestNG.java:1000)
at org.testng.remote.AbstractRemoteTestNG.run(AbstractRemoteTestNG.java:115)
at org.testng.remote.RemoteTestNG.initAndRun(RemoteTestNG.java:251)
at org.testng.remote.RemoteTestNG.main(RemoteTestNG.java:77)
]]>
    </error>
  </testcase> <!-- validateServicesFooter -->
  <testcase name="validateServicesFooter" time="0.032" classname="com.atmecs.testscript.AtmecsHomePageScript">
    <error type="org.openqa.selenium.NoSuchWindowException" message="Currently focused window has been closed.
Build info: version: &#039;4.0.0-alpha-2&#039;, revision: &#039;f148142cf8&#039;, time: &#039;2019-07-01T20:55:26&#039;
System info: host: &#039;ATMECSINLT-283&#039;, ip: &#039;55.55.52.215&#039;, os.name: &#039;Windows 10&#039;, os.arch: &#039;amd64&#039;, os.version: &#039;10.0&#039;, java.version: &#039;1.8.0_221&#039;
Driver info: org.openqa.selenium.ie.InternetExplorerDriver
Capabilities {acceptInsecureCerts: false, browserName: internet explorer, browserVersion: 11, javascriptEnabled: true, pageLoadStrategy: normal, platform: WINDOWS, platformName: WINDOWS, proxy: Proxy(), se:ieOptions: {browserAttachTimeout: 0, elementScrollBehavior: 0, enablePersistentHover: true, ie.browserCommandLineSwitches: , ie.ensureCleanSession: false, ie.fileUploadDialogTimeout: 3000, ie.forceCreateProcessApi: false, ignoreProtectedModeSettings: false, ignoreZoomSetting: false, initialBrowserUrl: http://localhost:2124/, nativeEvents: true, requireWindowFocus: false}, setWindowRect: true, timeouts: {implicit: 0, pageLoad: 300000, script: 30000}}
Session ID: 055d0f1f-16b1-4577-b4c8-1028878473d8
*** Element info: {Using=xpath, value=//div[@id=&#039;footer&#039;]//a[contains(text(),&#039;Mobile Computing&#039;)]}">
      <![CDATA[org.openqa.selenium.NoSuchWindowException: Currently focused window has been closed.
Build info: version: '4.0.0-alpha-2', revision: 'f148142cf8', time: '2019-07-01T20:55:26'
System info: host: 'ATMECSINLT-283', ip: '55.55.52.215', os.name: 'Windows 10', os.arch: 'amd64', os.version: '10.0', java.version: '1.8.0_221'
Driver info: org.openqa.selenium.ie.InternetExplorerDriver
Capabilities {acceptInsecureCerts: false, browserName: internet explorer, browserVersion: 11, javascriptEnabled: true, pageLoadStrategy: normal, platform: WINDOWS, platformName: WINDOWS, proxy: Proxy(), se:ieOptions: {browserAttachTimeout: 0, elementScrollBehavior: 0, enablePersistentHover: true, ie.browserCommandLineSwitches: , ie.ensureCleanSession: false, ie.fileUploadDialogTimeout: 3000, ie.forceCreateProcessApi: false, ignoreProtectedModeSettings: false, ignoreZoomSetting: false, initialBrowserUrl: http://localhost:2124/, nativeEvents: true, requireWindowFocus: false}, setWindowRect: true, timeouts: {implicit: 0, pageLoad: 300000, script: 30000}}
Session ID: 055d0f1f-16b1-4577-b4c8-1028878473d8
*** Element info: {Using=xpath, value=//div[@id='footer']//a[contains(text(),'Mobile Computing')]}
at sun.reflect.GeneratedConstructorAccessor25.newInstance(Unknown Source)
at sun.reflect.DelegatingConstructorAccessorImpl.newInstance(DelegatingConstructorAccessorImpl.java:45)
at java.lang.reflect.Constructor.newInstance(Constructor.java:423)
at org.openqa.selenium.remote.codec.w3c.W3CHttpResponseCodec.createException(W3CHttpResponseCodec.java:191)
at org.openqa.selenium.remote.codec.w3c.W3CHttpResponseCodec.decode(W3CHttpResponseCodec.java:125)
at org.openqa.selenium.remote.codec.w3c.W3CHttpResponseCodec.decode(W3CHttpResponseCodec.java:52)
at org.openqa.selenium.remote.HttpCommandExecutor.execute(HttpCommandExecutor.java:161)
at org.openqa.selenium.remote.service.DriverCommandExecutor.execute(DriverCommandExecutor.java:83)
at org.openqa.selenium.remote.RemoteWebDriver.execute(RemoteWebDriver.java:576)
at org.openqa.selenium.remote.RemoteWebDriver.findElement(RemoteWebDriver.java:327)
at org.openqa.selenium.remote.RemoteWebDriver.findElementByXPath(RemoteWebDriver.java:445)
at org.openqa.selenium.By$ByXPath.findElement(By.java:353)
at org.openqa.selenium.remote.RemoteWebDriver.findElement(RemoteWebDriver.java:319)
at com.atmecs.helper.CommonUtility.locatorsType(CommonUtility.java:49)
at com.atmecs.helper.CommonUtility$4.apply(CommonUtility.java:180)
at com.atmecs.helper.CommonUtility$4.apply(CommonUtility.java:1)
at org.openqa.selenium.support.ui.FluentWait.until(FluentWait.java:211)
at com.atmecs.helper.CommonUtility.getText(CommonUtility.java:177)
at com.atmecs.general.AtmecsHomePage.isFooterPresent(AtmecsHomePage.java:80)
at com.atmecs.testscript.AtmecsHomePageScript.validateServicesFooter(AtmecsHomePageScript.java:49)
at sun.reflect.GeneratedMethodAccessor3.invoke(Unknown Source)
at sun.reflect.DelegatingMethodAccessorImpl.invoke(DelegatingMethodAccessorImpl.java:43)
at java.lang.reflect.Method.invoke(Method.java:498)
at org.testng.internal.MethodInvocationHelper.invokeMethod(MethodInvocationHelper.java:133)
at org.testng.internal.TestInvoker.invokeMethod(TestInvoker.java:584)
at org.testng.internal.TestInvoker.invokeTestMethod(TestInvoker.java:172)
at org.testng.internal.MethodRunner.runInSequence(MethodRunner.java:46)
at org.testng.internal.TestInvoker$MethodInvocationAgent.invoke(TestInvoker.java:804)
at org.testng.internal.TestInvoker.invokeTestMethods(TestInvoker.java:145)
at org.testng.internal.TestMethodWorker.invokeTestMethods(TestMethodWorker.java:146)
at org.testng.internal.TestMethodWorker.run(TestMethodWorker.java:128)
at java.util.ArrayList.forEach(ArrayList.java:1257)
at org.testng.TestRunner.privateRun(TestRunner.java:770)
at org.testng.TestRunner.run(TestRunner.java:591)
at org.testng.SuiteRunner.runTest(SuiteRunner.java:402)
at org.testng.SuiteRunner.runSequentially(SuiteRunner.java:396)
at org.testng.SuiteRunner.privateRun(SuiteRunner.java:355)
at org.testng.SuiteRunner.run(SuiteRunner.java:304)
at org.testng.SuiteRunnerWorker.runSuite(SuiteRunnerWorker.java:53)
at org.testng.SuiteRunnerWorker.run(SuiteRunnerWorker.java:96)
at org.testng.TestNG.runSuitesSequentially(TestNG.java:1180)
at org.testng.TestNG.runSuitesLocally(TestNG.java:1102)
at org.testng.TestNG.runSuites(TestNG.java:1032)
at org.testng.TestNG.run(TestNG.java:1000)
at org.testng.remote.AbstractRemoteTestNG.run(AbstractRemoteTestNG.java:115)
at org.testng.remote.RemoteTestNG.initAndRun(RemoteTestNG.java:251)
at org.testng.remote.RemoteTestNG.main(RemoteTestNG.java:77)
]]>
    </error>
  </testcase> <!-- validateServicesFooter -->
  <testcase name="validateServicesFooter" time="0.027" classname="com.atmecs.testscript.AtmecsHomePageScript">
    <error type="org.openqa.selenium.NoSuchWindowException" message="Currently focused window has been closed.
Build info: version: &#039;4.0.0-alpha-2&#039;, revision: &#039;f148142cf8&#039;, time: &#039;2019-07-01T20:55:26&#039;
System info: host: &#039;ATMECSINLT-283&#039;, ip: &#039;55.55.52.215&#039;, os.name: &#039;Windows 10&#039;, os.arch: &#039;amd64&#039;, os.version: &#039;10.0&#039;, java.version: &#039;1.8.0_221&#039;
Driver info: org.openqa.selenium.ie.InternetExplorerDriver
Capabilities {acceptInsecureCerts: false, browserName: internet explorer, browserVersion: 11, javascriptEnabled: true, pageLoadStrategy: normal, platform: WINDOWS, platformName: WINDOWS, proxy: Proxy(), se:ieOptions: {browserAttachTimeout: 0, elementScrollBehavior: 0, enablePersistentHover: true, ie.browserCommandLineSwitches: , ie.ensureCleanSession: false, ie.fileUploadDialogTimeout: 3000, ie.forceCreateProcessApi: false, ignoreProtectedModeSettings: false, ignoreZoomSetting: false, initialBrowserUrl: http://localhost:2124/, nativeEvents: true, requireWindowFocus: false}, setWindowRect: true, timeouts: {implicit: 0, pageLoad: 300000, script: 30000}}
Session ID: 055d0f1f-16b1-4577-b4c8-1028878473d8
*** Element info: {Using=xpath, value=//div[@id=&#039;footer&#039;]//a[contains(text(),&#039;Automation Engineer&#039;)]}">
      <![CDATA[org.openqa.selenium.NoSuchWindowException: Currently focused window has been closed.
Build info: version: '4.0.0-alpha-2', revision: 'f148142cf8', time: '2019-07-01T20:55:26'
System info: host: 'ATMECSINLT-283', ip: '55.55.52.215', os.name: 'Windows 10', os.arch: 'amd64', os.version: '10.0', java.version: '1.8.0_221'
Driver info: org.openqa.selenium.ie.InternetExplorerDriver
Capabilities {acceptInsecureCerts: false, browserName: internet explorer, browserVersion: 11, javascriptEnabled: true, pageLoadStrategy: normal, platform: WINDOWS, platformName: WINDOWS, proxy: Proxy(), se:ieOptions: {browserAttachTimeout: 0, elementScrollBehavior: 0, enablePersistentHover: true, ie.browserCommandLineSwitches: , ie.ensureCleanSession: false, ie.fileUploadDialogTimeout: 3000, ie.forceCreateProcessApi: false, ignoreProtectedModeSettings: false, ignoreZoomSetting: false, initialBrowserUrl: http://localhost:2124/, nativeEvents: true, requireWindowFocus: false}, setWindowRect: true, timeouts: {implicit: 0, pageLoad: 300000, script: 30000}}
Session ID: 055d0f1f-16b1-4577-b4c8-1028878473d8
*** Element info: {Using=xpath, value=//div[@id='footer']//a[contains(text(),'Automation Engineer')]}
at sun.reflect.GeneratedConstructorAccessor25.newInstance(Unknown Source)
at sun.reflect.DelegatingConstructorAccessorImpl.newInstance(DelegatingConstructorAccessorImpl.java:45)
at java.lang.reflect.Constructor.newInstance(Constructor.java:423)
at org.openqa.selenium.remote.codec.w3c.W3CHttpResponseCodec.createException(W3CHttpResponseCodec.java:191)
at org.openqa.selenium.remote.codec.w3c.W3CHttpResponseCodec.decode(W3CHttpResponseCodec.java:125)
at org.openqa.selenium.remote.codec.w3c.W3CHttpResponseCodec.decode(W3CHttpResponseCodec.java:52)
at org.openqa.selenium.remote.HttpCommandExecutor.execute(HttpCommandExecutor.java:161)
at org.openqa.selenium.remote.service.DriverCommandExecutor.execute(DriverCommandExecutor.java:83)
at org.openqa.selenium.remote.RemoteWebDriver.execute(RemoteWebDriver.java:576)
at org.openqa.selenium.remote.RemoteWebDriver.findElement(RemoteWebDriver.java:327)
at org.openqa.selenium.remote.RemoteWebDriver.findElementByXPath(RemoteWebDriver.java:445)
at org.openqa.selenium.By$ByXPath.findElement(By.java:353)
at org.openqa.selenium.remote.RemoteWebDriver.findElement(RemoteWebDriver.java:319)
at com.atmecs.helper.CommonUtility.locatorsType(CommonUtility.java:49)
at com.atmecs.helper.CommonUtility$4.apply(CommonUtility.java:180)
at com.atmecs.helper.CommonUtility$4.apply(CommonUtility.java:1)
at org.openqa.selenium.support.ui.FluentWait.until(FluentWait.java:211)
at com.atmecs.helper.CommonUtility.getText(CommonUtility.java:177)
at com.atmecs.general.AtmecsHomePage.isFooterPresent(AtmecsHomePage.java:80)
at com.atmecs.testscript.AtmecsHomePageScript.validateServicesFooter(AtmecsHomePageScript.java:49)
at sun.reflect.NativeMethodAccessorImpl.invoke0(Native Method)
at sun.reflect.NativeMethodAccessorImpl.invoke(NativeMethodAccessorImpl.java:62)
at sun.reflect.DelegatingMethodAccessorImpl.invoke(DelegatingMethodAccessorImpl.java:43)
at java.lang.reflect.Method.invoke(Method.java:498)
at org.testng.internal.MethodInvocationHelper.invokeMethod(MethodInvocationHelper.java:133)
at org.testng.internal.TestInvoker.invokeMethod(TestInvoker.java:584)
at org.testng.internal.TestInvoker.invokeTestMethod(TestInvoker.java:172)
at org.testng.internal.MethodRunner.runInSequence(MethodRunner.java:46)
at org.testng.internal.TestInvoker$MethodInvocationAgent.invoke(TestInvoker.java:804)
at org.testng.internal.TestInvoker.invokeTestMethods(TestInvoker.java:145)
at org.testng.internal.TestMethodWorker.invokeTestMethods(TestMethodWorker.java:146)
at org.testng.internal.TestMethodWorker.run(TestMethodWorker.java:128)
at java.util.ArrayList.forEach(ArrayList.java:1257)
at org.testng.TestRunner.privateRun(TestRunner.java:770)
at org.testng.TestRunner.run(TestRunner.java:591)
at org.testng.SuiteRunner.runTest(SuiteRunner.java:402)
at org.testng.SuiteRunner.runSequentially(SuiteRunner.java:396)
at org.testng.SuiteRunner.privateRun(SuiteRunner.java:355)
at org.testng.SuiteRunner.run(SuiteRunner.java:304)
at org.testng.SuiteRunnerWorker.runSuite(SuiteRunnerWorker.java:53)
at org.testng.SuiteRunnerWorker.run(SuiteRunnerWorker.java:96)
at org.testng.TestNG.runSuitesSequentially(TestNG.java:1180)
at org.testng.TestNG.runSuitesLocally(TestNG.java:1102)
at org.testng.TestNG.runSuites(TestNG.java:1032)
at org.testng.TestNG.run(TestNG.java:1000)
at org.testng.remote.AbstractRemoteTestNG.run(AbstractRemoteTestNG.java:115)
at org.testng.remote.RemoteTestNG.initAndRun(RemoteTestNG.java:251)
at org.testng.remote.RemoteTestNG.main(RemoteTestNG.java:77)
]]>
    </error>
  </testcase> <!-- validateServicesFooter -->
  <testcase name="validateServicesFooter" time="0.036" classname="com.atmecs.testscript.AtmecsHomePageScript">
    <error type="org.openqa.selenium.NoSuchWindowException" message="Currently focused window has been closed.
Build info: version: &#039;4.0.0-alpha-2&#039;, revision: &#039;f148142cf8&#039;, time: &#039;2019-07-01T20:55:26&#039;
System info: host: &#039;ATMECSINLT-283&#039;, ip: &#039;55.55.52.215&#039;, os.name: &#039;Windows 10&#039;, os.arch: &#039;amd64&#039;, os.version: &#039;10.0&#039;, java.version: &#039;1.8.0_221&#039;
Driver info: org.openqa.selenium.ie.InternetExplorerDriver
Capabilities {acceptInsecureCerts: false, browserName: internet explorer, browserVersion: 11, javascriptEnabled: true, pageLoadStrategy: normal, platform: WINDOWS, platformName: WINDOWS, proxy: Proxy(), se:ieOptions: {browserAttachTimeout: 0, elementScrollBehavior: 0, enablePersistentHover: true, ie.browserCommandLineSwitches: , ie.ensureCleanSession: false, ie.fileUploadDialogTimeout: 3000, ie.forceCreateProcessApi: false, ignoreProtectedModeSettings: false, ignoreZoomSetting: false, initialBrowserUrl: http://localhost:2124/, nativeEvents: true, requireWindowFocus: false}, setWindowRect: true, timeouts: {implicit: 0, pageLoad: 300000, script: 30000}}
Session ID: 055d0f1f-16b1-4577-b4c8-1028878473d8
*** Element info: {Using=xpath, value=//div[@id=&#039;footer&#039;]//a[contains(text(),&#039;Home&#039;)]}">
      <![CDATA[org.openqa.selenium.NoSuchWindowException: Currently focused window has been closed.
Build info: version: '4.0.0-alpha-2', revision: 'f148142cf8', time: '2019-07-01T20:55:26'
System info: host: 'ATMECSINLT-283', ip: '55.55.52.215', os.name: 'Windows 10', os.arch: 'amd64', os.version: '10.0', java.version: '1.8.0_221'
Driver info: org.openqa.selenium.ie.InternetExplorerDriver
Capabilities {acceptInsecureCerts: false, browserName: internet explorer, browserVersion: 11, javascriptEnabled: true, pageLoadStrategy: normal, platform: WINDOWS, platformName: WINDOWS, proxy: Proxy(), se:ieOptions: {browserAttachTimeout: 0, elementScrollBehavior: 0, enablePersistentHover: true, ie.browserCommandLineSwitches: , ie.ensureCleanSession: false, ie.fileUploadDialogTimeout: 3000, ie.forceCreateProcessApi: false, ignoreProtectedModeSettings: false, ignoreZoomSetting: false, initialBrowserUrl: http://localhost:2124/, nativeEvents: true, requireWindowFocus: false}, setWindowRect: true, timeouts: {implicit: 0, pageLoad: 300000, script: 30000}}
Session ID: 055d0f1f-16b1-4577-b4c8-1028878473d8
*** Element info: {Using=xpath, value=//div[@id='footer']//a[contains(text(),'Home')]}
at sun.reflect.GeneratedConstructorAccessor25.newInstance(Unknown Source)
at sun.reflect.DelegatingConstructorAccessorImpl.newInstance(DelegatingConstructorAccessorImpl.java:45)
at java.lang.reflect.Constructor.newInstance(Constructor.java:423)
at org.openqa.selenium.remote.codec.w3c.W3CHttpResponseCodec.createException(W3CHttpResponseCodec.java:191)
at org.openqa.selenium.remote.codec.w3c.W3CHttpResponseCodec.decode(W3CHttpResponseCodec.java:125)
at org.openqa.selenium.remote.codec.w3c.W3CHttpResponseCodec.decode(W3CHttpResponseCodec.java:52)
at org.openqa.selenium.remote.HttpCommandExecutor.execute(HttpCommandExecutor.java:161)
at org.openqa.selenium.remote.service.DriverCommandExecutor.execute(DriverCommandExecutor.java:83)
at org.openqa.selenium.remote.RemoteWebDriver.execute(RemoteWebDriver.java:576)
at org.openqa.selenium.remote.RemoteWebDriver.findElement(RemoteWebDriver.java:327)
at org.openqa.selenium.remote.RemoteWebDriver.findElementByXPath(RemoteWebDriver.java:445)
at org.openqa.selenium.By$ByXPath.findElement(By.java:353)
at org.openqa.selenium.remote.RemoteWebDriver.findElement(RemoteWebDriver.java:319)
at com.atmecs.helper.CommonUtility.locatorsType(CommonUtility.java:49)
at com.atmecs.helper.CommonUtility$4.apply(CommonUtility.java:180)
at com.atmecs.helper.CommonUtility$4.apply(CommonUtility.java:1)
at org.openqa.selenium.support.ui.FluentWait.until(FluentWait.java:211)
at com.atmecs.helper.CommonUtility.getText(CommonUtility.java:177)
at com.atmecs.general.AtmecsHomePage.isFooterPresent(AtmecsHomePage.java:80)
at com.atmecs.testscript.AtmecsHomePageScript.validateServicesFooter(AtmecsHomePageScript.java:49)
at sun.reflect.NativeMethodAccessorImpl.invoke0(Native Method)
at sun.reflect.NativeMethodAccessorImpl.invoke(NativeMethodAccessorImpl.java:62)
at sun.reflect.DelegatingMethodAccessorImpl.invoke(DelegatingMethodAccessorImpl.java:43)
at java.lang.reflect.Method.invoke(Method.java:498)
at org.testng.internal.MethodInvocationHelper.invokeMethod(MethodInvocationHelper.java:133)
at org.testng.internal.TestInvoker.invokeMethod(TestInvoker.java:584)
at org.testng.internal.TestInvoker.invokeTestMethod(TestInvoker.java:172)
at org.testng.internal.MethodRunner.runInSequence(MethodRunner.java:46)
at org.testng.internal.TestInvoker$MethodInvocationAgent.invoke(TestInvoker.java:804)
at org.testng.internal.TestInvoker.invokeTestMethods(TestInvoker.java:145)
at org.testng.internal.TestMethodWorker.invokeTestMethods(TestMethodWorker.java:146)
at org.testng.internal.TestMethodWorker.run(TestMethodWorker.java:128)
at java.util.ArrayList.forEach(ArrayList.java:1257)
at org.testng.TestRunner.privateRun(TestRunner.java:770)
at org.testng.TestRunner.run(TestRunner.java:591)
at org.testng.SuiteRunner.runTest(SuiteRunner.java:402)
at org.testng.SuiteRunner.runSequentially(SuiteRunner.java:396)
at org.testng.SuiteRunner.privateRun(SuiteRunner.java:355)
at org.testng.SuiteRunner.run(SuiteRunner.java:304)
at org.testng.SuiteRunnerWorker.runSuite(SuiteRunnerWorker.java:53)
at org.testng.SuiteRunnerWorker.run(SuiteRunnerWorker.java:96)
at org.testng.TestNG.runSuitesSequentially(TestNG.java:1180)
at org.testng.TestNG.runSuitesLocally(TestNG.java:1102)
at org.testng.TestNG.runSuites(TestNG.java:1032)
at org.testng.TestNG.run(TestNG.java:1000)
at org.testng.remote.AbstractRemoteTestNG.run(AbstractRemoteTestNG.java:115)
at org.testng.remote.RemoteTestNG.initAndRun(RemoteTestNG.java:251)
at org.testng.remote.RemoteTestNG.main(RemoteTestNG.java:77)
]]>
    </error>
  </testcase> <!-- validateServicesFooter -->
  <testcase name="validateServicesFooter" time="0.021" classname="com.atmecs.testscript.AtmecsHomePageScript">
    <error type="org.openqa.selenium.NoSuchWindowException" message="Currently focused window has been closed.
Build info: version: &#039;4.0.0-alpha-2&#039;, revision: &#039;f148142cf8&#039;, time: &#039;2019-07-01T20:55:26&#039;
System info: host: &#039;ATMECSINLT-283&#039;, ip: &#039;55.55.52.215&#039;, os.name: &#039;Windows 10&#039;, os.arch: &#039;amd64&#039;, os.version: &#039;10.0&#039;, java.version: &#039;1.8.0_221&#039;
Driver info: org.openqa.selenium.ie.InternetExplorerDriver
Capabilities {acceptInsecureCerts: false, browserName: internet explorer, browserVersion: 11, javascriptEnabled: true, pageLoadStrategy: normal, platform: WINDOWS, platformName: WINDOWS, proxy: Proxy(), se:ieOptions: {browserAttachTimeout: 0, elementScrollBehavior: 0, enablePersistentHover: true, ie.browserCommandLineSwitches: , ie.ensureCleanSession: false, ie.fileUploadDialogTimeout: 3000, ie.forceCreateProcessApi: false, ignoreProtectedModeSettings: false, ignoreZoomSetting: false, initialBrowserUrl: http://localhost:2124/, nativeEvents: true, requireWindowFocus: false}, setWindowRect: true, timeouts: {implicit: 0, pageLoad: 300000, script: 30000}}
Session ID: 055d0f1f-16b1-4577-b4c8-1028878473d8
*** Element info: {Using=xpath, value=//div[@id=&#039;footer&#039;]//a[contains(text(),&#039;Cloud Services&#039;)]}">
      <![CDATA[org.openqa.selenium.NoSuchWindowException: Currently focused window has been closed.
Build info: version: '4.0.0-alpha-2', revision: 'f148142cf8', time: '2019-07-01T20:55:26'
System info: host: 'ATMECSINLT-283', ip: '55.55.52.215', os.name: 'Windows 10', os.arch: 'amd64', os.version: '10.0', java.version: '1.8.0_221'
Driver info: org.openqa.selenium.ie.InternetExplorerDriver
Capabilities {acceptInsecureCerts: false, browserName: internet explorer, browserVersion: 11, javascriptEnabled: true, pageLoadStrategy: normal, platform: WINDOWS, platformName: WINDOWS, proxy: Proxy(), se:ieOptions: {browserAttachTimeout: 0, elementScrollBehavior: 0, enablePersistentHover: true, ie.browserCommandLineSwitches: , ie.ensureCleanSession: false, ie.fileUploadDialogTimeout: 3000, ie.forceCreateProcessApi: false, ignoreProtectedModeSettings: false, ignoreZoomSetting: false, initialBrowserUrl: http://localhost:2124/, nativeEvents: true, requireWindowFocus: false}, setWindowRect: true, timeouts: {implicit: 0, pageLoad: 300000, script: 30000}}
Session ID: 055d0f1f-16b1-4577-b4c8-1028878473d8
*** Element info: {Using=xpath, value=//div[@id='footer']//a[contains(text(),'Cloud Services')]}
at sun.reflect.GeneratedConstructorAccessor25.newInstance(Unknown Source)
at sun.reflect.DelegatingConstructorAccessorImpl.newInstance(DelegatingConstructorAccessorImpl.java:45)
at java.lang.reflect.Constructor.newInstance(Constructor.java:423)
at org.openqa.selenium.remote.codec.w3c.W3CHttpResponseCodec.createException(W3CHttpResponseCodec.java:191)
at org.openqa.selenium.remote.codec.w3c.W3CHttpResponseCodec.decode(W3CHttpResponseCodec.java:125)
at org.openqa.selenium.remote.codec.w3c.W3CHttpResponseCodec.decode(W3CHttpResponseCodec.java:52)
at org.openqa.selenium.remote.HttpCommandExecutor.execute(HttpCommandExecutor.java:161)
at org.openqa.selenium.remote.service.DriverCommandExecutor.execute(DriverCommandExecutor.java:83)
at org.openqa.selenium.remote.RemoteWebDriver.execute(RemoteWebDriver.java:576)
at org.openqa.selenium.remote.RemoteWebDriver.findElement(RemoteWebDriver.java:327)
at org.openqa.selenium.remote.RemoteWebDriver.findElementByXPath(RemoteWebDriver.java:445)
at org.openqa.selenium.By$ByXPath.findElement(By.java:353)
at org.openqa.selenium.remote.RemoteWebDriver.findElement(RemoteWebDriver.java:319)
at com.atmecs.helper.CommonUtility.locatorsType(CommonUtility.java:49)
at com.atmecs.helper.CommonUtility$4.apply(CommonUtility.java:180)
at com.atmecs.helper.CommonUtility$4.apply(CommonUtility.java:1)
at org.openqa.selenium.support.ui.FluentWait.until(FluentWait.java:211)
at com.atmecs.helper.CommonUtility.getText(CommonUtility.java:177)
at com.atmecs.general.AtmecsHomePage.isFooterPresent(AtmecsHomePage.java:80)
at com.atmecs.testscript.AtmecsHomePageScript.validateServicesFooter(AtmecsHomePageScript.java:49)
at sun.reflect.GeneratedMethodAccessor3.invoke(Unknown Source)
at sun.reflect.DelegatingMethodAccessorImpl.invoke(DelegatingMethodAccessorImpl.java:43)
at java.lang.reflect.Method.invoke(Method.java:498)
at org.testng.internal.MethodInvocationHelper.invokeMethod(MethodInvocationHelper.java:133)
at org.testng.internal.TestInvoker.invokeMethod(TestInvoker.java:584)
at org.testng.internal.TestInvoker.invokeTestMethod(TestInvoker.java:172)
at org.testng.internal.MethodRunner.runInSequence(MethodRunner.java:46)
at org.testng.internal.TestInvoker$MethodInvocationAgent.invoke(TestInvoker.java:804)
at org.testng.internal.TestInvoker.invokeTestMethods(TestInvoker.java:145)
at org.testng.internal.TestMethodWorker.invokeTestMethods(TestMethodWorker.java:146)
at org.testng.internal.TestMethodWorker.run(TestMethodWorker.java:128)
at java.util.ArrayList.forEach(ArrayList.java:1257)
at org.testng.TestRunner.privateRun(TestRunner.java:770)
at org.testng.TestRunner.run(TestRunner.java:591)
at org.testng.SuiteRunner.runTest(SuiteRunner.java:402)
at org.testng.SuiteRunner.runSequentially(SuiteRunner.java:396)
at org.testng.SuiteRunner.privateRun(SuiteRunner.java:355)
at org.testng.SuiteRunner.run(SuiteRunner.java:304)
at org.testng.SuiteRunnerWorker.runSuite(SuiteRunnerWorker.java:53)
at org.testng.SuiteRunnerWorker.run(SuiteRunnerWorker.java:96)
at org.testng.TestNG.runSuitesSequentially(TestNG.java:1180)
at org.testng.TestNG.runSuitesLocally(TestNG.java:1102)
at org.testng.TestNG.runSuites(TestNG.java:1032)
at org.testng.TestNG.run(TestNG.java:1000)
at org.testng.remote.AbstractRemoteTestNG.run(AbstractRemoteTestNG.java:115)
at org.testng.remote.RemoteTestNG.initAndRun(RemoteTestNG.java:251)
at org.testng.remote.RemoteTestNG.main(RemoteTestNG.java:77)
]]>
    </error>
  </testcase> <!-- validateServicesFooter -->
  <testcase name="validateServicesFooter" time="0.034" classname="com.atmecs.testscript.AtmecsHomePageScript">
    <error type="org.openqa.selenium.NoSuchWindowException" message="Currently focused window has been closed.
Build info: version: &#039;4.0.0-alpha-2&#039;, revision: &#039;f148142cf8&#039;, time: &#039;2019-07-01T20:55:26&#039;
System info: host: &#039;ATMECSINLT-283&#039;, ip: &#039;55.55.52.215&#039;, os.name: &#039;Windows 10&#039;, os.arch: &#039;amd64&#039;, os.version: &#039;10.0&#039;, java.version: &#039;1.8.0_221&#039;
Driver info: org.openqa.selenium.ie.InternetExplorerDriver
Capabilities {acceptInsecureCerts: false, browserName: internet explorer, browserVersion: 11, javascriptEnabled: true, pageLoadStrategy: normal, platform: WINDOWS, platformName: WINDOWS, proxy: Proxy(), se:ieOptions: {browserAttachTimeout: 0, elementScrollBehavior: 0, enablePersistentHover: true, ie.browserCommandLineSwitches: , ie.ensureCleanSession: false, ie.fileUploadDialogTimeout: 3000, ie.forceCreateProcessApi: false, ignoreProtectedModeSettings: false, ignoreZoomSetting: false, initialBrowserUrl: http://localhost:2124/, nativeEvents: true, requireWindowFocus: false}, setWindowRect: true, timeouts: {implicit: 0, pageLoad: 300000, script: 30000}}
Session ID: 055d0f1f-16b1-4577-b4c8-1028878473d8
*** Element info: {Using=xpath, value=//div[@id=&#039;footer&#039;]//a[contains(text(),&#039;Robotic Process Automation &amp; ChatBOTs&#039;)]}">
      <![CDATA[org.openqa.selenium.NoSuchWindowException: Currently focused window has been closed.
Build info: version: '4.0.0-alpha-2', revision: 'f148142cf8', time: '2019-07-01T20:55:26'
System info: host: 'ATMECSINLT-283', ip: '55.55.52.215', os.name: 'Windows 10', os.arch: 'amd64', os.version: '10.0', java.version: '1.8.0_221'
Driver info: org.openqa.selenium.ie.InternetExplorerDriver
Capabilities {acceptInsecureCerts: false, browserName: internet explorer, browserVersion: 11, javascriptEnabled: true, pageLoadStrategy: normal, platform: WINDOWS, platformName: WINDOWS, proxy: Proxy(), se:ieOptions: {browserAttachTimeout: 0, elementScrollBehavior: 0, enablePersistentHover: true, ie.browserCommandLineSwitches: , ie.ensureCleanSession: false, ie.fileUploadDialogTimeout: 3000, ie.forceCreateProcessApi: false, ignoreProtectedModeSettings: false, ignoreZoomSetting: false, initialBrowserUrl: http://localhost:2124/, nativeEvents: true, requireWindowFocus: false}, setWindowRect: true, timeouts: {implicit: 0, pageLoad: 300000, script: 30000}}
Session ID: 055d0f1f-16b1-4577-b4c8-1028878473d8
*** Element info: {Using=xpath, value=//div[@id='footer']//a[contains(text(),'Robotic Process Automation & ChatBOTs')]}
at sun.reflect.GeneratedConstructorAccessor25.newInstance(Unknown Source)
at sun.reflect.DelegatingConstructorAccessorImpl.newInstance(DelegatingConstructorAccessorImpl.java:45)
at java.lang.reflect.Constructor.newInstance(Constructor.java:423)
at org.openqa.selenium.remote.codec.w3c.W3CHttpResponseCodec.createException(W3CHttpResponseCodec.java:191)
at org.openqa.selenium.remote.codec.w3c.W3CHttpResponseCodec.decode(W3CHttpResponseCodec.java:125)
at org.openqa.selenium.remote.codec.w3c.W3CHttpResponseCodec.decode(W3CHttpResponseCodec.java:52)
at org.openqa.selenium.remote.HttpCommandExecutor.execute(HttpCommandExecutor.java:161)
at org.openqa.selenium.remote.service.DriverCommandExecutor.execute(DriverCommandExecutor.java:83)
at org.openqa.selenium.remote.RemoteWebDriver.execute(RemoteWebDriver.java:576)
at org.openqa.selenium.remote.RemoteWebDriver.findElement(RemoteWebDriver.java:327)
at org.openqa.selenium.remote.RemoteWebDriver.findElementByXPath(RemoteWebDriver.java:445)
at org.openqa.selenium.By$ByXPath.findElement(By.java:353)
at org.openqa.selenium.remote.RemoteWebDriver.findElement(RemoteWebDriver.java:319)
at com.atmecs.helper.CommonUtility.locatorsType(CommonUtility.java:49)
at com.atmecs.helper.CommonUtility$4.apply(CommonUtility.java:180)
at com.atmecs.helper.CommonUtility$4.apply(CommonUtility.java:1)
at org.openqa.selenium.support.ui.FluentWait.until(FluentWait.java:211)
at com.atmecs.helper.CommonUtility.getText(CommonUtility.java:177)
at com.atmecs.general.AtmecsHomePage.isFooterPresent(AtmecsHomePage.java:80)
at com.atmecs.testscript.AtmecsHomePageScript.validateServicesFooter(AtmecsHomePageScript.java:49)
at sun.reflect.GeneratedMethodAccessor3.invoke(Unknown Source)
at sun.reflect.DelegatingMethodAccessorImpl.invoke(DelegatingMethodAccessorImpl.java:43)
at java.lang.reflect.Method.invoke(Method.java:498)
at org.testng.internal.MethodInvocationHelper.invokeMethod(MethodInvocationHelper.java:133)
at org.testng.internal.TestInvoker.invokeMethod(TestInvoker.java:584)
at org.testng.internal.TestInvoker.invokeTestMethod(TestInvoker.java:172)
at org.testng.internal.MethodRunner.runInSequence(MethodRunner.java:46)
at org.testng.internal.TestInvoker$MethodInvocationAgent.invoke(TestInvoker.java:804)
at org.testng.internal.TestInvoker.invokeTestMethods(TestInvoker.java:145)
at org.testng.internal.TestMethodWorker.invokeTestMethods(TestMethodWorker.java:146)
at org.testng.internal.TestMethodWorker.run(TestMethodWorker.java:128)
at java.util.ArrayList.forEach(ArrayList.java:1257)
at org.testng.TestRunner.privateRun(TestRunner.java:770)
at org.testng.TestRunner.run(TestRunner.java:591)
at org.testng.SuiteRunner.runTest(SuiteRunner.java:402)
at org.testng.SuiteRunner.runSequentially(SuiteRunner.java:396)
at org.testng.SuiteRunner.privateRun(SuiteRunner.java:355)
at org.testng.SuiteRunner.run(SuiteRunner.java:304)
at org.testng.SuiteRunnerWorker.runSuite(SuiteRunnerWorker.java:53)
at org.testng.SuiteRunnerWorker.run(SuiteRunnerWorker.java:96)
at org.testng.TestNG.runSuitesSequentially(TestNG.java:1180)
at org.testng.TestNG.runSuitesLocally(TestNG.java:1102)
at org.testng.TestNG.runSuites(TestNG.java:1032)
at org.testng.TestNG.run(TestNG.java:1000)
at org.testng.remote.AbstractRemoteTestNG.run(AbstractRemoteTestNG.java:115)
at org.testng.remote.RemoteTestNG.initAndRun(RemoteTestNG.java:251)
at org.testng.remote.RemoteTestNG.main(RemoteTestNG.java:77)
]]>
    </error>
  </testcase> <!-- validateServicesFooter -->
  <testcase name="validateServicesFooter" time="0.028" classname="com.atmecs.testscript.AtmecsHomePageScript">
    <error type="org.openqa.selenium.NoSuchWindowException" message="Currently focused window has been closed.
Build info: version: &#039;4.0.0-alpha-2&#039;, revision: &#039;f148142cf8&#039;, time: &#039;2019-07-01T20:55:26&#039;
System info: host: &#039;ATMECSINLT-283&#039;, ip: &#039;55.55.52.215&#039;, os.name: &#039;Windows 10&#039;, os.arch: &#039;amd64&#039;, os.version: &#039;10.0&#039;, java.version: &#039;1.8.0_221&#039;
Driver info: org.openqa.selenium.ie.InternetExplorerDriver
Capabilities {acceptInsecureCerts: false, browserName: internet explorer, browserVersion: 11, javascriptEnabled: true, pageLoadStrategy: normal, platform: WINDOWS, platformName: WINDOWS, proxy: Proxy(), se:ieOptions: {browserAttachTimeout: 0, elementScrollBehavior: 0, enablePersistentHover: true, ie.browserCommandLineSwitches: , ie.ensureCleanSession: false, ie.fileUploadDialogTimeout: 3000, ie.forceCreateProcessApi: false, ignoreProtectedModeSettings: false, ignoreZoomSetting: false, initialBrowserUrl: http://localhost:2124/, nativeEvents: true, requireWindowFocus: false}, setWindowRect: true, timeouts: {implicit: 0, pageLoad: 300000, script: 30000}}
Session ID: 055d0f1f-16b1-4577-b4c8-1028878473d8
*** Element info: {Using=xpath, value=//div[@id=&#039;footer&#039;]//a[contains(text(),&#039;Careers&#039;)]}">
      <![CDATA[org.openqa.selenium.NoSuchWindowException: Currently focused window has been closed.
Build info: version: '4.0.0-alpha-2', revision: 'f148142cf8', time: '2019-07-01T20:55:26'
System info: host: 'ATMECSINLT-283', ip: '55.55.52.215', os.name: 'Windows 10', os.arch: 'amd64', os.version: '10.0', java.version: '1.8.0_221'
Driver info: org.openqa.selenium.ie.InternetExplorerDriver
Capabilities {acceptInsecureCerts: false, browserName: internet explorer, browserVersion: 11, javascriptEnabled: true, pageLoadStrategy: normal, platform: WINDOWS, platformName: WINDOWS, proxy: Proxy(), se:ieOptions: {browserAttachTimeout: 0, elementScrollBehavior: 0, enablePersistentHover: true, ie.browserCommandLineSwitches: , ie.ensureCleanSession: false, ie.fileUploadDialogTimeout: 3000, ie.forceCreateProcessApi: false, ignoreProtectedModeSettings: false, ignoreZoomSetting: false, initialBrowserUrl: http://localhost:2124/, nativeEvents: true, requireWindowFocus: false}, setWindowRect: true, timeouts: {implicit: 0, pageLoad: 300000, script: 30000}}
Session ID: 055d0f1f-16b1-4577-b4c8-1028878473d8
*** Element info: {Using=xpath, value=//div[@id='footer']//a[contains(text(),'Careers')]}
at sun.reflect.GeneratedConstructorAccessor25.newInstance(Unknown Source)
at sun.reflect.DelegatingConstructorAccessorImpl.newInstance(DelegatingConstructorAccessorImpl.java:45)
at java.lang.reflect.Constructor.newInstance(Constructor.java:423)
at org.openqa.selenium.remote.codec.w3c.W3CHttpResponseCodec.createException(W3CHttpResponseCodec.java:191)
at org.openqa.selenium.remote.codec.w3c.W3CHttpResponseCodec.decode(W3CHttpResponseCodec.java:125)
at org.openqa.selenium.remote.codec.w3c.W3CHttpResponseCodec.decode(W3CHttpResponseCodec.java:52)
at org.openqa.selenium.remote.HttpCommandExecutor.execute(HttpCommandExecutor.java:161)
at org.openqa.selenium.remote.service.DriverCommandExecutor.execute(DriverCommandExecutor.java:83)
at org.openqa.selenium.remote.RemoteWebDriver.execute(RemoteWebDriver.java:576)
at org.openqa.selenium.remote.RemoteWebDriver.findElement(RemoteWebDriver.java:327)
at org.openqa.selenium.remote.RemoteWebDriver.findElementByXPath(RemoteWebDriver.java:445)
at org.openqa.selenium.By$ByXPath.findElement(By.java:353)
at org.openqa.selenium.remote.RemoteWebDriver.findElement(RemoteWebDriver.java:319)
at com.atmecs.helper.CommonUtility.locatorsType(CommonUtility.java:49)
at com.atmecs.helper.CommonUtility$4.apply(CommonUtility.java:180)
at com.atmecs.helper.CommonUtility$4.apply(CommonUtility.java:1)
at org.openqa.selenium.support.ui.FluentWait.until(FluentWait.java:211)
at com.atmecs.helper.CommonUtility.getText(CommonUtility.java:177)
at com.atmecs.general.AtmecsHomePage.isFooterPresent(AtmecsHomePage.java:80)
at com.atmecs.testscript.AtmecsHomePageScript.validateServicesFooter(AtmecsHomePageScript.java:49)
at sun.reflect.NativeMethodAccessorImpl.invoke0(Native Method)
at sun.reflect.NativeMethodAccessorImpl.invoke(NativeMethodAccessorImpl.java:62)
at sun.reflect.DelegatingMethodAccessorImpl.invoke(DelegatingMethodAccessorImpl.java:43)
at java.lang.reflect.Method.invoke(Method.java:498)
at org.testng.internal.MethodInvocationHelper.invokeMethod(MethodInvocationHelper.java:133)
at org.testng.internal.TestInvoker.invokeMethod(TestInvoker.java:584)
at org.testng.internal.TestInvoker.invokeTestMethod(TestInvoker.java:172)
at org.testng.internal.MethodRunner.runInSequence(MethodRunner.java:46)
at org.testng.internal.TestInvoker$MethodInvocationAgent.invoke(TestInvoker.java:804)
at org.testng.internal.TestInvoker.invokeTestMethods(TestInvoker.java:145)
at org.testng.internal.TestMethodWorker.invokeTestMethods(TestMethodWorker.java:146)
at org.testng.internal.TestMethodWorker.run(TestMethodWorker.java:128)
at java.util.ArrayList.forEach(ArrayList.java:1257)
at org.testng.TestRunner.privateRun(TestRunner.java:770)
at org.testng.TestRunner.run(TestRunner.java:591)
at org.testng.SuiteRunner.runTest(SuiteRunner.java:402)
at org.testng.SuiteRunner.runSequentially(SuiteRunner.java:396)
at org.testng.SuiteRunner.privateRun(SuiteRunner.java:355)
at org.testng.SuiteRunner.run(SuiteRunner.java:304)
at org.testng.SuiteRunnerWorker.runSuite(SuiteRunnerWorker.java:53)
at org.testng.SuiteRunnerWorker.run(SuiteRunnerWorker.java:96)
at org.testng.TestNG.runSuitesSequentially(TestNG.java:1180)
at org.testng.TestNG.runSuitesLocally(TestNG.java:1102)
at org.testng.TestNG.runSuites(TestNG.java:1032)
at org.testng.TestNG.run(TestNG.java:1000)
at org.testng.remote.AbstractRemoteTestNG.run(AbstractRemoteTestNG.java:115)
at org.testng.remote.RemoteTestNG.initAndRun(RemoteTestNG.java:251)
at org.testng.remote.RemoteTestNG.main(RemoteTestNG.java:77)
]]>
    </error>
  </testcase> <!-- validateServicesFooter -->
  <testcase name="validateServicesFooter" time="0.024" classname="com.atmecs.testscript.AtmecsHomePageScript">
    <error type="org.openqa.selenium.NoSuchWindowException" message="Currently focused window has been closed.
Build info: version: &#039;4.0.0-alpha-2&#039;, revision: &#039;f148142cf8&#039;, time: &#039;2019-07-01T20:55:26&#039;
System info: host: &#039;ATMECSINLT-283&#039;, ip: &#039;55.55.52.215&#039;, os.name: &#039;Windows 10&#039;, os.arch: &#039;amd64&#039;, os.version: &#039;10.0&#039;, java.version: &#039;1.8.0_221&#039;
Driver info: org.openqa.selenium.ie.InternetExplorerDriver
Capabilities {acceptInsecureCerts: false, browserName: internet explorer, browserVersion: 11, javascriptEnabled: true, pageLoadStrategy: normal, platform: WINDOWS, platformName: WINDOWS, proxy: Proxy(), se:ieOptions: {browserAttachTimeout: 0, elementScrollBehavior: 0, enablePersistentHover: true, ie.browserCommandLineSwitches: , ie.ensureCleanSession: false, ie.fileUploadDialogTimeout: 3000, ie.forceCreateProcessApi: false, ignoreProtectedModeSettings: false, ignoreZoomSetting: false, initialBrowserUrl: http://localhost:2124/, nativeEvents: true, requireWindowFocus: false}, setWindowRect: true, timeouts: {implicit: 0, pageLoad: 300000, script: 30000}}
Session ID: 055d0f1f-16b1-4577-b4c8-1028878473d8
*** Element info: {Using=xpath, value=//div[@id=&#039;footer&#039;]//a[contains(text(),&#039;Blockchain&#039;)]}">
      <![CDATA[org.openqa.selenium.NoSuchWindowException: Currently focused window has been closed.
Build info: version: '4.0.0-alpha-2', revision: 'f148142cf8', time: '2019-07-01T20:55:26'
System info: host: 'ATMECSINLT-283', ip: '55.55.52.215', os.name: 'Windows 10', os.arch: 'amd64', os.version: '10.0', java.version: '1.8.0_221'
Driver info: org.openqa.selenium.ie.InternetExplorerDriver
Capabilities {acceptInsecureCerts: false, browserName: internet explorer, browserVersion: 11, javascriptEnabled: true, pageLoadStrategy: normal, platform: WINDOWS, platformName: WINDOWS, proxy: Proxy(), se:ieOptions: {browserAttachTimeout: 0, elementScrollBehavior: 0, enablePersistentHover: true, ie.browserCommandLineSwitches: , ie.ensureCleanSession: false, ie.fileUploadDialogTimeout: 3000, ie.forceCreateProcessApi: false, ignoreProtectedModeSettings: false, ignoreZoomSetting: false, initialBrowserUrl: http://localhost:2124/, nativeEvents: true, requireWindowFocus: false}, setWindowRect: true, timeouts: {implicit: 0, pageLoad: 300000, script: 30000}}
Session ID: 055d0f1f-16b1-4577-b4c8-1028878473d8
*** Element info: {Using=xpath, value=//div[@id='footer']//a[contains(text(),'Blockchain')]}
at sun.reflect.GeneratedConstructorAccessor25.newInstance(Unknown Source)
at sun.reflect.DelegatingConstructorAccessorImpl.newInstance(DelegatingConstructorAccessorImpl.java:45)
at java.lang.reflect.Constructor.newInstance(Constructor.java:423)
at org.openqa.selenium.remote.codec.w3c.W3CHttpResponseCodec.createException(W3CHttpResponseCodec.java:191)
at org.openqa.selenium.remote.codec.w3c.W3CHttpResponseCodec.decode(W3CHttpResponseCodec.java:125)
at org.openqa.selenium.remote.codec.w3c.W3CHttpResponseCodec.decode(W3CHttpResponseCodec.java:52)
at org.openqa.selenium.remote.HttpCommandExecutor.execute(HttpCommandExecutor.java:161)
at org.openqa.selenium.remote.service.DriverCommandExecutor.execute(DriverCommandExecutor.java:83)
at org.openqa.selenium.remote.RemoteWebDriver.execute(RemoteWebDriver.java:576)
at org.openqa.selenium.remote.RemoteWebDriver.findElement(RemoteWebDriver.java:327)
at org.openqa.selenium.remote.RemoteWebDriver.findElementByXPath(RemoteWebDriver.java:445)
at org.openqa.selenium.By$ByXPath.findElement(By.java:353)
at org.openqa.selenium.remote.RemoteWebDriver.findElement(RemoteWebDriver.java:319)
at com.atmecs.helper.CommonUtility.locatorsType(CommonUtility.java:49)
at com.atmecs.helper.CommonUtility$4.apply(CommonUtility.java:180)
at com.atmecs.helper.CommonUtility$4.apply(CommonUtility.java:1)
at org.openqa.selenium.support.ui.FluentWait.until(FluentWait.java:211)
at com.atmecs.helper.CommonUtility.getText(CommonUtility.java:177)
at com.atmecs.general.AtmecsHomePage.isFooterPresent(AtmecsHomePage.java:80)
at com.atmecs.testscript.AtmecsHomePageScript.validateServicesFooter(AtmecsHomePageScript.java:49)
at sun.reflect.GeneratedMethodAccessor3.invoke(Unknown Source)
at sun.reflect.DelegatingMethodAccessorImpl.invoke(DelegatingMethodAccessorImpl.java:43)
at java.lang.reflect.Method.invoke(Method.java:498)
at org.testng.internal.MethodInvocationHelper.invokeMethod(MethodInvocationHelper.java:133)
at org.testng.internal.TestInvoker.invokeMethod(TestInvoker.java:584)
at org.testng.internal.TestInvoker.invokeTestMethod(TestInvoker.java:172)
at org.testng.internal.MethodRunner.runInSequence(MethodRunner.java:46)
at org.testng.internal.TestInvoker$MethodInvocationAgent.invoke(TestInvoker.java:804)
at org.testng.internal.TestInvoker.invokeTestMethods(TestInvoker.java:145)
at org.testng.internal.TestMethodWorker.invokeTestMethods(TestMethodWorker.java:146)
at org.testng.internal.TestMethodWorker.run(TestMethodWorker.java:128)
at java.util.ArrayList.forEach(ArrayList.java:1257)
at org.testng.TestRunner.privateRun(TestRunner.java:770)
at org.testng.TestRunner.run(TestRunner.java:591)
at org.testng.SuiteRunner.runTest(SuiteRunner.java:402)
at org.testng.SuiteRunner.runSequentially(SuiteRunner.java:396)
at org.testng.SuiteRunner.privateRun(SuiteRunner.java:355)
at org.testng.SuiteRunner.run(SuiteRunner.java:304)
at org.testng.SuiteRunnerWorker.runSuite(SuiteRunnerWorker.java:53)
at org.testng.SuiteRunnerWorker.run(SuiteRunnerWorker.java:96)
at org.testng.TestNG.runSuitesSequentially(TestNG.java:1180)
at org.testng.TestNG.runSuitesLocally(TestNG.java:1102)
at org.testng.TestNG.runSuites(TestNG.java:1032)
at org.testng.TestNG.run(TestNG.java:1000)
at org.testng.remote.AbstractRemoteTestNG.run(AbstractRemoteTestNG.java:115)
at org.testng.remote.RemoteTestNG.initAndRun(RemoteTestNG.java:251)
at org.testng.remote.RemoteTestNG.main(RemoteTestNG.java:77)
]]>
    </error>
  </testcase> <!-- validateServicesFooter -->
  <testcase name="validateServicesFooter" time="0.037" classname="com.atmecs.testscript.AtmecsHomePageScript">
    <error type="org.openqa.selenium.NoSuchWindowException" message="Currently focused window has been closed.
Build info: version: &#039;4.0.0-alpha-2&#039;, revision: &#039;f148142cf8&#039;, time: &#039;2019-07-01T20:55:26&#039;
System info: host: &#039;ATMECSINLT-283&#039;, ip: &#039;55.55.52.215&#039;, os.name: &#039;Windows 10&#039;, os.arch: &#039;amd64&#039;, os.version: &#039;10.0&#039;, java.version: &#039;1.8.0_221&#039;
Driver info: org.openqa.selenium.ie.InternetExplorerDriver
Capabilities {acceptInsecureCerts: false, browserName: internet explorer, browserVersion: 11, javascriptEnabled: true, pageLoadStrategy: normal, platform: WINDOWS, platformName: WINDOWS, proxy: Proxy(), se:ieOptions: {browserAttachTimeout: 0, elementScrollBehavior: 0, enablePersistentHover: true, ie.browserCommandLineSwitches: , ie.ensureCleanSession: false, ie.fileUploadDialogTimeout: 3000, ie.forceCreateProcessApi: false, ignoreProtectedModeSettings: false, ignoreZoomSetting: false, initialBrowserUrl: http://localhost:2124/, nativeEvents: true, requireWindowFocus: false}, setWindowRect: true, timeouts: {implicit: 0, pageLoad: 300000, script: 30000}}
Session ID: 055d0f1f-16b1-4577-b4c8-1028878473d8
*** Element info: {Using=xpath, value=//div[@id=&#039;footer&#039;]//a[contains(text(),&#039;Partners&#039;)]}">
      <![CDATA[org.openqa.selenium.NoSuchWindowException: Currently focused window has been closed.
Build info: version: '4.0.0-alpha-2', revision: 'f148142cf8', time: '2019-07-01T20:55:26'
System info: host: 'ATMECSINLT-283', ip: '55.55.52.215', os.name: 'Windows 10', os.arch: 'amd64', os.version: '10.0', java.version: '1.8.0_221'
Driver info: org.openqa.selenium.ie.InternetExplorerDriver
Capabilities {acceptInsecureCerts: false, browserName: internet explorer, browserVersion: 11, javascriptEnabled: true, pageLoadStrategy: normal, platform: WINDOWS, platformName: WINDOWS, proxy: Proxy(), se:ieOptions: {browserAttachTimeout: 0, elementScrollBehavior: 0, enablePersistentHover: true, ie.browserCommandLineSwitches: , ie.ensureCleanSession: false, ie.fileUploadDialogTimeout: 3000, ie.forceCreateProcessApi: false, ignoreProtectedModeSettings: false, ignoreZoomSetting: false, initialBrowserUrl: http://localhost:2124/, nativeEvents: true, requireWindowFocus: false}, setWindowRect: true, timeouts: {implicit: 0, pageLoad: 300000, script: 30000}}
Session ID: 055d0f1f-16b1-4577-b4c8-1028878473d8
*** Element info: {Using=xpath, value=//div[@id='footer']//a[contains(text(),'Partners')]}
at sun.reflect.GeneratedConstructorAccessor25.newInstance(Unknown Source)
at sun.reflect.DelegatingConstructorAccessorImpl.newInstance(DelegatingConstructorAccessorImpl.java:45)
at java.lang.reflect.Constructor.newInstance(Constructor.java:423)
at org.openqa.selenium.remote.codec.w3c.W3CHttpResponseCodec.createException(W3CHttpResponseCodec.java:191)
at org.openqa.selenium.remote.codec.w3c.W3CHttpResponseCodec.decode(W3CHttpResponseCodec.java:125)
at org.openqa.selenium.remote.codec.w3c.W3CHttpResponseCodec.decode(W3CHttpResponseCodec.java:52)
at org.openqa.selenium.remote.HttpCommandExecutor.execute(HttpCommandExecutor.java:161)
at org.openqa.selenium.remote.service.DriverCommandExecutor.execute(DriverCommandExecutor.java:83)
at org.openqa.selenium.remote.RemoteWebDriver.execute(RemoteWebDriver.java:576)
at org.openqa.selenium.remote.RemoteWebDriver.findElement(RemoteWebDriver.java:327)
at org.openqa.selenium.remote.RemoteWebDriver.findElementByXPath(RemoteWebDriver.java:445)
at org.openqa.selenium.By$ByXPath.findElement(By.java:353)
at org.openqa.selenium.remote.RemoteWebDriver.findElement(RemoteWebDriver.java:319)
at com.atmecs.helper.CommonUtility.locatorsType(CommonUtility.java:49)
at com.atmecs.helper.CommonUtility$4.apply(CommonUtility.java:180)
at com.atmecs.helper.CommonUtility$4.apply(CommonUtility.java:1)
at org.openqa.selenium.support.ui.FluentWait.until(FluentWait.java:211)
at com.atmecs.helper.CommonUtility.getText(CommonUtility.java:177)
at com.atmecs.general.AtmecsHomePage.isFooterPresent(AtmecsHomePage.java:80)
at com.atmecs.testscript.AtmecsHomePageScript.validateServicesFooter(AtmecsHomePageScript.java:49)
at sun.reflect.NativeMethodAccessorImpl.invoke0(Native Method)
at sun.reflect.NativeMethodAccessorImpl.invoke(NativeMethodAccessorImpl.java:62)
at sun.reflect.DelegatingMethodAccessorImpl.invoke(DelegatingMethodAccessorImpl.java:43)
at java.lang.reflect.Method.invoke(Method.java:498)
at org.testng.internal.MethodInvocationHelper.invokeMethod(MethodInvocationHelper.java:133)
at org.testng.internal.TestInvoker.invokeMethod(TestInvoker.java:584)
at org.testng.internal.TestInvoker.invokeTestMethod(TestInvoker.java:172)
at org.testng.internal.MethodRunner.runInSequence(MethodRunner.java:46)
at org.testng.internal.TestInvoker$MethodInvocationAgent.invoke(TestInvoker.java:804)
at org.testng.internal.TestInvoker.invokeTestMethods(TestInvoker.java:145)
at org.testng.internal.TestMethodWorker.invokeTestMethods(TestMethodWorker.java:146)
at org.testng.internal.TestMethodWorker.run(TestMethodWorker.java:128)
at java.util.ArrayList.forEach(ArrayList.java:1257)
at org.testng.TestRunner.privateRun(TestRunner.java:770)
at org.testng.TestRunner.run(TestRunner.java:591)
at org.testng.SuiteRunner.runTest(SuiteRunner.java:402)
at org.testng.SuiteRunner.runSequentially(SuiteRunner.java:396)
at org.testng.SuiteRunner.privateRun(SuiteRunner.java:355)
at org.testng.SuiteRunner.run(SuiteRunner.java:304)
at org.testng.SuiteRunnerWorker.runSuite(SuiteRunnerWorker.java:53)
at org.testng.SuiteRunnerWorker.run(SuiteRunnerWorker.java:96)
at org.testng.TestNG.runSuitesSequentially(TestNG.java:1180)
at org.testng.TestNG.runSuitesLocally(TestNG.java:1102)
at org.testng.TestNG.runSuites(TestNG.java:1032)
at org.testng.TestNG.run(TestNG.java:1000)
at org.testng.remote.AbstractRemoteTestNG.run(AbstractRemoteTestNG.java:115)
at org.testng.remote.RemoteTestNG.initAndRun(RemoteTestNG.java:251)
at org.testng.remote.RemoteTestNG.main(RemoteTestNG.java:77)
]]>
    </error>
  </testcase> <!-- validateServicesFooter -->
  <testcase name="validateServicesFooter" time="0.028" classname="com.atmecs.testscript.AtmecsHomePageScript">
    <error type="org.openqa.selenium.NoSuchWindowException" message="Currently focused window has been closed.
Build info: version: &#039;4.0.0-alpha-2&#039;, revision: &#039;f148142cf8&#039;, time: &#039;2019-07-01T20:55:26&#039;
System info: host: &#039;ATMECSINLT-283&#039;, ip: &#039;55.55.52.215&#039;, os.name: &#039;Windows 10&#039;, os.arch: &#039;amd64&#039;, os.version: &#039;10.0&#039;, java.version: &#039;1.8.0_221&#039;
Driver info: org.openqa.selenium.ie.InternetExplorerDriver
Capabilities {acceptInsecureCerts: false, browserName: internet explorer, browserVersion: 11, javascriptEnabled: true, pageLoadStrategy: normal, platform: WINDOWS, platformName: WINDOWS, proxy: Proxy(), se:ieOptions: {browserAttachTimeout: 0, elementScrollBehavior: 0, enablePersistentHover: true, ie.browserCommandLineSwitches: , ie.ensureCleanSession: false, ie.fileUploadDialogTimeout: 3000, ie.forceCreateProcessApi: false, ignoreProtectedModeSettings: false, ignoreZoomSetting: false, initialBrowserUrl: http://localhost:2124/, nativeEvents: true, requireWindowFocus: false}, setWindowRect: true, timeouts: {implicit: 0, pageLoad: 300000, script: 30000}}
Session ID: 055d0f1f-16b1-4577-b4c8-1028878473d8
*** Element info: {Using=xpath, value=//div[@id=&#039;footer&#039;]//a[contains(text(),&#039;Europe – Ireland&#039;)]}">
      <![CDATA[org.openqa.selenium.NoSuchWindowException: Currently focused window has been closed.
Build info: version: '4.0.0-alpha-2', revision: 'f148142cf8', time: '2019-07-01T20:55:26'
System info: host: 'ATMECSINLT-283', ip: '55.55.52.215', os.name: 'Windows 10', os.arch: 'amd64', os.version: '10.0', java.version: '1.8.0_221'
Driver info: org.openqa.selenium.ie.InternetExplorerDriver
Capabilities {acceptInsecureCerts: false, browserName: internet explorer, browserVersion: 11, javascriptEnabled: true, pageLoadStrategy: normal, platform: WINDOWS, platformName: WINDOWS, proxy: Proxy(), se:ieOptions: {browserAttachTimeout: 0, elementScrollBehavior: 0, enablePersistentHover: true, ie.browserCommandLineSwitches: , ie.ensureCleanSession: false, ie.fileUploadDialogTimeout: 3000, ie.forceCreateProcessApi: false, ignoreProtectedModeSettings: false, ignoreZoomSetting: false, initialBrowserUrl: http://localhost:2124/, nativeEvents: true, requireWindowFocus: false}, setWindowRect: true, timeouts: {implicit: 0, pageLoad: 300000, script: 30000}}
Session ID: 055d0f1f-16b1-4577-b4c8-1028878473d8
*** Element info: {Using=xpath, value=//div[@id='footer']//a[contains(text(),'Europe – Ireland')]}
at sun.reflect.GeneratedConstructorAccessor25.newInstance(Unknown Source)
at sun.reflect.DelegatingConstructorAccessorImpl.newInstance(DelegatingConstructorAccessorImpl.java:45)
at java.lang.reflect.Constructor.newInstance(Constructor.java:423)
at org.openqa.selenium.remote.codec.w3c.W3CHttpResponseCodec.createException(W3CHttpResponseCodec.java:191)
at org.openqa.selenium.remote.codec.w3c.W3CHttpResponseCodec.decode(W3CHttpResponseCodec.java:125)
at org.openqa.selenium.remote.codec.w3c.W3CHttpResponseCodec.decode(W3CHttpResponseCodec.java:52)
at org.openqa.selenium.remote.HttpCommandExecutor.execute(HttpCommandExecutor.java:161)
at org.openqa.selenium.remote.service.DriverCommandExecutor.execute(DriverCommandExecutor.java:83)
at org.openqa.selenium.remote.RemoteWebDriver.execute(RemoteWebDriver.java:576)
at org.openqa.selenium.remote.RemoteWebDriver.findElement(RemoteWebDriver.java:327)
at org.openqa.selenium.remote.RemoteWebDriver.findElementByXPath(RemoteWebDriver.java:445)
at org.openqa.selenium.By$ByXPath.findElement(By.java:353)
at org.openqa.selenium.remote.RemoteWebDriver.findElement(RemoteWebDriver.java:319)
at com.atmecs.helper.CommonUtility.locatorsType(CommonUtility.java:49)
at com.atmecs.helper.CommonUtility$4.apply(CommonUtility.java:180)
at com.atmecs.helper.CommonUtility$4.apply(CommonUtility.java:1)
at org.openqa.selenium.support.ui.FluentWait.until(FluentWait.java:211)
at com.atmecs.helper.CommonUtility.getText(CommonUtility.java:177)
at com.atmecs.general.AtmecsHomePage.isFooterPresent(AtmecsHomePage.java:80)
at com.atmecs.testscript.AtmecsHomePageScript.validateServicesFooter(AtmecsHomePageScript.java:49)
at sun.reflect.GeneratedMethodAccessor3.invoke(Unknown Source)
at sun.reflect.DelegatingMethodAccessorImpl.invoke(DelegatingMethodAccessorImpl.java:43)
at java.lang.reflect.Method.invoke(Method.java:498)
at org.testng.internal.MethodInvocationHelper.invokeMethod(MethodInvocationHelper.java:133)
at org.testng.internal.TestInvoker.invokeMethod(TestInvoker.java:584)
at org.testng.internal.TestInvoker.invokeTestMethod(TestInvoker.java:172)
at org.testng.internal.MethodRunner.runInSequence(MethodRunner.java:46)
at org.testng.internal.TestInvoker$MethodInvocationAgent.invoke(TestInvoker.java:804)
at org.testng.internal.TestInvoker.invokeTestMethods(TestInvoker.java:145)
at org.testng.internal.TestMethodWorker.invokeTestMethods(TestMethodWorker.java:146)
at org.testng.internal.TestMethodWorker.run(TestMethodWorker.java:128)
at java.util.ArrayList.forEach(ArrayList.java:1257)
at org.testng.TestRunner.privateRun(TestRunner.java:770)
at org.testng.TestRunner.run(TestRunner.java:591)
at org.testng.SuiteRunner.runTest(SuiteRunner.java:402)
at org.testng.SuiteRunner.runSequentially(SuiteRunner.java:396)
at org.testng.SuiteRunner.privateRun(SuiteRunner.java:355)
at org.testng.SuiteRunner.run(SuiteRunner.java:304)
at org.testng.SuiteRunnerWorker.runSuite(SuiteRunnerWorker.java:53)
at org.testng.SuiteRunnerWorker.run(SuiteRunnerWorker.java:96)
at org.testng.TestNG.runSuitesSequentially(TestNG.java:1180)
at org.testng.TestNG.runSuitesLocally(TestNG.java:1102)
at org.testng.TestNG.runSuites(TestNG.java:1032)
at org.testng.TestNG.run(TestNG.java:1000)
at org.testng.remote.AbstractRemoteTestNG.run(AbstractRemoteTestNG.java:115)
at org.testng.remote.RemoteTestNG.initAndRun(RemoteTestNG.java:251)
at org.testng.remote.RemoteTestNG.main(RemoteTestNG.java:77)
]]>
    </error>
  </testcase> <!-- validateServicesFooter -->
  <testcase name="validateServicesFooter" time="0.022" classname="com.atmecs.testscript.AtmecsHomePageScript">
    <error type="org.openqa.selenium.NoSuchWindowException" message="Currently focused window has been closed.
Build info: version: &#039;4.0.0-alpha-2&#039;, revision: &#039;f148142cf8&#039;, time: &#039;2019-07-01T20:55:26&#039;
System info: host: &#039;ATMECSINLT-283&#039;, ip: &#039;55.55.52.215&#039;, os.name: &#039;Windows 10&#039;, os.arch: &#039;amd64&#039;, os.version: &#039;10.0&#039;, java.version: &#039;1.8.0_221&#039;
Driver info: org.openqa.selenium.ie.InternetExplorerDriver
Capabilities {acceptInsecureCerts: false, browserName: internet explorer, browserVersion: 11, javascriptEnabled: true, pageLoadStrategy: normal, platform: WINDOWS, platformName: WINDOWS, proxy: Proxy(), se:ieOptions: {browserAttachTimeout: 0, elementScrollBehavior: 0, enablePersistentHover: true, ie.browserCommandLineSwitches: , ie.ensureCleanSession: false, ie.fileUploadDialogTimeout: 3000, ie.forceCreateProcessApi: false, ignoreProtectedModeSettings: false, ignoreZoomSetting: false, initialBrowserUrl: http://localhost:2124/, nativeEvents: true, requireWindowFocus: false}, setWindowRect: true, timeouts: {implicit: 0, pageLoad: 300000, script: 30000}}
Session ID: 055d0f1f-16b1-4577-b4c8-1028878473d8
*** Element info: {Using=xpath, value=//div[@id=&#039;footer&#039;]//a[contains(text(),&#039;Enterprise Analytics&#039;)]}">
      <![CDATA[org.openqa.selenium.NoSuchWindowException: Currently focused window has been closed.
Build info: version: '4.0.0-alpha-2', revision: 'f148142cf8', time: '2019-07-01T20:55:26'
System info: host: 'ATMECSINLT-283', ip: '55.55.52.215', os.name: 'Windows 10', os.arch: 'amd64', os.version: '10.0', java.version: '1.8.0_221'
Driver info: org.openqa.selenium.ie.InternetExplorerDriver
Capabilities {acceptInsecureCerts: false, browserName: internet explorer, browserVersion: 11, javascriptEnabled: true, pageLoadStrategy: normal, platform: WINDOWS, platformName: WINDOWS, proxy: Proxy(), se:ieOptions: {browserAttachTimeout: 0, elementScrollBehavior: 0, enablePersistentHover: true, ie.browserCommandLineSwitches: , ie.ensureCleanSession: false, ie.fileUploadDialogTimeout: 3000, ie.forceCreateProcessApi: false, ignoreProtectedModeSettings: false, ignoreZoomSetting: false, initialBrowserUrl: http://localhost:2124/, nativeEvents: true, requireWindowFocus: false}, setWindowRect: true, timeouts: {implicit: 0, pageLoad: 300000, script: 30000}}
Session ID: 055d0f1f-16b1-4577-b4c8-1028878473d8
*** Element info: {Using=xpath, value=//div[@id='footer']//a[contains(text(),'Enterprise Analytics')]}
at sun.reflect.GeneratedConstructorAccessor25.newInstance(Unknown Source)
at sun.reflect.DelegatingConstructorAccessorImpl.newInstance(DelegatingConstructorAccessorImpl.java:45)
at java.lang.reflect.Constructor.newInstance(Constructor.java:423)
at org.openqa.selenium.remote.codec.w3c.W3CHttpResponseCodec.createException(W3CHttpResponseCodec.java:191)
at org.openqa.selenium.remote.codec.w3c.W3CHttpResponseCodec.decode(W3CHttpResponseCodec.java:125)
at org.openqa.selenium.remote.codec.w3c.W3CHttpResponseCodec.decode(W3CHttpResponseCodec.java:52)
at org.openqa.selenium.remote.HttpCommandExecutor.execute(HttpCommandExecutor.java:161)
at org.openqa.selenium.remote.service.DriverCommandExecutor.execute(DriverCommandExecutor.java:83)
at org.openqa.selenium.remote.RemoteWebDriver.execute(RemoteWebDriver.java:576)
at org.openqa.selenium.remote.RemoteWebDriver.findElement(RemoteWebDriver.java:327)
at org.openqa.selenium.remote.RemoteWebDriver.findElementByXPath(RemoteWebDriver.java:445)
at org.openqa.selenium.By$ByXPath.findElement(By.java:353)
at org.openqa.selenium.remote.RemoteWebDriver.findElement(RemoteWebDriver.java:319)
at com.atmecs.helper.CommonUtility.locatorsType(CommonUtility.java:49)
at com.atmecs.helper.CommonUtility$4.apply(CommonUtility.java:180)
at com.atmecs.helper.CommonUtility$4.apply(CommonUtility.java:1)
at org.openqa.selenium.support.ui.FluentWait.until(FluentWait.java:211)
at com.atmecs.helper.CommonUtility.getText(CommonUtility.java:177)
at com.atmecs.general.AtmecsHomePage.isFooterPresent(AtmecsHomePage.java:80)
at com.atmecs.testscript.AtmecsHomePageScript.validateServicesFooter(AtmecsHomePageScript.java:49)
at sun.reflect.GeneratedMethodAccessor3.invoke(Unknown Source)
at sun.reflect.DelegatingMethodAccessorImpl.invoke(DelegatingMethodAccessorImpl.java:43)
at java.lang.reflect.Method.invoke(Method.java:498)
at org.testng.internal.MethodInvocationHelper.invokeMethod(MethodInvocationHelper.java:133)
at org.testng.internal.TestInvoker.invokeMethod(TestInvoker.java:584)
at org.testng.internal.TestInvoker.invokeTestMethod(TestInvoker.java:172)
at org.testng.internal.MethodRunner.runInSequence(MethodRunner.java:46)
at org.testng.internal.TestInvoker$MethodInvocationAgent.invoke(TestInvoker.java:804)
at org.testng.internal.TestInvoker.invokeTestMethods(TestInvoker.java:145)
at org.testng.internal.TestMethodWorker.invokeTestMethods(TestMethodWorker.java:146)
at org.testng.internal.TestMethodWorker.run(TestMethodWorker.java:128)
at java.util.ArrayList.forEach(ArrayList.java:1257)
at org.testng.TestRunner.privateRun(TestRunner.java:770)
at org.testng.TestRunner.run(TestRunner.java:591)
at org.testng.SuiteRunner.runTest(SuiteRunner.java:402)
at org.testng.SuiteRunner.runSequentially(SuiteRunner.java:396)
at org.testng.SuiteRunner.privateRun(SuiteRunner.java:355)
at org.testng.SuiteRunner.run(SuiteRunner.java:304)
at org.testng.SuiteRunnerWorker.runSuite(SuiteRunnerWorker.java:53)
at org.testng.SuiteRunnerWorker.run(SuiteRunnerWorker.java:96)
at org.testng.TestNG.runSuitesSequentially(TestNG.java:1180)
at org.testng.TestNG.runSuitesLocally(TestNG.java:1102)
at org.testng.TestNG.runSuites(TestNG.java:1032)
at org.testng.TestNG.run(TestNG.java:1000)
at org.testng.remote.AbstractRemoteTestNG.run(AbstractRemoteTestNG.java:115)
at org.testng.remote.RemoteTestNG.initAndRun(RemoteTestNG.java:251)
at org.testng.remote.RemoteTestNG.main(RemoteTestNG.java:77)
]]>
    </error>
  </testcase> <!-- validateServicesFooter -->
  <testcase name="validateServicesFooter" time="0.040" classname="com.atmecs.testscript.AtmecsHomePageScript">
    <error type="org.openqa.selenium.NoSuchWindowException" message="Currently focused window has been closed.
Build info: version: &#039;4.0.0-alpha-2&#039;, revision: &#039;f148142cf8&#039;, time: &#039;2019-07-01T20:55:26&#039;
System info: host: &#039;ATMECSINLT-283&#039;, ip: &#039;55.55.52.215&#039;, os.name: &#039;Windows 10&#039;, os.arch: &#039;amd64&#039;, os.version: &#039;10.0&#039;, java.version: &#039;1.8.0_221&#039;
Driver info: org.openqa.selenium.ie.InternetExplorerDriver
Capabilities {acceptInsecureCerts: false, browserName: internet explorer, browserVersion: 11, javascriptEnabled: true, pageLoadStrategy: normal, platform: WINDOWS, platformName: WINDOWS, proxy: Proxy(), se:ieOptions: {browserAttachTimeout: 0, elementScrollBehavior: 0, enablePersistentHover: true, ie.browserCommandLineSwitches: , ie.ensureCleanSession: false, ie.fileUploadDialogTimeout: 3000, ie.forceCreateProcessApi: false, ignoreProtectedModeSettings: false, ignoreZoomSetting: false, initialBrowserUrl: http://localhost:2124/, nativeEvents: true, requireWindowFocus: false}, setWindowRect: true, timeouts: {implicit: 0, pageLoad: 300000, script: 30000}}
Session ID: 055d0f1f-16b1-4577-b4c8-1028878473d8
*** Element info: {Using=xpath, value=//div[@id=&#039;footer&#039;]//a[contains(text(),&#039;India – Hyderabad&#039;)]}">
      <![CDATA[org.openqa.selenium.NoSuchWindowException: Currently focused window has been closed.
Build info: version: '4.0.0-alpha-2', revision: 'f148142cf8', time: '2019-07-01T20:55:26'
System info: host: 'ATMECSINLT-283', ip: '55.55.52.215', os.name: 'Windows 10', os.arch: 'amd64', os.version: '10.0', java.version: '1.8.0_221'
Driver info: org.openqa.selenium.ie.InternetExplorerDriver
Capabilities {acceptInsecureCerts: false, browserName: internet explorer, browserVersion: 11, javascriptEnabled: true, pageLoadStrategy: normal, platform: WINDOWS, platformName: WINDOWS, proxy: Proxy(), se:ieOptions: {browserAttachTimeout: 0, elementScrollBehavior: 0, enablePersistentHover: true, ie.browserCommandLineSwitches: , ie.ensureCleanSession: false, ie.fileUploadDialogTimeout: 3000, ie.forceCreateProcessApi: false, ignoreProtectedModeSettings: false, ignoreZoomSetting: false, initialBrowserUrl: http://localhost:2124/, nativeEvents: true, requireWindowFocus: false}, setWindowRect: true, timeouts: {implicit: 0, pageLoad: 300000, script: 30000}}
Session ID: 055d0f1f-16b1-4577-b4c8-1028878473d8
*** Element info: {Using=xpath, value=//div[@id='footer']//a[contains(text(),'India – Hyderabad')]}
at sun.reflect.GeneratedConstructorAccessor25.newInstance(Unknown Source)
at sun.reflect.DelegatingConstructorAccessorImpl.newInstance(DelegatingConstructorAccessorImpl.java:45)
at java.lang.reflect.Constructor.newInstance(Constructor.java:423)
at org.openqa.selenium.remote.codec.w3c.W3CHttpResponseCodec.createException(W3CHttpResponseCodec.java:191)
at org.openqa.selenium.remote.codec.w3c.W3CHttpResponseCodec.decode(W3CHttpResponseCodec.java:125)
at org.openqa.selenium.remote.codec.w3c.W3CHttpResponseCodec.decode(W3CHttpResponseCodec.java:52)
at org.openqa.selenium.remote.HttpCommandExecutor.execute(HttpCommandExecutor.java:161)
at org.openqa.selenium.remote.service.DriverCommandExecutor.execute(DriverCommandExecutor.java:83)
at org.openqa.selenium.remote.RemoteWebDriver.execute(RemoteWebDriver.java:576)
at org.openqa.selenium.remote.RemoteWebDriver.findElement(RemoteWebDriver.java:327)
at org.openqa.selenium.remote.RemoteWebDriver.findElementByXPath(RemoteWebDriver.java:445)
at org.openqa.selenium.By$ByXPath.findElement(By.java:353)
at org.openqa.selenium.remote.RemoteWebDriver.findElement(RemoteWebDriver.java:319)
at com.atmecs.helper.CommonUtility.locatorsType(CommonUtility.java:49)
at com.atmecs.helper.CommonUtility$4.apply(CommonUtility.java:180)
at com.atmecs.helper.CommonUtility$4.apply(CommonUtility.java:1)
at org.openqa.selenium.support.ui.FluentWait.until(FluentWait.java:211)
at com.atmecs.helper.CommonUtility.getText(CommonUtility.java:177)
at com.atmecs.general.AtmecsHomePage.isFooterPresent(AtmecsHomePage.java:80)
at com.atmecs.testscript.AtmecsHomePageScript.validateServicesFooter(AtmecsHomePageScript.java:49)
at sun.reflect.GeneratedMethodAccessor3.invoke(Unknown Source)
at sun.reflect.DelegatingMethodAccessorImpl.invoke(DelegatingMethodAccessorImpl.java:43)
at java.lang.reflect.Method.invoke(Method.java:498)
at org.testng.internal.MethodInvocationHelper.invokeMethod(MethodInvocationHelper.java:133)
at org.testng.internal.TestInvoker.invokeMethod(TestInvoker.java:584)
at org.testng.internal.TestInvoker.invokeTestMethod(TestInvoker.java:172)
at org.testng.internal.MethodRunner.runInSequence(MethodRunner.java:46)
at org.testng.internal.TestInvoker$MethodInvocationAgent.invoke(TestInvoker.java:804)
at org.testng.internal.TestInvoker.invokeTestMethods(TestInvoker.java:145)
at org.testng.internal.TestMethodWorker.invokeTestMethods(TestMethodWorker.java:146)
at org.testng.internal.TestMethodWorker.run(TestMethodWorker.java:128)
at java.util.ArrayList.forEach(ArrayList.java:1257)
at org.testng.TestRunner.privateRun(TestRunner.java:770)
at org.testng.TestRunner.run(TestRunner.java:591)
at org.testng.SuiteRunner.runTest(SuiteRunner.java:402)
at org.testng.SuiteRunner.runSequentially(SuiteRunner.java:396)
at org.testng.SuiteRunner.privateRun(SuiteRunner.java:355)
at org.testng.SuiteRunner.run(SuiteRunner.java:304)
at org.testng.SuiteRunnerWorker.runSuite(SuiteRunnerWorker.java:53)
at org.testng.SuiteRunnerWorker.run(SuiteRunnerWorker.java:96)
at org.testng.TestNG.runSuitesSequentially(TestNG.java:1180)
at org.testng.TestNG.runSuitesLocally(TestNG.java:1102)
at org.testng.TestNG.runSuites(TestNG.java:1032)
at org.testng.TestNG.run(TestNG.java:1000)
at org.testng.remote.AbstractRemoteTestNG.run(AbstractRemoteTestNG.java:115)
at org.testng.remote.RemoteTestNG.initAndRun(RemoteTestNG.java:251)
at org.testng.remote.RemoteTestNG.main(RemoteTestNG.java:77)
]]>
    </error>
  </testcase> <!-- validateServicesFooter -->
  <testcase name="validateServicesFooter" time="0.029" classname="com.atmecs.testscript.AtmecsHomePageScript">
    <error type="org.openqa.selenium.NoSuchWindowException" message="Currently focused window has been closed.
Build info: version: &#039;4.0.0-alpha-2&#039;, revision: &#039;f148142cf8&#039;, time: &#039;2019-07-01T20:55:26&#039;
System info: host: &#039;ATMECSINLT-283&#039;, ip: &#039;55.55.52.215&#039;, os.name: &#039;Windows 10&#039;, os.arch: &#039;amd64&#039;, os.version: &#039;10.0&#039;, java.version: &#039;1.8.0_221&#039;
Driver info: org.openqa.selenium.ie.InternetExplorerDriver
Capabilities {acceptInsecureCerts: false, browserName: internet explorer, browserVersion: 11, javascriptEnabled: true, pageLoadStrategy: normal, platform: WINDOWS, platformName: WINDOWS, proxy: Proxy(), se:ieOptions: {browserAttachTimeout: 0, elementScrollBehavior: 0, enablePersistentHover: true, ie.browserCommandLineSwitches: , ie.ensureCleanSession: false, ie.fileUploadDialogTimeout: 3000, ie.forceCreateProcessApi: false, ignoreProtectedModeSettings: false, ignoreZoomSetting: false, initialBrowserUrl: http://localhost:2124/, nativeEvents: true, requireWindowFocus: false}, setWindowRect: true, timeouts: {implicit: 0, pageLoad: 300000, script: 30000}}
Session ID: 055d0f1f-16b1-4577-b4c8-1028878473d8
*** Element info: {Using=xpath, value=//div[@id=&#039;footer&#039;]//a[contains(text(),&#039;info@atmecs.com&#039;)]}">
      <![CDATA[org.openqa.selenium.NoSuchWindowException: Currently focused window has been closed.
Build info: version: '4.0.0-alpha-2', revision: 'f148142cf8', time: '2019-07-01T20:55:26'
System info: host: 'ATMECSINLT-283', ip: '55.55.52.215', os.name: 'Windows 10', os.arch: 'amd64', os.version: '10.0', java.version: '1.8.0_221'
Driver info: org.openqa.selenium.ie.InternetExplorerDriver
Capabilities {acceptInsecureCerts: false, browserName: internet explorer, browserVersion: 11, javascriptEnabled: true, pageLoadStrategy: normal, platform: WINDOWS, platformName: WINDOWS, proxy: Proxy(), se:ieOptions: {browserAttachTimeout: 0, elementScrollBehavior: 0, enablePersistentHover: true, ie.browserCommandLineSwitches: , ie.ensureCleanSession: false, ie.fileUploadDialogTimeout: 3000, ie.forceCreateProcessApi: false, ignoreProtectedModeSettings: false, ignoreZoomSetting: false, initialBrowserUrl: http://localhost:2124/, nativeEvents: true, requireWindowFocus: false}, setWindowRect: true, timeouts: {implicit: 0, pageLoad: 300000, script: 30000}}
Session ID: 055d0f1f-16b1-4577-b4c8-1028878473d8
*** Element info: {Using=xpath, value=//div[@id='footer']//a[contains(text(),'info@atmecs.com')]}
at sun.reflect.GeneratedConstructorAccessor25.newInstance(Unknown Source)
at sun.reflect.DelegatingConstructorAccessorImpl.newInstance(DelegatingConstructorAccessorImpl.java:45)
at java.lang.reflect.Constructor.newInstance(Constructor.java:423)
at org.openqa.selenium.remote.codec.w3c.W3CHttpResponseCodec.createException(W3CHttpResponseCodec.java:191)
at org.openqa.selenium.remote.codec.w3c.W3CHttpResponseCodec.decode(W3CHttpResponseCodec.java:125)
at org.openqa.selenium.remote.codec.w3c.W3CHttpResponseCodec.decode(W3CHttpResponseCodec.java:52)
at org.openqa.selenium.remote.HttpCommandExecutor.execute(HttpCommandExecutor.java:161)
at org.openqa.selenium.remote.service.DriverCommandExecutor.execute(DriverCommandExecutor.java:83)
at org.openqa.selenium.remote.RemoteWebDriver.execute(RemoteWebDriver.java:576)
at org.openqa.selenium.remote.RemoteWebDriver.findElement(RemoteWebDriver.java:327)
at org.openqa.selenium.remote.RemoteWebDriver.findElementByXPath(RemoteWebDriver.java:445)
at org.openqa.selenium.By$ByXPath.findElement(By.java:353)
at org.openqa.selenium.remote.RemoteWebDriver.findElement(RemoteWebDriver.java:319)
at com.atmecs.helper.CommonUtility.locatorsType(CommonUtility.java:49)
at com.atmecs.helper.CommonUtility$4.apply(CommonUtility.java:180)
at com.atmecs.helper.CommonUtility$4.apply(CommonUtility.java:1)
at org.openqa.selenium.support.ui.FluentWait.until(FluentWait.java:211)
at com.atmecs.helper.CommonUtility.getText(CommonUtility.java:177)
at com.atmecs.general.AtmecsHomePage.isFooterPresent(AtmecsHomePage.java:80)
at com.atmecs.testscript.AtmecsHomePageScript.validateServicesFooter(AtmecsHomePageScript.java:49)
at sun.reflect.GeneratedMethodAccessor3.invoke(Unknown Source)
at sun.reflect.DelegatingMethodAccessorImpl.invoke(DelegatingMethodAccessorImpl.java:43)
at java.lang.reflect.Method.invoke(Method.java:498)
at org.testng.internal.MethodInvocationHelper.invokeMethod(MethodInvocationHelper.java:133)
at org.testng.internal.TestInvoker.invokeMethod(TestInvoker.java:584)
at org.testng.internal.TestInvoker.invokeTestMethod(TestInvoker.java:172)
at org.testng.internal.MethodRunner.runInSequence(MethodRunner.java:46)
at org.testng.internal.TestInvoker$MethodInvocationAgent.invoke(TestInvoker.java:804)
at org.testng.internal.TestInvoker.invokeTestMethods(TestInvoker.java:145)
at org.testng.internal.TestMethodWorker.invokeTestMethods(TestMethodWorker.java:146)
at org.testng.internal.TestMethodWorker.run(TestMethodWorker.java:128)
at java.util.ArrayList.forEach(ArrayList.java:1257)
at org.testng.TestRunner.privateRun(TestRunner.java:770)
at org.testng.TestRunner.run(TestRunner.java:591)
at org.testng.SuiteRunner.runTest(SuiteRunner.java:402)
at org.testng.SuiteRunner.runSequentially(SuiteRunner.java:396)
at org.testng.SuiteRunner.privateRun(SuiteRunner.java:355)
at org.testng.SuiteRunner.run(SuiteRunner.java:304)
at org.testng.SuiteRunnerWorker.runSuite(SuiteRunnerWorker.java:53)
at org.testng.SuiteRunnerWorker.run(SuiteRunnerWorker.java:96)
at org.testng.TestNG.runSuitesSequentially(TestNG.java:1180)
at org.testng.TestNG.runSuitesLocally(TestNG.java:1102)
at org.testng.TestNG.runSuites(TestNG.java:1032)
at org.testng.TestNG.run(TestNG.java:1000)
at org.testng.remote.AbstractRemoteTestNG.run(AbstractRemoteTestNG.java:115)
at org.testng.remote.RemoteTestNG.initAndRun(RemoteTestNG.java:251)
at org.testng.remote.RemoteTestNG.main(RemoteTestNG.java:77)
]]>
    </error>
  </testcase> <!-- validateServicesFooter -->
  <testcase name="validateServicesFooter" time="0.027" classname="com.atmecs.testscript.AtmecsHomePageScript">
    <error type="org.openqa.selenium.NoSuchWindowException" message="Currently focused window has been closed.
Build info: version: &#039;4.0.0-alpha-2&#039;, revision: &#039;f148142cf8&#039;, time: &#039;2019-07-01T20:55:26&#039;
System info: host: &#039;ATMECSINLT-283&#039;, ip: &#039;55.55.52.215&#039;, os.name: &#039;Windows 10&#039;, os.arch: &#039;amd64&#039;, os.version: &#039;10.0&#039;, java.version: &#039;1.8.0_221&#039;
Driver info: org.openqa.selenium.ie.InternetExplorerDriver
Capabilities {acceptInsecureCerts: false, browserName: internet explorer, browserVersion: 11, javascriptEnabled: true, pageLoadStrategy: normal, platform: WINDOWS, platformName: WINDOWS, proxy: Proxy(), se:ieOptions: {browserAttachTimeout: 0, elementScrollBehavior: 0, enablePersistentHover: true, ie.browserCommandLineSwitches: , ie.ensureCleanSession: false, ie.fileUploadDialogTimeout: 3000, ie.forceCreateProcessApi: false, ignoreProtectedModeSettings: false, ignoreZoomSetting: false, initialBrowserUrl: http://localhost:2124/, nativeEvents: true, requireWindowFocus: false}, setWindowRect: true, timeouts: {implicit: 0, pageLoad: 300000, script: 30000}}
Session ID: 055d0f1f-16b1-4577-b4c8-1028878473d8
*** Element info: {Using=xpath, value=//div[@id=&#039;footer&#039;]//a[contains(text(),&#039;Case Studies old&#039;)]}">
      <![CDATA[org.openqa.selenium.NoSuchWindowException: Currently focused window has been closed.
Build info: version: '4.0.0-alpha-2', revision: 'f148142cf8', time: '2019-07-01T20:55:26'
System info: host: 'ATMECSINLT-283', ip: '55.55.52.215', os.name: 'Windows 10', os.arch: 'amd64', os.version: '10.0', java.version: '1.8.0_221'
Driver info: org.openqa.selenium.ie.InternetExplorerDriver
Capabilities {acceptInsecureCerts: false, browserName: internet explorer, browserVersion: 11, javascriptEnabled: true, pageLoadStrategy: normal, platform: WINDOWS, platformName: WINDOWS, proxy: Proxy(), se:ieOptions: {browserAttachTimeout: 0, elementScrollBehavior: 0, enablePersistentHover: true, ie.browserCommandLineSwitches: , ie.ensureCleanSession: false, ie.fileUploadDialogTimeout: 3000, ie.forceCreateProcessApi: false, ignoreProtectedModeSettings: false, ignoreZoomSetting: false, initialBrowserUrl: http://localhost:2124/, nativeEvents: true, requireWindowFocus: false}, setWindowRect: true, timeouts: {implicit: 0, pageLoad: 300000, script: 30000}}
Session ID: 055d0f1f-16b1-4577-b4c8-1028878473d8
*** Element info: {Using=xpath, value=//div[@id='footer']//a[contains(text(),'Case Studies old')]}
at sun.reflect.GeneratedConstructorAccessor25.newInstance(Unknown Source)
at sun.reflect.DelegatingConstructorAccessorImpl.newInstance(DelegatingConstructorAccessorImpl.java:45)
at java.lang.reflect.Constructor.newInstance(Constructor.java:423)
at org.openqa.selenium.remote.codec.w3c.W3CHttpResponseCodec.createException(W3CHttpResponseCodec.java:191)
at org.openqa.selenium.remote.codec.w3c.W3CHttpResponseCodec.decode(W3CHttpResponseCodec.java:125)
at org.openqa.selenium.remote.codec.w3c.W3CHttpResponseCodec.decode(W3CHttpResponseCodec.java:52)
at org.openqa.selenium.remote.HttpCommandExecutor.execute(HttpCommandExecutor.java:161)
at org.openqa.selenium.remote.service.DriverCommandExecutor.execute(DriverCommandExecutor.java:83)
at org.openqa.selenium.remote.RemoteWebDriver.execute(RemoteWebDriver.java:576)
at org.openqa.selenium.remote.RemoteWebDriver.findElement(RemoteWebDriver.java:327)
at org.openqa.selenium.remote.RemoteWebDriver.findElementByXPath(RemoteWebDriver.java:445)
at org.openqa.selenium.By$ByXPath.findElement(By.java:353)
at org.openqa.selenium.remote.RemoteWebDriver.findElement(RemoteWebDriver.java:319)
at com.atmecs.helper.CommonUtility.locatorsType(CommonUtility.java:49)
at com.atmecs.helper.CommonUtility$4.apply(CommonUtility.java:180)
at com.atmecs.helper.CommonUtility$4.apply(CommonUtility.java:1)
at org.openqa.selenium.support.ui.FluentWait.until(FluentWait.java:211)
at com.atmecs.helper.CommonUtility.getText(CommonUtility.java:177)
at com.atmecs.general.AtmecsHomePage.isFooterPresent(AtmecsHomePage.java:80)
at com.atmecs.testscript.AtmecsHomePageScript.validateServicesFooter(AtmecsHomePageScript.java:49)
at sun.reflect.NativeMethodAccessorImpl.invoke0(Native Method)
at sun.reflect.NativeMethodAccessorImpl.invoke(NativeMethodAccessorImpl.java:62)
at sun.reflect.DelegatingMethodAccessorImpl.invoke(DelegatingMethodAccessorImpl.java:43)
at java.lang.reflect.Method.invoke(Method.java:498)
at org.testng.internal.MethodInvocationHelper.invokeMethod(MethodInvocationHelper.java:133)
at org.testng.internal.TestInvoker.invokeMethod(TestInvoker.java:584)
at org.testng.internal.TestInvoker.invokeTestMethod(TestInvoker.java:172)
at org.testng.internal.MethodRunner.runInSequence(MethodRunner.java:46)
at org.testng.internal.TestInvoker$MethodInvocationAgent.invoke(TestInvoker.java:804)
at org.testng.internal.TestInvoker.invokeTestMethods(TestInvoker.java:145)
at org.testng.internal.TestMethodWorker.invokeTestMethods(TestMethodWorker.java:146)
at org.testng.internal.TestMethodWorker.run(TestMethodWorker.java:128)
at java.util.ArrayList.forEach(ArrayList.java:1257)
at org.testng.TestRunner.privateRun(TestRunner.java:770)
at org.testng.TestRunner.run(TestRunner.java:591)
at org.testng.SuiteRunner.runTest(SuiteRunner.java:402)
at org.testng.SuiteRunner.runSequentially(SuiteRunner.java:396)
at org.testng.SuiteRunner.privateRun(SuiteRunner.java:355)
at org.testng.SuiteRunner.run(SuiteRunner.java:304)
at org.testng.SuiteRunnerWorker.runSuite(SuiteRunnerWorker.java:53)
at org.testng.SuiteRunnerWorker.run(SuiteRunnerWorker.java:96)
at org.testng.TestNG.runSuitesSequentially(TestNG.java:1180)
at org.testng.TestNG.runSuitesLocally(TestNG.java:1102)
at org.testng.TestNG.runSuites(TestNG.java:1032)
at org.testng.TestNG.run(TestNG.java:1000)
at org.testng.remote.AbstractRemoteTestNG.run(AbstractRemoteTestNG.java:115)
at org.testng.remote.RemoteTestNG.initAndRun(RemoteTestNG.java:251)
at org.testng.remote.RemoteTestNG.main(RemoteTestNG.java:77)
]]>
    </error>
  </testcase> <!-- validateServicesFooter -->
  <testcase name="validateServicesFooter" time="0.028" classname="com.atmecs.testscript.AtmecsHomePageScript">
    <error type="org.openqa.selenium.NoSuchWindowException" message="Currently focused window has been closed.
Build info: version: &#039;4.0.0-alpha-2&#039;, revision: &#039;f148142cf8&#039;, time: &#039;2019-07-01T20:55:26&#039;
System info: host: &#039;ATMECSINLT-283&#039;, ip: &#039;55.55.52.215&#039;, os.name: &#039;Windows 10&#039;, os.arch: &#039;amd64&#039;, os.version: &#039;10.0&#039;, java.version: &#039;1.8.0_221&#039;
Driver info: org.openqa.selenium.ie.InternetExplorerDriver
Capabilities {acceptInsecureCerts: false, browserName: internet explorer, browserVersion: 11, javascriptEnabled: true, pageLoadStrategy: normal, platform: WINDOWS, platformName: WINDOWS, proxy: Proxy(), se:ieOptions: {browserAttachTimeout: 0, elementScrollBehavior: 0, enablePersistentHover: true, ie.browserCommandLineSwitches: , ie.ensureCleanSession: false, ie.fileUploadDialogTimeout: 3000, ie.forceCreateProcessApi: false, ignoreProtectedModeSettings: false, ignoreZoomSetting: false, initialBrowserUrl: http://localhost:2124/, nativeEvents: true, requireWindowFocus: false}, setWindowRect: true, timeouts: {implicit: 0, pageLoad: 300000, script: 30000}}
Session ID: 055d0f1f-16b1-4577-b4c8-1028878473d8
*** Element info: {Using=xpath, value=//div[@id=&#039;footer&#039;]//a[contains(text(),&#039;India – Chennai&#039;)]}">
      <![CDATA[org.openqa.selenium.NoSuchWindowException: Currently focused window has been closed.
Build info: version: '4.0.0-alpha-2', revision: 'f148142cf8', time: '2019-07-01T20:55:26'
System info: host: 'ATMECSINLT-283', ip: '55.55.52.215', os.name: 'Windows 10', os.arch: 'amd64', os.version: '10.0', java.version: '1.8.0_221'
Driver info: org.openqa.selenium.ie.InternetExplorerDriver
Capabilities {acceptInsecureCerts: false, browserName: internet explorer, browserVersion: 11, javascriptEnabled: true, pageLoadStrategy: normal, platform: WINDOWS, platformName: WINDOWS, proxy: Proxy(), se:ieOptions: {browserAttachTimeout: 0, elementScrollBehavior: 0, enablePersistentHover: true, ie.browserCommandLineSwitches: , ie.ensureCleanSession: false, ie.fileUploadDialogTimeout: 3000, ie.forceCreateProcessApi: false, ignoreProtectedModeSettings: false, ignoreZoomSetting: false, initialBrowserUrl: http://localhost:2124/, nativeEvents: true, requireWindowFocus: false}, setWindowRect: true, timeouts: {implicit: 0, pageLoad: 300000, script: 30000}}
Session ID: 055d0f1f-16b1-4577-b4c8-1028878473d8
*** Element info: {Using=xpath, value=//div[@id='footer']//a[contains(text(),'India – Chennai')]}
at sun.reflect.GeneratedConstructorAccessor25.newInstance(Unknown Source)
at sun.reflect.DelegatingConstructorAccessorImpl.newInstance(DelegatingConstructorAccessorImpl.java:45)
at java.lang.reflect.Constructor.newInstance(Constructor.java:423)
at org.openqa.selenium.remote.codec.w3c.W3CHttpResponseCodec.createException(W3CHttpResponseCodec.java:191)
at org.openqa.selenium.remote.codec.w3c.W3CHttpResponseCodec.decode(W3CHttpResponseCodec.java:125)
at org.openqa.selenium.remote.codec.w3c.W3CHttpResponseCodec.decode(W3CHttpResponseCodec.java:52)
at org.openqa.selenium.remote.HttpCommandExecutor.execute(HttpCommandExecutor.java:161)
at org.openqa.selenium.remote.service.DriverCommandExecutor.execute(DriverCommandExecutor.java:83)
at org.openqa.selenium.remote.RemoteWebDriver.execute(RemoteWebDriver.java:576)
at org.openqa.selenium.remote.RemoteWebDriver.findElement(RemoteWebDriver.java:327)
at org.openqa.selenium.remote.RemoteWebDriver.findElementByXPath(RemoteWebDriver.java:445)
at org.openqa.selenium.By$ByXPath.findElement(By.java:353)
at org.openqa.selenium.remote.RemoteWebDriver.findElement(RemoteWebDriver.java:319)
at com.atmecs.helper.CommonUtility.locatorsType(CommonUtility.java:49)
at com.atmecs.helper.CommonUtility$4.apply(CommonUtility.java:180)
at com.atmecs.helper.CommonUtility$4.apply(CommonUtility.java:1)
at org.openqa.selenium.support.ui.FluentWait.until(FluentWait.java:211)
at com.atmecs.helper.CommonUtility.getText(CommonUtility.java:177)
at com.atmecs.general.AtmecsHomePage.isFooterPresent(AtmecsHomePage.java:80)
at com.atmecs.testscript.AtmecsHomePageScript.validateServicesFooter(AtmecsHomePageScript.java:49)
at sun.reflect.GeneratedMethodAccessor3.invoke(Unknown Source)
at sun.reflect.DelegatingMethodAccessorImpl.invoke(DelegatingMethodAccessorImpl.java:43)
at java.lang.reflect.Method.invoke(Method.java:498)
at org.testng.internal.MethodInvocationHelper.invokeMethod(MethodInvocationHelper.java:133)
at org.testng.internal.TestInvoker.invokeMethod(TestInvoker.java:584)
at org.testng.internal.TestInvoker.invokeTestMethod(TestInvoker.java:172)
at org.testng.internal.MethodRunner.runInSequence(MethodRunner.java:46)
at org.testng.internal.TestInvoker$MethodInvocationAgent.invoke(TestInvoker.java:804)
at org.testng.internal.TestInvoker.invokeTestMethods(TestInvoker.java:145)
at org.testng.internal.TestMethodWorker.invokeTestMethods(TestMethodWorker.java:146)
at org.testng.internal.TestMethodWorker.run(TestMethodWorker.java:128)
at java.util.ArrayList.forEach(ArrayList.java:1257)
at org.testng.TestRunner.privateRun(TestRunner.java:770)
at org.testng.TestRunner.run(TestRunner.java:591)
at org.testng.SuiteRunner.runTest(SuiteRunner.java:402)
at org.testng.SuiteRunner.runSequentially(SuiteRunner.java:396)
at org.testng.SuiteRunner.privateRun(SuiteRunner.java:355)
at org.testng.SuiteRunner.run(SuiteRunner.java:304)
at org.testng.SuiteRunnerWorker.runSuite(SuiteRunnerWorker.java:53)
at org.testng.SuiteRunnerWorker.run(SuiteRunnerWorker.java:96)
at org.testng.TestNG.runSuitesSequentially(TestNG.java:1180)
at org.testng.TestNG.runSuitesLocally(TestNG.java:1102)
at org.testng.TestNG.runSuites(TestNG.java:1032)
at org.testng.TestNG.run(TestNG.java:1000)
at org.testng.remote.AbstractRemoteTestNG.run(AbstractRemoteTestNG.java:115)
at org.testng.remote.RemoteTestNG.initAndRun(RemoteTestNG.java:251)
at org.testng.remote.RemoteTestNG.main(RemoteTestNG.java:77)
]]>
    </error>
  </testcase> <!-- validateServicesFooter -->
  <testcase name="validateServicesFooter" time="0.022" classname="com.atmecs.testscript.AtmecsHomePageScript">
    <error type="org.openqa.selenium.NoSuchWindowException" message="Currently focused window has been closed.
Build info: version: &#039;4.0.0-alpha-2&#039;, revision: &#039;f148142cf8&#039;, time: &#039;2019-07-01T20:55:26&#039;
System info: host: &#039;ATMECSINLT-283&#039;, ip: &#039;55.55.52.215&#039;, os.name: &#039;Windows 10&#039;, os.arch: &#039;amd64&#039;, os.version: &#039;10.0&#039;, java.version: &#039;1.8.0_221&#039;
Driver info: org.openqa.selenium.ie.InternetExplorerDriver
Capabilities {acceptInsecureCerts: false, browserName: internet explorer, browserVersion: 11, javascriptEnabled: true, pageLoadStrategy: normal, platform: WINDOWS, platformName: WINDOWS, proxy: Proxy(), se:ieOptions: {browserAttachTimeout: 0, elementScrollBehavior: 0, enablePersistentHover: true, ie.browserCommandLineSwitches: , ie.ensureCleanSession: false, ie.fileUploadDialogTimeout: 3000, ie.forceCreateProcessApi: false, ignoreProtectedModeSettings: false, ignoreZoomSetting: false, initialBrowserUrl: http://localhost:2124/, nativeEvents: true, requireWindowFocus: false}, setWindowRect: true, timeouts: {implicit: 0, pageLoad: 300000, script: 30000}}
Session ID: 055d0f1f-16b1-4577-b4c8-1028878473d8
*** Element info: {Using=xpath, value=//div[@id=&#039;footer&#039;]//a[contains(text(),&#039;Services&#039;)]}">
      <![CDATA[org.openqa.selenium.NoSuchWindowException: Currently focused window has been closed.
Build info: version: '4.0.0-alpha-2', revision: 'f148142cf8', time: '2019-07-01T20:55:26'
System info: host: 'ATMECSINLT-283', ip: '55.55.52.215', os.name: 'Windows 10', os.arch: 'amd64', os.version: '10.0', java.version: '1.8.0_221'
Driver info: org.openqa.selenium.ie.InternetExplorerDriver
Capabilities {acceptInsecureCerts: false, browserName: internet explorer, browserVersion: 11, javascriptEnabled: true, pageLoadStrategy: normal, platform: WINDOWS, platformName: WINDOWS, proxy: Proxy(), se:ieOptions: {browserAttachTimeout: 0, elementScrollBehavior: 0, enablePersistentHover: true, ie.browserCommandLineSwitches: , ie.ensureCleanSession: false, ie.fileUploadDialogTimeout: 3000, ie.forceCreateProcessApi: false, ignoreProtectedModeSettings: false, ignoreZoomSetting: false, initialBrowserUrl: http://localhost:2124/, nativeEvents: true, requireWindowFocus: false}, setWindowRect: true, timeouts: {implicit: 0, pageLoad: 300000, script: 30000}}
Session ID: 055d0f1f-16b1-4577-b4c8-1028878473d8
*** Element info: {Using=xpath, value=//div[@id='footer']//a[contains(text(),'Services')]}
at sun.reflect.GeneratedConstructorAccessor25.newInstance(Unknown Source)
at sun.reflect.DelegatingConstructorAccessorImpl.newInstance(DelegatingConstructorAccessorImpl.java:45)
at java.lang.reflect.Constructor.newInstance(Constructor.java:423)
at org.openqa.selenium.remote.codec.w3c.W3CHttpResponseCodec.createException(W3CHttpResponseCodec.java:191)
at org.openqa.selenium.remote.codec.w3c.W3CHttpResponseCodec.decode(W3CHttpResponseCodec.java:125)
at org.openqa.selenium.remote.codec.w3c.W3CHttpResponseCodec.decode(W3CHttpResponseCodec.java:52)
at org.openqa.selenium.remote.HttpCommandExecutor.execute(HttpCommandExecutor.java:161)
at org.openqa.selenium.remote.service.DriverCommandExecutor.execute(DriverCommandExecutor.java:83)
at org.openqa.selenium.remote.RemoteWebDriver.execute(RemoteWebDriver.java:576)
at org.openqa.selenium.remote.RemoteWebDriver.findElement(RemoteWebDriver.java:327)
at org.openqa.selenium.remote.RemoteWebDriver.findElementByXPath(RemoteWebDriver.java:445)
at org.openqa.selenium.By$ByXPath.findElement(By.java:353)
at org.openqa.selenium.remote.RemoteWebDriver.findElement(RemoteWebDriver.java:319)
at com.atmecs.helper.CommonUtility.locatorsType(CommonUtility.java:49)
at com.atmecs.helper.CommonUtility$4.apply(CommonUtility.java:180)
at com.atmecs.helper.CommonUtility$4.apply(CommonUtility.java:1)
at org.openqa.selenium.support.ui.FluentWait.until(FluentWait.java:211)
at com.atmecs.helper.CommonUtility.getText(CommonUtility.java:177)
at com.atmecs.general.AtmecsHomePage.isFooterPresent(AtmecsHomePage.java:80)
at com.atmecs.testscript.AtmecsHomePageScript.validateServicesFooter(AtmecsHomePageScript.java:49)
at sun.reflect.NativeMethodAccessorImpl.invoke0(Native Method)
at sun.reflect.NativeMethodAccessorImpl.invoke(NativeMethodAccessorImpl.java:62)
at sun.reflect.DelegatingMethodAccessorImpl.invoke(DelegatingMethodAccessorImpl.java:43)
at java.lang.reflect.Method.invoke(Method.java:498)
at org.testng.internal.MethodInvocationHelper.invokeMethod(MethodInvocationHelper.java:133)
at org.testng.internal.TestInvoker.invokeMethod(TestInvoker.java:584)
at org.testng.internal.TestInvoker.invokeTestMethod(TestInvoker.java:172)
at org.testng.internal.MethodRunner.runInSequence(MethodRunner.java:46)
at org.testng.internal.TestInvoker$MethodInvocationAgent.invoke(TestInvoker.java:804)
at org.testng.internal.TestInvoker.invokeTestMethods(TestInvoker.java:145)
at org.testng.internal.TestMethodWorker.invokeTestMethods(TestMethodWorker.java:146)
at org.testng.internal.TestMethodWorker.run(TestMethodWorker.java:128)
at java.util.ArrayList.forEach(ArrayList.java:1257)
at org.testng.TestRunner.privateRun(TestRunner.java:770)
at org.testng.TestRunner.run(TestRunner.java:591)
at org.testng.SuiteRunner.runTest(SuiteRunner.java:402)
at org.testng.SuiteRunner.runSequentially(SuiteRunner.java:396)
at org.testng.SuiteRunner.privateRun(SuiteRunner.java:355)
at org.testng.SuiteRunner.run(SuiteRunner.java:304)
at org.testng.SuiteRunnerWorker.runSuite(SuiteRunnerWorker.java:53)
at org.testng.SuiteRunnerWorker.run(SuiteRunnerWorker.java:96)
at org.testng.TestNG.runSuitesSequentially(TestNG.java:1180)
at org.testng.TestNG.runSuitesLocally(TestNG.java:1102)
at org.testng.TestNG.runSuites(TestNG.java:1032)
at org.testng.TestNG.run(TestNG.java:1000)
at org.testng.remote.AbstractRemoteTestNG.run(AbstractRemoteTestNG.java:115)
at org.testng.remote.RemoteTestNG.initAndRun(RemoteTestNG.java:251)
at org.testng.remote.RemoteTestNG.main(RemoteTestNG.java:77)
]]>
    </error>
  </testcase> <!-- validateServicesFooter -->
  <testcase name="validateServicesFooter" time="0.027" classname="com.atmecs.testscript.AtmecsHomePageScript">
    <error type="org.openqa.selenium.NoSuchWindowException" message="Currently focused window has been closed.
Build info: version: &#039;4.0.0-alpha-2&#039;, revision: &#039;f148142cf8&#039;, time: &#039;2019-07-01T20:55:26&#039;
System info: host: &#039;ATMECSINLT-283&#039;, ip: &#039;55.55.52.215&#039;, os.name: &#039;Windows 10&#039;, os.arch: &#039;amd64&#039;, os.version: &#039;10.0&#039;, java.version: &#039;1.8.0_221&#039;
Driver info: org.openqa.selenium.ie.InternetExplorerDriver
Capabilities {acceptInsecureCerts: false, browserName: internet explorer, browserVersion: 11, javascriptEnabled: true, pageLoadStrategy: normal, platform: WINDOWS, platformName: WINDOWS, proxy: Proxy(), se:ieOptions: {browserAttachTimeout: 0, elementScrollBehavior: 0, enablePersistentHover: true, ie.browserCommandLineSwitches: , ie.ensureCleanSession: false, ie.fileUploadDialogTimeout: 3000, ie.forceCreateProcessApi: false, ignoreProtectedModeSettings: false, ignoreZoomSetting: false, initialBrowserUrl: http://localhost:2124/, nativeEvents: true, requireWindowFocus: false}, setWindowRect: true, timeouts: {implicit: 0, pageLoad: 300000, script: 30000}}
Session ID: 055d0f1f-16b1-4577-b4c8-1028878473d8
*** Element info: {Using=xpath, value=//div[@id=&#039;footer&#039;]//a[contains(text(),&#039;Augmented Reality / Virtual Reality&#039;)]}">
      <![CDATA[org.openqa.selenium.NoSuchWindowException: Currently focused window has been closed.
Build info: version: '4.0.0-alpha-2', revision: 'f148142cf8', time: '2019-07-01T20:55:26'
System info: host: 'ATMECSINLT-283', ip: '55.55.52.215', os.name: 'Windows 10', os.arch: 'amd64', os.version: '10.0', java.version: '1.8.0_221'
Driver info: org.openqa.selenium.ie.InternetExplorerDriver
Capabilities {acceptInsecureCerts: false, browserName: internet explorer, browserVersion: 11, javascriptEnabled: true, pageLoadStrategy: normal, platform: WINDOWS, platformName: WINDOWS, proxy: Proxy(), se:ieOptions: {browserAttachTimeout: 0, elementScrollBehavior: 0, enablePersistentHover: true, ie.browserCommandLineSwitches: , ie.ensureCleanSession: false, ie.fileUploadDialogTimeout: 3000, ie.forceCreateProcessApi: false, ignoreProtectedModeSettings: false, ignoreZoomSetting: false, initialBrowserUrl: http://localhost:2124/, nativeEvents: true, requireWindowFocus: false}, setWindowRect: true, timeouts: {implicit: 0, pageLoad: 300000, script: 30000}}
Session ID: 055d0f1f-16b1-4577-b4c8-1028878473d8
*** Element info: {Using=xpath, value=//div[@id='footer']//a[contains(text(),'Augmented Reality / Virtual Reality')]}
at sun.reflect.GeneratedConstructorAccessor25.newInstance(Unknown Source)
at sun.reflect.DelegatingConstructorAccessorImpl.newInstance(DelegatingConstructorAccessorImpl.java:45)
at java.lang.reflect.Constructor.newInstance(Constructor.java:423)
at org.openqa.selenium.remote.codec.w3c.W3CHttpResponseCodec.createException(W3CHttpResponseCodec.java:191)
at org.openqa.selenium.remote.codec.w3c.W3CHttpResponseCodec.decode(W3CHttpResponseCodec.java:125)
at org.openqa.selenium.remote.codec.w3c.W3CHttpResponseCodec.decode(W3CHttpResponseCodec.java:52)
at org.openqa.selenium.remote.HttpCommandExecutor.execute(HttpCommandExecutor.java:161)
at org.openqa.selenium.remote.service.DriverCommandExecutor.execute(DriverCommandExecutor.java:83)
at org.openqa.selenium.remote.RemoteWebDriver.execute(RemoteWebDriver.java:576)
at org.openqa.selenium.remote.RemoteWebDriver.findElement(RemoteWebDriver.java:327)
at org.openqa.selenium.remote.RemoteWebDriver.findElementByXPath(RemoteWebDriver.java:445)
at org.openqa.selenium.By$ByXPath.findElement(By.java:353)
at org.openqa.selenium.remote.RemoteWebDriver.findElement(RemoteWebDriver.java:319)
at com.atmecs.helper.CommonUtility.locatorsType(CommonUtility.java:49)
at com.atmecs.helper.CommonUtility$4.apply(CommonUtility.java:180)
at com.atmecs.helper.CommonUtility$4.apply(CommonUtility.java:1)
at org.openqa.selenium.support.ui.FluentWait.until(FluentWait.java:211)
at com.atmecs.helper.CommonUtility.getText(CommonUtility.java:177)
at com.atmecs.general.AtmecsHomePage.isFooterPresent(AtmecsHomePage.java:80)
at com.atmecs.testscript.AtmecsHomePageScript.validateServicesFooter(AtmecsHomePageScript.java:49)
at sun.reflect.GeneratedMethodAccessor3.invoke(Unknown Source)
at sun.reflect.DelegatingMethodAccessorImpl.invoke(DelegatingMethodAccessorImpl.java:43)
at java.lang.reflect.Method.invoke(Method.java:498)
at org.testng.internal.MethodInvocationHelper.invokeMethod(MethodInvocationHelper.java:133)
at org.testng.internal.TestInvoker.invokeMethod(TestInvoker.java:584)
at org.testng.internal.TestInvoker.invokeTestMethod(TestInvoker.java:172)
at org.testng.internal.MethodRunner.runInSequence(MethodRunner.java:46)
at org.testng.internal.TestInvoker$MethodInvocationAgent.invoke(TestInvoker.java:804)
at org.testng.internal.TestInvoker.invokeTestMethods(TestInvoker.java:145)
at org.testng.internal.TestMethodWorker.invokeTestMethods(TestMethodWorker.java:146)
at org.testng.internal.TestMethodWorker.run(TestMethodWorker.java:128)
at java.util.ArrayList.forEach(ArrayList.java:1257)
at org.testng.TestRunner.privateRun(TestRunner.java:770)
at org.testng.TestRunner.run(TestRunner.java:591)
at org.testng.SuiteRunner.runTest(SuiteRunner.java:402)
at org.testng.SuiteRunner.runSequentially(SuiteRunner.java:396)
at org.testng.SuiteRunner.privateRun(SuiteRunner.java:355)
at org.testng.SuiteRunner.run(SuiteRunner.java:304)
at org.testng.SuiteRunnerWorker.runSuite(SuiteRunnerWorker.java:53)
at org.testng.SuiteRunnerWorker.run(SuiteRunnerWorker.java:96)
at org.testng.TestNG.runSuitesSequentially(TestNG.java:1180)
at org.testng.TestNG.runSuitesLocally(TestNG.java:1102)
at org.testng.TestNG.runSuites(TestNG.java:1032)
at org.testng.TestNG.run(TestNG.java:1000)
at org.testng.remote.AbstractRemoteTestNG.run(AbstractRemoteTestNG.java:115)
at org.testng.remote.RemoteTestNG.initAndRun(RemoteTestNG.java:251)
at org.testng.remote.RemoteTestNG.main(RemoteTestNG.java:77)
]]>
    </error>
  </testcase> <!-- validateServicesFooter -->
  <testcase name="validateServicesFooter" time="0.038" classname="com.atmecs.testscript.AtmecsHomePageScript">
    <error type="org.openqa.selenium.NoSuchWindowException" message="Currently focused window has been closed.
Build info: version: &#039;4.0.0-alpha-2&#039;, revision: &#039;f148142cf8&#039;, time: &#039;2019-07-01T20:55:26&#039;
System info: host: &#039;ATMECSINLT-283&#039;, ip: &#039;55.55.52.215&#039;, os.name: &#039;Windows 10&#039;, os.arch: &#039;amd64&#039;, os.version: &#039;10.0&#039;, java.version: &#039;1.8.0_221&#039;
Driver info: org.openqa.selenium.ie.InternetExplorerDriver
Capabilities {acceptInsecureCerts: false, browserName: internet explorer, browserVersion: 11, javascriptEnabled: true, pageLoadStrategy: normal, platform: WINDOWS, platformName: WINDOWS, proxy: Proxy(), se:ieOptions: {browserAttachTimeout: 0, elementScrollBehavior: 0, enablePersistentHover: true, ie.browserCommandLineSwitches: , ie.ensureCleanSession: false, ie.fileUploadDialogTimeout: 3000, ie.forceCreateProcessApi: false, ignoreProtectedModeSettings: false, ignoreZoomSetting: false, initialBrowserUrl: http://localhost:2124/, nativeEvents: true, requireWindowFocus: false}, setWindowRect: true, timeouts: {implicit: 0, pageLoad: 300000, script: 30000}}
Session ID: 055d0f1f-16b1-4577-b4c8-1028878473d8
*** Element info: {Using=xpath, value=//div[@id=&#039;footer&#039;]//a[contains(text(),&#039;Internet of Things&#039;)]}">
      <![CDATA[org.openqa.selenium.NoSuchWindowException: Currently focused window has been closed.
Build info: version: '4.0.0-alpha-2', revision: 'f148142cf8', time: '2019-07-01T20:55:26'
System info: host: 'ATMECSINLT-283', ip: '55.55.52.215', os.name: 'Windows 10', os.arch: 'amd64', os.version: '10.0', java.version: '1.8.0_221'
Driver info: org.openqa.selenium.ie.InternetExplorerDriver
Capabilities {acceptInsecureCerts: false, browserName: internet explorer, browserVersion: 11, javascriptEnabled: true, pageLoadStrategy: normal, platform: WINDOWS, platformName: WINDOWS, proxy: Proxy(), se:ieOptions: {browserAttachTimeout: 0, elementScrollBehavior: 0, enablePersistentHover: true, ie.browserCommandLineSwitches: , ie.ensureCleanSession: false, ie.fileUploadDialogTimeout: 3000, ie.forceCreateProcessApi: false, ignoreProtectedModeSettings: false, ignoreZoomSetting: false, initialBrowserUrl: http://localhost:2124/, nativeEvents: true, requireWindowFocus: false}, setWindowRect: true, timeouts: {implicit: 0, pageLoad: 300000, script: 30000}}
Session ID: 055d0f1f-16b1-4577-b4c8-1028878473d8
*** Element info: {Using=xpath, value=//div[@id='footer']//a[contains(text(),'Internet of Things')]}
at sun.reflect.GeneratedConstructorAccessor25.newInstance(Unknown Source)
at sun.reflect.DelegatingConstructorAccessorImpl.newInstance(DelegatingConstructorAccessorImpl.java:45)
at java.lang.reflect.Constructor.newInstance(Constructor.java:423)
at org.openqa.selenium.remote.codec.w3c.W3CHttpResponseCodec.createException(W3CHttpResponseCodec.java:191)
at org.openqa.selenium.remote.codec.w3c.W3CHttpResponseCodec.decode(W3CHttpResponseCodec.java:125)
at org.openqa.selenium.remote.codec.w3c.W3CHttpResponseCodec.decode(W3CHttpResponseCodec.java:52)
at org.openqa.selenium.remote.HttpCommandExecutor.execute(HttpCommandExecutor.java:161)
at org.openqa.selenium.remote.service.DriverCommandExecutor.execute(DriverCommandExecutor.java:83)
at org.openqa.selenium.remote.RemoteWebDriver.execute(RemoteWebDriver.java:576)
at org.openqa.selenium.remote.RemoteWebDriver.findElement(RemoteWebDriver.java:327)
at org.openqa.selenium.remote.RemoteWebDriver.findElementByXPath(RemoteWebDriver.java:445)
at org.openqa.selenium.By$ByXPath.findElement(By.java:353)
at org.openqa.selenium.remote.RemoteWebDriver.findElement(RemoteWebDriver.java:319)
at com.atmecs.helper.CommonUtility.locatorsType(CommonUtility.java:49)
at com.atmecs.helper.CommonUtility$4.apply(CommonUtility.java:180)
at com.atmecs.helper.CommonUtility$4.apply(CommonUtility.java:1)
at org.openqa.selenium.support.ui.FluentWait.until(FluentWait.java:211)
at com.atmecs.helper.CommonUtility.getText(CommonUtility.java:177)
at com.atmecs.general.AtmecsHomePage.isFooterPresent(AtmecsHomePage.java:80)
at com.atmecs.testscript.AtmecsHomePageScript.validateServicesFooter(AtmecsHomePageScript.java:49)
at sun.reflect.GeneratedMethodAccessor3.invoke(Unknown Source)
at sun.reflect.DelegatingMethodAccessorImpl.invoke(DelegatingMethodAccessorImpl.java:43)
at java.lang.reflect.Method.invoke(Method.java:498)
at org.testng.internal.MethodInvocationHelper.invokeMethod(MethodInvocationHelper.java:133)
at org.testng.internal.TestInvoker.invokeMethod(TestInvoker.java:584)
at org.testng.internal.TestInvoker.invokeTestMethod(TestInvoker.java:172)
at org.testng.internal.MethodRunner.runInSequence(MethodRunner.java:46)
at org.testng.internal.TestInvoker$MethodInvocationAgent.invoke(TestInvoker.java:804)
at org.testng.internal.TestInvoker.invokeTestMethods(TestInvoker.java:145)
at org.testng.internal.TestMethodWorker.invokeTestMethods(TestMethodWorker.java:146)
at org.testng.internal.TestMethodWorker.run(TestMethodWorker.java:128)
at java.util.ArrayList.forEach(ArrayList.java:1257)
at org.testng.TestRunner.privateRun(TestRunner.java:770)
at org.testng.TestRunner.run(TestRunner.java:591)
at org.testng.SuiteRunner.runTest(SuiteRunner.java:402)
at org.testng.SuiteRunner.runSequentially(SuiteRunner.java:396)
at org.testng.SuiteRunner.privateRun(SuiteRunner.java:355)
at org.testng.SuiteRunner.run(SuiteRunner.java:304)
at org.testng.SuiteRunnerWorker.runSuite(SuiteRunnerWorker.java:53)
at org.testng.SuiteRunnerWorker.run(SuiteRunnerWorker.java:96)
at org.testng.TestNG.runSuitesSequentially(TestNG.java:1180)
at org.testng.TestNG.runSuitesLocally(TestNG.java:1102)
at org.testng.TestNG.runSuites(TestNG.java:1032)
at org.testng.TestNG.run(TestNG.java:1000)
at org.testng.remote.AbstractRemoteTestNG.run(AbstractRemoteTestNG.java:115)
at org.testng.remote.RemoteTestNG.initAndRun(RemoteTestNG.java:251)
at org.testng.remote.RemoteTestNG.main(RemoteTestNG.java:77)
]]>
    </error>
  </testcase> <!-- validateServicesFooter -->
  <testcase name="validateServicesFooter" time="0.063" classname="com.atmecs.testscript.AtmecsHomePageScript">
    <error type="org.openqa.selenium.NoSuchWindowException" message="Currently focused window has been closed.
Build info: version: &#039;4.0.0-alpha-2&#039;, revision: &#039;f148142cf8&#039;, time: &#039;2019-07-01T20:55:26&#039;
System info: host: &#039;ATMECSINLT-283&#039;, ip: &#039;55.55.52.215&#039;, os.name: &#039;Windows 10&#039;, os.arch: &#039;amd64&#039;, os.version: &#039;10.0&#039;, java.version: &#039;1.8.0_221&#039;
Driver info: org.openqa.selenium.ie.InternetExplorerDriver
Capabilities {acceptInsecureCerts: false, browserName: internet explorer, browserVersion: 11, javascriptEnabled: true, pageLoadStrategy: normal, platform: WINDOWS, platformName: WINDOWS, proxy: Proxy(), se:ieOptions: {browserAttachTimeout: 0, elementScrollBehavior: 0, enablePersistentHover: true, ie.browserCommandLineSwitches: , ie.ensureCleanSession: false, ie.fileUploadDialogTimeout: 3000, ie.forceCreateProcessApi: false, ignoreProtectedModeSettings: false, ignoreZoomSetting: false, initialBrowserUrl: http://localhost:2124/, nativeEvents: true, requireWindowFocus: false}, setWindowRect: true, timeouts: {implicit: 0, pageLoad: 300000, script: 30000}}
Session ID: 055d0f1f-16b1-4577-b4c8-1028878473d8
*** Element info: {Using=xpath, value=//div[@id=&#039;footer&#039;]//a[contains(text(),&#039;US R&amp;D Center&#039;)]}">
      <![CDATA[org.openqa.selenium.NoSuchWindowException: Currently focused window has been closed.
Build info: version: '4.0.0-alpha-2', revision: 'f148142cf8', time: '2019-07-01T20:55:26'
System info: host: 'ATMECSINLT-283', ip: '55.55.52.215', os.name: 'Windows 10', os.arch: 'amd64', os.version: '10.0', java.version: '1.8.0_221'
Driver info: org.openqa.selenium.ie.InternetExplorerDriver
Capabilities {acceptInsecureCerts: false, browserName: internet explorer, browserVersion: 11, javascriptEnabled: true, pageLoadStrategy: normal, platform: WINDOWS, platformName: WINDOWS, proxy: Proxy(), se:ieOptions: {browserAttachTimeout: 0, elementScrollBehavior: 0, enablePersistentHover: true, ie.browserCommandLineSwitches: , ie.ensureCleanSession: false, ie.fileUploadDialogTimeout: 3000, ie.forceCreateProcessApi: false, ignoreProtectedModeSettings: false, ignoreZoomSetting: false, initialBrowserUrl: http://localhost:2124/, nativeEvents: true, requireWindowFocus: false}, setWindowRect: true, timeouts: {implicit: 0, pageLoad: 300000, script: 30000}}
Session ID: 055d0f1f-16b1-4577-b4c8-1028878473d8
*** Element info: {Using=xpath, value=//div[@id='footer']//a[contains(text(),'US R&D Center')]}
at sun.reflect.GeneratedConstructorAccessor25.newInstance(Unknown Source)
at sun.reflect.DelegatingConstructorAccessorImpl.newInstance(DelegatingConstructorAccessorImpl.java:45)
at java.lang.reflect.Constructor.newInstance(Constructor.java:423)
at org.openqa.selenium.remote.codec.w3c.W3CHttpResponseCodec.createException(W3CHttpResponseCodec.java:191)
at org.openqa.selenium.remote.codec.w3c.W3CHttpResponseCodec.decode(W3CHttpResponseCodec.java:125)
at org.openqa.selenium.remote.codec.w3c.W3CHttpResponseCodec.decode(W3CHttpResponseCodec.java:52)
at org.openqa.selenium.remote.HttpCommandExecutor.execute(HttpCommandExecutor.java:161)
at org.openqa.selenium.remote.service.DriverCommandExecutor.execute(DriverCommandExecutor.java:83)
at org.openqa.selenium.remote.RemoteWebDriver.execute(RemoteWebDriver.java:576)
at org.openqa.selenium.remote.RemoteWebDriver.findElement(RemoteWebDriver.java:327)
at org.openqa.selenium.remote.RemoteWebDriver.findElementByXPath(RemoteWebDriver.java:445)
at org.openqa.selenium.By$ByXPath.findElement(By.java:353)
at org.openqa.selenium.remote.RemoteWebDriver.findElement(RemoteWebDriver.java:319)
at com.atmecs.helper.CommonUtility.locatorsType(CommonUtility.java:49)
at com.atmecs.helper.CommonUtility$4.apply(CommonUtility.java:180)
at com.atmecs.helper.CommonUtility$4.apply(CommonUtility.java:1)
at org.openqa.selenium.support.ui.FluentWait.until(FluentWait.java:211)
at com.atmecs.helper.CommonUtility.getText(CommonUtility.java:177)
at com.atmecs.general.AtmecsHomePage.isFooterPresent(AtmecsHomePage.java:80)
at com.atmecs.testscript.AtmecsHomePageScript.validateServicesFooter(AtmecsHomePageScript.java:49)
at sun.reflect.NativeMethodAccessorImpl.invoke0(Native Method)
at sun.reflect.NativeMethodAccessorImpl.invoke(NativeMethodAccessorImpl.java:62)
at sun.reflect.DelegatingMethodAccessorImpl.invoke(DelegatingMethodAccessorImpl.java:43)
at java.lang.reflect.Method.invoke(Method.java:498)
at org.testng.internal.MethodInvocationHelper.invokeMethod(MethodInvocationHelper.java:133)
at org.testng.internal.TestInvoker.invokeMethod(TestInvoker.java:584)
at org.testng.internal.TestInvoker.invokeTestMethod(TestInvoker.java:172)
at org.testng.internal.MethodRunner.runInSequence(MethodRunner.java:46)
at org.testng.internal.TestInvoker$MethodInvocationAgent.invoke(TestInvoker.java:804)
at org.testng.internal.TestInvoker.invokeTestMethods(TestInvoker.java:145)
at org.testng.internal.TestMethodWorker.invokeTestMethods(TestMethodWorker.java:146)
at org.testng.internal.TestMethodWorker.run(TestMethodWorker.java:128)
at java.util.ArrayList.forEach(ArrayList.java:1257)
at org.testng.TestRunner.privateRun(TestRunner.java:770)
at org.testng.TestRunner.run(TestRunner.java:591)
at org.testng.SuiteRunner.runTest(SuiteRunner.java:402)
at org.testng.SuiteRunner.runSequentially(SuiteRunner.java:396)
at org.testng.SuiteRunner.privateRun(SuiteRunner.java:355)
at org.testng.SuiteRunner.run(SuiteRunner.java:304)
at org.testng.SuiteRunnerWorker.runSuite(SuiteRunnerWorker.java:53)
at org.testng.SuiteRunnerWorker.run(SuiteRunnerWorker.java:96)
at org.testng.TestNG.runSuitesSequentially(TestNG.java:1180)
at org.testng.TestNG.runSuitesLocally(TestNG.java:1102)
at org.testng.TestNG.runSuites(TestNG.java:1032)
at org.testng.TestNG.run(TestNG.java:1000)
at org.testng.remote.AbstractRemoteTestNG.run(AbstractRemoteTestNG.java:115)
at org.testng.remote.RemoteTestNG.initAndRun(RemoteTestNG.java:251)
at org.testng.remote.RemoteTestNG.main(RemoteTestNG.java:77)
]]>
    </error>
  </testcase> <!-- validateServicesFooter -->
  <testcase name="clickOnPatnersMenu" time="0.044" classname="com.atmecs.testscript.AtmecsHomePageScript">
    <error type="org.openqa.selenium.NoSuchWindowException" message="Currently focused window has been closed.
Build info: version: &#039;4.0.0-alpha-2&#039;, revision: &#039;f148142cf8&#039;, time: &#039;2019-07-01T20:55:26&#039;
System info: host: &#039;ATMECSINLT-283&#039;, ip: &#039;55.55.52.215&#039;, os.name: &#039;Windows 10&#039;, os.arch: &#039;amd64&#039;, os.version: &#039;10.0&#039;, java.version: &#039;1.8.0_221&#039;
Driver info: org.openqa.selenium.ie.InternetExplorerDriver
Capabilities {acceptInsecureCerts: false, browserName: internet explorer, browserVersion: 11, javascriptEnabled: true, pageLoadStrategy: normal, platform: WINDOWS, platformName: WINDOWS, proxy: Proxy(), se:ieOptions: {browserAttachTimeout: 0, elementScrollBehavior: 0, enablePersistentHover: true, ie.browserCommandLineSwitches: , ie.ensureCleanSession: false, ie.fileUploadDialogTimeout: 3000, ie.forceCreateProcessApi: false, ignoreProtectedModeSettings: false, ignoreZoomSetting: false, initialBrowserUrl: http://localhost:2124/, nativeEvents: true, requireWindowFocus: false}, setWindowRect: true, timeouts: {implicit: 0, pageLoad: 300000, script: 30000}}
Session ID: 055d0f1f-16b1-4577-b4c8-1028878473d8
*** Element info: {Using=css selector, value=#menu-item-26}">
      <![CDATA[org.openqa.selenium.NoSuchWindowException: Currently focused window has been closed.
Build info: version: '4.0.0-alpha-2', revision: 'f148142cf8', time: '2019-07-01T20:55:26'
System info: host: 'ATMECSINLT-283', ip: '55.55.52.215', os.name: 'Windows 10', os.arch: 'amd64', os.version: '10.0', java.version: '1.8.0_221'
Driver info: org.openqa.selenium.ie.InternetExplorerDriver
Capabilities {acceptInsecureCerts: false, browserName: internet explorer, browserVersion: 11, javascriptEnabled: true, pageLoadStrategy: normal, platform: WINDOWS, platformName: WINDOWS, proxy: Proxy(), se:ieOptions: {browserAttachTimeout: 0, elementScrollBehavior: 0, enablePersistentHover: true, ie.browserCommandLineSwitches: , ie.ensureCleanSession: false, ie.fileUploadDialogTimeout: 3000, ie.forceCreateProcessApi: false, ignoreProtectedModeSettings: false, ignoreZoomSetting: false, initialBrowserUrl: http://localhost:2124/, nativeEvents: true, requireWindowFocus: false}, setWindowRect: true, timeouts: {implicit: 0, pageLoad: 300000, script: 30000}}
Session ID: 055d0f1f-16b1-4577-b4c8-1028878473d8
*** Element info: {Using=css selector, value=#menu-item-26}
at sun.reflect.GeneratedConstructorAccessor25.newInstance(Unknown Source)
at sun.reflect.DelegatingConstructorAccessorImpl.newInstance(DelegatingConstructorAccessorImpl.java:45)
at java.lang.reflect.Constructor.newInstance(Constructor.java:423)
at org.openqa.selenium.remote.codec.w3c.W3CHttpResponseCodec.createException(W3CHttpResponseCodec.java:191)
at org.openqa.selenium.remote.codec.w3c.W3CHttpResponseCodec.decode(W3CHttpResponseCodec.java:125)
at org.openqa.selenium.remote.codec.w3c.W3CHttpResponseCodec.decode(W3CHttpResponseCodec.java:52)
at org.openqa.selenium.remote.HttpCommandExecutor.execute(HttpCommandExecutor.java:161)
at org.openqa.selenium.remote.service.DriverCommandExecutor.execute(DriverCommandExecutor.java:83)
at org.openqa.selenium.remote.RemoteWebDriver.execute(RemoteWebDriver.java:576)
at org.openqa.selenium.remote.RemoteWebDriver.findElement(RemoteWebDriver.java:327)
at org.openqa.selenium.remote.RemoteWebDriver.findElementByCssSelector(RemoteWebDriver.java:435)
at org.openqa.selenium.By$ByCssSelector.findElement(By.java:431)
at org.openqa.selenium.remote.RemoteWebDriver.findElement(RemoteWebDriver.java:319)
at com.atmecs.helper.CommonUtility.locatorsType(CommonUtility.java:54)
at com.atmecs.helper.CommonUtility$1.apply(CommonUtility.java:99)
at com.atmecs.helper.CommonUtility$1.apply(CommonUtility.java:1)
at org.openqa.selenium.support.ui.FluentWait.until(FluentWait.java:211)
at com.atmecs.helper.CommonUtility.clickElement(CommonUtility.java:97)
at com.atmecs.general.AtmecsHomePage.clickOnPartner(AtmecsHomePage.java:38)
at com.atmecs.testscript.AtmecsHomePageScript.clickOnPatnersMenu(AtmecsHomePageScript.java:54)
at sun.reflect.NativeMethodAccessorImpl.invoke0(Native Method)
at sun.reflect.NativeMethodAccessorImpl.invoke(NativeMethodAccessorImpl.java:62)
at sun.reflect.DelegatingMethodAccessorImpl.invoke(DelegatingMethodAccessorImpl.java:43)
at java.lang.reflect.Method.invoke(Method.java:498)
at org.testng.internal.MethodInvocationHelper.invokeMethod(MethodInvocationHelper.java:133)
at org.testng.internal.TestInvoker.invokeMethod(TestInvoker.java:584)
at org.testng.internal.TestInvoker.invokeTestMethod(TestInvoker.java:172)
at org.testng.internal.MethodRunner.runInSequence(MethodRunner.java:46)
at org.testng.internal.TestInvoker$MethodInvocationAgent.invoke(TestInvoker.java:804)
at org.testng.internal.TestInvoker.invokeTestMethods(TestInvoker.java:145)
at org.testng.internal.TestMethodWorker.invokeTestMethods(TestMethodWorker.java:146)
at org.testng.internal.TestMethodWorker.run(TestMethodWorker.java:128)
at java.util.ArrayList.forEach(ArrayList.java:1257)
at org.testng.TestRunner.privateRun(TestRunner.java:770)
at org.testng.TestRunner.run(TestRunner.java:591)
at org.testng.SuiteRunner.runTest(SuiteRunner.java:402)
at org.testng.SuiteRunner.runSequentially(SuiteRunner.java:396)
at org.testng.SuiteRunner.privateRun(SuiteRunner.java:355)
at org.testng.SuiteRunner.run(SuiteRunner.java:304)
at org.testng.SuiteRunnerWorker.runSuite(SuiteRunnerWorker.java:53)
at org.testng.SuiteRunnerWorker.run(SuiteRunnerWorker.java:96)
at org.testng.TestNG.runSuitesSequentially(TestNG.java:1180)
at org.testng.TestNG.runSuitesLocally(TestNG.java:1102)
at org.testng.TestNG.runSuites(TestNG.java:1032)
at org.testng.TestNG.run(TestNG.java:1000)
at org.testng.remote.AbstractRemoteTestNG.run(AbstractRemoteTestNG.java:115)
at org.testng.remote.RemoteTestNG.initAndRun(RemoteTestNG.java:251)
at org.testng.remote.RemoteTestNG.main(RemoteTestNG.java:77)
]]>
    </error>
  </testcase> <!-- clickOnPatnersMenu -->
  <testcase name="validatePartnerFooter" time="0.032" classname="com.atmecs.testscript.AtmecsHomePageScript">
    <error type="org.openqa.selenium.NoSuchWindowException" message="Currently focused window has been closed.
Build info: version: &#039;4.0.0-alpha-2&#039;, revision: &#039;f148142cf8&#039;, time: &#039;2019-07-01T20:55:26&#039;
System info: host: &#039;ATMECSINLT-283&#039;, ip: &#039;55.55.52.215&#039;, os.name: &#039;Windows 10&#039;, os.arch: &#039;amd64&#039;, os.version: &#039;10.0&#039;, java.version: &#039;1.8.0_221&#039;
Driver info: org.openqa.selenium.ie.InternetExplorerDriver
Capabilities {acceptInsecureCerts: false, browserName: internet explorer, browserVersion: 11, javascriptEnabled: true, pageLoadStrategy: normal, platform: WINDOWS, platformName: WINDOWS, proxy: Proxy(), se:ieOptions: {browserAttachTimeout: 0, elementScrollBehavior: 0, enablePersistentHover: true, ie.browserCommandLineSwitches: , ie.ensureCleanSession: false, ie.fileUploadDialogTimeout: 3000, ie.forceCreateProcessApi: false, ignoreProtectedModeSettings: false, ignoreZoomSetting: false, initialBrowserUrl: http://localhost:2124/, nativeEvents: true, requireWindowFocus: false}, setWindowRect: true, timeouts: {implicit: 0, pageLoad: 300000, script: 30000}}
Session ID: 055d0f1f-16b1-4577-b4c8-1028878473d8
*** Element info: {Using=xpath, value=//div[@id=&#039;footer&#039;]//a[contains(text(),&#039;India – Bangalore&#039;)]}">
      <![CDATA[org.openqa.selenium.NoSuchWindowException: Currently focused window has been closed.
Build info: version: '4.0.0-alpha-2', revision: 'f148142cf8', time: '2019-07-01T20:55:26'
System info: host: 'ATMECSINLT-283', ip: '55.55.52.215', os.name: 'Windows 10', os.arch: 'amd64', os.version: '10.0', java.version: '1.8.0_221'
Driver info: org.openqa.selenium.ie.InternetExplorerDriver
Capabilities {acceptInsecureCerts: false, browserName: internet explorer, browserVersion: 11, javascriptEnabled: true, pageLoadStrategy: normal, platform: WINDOWS, platformName: WINDOWS, proxy: Proxy(), se:ieOptions: {browserAttachTimeout: 0, elementScrollBehavior: 0, enablePersistentHover: true, ie.browserCommandLineSwitches: , ie.ensureCleanSession: false, ie.fileUploadDialogTimeout: 3000, ie.forceCreateProcessApi: false, ignoreProtectedModeSettings: false, ignoreZoomSetting: false, initialBrowserUrl: http://localhost:2124/, nativeEvents: true, requireWindowFocus: false}, setWindowRect: true, timeouts: {implicit: 0, pageLoad: 300000, script: 30000}}
Session ID: 055d0f1f-16b1-4577-b4c8-1028878473d8
*** Element info: {Using=xpath, value=//div[@id='footer']//a[contains(text(),'India – Bangalore')]}
at sun.reflect.GeneratedConstructorAccessor25.newInstance(Unknown Source)
at sun.reflect.DelegatingConstructorAccessorImpl.newInstance(DelegatingConstructorAccessorImpl.java:45)
at java.lang.reflect.Constructor.newInstance(Constructor.java:423)
at org.openqa.selenium.remote.codec.w3c.W3CHttpResponseCodec.createException(W3CHttpResponseCodec.java:191)
at org.openqa.selenium.remote.codec.w3c.W3CHttpResponseCodec.decode(W3CHttpResponseCodec.java:125)
at org.openqa.selenium.remote.codec.w3c.W3CHttpResponseCodec.decode(W3CHttpResponseCodec.java:52)
at org.openqa.selenium.remote.HttpCommandExecutor.execute(HttpCommandExecutor.java:161)
at org.openqa.selenium.remote.service.DriverCommandExecutor.execute(DriverCommandExecutor.java:83)
at org.openqa.selenium.remote.RemoteWebDriver.execute(RemoteWebDriver.java:576)
at org.openqa.selenium.remote.RemoteWebDriver.findElement(RemoteWebDriver.java:327)
at org.openqa.selenium.remote.RemoteWebDriver.findElementByXPath(RemoteWebDriver.java:445)
at org.openqa.selenium.By$ByXPath.findElement(By.java:353)
at org.openqa.selenium.remote.RemoteWebDriver.findElement(RemoteWebDriver.java:319)
at com.atmecs.helper.CommonUtility.locatorsType(CommonUtility.java:49)
at com.atmecs.helper.CommonUtility$4.apply(CommonUtility.java:180)
at com.atmecs.helper.CommonUtility$4.apply(CommonUtility.java:1)
at org.openqa.selenium.support.ui.FluentWait.until(FluentWait.java:211)
at com.atmecs.helper.CommonUtility.getText(CommonUtility.java:177)
at com.atmecs.general.AtmecsHomePage.isFooterPresent(AtmecsHomePage.java:80)
at com.atmecs.testscript.AtmecsHomePageScript.validatePartnerFooter(AtmecsHomePageScript.java:61)
at sun.reflect.GeneratedMethodAccessor4.invoke(Unknown Source)
at sun.reflect.DelegatingMethodAccessorImpl.invoke(DelegatingMethodAccessorImpl.java:43)
at java.lang.reflect.Method.invoke(Method.java:498)
at org.testng.internal.MethodInvocationHelper.invokeMethod(MethodInvocationHelper.java:133)
at org.testng.internal.TestInvoker.invokeMethod(TestInvoker.java:584)
at org.testng.internal.TestInvoker.invokeTestMethod(TestInvoker.java:172)
at org.testng.internal.MethodRunner.runInSequence(MethodRunner.java:46)
at org.testng.internal.TestInvoker$MethodInvocationAgent.invoke(TestInvoker.java:804)
at org.testng.internal.TestInvoker.invokeTestMethods(TestInvoker.java:145)
at org.testng.internal.TestMethodWorker.invokeTestMethods(TestMethodWorker.java:146)
at org.testng.internal.TestMethodWorker.run(TestMethodWorker.java:128)
at java.util.ArrayList.forEach(ArrayList.java:1257)
at org.testng.TestRunner.privateRun(TestRunner.java:770)
at org.testng.TestRunner.run(TestRunner.java:591)
at org.testng.SuiteRunner.runTest(SuiteRunner.java:402)
at org.testng.SuiteRunner.runSequentially(SuiteRunner.java:396)
at org.testng.SuiteRunner.privateRun(SuiteRunner.java:355)
at org.testng.SuiteRunner.run(SuiteRunner.java:304)
at org.testng.SuiteRunnerWorker.runSuite(SuiteRunnerWorker.java:53)
at org.testng.SuiteRunnerWorker.run(SuiteRunnerWorker.java:96)
at org.testng.TestNG.runSuitesSequentially(TestNG.java:1180)
at org.testng.TestNG.runSuitesLocally(TestNG.java:1102)
at org.testng.TestNG.runSuites(TestNG.java:1032)
at org.testng.TestNG.run(TestNG.java:1000)
at org.testng.remote.AbstractRemoteTestNG.run(AbstractRemoteTestNG.java:115)
at org.testng.remote.RemoteTestNG.initAndRun(RemoteTestNG.java:251)
at org.testng.remote.RemoteTestNG.main(RemoteTestNG.java:77)
]]>
    </error>
  </testcase> <!-- validatePartnerFooter -->
  <testcase name="validatePartnerFooter" time="0.034" classname="com.atmecs.testscript.AtmecsHomePageScript">
    <error type="org.openqa.selenium.NoSuchWindowException" message="Currently focused window has been closed.
Build info: version: &#039;4.0.0-alpha-2&#039;, revision: &#039;f148142cf8&#039;, time: &#039;2019-07-01T20:55:26&#039;
System info: host: &#039;ATMECSINLT-283&#039;, ip: &#039;55.55.52.215&#039;, os.name: &#039;Windows 10&#039;, os.arch: &#039;amd64&#039;, os.version: &#039;10.0&#039;, java.version: &#039;1.8.0_221&#039;
Driver info: org.openqa.selenium.ie.InternetExplorerDriver
Capabilities {acceptInsecureCerts: false, browserName: internet explorer, browserVersion: 11, javascriptEnabled: true, pageLoadStrategy: normal, platform: WINDOWS, platformName: WINDOWS, proxy: Proxy(), se:ieOptions: {browserAttachTimeout: 0, elementScrollBehavior: 0, enablePersistentHover: true, ie.browserCommandLineSwitches: , ie.ensureCleanSession: false, ie.fileUploadDialogTimeout: 3000, ie.forceCreateProcessApi: false, ignoreProtectedModeSettings: false, ignoreZoomSetting: false, initialBrowserUrl: http://localhost:2124/, nativeEvents: true, requireWindowFocus: false}, setWindowRect: true, timeouts: {implicit: 0, pageLoad: 300000, script: 30000}}
Session ID: 055d0f1f-16b1-4577-b4c8-1028878473d8
*** Element info: {Using=xpath, value=//div[@id=&#039;footer&#039;]//a[contains(text(),&#039;Careers&#039;)]}">
      <![CDATA[org.openqa.selenium.NoSuchWindowException: Currently focused window has been closed.
Build info: version: '4.0.0-alpha-2', revision: 'f148142cf8', time: '2019-07-01T20:55:26'
System info: host: 'ATMECSINLT-283', ip: '55.55.52.215', os.name: 'Windows 10', os.arch: 'amd64', os.version: '10.0', java.version: '1.8.0_221'
Driver info: org.openqa.selenium.ie.InternetExplorerDriver
Capabilities {acceptInsecureCerts: false, browserName: internet explorer, browserVersion: 11, javascriptEnabled: true, pageLoadStrategy: normal, platform: WINDOWS, platformName: WINDOWS, proxy: Proxy(), se:ieOptions: {browserAttachTimeout: 0, elementScrollBehavior: 0, enablePersistentHover: true, ie.browserCommandLineSwitches: , ie.ensureCleanSession: false, ie.fileUploadDialogTimeout: 3000, ie.forceCreateProcessApi: false, ignoreProtectedModeSettings: false, ignoreZoomSetting: false, initialBrowserUrl: http://localhost:2124/, nativeEvents: true, requireWindowFocus: false}, setWindowRect: true, timeouts: {implicit: 0, pageLoad: 300000, script: 30000}}
Session ID: 055d0f1f-16b1-4577-b4c8-1028878473d8
*** Element info: {Using=xpath, value=//div[@id='footer']//a[contains(text(),'Careers')]}
at sun.reflect.GeneratedConstructorAccessor25.newInstance(Unknown Source)
at sun.reflect.DelegatingConstructorAccessorImpl.newInstance(DelegatingConstructorAccessorImpl.java:45)
at java.lang.reflect.Constructor.newInstance(Constructor.java:423)
at org.openqa.selenium.remote.codec.w3c.W3CHttpResponseCodec.createException(W3CHttpResponseCodec.java:191)
at org.openqa.selenium.remote.codec.w3c.W3CHttpResponseCodec.decode(W3CHttpResponseCodec.java:125)
at org.openqa.selenium.remote.codec.w3c.W3CHttpResponseCodec.decode(W3CHttpResponseCodec.java:52)
at org.openqa.selenium.remote.HttpCommandExecutor.execute(HttpCommandExecutor.java:161)
at org.openqa.selenium.remote.service.DriverCommandExecutor.execute(DriverCommandExecutor.java:83)
at org.openqa.selenium.remote.RemoteWebDriver.execute(RemoteWebDriver.java:576)
at org.openqa.selenium.remote.RemoteWebDriver.findElement(RemoteWebDriver.java:327)
at org.openqa.selenium.remote.RemoteWebDriver.findElementByXPath(RemoteWebDriver.java:445)
at org.openqa.selenium.By$ByXPath.findElement(By.java:353)
at org.openqa.selenium.remote.RemoteWebDriver.findElement(RemoteWebDriver.java:319)
at com.atmecs.helper.CommonUtility.locatorsType(CommonUtility.java:49)
at com.atmecs.helper.CommonUtility$4.apply(CommonUtility.java:180)
at com.atmecs.helper.CommonUtility$4.apply(CommonUtility.java:1)
at org.openqa.selenium.support.ui.FluentWait.until(FluentWait.java:211)
at com.atmecs.helper.CommonUtility.getText(CommonUtility.java:177)
at com.atmecs.general.AtmecsHomePage.isFooterPresent(AtmecsHomePage.java:80)
at com.atmecs.testscript.AtmecsHomePageScript.validatePartnerFooter(AtmecsHomePageScript.java:61)
at sun.reflect.NativeMethodAccessorImpl.invoke0(Native Method)
at sun.reflect.NativeMethodAccessorImpl.invoke(NativeMethodAccessorImpl.java:62)
at sun.reflect.DelegatingMethodAccessorImpl.invoke(DelegatingMethodAccessorImpl.java:43)
at java.lang.reflect.Method.invoke(Method.java:498)
at org.testng.internal.MethodInvocationHelper.invokeMethod(MethodInvocationHelper.java:133)
at org.testng.internal.TestInvoker.invokeMethod(TestInvoker.java:584)
at org.testng.internal.TestInvoker.invokeTestMethod(TestInvoker.java:172)
at org.testng.internal.MethodRunner.runInSequence(MethodRunner.java:46)
at org.testng.internal.TestInvoker$MethodInvocationAgent.invoke(TestInvoker.java:804)
at org.testng.internal.TestInvoker.invokeTestMethods(TestInvoker.java:145)
at org.testng.internal.TestMethodWorker.invokeTestMethods(TestMethodWorker.java:146)
at org.testng.internal.TestMethodWorker.run(TestMethodWorker.java:128)
at java.util.ArrayList.forEach(ArrayList.java:1257)
at org.testng.TestRunner.privateRun(TestRunner.java:770)
at org.testng.TestRunner.run(TestRunner.java:591)
at org.testng.SuiteRunner.runTest(SuiteRunner.java:402)
at org.testng.SuiteRunner.runSequentially(SuiteRunner.java:396)
at org.testng.SuiteRunner.privateRun(SuiteRunner.java:355)
at org.testng.SuiteRunner.run(SuiteRunner.java:304)
at org.testng.SuiteRunnerWorker.runSuite(SuiteRunnerWorker.java:53)
at org.testng.SuiteRunnerWorker.run(SuiteRunnerWorker.java:96)
at org.testng.TestNG.runSuitesSequentially(TestNG.java:1180)
at org.testng.TestNG.runSuitesLocally(TestNG.java:1102)
at org.testng.TestNG.runSuites(TestNG.java:1032)
at org.testng.TestNG.run(TestNG.java:1000)
at org.testng.remote.AbstractRemoteTestNG.run(AbstractRemoteTestNG.java:115)
at org.testng.remote.RemoteTestNG.initAndRun(RemoteTestNG.java:251)
at org.testng.remote.RemoteTestNG.main(RemoteTestNG.java:77)
]]>
    </error>
  </testcase> <!-- validatePartnerFooter -->
  <testcase name="validatePartnerFooter" time="0.038" classname="com.atmecs.testscript.AtmecsHomePageScript">
    <error type="org.openqa.selenium.NoSuchWindowException" message="Currently focused window has been closed.
Build info: version: &#039;4.0.0-alpha-2&#039;, revision: &#039;f148142cf8&#039;, time: &#039;2019-07-01T20:55:26&#039;
System info: host: &#039;ATMECSINLT-283&#039;, ip: &#039;55.55.52.215&#039;, os.name: &#039;Windows 10&#039;, os.arch: &#039;amd64&#039;, os.version: &#039;10.0&#039;, java.version: &#039;1.8.0_221&#039;
Driver info: org.openqa.selenium.ie.InternetExplorerDriver
Capabilities {acceptInsecureCerts: false, browserName: internet explorer, browserVersion: 11, javascriptEnabled: true, pageLoadStrategy: normal, platform: WINDOWS, platformName: WINDOWS, proxy: Proxy(), se:ieOptions: {browserAttachTimeout: 0, elementScrollBehavior: 0, enablePersistentHover: true, ie.browserCommandLineSwitches: , ie.ensureCleanSession: false, ie.fileUploadDialogTimeout: 3000, ie.forceCreateProcessApi: false, ignoreProtectedModeSettings: false, ignoreZoomSetting: false, initialBrowserUrl: http://localhost:2124/, nativeEvents: true, requireWindowFocus: false}, setWindowRect: true, timeouts: {implicit: 0, pageLoad: 300000, script: 30000}}
Session ID: 055d0f1f-16b1-4577-b4c8-1028878473d8
*** Element info: {Using=xpath, value=//div[@id=&#039;footer&#039;]//a[contains(text(),&#039;Artificial Intelligence / Machine Learning&#039;)]}">
      <![CDATA[org.openqa.selenium.NoSuchWindowException: Currently focused window has been closed.
Build info: version: '4.0.0-alpha-2', revision: 'f148142cf8', time: '2019-07-01T20:55:26'
System info: host: 'ATMECSINLT-283', ip: '55.55.52.215', os.name: 'Windows 10', os.arch: 'amd64', os.version: '10.0', java.version: '1.8.0_221'
Driver info: org.openqa.selenium.ie.InternetExplorerDriver
Capabilities {acceptInsecureCerts: false, browserName: internet explorer, browserVersion: 11, javascriptEnabled: true, pageLoadStrategy: normal, platform: WINDOWS, platformName: WINDOWS, proxy: Proxy(), se:ieOptions: {browserAttachTimeout: 0, elementScrollBehavior: 0, enablePersistentHover: true, ie.browserCommandLineSwitches: , ie.ensureCleanSession: false, ie.fileUploadDialogTimeout: 3000, ie.forceCreateProcessApi: false, ignoreProtectedModeSettings: false, ignoreZoomSetting: false, initialBrowserUrl: http://localhost:2124/, nativeEvents: true, requireWindowFocus: false}, setWindowRect: true, timeouts: {implicit: 0, pageLoad: 300000, script: 30000}}
Session ID: 055d0f1f-16b1-4577-b4c8-1028878473d8
*** Element info: {Using=xpath, value=//div[@id='footer']//a[contains(text(),'Artificial Intelligence / Machine Learning')]}
at sun.reflect.GeneratedConstructorAccessor25.newInstance(Unknown Source)
at sun.reflect.DelegatingConstructorAccessorImpl.newInstance(DelegatingConstructorAccessorImpl.java:45)
at java.lang.reflect.Constructor.newInstance(Constructor.java:423)
at org.openqa.selenium.remote.codec.w3c.W3CHttpResponseCodec.createException(W3CHttpResponseCodec.java:191)
at org.openqa.selenium.remote.codec.w3c.W3CHttpResponseCodec.decode(W3CHttpResponseCodec.java:125)
at org.openqa.selenium.remote.codec.w3c.W3CHttpResponseCodec.decode(W3CHttpResponseCodec.java:52)
at org.openqa.selenium.remote.HttpCommandExecutor.execute(HttpCommandExecutor.java:161)
at org.openqa.selenium.remote.service.DriverCommandExecutor.execute(DriverCommandExecutor.java:83)
at org.openqa.selenium.remote.RemoteWebDriver.execute(RemoteWebDriver.java:576)
at org.openqa.selenium.remote.RemoteWebDriver.findElement(RemoteWebDriver.java:327)
at org.openqa.selenium.remote.RemoteWebDriver.findElementByXPath(RemoteWebDriver.java:445)
at org.openqa.selenium.By$ByXPath.findElement(By.java:353)
at org.openqa.selenium.remote.RemoteWebDriver.findElement(RemoteWebDriver.java:319)
at com.atmecs.helper.CommonUtility.locatorsType(CommonUtility.java:49)
at com.atmecs.helper.CommonUtility$4.apply(CommonUtility.java:180)
at com.atmecs.helper.CommonUtility$4.apply(CommonUtility.java:1)
at org.openqa.selenium.support.ui.FluentWait.until(FluentWait.java:211)
at com.atmecs.helper.CommonUtility.getText(CommonUtility.java:177)
at com.atmecs.general.AtmecsHomePage.isFooterPresent(AtmecsHomePage.java:80)
at com.atmecs.testscript.AtmecsHomePageScript.validatePartnerFooter(AtmecsHomePageScript.java:61)
at sun.reflect.GeneratedMethodAccessor4.invoke(Unknown Source)
at sun.reflect.DelegatingMethodAccessorImpl.invoke(DelegatingMethodAccessorImpl.java:43)
at java.lang.reflect.Method.invoke(Method.java:498)
at org.testng.internal.MethodInvocationHelper.invokeMethod(MethodInvocationHelper.java:133)
at org.testng.internal.TestInvoker.invokeMethod(TestInvoker.java:584)
at org.testng.internal.TestInvoker.invokeTestMethod(TestInvoker.java:172)
at org.testng.internal.MethodRunner.runInSequence(MethodRunner.java:46)
at org.testng.internal.TestInvoker$MethodInvocationAgent.invoke(TestInvoker.java:804)
at org.testng.internal.TestInvoker.invokeTestMethods(TestInvoker.java:145)
at org.testng.internal.TestMethodWorker.invokeTestMethods(TestMethodWorker.java:146)
at org.testng.internal.TestMethodWorker.run(TestMethodWorker.java:128)
at java.util.ArrayList.forEach(ArrayList.java:1257)
at org.testng.TestRunner.privateRun(TestRunner.java:770)
at org.testng.TestRunner.run(TestRunner.java:591)
at org.testng.SuiteRunner.runTest(SuiteRunner.java:402)
at org.testng.SuiteRunner.runSequentially(SuiteRunner.java:396)
at org.testng.SuiteRunner.privateRun(SuiteRunner.java:355)
at org.testng.SuiteRunner.run(SuiteRunner.java:304)
at org.testng.SuiteRunnerWorker.runSuite(SuiteRunnerWorker.java:53)
at org.testng.SuiteRunnerWorker.run(SuiteRunnerWorker.java:96)
at org.testng.TestNG.runSuitesSequentially(TestNG.java:1180)
at org.testng.TestNG.runSuitesLocally(TestNG.java:1102)
at org.testng.TestNG.runSuites(TestNG.java:1032)
at org.testng.TestNG.run(TestNG.java:1000)
at org.testng.remote.AbstractRemoteTestNG.run(AbstractRemoteTestNG.java:115)
at org.testng.remote.RemoteTestNG.initAndRun(RemoteTestNG.java:251)
at org.testng.remote.RemoteTestNG.main(RemoteTestNG.java:77)
]]>
    </error>
  </testcase> <!-- validatePartnerFooter -->
  <testcase name="validatePartnerFooter" time="0.022" classname="com.atmecs.testscript.AtmecsHomePageScript">
    <error type="org.openqa.selenium.NoSuchWindowException" message="Currently focused window has been closed.
Build info: version: &#039;4.0.0-alpha-2&#039;, revision: &#039;f148142cf8&#039;, time: &#039;2019-07-01T20:55:26&#039;
System info: host: &#039;ATMECSINLT-283&#039;, ip: &#039;55.55.52.215&#039;, os.name: &#039;Windows 10&#039;, os.arch: &#039;amd64&#039;, os.version: &#039;10.0&#039;, java.version: &#039;1.8.0_221&#039;
Driver info: org.openqa.selenium.ie.InternetExplorerDriver
Capabilities {acceptInsecureCerts: false, browserName: internet explorer, browserVersion: 11, javascriptEnabled: true, pageLoadStrategy: normal, platform: WINDOWS, platformName: WINDOWS, proxy: Proxy(), se:ieOptions: {browserAttachTimeout: 0, elementScrollBehavior: 0, enablePersistentHover: true, ie.browserCommandLineSwitches: , ie.ensureCleanSession: false, ie.fileUploadDialogTimeout: 3000, ie.forceCreateProcessApi: false, ignoreProtectedModeSettings: false, ignoreZoomSetting: false, initialBrowserUrl: http://localhost:2124/, nativeEvents: true, requireWindowFocus: false}, setWindowRect: true, timeouts: {implicit: 0, pageLoad: 300000, script: 30000}}
Session ID: 055d0f1f-16b1-4577-b4c8-1028878473d8
*** Element info: {Using=xpath, value=//div[@id=&#039;footer&#039;]//a[contains(text(),&#039;Services&#039;)]}">
      <![CDATA[org.openqa.selenium.NoSuchWindowException: Currently focused window has been closed.
Build info: version: '4.0.0-alpha-2', revision: 'f148142cf8', time: '2019-07-01T20:55:26'
System info: host: 'ATMECSINLT-283', ip: '55.55.52.215', os.name: 'Windows 10', os.arch: 'amd64', os.version: '10.0', java.version: '1.8.0_221'
Driver info: org.openqa.selenium.ie.InternetExplorerDriver
Capabilities {acceptInsecureCerts: false, browserName: internet explorer, browserVersion: 11, javascriptEnabled: true, pageLoadStrategy: normal, platform: WINDOWS, platformName: WINDOWS, proxy: Proxy(), se:ieOptions: {browserAttachTimeout: 0, elementScrollBehavior: 0, enablePersistentHover: true, ie.browserCommandLineSwitches: , ie.ensureCleanSession: false, ie.fileUploadDialogTimeout: 3000, ie.forceCreateProcessApi: false, ignoreProtectedModeSettings: false, ignoreZoomSetting: false, initialBrowserUrl: http://localhost:2124/, nativeEvents: true, requireWindowFocus: false}, setWindowRect: true, timeouts: {implicit: 0, pageLoad: 300000, script: 30000}}
Session ID: 055d0f1f-16b1-4577-b4c8-1028878473d8
*** Element info: {Using=xpath, value=//div[@id='footer']//a[contains(text(),'Services')]}
at sun.reflect.GeneratedConstructorAccessor25.newInstance(Unknown Source)
at sun.reflect.DelegatingConstructorAccessorImpl.newInstance(DelegatingConstructorAccessorImpl.java:45)
at java.lang.reflect.Constructor.newInstance(Constructor.java:423)
at org.openqa.selenium.remote.codec.w3c.W3CHttpResponseCodec.createException(W3CHttpResponseCodec.java:191)
at org.openqa.selenium.remote.codec.w3c.W3CHttpResponseCodec.decode(W3CHttpResponseCodec.java:125)
at org.openqa.selenium.remote.codec.w3c.W3CHttpResponseCodec.decode(W3CHttpResponseCodec.java:52)
at org.openqa.selenium.remote.HttpCommandExecutor.execute(HttpCommandExecutor.java:161)
at org.openqa.selenium.remote.service.DriverCommandExecutor.execute(DriverCommandExecutor.java:83)
at org.openqa.selenium.remote.RemoteWebDriver.execute(RemoteWebDriver.java:576)
at org.openqa.selenium.remote.RemoteWebDriver.findElement(RemoteWebDriver.java:327)
at org.openqa.selenium.remote.RemoteWebDriver.findElementByXPath(RemoteWebDriver.java:445)
at org.openqa.selenium.By$ByXPath.findElement(By.java:353)
at org.openqa.selenium.remote.RemoteWebDriver.findElement(RemoteWebDriver.java:319)
at com.atmecs.helper.CommonUtility.locatorsType(CommonUtility.java:49)
at com.atmecs.helper.CommonUtility$4.apply(CommonUtility.java:180)
at com.atmecs.helper.CommonUtility$4.apply(CommonUtility.java:1)
at org.openqa.selenium.support.ui.FluentWait.until(FluentWait.java:211)
at com.atmecs.helper.CommonUtility.getText(CommonUtility.java:177)
at com.atmecs.general.AtmecsHomePage.isFooterPresent(AtmecsHomePage.java:80)
at com.atmecs.testscript.AtmecsHomePageScript.validatePartnerFooter(AtmecsHomePageScript.java:61)
at sun.reflect.NativeMethodAccessorImpl.invoke0(Native Method)
at sun.reflect.NativeMethodAccessorImpl.invoke(NativeMethodAccessorImpl.java:62)
at sun.reflect.DelegatingMethodAccessorImpl.invoke(DelegatingMethodAccessorImpl.java:43)
at java.lang.reflect.Method.invoke(Method.java:498)
at org.testng.internal.MethodInvocationHelper.invokeMethod(MethodInvocationHelper.java:133)
at org.testng.internal.TestInvoker.invokeMethod(TestInvoker.java:584)
at org.testng.internal.TestInvoker.invokeTestMethod(TestInvoker.java:172)
at org.testng.internal.MethodRunner.runInSequence(MethodRunner.java:46)
at org.testng.internal.TestInvoker$MethodInvocationAgent.invoke(TestInvoker.java:804)
at org.testng.internal.TestInvoker.invokeTestMethods(TestInvoker.java:145)
at org.testng.internal.TestMethodWorker.invokeTestMethods(TestMethodWorker.java:146)
at org.testng.internal.TestMethodWorker.run(TestMethodWorker.java:128)
at java.util.ArrayList.forEach(ArrayList.java:1257)
at org.testng.TestRunner.privateRun(TestRunner.java:770)
at org.testng.TestRunner.run(TestRunner.java:591)
at org.testng.SuiteRunner.runTest(SuiteRunner.java:402)
at org.testng.SuiteRunner.runSequentially(SuiteRunner.java:396)
at org.testng.SuiteRunner.privateRun(SuiteRunner.java:355)
at org.testng.SuiteRunner.run(SuiteRunner.java:304)
at org.testng.SuiteRunnerWorker.runSuite(SuiteRunnerWorker.java:53)
at org.testng.SuiteRunnerWorker.run(SuiteRunnerWorker.java:96)
at org.testng.TestNG.runSuitesSequentially(TestNG.java:1180)
at org.testng.TestNG.runSuitesLocally(TestNG.java:1102)
at org.testng.TestNG.runSuites(TestNG.java:1032)
at org.testng.TestNG.run(TestNG.java:1000)
at org.testng.remote.AbstractRemoteTestNG.run(AbstractRemoteTestNG.java:115)
at org.testng.remote.RemoteTestNG.initAndRun(RemoteTestNG.java:251)
at org.testng.remote.RemoteTestNG.main(RemoteTestNG.java:77)
]]>
    </error>
  </testcase> <!-- validatePartnerFooter -->
  <testcase name="validatePartnerFooter" time="0.030" classname="com.atmecs.testscript.AtmecsHomePageScript">
    <error type="org.openqa.selenium.NoSuchWindowException" message="Currently focused window has been closed.
Build info: version: &#039;4.0.0-alpha-2&#039;, revision: &#039;f148142cf8&#039;, time: &#039;2019-07-01T20:55:26&#039;
System info: host: &#039;ATMECSINLT-283&#039;, ip: &#039;55.55.52.215&#039;, os.name: &#039;Windows 10&#039;, os.arch: &#039;amd64&#039;, os.version: &#039;10.0&#039;, java.version: &#039;1.8.0_221&#039;
Driver info: org.openqa.selenium.ie.InternetExplorerDriver
Capabilities {acceptInsecureCerts: false, browserName: internet explorer, browserVersion: 11, javascriptEnabled: true, pageLoadStrategy: normal, platform: WINDOWS, platformName: WINDOWS, proxy: Proxy(), se:ieOptions: {browserAttachTimeout: 0, elementScrollBehavior: 0, enablePersistentHover: true, ie.browserCommandLineSwitches: , ie.ensureCleanSession: false, ie.fileUploadDialogTimeout: 3000, ie.forceCreateProcessApi: false, ignoreProtectedModeSettings: false, ignoreZoomSetting: false, initialBrowserUrl: http://localhost:2124/, nativeEvents: true, requireWindowFocus: false}, setWindowRect: true, timeouts: {implicit: 0, pageLoad: 300000, script: 30000}}
Session ID: 055d0f1f-16b1-4577-b4c8-1028878473d8
*** Element info: {Using=xpath, value=//div[@id=&#039;footer&#039;]//a[contains(text(),&#039;About Us&#039;)]}">
      <![CDATA[org.openqa.selenium.NoSuchWindowException: Currently focused window has been closed.
Build info: version: '4.0.0-alpha-2', revision: 'f148142cf8', time: '2019-07-01T20:55:26'
System info: host: 'ATMECSINLT-283', ip: '55.55.52.215', os.name: 'Windows 10', os.arch: 'amd64', os.version: '10.0', java.version: '1.8.0_221'
Driver info: org.openqa.selenium.ie.InternetExplorerDriver
Capabilities {acceptInsecureCerts: false, browserName: internet explorer, browserVersion: 11, javascriptEnabled: true, pageLoadStrategy: normal, platform: WINDOWS, platformName: WINDOWS, proxy: Proxy(), se:ieOptions: {browserAttachTimeout: 0, elementScrollBehavior: 0, enablePersistentHover: true, ie.browserCommandLineSwitches: , ie.ensureCleanSession: false, ie.fileUploadDialogTimeout: 3000, ie.forceCreateProcessApi: false, ignoreProtectedModeSettings: false, ignoreZoomSetting: false, initialBrowserUrl: http://localhost:2124/, nativeEvents: true, requireWindowFocus: false}, setWindowRect: true, timeouts: {implicit: 0, pageLoad: 300000, script: 30000}}
Session ID: 055d0f1f-16b1-4577-b4c8-1028878473d8
*** Element info: {Using=xpath, value=//div[@id='footer']//a[contains(text(),'About Us')]}
at sun.reflect.GeneratedConstructorAccessor25.newInstance(Unknown Source)
at sun.reflect.DelegatingConstructorAccessorImpl.newInstance(DelegatingConstructorAccessorImpl.java:45)
at java.lang.reflect.Constructor.newInstance(Constructor.java:423)
at org.openqa.selenium.remote.codec.w3c.W3CHttpResponseCodec.createException(W3CHttpResponseCodec.java:191)
at org.openqa.selenium.remote.codec.w3c.W3CHttpResponseCodec.decode(W3CHttpResponseCodec.java:125)
at org.openqa.selenium.remote.codec.w3c.W3CHttpResponseCodec.decode(W3CHttpResponseCodec.java:52)
at org.openqa.selenium.remote.HttpCommandExecutor.execute(HttpCommandExecutor.java:161)
at org.openqa.selenium.remote.service.DriverCommandExecutor.execute(DriverCommandExecutor.java:83)
at org.openqa.selenium.remote.RemoteWebDriver.execute(RemoteWebDriver.java:576)
at org.openqa.selenium.remote.RemoteWebDriver.findElement(RemoteWebDriver.java:327)
at org.openqa.selenium.remote.RemoteWebDriver.findElementByXPath(RemoteWebDriver.java:445)
at org.openqa.selenium.By$ByXPath.findElement(By.java:353)
at org.openqa.selenium.remote.RemoteWebDriver.findElement(RemoteWebDriver.java:319)
at com.atmecs.helper.CommonUtility.locatorsType(CommonUtility.java:49)
at com.atmecs.helper.CommonUtility$4.apply(CommonUtility.java:180)
at com.atmecs.helper.CommonUtility$4.apply(CommonUtility.java:1)
at org.openqa.selenium.support.ui.FluentWait.until(FluentWait.java:211)
at com.atmecs.helper.CommonUtility.getText(CommonUtility.java:177)
at com.atmecs.general.AtmecsHomePage.isFooterPresent(AtmecsHomePage.java:80)
at com.atmecs.testscript.AtmecsHomePageScript.validatePartnerFooter(AtmecsHomePageScript.java:61)
at sun.reflect.NativeMethodAccessorImpl.invoke0(Native Method)
at sun.reflect.NativeMethodAccessorImpl.invoke(NativeMethodAccessorImpl.java:62)
at sun.reflect.DelegatingMethodAccessorImpl.invoke(DelegatingMethodAccessorImpl.java:43)
at java.lang.reflect.Method.invoke(Method.java:498)
at org.testng.internal.MethodInvocationHelper.invokeMethod(MethodInvocationHelper.java:133)
at org.testng.internal.TestInvoker.invokeMethod(TestInvoker.java:584)
at org.testng.internal.TestInvoker.invokeTestMethod(TestInvoker.java:172)
at org.testng.internal.MethodRunner.runInSequence(MethodRunner.java:46)
at org.testng.internal.TestInvoker$MethodInvocationAgent.invoke(TestInvoker.java:804)
at org.testng.internal.TestInvoker.invokeTestMethods(TestInvoker.java:145)
at org.testng.internal.TestMethodWorker.invokeTestMethods(TestMethodWorker.java:146)
at org.testng.internal.TestMethodWorker.run(TestMethodWorker.java:128)
at java.util.ArrayList.forEach(ArrayList.java:1257)
at org.testng.TestRunner.privateRun(TestRunner.java:770)
at org.testng.TestRunner.run(TestRunner.java:591)
at org.testng.SuiteRunner.runTest(SuiteRunner.java:402)
at org.testng.SuiteRunner.runSequentially(SuiteRunner.java:396)
at org.testng.SuiteRunner.privateRun(SuiteRunner.java:355)
at org.testng.SuiteRunner.run(SuiteRunner.java:304)
at org.testng.SuiteRunnerWorker.runSuite(SuiteRunnerWorker.java:53)
at org.testng.SuiteRunnerWorker.run(SuiteRunnerWorker.java:96)
at org.testng.TestNG.runSuitesSequentially(TestNG.java:1180)
at org.testng.TestNG.runSuitesLocally(TestNG.java:1102)
at org.testng.TestNG.runSuites(TestNG.java:1032)
at org.testng.TestNG.run(TestNG.java:1000)
at org.testng.remote.AbstractRemoteTestNG.run(AbstractRemoteTestNG.java:115)
at org.testng.remote.RemoteTestNG.initAndRun(RemoteTestNG.java:251)
at org.testng.remote.RemoteTestNG.main(RemoteTestNG.java:77)
]]>
    </error>
  </testcase> <!-- validatePartnerFooter -->
  <testcase name="validatePartnerFooter" time="0.026" classname="com.atmecs.testscript.AtmecsHomePageScript">
    <error type="org.openqa.selenium.NoSuchWindowException" message="Currently focused window has been closed.
Build info: version: &#039;4.0.0-alpha-2&#039;, revision: &#039;f148142cf8&#039;, time: &#039;2019-07-01T20:55:26&#039;
System info: host: &#039;ATMECSINLT-283&#039;, ip: &#039;55.55.52.215&#039;, os.name: &#039;Windows 10&#039;, os.arch: &#039;amd64&#039;, os.version: &#039;10.0&#039;, java.version: &#039;1.8.0_221&#039;
Driver info: org.openqa.selenium.ie.InternetExplorerDriver
Capabilities {acceptInsecureCerts: false, browserName: internet explorer, browserVersion: 11, javascriptEnabled: true, pageLoadStrategy: normal, platform: WINDOWS, platformName: WINDOWS, proxy: Proxy(), se:ieOptions: {browserAttachTimeout: 0, elementScrollBehavior: 0, enablePersistentHover: true, ie.browserCommandLineSwitches: , ie.ensureCleanSession: false, ie.fileUploadDialogTimeout: 3000, ie.forceCreateProcessApi: false, ignoreProtectedModeSettings: false, ignoreZoomSetting: false, initialBrowserUrl: http://localhost:2124/, nativeEvents: true, requireWindowFocus: false}, setWindowRect: true, timeouts: {implicit: 0, pageLoad: 300000, script: 30000}}
Session ID: 055d0f1f-16b1-4577-b4c8-1028878473d8
*** Element info: {Using=xpath, value=//div[@id=&#039;footer&#039;]//a[contains(text(),&#039;Home&#039;)]}">
      <![CDATA[org.openqa.selenium.NoSuchWindowException: Currently focused window has been closed.
Build info: version: '4.0.0-alpha-2', revision: 'f148142cf8', time: '2019-07-01T20:55:26'
System info: host: 'ATMECSINLT-283', ip: '55.55.52.215', os.name: 'Windows 10', os.arch: 'amd64', os.version: '10.0', java.version: '1.8.0_221'
Driver info: org.openqa.selenium.ie.InternetExplorerDriver
Capabilities {acceptInsecureCerts: false, browserName: internet explorer, browserVersion: 11, javascriptEnabled: true, pageLoadStrategy: normal, platform: WINDOWS, platformName: WINDOWS, proxy: Proxy(), se:ieOptions: {browserAttachTimeout: 0, elementScrollBehavior: 0, enablePersistentHover: true, ie.browserCommandLineSwitches: , ie.ensureCleanSession: false, ie.fileUploadDialogTimeout: 3000, ie.forceCreateProcessApi: false, ignoreProtectedModeSettings: false, ignoreZoomSetting: false, initialBrowserUrl: http://localhost:2124/, nativeEvents: true, requireWindowFocus: false}, setWindowRect: true, timeouts: {implicit: 0, pageLoad: 300000, script: 30000}}
Session ID: 055d0f1f-16b1-4577-b4c8-1028878473d8
*** Element info: {Using=xpath, value=//div[@id='footer']//a[contains(text(),'Home')]}
at sun.reflect.GeneratedConstructorAccessor25.newInstance(Unknown Source)
at sun.reflect.DelegatingConstructorAccessorImpl.newInstance(DelegatingConstructorAccessorImpl.java:45)
at java.lang.reflect.Constructor.newInstance(Constructor.java:423)
at org.openqa.selenium.remote.codec.w3c.W3CHttpResponseCodec.createException(W3CHttpResponseCodec.java:191)
at org.openqa.selenium.remote.codec.w3c.W3CHttpResponseCodec.decode(W3CHttpResponseCodec.java:125)
at org.openqa.selenium.remote.codec.w3c.W3CHttpResponseCodec.decode(W3CHttpResponseCodec.java:52)
at org.openqa.selenium.remote.HttpCommandExecutor.execute(HttpCommandExecutor.java:161)
at org.openqa.selenium.remote.service.DriverCommandExecutor.execute(DriverCommandExecutor.java:83)
at org.openqa.selenium.remote.RemoteWebDriver.execute(RemoteWebDriver.java:576)
at org.openqa.selenium.remote.RemoteWebDriver.findElement(RemoteWebDriver.java:327)
at org.openqa.selenium.remote.RemoteWebDriver.findElementByXPath(RemoteWebDriver.java:445)
at org.openqa.selenium.By$ByXPath.findElement(By.java:353)
at org.openqa.selenium.remote.RemoteWebDriver.findElement(RemoteWebDriver.java:319)
at com.atmecs.helper.CommonUtility.locatorsType(CommonUtility.java:49)
at com.atmecs.helper.CommonUtility$4.apply(CommonUtility.java:180)
at com.atmecs.helper.CommonUtility$4.apply(CommonUtility.java:1)
at org.openqa.selenium.support.ui.FluentWait.until(FluentWait.java:211)
at com.atmecs.helper.CommonUtility.getText(CommonUtility.java:177)
at com.atmecs.general.AtmecsHomePage.isFooterPresent(AtmecsHomePage.java:80)
at com.atmecs.testscript.AtmecsHomePageScript.validatePartnerFooter(AtmecsHomePageScript.java:61)
at sun.reflect.NativeMethodAccessorImpl.invoke0(Native Method)
at sun.reflect.NativeMethodAccessorImpl.invoke(NativeMethodAccessorImpl.java:62)
at sun.reflect.DelegatingMethodAccessorImpl.invoke(DelegatingMethodAccessorImpl.java:43)
at java.lang.reflect.Method.invoke(Method.java:498)
at org.testng.internal.MethodInvocationHelper.invokeMethod(MethodInvocationHelper.java:133)
at org.testng.internal.TestInvoker.invokeMethod(TestInvoker.java:584)
at org.testng.internal.TestInvoker.invokeTestMethod(TestInvoker.java:172)
at org.testng.internal.MethodRunner.runInSequence(MethodRunner.java:46)
at org.testng.internal.TestInvoker$MethodInvocationAgent.invoke(TestInvoker.java:804)
at org.testng.internal.TestInvoker.invokeTestMethods(TestInvoker.java:145)
at org.testng.internal.TestMethodWorker.invokeTestMethods(TestMethodWorker.java:146)
at org.testng.internal.TestMethodWorker.run(TestMethodWorker.java:128)
at java.util.ArrayList.forEach(ArrayList.java:1257)
at org.testng.TestRunner.privateRun(TestRunner.java:770)
at org.testng.TestRunner.run(TestRunner.java:591)
at org.testng.SuiteRunner.runTest(SuiteRunner.java:402)
at org.testng.SuiteRunner.runSequentially(SuiteRunner.java:396)
at org.testng.SuiteRunner.privateRun(SuiteRunner.java:355)
at org.testng.SuiteRunner.run(SuiteRunner.java:304)
at org.testng.SuiteRunnerWorker.runSuite(SuiteRunnerWorker.java:53)
at org.testng.SuiteRunnerWorker.run(SuiteRunnerWorker.java:96)
at org.testng.TestNG.runSuitesSequentially(TestNG.java:1180)
at org.testng.TestNG.runSuitesLocally(TestNG.java:1102)
at org.testng.TestNG.runSuites(TestNG.java:1032)
at org.testng.TestNG.run(TestNG.java:1000)
at org.testng.remote.AbstractRemoteTestNG.run(AbstractRemoteTestNG.java:115)
at org.testng.remote.RemoteTestNG.initAndRun(RemoteTestNG.java:251)
at org.testng.remote.RemoteTestNG.main(RemoteTestNG.java:77)
]]>
    </error>
  </testcase> <!-- validatePartnerFooter -->
  <testcase name="validatePartnerFooter" time="0.035" classname="com.atmecs.testscript.AtmecsHomePageScript">
    <error type="org.openqa.selenium.NoSuchWindowException" message="Currently focused window has been closed.
Build info: version: &#039;4.0.0-alpha-2&#039;, revision: &#039;f148142cf8&#039;, time: &#039;2019-07-01T20:55:26&#039;
System info: host: &#039;ATMECSINLT-283&#039;, ip: &#039;55.55.52.215&#039;, os.name: &#039;Windows 10&#039;, os.arch: &#039;amd64&#039;, os.version: &#039;10.0&#039;, java.version: &#039;1.8.0_221&#039;
Driver info: org.openqa.selenium.ie.InternetExplorerDriver
Capabilities {acceptInsecureCerts: false, browserName: internet explorer, browserVersion: 11, javascriptEnabled: true, pageLoadStrategy: normal, platform: WINDOWS, platformName: WINDOWS, proxy: Proxy(), se:ieOptions: {browserAttachTimeout: 0, elementScrollBehavior: 0, enablePersistentHover: true, ie.browserCommandLineSwitches: , ie.ensureCleanSession: false, ie.fileUploadDialogTimeout: 3000, ie.forceCreateProcessApi: false, ignoreProtectedModeSettings: false, ignoreZoomSetting: false, initialBrowserUrl: http://localhost:2124/, nativeEvents: true, requireWindowFocus: false}, setWindowRect: true, timeouts: {implicit: 0, pageLoad: 300000, script: 30000}}
Session ID: 055d0f1f-16b1-4577-b4c8-1028878473d8
*** Element info: {Using=xpath, value=//div[@id=&#039;footer&#039;]//a[contains(text(),&#039;DevOps Engineer&#039;)]}">
      <![CDATA[org.openqa.selenium.NoSuchWindowException: Currently focused window has been closed.
Build info: version: '4.0.0-alpha-2', revision: 'f148142cf8', time: '2019-07-01T20:55:26'
System info: host: 'ATMECSINLT-283', ip: '55.55.52.215', os.name: 'Windows 10', os.arch: 'amd64', os.version: '10.0', java.version: '1.8.0_221'
Driver info: org.openqa.selenium.ie.InternetExplorerDriver
Capabilities {acceptInsecureCerts: false, browserName: internet explorer, browserVersion: 11, javascriptEnabled: true, pageLoadStrategy: normal, platform: WINDOWS, platformName: WINDOWS, proxy: Proxy(), se:ieOptions: {browserAttachTimeout: 0, elementScrollBehavior: 0, enablePersistentHover: true, ie.browserCommandLineSwitches: , ie.ensureCleanSession: false, ie.fileUploadDialogTimeout: 3000, ie.forceCreateProcessApi: false, ignoreProtectedModeSettings: false, ignoreZoomSetting: false, initialBrowserUrl: http://localhost:2124/, nativeEvents: true, requireWindowFocus: false}, setWindowRect: true, timeouts: {implicit: 0, pageLoad: 300000, script: 30000}}
Session ID: 055d0f1f-16b1-4577-b4c8-1028878473d8
*** Element info: {Using=xpath, value=//div[@id='footer']//a[contains(text(),'DevOps Engineer')]}
at sun.reflect.GeneratedConstructorAccessor25.newInstance(Unknown Source)
at sun.reflect.DelegatingConstructorAccessorImpl.newInstance(DelegatingConstructorAccessorImpl.java:45)
at java.lang.reflect.Constructor.newInstance(Constructor.java:423)
at org.openqa.selenium.remote.codec.w3c.W3CHttpResponseCodec.createException(W3CHttpResponseCodec.java:191)
at org.openqa.selenium.remote.codec.w3c.W3CHttpResponseCodec.decode(W3CHttpResponseCodec.java:125)
at org.openqa.selenium.remote.codec.w3c.W3CHttpResponseCodec.decode(W3CHttpResponseCodec.java:52)
at org.openqa.selenium.remote.HttpCommandExecutor.execute(HttpCommandExecutor.java:161)
at org.openqa.selenium.remote.service.DriverCommandExecutor.execute(DriverCommandExecutor.java:83)
at org.openqa.selenium.remote.RemoteWebDriver.execute(RemoteWebDriver.java:576)
at org.openqa.selenium.remote.RemoteWebDriver.findElement(RemoteWebDriver.java:327)
at org.openqa.selenium.remote.RemoteWebDriver.findElementByXPath(RemoteWebDriver.java:445)
at org.openqa.selenium.By$ByXPath.findElement(By.java:353)
at org.openqa.selenium.remote.RemoteWebDriver.findElement(RemoteWebDriver.java:319)
at com.atmecs.helper.CommonUtility.locatorsType(CommonUtility.java:49)
at com.atmecs.helper.CommonUtility$4.apply(CommonUtility.java:180)
at com.atmecs.helper.CommonUtility$4.apply(CommonUtility.java:1)
at org.openqa.selenium.support.ui.FluentWait.until(FluentWait.java:211)
at com.atmecs.helper.CommonUtility.getText(CommonUtility.java:177)
at com.atmecs.general.AtmecsHomePage.isFooterPresent(AtmecsHomePage.java:80)
at com.atmecs.testscript.AtmecsHomePageScript.validatePartnerFooter(AtmecsHomePageScript.java:61)
at sun.reflect.NativeMethodAccessorImpl.invoke0(Native Method)
at sun.reflect.NativeMethodAccessorImpl.invoke(NativeMethodAccessorImpl.java:62)
at sun.reflect.DelegatingMethodAccessorImpl.invoke(DelegatingMethodAccessorImpl.java:43)
at java.lang.reflect.Method.invoke(Method.java:498)
at org.testng.internal.MethodInvocationHelper.invokeMethod(MethodInvocationHelper.java:133)
at org.testng.internal.TestInvoker.invokeMethod(TestInvoker.java:584)
at org.testng.internal.TestInvoker.invokeTestMethod(TestInvoker.java:172)
at org.testng.internal.MethodRunner.runInSequence(MethodRunner.java:46)
at org.testng.internal.TestInvoker$MethodInvocationAgent.invoke(TestInvoker.java:804)
at org.testng.internal.TestInvoker.invokeTestMethods(TestInvoker.java:145)
at org.testng.internal.TestMethodWorker.invokeTestMethods(TestMethodWorker.java:146)
at org.testng.internal.TestMethodWorker.run(TestMethodWorker.java:128)
at java.util.ArrayList.forEach(ArrayList.java:1257)
at org.testng.TestRunner.privateRun(TestRunner.java:770)
at org.testng.TestRunner.run(TestRunner.java:591)
at org.testng.SuiteRunner.runTest(SuiteRunner.java:402)
at org.testng.SuiteRunner.runSequentially(SuiteRunner.java:396)
at org.testng.SuiteRunner.privateRun(SuiteRunner.java:355)
at org.testng.SuiteRunner.run(SuiteRunner.java:304)
at org.testng.SuiteRunnerWorker.runSuite(SuiteRunnerWorker.java:53)
at org.testng.SuiteRunnerWorker.run(SuiteRunnerWorker.java:96)
at org.testng.TestNG.runSuitesSequentially(TestNG.java:1180)
at org.testng.TestNG.runSuitesLocally(TestNG.java:1102)
at org.testng.TestNG.runSuites(TestNG.java:1032)
at org.testng.TestNG.run(TestNG.java:1000)
at org.testng.remote.AbstractRemoteTestNG.run(AbstractRemoteTestNG.java:115)
at org.testng.remote.RemoteTestNG.initAndRun(RemoteTestNG.java:251)
at org.testng.remote.RemoteTestNG.main(RemoteTestNG.java:77)
]]>
    </error>
  </testcase> <!-- validatePartnerFooter -->
  <testcase name="validatePartnerFooter" time="0.020" classname="com.atmecs.testscript.AtmecsHomePageScript">
    <error type="org.openqa.selenium.NoSuchWindowException" message="Currently focused window has been closed.
Build info: version: &#039;4.0.0-alpha-2&#039;, revision: &#039;f148142cf8&#039;, time: &#039;2019-07-01T20:55:26&#039;
System info: host: &#039;ATMECSINLT-283&#039;, ip: &#039;55.55.52.215&#039;, os.name: &#039;Windows 10&#039;, os.arch: &#039;amd64&#039;, os.version: &#039;10.0&#039;, java.version: &#039;1.8.0_221&#039;
Driver info: org.openqa.selenium.ie.InternetExplorerDriver
Capabilities {acceptInsecureCerts: false, browserName: internet explorer, browserVersion: 11, javascriptEnabled: true, pageLoadStrategy: normal, platform: WINDOWS, platformName: WINDOWS, proxy: Proxy(), se:ieOptions: {browserAttachTimeout: 0, elementScrollBehavior: 0, enablePersistentHover: true, ie.browserCommandLineSwitches: , ie.ensureCleanSession: false, ie.fileUploadDialogTimeout: 3000, ie.forceCreateProcessApi: false, ignoreProtectedModeSettings: false, ignoreZoomSetting: false, initialBrowserUrl: http://localhost:2124/, nativeEvents: true, requireWindowFocus: false}, setWindowRect: true, timeouts: {implicit: 0, pageLoad: 300000, script: 30000}}
Session ID: 055d0f1f-16b1-4577-b4c8-1028878473d8
*** Element info: {Using=xpath, value=//div[@id=&#039;footer&#039;]//a[contains(text(),&#039;Product Engineering&#039;)]}">
      <![CDATA[org.openqa.selenium.NoSuchWindowException: Currently focused window has been closed.
Build info: version: '4.0.0-alpha-2', revision: 'f148142cf8', time: '2019-07-01T20:55:26'
System info: host: 'ATMECSINLT-283', ip: '55.55.52.215', os.name: 'Windows 10', os.arch: 'amd64', os.version: '10.0', java.version: '1.8.0_221'
Driver info: org.openqa.selenium.ie.InternetExplorerDriver
Capabilities {acceptInsecureCerts: false, browserName: internet explorer, browserVersion: 11, javascriptEnabled: true, pageLoadStrategy: normal, platform: WINDOWS, platformName: WINDOWS, proxy: Proxy(), se:ieOptions: {browserAttachTimeout: 0, elementScrollBehavior: 0, enablePersistentHover: true, ie.browserCommandLineSwitches: , ie.ensureCleanSession: false, ie.fileUploadDialogTimeout: 3000, ie.forceCreateProcessApi: false, ignoreProtectedModeSettings: false, ignoreZoomSetting: false, initialBrowserUrl: http://localhost:2124/, nativeEvents: true, requireWindowFocus: false}, setWindowRect: true, timeouts: {implicit: 0, pageLoad: 300000, script: 30000}}
Session ID: 055d0f1f-16b1-4577-b4c8-1028878473d8
*** Element info: {Using=xpath, value=//div[@id='footer']//a[contains(text(),'Product Engineering')]}
at sun.reflect.GeneratedConstructorAccessor25.newInstance(Unknown Source)
at sun.reflect.DelegatingConstructorAccessorImpl.newInstance(DelegatingConstructorAccessorImpl.java:45)
at java.lang.reflect.Constructor.newInstance(Constructor.java:423)
at org.openqa.selenium.remote.codec.w3c.W3CHttpResponseCodec.createException(W3CHttpResponseCodec.java:191)
at org.openqa.selenium.remote.codec.w3c.W3CHttpResponseCodec.decode(W3CHttpResponseCodec.java:125)
at org.openqa.selenium.remote.codec.w3c.W3CHttpResponseCodec.decode(W3CHttpResponseCodec.java:52)
at org.openqa.selenium.remote.HttpCommandExecutor.execute(HttpCommandExecutor.java:161)
at org.openqa.selenium.remote.service.DriverCommandExecutor.execute(DriverCommandExecutor.java:83)
at org.openqa.selenium.remote.RemoteWebDriver.execute(RemoteWebDriver.java:576)
at org.openqa.selenium.remote.RemoteWebDriver.findElement(RemoteWebDriver.java:327)
at org.openqa.selenium.remote.RemoteWebDriver.findElementByXPath(RemoteWebDriver.java:445)
at org.openqa.selenium.By$ByXPath.findElement(By.java:353)
at org.openqa.selenium.remote.RemoteWebDriver.findElement(RemoteWebDriver.java:319)
at com.atmecs.helper.CommonUtility.locatorsType(CommonUtility.java:49)
at com.atmecs.helper.CommonUtility$4.apply(CommonUtility.java:180)
at com.atmecs.helper.CommonUtility$4.apply(CommonUtility.java:1)
at org.openqa.selenium.support.ui.FluentWait.until(FluentWait.java:211)
at com.atmecs.helper.CommonUtility.getText(CommonUtility.java:177)
at com.atmecs.general.AtmecsHomePage.isFooterPresent(AtmecsHomePage.java:80)
at com.atmecs.testscript.AtmecsHomePageScript.validatePartnerFooter(AtmecsHomePageScript.java:61)
at sun.reflect.GeneratedMethodAccessor4.invoke(Unknown Source)
at sun.reflect.DelegatingMethodAccessorImpl.invoke(DelegatingMethodAccessorImpl.java:43)
at java.lang.reflect.Method.invoke(Method.java:498)
at org.testng.internal.MethodInvocationHelper.invokeMethod(MethodInvocationHelper.java:133)
at org.testng.internal.TestInvoker.invokeMethod(TestInvoker.java:584)
at org.testng.internal.TestInvoker.invokeTestMethod(TestInvoker.java:172)
at org.testng.internal.MethodRunner.runInSequence(MethodRunner.java:46)
at org.testng.internal.TestInvoker$MethodInvocationAgent.invoke(TestInvoker.java:804)
at org.testng.internal.TestInvoker.invokeTestMethods(TestInvoker.java:145)
at org.testng.internal.TestMethodWorker.invokeTestMethods(TestMethodWorker.java:146)
at org.testng.internal.TestMethodWorker.run(TestMethodWorker.java:128)
at java.util.ArrayList.forEach(ArrayList.java:1257)
at org.testng.TestRunner.privateRun(TestRunner.java:770)
at org.testng.TestRunner.run(TestRunner.java:591)
at org.testng.SuiteRunner.runTest(SuiteRunner.java:402)
at org.testng.SuiteRunner.runSequentially(SuiteRunner.java:396)
at org.testng.SuiteRunner.privateRun(SuiteRunner.java:355)
at org.testng.SuiteRunner.run(SuiteRunner.java:304)
at org.testng.SuiteRunnerWorker.runSuite(SuiteRunnerWorker.java:53)
at org.testng.SuiteRunnerWorker.run(SuiteRunnerWorker.java:96)
at org.testng.TestNG.runSuitesSequentially(TestNG.java:1180)
at org.testng.TestNG.runSuitesLocally(TestNG.java:1102)
at org.testng.TestNG.runSuites(TestNG.java:1032)
at org.testng.TestNG.run(TestNG.java:1000)
at org.testng.remote.AbstractRemoteTestNG.run(AbstractRemoteTestNG.java:115)
at org.testng.remote.RemoteTestNG.initAndRun(RemoteTestNG.java:251)
at org.testng.remote.RemoteTestNG.main(RemoteTestNG.java:77)
]]>
    </error>
  </testcase> <!-- validatePartnerFooter -->
  <testcase name="validatePartnerFooter" time="0.021" classname="com.atmecs.testscript.AtmecsHomePageScript">
    <error type="org.openqa.selenium.NoSuchWindowException" message="Currently focused window has been closed.
Build info: version: &#039;4.0.0-alpha-2&#039;, revision: &#039;f148142cf8&#039;, time: &#039;2019-07-01T20:55:26&#039;
System info: host: &#039;ATMECSINLT-283&#039;, ip: &#039;55.55.52.215&#039;, os.name: &#039;Windows 10&#039;, os.arch: &#039;amd64&#039;, os.version: &#039;10.0&#039;, java.version: &#039;1.8.0_221&#039;
Driver info: org.openqa.selenium.ie.InternetExplorerDriver
Capabilities {acceptInsecureCerts: false, browserName: internet explorer, browserVersion: 11, javascriptEnabled: true, pageLoadStrategy: normal, platform: WINDOWS, platformName: WINDOWS, proxy: Proxy(), se:ieOptions: {browserAttachTimeout: 0, elementScrollBehavior: 0, enablePersistentHover: true, ie.browserCommandLineSwitches: , ie.ensureCleanSession: false, ie.fileUploadDialogTimeout: 3000, ie.forceCreateProcessApi: false, ignoreProtectedModeSettings: false, ignoreZoomSetting: false, initialBrowserUrl: http://localhost:2124/, nativeEvents: true, requireWindowFocus: false}, setWindowRect: true, timeouts: {implicit: 0, pageLoad: 300000, script: 30000}}
Session ID: 055d0f1f-16b1-4577-b4c8-1028878473d8
*** Element info: {Using=xpath, value=//div[@id=&#039;footer&#039;]//a[contains(text(),&#039;Contact Us&#039;)]}">
      <![CDATA[org.openqa.selenium.NoSuchWindowException: Currently focused window has been closed.
Build info: version: '4.0.0-alpha-2', revision: 'f148142cf8', time: '2019-07-01T20:55:26'
System info: host: 'ATMECSINLT-283', ip: '55.55.52.215', os.name: 'Windows 10', os.arch: 'amd64', os.version: '10.0', java.version: '1.8.0_221'
Driver info: org.openqa.selenium.ie.InternetExplorerDriver
Capabilities {acceptInsecureCerts: false, browserName: internet explorer, browserVersion: 11, javascriptEnabled: true, pageLoadStrategy: normal, platform: WINDOWS, platformName: WINDOWS, proxy: Proxy(), se:ieOptions: {browserAttachTimeout: 0, elementScrollBehavior: 0, enablePersistentHover: true, ie.browserCommandLineSwitches: , ie.ensureCleanSession: false, ie.fileUploadDialogTimeout: 3000, ie.forceCreateProcessApi: false, ignoreProtectedModeSettings: false, ignoreZoomSetting: false, initialBrowserUrl: http://localhost:2124/, nativeEvents: true, requireWindowFocus: false}, setWindowRect: true, timeouts: {implicit: 0, pageLoad: 300000, script: 30000}}
Session ID: 055d0f1f-16b1-4577-b4c8-1028878473d8
*** Element info: {Using=xpath, value=//div[@id='footer']//a[contains(text(),'Contact Us')]}
at sun.reflect.GeneratedConstructorAccessor25.newInstance(Unknown Source)
at sun.reflect.DelegatingConstructorAccessorImpl.newInstance(DelegatingConstructorAccessorImpl.java:45)
at java.lang.reflect.Constructor.newInstance(Constructor.java:423)
at org.openqa.selenium.remote.codec.w3c.W3CHttpResponseCodec.createException(W3CHttpResponseCodec.java:191)
at org.openqa.selenium.remote.codec.w3c.W3CHttpResponseCodec.decode(W3CHttpResponseCodec.java:125)
at org.openqa.selenium.remote.codec.w3c.W3CHttpResponseCodec.decode(W3CHttpResponseCodec.java:52)
at org.openqa.selenium.remote.HttpCommandExecutor.execute(HttpCommandExecutor.java:161)
at org.openqa.selenium.remote.service.DriverCommandExecutor.execute(DriverCommandExecutor.java:83)
at org.openqa.selenium.remote.RemoteWebDriver.execute(RemoteWebDriver.java:576)
at org.openqa.selenium.remote.RemoteWebDriver.findElement(RemoteWebDriver.java:327)
at org.openqa.selenium.remote.RemoteWebDriver.findElementByXPath(RemoteWebDriver.java:445)
at org.openqa.selenium.By$ByXPath.findElement(By.java:353)
at org.openqa.selenium.remote.RemoteWebDriver.findElement(RemoteWebDriver.java:319)
at com.atmecs.helper.CommonUtility.locatorsType(CommonUtility.java:49)
at com.atmecs.helper.CommonUtility$4.apply(CommonUtility.java:180)
at com.atmecs.helper.CommonUtility$4.apply(CommonUtility.java:1)
at org.openqa.selenium.support.ui.FluentWait.until(FluentWait.java:211)
at com.atmecs.helper.CommonUtility.getText(CommonUtility.java:177)
at com.atmecs.general.AtmecsHomePage.isFooterPresent(AtmecsHomePage.java:80)
at com.atmecs.testscript.AtmecsHomePageScript.validatePartnerFooter(AtmecsHomePageScript.java:61)
at sun.reflect.NativeMethodAccessorImpl.invoke0(Native Method)
at sun.reflect.NativeMethodAccessorImpl.invoke(NativeMethodAccessorImpl.java:62)
at sun.reflect.DelegatingMethodAccessorImpl.invoke(DelegatingMethodAccessorImpl.java:43)
at java.lang.reflect.Method.invoke(Method.java:498)
at org.testng.internal.MethodInvocationHelper.invokeMethod(MethodInvocationHelper.java:133)
at org.testng.internal.TestInvoker.invokeMethod(TestInvoker.java:584)
at org.testng.internal.TestInvoker.invokeTestMethod(TestInvoker.java:172)
at org.testng.internal.MethodRunner.runInSequence(MethodRunner.java:46)
at org.testng.internal.TestInvoker$MethodInvocationAgent.invoke(TestInvoker.java:804)
at org.testng.internal.TestInvoker.invokeTestMethods(TestInvoker.java:145)
at org.testng.internal.TestMethodWorker.invokeTestMethods(TestMethodWorker.java:146)
at org.testng.internal.TestMethodWorker.run(TestMethodWorker.java:128)
at java.util.ArrayList.forEach(ArrayList.java:1257)
at org.testng.TestRunner.privateRun(TestRunner.java:770)
at org.testng.TestRunner.run(TestRunner.java:591)
at org.testng.SuiteRunner.runTest(SuiteRunner.java:402)
at org.testng.SuiteRunner.runSequentially(SuiteRunner.java:396)
at org.testng.SuiteRunner.privateRun(SuiteRunner.java:355)
at org.testng.SuiteRunner.run(SuiteRunner.java:304)
at org.testng.SuiteRunnerWorker.runSuite(SuiteRunnerWorker.java:53)
at org.testng.SuiteRunnerWorker.run(SuiteRunnerWorker.java:96)
at org.testng.TestNG.runSuitesSequentially(TestNG.java:1180)
at org.testng.TestNG.runSuitesLocally(TestNG.java:1102)
at org.testng.TestNG.runSuites(TestNG.java:1032)
at org.testng.TestNG.run(TestNG.java:1000)
at org.testng.remote.AbstractRemoteTestNG.run(AbstractRemoteTestNG.java:115)
at org.testng.remote.RemoteTestNG.initAndRun(RemoteTestNG.java:251)
at org.testng.remote.RemoteTestNG.main(RemoteTestNG.java:77)
]]>
    </error>
  </testcase> <!-- validatePartnerFooter -->
  <testcase name="validatePartnerFooter" time="0.034" classname="com.atmecs.testscript.AtmecsHomePageScript">
    <error type="org.openqa.selenium.NoSuchWindowException" message="Currently focused window has been closed.
Build info: version: &#039;4.0.0-alpha-2&#039;, revision: &#039;f148142cf8&#039;, time: &#039;2019-07-01T20:55:26&#039;
System info: host: &#039;ATMECSINLT-283&#039;, ip: &#039;55.55.52.215&#039;, os.name: &#039;Windows 10&#039;, os.arch: &#039;amd64&#039;, os.version: &#039;10.0&#039;, java.version: &#039;1.8.0_221&#039;
Driver info: org.openqa.selenium.ie.InternetExplorerDriver
Capabilities {acceptInsecureCerts: false, browserName: internet explorer, browserVersion: 11, javascriptEnabled: true, pageLoadStrategy: normal, platform: WINDOWS, platformName: WINDOWS, proxy: Proxy(), se:ieOptions: {browserAttachTimeout: 0, elementScrollBehavior: 0, enablePersistentHover: true, ie.browserCommandLineSwitches: , ie.ensureCleanSession: false, ie.fileUploadDialogTimeout: 3000, ie.forceCreateProcessApi: false, ignoreProtectedModeSettings: false, ignoreZoomSetting: false, initialBrowserUrl: http://localhost:2124/, nativeEvents: true, requireWindowFocus: false}, setWindowRect: true, timeouts: {implicit: 0, pageLoad: 300000, script: 30000}}
Session ID: 055d0f1f-16b1-4577-b4c8-1028878473d8
*** Element info: {Using=xpath, value=//div[@id=&#039;footer&#039;]//a[contains(text(),&#039;Case Studies old&#039;)]}">
      <![CDATA[org.openqa.selenium.NoSuchWindowException: Currently focused window has been closed.
Build info: version: '4.0.0-alpha-2', revision: 'f148142cf8', time: '2019-07-01T20:55:26'
System info: host: 'ATMECSINLT-283', ip: '55.55.52.215', os.name: 'Windows 10', os.arch: 'amd64', os.version: '10.0', java.version: '1.8.0_221'
Driver info: org.openqa.selenium.ie.InternetExplorerDriver
Capabilities {acceptInsecureCerts: false, browserName: internet explorer, browserVersion: 11, javascriptEnabled: true, pageLoadStrategy: normal, platform: WINDOWS, platformName: WINDOWS, proxy: Proxy(), se:ieOptions: {browserAttachTimeout: 0, elementScrollBehavior: 0, enablePersistentHover: true, ie.browserCommandLineSwitches: , ie.ensureCleanSession: false, ie.fileUploadDialogTimeout: 3000, ie.forceCreateProcessApi: false, ignoreProtectedModeSettings: false, ignoreZoomSetting: false, initialBrowserUrl: http://localhost:2124/, nativeEvents: true, requireWindowFocus: false}, setWindowRect: true, timeouts: {implicit: 0, pageLoad: 300000, script: 30000}}
Session ID: 055d0f1f-16b1-4577-b4c8-1028878473d8
*** Element info: {Using=xpath, value=//div[@id='footer']//a[contains(text(),'Case Studies old')]}
at sun.reflect.GeneratedConstructorAccessor25.newInstance(Unknown Source)
at sun.reflect.DelegatingConstructorAccessorImpl.newInstance(DelegatingConstructorAccessorImpl.java:45)
at java.lang.reflect.Constructor.newInstance(Constructor.java:423)
at org.openqa.selenium.remote.codec.w3c.W3CHttpResponseCodec.createException(W3CHttpResponseCodec.java:191)
at org.openqa.selenium.remote.codec.w3c.W3CHttpResponseCodec.decode(W3CHttpResponseCodec.java:125)
at org.openqa.selenium.remote.codec.w3c.W3CHttpResponseCodec.decode(W3CHttpResponseCodec.java:52)
at org.openqa.selenium.remote.HttpCommandExecutor.execute(HttpCommandExecutor.java:161)
at org.openqa.selenium.remote.service.DriverCommandExecutor.execute(DriverCommandExecutor.java:83)
at org.openqa.selenium.remote.RemoteWebDriver.execute(RemoteWebDriver.java:576)
at org.openqa.selenium.remote.RemoteWebDriver.findElement(RemoteWebDriver.java:327)
at org.openqa.selenium.remote.RemoteWebDriver.findElementByXPath(RemoteWebDriver.java:445)
at org.openqa.selenium.By$ByXPath.findElement(By.java:353)
at org.openqa.selenium.remote.RemoteWebDriver.findElement(RemoteWebDriver.java:319)
at com.atmecs.helper.CommonUtility.locatorsType(CommonUtility.java:49)
at com.atmecs.helper.CommonUtility$4.apply(CommonUtility.java:180)
at com.atmecs.helper.CommonUtility$4.apply(CommonUtility.java:1)
at org.openqa.selenium.support.ui.FluentWait.until(FluentWait.java:211)
at com.atmecs.helper.CommonUtility.getText(CommonUtility.java:177)
at com.atmecs.general.AtmecsHomePage.isFooterPresent(AtmecsHomePage.java:80)
at com.atmecs.testscript.AtmecsHomePageScript.validatePartnerFooter(AtmecsHomePageScript.java:61)
at sun.reflect.NativeMethodAccessorImpl.invoke0(Native Method)
at sun.reflect.NativeMethodAccessorImpl.invoke(NativeMethodAccessorImpl.java:62)
at sun.reflect.DelegatingMethodAccessorImpl.invoke(DelegatingMethodAccessorImpl.java:43)
at java.lang.reflect.Method.invoke(Method.java:498)
at org.testng.internal.MethodInvocationHelper.invokeMethod(MethodInvocationHelper.java:133)
at org.testng.internal.TestInvoker.invokeMethod(TestInvoker.java:584)
at org.testng.internal.TestInvoker.invokeTestMethod(TestInvoker.java:172)
at org.testng.internal.MethodRunner.runInSequence(MethodRunner.java:46)
at org.testng.internal.TestInvoker$MethodInvocationAgent.invoke(TestInvoker.java:804)
at org.testng.internal.TestInvoker.invokeTestMethods(TestInvoker.java:145)
at org.testng.internal.TestMethodWorker.invokeTestMethods(TestMethodWorker.java:146)
at org.testng.internal.TestMethodWorker.run(TestMethodWorker.java:128)
at java.util.ArrayList.forEach(ArrayList.java:1257)
at org.testng.TestRunner.privateRun(TestRunner.java:770)
at org.testng.TestRunner.run(TestRunner.java:591)
at org.testng.SuiteRunner.runTest(SuiteRunner.java:402)
at org.testng.SuiteRunner.runSequentially(SuiteRunner.java:396)
at org.testng.SuiteRunner.privateRun(SuiteRunner.java:355)
at org.testng.SuiteRunner.run(SuiteRunner.java:304)
at org.testng.SuiteRunnerWorker.runSuite(SuiteRunnerWorker.java:53)
at org.testng.SuiteRunnerWorker.run(SuiteRunnerWorker.java:96)
at org.testng.TestNG.runSuitesSequentially(TestNG.java:1180)
at org.testng.TestNG.runSuitesLocally(TestNG.java:1102)
at org.testng.TestNG.runSuites(TestNG.java:1032)
at org.testng.TestNG.run(TestNG.java:1000)
at org.testng.remote.AbstractRemoteTestNG.run(AbstractRemoteTestNG.java:115)
at org.testng.remote.RemoteTestNG.initAndRun(RemoteTestNG.java:251)
at org.testng.remote.RemoteTestNG.main(RemoteTestNG.java:77)
]]>
    </error>
  </testcase> <!-- validatePartnerFooter -->
  <testcase name="validatePartnerFooter" time="0.038" classname="com.atmecs.testscript.AtmecsHomePageScript">
    <error type="org.openqa.selenium.NoSuchWindowException" message="Currently focused window has been closed.
Build info: version: &#039;4.0.0-alpha-2&#039;, revision: &#039;f148142cf8&#039;, time: &#039;2019-07-01T20:55:26&#039;
System info: host: &#039;ATMECSINLT-283&#039;, ip: &#039;55.55.52.215&#039;, os.name: &#039;Windows 10&#039;, os.arch: &#039;amd64&#039;, os.version: &#039;10.0&#039;, java.version: &#039;1.8.0_221&#039;
Driver info: org.openqa.selenium.ie.InternetExplorerDriver
Capabilities {acceptInsecureCerts: false, browserName: internet explorer, browserVersion: 11, javascriptEnabled: true, pageLoadStrategy: normal, platform: WINDOWS, platformName: WINDOWS, proxy: Proxy(), se:ieOptions: {browserAttachTimeout: 0, elementScrollBehavior: 0, enablePersistentHover: true, ie.browserCommandLineSwitches: , ie.ensureCleanSession: false, ie.fileUploadDialogTimeout: 3000, ie.forceCreateProcessApi: false, ignoreProtectedModeSettings: false, ignoreZoomSetting: false, initialBrowserUrl: http://localhost:2124/, nativeEvents: true, requireWindowFocus: false}, setWindowRect: true, timeouts: {implicit: 0, pageLoad: 300000, script: 30000}}
Session ID: 055d0f1f-16b1-4577-b4c8-1028878473d8
*** Element info: {Using=xpath, value=//div[@id=&#039;footer&#039;]//a[contains(text(),&#039;info@atmecs.com&#039;)]}">
      <![CDATA[org.openqa.selenium.NoSuchWindowException: Currently focused window has been closed.
Build info: version: '4.0.0-alpha-2', revision: 'f148142cf8', time: '2019-07-01T20:55:26'
System info: host: 'ATMECSINLT-283', ip: '55.55.52.215', os.name: 'Windows 10', os.arch: 'amd64', os.version: '10.0', java.version: '1.8.0_221'
Driver info: org.openqa.selenium.ie.InternetExplorerDriver
Capabilities {acceptInsecureCerts: false, browserName: internet explorer, browserVersion: 11, javascriptEnabled: true, pageLoadStrategy: normal, platform: WINDOWS, platformName: WINDOWS, proxy: Proxy(), se:ieOptions: {browserAttachTimeout: 0, elementScrollBehavior: 0, enablePersistentHover: true, ie.browserCommandLineSwitches: , ie.ensureCleanSession: false, ie.fileUploadDialogTimeout: 3000, ie.forceCreateProcessApi: false, ignoreProtectedModeSettings: false, ignoreZoomSetting: false, initialBrowserUrl: http://localhost:2124/, nativeEvents: true, requireWindowFocus: false}, setWindowRect: true, timeouts: {implicit: 0, pageLoad: 300000, script: 30000}}
Session ID: 055d0f1f-16b1-4577-b4c8-1028878473d8
*** Element info: {Using=xpath, value=//div[@id='footer']//a[contains(text(),'info@atmecs.com')]}
at sun.reflect.GeneratedConstructorAccessor25.newInstance(Unknown Source)
at sun.reflect.DelegatingConstructorAccessorImpl.newInstance(DelegatingConstructorAccessorImpl.java:45)
at java.lang.reflect.Constructor.newInstance(Constructor.java:423)
at org.openqa.selenium.remote.codec.w3c.W3CHttpResponseCodec.createException(W3CHttpResponseCodec.java:191)
at org.openqa.selenium.remote.codec.w3c.W3CHttpResponseCodec.decode(W3CHttpResponseCodec.java:125)
at org.openqa.selenium.remote.codec.w3c.W3CHttpResponseCodec.decode(W3CHttpResponseCodec.java:52)
at org.openqa.selenium.remote.HttpCommandExecutor.execute(HttpCommandExecutor.java:161)
at org.openqa.selenium.remote.service.DriverCommandExecutor.execute(DriverCommandExecutor.java:83)
at org.openqa.selenium.remote.RemoteWebDriver.execute(RemoteWebDriver.java:576)
at org.openqa.selenium.remote.RemoteWebDriver.findElement(RemoteWebDriver.java:327)
at org.openqa.selenium.remote.RemoteWebDriver.findElementByXPath(RemoteWebDriver.java:445)
at org.openqa.selenium.By$ByXPath.findElement(By.java:353)
at org.openqa.selenium.remote.RemoteWebDriver.findElement(RemoteWebDriver.java:319)
at com.atmecs.helper.CommonUtility.locatorsType(CommonUtility.java:49)
at com.atmecs.helper.CommonUtility$4.apply(CommonUtility.java:180)
at com.atmecs.helper.CommonUtility$4.apply(CommonUtility.java:1)
at org.openqa.selenium.support.ui.FluentWait.until(FluentWait.java:211)
at com.atmecs.helper.CommonUtility.getText(CommonUtility.java:177)
at com.atmecs.general.AtmecsHomePage.isFooterPresent(AtmecsHomePage.java:80)
at com.atmecs.testscript.AtmecsHomePageScript.validatePartnerFooter(AtmecsHomePageScript.java:61)
at sun.reflect.GeneratedMethodAccessor4.invoke(Unknown Source)
at sun.reflect.DelegatingMethodAccessorImpl.invoke(DelegatingMethodAccessorImpl.java:43)
at java.lang.reflect.Method.invoke(Method.java:498)
at org.testng.internal.MethodInvocationHelper.invokeMethod(MethodInvocationHelper.java:133)
at org.testng.internal.TestInvoker.invokeMethod(TestInvoker.java:584)
at org.testng.internal.TestInvoker.invokeTestMethod(TestInvoker.java:172)
at org.testng.internal.MethodRunner.runInSequence(MethodRunner.java:46)
at org.testng.internal.TestInvoker$MethodInvocationAgent.invoke(TestInvoker.java:804)
at org.testng.internal.TestInvoker.invokeTestMethods(TestInvoker.java:145)
at org.testng.internal.TestMethodWorker.invokeTestMethods(TestMethodWorker.java:146)
at org.testng.internal.TestMethodWorker.run(TestMethodWorker.java:128)
at java.util.ArrayList.forEach(ArrayList.java:1257)
at org.testng.TestRunner.privateRun(TestRunner.java:770)
at org.testng.TestRunner.run(TestRunner.java:591)
at org.testng.SuiteRunner.runTest(SuiteRunner.java:402)
at org.testng.SuiteRunner.runSequentially(SuiteRunner.java:396)
at org.testng.SuiteRunner.privateRun(SuiteRunner.java:355)
at org.testng.SuiteRunner.run(SuiteRunner.java:304)
at org.testng.SuiteRunnerWorker.runSuite(SuiteRunnerWorker.java:53)
at org.testng.SuiteRunnerWorker.run(SuiteRunnerWorker.java:96)
at org.testng.TestNG.runSuitesSequentially(TestNG.java:1180)
at org.testng.TestNG.runSuitesLocally(TestNG.java:1102)
at org.testng.TestNG.runSuites(TestNG.java:1032)
at org.testng.TestNG.run(TestNG.java:1000)
at org.testng.remote.AbstractRemoteTestNG.run(AbstractRemoteTestNG.java:115)
at org.testng.remote.RemoteTestNG.initAndRun(RemoteTestNG.java:251)
at org.testng.remote.RemoteTestNG.main(RemoteTestNG.java:77)
]]>
    </error>
  </testcase> <!-- validatePartnerFooter -->
  <testcase name="validatePartnerFooter" time="0.037" classname="com.atmecs.testscript.AtmecsHomePageScript">
    <error type="org.openqa.selenium.NoSuchWindowException" message="Currently focused window has been closed.
Build info: version: &#039;4.0.0-alpha-2&#039;, revision: &#039;f148142cf8&#039;, time: &#039;2019-07-01T20:55:26&#039;
System info: host: &#039;ATMECSINLT-283&#039;, ip: &#039;55.55.52.215&#039;, os.name: &#039;Windows 10&#039;, os.arch: &#039;amd64&#039;, os.version: &#039;10.0&#039;, java.version: &#039;1.8.0_221&#039;
Driver info: org.openqa.selenium.ie.InternetExplorerDriver
Capabilities {acceptInsecureCerts: false, browserName: internet explorer, browserVersion: 11, javascriptEnabled: true, pageLoadStrategy: normal, platform: WINDOWS, platformName: WINDOWS, proxy: Proxy(), se:ieOptions: {browserAttachTimeout: 0, elementScrollBehavior: 0, enablePersistentHover: true, ie.browserCommandLineSwitches: , ie.ensureCleanSession: false, ie.fileUploadDialogTimeout: 3000, ie.forceCreateProcessApi: false, ignoreProtectedModeSettings: false, ignoreZoomSetting: false, initialBrowserUrl: http://localhost:2124/, nativeEvents: true, requireWindowFocus: false}, setWindowRect: true, timeouts: {implicit: 0, pageLoad: 300000, script: 30000}}
Session ID: 055d0f1f-16b1-4577-b4c8-1028878473d8
*** Element info: {Using=xpath, value=//div[@id=&#039;footer&#039;]//a[contains(text(),&#039;Europe – Ireland&#039;)]}">
      <![CDATA[org.openqa.selenium.NoSuchWindowException: Currently focused window has been closed.
Build info: version: '4.0.0-alpha-2', revision: 'f148142cf8', time: '2019-07-01T20:55:26'
System info: host: 'ATMECSINLT-283', ip: '55.55.52.215', os.name: 'Windows 10', os.arch: 'amd64', os.version: '10.0', java.version: '1.8.0_221'
Driver info: org.openqa.selenium.ie.InternetExplorerDriver
Capabilities {acceptInsecureCerts: false, browserName: internet explorer, browserVersion: 11, javascriptEnabled: true, pageLoadStrategy: normal, platform: WINDOWS, platformName: WINDOWS, proxy: Proxy(), se:ieOptions: {browserAttachTimeout: 0, elementScrollBehavior: 0, enablePersistentHover: true, ie.browserCommandLineSwitches: , ie.ensureCleanSession: false, ie.fileUploadDialogTimeout: 3000, ie.forceCreateProcessApi: false, ignoreProtectedModeSettings: false, ignoreZoomSetting: false, initialBrowserUrl: http://localhost:2124/, nativeEvents: true, requireWindowFocus: false}, setWindowRect: true, timeouts: {implicit: 0, pageLoad: 300000, script: 30000}}
Session ID: 055d0f1f-16b1-4577-b4c8-1028878473d8
*** Element info: {Using=xpath, value=//div[@id='footer']//a[contains(text(),'Europe – Ireland')]}
at sun.reflect.GeneratedConstructorAccessor25.newInstance(Unknown Source)
at sun.reflect.DelegatingConstructorAccessorImpl.newInstance(DelegatingConstructorAccessorImpl.java:45)
at java.lang.reflect.Constructor.newInstance(Constructor.java:423)
at org.openqa.selenium.remote.codec.w3c.W3CHttpResponseCodec.createException(W3CHttpResponseCodec.java:191)
at org.openqa.selenium.remote.codec.w3c.W3CHttpResponseCodec.decode(W3CHttpResponseCodec.java:125)
at org.openqa.selenium.remote.codec.w3c.W3CHttpResponseCodec.decode(W3CHttpResponseCodec.java:52)
at org.openqa.selenium.remote.HttpCommandExecutor.execute(HttpCommandExecutor.java:161)
at org.openqa.selenium.remote.service.DriverCommandExecutor.execute(DriverCommandExecutor.java:83)
at org.openqa.selenium.remote.RemoteWebDriver.execute(RemoteWebDriver.java:576)
at org.openqa.selenium.remote.RemoteWebDriver.findElement(RemoteWebDriver.java:327)
at org.openqa.selenium.remote.RemoteWebDriver.findElementByXPath(RemoteWebDriver.java:445)
at org.openqa.selenium.By$ByXPath.findElement(By.java:353)
at org.openqa.selenium.remote.RemoteWebDriver.findElement(RemoteWebDriver.java:319)
at com.atmecs.helper.CommonUtility.locatorsType(CommonUtility.java:49)
at com.atmecs.helper.CommonUtility$4.apply(CommonUtility.java:180)
at com.atmecs.helper.CommonUtility$4.apply(CommonUtility.java:1)
at org.openqa.selenium.support.ui.FluentWait.until(FluentWait.java:211)
at com.atmecs.helper.CommonUtility.getText(CommonUtility.java:177)
at com.atmecs.general.AtmecsHomePage.isFooterPresent(AtmecsHomePage.java:80)
at com.atmecs.testscript.AtmecsHomePageScript.validatePartnerFooter(AtmecsHomePageScript.java:61)
at sun.reflect.GeneratedMethodAccessor4.invoke(Unknown Source)
at sun.reflect.DelegatingMethodAccessorImpl.invoke(DelegatingMethodAccessorImpl.java:43)
at java.lang.reflect.Method.invoke(Method.java:498)
at org.testng.internal.MethodInvocationHelper.invokeMethod(MethodInvocationHelper.java:133)
at org.testng.internal.TestInvoker.invokeMethod(TestInvoker.java:584)
at org.testng.internal.TestInvoker.invokeTestMethod(TestInvoker.java:172)
at org.testng.internal.MethodRunner.runInSequence(MethodRunner.java:46)
at org.testng.internal.TestInvoker$MethodInvocationAgent.invoke(TestInvoker.java:804)
at org.testng.internal.TestInvoker.invokeTestMethods(TestInvoker.java:145)
at org.testng.internal.TestMethodWorker.invokeTestMethods(TestMethodWorker.java:146)
at org.testng.internal.TestMethodWorker.run(TestMethodWorker.java:128)
at java.util.ArrayList.forEach(ArrayList.java:1257)
at org.testng.TestRunner.privateRun(TestRunner.java:770)
at org.testng.TestRunner.run(TestRunner.java:591)
at org.testng.SuiteRunner.runTest(SuiteRunner.java:402)
at org.testng.SuiteRunner.runSequentially(SuiteRunner.java:396)
at org.testng.SuiteRunner.privateRun(SuiteRunner.java:355)
at org.testng.SuiteRunner.run(SuiteRunner.java:304)
at org.testng.SuiteRunnerWorker.runSuite(SuiteRunnerWorker.java:53)
at org.testng.SuiteRunnerWorker.run(SuiteRunnerWorker.java:96)
at org.testng.TestNG.runSuitesSequentially(TestNG.java:1180)
at org.testng.TestNG.runSuitesLocally(TestNG.java:1102)
at org.testng.TestNG.runSuites(TestNG.java:1032)
at org.testng.TestNG.run(TestNG.java:1000)
at org.testng.remote.AbstractRemoteTestNG.run(AbstractRemoteTestNG.java:115)
at org.testng.remote.RemoteTestNG.initAndRun(RemoteTestNG.java:251)
at org.testng.remote.RemoteTestNG.main(RemoteTestNG.java:77)
]]>
    </error>
  </testcase> <!-- validatePartnerFooter -->
  <testcase name="validatePartnerFooter" time="0.037" classname="com.atmecs.testscript.AtmecsHomePageScript">
    <error type="org.openqa.selenium.NoSuchWindowException" message="Currently focused window has been closed.
Build info: version: &#039;4.0.0-alpha-2&#039;, revision: &#039;f148142cf8&#039;, time: &#039;2019-07-01T20:55:26&#039;
System info: host: &#039;ATMECSINLT-283&#039;, ip: &#039;55.55.52.215&#039;, os.name: &#039;Windows 10&#039;, os.arch: &#039;amd64&#039;, os.version: &#039;10.0&#039;, java.version: &#039;1.8.0_221&#039;
Driver info: org.openqa.selenium.ie.InternetExplorerDriver
Capabilities {acceptInsecureCerts: false, browserName: internet explorer, browserVersion: 11, javascriptEnabled: true, pageLoadStrategy: normal, platform: WINDOWS, platformName: WINDOWS, proxy: Proxy(), se:ieOptions: {browserAttachTimeout: 0, elementScrollBehavior: 0, enablePersistentHover: true, ie.browserCommandLineSwitches: , ie.ensureCleanSession: false, ie.fileUploadDialogTimeout: 3000, ie.forceCreateProcessApi: false, ignoreProtectedModeSettings: false, ignoreZoomSetting: false, initialBrowserUrl: http://localhost:2124/, nativeEvents: true, requireWindowFocus: false}, setWindowRect: true, timeouts: {implicit: 0, pageLoad: 300000, script: 30000}}
Session ID: 055d0f1f-16b1-4577-b4c8-1028878473d8
*** Element info: {Using=xpath, value=//div[@id=&#039;footer&#039;]//a[contains(text(),&#039;Mobile Computing&#039;)]}">
      <![CDATA[org.openqa.selenium.NoSuchWindowException: Currently focused window has been closed.
Build info: version: '4.0.0-alpha-2', revision: 'f148142cf8', time: '2019-07-01T20:55:26'
System info: host: 'ATMECSINLT-283', ip: '55.55.52.215', os.name: 'Windows 10', os.arch: 'amd64', os.version: '10.0', java.version: '1.8.0_221'
Driver info: org.openqa.selenium.ie.InternetExplorerDriver
Capabilities {acceptInsecureCerts: false, browserName: internet explorer, browserVersion: 11, javascriptEnabled: true, pageLoadStrategy: normal, platform: WINDOWS, platformName: WINDOWS, proxy: Proxy(), se:ieOptions: {browserAttachTimeout: 0, elementScrollBehavior: 0, enablePersistentHover: true, ie.browserCommandLineSwitches: , ie.ensureCleanSession: false, ie.fileUploadDialogTimeout: 3000, ie.forceCreateProcessApi: false, ignoreProtectedModeSettings: false, ignoreZoomSetting: false, initialBrowserUrl: http://localhost:2124/, nativeEvents: true, requireWindowFocus: false}, setWindowRect: true, timeouts: {implicit: 0, pageLoad: 300000, script: 30000}}
Session ID: 055d0f1f-16b1-4577-b4c8-1028878473d8
*** Element info: {Using=xpath, value=//div[@id='footer']//a[contains(text(),'Mobile Computing')]}
at sun.reflect.GeneratedConstructorAccessor25.newInstance(Unknown Source)
at sun.reflect.DelegatingConstructorAccessorImpl.newInstance(DelegatingConstructorAccessorImpl.java:45)
at java.lang.reflect.Constructor.newInstance(Constructor.java:423)
at org.openqa.selenium.remote.codec.w3c.W3CHttpResponseCodec.createException(W3CHttpResponseCodec.java:191)
at org.openqa.selenium.remote.codec.w3c.W3CHttpResponseCodec.decode(W3CHttpResponseCodec.java:125)
at org.openqa.selenium.remote.codec.w3c.W3CHttpResponseCodec.decode(W3CHttpResponseCodec.java:52)
at org.openqa.selenium.remote.HttpCommandExecutor.execute(HttpCommandExecutor.java:161)
at org.openqa.selenium.remote.service.DriverCommandExecutor.execute(DriverCommandExecutor.java:83)
at org.openqa.selenium.remote.RemoteWebDriver.execute(RemoteWebDriver.java:576)
at org.openqa.selenium.remote.RemoteWebDriver.findElement(RemoteWebDriver.java:327)
at org.openqa.selenium.remote.RemoteWebDriver.findElementByXPath(RemoteWebDriver.java:445)
at org.openqa.selenium.By$ByXPath.findElement(By.java:353)
at org.openqa.selenium.remote.RemoteWebDriver.findElement(RemoteWebDriver.java:319)
at com.atmecs.helper.CommonUtility.locatorsType(CommonUtility.java:49)
at com.atmecs.helper.CommonUtility$4.apply(CommonUtility.java:180)
at com.atmecs.helper.CommonUtility$4.apply(CommonUtility.java:1)
at org.openqa.selenium.support.ui.FluentWait.until(FluentWait.java:211)
at com.atmecs.helper.CommonUtility.getText(CommonUtility.java:177)
at com.atmecs.general.AtmecsHomePage.isFooterPresent(AtmecsHomePage.java:80)
at com.atmecs.testscript.AtmecsHomePageScript.validatePartnerFooter(AtmecsHomePageScript.java:61)
at sun.reflect.GeneratedMethodAccessor4.invoke(Unknown Source)
at sun.reflect.DelegatingMethodAccessorImpl.invoke(DelegatingMethodAccessorImpl.java:43)
at java.lang.reflect.Method.invoke(Method.java:498)
at org.testng.internal.MethodInvocationHelper.invokeMethod(MethodInvocationHelper.java:133)
at org.testng.internal.TestInvoker.invokeMethod(TestInvoker.java:584)
at org.testng.internal.TestInvoker.invokeTestMethod(TestInvoker.java:172)
at org.testng.internal.MethodRunner.runInSequence(MethodRunner.java:46)
at org.testng.internal.TestInvoker$MethodInvocationAgent.invoke(TestInvoker.java:804)
at org.testng.internal.TestInvoker.invokeTestMethods(TestInvoker.java:145)
at org.testng.internal.TestMethodWorker.invokeTestMethods(TestMethodWorker.java:146)
at org.testng.internal.TestMethodWorker.run(TestMethodWorker.java:128)
at java.util.ArrayList.forEach(ArrayList.java:1257)
at org.testng.TestRunner.privateRun(TestRunner.java:770)
at org.testng.TestRunner.run(TestRunner.java:591)
at org.testng.SuiteRunner.runTest(SuiteRunner.java:402)
at org.testng.SuiteRunner.runSequentially(SuiteRunner.java:396)
at org.testng.SuiteRunner.privateRun(SuiteRunner.java:355)
at org.testng.SuiteRunner.run(SuiteRunner.java:304)
at org.testng.SuiteRunnerWorker.runSuite(SuiteRunnerWorker.java:53)
at org.testng.SuiteRunnerWorker.run(SuiteRunnerWorker.java:96)
at org.testng.TestNG.runSuitesSequentially(TestNG.java:1180)
at org.testng.TestNG.runSuitesLocally(TestNG.java:1102)
at org.testng.TestNG.runSuites(TestNG.java:1032)
at org.testng.TestNG.run(TestNG.java:1000)
at org.testng.remote.AbstractRemoteTestNG.run(AbstractRemoteTestNG.java:115)
at org.testng.remote.RemoteTestNG.initAndRun(RemoteTestNG.java:251)
at org.testng.remote.RemoteTestNG.main(RemoteTestNG.java:77)
]]>
    </error>
  </testcase> <!-- validatePartnerFooter -->
  <testcase name="validatePartnerFooter" time="0.031" classname="com.atmecs.testscript.AtmecsHomePageScript">
    <error type="org.openqa.selenium.NoSuchWindowException" message="Currently focused window has been closed.
Build info: version: &#039;4.0.0-alpha-2&#039;, revision: &#039;f148142cf8&#039;, time: &#039;2019-07-01T20:55:26&#039;
System info: host: &#039;ATMECSINLT-283&#039;, ip: &#039;55.55.52.215&#039;, os.name: &#039;Windows 10&#039;, os.arch: &#039;amd64&#039;, os.version: &#039;10.0&#039;, java.version: &#039;1.8.0_221&#039;
Driver info: org.openqa.selenium.ie.InternetExplorerDriver
Capabilities {acceptInsecureCerts: false, browserName: internet explorer, browserVersion: 11, javascriptEnabled: true, pageLoadStrategy: normal, platform: WINDOWS, platformName: WINDOWS, proxy: Proxy(), se:ieOptions: {browserAttachTimeout: 0, elementScrollBehavior: 0, enablePersistentHover: true, ie.browserCommandLineSwitches: , ie.ensureCleanSession: false, ie.fileUploadDialogTimeout: 3000, ie.forceCreateProcessApi: false, ignoreProtectedModeSettings: false, ignoreZoomSetting: false, initialBrowserUrl: http://localhost:2124/, nativeEvents: true, requireWindowFocus: false}, setWindowRect: true, timeouts: {implicit: 0, pageLoad: 300000, script: 30000}}
Session ID: 055d0f1f-16b1-4577-b4c8-1028878473d8
*** Element info: {Using=xpath, value=//div[@id=&#039;footer&#039;]//a[contains(text(),&#039;Augmented Reality / Virtual Reality&#039;)]}">
      <![CDATA[org.openqa.selenium.NoSuchWindowException: Currently focused window has been closed.
Build info: version: '4.0.0-alpha-2', revision: 'f148142cf8', time: '2019-07-01T20:55:26'
System info: host: 'ATMECSINLT-283', ip: '55.55.52.215', os.name: 'Windows 10', os.arch: 'amd64', os.version: '10.0', java.version: '1.8.0_221'
Driver info: org.openqa.selenium.ie.InternetExplorerDriver
Capabilities {acceptInsecureCerts: false, browserName: internet explorer, browserVersion: 11, javascriptEnabled: true, pageLoadStrategy: normal, platform: WINDOWS, platformName: WINDOWS, proxy: Proxy(), se:ieOptions: {browserAttachTimeout: 0, elementScrollBehavior: 0, enablePersistentHover: true, ie.browserCommandLineSwitches: , ie.ensureCleanSession: false, ie.fileUploadDialogTimeout: 3000, ie.forceCreateProcessApi: false, ignoreProtectedModeSettings: false, ignoreZoomSetting: false, initialBrowserUrl: http://localhost:2124/, nativeEvents: true, requireWindowFocus: false}, setWindowRect: true, timeouts: {implicit: 0, pageLoad: 300000, script: 30000}}
Session ID: 055d0f1f-16b1-4577-b4c8-1028878473d8
*** Element info: {Using=xpath, value=//div[@id='footer']//a[contains(text(),'Augmented Reality / Virtual Reality')]}
at sun.reflect.GeneratedConstructorAccessor25.newInstance(Unknown Source)
at sun.reflect.DelegatingConstructorAccessorImpl.newInstance(DelegatingConstructorAccessorImpl.java:45)
at java.lang.reflect.Constructor.newInstance(Constructor.java:423)
at org.openqa.selenium.remote.codec.w3c.W3CHttpResponseCodec.createException(W3CHttpResponseCodec.java:191)
at org.openqa.selenium.remote.codec.w3c.W3CHttpResponseCodec.decode(W3CHttpResponseCodec.java:125)
at org.openqa.selenium.remote.codec.w3c.W3CHttpResponseCodec.decode(W3CHttpResponseCodec.java:52)
at org.openqa.selenium.remote.HttpCommandExecutor.execute(HttpCommandExecutor.java:161)
at org.openqa.selenium.remote.service.DriverCommandExecutor.execute(DriverCommandExecutor.java:83)
at org.openqa.selenium.remote.RemoteWebDriver.execute(RemoteWebDriver.java:576)
at org.openqa.selenium.remote.RemoteWebDriver.findElement(RemoteWebDriver.java:327)
at org.openqa.selenium.remote.RemoteWebDriver.findElementByXPath(RemoteWebDriver.java:445)
at org.openqa.selenium.By$ByXPath.findElement(By.java:353)
at org.openqa.selenium.remote.RemoteWebDriver.findElement(RemoteWebDriver.java:319)
at com.atmecs.helper.CommonUtility.locatorsType(CommonUtility.java:49)
at com.atmecs.helper.CommonUtility$4.apply(CommonUtility.java:180)
at com.atmecs.helper.CommonUtility$4.apply(CommonUtility.java:1)
at org.openqa.selenium.support.ui.FluentWait.until(FluentWait.java:211)
at com.atmecs.helper.CommonUtility.getText(CommonUtility.java:177)
at com.atmecs.general.AtmecsHomePage.isFooterPresent(AtmecsHomePage.java:80)
at com.atmecs.testscript.AtmecsHomePageScript.validatePartnerFooter(AtmecsHomePageScript.java:61)
at sun.reflect.GeneratedMethodAccessor4.invoke(Unknown Source)
at sun.reflect.DelegatingMethodAccessorImpl.invoke(DelegatingMethodAccessorImpl.java:43)
at java.lang.reflect.Method.invoke(Method.java:498)
at org.testng.internal.MethodInvocationHelper.invokeMethod(MethodInvocationHelper.java:133)
at org.testng.internal.TestInvoker.invokeMethod(TestInvoker.java:584)
at org.testng.internal.TestInvoker.invokeTestMethod(TestInvoker.java:172)
at org.testng.internal.MethodRunner.runInSequence(MethodRunner.java:46)
at org.testng.internal.TestInvoker$MethodInvocationAgent.invoke(TestInvoker.java:804)
at org.testng.internal.TestInvoker.invokeTestMethods(TestInvoker.java:145)
at org.testng.internal.TestMethodWorker.invokeTestMethods(TestMethodWorker.java:146)
at org.testng.internal.TestMethodWorker.run(TestMethodWorker.java:128)
at java.util.ArrayList.forEach(ArrayList.java:1257)
at org.testng.TestRunner.privateRun(TestRunner.java:770)
at org.testng.TestRunner.run(TestRunner.java:591)
at org.testng.SuiteRunner.runTest(SuiteRunner.java:402)
at org.testng.SuiteRunner.runSequentially(SuiteRunner.java:396)
at org.testng.SuiteRunner.privateRun(SuiteRunner.java:355)
at org.testng.SuiteRunner.run(SuiteRunner.java:304)
at org.testng.SuiteRunnerWorker.runSuite(SuiteRunnerWorker.java:53)
at org.testng.SuiteRunnerWorker.run(SuiteRunnerWorker.java:96)
at org.testng.TestNG.runSuitesSequentially(TestNG.java:1180)
at org.testng.TestNG.runSuitesLocally(TestNG.java:1102)
at org.testng.TestNG.runSuites(TestNG.java:1032)
at org.testng.TestNG.run(TestNG.java:1000)
at org.testng.remote.AbstractRemoteTestNG.run(AbstractRemoteTestNG.java:115)
at org.testng.remote.RemoteTestNG.initAndRun(RemoteTestNG.java:251)
at org.testng.remote.RemoteTestNG.main(RemoteTestNG.java:77)
]]>
    </error>
  </testcase> <!-- validatePartnerFooter -->
  <testcase name="validatePartnerFooter" time="0.042" classname="com.atmecs.testscript.AtmecsHomePageScript">
    <error type="org.openqa.selenium.NoSuchWindowException" message="Currently focused window has been closed.
Build info: version: &#039;4.0.0-alpha-2&#039;, revision: &#039;f148142cf8&#039;, time: &#039;2019-07-01T20:55:26&#039;
System info: host: &#039;ATMECSINLT-283&#039;, ip: &#039;55.55.52.215&#039;, os.name: &#039;Windows 10&#039;, os.arch: &#039;amd64&#039;, os.version: &#039;10.0&#039;, java.version: &#039;1.8.0_221&#039;
Driver info: org.openqa.selenium.ie.InternetExplorerDriver
Capabilities {acceptInsecureCerts: false, browserName: internet explorer, browserVersion: 11, javascriptEnabled: true, pageLoadStrategy: normal, platform: WINDOWS, platformName: WINDOWS, proxy: Proxy(), se:ieOptions: {browserAttachTimeout: 0, elementScrollBehavior: 0, enablePersistentHover: true, ie.browserCommandLineSwitches: , ie.ensureCleanSession: false, ie.fileUploadDialogTimeout: 3000, ie.forceCreateProcessApi: false, ignoreProtectedModeSettings: false, ignoreZoomSetting: false, initialBrowserUrl: http://localhost:2124/, nativeEvents: true, requireWindowFocus: false}, setWindowRect: true, timeouts: {implicit: 0, pageLoad: 300000, script: 30000}}
Session ID: 055d0f1f-16b1-4577-b4c8-1028878473d8
*** Element info: {Using=xpath, value=//div[@id=&#039;footer&#039;]//a[contains(text(),&#039;US Headquarters&#039;)]}">
      <![CDATA[org.openqa.selenium.NoSuchWindowException: Currently focused window has been closed.
Build info: version: '4.0.0-alpha-2', revision: 'f148142cf8', time: '2019-07-01T20:55:26'
System info: host: 'ATMECSINLT-283', ip: '55.55.52.215', os.name: 'Windows 10', os.arch: 'amd64', os.version: '10.0', java.version: '1.8.0_221'
Driver info: org.openqa.selenium.ie.InternetExplorerDriver
Capabilities {acceptInsecureCerts: false, browserName: internet explorer, browserVersion: 11, javascriptEnabled: true, pageLoadStrategy: normal, platform: WINDOWS, platformName: WINDOWS, proxy: Proxy(), se:ieOptions: {browserAttachTimeout: 0, elementScrollBehavior: 0, enablePersistentHover: true, ie.browserCommandLineSwitches: , ie.ensureCleanSession: false, ie.fileUploadDialogTimeout: 3000, ie.forceCreateProcessApi: false, ignoreProtectedModeSettings: false, ignoreZoomSetting: false, initialBrowserUrl: http://localhost:2124/, nativeEvents: true, requireWindowFocus: false}, setWindowRect: true, timeouts: {implicit: 0, pageLoad: 300000, script: 30000}}
Session ID: 055d0f1f-16b1-4577-b4c8-1028878473d8
*** Element info: {Using=xpath, value=//div[@id='footer']//a[contains(text(),'US Headquarters')]}
at sun.reflect.GeneratedConstructorAccessor25.newInstance(Unknown Source)
at sun.reflect.DelegatingConstructorAccessorImpl.newInstance(DelegatingConstructorAccessorImpl.java:45)
at java.lang.reflect.Constructor.newInstance(Constructor.java:423)
at org.openqa.selenium.remote.codec.w3c.W3CHttpResponseCodec.createException(W3CHttpResponseCodec.java:191)
at org.openqa.selenium.remote.codec.w3c.W3CHttpResponseCodec.decode(W3CHttpResponseCodec.java:125)
at org.openqa.selenium.remote.codec.w3c.W3CHttpResponseCodec.decode(W3CHttpResponseCodec.java:52)
at org.openqa.selenium.remote.HttpCommandExecutor.execute(HttpCommandExecutor.java:161)
at org.openqa.selenium.remote.service.DriverCommandExecutor.execute(DriverCommandExecutor.java:83)
at org.openqa.selenium.remote.RemoteWebDriver.execute(RemoteWebDriver.java:576)
at org.openqa.selenium.remote.RemoteWebDriver.findElement(RemoteWebDriver.java:327)
at org.openqa.selenium.remote.RemoteWebDriver.findElementByXPath(RemoteWebDriver.java:445)
at org.openqa.selenium.By$ByXPath.findElement(By.java:353)
at org.openqa.selenium.remote.RemoteWebDriver.findElement(RemoteWebDriver.java:319)
at com.atmecs.helper.CommonUtility.locatorsType(CommonUtility.java:49)
at com.atmecs.helper.CommonUtility$4.apply(CommonUtility.java:180)
at com.atmecs.helper.CommonUtility$4.apply(CommonUtility.java:1)
at org.openqa.selenium.support.ui.FluentWait.until(FluentWait.java:211)
at com.atmecs.helper.CommonUtility.getText(CommonUtility.java:177)
at com.atmecs.general.AtmecsHomePage.isFooterPresent(AtmecsHomePage.java:80)
at com.atmecs.testscript.AtmecsHomePageScript.validatePartnerFooter(AtmecsHomePageScript.java:61)
at sun.reflect.NativeMethodAccessorImpl.invoke0(Native Method)
at sun.reflect.NativeMethodAccessorImpl.invoke(NativeMethodAccessorImpl.java:62)
at sun.reflect.DelegatingMethodAccessorImpl.invoke(DelegatingMethodAccessorImpl.java:43)
at java.lang.reflect.Method.invoke(Method.java:498)
at org.testng.internal.MethodInvocationHelper.invokeMethod(MethodInvocationHelper.java:133)
at org.testng.internal.TestInvoker.invokeMethod(TestInvoker.java:584)
at org.testng.internal.TestInvoker.invokeTestMethod(TestInvoker.java:172)
at org.testng.internal.MethodRunner.runInSequence(MethodRunner.java:46)
at org.testng.internal.TestInvoker$MethodInvocationAgent.invoke(TestInvoker.java:804)
at org.testng.internal.TestInvoker.invokeTestMethods(TestInvoker.java:145)
at org.testng.internal.TestMethodWorker.invokeTestMethods(TestMethodWorker.java:146)
at org.testng.internal.TestMethodWorker.run(TestMethodWorker.java:128)
at java.util.ArrayList.forEach(ArrayList.java:1257)
at org.testng.TestRunner.privateRun(TestRunner.java:770)
at org.testng.TestRunner.run(TestRunner.java:591)
at org.testng.SuiteRunner.runTest(SuiteRunner.java:402)
at org.testng.SuiteRunner.runSequentially(SuiteRunner.java:396)
at org.testng.SuiteRunner.privateRun(SuiteRunner.java:355)
at org.testng.SuiteRunner.run(SuiteRunner.java:304)
at org.testng.SuiteRunnerWorker.runSuite(SuiteRunnerWorker.java:53)
at org.testng.SuiteRunnerWorker.run(SuiteRunnerWorker.java:96)
at org.testng.TestNG.runSuitesSequentially(TestNG.java:1180)
at org.testng.TestNG.runSuitesLocally(TestNG.java:1102)
at org.testng.TestNG.runSuites(TestNG.java:1032)
at org.testng.TestNG.run(TestNG.java:1000)
at org.testng.remote.AbstractRemoteTestNG.run(AbstractRemoteTestNG.java:115)
at org.testng.remote.RemoteTestNG.initAndRun(RemoteTestNG.java:251)
at org.testng.remote.RemoteTestNG.main(RemoteTestNG.java:77)
]]>
    </error>
  </testcase> <!-- validatePartnerFooter -->
  <testcase name="validatePartnerFooter" time="0.038" classname="com.atmecs.testscript.AtmecsHomePageScript">
    <error type="org.openqa.selenium.NoSuchWindowException" message="Currently focused window has been closed.
Build info: version: &#039;4.0.0-alpha-2&#039;, revision: &#039;f148142cf8&#039;, time: &#039;2019-07-01T20:55:26&#039;
System info: host: &#039;ATMECSINLT-283&#039;, ip: &#039;55.55.52.215&#039;, os.name: &#039;Windows 10&#039;, os.arch: &#039;amd64&#039;, os.version: &#039;10.0&#039;, java.version: &#039;1.8.0_221&#039;
Driver info: org.openqa.selenium.ie.InternetExplorerDriver
Capabilities {acceptInsecureCerts: false, browserName: internet explorer, browserVersion: 11, javascriptEnabled: true, pageLoadStrategy: normal, platform: WINDOWS, platformName: WINDOWS, proxy: Proxy(), se:ieOptions: {browserAttachTimeout: 0, elementScrollBehavior: 0, enablePersistentHover: true, ie.browserCommandLineSwitches: , ie.ensureCleanSession: false, ie.fileUploadDialogTimeout: 3000, ie.forceCreateProcessApi: false, ignoreProtectedModeSettings: false, ignoreZoomSetting: false, initialBrowserUrl: http://localhost:2124/, nativeEvents: true, requireWindowFocus: false}, setWindowRect: true, timeouts: {implicit: 0, pageLoad: 300000, script: 30000}}
Session ID: 055d0f1f-16b1-4577-b4c8-1028878473d8
*** Element info: {Using=xpath, value=//div[@id=&#039;footer&#039;]//a[contains(text(),&#039;US R&amp;D Center&#039;)]}">
      <![CDATA[org.openqa.selenium.NoSuchWindowException: Currently focused window has been closed.
Build info: version: '4.0.0-alpha-2', revision: 'f148142cf8', time: '2019-07-01T20:55:26'
System info: host: 'ATMECSINLT-283', ip: '55.55.52.215', os.name: 'Windows 10', os.arch: 'amd64', os.version: '10.0', java.version: '1.8.0_221'
Driver info: org.openqa.selenium.ie.InternetExplorerDriver
Capabilities {acceptInsecureCerts: false, browserName: internet explorer, browserVersion: 11, javascriptEnabled: true, pageLoadStrategy: normal, platform: WINDOWS, platformName: WINDOWS, proxy: Proxy(), se:ieOptions: {browserAttachTimeout: 0, elementScrollBehavior: 0, enablePersistentHover: true, ie.browserCommandLineSwitches: , ie.ensureCleanSession: false, ie.fileUploadDialogTimeout: 3000, ie.forceCreateProcessApi: false, ignoreProtectedModeSettings: false, ignoreZoomSetting: false, initialBrowserUrl: http://localhost:2124/, nativeEvents: true, requireWindowFocus: false}, setWindowRect: true, timeouts: {implicit: 0, pageLoad: 300000, script: 30000}}
Session ID: 055d0f1f-16b1-4577-b4c8-1028878473d8
*** Element info: {Using=xpath, value=//div[@id='footer']//a[contains(text(),'US R&D Center')]}
at sun.reflect.GeneratedConstructorAccessor25.newInstance(Unknown Source)
at sun.reflect.DelegatingConstructorAccessorImpl.newInstance(DelegatingConstructorAccessorImpl.java:45)
at java.lang.reflect.Constructor.newInstance(Constructor.java:423)
at org.openqa.selenium.remote.codec.w3c.W3CHttpResponseCodec.createException(W3CHttpResponseCodec.java:191)
at org.openqa.selenium.remote.codec.w3c.W3CHttpResponseCodec.decode(W3CHttpResponseCodec.java:125)
at org.openqa.selenium.remote.codec.w3c.W3CHttpResponseCodec.decode(W3CHttpResponseCodec.java:52)
at org.openqa.selenium.remote.HttpCommandExecutor.execute(HttpCommandExecutor.java:161)
at org.openqa.selenium.remote.service.DriverCommandExecutor.execute(DriverCommandExecutor.java:83)
at org.openqa.selenium.remote.RemoteWebDriver.execute(RemoteWebDriver.java:576)
at org.openqa.selenium.remote.RemoteWebDriver.findElement(RemoteWebDriver.java:327)
at org.openqa.selenium.remote.RemoteWebDriver.findElementByXPath(RemoteWebDriver.java:445)
at org.openqa.selenium.By$ByXPath.findElement(By.java:353)
at org.openqa.selenium.remote.RemoteWebDriver.findElement(RemoteWebDriver.java:319)
at com.atmecs.helper.CommonUtility.locatorsType(CommonUtility.java:49)
at com.atmecs.helper.CommonUtility$4.apply(CommonUtility.java:180)
at com.atmecs.helper.CommonUtility$4.apply(CommonUtility.java:1)
at org.openqa.selenium.support.ui.FluentWait.until(FluentWait.java:211)
at com.atmecs.helper.CommonUtility.getText(CommonUtility.java:177)
at com.atmecs.general.AtmecsHomePage.isFooterPresent(AtmecsHomePage.java:80)
at com.atmecs.testscript.AtmecsHomePageScript.validatePartnerFooter(AtmecsHomePageScript.java:61)
at sun.reflect.NativeMethodAccessorImpl.invoke0(Native Method)
at sun.reflect.NativeMethodAccessorImpl.invoke(NativeMethodAccessorImpl.java:62)
at sun.reflect.DelegatingMethodAccessorImpl.invoke(DelegatingMethodAccessorImpl.java:43)
at java.lang.reflect.Method.invoke(Method.java:498)
at org.testng.internal.MethodInvocationHelper.invokeMethod(MethodInvocationHelper.java:133)
at org.testng.internal.TestInvoker.invokeMethod(TestInvoker.java:584)
at org.testng.internal.TestInvoker.invokeTestMethod(TestInvoker.java:172)
at org.testng.internal.MethodRunner.runInSequence(MethodRunner.java:46)
at org.testng.internal.TestInvoker$MethodInvocationAgent.invoke(TestInvoker.java:804)
at org.testng.internal.TestInvoker.invokeTestMethods(TestInvoker.java:145)
at org.testng.internal.TestMethodWorker.invokeTestMethods(TestMethodWorker.java:146)
at org.testng.internal.TestMethodWorker.run(TestMethodWorker.java:128)
at java.util.ArrayList.forEach(ArrayList.java:1257)
at org.testng.TestRunner.privateRun(TestRunner.java:770)
at org.testng.TestRunner.run(TestRunner.java:591)
at org.testng.SuiteRunner.runTest(SuiteRunner.java:402)
at org.testng.SuiteRunner.runSequentially(SuiteRunner.java:396)
at org.testng.SuiteRunner.privateRun(SuiteRunner.java:355)
at org.testng.SuiteRunner.run(SuiteRunner.java:304)
at org.testng.SuiteRunnerWorker.runSuite(SuiteRunnerWorker.java:53)
at org.testng.SuiteRunnerWorker.run(SuiteRunnerWorker.java:96)
at org.testng.TestNG.runSuitesSequentially(TestNG.java:1180)
at org.testng.TestNG.runSuitesLocally(TestNG.java:1102)
at org.testng.TestNG.runSuites(TestNG.java:1032)
at org.testng.TestNG.run(TestNG.java:1000)
at org.testng.remote.AbstractRemoteTestNG.run(AbstractRemoteTestNG.java:115)
at org.testng.remote.RemoteTestNG.initAndRun(RemoteTestNG.java:251)
at org.testng.remote.RemoteTestNG.main(RemoteTestNG.java:77)
]]>
    </error>
  </testcase> <!-- validatePartnerFooter -->
  <testcase name="validatePartnerFooter" time="0.035" classname="com.atmecs.testscript.AtmecsHomePageScript">
    <error type="org.openqa.selenium.NoSuchWindowException" message="Currently focused window has been closed.
Build info: version: &#039;4.0.0-alpha-2&#039;, revision: &#039;f148142cf8&#039;, time: &#039;2019-07-01T20:55:26&#039;
System info: host: &#039;ATMECSINLT-283&#039;, ip: &#039;55.55.52.215&#039;, os.name: &#039;Windows 10&#039;, os.arch: &#039;amd64&#039;, os.version: &#039;10.0&#039;, java.version: &#039;1.8.0_221&#039;
Driver info: org.openqa.selenium.ie.InternetExplorerDriver
Capabilities {acceptInsecureCerts: false, browserName: internet explorer, browserVersion: 11, javascriptEnabled: true, pageLoadStrategy: normal, platform: WINDOWS, platformName: WINDOWS, proxy: Proxy(), se:ieOptions: {browserAttachTimeout: 0, elementScrollBehavior: 0, enablePersistentHover: true, ie.browserCommandLineSwitches: , ie.ensureCleanSession: false, ie.fileUploadDialogTimeout: 3000, ie.forceCreateProcessApi: false, ignoreProtectedModeSettings: false, ignoreZoomSetting: false, initialBrowserUrl: http://localhost:2124/, nativeEvents: true, requireWindowFocus: false}, setWindowRect: true, timeouts: {implicit: 0, pageLoad: 300000, script: 30000}}
Session ID: 055d0f1f-16b1-4577-b4c8-1028878473d8
*** Element info: {Using=xpath, value=//div[@id=&#039;footer&#039;]//a[contains(text(),&#039;Quality Engineering&#039;)]}">
      <![CDATA[org.openqa.selenium.NoSuchWindowException: Currently focused window has been closed.
Build info: version: '4.0.0-alpha-2', revision: 'f148142cf8', time: '2019-07-01T20:55:26'
System info: host: 'ATMECSINLT-283', ip: '55.55.52.215', os.name: 'Windows 10', os.arch: 'amd64', os.version: '10.0', java.version: '1.8.0_221'
Driver info: org.openqa.selenium.ie.InternetExplorerDriver
Capabilities {acceptInsecureCerts: false, browserName: internet explorer, browserVersion: 11, javascriptEnabled: true, pageLoadStrategy: normal, platform: WINDOWS, platformName: WINDOWS, proxy: Proxy(), se:ieOptions: {browserAttachTimeout: 0, elementScrollBehavior: 0, enablePersistentHover: true, ie.browserCommandLineSwitches: , ie.ensureCleanSession: false, ie.fileUploadDialogTimeout: 3000, ie.forceCreateProcessApi: false, ignoreProtectedModeSettings: false, ignoreZoomSetting: false, initialBrowserUrl: http://localhost:2124/, nativeEvents: true, requireWindowFocus: false}, setWindowRect: true, timeouts: {implicit: 0, pageLoad: 300000, script: 30000}}
Session ID: 055d0f1f-16b1-4577-b4c8-1028878473d8
*** Element info: {Using=xpath, value=//div[@id='footer']//a[contains(text(),'Quality Engineering')]}
at sun.reflect.GeneratedConstructorAccessor25.newInstance(Unknown Source)
at sun.reflect.DelegatingConstructorAccessorImpl.newInstance(DelegatingConstructorAccessorImpl.java:45)
at java.lang.reflect.Constructor.newInstance(Constructor.java:423)
at org.openqa.selenium.remote.codec.w3c.W3CHttpResponseCodec.createException(W3CHttpResponseCodec.java:191)
at org.openqa.selenium.remote.codec.w3c.W3CHttpResponseCodec.decode(W3CHttpResponseCodec.java:125)
at org.openqa.selenium.remote.codec.w3c.W3CHttpResponseCodec.decode(W3CHttpResponseCodec.java:52)
at org.openqa.selenium.remote.HttpCommandExecutor.execute(HttpCommandExecutor.java:161)
at org.openqa.selenium.remote.service.DriverCommandExecutor.execute(DriverCommandExecutor.java:83)
at org.openqa.selenium.remote.RemoteWebDriver.execute(RemoteWebDriver.java:576)
at org.openqa.selenium.remote.RemoteWebDriver.findElement(RemoteWebDriver.java:327)
at org.openqa.selenium.remote.RemoteWebDriver.findElementByXPath(RemoteWebDriver.java:445)
at org.openqa.selenium.By$ByXPath.findElement(By.java:353)
at org.openqa.selenium.remote.RemoteWebDriver.findElement(RemoteWebDriver.java:319)
at com.atmecs.helper.CommonUtility.locatorsType(CommonUtility.java:49)
at com.atmecs.helper.CommonUtility$4.apply(CommonUtility.java:180)
at com.atmecs.helper.CommonUtility$4.apply(CommonUtility.java:1)
at org.openqa.selenium.support.ui.FluentWait.until(FluentWait.java:211)
at com.atmecs.helper.CommonUtility.getText(CommonUtility.java:177)
at com.atmecs.general.AtmecsHomePage.isFooterPresent(AtmecsHomePage.java:80)
at com.atmecs.testscript.AtmecsHomePageScript.validatePartnerFooter(AtmecsHomePageScript.java:61)
at sun.reflect.GeneratedMethodAccessor4.invoke(Unknown Source)
at sun.reflect.DelegatingMethodAccessorImpl.invoke(DelegatingMethodAccessorImpl.java:43)
at java.lang.reflect.Method.invoke(Method.java:498)
at org.testng.internal.MethodInvocationHelper.invokeMethod(MethodInvocationHelper.java:133)
at org.testng.internal.TestInvoker.invokeMethod(TestInvoker.java:584)
at org.testng.internal.TestInvoker.invokeTestMethod(TestInvoker.java:172)
at org.testng.internal.MethodRunner.runInSequence(MethodRunner.java:46)
at org.testng.internal.TestInvoker$MethodInvocationAgent.invoke(TestInvoker.java:804)
at org.testng.internal.TestInvoker.invokeTestMethods(TestInvoker.java:145)
at org.testng.internal.TestMethodWorker.invokeTestMethods(TestMethodWorker.java:146)
at org.testng.internal.TestMethodWorker.run(TestMethodWorker.java:128)
at java.util.ArrayList.forEach(ArrayList.java:1257)
at org.testng.TestRunner.privateRun(TestRunner.java:770)
at org.testng.TestRunner.run(TestRunner.java:591)
at org.testng.SuiteRunner.runTest(SuiteRunner.java:402)
at org.testng.SuiteRunner.runSequentially(SuiteRunner.java:396)
at org.testng.SuiteRunner.privateRun(SuiteRunner.java:355)
at org.testng.SuiteRunner.run(SuiteRunner.java:304)
at org.testng.SuiteRunnerWorker.runSuite(SuiteRunnerWorker.java:53)
at org.testng.SuiteRunnerWorker.run(SuiteRunnerWorker.java:96)
at org.testng.TestNG.runSuitesSequentially(TestNG.java:1180)
at org.testng.TestNG.runSuitesLocally(TestNG.java:1102)
at org.testng.TestNG.runSuites(TestNG.java:1032)
at org.testng.TestNG.run(TestNG.java:1000)
at org.testng.remote.AbstractRemoteTestNG.run(AbstractRemoteTestNG.java:115)
at org.testng.remote.RemoteTestNG.initAndRun(RemoteTestNG.java:251)
at org.testng.remote.RemoteTestNG.main(RemoteTestNG.java:77)
]]>
    </error>
  </testcase> <!-- validatePartnerFooter -->
  <testcase name="validatePartnerFooter" time="0.021" classname="com.atmecs.testscript.AtmecsHomePageScript">
    <error type="org.openqa.selenium.NoSuchWindowException" message="Currently focused window has been closed.
Build info: version: &#039;4.0.0-alpha-2&#039;, revision: &#039;f148142cf8&#039;, time: &#039;2019-07-01T20:55:26&#039;
System info: host: &#039;ATMECSINLT-283&#039;, ip: &#039;55.55.52.215&#039;, os.name: &#039;Windows 10&#039;, os.arch: &#039;amd64&#039;, os.version: &#039;10.0&#039;, java.version: &#039;1.8.0_221&#039;
Driver info: org.openqa.selenium.ie.InternetExplorerDriver
Capabilities {acceptInsecureCerts: false, browserName: internet explorer, browserVersion: 11, javascriptEnabled: true, pageLoadStrategy: normal, platform: WINDOWS, platformName: WINDOWS, proxy: Proxy(), se:ieOptions: {browserAttachTimeout: 0, elementScrollBehavior: 0, enablePersistentHover: true, ie.browserCommandLineSwitches: , ie.ensureCleanSession: false, ie.fileUploadDialogTimeout: 3000, ie.forceCreateProcessApi: false, ignoreProtectedModeSettings: false, ignoreZoomSetting: false, initialBrowserUrl: http://localhost:2124/, nativeEvents: true, requireWindowFocus: false}, setWindowRect: true, timeouts: {implicit: 0, pageLoad: 300000, script: 30000}}
Session ID: 055d0f1f-16b1-4577-b4c8-1028878473d8
*** Element info: {Using=xpath, value=//div[@id=&#039;footer&#039;]//a[contains(text(),&#039;India – Hyderabad&#039;)]}">
      <![CDATA[org.openqa.selenium.NoSuchWindowException: Currently focused window has been closed.
Build info: version: '4.0.0-alpha-2', revision: 'f148142cf8', time: '2019-07-01T20:55:26'
System info: host: 'ATMECSINLT-283', ip: '55.55.52.215', os.name: 'Windows 10', os.arch: 'amd64', os.version: '10.0', java.version: '1.8.0_221'
Driver info: org.openqa.selenium.ie.InternetExplorerDriver
Capabilities {acceptInsecureCerts: false, browserName: internet explorer, browserVersion: 11, javascriptEnabled: true, pageLoadStrategy: normal, platform: WINDOWS, platformName: WINDOWS, proxy: Proxy(), se:ieOptions: {browserAttachTimeout: 0, elementScrollBehavior: 0, enablePersistentHover: true, ie.browserCommandLineSwitches: , ie.ensureCleanSession: false, ie.fileUploadDialogTimeout: 3000, ie.forceCreateProcessApi: false, ignoreProtectedModeSettings: false, ignoreZoomSetting: false, initialBrowserUrl: http://localhost:2124/, nativeEvents: true, requireWindowFocus: false}, setWindowRect: true, timeouts: {implicit: 0, pageLoad: 300000, script: 30000}}
Session ID: 055d0f1f-16b1-4577-b4c8-1028878473d8
*** Element info: {Using=xpath, value=//div[@id='footer']//a[contains(text(),'India – Hyderabad')]}
at sun.reflect.GeneratedConstructorAccessor25.newInstance(Unknown Source)
at sun.reflect.DelegatingConstructorAccessorImpl.newInstance(DelegatingConstructorAccessorImpl.java:45)
at java.lang.reflect.Constructor.newInstance(Constructor.java:423)
at org.openqa.selenium.remote.codec.w3c.W3CHttpResponseCodec.createException(W3CHttpResponseCodec.java:191)
at org.openqa.selenium.remote.codec.w3c.W3CHttpResponseCodec.decode(W3CHttpResponseCodec.java:125)
at org.openqa.selenium.remote.codec.w3c.W3CHttpResponseCodec.decode(W3CHttpResponseCodec.java:52)
at org.openqa.selenium.remote.HttpCommandExecutor.execute(HttpCommandExecutor.java:161)
at org.openqa.selenium.remote.service.DriverCommandExecutor.execute(DriverCommandExecutor.java:83)
at org.openqa.selenium.remote.RemoteWebDriver.execute(RemoteWebDriver.java:576)
at org.openqa.selenium.remote.RemoteWebDriver.findElement(RemoteWebDriver.java:327)
at org.openqa.selenium.remote.RemoteWebDriver.findElementByXPath(RemoteWebDriver.java:445)
at org.openqa.selenium.By$ByXPath.findElement(By.java:353)
at org.openqa.selenium.remote.RemoteWebDriver.findElement(RemoteWebDriver.java:319)
at com.atmecs.helper.CommonUtility.locatorsType(CommonUtility.java:49)
at com.atmecs.helper.CommonUtility$4.apply(CommonUtility.java:180)
at com.atmecs.helper.CommonUtility$4.apply(CommonUtility.java:1)
at org.openqa.selenium.support.ui.FluentWait.until(FluentWait.java:211)
at com.atmecs.helper.CommonUtility.getText(CommonUtility.java:177)
at com.atmecs.general.AtmecsHomePage.isFooterPresent(AtmecsHomePage.java:80)
at com.atmecs.testscript.AtmecsHomePageScript.validatePartnerFooter(AtmecsHomePageScript.java:61)
at sun.reflect.GeneratedMethodAccessor4.invoke(Unknown Source)
at sun.reflect.DelegatingMethodAccessorImpl.invoke(DelegatingMethodAccessorImpl.java:43)
at java.lang.reflect.Method.invoke(Method.java:498)
at org.testng.internal.MethodInvocationHelper.invokeMethod(MethodInvocationHelper.java:133)
at org.testng.internal.TestInvoker.invokeMethod(TestInvoker.java:584)
at org.testng.internal.TestInvoker.invokeTestMethod(TestInvoker.java:172)
at org.testng.internal.MethodRunner.runInSequence(MethodRunner.java:46)
at org.testng.internal.TestInvoker$MethodInvocationAgent.invoke(TestInvoker.java:804)
at org.testng.internal.TestInvoker.invokeTestMethods(TestInvoker.java:145)
at org.testng.internal.TestMethodWorker.invokeTestMethods(TestMethodWorker.java:146)
at org.testng.internal.TestMethodWorker.run(TestMethodWorker.java:128)
at java.util.ArrayList.forEach(ArrayList.java:1257)
at org.testng.TestRunner.privateRun(TestRunner.java:770)
at org.testng.TestRunner.run(TestRunner.java:591)
at org.testng.SuiteRunner.runTest(SuiteRunner.java:402)
at org.testng.SuiteRunner.runSequentially(SuiteRunner.java:396)
at org.testng.SuiteRunner.privateRun(SuiteRunner.java:355)
at org.testng.SuiteRunner.run(SuiteRunner.java:304)
at org.testng.SuiteRunnerWorker.runSuite(SuiteRunnerWorker.java:53)
at org.testng.SuiteRunnerWorker.run(SuiteRunnerWorker.java:96)
at org.testng.TestNG.runSuitesSequentially(TestNG.java:1180)
at org.testng.TestNG.runSuitesLocally(TestNG.java:1102)
at org.testng.TestNG.runSuites(TestNG.java:1032)
at org.testng.TestNG.run(TestNG.java:1000)
at org.testng.remote.AbstractRemoteTestNG.run(AbstractRemoteTestNG.java:115)
at org.testng.remote.RemoteTestNG.initAndRun(RemoteTestNG.java:251)
at org.testng.remote.RemoteTestNG.main(RemoteTestNG.java:77)
]]>
    </error>
  </testcase> <!-- validatePartnerFooter -->
  <testcase name="validatePartnerFooter" time="0.030" classname="com.atmecs.testscript.AtmecsHomePageScript">
    <error type="org.openqa.selenium.NoSuchWindowException" message="Currently focused window has been closed.
Build info: version: &#039;4.0.0-alpha-2&#039;, revision: &#039;f148142cf8&#039;, time: &#039;2019-07-01T20:55:26&#039;
System info: host: &#039;ATMECSINLT-283&#039;, ip: &#039;55.55.52.215&#039;, os.name: &#039;Windows 10&#039;, os.arch: &#039;amd64&#039;, os.version: &#039;10.0&#039;, java.version: &#039;1.8.0_221&#039;
Driver info: org.openqa.selenium.ie.InternetExplorerDriver
Capabilities {acceptInsecureCerts: false, browserName: internet explorer, browserVersion: 11, javascriptEnabled: true, pageLoadStrategy: normal, platform: WINDOWS, platformName: WINDOWS, proxy: Proxy(), se:ieOptions: {browserAttachTimeout: 0, elementScrollBehavior: 0, enablePersistentHover: true, ie.browserCommandLineSwitches: , ie.ensureCleanSession: false, ie.fileUploadDialogTimeout: 3000, ie.forceCreateProcessApi: false, ignoreProtectedModeSettings: false, ignoreZoomSetting: false, initialBrowserUrl: http://localhost:2124/, nativeEvents: true, requireWindowFocus: false}, setWindowRect: true, timeouts: {implicit: 0, pageLoad: 300000, script: 30000}}
Session ID: 055d0f1f-16b1-4577-b4c8-1028878473d8
*** Element info: {Using=xpath, value=//div[@id=&#039;footer&#039;]//a[contains(text(),&#039;Services&#039;)]}">
      <![CDATA[org.openqa.selenium.NoSuchWindowException: Currently focused window has been closed.
Build info: version: '4.0.0-alpha-2', revision: 'f148142cf8', time: '2019-07-01T20:55:26'
System info: host: 'ATMECSINLT-283', ip: '55.55.52.215', os.name: 'Windows 10', os.arch: 'amd64', os.version: '10.0', java.version: '1.8.0_221'
Driver info: org.openqa.selenium.ie.InternetExplorerDriver
Capabilities {acceptInsecureCerts: false, browserName: internet explorer, browserVersion: 11, javascriptEnabled: true, pageLoadStrategy: normal, platform: WINDOWS, platformName: WINDOWS, proxy: Proxy(), se:ieOptions: {browserAttachTimeout: 0, elementScrollBehavior: 0, enablePersistentHover: true, ie.browserCommandLineSwitches: , ie.ensureCleanSession: false, ie.fileUploadDialogTimeout: 3000, ie.forceCreateProcessApi: false, ignoreProtectedModeSettings: false, ignoreZoomSetting: false, initialBrowserUrl: http://localhost:2124/, nativeEvents: true, requireWindowFocus: false}, setWindowRect: true, timeouts: {implicit: 0, pageLoad: 300000, script: 30000}}
Session ID: 055d0f1f-16b1-4577-b4c8-1028878473d8
*** Element info: {Using=xpath, value=//div[@id='footer']//a[contains(text(),'Services')]}
at sun.reflect.GeneratedConstructorAccessor25.newInstance(Unknown Source)
at sun.reflect.DelegatingConstructorAccessorImpl.newInstance(DelegatingConstructorAccessorImpl.java:45)
at java.lang.reflect.Constructor.newInstance(Constructor.java:423)
at org.openqa.selenium.remote.codec.w3c.W3CHttpResponseCodec.createException(W3CHttpResponseCodec.java:191)
at org.openqa.selenium.remote.codec.w3c.W3CHttpResponseCodec.decode(W3CHttpResponseCodec.java:125)
at org.openqa.selenium.remote.codec.w3c.W3CHttpResponseCodec.decode(W3CHttpResponseCodec.java:52)
at org.openqa.selenium.remote.HttpCommandExecutor.execute(HttpCommandExecutor.java:161)
at org.openqa.selenium.remote.service.DriverCommandExecutor.execute(DriverCommandExecutor.java:83)
at org.openqa.selenium.remote.RemoteWebDriver.execute(RemoteWebDriver.java:576)
at org.openqa.selenium.remote.RemoteWebDriver.findElement(RemoteWebDriver.java:327)
at org.openqa.selenium.remote.RemoteWebDriver.findElementByXPath(RemoteWebDriver.java:445)
at org.openqa.selenium.By$ByXPath.findElement(By.java:353)
at org.openqa.selenium.remote.RemoteWebDriver.findElement(RemoteWebDriver.java:319)
at com.atmecs.helper.CommonUtility.locatorsType(CommonUtility.java:49)
at com.atmecs.helper.CommonUtility$4.apply(CommonUtility.java:180)
at com.atmecs.helper.CommonUtility$4.apply(CommonUtility.java:1)
at org.openqa.selenium.support.ui.FluentWait.until(FluentWait.java:211)
at com.atmecs.helper.CommonUtility.getText(CommonUtility.java:177)
at com.atmecs.general.AtmecsHomePage.isFooterPresent(AtmecsHomePage.java:80)
at com.atmecs.testscript.AtmecsHomePageScript.validatePartnerFooter(AtmecsHomePageScript.java:61)
at sun.reflect.NativeMethodAccessorImpl.invoke0(Native Method)
at sun.reflect.NativeMethodAccessorImpl.invoke(NativeMethodAccessorImpl.java:62)
at sun.reflect.DelegatingMethodAccessorImpl.invoke(DelegatingMethodAccessorImpl.java:43)
at java.lang.reflect.Method.invoke(Method.java:498)
at org.testng.internal.MethodInvocationHelper.invokeMethod(MethodInvocationHelper.java:133)
at org.testng.internal.TestInvoker.invokeMethod(TestInvoker.java:584)
at org.testng.internal.TestInvoker.invokeTestMethod(TestInvoker.java:172)
at org.testng.internal.MethodRunner.runInSequence(MethodRunner.java:46)
at org.testng.internal.TestInvoker$MethodInvocationAgent.invoke(TestInvoker.java:804)
at org.testng.internal.TestInvoker.invokeTestMethods(TestInvoker.java:145)
at org.testng.internal.TestMethodWorker.invokeTestMethods(TestMethodWorker.java:146)
at org.testng.internal.TestMethodWorker.run(TestMethodWorker.java:128)
at java.util.ArrayList.forEach(ArrayList.java:1257)
at org.testng.TestRunner.privateRun(TestRunner.java:770)
at org.testng.TestRunner.run(TestRunner.java:591)
at org.testng.SuiteRunner.runTest(SuiteRunner.java:402)
at org.testng.SuiteRunner.runSequentially(SuiteRunner.java:396)
at org.testng.SuiteRunner.privateRun(SuiteRunner.java:355)
at org.testng.SuiteRunner.run(SuiteRunner.java:304)
at org.testng.SuiteRunnerWorker.runSuite(SuiteRunnerWorker.java:53)
at org.testng.SuiteRunnerWorker.run(SuiteRunnerWorker.java:96)
at org.testng.TestNG.runSuitesSequentially(TestNG.java:1180)
at org.testng.TestNG.runSuitesLocally(TestNG.java:1102)
at org.testng.TestNG.runSuites(TestNG.java:1032)
at org.testng.TestNG.run(TestNG.java:1000)
at org.testng.remote.AbstractRemoteTestNG.run(AbstractRemoteTestNG.java:115)
at org.testng.remote.RemoteTestNG.initAndRun(RemoteTestNG.java:251)
at org.testng.remote.RemoteTestNG.main(RemoteTestNG.java:77)
]]>
    </error>
  </testcase> <!-- validatePartnerFooter -->
  <testcase name="validatePartnerFooter" time="0.032" classname="com.atmecs.testscript.AtmecsHomePageScript">
    <error type="org.openqa.selenium.NoSuchWindowException" message="Currently focused window has been closed.
Build info: version: &#039;4.0.0-alpha-2&#039;, revision: &#039;f148142cf8&#039;, time: &#039;2019-07-01T20:55:26&#039;
System info: host: &#039;ATMECSINLT-283&#039;, ip: &#039;55.55.52.215&#039;, os.name: &#039;Windows 10&#039;, os.arch: &#039;amd64&#039;, os.version: &#039;10.0&#039;, java.version: &#039;1.8.0_221&#039;
Driver info: org.openqa.selenium.ie.InternetExplorerDriver
Capabilities {acceptInsecureCerts: false, browserName: internet explorer, browserVersion: 11, javascriptEnabled: true, pageLoadStrategy: normal, platform: WINDOWS, platformName: WINDOWS, proxy: Proxy(), se:ieOptions: {browserAttachTimeout: 0, elementScrollBehavior: 0, enablePersistentHover: true, ie.browserCommandLineSwitches: , ie.ensureCleanSession: false, ie.fileUploadDialogTimeout: 3000, ie.forceCreateProcessApi: false, ignoreProtectedModeSettings: false, ignoreZoomSetting: false, initialBrowserUrl: http://localhost:2124/, nativeEvents: true, requireWindowFocus: false}, setWindowRect: true, timeouts: {implicit: 0, pageLoad: 300000, script: 30000}}
Session ID: 055d0f1f-16b1-4577-b4c8-1028878473d8
*** Element info: {Using=xpath, value=//div[@id=&#039;footer&#039;]//a[contains(text(),&#039;Robotic Process Automation &amp; ChatBOTs&#039;)]}">
      <![CDATA[org.openqa.selenium.NoSuchWindowException: Currently focused window has been closed.
Build info: version: '4.0.0-alpha-2', revision: 'f148142cf8', time: '2019-07-01T20:55:26'
System info: host: 'ATMECSINLT-283', ip: '55.55.52.215', os.name: 'Windows 10', os.arch: 'amd64', os.version: '10.0', java.version: '1.8.0_221'
Driver info: org.openqa.selenium.ie.InternetExplorerDriver
Capabilities {acceptInsecureCerts: false, browserName: internet explorer, browserVersion: 11, javascriptEnabled: true, pageLoadStrategy: normal, platform: WINDOWS, platformName: WINDOWS, proxy: Proxy(), se:ieOptions: {browserAttachTimeout: 0, elementScrollBehavior: 0, enablePersistentHover: true, ie.browserCommandLineSwitches: , ie.ensureCleanSession: false, ie.fileUploadDialogTimeout: 3000, ie.forceCreateProcessApi: false, ignoreProtectedModeSettings: false, ignoreZoomSetting: false, initialBrowserUrl: http://localhost:2124/, nativeEvents: true, requireWindowFocus: false}, setWindowRect: true, timeouts: {implicit: 0, pageLoad: 300000, script: 30000}}
Session ID: 055d0f1f-16b1-4577-b4c8-1028878473d8
*** Element info: {Using=xpath, value=//div[@id='footer']//a[contains(text(),'Robotic Process Automation & ChatBOTs')]}
at sun.reflect.GeneratedConstructorAccessor25.newInstance(Unknown Source)
at sun.reflect.DelegatingConstructorAccessorImpl.newInstance(DelegatingConstructorAccessorImpl.java:45)
at java.lang.reflect.Constructor.newInstance(Constructor.java:423)
at org.openqa.selenium.remote.codec.w3c.W3CHttpResponseCodec.createException(W3CHttpResponseCodec.java:191)
at org.openqa.selenium.remote.codec.w3c.W3CHttpResponseCodec.decode(W3CHttpResponseCodec.java:125)
at org.openqa.selenium.remote.codec.w3c.W3CHttpResponseCodec.decode(W3CHttpResponseCodec.java:52)
at org.openqa.selenium.remote.HttpCommandExecutor.execute(HttpCommandExecutor.java:161)
at org.openqa.selenium.remote.service.DriverCommandExecutor.execute(DriverCommandExecutor.java:83)
at org.openqa.selenium.remote.RemoteWebDriver.execute(RemoteWebDriver.java:576)
at org.openqa.selenium.remote.RemoteWebDriver.findElement(RemoteWebDriver.java:327)
at org.openqa.selenium.remote.RemoteWebDriver.findElementByXPath(RemoteWebDriver.java:445)
at org.openqa.selenium.By$ByXPath.findElement(By.java:353)
at org.openqa.selenium.remote.RemoteWebDriver.findElement(RemoteWebDriver.java:319)
at com.atmecs.helper.CommonUtility.locatorsType(CommonUtility.java:49)
at com.atmecs.helper.CommonUtility$4.apply(CommonUtility.java:180)
at com.atmecs.helper.CommonUtility$4.apply(CommonUtility.java:1)
at org.openqa.selenium.support.ui.FluentWait.until(FluentWait.java:211)
at com.atmecs.helper.CommonUtility.getText(CommonUtility.java:177)
at com.atmecs.general.AtmecsHomePage.isFooterPresent(AtmecsHomePage.java:80)
at com.atmecs.testscript.AtmecsHomePageScript.validatePartnerFooter(AtmecsHomePageScript.java:61)
at sun.reflect.GeneratedMethodAccessor4.invoke(Unknown Source)
at sun.reflect.DelegatingMethodAccessorImpl.invoke(DelegatingMethodAccessorImpl.java:43)
at java.lang.reflect.Method.invoke(Method.java:498)
at org.testng.internal.MethodInvocationHelper.invokeMethod(MethodInvocationHelper.java:133)
at org.testng.internal.TestInvoker.invokeMethod(TestInvoker.java:584)
at org.testng.internal.TestInvoker.invokeTestMethod(TestInvoker.java:172)
at org.testng.internal.MethodRunner.runInSequence(MethodRunner.java:46)
at org.testng.internal.TestInvoker$MethodInvocationAgent.invoke(TestInvoker.java:804)
at org.testng.internal.TestInvoker.invokeTestMethods(TestInvoker.java:145)
at org.testng.internal.TestMethodWorker.invokeTestMethods(TestMethodWorker.java:146)
at org.testng.internal.TestMethodWorker.run(TestMethodWorker.java:128)
at java.util.ArrayList.forEach(ArrayList.java:1257)
at org.testng.TestRunner.privateRun(TestRunner.java:770)
at org.testng.TestRunner.run(TestRunner.java:591)
at org.testng.SuiteRunner.runTest(SuiteRunner.java:402)
at org.testng.SuiteRunner.runSequentially(SuiteRunner.java:396)
at org.testng.SuiteRunner.privateRun(SuiteRunner.java:355)
at org.testng.SuiteRunner.run(SuiteRunner.java:304)
at org.testng.SuiteRunnerWorker.runSuite(SuiteRunnerWorker.java:53)
at org.testng.SuiteRunnerWorker.run(SuiteRunnerWorker.java:96)
at org.testng.TestNG.runSuitesSequentially(TestNG.java:1180)
at org.testng.TestNG.runSuitesLocally(TestNG.java:1102)
at org.testng.TestNG.runSuites(TestNG.java:1032)
at org.testng.TestNG.run(TestNG.java:1000)
at org.testng.remote.AbstractRemoteTestNG.run(AbstractRemoteTestNG.java:115)
at org.testng.remote.RemoteTestNG.initAndRun(RemoteTestNG.java:251)
at org.testng.remote.RemoteTestNG.main(RemoteTestNG.java:77)
]]>
    </error>
  </testcase> <!-- validatePartnerFooter -->
  <testcase name="validatePartnerFooter" time="0.032" classname="com.atmecs.testscript.AtmecsHomePageScript">
    <error type="org.openqa.selenium.NoSuchWindowException" message="Currently focused window has been closed.
Build info: version: &#039;4.0.0-alpha-2&#039;, revision: &#039;f148142cf8&#039;, time: &#039;2019-07-01T20:55:26&#039;
System info: host: &#039;ATMECSINLT-283&#039;, ip: &#039;55.55.52.215&#039;, os.name: &#039;Windows 10&#039;, os.arch: &#039;amd64&#039;, os.version: &#039;10.0&#039;, java.version: &#039;1.8.0_221&#039;
Driver info: org.openqa.selenium.ie.InternetExplorerDriver
Capabilities {acceptInsecureCerts: false, browserName: internet explorer, browserVersion: 11, javascriptEnabled: true, pageLoadStrategy: normal, platform: WINDOWS, platformName: WINDOWS, proxy: Proxy(), se:ieOptions: {browserAttachTimeout: 0, elementScrollBehavior: 0, enablePersistentHover: true, ie.browserCommandLineSwitches: , ie.ensureCleanSession: false, ie.fileUploadDialogTimeout: 3000, ie.forceCreateProcessApi: false, ignoreProtectedModeSettings: false, ignoreZoomSetting: false, initialBrowserUrl: http://localhost:2124/, nativeEvents: true, requireWindowFocus: false}, setWindowRect: true, timeouts: {implicit: 0, pageLoad: 300000, script: 30000}}
Session ID: 055d0f1f-16b1-4577-b4c8-1028878473d8
*** Element info: {Using=xpath, value=//div[@id=&#039;footer&#039;]//a[contains(text(),&#039;Senior Java/J2EE Engineer&#039;)]}">
      <![CDATA[org.openqa.selenium.NoSuchWindowException: Currently focused window has been closed.
Build info: version: '4.0.0-alpha-2', revision: 'f148142cf8', time: '2019-07-01T20:55:26'
System info: host: 'ATMECSINLT-283', ip: '55.55.52.215', os.name: 'Windows 10', os.arch: 'amd64', os.version: '10.0', java.version: '1.8.0_221'
Driver info: org.openqa.selenium.ie.InternetExplorerDriver
Capabilities {acceptInsecureCerts: false, browserName: internet explorer, browserVersion: 11, javascriptEnabled: true, pageLoadStrategy: normal, platform: WINDOWS, platformName: WINDOWS, proxy: Proxy(), se:ieOptions: {browserAttachTimeout: 0, elementScrollBehavior: 0, enablePersistentHover: true, ie.browserCommandLineSwitches: , ie.ensureCleanSession: false, ie.fileUploadDialogTimeout: 3000, ie.forceCreateProcessApi: false, ignoreProtectedModeSettings: false, ignoreZoomSetting: false, initialBrowserUrl: http://localhost:2124/, nativeEvents: true, requireWindowFocus: false}, setWindowRect: true, timeouts: {implicit: 0, pageLoad: 300000, script: 30000}}
Session ID: 055d0f1f-16b1-4577-b4c8-1028878473d8
*** Element info: {Using=xpath, value=//div[@id='footer']//a[contains(text(),'Senior Java/J2EE Engineer')]}
at sun.reflect.GeneratedConstructorAccessor25.newInstance(Unknown Source)
at sun.reflect.DelegatingConstructorAccessorImpl.newInstance(DelegatingConstructorAccessorImpl.java:45)
at java.lang.reflect.Constructor.newInstance(Constructor.java:423)
at org.openqa.selenium.remote.codec.w3c.W3CHttpResponseCodec.createException(W3CHttpResponseCodec.java:191)
at org.openqa.selenium.remote.codec.w3c.W3CHttpResponseCodec.decode(W3CHttpResponseCodec.java:125)
at org.openqa.selenium.remote.codec.w3c.W3CHttpResponseCodec.decode(W3CHttpResponseCodec.java:52)
at org.openqa.selenium.remote.HttpCommandExecutor.execute(HttpCommandExecutor.java:161)
at org.openqa.selenium.remote.service.DriverCommandExecutor.execute(DriverCommandExecutor.java:83)
at org.openqa.selenium.remote.RemoteWebDriver.execute(RemoteWebDriver.java:576)
at org.openqa.selenium.remote.RemoteWebDriver.findElement(RemoteWebDriver.java:327)
at org.openqa.selenium.remote.RemoteWebDriver.findElementByXPath(RemoteWebDriver.java:445)
at org.openqa.selenium.By$ByXPath.findElement(By.java:353)
at org.openqa.selenium.remote.RemoteWebDriver.findElement(RemoteWebDriver.java:319)
at com.atmecs.helper.CommonUtility.locatorsType(CommonUtility.java:49)
at com.atmecs.helper.CommonUtility$4.apply(CommonUtility.java:180)
at com.atmecs.helper.CommonUtility$4.apply(CommonUtility.java:1)
at org.openqa.selenium.support.ui.FluentWait.until(FluentWait.java:211)
at com.atmecs.helper.CommonUtility.getText(CommonUtility.java:177)
at com.atmecs.general.AtmecsHomePage.isFooterPresent(AtmecsHomePage.java:80)
at com.atmecs.testscript.AtmecsHomePageScript.validatePartnerFooter(AtmecsHomePageScript.java:61)
at sun.reflect.NativeMethodAccessorImpl.invoke0(Native Method)
at sun.reflect.NativeMethodAccessorImpl.invoke(NativeMethodAccessorImpl.java:62)
at sun.reflect.DelegatingMethodAccessorImpl.invoke(DelegatingMethodAccessorImpl.java:43)
at java.lang.reflect.Method.invoke(Method.java:498)
at org.testng.internal.MethodInvocationHelper.invokeMethod(MethodInvocationHelper.java:133)
at org.testng.internal.TestInvoker.invokeMethod(TestInvoker.java:584)
at org.testng.internal.TestInvoker.invokeTestMethod(TestInvoker.java:172)
at org.testng.internal.MethodRunner.runInSequence(MethodRunner.java:46)
at org.testng.internal.TestInvoker$MethodInvocationAgent.invoke(TestInvoker.java:804)
at org.testng.internal.TestInvoker.invokeTestMethods(TestInvoker.java:145)
at org.testng.internal.TestMethodWorker.invokeTestMethods(TestMethodWorker.java:146)
at org.testng.internal.TestMethodWorker.run(TestMethodWorker.java:128)
at java.util.ArrayList.forEach(ArrayList.java:1257)
at org.testng.TestRunner.privateRun(TestRunner.java:770)
at org.testng.TestRunner.run(TestRunner.java:591)
at org.testng.SuiteRunner.runTest(SuiteRunner.java:402)
at org.testng.SuiteRunner.runSequentially(SuiteRunner.java:396)
at org.testng.SuiteRunner.privateRun(SuiteRunner.java:355)
at org.testng.SuiteRunner.run(SuiteRunner.java:304)
at org.testng.SuiteRunnerWorker.runSuite(SuiteRunnerWorker.java:53)
at org.testng.SuiteRunnerWorker.run(SuiteRunnerWorker.java:96)
at org.testng.TestNG.runSuitesSequentially(TestNG.java:1180)
at org.testng.TestNG.runSuitesLocally(TestNG.java:1102)
at org.testng.TestNG.runSuites(TestNG.java:1032)
at org.testng.TestNG.run(TestNG.java:1000)
at org.testng.remote.AbstractRemoteTestNG.run(AbstractRemoteTestNG.java:115)
at org.testng.remote.RemoteTestNG.initAndRun(RemoteTestNG.java:251)
at org.testng.remote.RemoteTestNG.main(RemoteTestNG.java:77)
]]>
    </error>
  </testcase> <!-- validatePartnerFooter -->
  <testcase name="validatePartnerFooter" time="0.032" classname="com.atmecs.testscript.AtmecsHomePageScript">
    <error type="org.openqa.selenium.NoSuchWindowException" message="Currently focused window has been closed.
Build info: version: &#039;4.0.0-alpha-2&#039;, revision: &#039;f148142cf8&#039;, time: &#039;2019-07-01T20:55:26&#039;
System info: host: &#039;ATMECSINLT-283&#039;, ip: &#039;55.55.52.215&#039;, os.name: &#039;Windows 10&#039;, os.arch: &#039;amd64&#039;, os.version: &#039;10.0&#039;, java.version: &#039;1.8.0_221&#039;
Driver info: org.openqa.selenium.ie.InternetExplorerDriver
Capabilities {acceptInsecureCerts: false, browserName: internet explorer, browserVersion: 11, javascriptEnabled: true, pageLoadStrategy: normal, platform: WINDOWS, platformName: WINDOWS, proxy: Proxy(), se:ieOptions: {browserAttachTimeout: 0, elementScrollBehavior: 0, enablePersistentHover: true, ie.browserCommandLineSwitches: , ie.ensureCleanSession: false, ie.fileUploadDialogTimeout: 3000, ie.forceCreateProcessApi: false, ignoreProtectedModeSettings: false, ignoreZoomSetting: false, initialBrowserUrl: http://localhost:2124/, nativeEvents: true, requireWindowFocus: false}, setWindowRect: true, timeouts: {implicit: 0, pageLoad: 300000, script: 30000}}
Session ID: 055d0f1f-16b1-4577-b4c8-1028878473d8
*** Element info: {Using=xpath, value=//div[@id=&#039;footer&#039;]//a[contains(text(),&#039;Internet of Things&#039;)]}">
      <![CDATA[org.openqa.selenium.NoSuchWindowException: Currently focused window has been closed.
Build info: version: '4.0.0-alpha-2', revision: 'f148142cf8', time: '2019-07-01T20:55:26'
System info: host: 'ATMECSINLT-283', ip: '55.55.52.215', os.name: 'Windows 10', os.arch: 'amd64', os.version: '10.0', java.version: '1.8.0_221'
Driver info: org.openqa.selenium.ie.InternetExplorerDriver
Capabilities {acceptInsecureCerts: false, browserName: internet explorer, browserVersion: 11, javascriptEnabled: true, pageLoadStrategy: normal, platform: WINDOWS, platformName: WINDOWS, proxy: Proxy(), se:ieOptions: {browserAttachTimeout: 0, elementScrollBehavior: 0, enablePersistentHover: true, ie.browserCommandLineSwitches: , ie.ensureCleanSession: false, ie.fileUploadDialogTimeout: 3000, ie.forceCreateProcessApi: false, ignoreProtectedModeSettings: false, ignoreZoomSetting: false, initialBrowserUrl: http://localhost:2124/, nativeEvents: true, requireWindowFocus: false}, setWindowRect: true, timeouts: {implicit: 0, pageLoad: 300000, script: 30000}}
Session ID: 055d0f1f-16b1-4577-b4c8-1028878473d8
*** Element info: {Using=xpath, value=//div[@id='footer']//a[contains(text(),'Internet of Things')]}
at sun.reflect.GeneratedConstructorAccessor25.newInstance(Unknown Source)
at sun.reflect.DelegatingConstructorAccessorImpl.newInstance(DelegatingConstructorAccessorImpl.java:45)
at java.lang.reflect.Constructor.newInstance(Constructor.java:423)
at org.openqa.selenium.remote.codec.w3c.W3CHttpResponseCodec.createException(W3CHttpResponseCodec.java:191)
at org.openqa.selenium.remote.codec.w3c.W3CHttpResponseCodec.decode(W3CHttpResponseCodec.java:125)
at org.openqa.selenium.remote.codec.w3c.W3CHttpResponseCodec.decode(W3CHttpResponseCodec.java:52)
at org.openqa.selenium.remote.HttpCommandExecutor.execute(HttpCommandExecutor.java:161)
at org.openqa.selenium.remote.service.DriverCommandExecutor.execute(DriverCommandExecutor.java:83)
at org.openqa.selenium.remote.RemoteWebDriver.execute(RemoteWebDriver.java:576)
at org.openqa.selenium.remote.RemoteWebDriver.findElement(RemoteWebDriver.java:327)
at org.openqa.selenium.remote.RemoteWebDriver.findElementByXPath(RemoteWebDriver.java:445)
at org.openqa.selenium.By$ByXPath.findElement(By.java:353)
at org.openqa.selenium.remote.RemoteWebDriver.findElement(RemoteWebDriver.java:319)
at com.atmecs.helper.CommonUtility.locatorsType(CommonUtility.java:49)
at com.atmecs.helper.CommonUtility$4.apply(CommonUtility.java:180)
at com.atmecs.helper.CommonUtility$4.apply(CommonUtility.java:1)
at org.openqa.selenium.support.ui.FluentWait.until(FluentWait.java:211)
at com.atmecs.helper.CommonUtility.getText(CommonUtility.java:177)
at com.atmecs.general.AtmecsHomePage.isFooterPresent(AtmecsHomePage.java:80)
at com.atmecs.testscript.AtmecsHomePageScript.validatePartnerFooter(AtmecsHomePageScript.java:61)
at sun.reflect.GeneratedMethodAccessor4.invoke(Unknown Source)
at sun.reflect.DelegatingMethodAccessorImpl.invoke(DelegatingMethodAccessorImpl.java:43)
at java.lang.reflect.Method.invoke(Method.java:498)
at org.testng.internal.MethodInvocationHelper.invokeMethod(MethodInvocationHelper.java:133)
at org.testng.internal.TestInvoker.invokeMethod(TestInvoker.java:584)
at org.testng.internal.TestInvoker.invokeTestMethod(TestInvoker.java:172)
at org.testng.internal.MethodRunner.runInSequence(MethodRunner.java:46)
at org.testng.internal.TestInvoker$MethodInvocationAgent.invoke(TestInvoker.java:804)
at org.testng.internal.TestInvoker.invokeTestMethods(TestInvoker.java:145)
at org.testng.internal.TestMethodWorker.invokeTestMethods(TestMethodWorker.java:146)
at org.testng.internal.TestMethodWorker.run(TestMethodWorker.java:128)
at java.util.ArrayList.forEach(ArrayList.java:1257)
at org.testng.TestRunner.privateRun(TestRunner.java:770)
at org.testng.TestRunner.run(TestRunner.java:591)
at org.testng.SuiteRunner.runTest(SuiteRunner.java:402)
at org.testng.SuiteRunner.runSequentially(SuiteRunner.java:396)
at org.testng.SuiteRunner.privateRun(SuiteRunner.java:355)
at org.testng.SuiteRunner.run(SuiteRunner.java:304)
at org.testng.SuiteRunnerWorker.runSuite(SuiteRunnerWorker.java:53)
at org.testng.SuiteRunnerWorker.run(SuiteRunnerWorker.java:96)
at org.testng.TestNG.runSuitesSequentially(TestNG.java:1180)
at org.testng.TestNG.runSuitesLocally(TestNG.java:1102)
at org.testng.TestNG.runSuites(TestNG.java:1032)
at org.testng.TestNG.run(TestNG.java:1000)
at org.testng.remote.AbstractRemoteTestNG.run(AbstractRemoteTestNG.java:115)
at org.testng.remote.RemoteTestNG.initAndRun(RemoteTestNG.java:251)
at org.testng.remote.RemoteTestNG.main(RemoteTestNG.java:77)
]]>
    </error>
  </testcase> <!-- validatePartnerFooter -->
  <testcase name="validatePartnerFooter" time="0.024" classname="com.atmecs.testscript.AtmecsHomePageScript">
    <error type="org.openqa.selenium.NoSuchWindowException" message="Currently focused window has been closed.
Build info: version: &#039;4.0.0-alpha-2&#039;, revision: &#039;f148142cf8&#039;, time: &#039;2019-07-01T20:55:26&#039;
System info: host: &#039;ATMECSINLT-283&#039;, ip: &#039;55.55.52.215&#039;, os.name: &#039;Windows 10&#039;, os.arch: &#039;amd64&#039;, os.version: &#039;10.0&#039;, java.version: &#039;1.8.0_221&#039;
Driver info: org.openqa.selenium.ie.InternetExplorerDriver
Capabilities {acceptInsecureCerts: false, browserName: internet explorer, browserVersion: 11, javascriptEnabled: true, pageLoadStrategy: normal, platform: WINDOWS, platformName: WINDOWS, proxy: Proxy(), se:ieOptions: {browserAttachTimeout: 0, elementScrollBehavior: 0, enablePersistentHover: true, ie.browserCommandLineSwitches: , ie.ensureCleanSession: false, ie.fileUploadDialogTimeout: 3000, ie.forceCreateProcessApi: false, ignoreProtectedModeSettings: false, ignoreZoomSetting: false, initialBrowserUrl: http://localhost:2124/, nativeEvents: true, requireWindowFocus: false}, setWindowRect: true, timeouts: {implicit: 0, pageLoad: 300000, script: 30000}}
Session ID: 055d0f1f-16b1-4577-b4c8-1028878473d8
*** Element info: {Using=xpath, value=//div[@id=&#039;footer&#039;]//a[contains(text(),&#039;Partners&#039;)]}">
      <![CDATA[org.openqa.selenium.NoSuchWindowException: Currently focused window has been closed.
Build info: version: '4.0.0-alpha-2', revision: 'f148142cf8', time: '2019-07-01T20:55:26'
System info: host: 'ATMECSINLT-283', ip: '55.55.52.215', os.name: 'Windows 10', os.arch: 'amd64', os.version: '10.0', java.version: '1.8.0_221'
Driver info: org.openqa.selenium.ie.InternetExplorerDriver
Capabilities {acceptInsecureCerts: false, browserName: internet explorer, browserVersion: 11, javascriptEnabled: true, pageLoadStrategy: normal, platform: WINDOWS, platformName: WINDOWS, proxy: Proxy(), se:ieOptions: {browserAttachTimeout: 0, elementScrollBehavior: 0, enablePersistentHover: true, ie.browserCommandLineSwitches: , ie.ensureCleanSession: false, ie.fileUploadDialogTimeout: 3000, ie.forceCreateProcessApi: false, ignoreProtectedModeSettings: false, ignoreZoomSetting: false, initialBrowserUrl: http://localhost:2124/, nativeEvents: true, requireWindowFocus: false}, setWindowRect: true, timeouts: {implicit: 0, pageLoad: 300000, script: 30000}}
Session ID: 055d0f1f-16b1-4577-b4c8-1028878473d8
*** Element info: {Using=xpath, value=//div[@id='footer']//a[contains(text(),'Partners')]}
at sun.reflect.GeneratedConstructorAccessor25.newInstance(Unknown Source)
at sun.reflect.DelegatingConstructorAccessorImpl.newInstance(DelegatingConstructorAccessorImpl.java:45)
at java.lang.reflect.Constructor.newInstance(Constructor.java:423)
at org.openqa.selenium.remote.codec.w3c.W3CHttpResponseCodec.createException(W3CHttpResponseCodec.java:191)
at org.openqa.selenium.remote.codec.w3c.W3CHttpResponseCodec.decode(W3CHttpResponseCodec.java:125)
at org.openqa.selenium.remote.codec.w3c.W3CHttpResponseCodec.decode(W3CHttpResponseCodec.java:52)
at org.openqa.selenium.remote.HttpCommandExecutor.execute(HttpCommandExecutor.java:161)
at org.openqa.selenium.remote.service.DriverCommandExecutor.execute(DriverCommandExecutor.java:83)
at org.openqa.selenium.remote.RemoteWebDriver.execute(RemoteWebDriver.java:576)
at org.openqa.selenium.remote.RemoteWebDriver.findElement(RemoteWebDriver.java:327)
at org.openqa.selenium.remote.RemoteWebDriver.findElementByXPath(RemoteWebDriver.java:445)
at org.openqa.selenium.By$ByXPath.findElement(By.java:353)
at org.openqa.selenium.remote.RemoteWebDriver.findElement(RemoteWebDriver.java:319)
at com.atmecs.helper.CommonUtility.locatorsType(CommonUtility.java:49)
at com.atmecs.helper.CommonUtility$4.apply(CommonUtility.java:180)
at com.atmecs.helper.CommonUtility$4.apply(CommonUtility.java:1)
at org.openqa.selenium.support.ui.FluentWait.until(FluentWait.java:211)
at com.atmecs.helper.CommonUtility.getText(CommonUtility.java:177)
at com.atmecs.general.AtmecsHomePage.isFooterPresent(AtmecsHomePage.java:80)
at com.atmecs.testscript.AtmecsHomePageScript.validatePartnerFooter(AtmecsHomePageScript.java:61)
at sun.reflect.NativeMethodAccessorImpl.invoke0(Native Method)
at sun.reflect.NativeMethodAccessorImpl.invoke(NativeMethodAccessorImpl.java:62)
at sun.reflect.DelegatingMethodAccessorImpl.invoke(DelegatingMethodAccessorImpl.java:43)
at java.lang.reflect.Method.invoke(Method.java:498)
at org.testng.internal.MethodInvocationHelper.invokeMethod(MethodInvocationHelper.java:133)
at org.testng.internal.TestInvoker.invokeMethod(TestInvoker.java:584)
at org.testng.internal.TestInvoker.invokeTestMethod(TestInvoker.java:172)
at org.testng.internal.MethodRunner.runInSequence(MethodRunner.java:46)
at org.testng.internal.TestInvoker$MethodInvocationAgent.invoke(TestInvoker.java:804)
at org.testng.internal.TestInvoker.invokeTestMethods(TestInvoker.java:145)
at org.testng.internal.TestMethodWorker.invokeTestMethods(TestMethodWorker.java:146)
at org.testng.internal.TestMethodWorker.run(TestMethodWorker.java:128)
at java.util.ArrayList.forEach(ArrayList.java:1257)
at org.testng.TestRunner.privateRun(TestRunner.java:770)
at org.testng.TestRunner.run(TestRunner.java:591)
at org.testng.SuiteRunner.runTest(SuiteRunner.java:402)
at org.testng.SuiteRunner.runSequentially(SuiteRunner.java:396)
at org.testng.SuiteRunner.privateRun(SuiteRunner.java:355)
at org.testng.SuiteRunner.run(SuiteRunner.java:304)
at org.testng.SuiteRunnerWorker.runSuite(SuiteRunnerWorker.java:53)
at org.testng.SuiteRunnerWorker.run(SuiteRunnerWorker.java:96)
at org.testng.TestNG.runSuitesSequentially(TestNG.java:1180)
at org.testng.TestNG.runSuitesLocally(TestNG.java:1102)
at org.testng.TestNG.runSuites(TestNG.java:1032)
at org.testng.TestNG.run(TestNG.java:1000)
at org.testng.remote.AbstractRemoteTestNG.run(AbstractRemoteTestNG.java:115)
at org.testng.remote.RemoteTestNG.initAndRun(RemoteTestNG.java:251)
at org.testng.remote.RemoteTestNG.main(RemoteTestNG.java:77)
]]>
    </error>
  </testcase> <!-- validatePartnerFooter -->
  <testcase name="validatePartnerFooter" time="0.026" classname="com.atmecs.testscript.AtmecsHomePageScript">
    <error type="org.openqa.selenium.NoSuchWindowException" message="Currently focused window has been closed.
Build info: version: &#039;4.0.0-alpha-2&#039;, revision: &#039;f148142cf8&#039;, time: &#039;2019-07-01T20:55:26&#039;
System info: host: &#039;ATMECSINLT-283&#039;, ip: &#039;55.55.52.215&#039;, os.name: &#039;Windows 10&#039;, os.arch: &#039;amd64&#039;, os.version: &#039;10.0&#039;, java.version: &#039;1.8.0_221&#039;
Driver info: org.openqa.selenium.ie.InternetExplorerDriver
Capabilities {acceptInsecureCerts: false, browserName: internet explorer, browserVersion: 11, javascriptEnabled: true, pageLoadStrategy: normal, platform: WINDOWS, platformName: WINDOWS, proxy: Proxy(), se:ieOptions: {browserAttachTimeout: 0, elementScrollBehavior: 0, enablePersistentHover: true, ie.browserCommandLineSwitches: , ie.ensureCleanSession: false, ie.fileUploadDialogTimeout: 3000, ie.forceCreateProcessApi: false, ignoreProtectedModeSettings: false, ignoreZoomSetting: false, initialBrowserUrl: http://localhost:2124/, nativeEvents: true, requireWindowFocus: false}, setWindowRect: true, timeouts: {implicit: 0, pageLoad: 300000, script: 30000}}
Session ID: 055d0f1f-16b1-4577-b4c8-1028878473d8
*** Element info: {Using=xpath, value=//div[@id=&#039;footer&#039;]//a[contains(text(),&#039;Blockchain&#039;)]}">
      <![CDATA[org.openqa.selenium.NoSuchWindowException: Currently focused window has been closed.
Build info: version: '4.0.0-alpha-2', revision: 'f148142cf8', time: '2019-07-01T20:55:26'
System info: host: 'ATMECSINLT-283', ip: '55.55.52.215', os.name: 'Windows 10', os.arch: 'amd64', os.version: '10.0', java.version: '1.8.0_221'
Driver info: org.openqa.selenium.ie.InternetExplorerDriver
Capabilities {acceptInsecureCerts: false, browserName: internet explorer, browserVersion: 11, javascriptEnabled: true, pageLoadStrategy: normal, platform: WINDOWS, platformName: WINDOWS, proxy: Proxy(), se:ieOptions: {browserAttachTimeout: 0, elementScrollBehavior: 0, enablePersistentHover: true, ie.browserCommandLineSwitches: , ie.ensureCleanSession: false, ie.fileUploadDialogTimeout: 3000, ie.forceCreateProcessApi: false, ignoreProtectedModeSettings: false, ignoreZoomSetting: false, initialBrowserUrl: http://localhost:2124/, nativeEvents: true, requireWindowFocus: false}, setWindowRect: true, timeouts: {implicit: 0, pageLoad: 300000, script: 30000}}
Session ID: 055d0f1f-16b1-4577-b4c8-1028878473d8
*** Element info: {Using=xpath, value=//div[@id='footer']//a[contains(text(),'Blockchain')]}
at sun.reflect.GeneratedConstructorAccessor25.newInstance(Unknown Source)
at sun.reflect.DelegatingConstructorAccessorImpl.newInstance(DelegatingConstructorAccessorImpl.java:45)
at java.lang.reflect.Constructor.newInstance(Constructor.java:423)
at org.openqa.selenium.remote.codec.w3c.W3CHttpResponseCodec.createException(W3CHttpResponseCodec.java:191)
at org.openqa.selenium.remote.codec.w3c.W3CHttpResponseCodec.decode(W3CHttpResponseCodec.java:125)
at org.openqa.selenium.remote.codec.w3c.W3CHttpResponseCodec.decode(W3CHttpResponseCodec.java:52)
at org.openqa.selenium.remote.HttpCommandExecutor.execute(HttpCommandExecutor.java:161)
at org.openqa.selenium.remote.service.DriverCommandExecutor.execute(DriverCommandExecutor.java:83)
at org.openqa.selenium.remote.RemoteWebDriver.execute(RemoteWebDriver.java:576)
at org.openqa.selenium.remote.RemoteWebDriver.findElement(RemoteWebDriver.java:327)
at org.openqa.selenium.remote.RemoteWebDriver.findElementByXPath(RemoteWebDriver.java:445)
at org.openqa.selenium.By$ByXPath.findElement(By.java:353)
at org.openqa.selenium.remote.RemoteWebDriver.findElement(RemoteWebDriver.java:319)
at com.atmecs.helper.CommonUtility.locatorsType(CommonUtility.java:49)
at com.atmecs.helper.CommonUtility$4.apply(CommonUtility.java:180)
at com.atmecs.helper.CommonUtility$4.apply(CommonUtility.java:1)
at org.openqa.selenium.support.ui.FluentWait.until(FluentWait.java:211)
at com.atmecs.helper.CommonUtility.getText(CommonUtility.java:177)
at com.atmecs.general.AtmecsHomePage.isFooterPresent(AtmecsHomePage.java:80)
at com.atmecs.testscript.AtmecsHomePageScript.validatePartnerFooter(AtmecsHomePageScript.java:61)
at sun.reflect.GeneratedMethodAccessor4.invoke(Unknown Source)
at sun.reflect.DelegatingMethodAccessorImpl.invoke(DelegatingMethodAccessorImpl.java:43)
at java.lang.reflect.Method.invoke(Method.java:498)
at org.testng.internal.MethodInvocationHelper.invokeMethod(MethodInvocationHelper.java:133)
at org.testng.internal.TestInvoker.invokeMethod(TestInvoker.java:584)
at org.testng.internal.TestInvoker.invokeTestMethod(TestInvoker.java:172)
at org.testng.internal.MethodRunner.runInSequence(MethodRunner.java:46)
at org.testng.internal.TestInvoker$MethodInvocationAgent.invoke(TestInvoker.java:804)
at org.testng.internal.TestInvoker.invokeTestMethods(TestInvoker.java:145)
at org.testng.internal.TestMethodWorker.invokeTestMethods(TestMethodWorker.java:146)
at org.testng.internal.TestMethodWorker.run(TestMethodWorker.java:128)
at java.util.ArrayList.forEach(ArrayList.java:1257)
at org.testng.TestRunner.privateRun(TestRunner.java:770)
at org.testng.TestRunner.run(TestRunner.java:591)
at org.testng.SuiteRunner.runTest(SuiteRunner.java:402)
at org.testng.SuiteRunner.runSequentially(SuiteRunner.java:396)
at org.testng.SuiteRunner.privateRun(SuiteRunner.java:355)
at org.testng.SuiteRunner.run(SuiteRunner.java:304)
at org.testng.SuiteRunnerWorker.runSuite(SuiteRunnerWorker.java:53)
at org.testng.SuiteRunnerWorker.run(SuiteRunnerWorker.java:96)
at org.testng.TestNG.runSuitesSequentially(TestNG.java:1180)
at org.testng.TestNG.runSuitesLocally(TestNG.java:1102)
at org.testng.TestNG.runSuites(TestNG.java:1032)
at org.testng.TestNG.run(TestNG.java:1000)
at org.testng.remote.AbstractRemoteTestNG.run(AbstractRemoteTestNG.java:115)
at org.testng.remote.RemoteTestNG.initAndRun(RemoteTestNG.java:251)
at org.testng.remote.RemoteTestNG.main(RemoteTestNG.java:77)
]]>
    </error>
  </testcase> <!-- validatePartnerFooter -->
  <testcase name="validatePartnerFooter" time="0.031" classname="com.atmecs.testscript.AtmecsHomePageScript">
    <error type="org.openqa.selenium.NoSuchWindowException" message="Currently focused window has been closed.
Build info: version: &#039;4.0.0-alpha-2&#039;, revision: &#039;f148142cf8&#039;, time: &#039;2019-07-01T20:55:26&#039;
System info: host: &#039;ATMECSINLT-283&#039;, ip: &#039;55.55.52.215&#039;, os.name: &#039;Windows 10&#039;, os.arch: &#039;amd64&#039;, os.version: &#039;10.0&#039;, java.version: &#039;1.8.0_221&#039;
Driver info: org.openqa.selenium.ie.InternetExplorerDriver
Capabilities {acceptInsecureCerts: false, browserName: internet explorer, browserVersion: 11, javascriptEnabled: true, pageLoadStrategy: normal, platform: WINDOWS, platformName: WINDOWS, proxy: Proxy(), se:ieOptions: {browserAttachTimeout: 0, elementScrollBehavior: 0, enablePersistentHover: true, ie.browserCommandLineSwitches: , ie.ensureCleanSession: false, ie.fileUploadDialogTimeout: 3000, ie.forceCreateProcessApi: false, ignoreProtectedModeSettings: false, ignoreZoomSetting: false, initialBrowserUrl: http://localhost:2124/, nativeEvents: true, requireWindowFocus: false}, setWindowRect: true, timeouts: {implicit: 0, pageLoad: 300000, script: 30000}}
Session ID: 055d0f1f-16b1-4577-b4c8-1028878473d8
*** Element info: {Using=xpath, value=//div[@id=&#039;footer&#039;]//a[contains(text(),&#039;Careers&#039;)]}">
      <![CDATA[org.openqa.selenium.NoSuchWindowException: Currently focused window has been closed.
Build info: version: '4.0.0-alpha-2', revision: 'f148142cf8', time: '2019-07-01T20:55:26'
System info: host: 'ATMECSINLT-283', ip: '55.55.52.215', os.name: 'Windows 10', os.arch: 'amd64', os.version: '10.0', java.version: '1.8.0_221'
Driver info: org.openqa.selenium.ie.InternetExplorerDriver
Capabilities {acceptInsecureCerts: false, browserName: internet explorer, browserVersion: 11, javascriptEnabled: true, pageLoadStrategy: normal, platform: WINDOWS, platformName: WINDOWS, proxy: Proxy(), se:ieOptions: {browserAttachTimeout: 0, elementScrollBehavior: 0, enablePersistentHover: true, ie.browserCommandLineSwitches: , ie.ensureCleanSession: false, ie.fileUploadDialogTimeout: 3000, ie.forceCreateProcessApi: false, ignoreProtectedModeSettings: false, ignoreZoomSetting: false, initialBrowserUrl: http://localhost:2124/, nativeEvents: true, requireWindowFocus: false}, setWindowRect: true, timeouts: {implicit: 0, pageLoad: 300000, script: 30000}}
Session ID: 055d0f1f-16b1-4577-b4c8-1028878473d8
*** Element info: {Using=xpath, value=//div[@id='footer']//a[contains(text(),'Careers')]}
at sun.reflect.GeneratedConstructorAccessor25.newInstance(Unknown Source)
at sun.reflect.DelegatingConstructorAccessorImpl.newInstance(DelegatingConstructorAccessorImpl.java:45)
at java.lang.reflect.Constructor.newInstance(Constructor.java:423)
at org.openqa.selenium.remote.codec.w3c.W3CHttpResponseCodec.createException(W3CHttpResponseCodec.java:191)
at org.openqa.selenium.remote.codec.w3c.W3CHttpResponseCodec.decode(W3CHttpResponseCodec.java:125)
at org.openqa.selenium.remote.codec.w3c.W3CHttpResponseCodec.decode(W3CHttpResponseCodec.java:52)
at org.openqa.selenium.remote.HttpCommandExecutor.execute(HttpCommandExecutor.java:161)
at org.openqa.selenium.remote.service.DriverCommandExecutor.execute(DriverCommandExecutor.java:83)
at org.openqa.selenium.remote.RemoteWebDriver.execute(RemoteWebDriver.java:576)
at org.openqa.selenium.remote.RemoteWebDriver.findElement(RemoteWebDriver.java:327)
at org.openqa.selenium.remote.RemoteWebDriver.findElementByXPath(RemoteWebDriver.java:445)
at org.openqa.selenium.By$ByXPath.findElement(By.java:353)
at org.openqa.selenium.remote.RemoteWebDriver.findElement(RemoteWebDriver.java:319)
at com.atmecs.helper.CommonUtility.locatorsType(CommonUtility.java:49)
at com.atmecs.helper.CommonUtility$4.apply(CommonUtility.java:180)
at com.atmecs.helper.CommonUtility$4.apply(CommonUtility.java:1)
at org.openqa.selenium.support.ui.FluentWait.until(FluentWait.java:211)
at com.atmecs.helper.CommonUtility.getText(CommonUtility.java:177)
at com.atmecs.general.AtmecsHomePage.isFooterPresent(AtmecsHomePage.java:80)
at com.atmecs.testscript.AtmecsHomePageScript.validatePartnerFooter(AtmecsHomePageScript.java:61)
at sun.reflect.NativeMethodAccessorImpl.invoke0(Native Method)
at sun.reflect.NativeMethodAccessorImpl.invoke(NativeMethodAccessorImpl.java:62)
at sun.reflect.DelegatingMethodAccessorImpl.invoke(DelegatingMethodAccessorImpl.java:43)
at java.lang.reflect.Method.invoke(Method.java:498)
at org.testng.internal.MethodInvocationHelper.invokeMethod(MethodInvocationHelper.java:133)
at org.testng.internal.TestInvoker.invokeMethod(TestInvoker.java:584)
at org.testng.internal.TestInvoker.invokeTestMethod(TestInvoker.java:172)
at org.testng.internal.MethodRunner.runInSequence(MethodRunner.java:46)
at org.testng.internal.TestInvoker$MethodInvocationAgent.invoke(TestInvoker.java:804)
at org.testng.internal.TestInvoker.invokeTestMethods(TestInvoker.java:145)
at org.testng.internal.TestMethodWorker.invokeTestMethods(TestMethodWorker.java:146)
at org.testng.internal.TestMethodWorker.run(TestMethodWorker.java:128)
at java.util.ArrayList.forEach(ArrayList.java:1257)
at org.testng.TestRunner.privateRun(TestRunner.java:770)
at org.testng.TestRunner.run(TestRunner.java:591)
at org.testng.SuiteRunner.runTest(SuiteRunner.java:402)
at org.testng.SuiteRunner.runSequentially(SuiteRunner.java:396)
at org.testng.SuiteRunner.privateRun(SuiteRunner.java:355)
at org.testng.SuiteRunner.run(SuiteRunner.java:304)
at org.testng.SuiteRunnerWorker.runSuite(SuiteRunnerWorker.java:53)
at org.testng.SuiteRunnerWorker.run(SuiteRunnerWorker.java:96)
at org.testng.TestNG.runSuitesSequentially(TestNG.java:1180)
at org.testng.TestNG.runSuitesLocally(TestNG.java:1102)
at org.testng.TestNG.runSuites(TestNG.java:1032)
at org.testng.TestNG.run(TestNG.java:1000)
at org.testng.remote.AbstractRemoteTestNG.run(AbstractRemoteTestNG.java:115)
at org.testng.remote.RemoteTestNG.initAndRun(RemoteTestNG.java:251)
at org.testng.remote.RemoteTestNG.main(RemoteTestNG.java:77)
]]>
    </error>
  </testcase> <!-- validatePartnerFooter -->
  <testcase name="validatePartnerFooter" time="0.033" classname="com.atmecs.testscript.AtmecsHomePageScript">
    <error type="org.openqa.selenium.NoSuchWindowException" message="Currently focused window has been closed.
Build info: version: &#039;4.0.0-alpha-2&#039;, revision: &#039;f148142cf8&#039;, time: &#039;2019-07-01T20:55:26&#039;
System info: host: &#039;ATMECSINLT-283&#039;, ip: &#039;55.55.52.215&#039;, os.name: &#039;Windows 10&#039;, os.arch: &#039;amd64&#039;, os.version: &#039;10.0&#039;, java.version: &#039;1.8.0_221&#039;
Driver info: org.openqa.selenium.ie.InternetExplorerDriver
Capabilities {acceptInsecureCerts: false, browserName: internet explorer, browserVersion: 11, javascriptEnabled: true, pageLoadStrategy: normal, platform: WINDOWS, platformName: WINDOWS, proxy: Proxy(), se:ieOptions: {browserAttachTimeout: 0, elementScrollBehavior: 0, enablePersistentHover: true, ie.browserCommandLineSwitches: , ie.ensureCleanSession: false, ie.fileUploadDialogTimeout: 3000, ie.forceCreateProcessApi: false, ignoreProtectedModeSettings: false, ignoreZoomSetting: false, initialBrowserUrl: http://localhost:2124/, nativeEvents: true, requireWindowFocus: false}, setWindowRect: true, timeouts: {implicit: 0, pageLoad: 300000, script: 30000}}
Session ID: 055d0f1f-16b1-4577-b4c8-1028878473d8
*** Element info: {Using=xpath, value=//div[@id=&#039;footer&#039;]//a[contains(text(),&#039;Automation Engineer&#039;)]}">
      <![CDATA[org.openqa.selenium.NoSuchWindowException: Currently focused window has been closed.
Build info: version: '4.0.0-alpha-2', revision: 'f148142cf8', time: '2019-07-01T20:55:26'
System info: host: 'ATMECSINLT-283', ip: '55.55.52.215', os.name: 'Windows 10', os.arch: 'amd64', os.version: '10.0', java.version: '1.8.0_221'
Driver info: org.openqa.selenium.ie.InternetExplorerDriver
Capabilities {acceptInsecureCerts: false, browserName: internet explorer, browserVersion: 11, javascriptEnabled: true, pageLoadStrategy: normal, platform: WINDOWS, platformName: WINDOWS, proxy: Proxy(), se:ieOptions: {browserAttachTimeout: 0, elementScrollBehavior: 0, enablePersistentHover: true, ie.browserCommandLineSwitches: , ie.ensureCleanSession: false, ie.fileUploadDialogTimeout: 3000, ie.forceCreateProcessApi: false, ignoreProtectedModeSettings: false, ignoreZoomSetting: false, initialBrowserUrl: http://localhost:2124/, nativeEvents: true, requireWindowFocus: false}, setWindowRect: true, timeouts: {implicit: 0, pageLoad: 300000, script: 30000}}
Session ID: 055d0f1f-16b1-4577-b4c8-1028878473d8
*** Element info: {Using=xpath, value=//div[@id='footer']//a[contains(text(),'Automation Engineer')]}
at sun.reflect.GeneratedConstructorAccessor25.newInstance(Unknown Source)
at sun.reflect.DelegatingConstructorAccessorImpl.newInstance(DelegatingConstructorAccessorImpl.java:45)
at java.lang.reflect.Constructor.newInstance(Constructor.java:423)
at org.openqa.selenium.remote.codec.w3c.W3CHttpResponseCodec.createException(W3CHttpResponseCodec.java:191)
at org.openqa.selenium.remote.codec.w3c.W3CHttpResponseCodec.decode(W3CHttpResponseCodec.java:125)
at org.openqa.selenium.remote.codec.w3c.W3CHttpResponseCodec.decode(W3CHttpResponseCodec.java:52)
at org.openqa.selenium.remote.HttpCommandExecutor.execute(HttpCommandExecutor.java:161)
at org.openqa.selenium.remote.service.DriverCommandExecutor.execute(DriverCommandExecutor.java:83)
at org.openqa.selenium.remote.RemoteWebDriver.execute(RemoteWebDriver.java:576)
at org.openqa.selenium.remote.RemoteWebDriver.findElement(RemoteWebDriver.java:327)
at org.openqa.selenium.remote.RemoteWebDriver.findElementByXPath(RemoteWebDriver.java:445)
at org.openqa.selenium.By$ByXPath.findElement(By.java:353)
at org.openqa.selenium.remote.RemoteWebDriver.findElement(RemoteWebDriver.java:319)
at com.atmecs.helper.CommonUtility.locatorsType(CommonUtility.java:49)
at com.atmecs.helper.CommonUtility$4.apply(CommonUtility.java:180)
at com.atmecs.helper.CommonUtility$4.apply(CommonUtility.java:1)
at org.openqa.selenium.support.ui.FluentWait.until(FluentWait.java:211)
at com.atmecs.helper.CommonUtility.getText(CommonUtility.java:177)
at com.atmecs.general.AtmecsHomePage.isFooterPresent(AtmecsHomePage.java:80)
at com.atmecs.testscript.AtmecsHomePageScript.validatePartnerFooter(AtmecsHomePageScript.java:61)
at sun.reflect.NativeMethodAccessorImpl.invoke0(Native Method)
at sun.reflect.NativeMethodAccessorImpl.invoke(NativeMethodAccessorImpl.java:62)
at sun.reflect.DelegatingMethodAccessorImpl.invoke(DelegatingMethodAccessorImpl.java:43)
at java.lang.reflect.Method.invoke(Method.java:498)
at org.testng.internal.MethodInvocationHelper.invokeMethod(MethodInvocationHelper.java:133)
at org.testng.internal.TestInvoker.invokeMethod(TestInvoker.java:584)
at org.testng.internal.TestInvoker.invokeTestMethod(TestInvoker.java:172)
at org.testng.internal.MethodRunner.runInSequence(MethodRunner.java:46)
at org.testng.internal.TestInvoker$MethodInvocationAgent.invoke(TestInvoker.java:804)
at org.testng.internal.TestInvoker.invokeTestMethods(TestInvoker.java:145)
at org.testng.internal.TestMethodWorker.invokeTestMethods(TestMethodWorker.java:146)
at org.testng.internal.TestMethodWorker.run(TestMethodWorker.java:128)
at java.util.ArrayList.forEach(ArrayList.java:1257)
at org.testng.TestRunner.privateRun(TestRunner.java:770)
at org.testng.TestRunner.run(TestRunner.java:591)
at org.testng.SuiteRunner.runTest(SuiteRunner.java:402)
at org.testng.SuiteRunner.runSequentially(SuiteRunner.java:396)
at org.testng.SuiteRunner.privateRun(SuiteRunner.java:355)
at org.testng.SuiteRunner.run(SuiteRunner.java:304)
at org.testng.SuiteRunnerWorker.runSuite(SuiteRunnerWorker.java:53)
at org.testng.SuiteRunnerWorker.run(SuiteRunnerWorker.java:96)
at org.testng.TestNG.runSuitesSequentially(TestNG.java:1180)
at org.testng.TestNG.runSuitesLocally(TestNG.java:1102)
at org.testng.TestNG.runSuites(TestNG.java:1032)
at org.testng.TestNG.run(TestNG.java:1000)
at org.testng.remote.AbstractRemoteTestNG.run(AbstractRemoteTestNG.java:115)
at org.testng.remote.RemoteTestNG.initAndRun(RemoteTestNG.java:251)
at org.testng.remote.RemoteTestNG.main(RemoteTestNG.java:77)
]]>
    </error>
  </testcase> <!-- validatePartnerFooter -->
  <testcase name="validatePartnerFooter" time="0.035" classname="com.atmecs.testscript.AtmecsHomePageScript">
    <error type="org.openqa.selenium.NoSuchWindowException" message="Currently focused window has been closed.
Build info: version: &#039;4.0.0-alpha-2&#039;, revision: &#039;f148142cf8&#039;, time: &#039;2019-07-01T20:55:26&#039;
System info: host: &#039;ATMECSINLT-283&#039;, ip: &#039;55.55.52.215&#039;, os.name: &#039;Windows 10&#039;, os.arch: &#039;amd64&#039;, os.version: &#039;10.0&#039;, java.version: &#039;1.8.0_221&#039;
Driver info: org.openqa.selenium.ie.InternetExplorerDriver
Capabilities {acceptInsecureCerts: false, browserName: internet explorer, browserVersion: 11, javascriptEnabled: true, pageLoadStrategy: normal, platform: WINDOWS, platformName: WINDOWS, proxy: Proxy(), se:ieOptions: {browserAttachTimeout: 0, elementScrollBehavior: 0, enablePersistentHover: true, ie.browserCommandLineSwitches: , ie.ensureCleanSession: false, ie.fileUploadDialogTimeout: 3000, ie.forceCreateProcessApi: false, ignoreProtectedModeSettings: false, ignoreZoomSetting: false, initialBrowserUrl: http://localhost:2124/, nativeEvents: true, requireWindowFocus: false}, setWindowRect: true, timeouts: {implicit: 0, pageLoad: 300000, script: 30000}}
Session ID: 055d0f1f-16b1-4577-b4c8-1028878473d8
*** Element info: {Using=xpath, value=//div[@id=&#039;footer&#039;]//a[contains(text(),&#039;India – Chennai&#039;)]}">
      <![CDATA[org.openqa.selenium.NoSuchWindowException: Currently focused window has been closed.
Build info: version: '4.0.0-alpha-2', revision: 'f148142cf8', time: '2019-07-01T20:55:26'
System info: host: 'ATMECSINLT-283', ip: '55.55.52.215', os.name: 'Windows 10', os.arch: 'amd64', os.version: '10.0', java.version: '1.8.0_221'
Driver info: org.openqa.selenium.ie.InternetExplorerDriver
Capabilities {acceptInsecureCerts: false, browserName: internet explorer, browserVersion: 11, javascriptEnabled: true, pageLoadStrategy: normal, platform: WINDOWS, platformName: WINDOWS, proxy: Proxy(), se:ieOptions: {browserAttachTimeout: 0, elementScrollBehavior: 0, enablePersistentHover: true, ie.browserCommandLineSwitches: , ie.ensureCleanSession: false, ie.fileUploadDialogTimeout: 3000, ie.forceCreateProcessApi: false, ignoreProtectedModeSettings: false, ignoreZoomSetting: false, initialBrowserUrl: http://localhost:2124/, nativeEvents: true, requireWindowFocus: false}, setWindowRect: true, timeouts: {implicit: 0, pageLoad: 300000, script: 30000}}
Session ID: 055d0f1f-16b1-4577-b4c8-1028878473d8
*** Element info: {Using=xpath, value=//div[@id='footer']//a[contains(text(),'India – Chennai')]}
at sun.reflect.GeneratedConstructorAccessor25.newInstance(Unknown Source)
at sun.reflect.DelegatingConstructorAccessorImpl.newInstance(DelegatingConstructorAccessorImpl.java:45)
at java.lang.reflect.Constructor.newInstance(Constructor.java:423)
at org.openqa.selenium.remote.codec.w3c.W3CHttpResponseCodec.createException(W3CHttpResponseCodec.java:191)
at org.openqa.selenium.remote.codec.w3c.W3CHttpResponseCodec.decode(W3CHttpResponseCodec.java:125)
at org.openqa.selenium.remote.codec.w3c.W3CHttpResponseCodec.decode(W3CHttpResponseCodec.java:52)
at org.openqa.selenium.remote.HttpCommandExecutor.execute(HttpCommandExecutor.java:161)
at org.openqa.selenium.remote.service.DriverCommandExecutor.execute(DriverCommandExecutor.java:83)
at org.openqa.selenium.remote.RemoteWebDriver.execute(RemoteWebDriver.java:576)
at org.openqa.selenium.remote.RemoteWebDriver.findElement(RemoteWebDriver.java:327)
at org.openqa.selenium.remote.RemoteWebDriver.findElementByXPath(RemoteWebDriver.java:445)
at org.openqa.selenium.By$ByXPath.findElement(By.java:353)
at org.openqa.selenium.remote.RemoteWebDriver.findElement(RemoteWebDriver.java:319)
at com.atmecs.helper.CommonUtility.locatorsType(CommonUtility.java:49)
at com.atmecs.helper.CommonUtility$4.apply(CommonUtility.java:180)
at com.atmecs.helper.CommonUtility$4.apply(CommonUtility.java:1)
at org.openqa.selenium.support.ui.FluentWait.until(FluentWait.java:211)
at com.atmecs.helper.CommonUtility.getText(CommonUtility.java:177)
at com.atmecs.general.AtmecsHomePage.isFooterPresent(AtmecsHomePage.java:80)
at com.atmecs.testscript.AtmecsHomePageScript.validatePartnerFooter(AtmecsHomePageScript.java:61)
at sun.reflect.GeneratedMethodAccessor4.invoke(Unknown Source)
at sun.reflect.DelegatingMethodAccessorImpl.invoke(DelegatingMethodAccessorImpl.java:43)
at java.lang.reflect.Method.invoke(Method.java:498)
at org.testng.internal.MethodInvocationHelper.invokeMethod(MethodInvocationHelper.java:133)
at org.testng.internal.TestInvoker.invokeMethod(TestInvoker.java:584)
at org.testng.internal.TestInvoker.invokeTestMethod(TestInvoker.java:172)
at org.testng.internal.MethodRunner.runInSequence(MethodRunner.java:46)
at org.testng.internal.TestInvoker$MethodInvocationAgent.invoke(TestInvoker.java:804)
at org.testng.internal.TestInvoker.invokeTestMethods(TestInvoker.java:145)
at org.testng.internal.TestMethodWorker.invokeTestMethods(TestMethodWorker.java:146)
at org.testng.internal.TestMethodWorker.run(TestMethodWorker.java:128)
at java.util.ArrayList.forEach(ArrayList.java:1257)
at org.testng.TestRunner.privateRun(TestRunner.java:770)
at org.testng.TestRunner.run(TestRunner.java:591)
at org.testng.SuiteRunner.runTest(SuiteRunner.java:402)
at org.testng.SuiteRunner.runSequentially(SuiteRunner.java:396)
at org.testng.SuiteRunner.privateRun(SuiteRunner.java:355)
at org.testng.SuiteRunner.run(SuiteRunner.java:304)
at org.testng.SuiteRunnerWorker.runSuite(SuiteRunnerWorker.java:53)
at org.testng.SuiteRunnerWorker.run(SuiteRunnerWorker.java:96)
at org.testng.TestNG.runSuitesSequentially(TestNG.java:1180)
at org.testng.TestNG.runSuitesLocally(TestNG.java:1102)
at org.testng.TestNG.runSuites(TestNG.java:1032)
at org.testng.TestNG.run(TestNG.java:1000)
at org.testng.remote.AbstractRemoteTestNG.run(AbstractRemoteTestNG.java:115)
at org.testng.remote.RemoteTestNG.initAndRun(RemoteTestNG.java:251)
at org.testng.remote.RemoteTestNG.main(RemoteTestNG.java:77)
]]>
    </error>
  </testcase> <!-- validatePartnerFooter -->
  <testcase name="validatePartnerFooter" time="0.036" classname="com.atmecs.testscript.AtmecsHomePageScript">
    <error type="org.openqa.selenium.NoSuchWindowException" message="Currently focused window has been closed.
Build info: version: &#039;4.0.0-alpha-2&#039;, revision: &#039;f148142cf8&#039;, time: &#039;2019-07-01T20:55:26&#039;
System info: host: &#039;ATMECSINLT-283&#039;, ip: &#039;55.55.52.215&#039;, os.name: &#039;Windows 10&#039;, os.arch: &#039;amd64&#039;, os.version: &#039;10.0&#039;, java.version: &#039;1.8.0_221&#039;
Driver info: org.openqa.selenium.ie.InternetExplorerDriver
Capabilities {acceptInsecureCerts: false, browserName: internet explorer, browserVersion: 11, javascriptEnabled: true, pageLoadStrategy: normal, platform: WINDOWS, platformName: WINDOWS, proxy: Proxy(), se:ieOptions: {browserAttachTimeout: 0, elementScrollBehavior: 0, enablePersistentHover: true, ie.browserCommandLineSwitches: , ie.ensureCleanSession: false, ie.fileUploadDialogTimeout: 3000, ie.forceCreateProcessApi: false, ignoreProtectedModeSettings: false, ignoreZoomSetting: false, initialBrowserUrl: http://localhost:2124/, nativeEvents: true, requireWindowFocus: false}, setWindowRect: true, timeouts: {implicit: 0, pageLoad: 300000, script: 30000}}
Session ID: 055d0f1f-16b1-4577-b4c8-1028878473d8
*** Element info: {Using=xpath, value=//div[@id=&#039;footer&#039;]//a[contains(text(),&#039;Contact Us&#039;)]}">
      <![CDATA[org.openqa.selenium.NoSuchWindowException: Currently focused window has been closed.
Build info: version: '4.0.0-alpha-2', revision: 'f148142cf8', time: '2019-07-01T20:55:26'
System info: host: 'ATMECSINLT-283', ip: '55.55.52.215', os.name: 'Windows 10', os.arch: 'amd64', os.version: '10.0', java.version: '1.8.0_221'
Driver info: org.openqa.selenium.ie.InternetExplorerDriver
Capabilities {acceptInsecureCerts: false, browserName: internet explorer, browserVersion: 11, javascriptEnabled: true, pageLoadStrategy: normal, platform: WINDOWS, platformName: WINDOWS, proxy: Proxy(), se:ieOptions: {browserAttachTimeout: 0, elementScrollBehavior: 0, enablePersistentHover: true, ie.browserCommandLineSwitches: , ie.ensureCleanSession: false, ie.fileUploadDialogTimeout: 3000, ie.forceCreateProcessApi: false, ignoreProtectedModeSettings: false, ignoreZoomSetting: false, initialBrowserUrl: http://localhost:2124/, nativeEvents: true, requireWindowFocus: false}, setWindowRect: true, timeouts: {implicit: 0, pageLoad: 300000, script: 30000}}
Session ID: 055d0f1f-16b1-4577-b4c8-1028878473d8
*** Element info: {Using=xpath, value=//div[@id='footer']//a[contains(text(),'Contact Us')]}
at sun.reflect.GeneratedConstructorAccessor25.newInstance(Unknown Source)
at sun.reflect.DelegatingConstructorAccessorImpl.newInstance(DelegatingConstructorAccessorImpl.java:45)
at java.lang.reflect.Constructor.newInstance(Constructor.java:423)
at org.openqa.selenium.remote.codec.w3c.W3CHttpResponseCodec.createException(W3CHttpResponseCodec.java:191)
at org.openqa.selenium.remote.codec.w3c.W3CHttpResponseCodec.decode(W3CHttpResponseCodec.java:125)
at org.openqa.selenium.remote.codec.w3c.W3CHttpResponseCodec.decode(W3CHttpResponseCodec.java:52)
at org.openqa.selenium.remote.HttpCommandExecutor.execute(HttpCommandExecutor.java:161)
at org.openqa.selenium.remote.service.DriverCommandExecutor.execute(DriverCommandExecutor.java:83)
at org.openqa.selenium.remote.RemoteWebDriver.execute(RemoteWebDriver.java:576)
at org.openqa.selenium.remote.RemoteWebDriver.findElement(RemoteWebDriver.java:327)
at org.openqa.selenium.remote.RemoteWebDriver.findElementByXPath(RemoteWebDriver.java:445)
at org.openqa.selenium.By$ByXPath.findElement(By.java:353)
at org.openqa.selenium.remote.RemoteWebDriver.findElement(RemoteWebDriver.java:319)
at com.atmecs.helper.CommonUtility.locatorsType(CommonUtility.java:49)
at com.atmecs.helper.CommonUtility$4.apply(CommonUtility.java:180)
at com.atmecs.helper.CommonUtility$4.apply(CommonUtility.java:1)
at org.openqa.selenium.support.ui.FluentWait.until(FluentWait.java:211)
at com.atmecs.helper.CommonUtility.getText(CommonUtility.java:177)
at com.atmecs.general.AtmecsHomePage.isFooterPresent(AtmecsHomePage.java:80)
at com.atmecs.testscript.AtmecsHomePageScript.validatePartnerFooter(AtmecsHomePageScript.java:61)
at sun.reflect.NativeMethodAccessorImpl.invoke0(Native Method)
at sun.reflect.NativeMethodAccessorImpl.invoke(NativeMethodAccessorImpl.java:62)
at sun.reflect.DelegatingMethodAccessorImpl.invoke(DelegatingMethodAccessorImpl.java:43)
at java.lang.reflect.Method.invoke(Method.java:498)
at org.testng.internal.MethodInvocationHelper.invokeMethod(MethodInvocationHelper.java:133)
at org.testng.internal.TestInvoker.invokeMethod(TestInvoker.java:584)
at org.testng.internal.TestInvoker.invokeTestMethod(TestInvoker.java:172)
at org.testng.internal.MethodRunner.runInSequence(MethodRunner.java:46)
at org.testng.internal.TestInvoker$MethodInvocationAgent.invoke(TestInvoker.java:804)
at org.testng.internal.TestInvoker.invokeTestMethods(TestInvoker.java:145)
at org.testng.internal.TestMethodWorker.invokeTestMethods(TestMethodWorker.java:146)
at org.testng.internal.TestMethodWorker.run(TestMethodWorker.java:128)
at java.util.ArrayList.forEach(ArrayList.java:1257)
at org.testng.TestRunner.privateRun(TestRunner.java:770)
at org.testng.TestRunner.run(TestRunner.java:591)
at org.testng.SuiteRunner.runTest(SuiteRunner.java:402)
at org.testng.SuiteRunner.runSequentially(SuiteRunner.java:396)
at org.testng.SuiteRunner.privateRun(SuiteRunner.java:355)
at org.testng.SuiteRunner.run(SuiteRunner.java:304)
at org.testng.SuiteRunnerWorker.runSuite(SuiteRunnerWorker.java:53)
at org.testng.SuiteRunnerWorker.run(SuiteRunnerWorker.java:96)
at org.testng.TestNG.runSuitesSequentially(TestNG.java:1180)
at org.testng.TestNG.runSuitesLocally(TestNG.java:1102)
at org.testng.TestNG.runSuites(TestNG.java:1032)
at org.testng.TestNG.run(TestNG.java:1000)
at org.testng.remote.AbstractRemoteTestNG.run(AbstractRemoteTestNG.java:115)
at org.testng.remote.RemoteTestNG.initAndRun(RemoteTestNG.java:251)
at org.testng.remote.RemoteTestNG.main(RemoteTestNG.java:77)
]]>
    </error>
  </testcase> <!-- validatePartnerFooter -->
  <testcase name="validatePartnerFooter" time="0.030" classname="com.atmecs.testscript.AtmecsHomePageScript">
    <error type="org.openqa.selenium.NoSuchWindowException" message="Currently focused window has been closed.
Build info: version: &#039;4.0.0-alpha-2&#039;, revision: &#039;f148142cf8&#039;, time: &#039;2019-07-01T20:55:26&#039;
System info: host: &#039;ATMECSINLT-283&#039;, ip: &#039;55.55.52.215&#039;, os.name: &#039;Windows 10&#039;, os.arch: &#039;amd64&#039;, os.version: &#039;10.0&#039;, java.version: &#039;1.8.0_221&#039;
Driver info: org.openqa.selenium.ie.InternetExplorerDriver
Capabilities {acceptInsecureCerts: false, browserName: internet explorer, browserVersion: 11, javascriptEnabled: true, pageLoadStrategy: normal, platform: WINDOWS, platformName: WINDOWS, proxy: Proxy(), se:ieOptions: {browserAttachTimeout: 0, elementScrollBehavior: 0, enablePersistentHover: true, ie.browserCommandLineSwitches: , ie.ensureCleanSession: false, ie.fileUploadDialogTimeout: 3000, ie.forceCreateProcessApi: false, ignoreProtectedModeSettings: false, ignoreZoomSetting: false, initialBrowserUrl: http://localhost:2124/, nativeEvents: true, requireWindowFocus: false}, setWindowRect: true, timeouts: {implicit: 0, pageLoad: 300000, script: 30000}}
Session ID: 055d0f1f-16b1-4577-b4c8-1028878473d8
*** Element info: {Using=xpath, value=//div[@id=&#039;footer&#039;]//a[contains(text(),&#039;Enterprise Analytics&#039;)]}">
      <![CDATA[org.openqa.selenium.NoSuchWindowException: Currently focused window has been closed.
Build info: version: '4.0.0-alpha-2', revision: 'f148142cf8', time: '2019-07-01T20:55:26'
System info: host: 'ATMECSINLT-283', ip: '55.55.52.215', os.name: 'Windows 10', os.arch: 'amd64', os.version: '10.0', java.version: '1.8.0_221'
Driver info: org.openqa.selenium.ie.InternetExplorerDriver
Capabilities {acceptInsecureCerts: false, browserName: internet explorer, browserVersion: 11, javascriptEnabled: true, pageLoadStrategy: normal, platform: WINDOWS, platformName: WINDOWS, proxy: Proxy(), se:ieOptions: {browserAttachTimeout: 0, elementScrollBehavior: 0, enablePersistentHover: true, ie.browserCommandLineSwitches: , ie.ensureCleanSession: false, ie.fileUploadDialogTimeout: 3000, ie.forceCreateProcessApi: false, ignoreProtectedModeSettings: false, ignoreZoomSetting: false, initialBrowserUrl: http://localhost:2124/, nativeEvents: true, requireWindowFocus: false}, setWindowRect: true, timeouts: {implicit: 0, pageLoad: 300000, script: 30000}}
Session ID: 055d0f1f-16b1-4577-b4c8-1028878473d8
*** Element info: {Using=xpath, value=//div[@id='footer']//a[contains(text(),'Enterprise Analytics')]}
at sun.reflect.GeneratedConstructorAccessor25.newInstance(Unknown Source)
at sun.reflect.DelegatingConstructorAccessorImpl.newInstance(DelegatingConstructorAccessorImpl.java:45)
at java.lang.reflect.Constructor.newInstance(Constructor.java:423)
at org.openqa.selenium.remote.codec.w3c.W3CHttpResponseCodec.createException(W3CHttpResponseCodec.java:191)
at org.openqa.selenium.remote.codec.w3c.W3CHttpResponseCodec.decode(W3CHttpResponseCodec.java:125)
at org.openqa.selenium.remote.codec.w3c.W3CHttpResponseCodec.decode(W3CHttpResponseCodec.java:52)
at org.openqa.selenium.remote.HttpCommandExecutor.execute(HttpCommandExecutor.java:161)
at org.openqa.selenium.remote.service.DriverCommandExecutor.execute(DriverCommandExecutor.java:83)
at org.openqa.selenium.remote.RemoteWebDriver.execute(RemoteWebDriver.java:576)
at org.openqa.selenium.remote.RemoteWebDriver.findElement(RemoteWebDriver.java:327)
at org.openqa.selenium.remote.RemoteWebDriver.findElementByXPath(RemoteWebDriver.java:445)
at org.openqa.selenium.By$ByXPath.findElement(By.java:353)
at org.openqa.selenium.remote.RemoteWebDriver.findElement(RemoteWebDriver.java:319)
at com.atmecs.helper.CommonUtility.locatorsType(CommonUtility.java:49)
at com.atmecs.helper.CommonUtility$4.apply(CommonUtility.java:180)
at com.atmecs.helper.CommonUtility$4.apply(CommonUtility.java:1)
at org.openqa.selenium.support.ui.FluentWait.until(FluentWait.java:211)
at com.atmecs.helper.CommonUtility.getText(CommonUtility.java:177)
at com.atmecs.general.AtmecsHomePage.isFooterPresent(AtmecsHomePage.java:80)
at com.atmecs.testscript.AtmecsHomePageScript.validatePartnerFooter(AtmecsHomePageScript.java:61)
at sun.reflect.GeneratedMethodAccessor4.invoke(Unknown Source)
at sun.reflect.DelegatingMethodAccessorImpl.invoke(DelegatingMethodAccessorImpl.java:43)
at java.lang.reflect.Method.invoke(Method.java:498)
at org.testng.internal.MethodInvocationHelper.invokeMethod(MethodInvocationHelper.java:133)
at org.testng.internal.TestInvoker.invokeMethod(TestInvoker.java:584)
at org.testng.internal.TestInvoker.invokeTestMethod(TestInvoker.java:172)
at org.testng.internal.MethodRunner.runInSequence(MethodRunner.java:46)
at org.testng.internal.TestInvoker$MethodInvocationAgent.invoke(TestInvoker.java:804)
at org.testng.internal.TestInvoker.invokeTestMethods(TestInvoker.java:145)
at org.testng.internal.TestMethodWorker.invokeTestMethods(TestMethodWorker.java:146)
at org.testng.internal.TestMethodWorker.run(TestMethodWorker.java:128)
at java.util.ArrayList.forEach(ArrayList.java:1257)
at org.testng.TestRunner.privateRun(TestRunner.java:770)
at org.testng.TestRunner.run(TestRunner.java:591)
at org.testng.SuiteRunner.runTest(SuiteRunner.java:402)
at org.testng.SuiteRunner.runSequentially(SuiteRunner.java:396)
at org.testng.SuiteRunner.privateRun(SuiteRunner.java:355)
at org.testng.SuiteRunner.run(SuiteRunner.java:304)
at org.testng.SuiteRunnerWorker.runSuite(SuiteRunnerWorker.java:53)
at org.testng.SuiteRunnerWorker.run(SuiteRunnerWorker.java:96)
at org.testng.TestNG.runSuitesSequentially(TestNG.java:1180)
at org.testng.TestNG.runSuitesLocally(TestNG.java:1102)
at org.testng.TestNG.runSuites(TestNG.java:1032)
at org.testng.TestNG.run(TestNG.java:1000)
at org.testng.remote.AbstractRemoteTestNG.run(AbstractRemoteTestNG.java:115)
at org.testng.remote.RemoteTestNG.initAndRun(RemoteTestNG.java:251)
at org.testng.remote.RemoteTestNG.main(RemoteTestNG.java:77)
]]>
    </error>
  </testcase> <!-- validatePartnerFooter -->
  <testcase name="validatePartnerFooter" time="0.035" classname="com.atmecs.testscript.AtmecsHomePageScript">
    <error type="org.openqa.selenium.NoSuchWindowException" message="Currently focused window has been closed.
Build info: version: &#039;4.0.0-alpha-2&#039;, revision: &#039;f148142cf8&#039;, time: &#039;2019-07-01T20:55:26&#039;
System info: host: &#039;ATMECSINLT-283&#039;, ip: &#039;55.55.52.215&#039;, os.name: &#039;Windows 10&#039;, os.arch: &#039;amd64&#039;, os.version: &#039;10.0&#039;, java.version: &#039;1.8.0_221&#039;
Driver info: org.openqa.selenium.ie.InternetExplorerDriver
Capabilities {acceptInsecureCerts: false, browserName: internet explorer, browserVersion: 11, javascriptEnabled: true, pageLoadStrategy: normal, platform: WINDOWS, platformName: WINDOWS, proxy: Proxy(), se:ieOptions: {browserAttachTimeout: 0, elementScrollBehavior: 0, enablePersistentHover: true, ie.browserCommandLineSwitches: , ie.ensureCleanSession: false, ie.fileUploadDialogTimeout: 3000, ie.forceCreateProcessApi: false, ignoreProtectedModeSettings: false, ignoreZoomSetting: false, initialBrowserUrl: http://localhost:2124/, nativeEvents: true, requireWindowFocus: false}, setWindowRect: true, timeouts: {implicit: 0, pageLoad: 300000, script: 30000}}
Session ID: 055d0f1f-16b1-4577-b4c8-1028878473d8
*** Element info: {Using=xpath, value=//div[@id=&#039;footer&#039;]//a[contains(text(),&#039;Cloud Services&#039;)]}">
      <![CDATA[org.openqa.selenium.NoSuchWindowException: Currently focused window has been closed.
Build info: version: '4.0.0-alpha-2', revision: 'f148142cf8', time: '2019-07-01T20:55:26'
System info: host: 'ATMECSINLT-283', ip: '55.55.52.215', os.name: 'Windows 10', os.arch: 'amd64', os.version: '10.0', java.version: '1.8.0_221'
Driver info: org.openqa.selenium.ie.InternetExplorerDriver
Capabilities {acceptInsecureCerts: false, browserName: internet explorer, browserVersion: 11, javascriptEnabled: true, pageLoadStrategy: normal, platform: WINDOWS, platformName: WINDOWS, proxy: Proxy(), se:ieOptions: {browserAttachTimeout: 0, elementScrollBehavior: 0, enablePersistentHover: true, ie.browserCommandLineSwitches: , ie.ensureCleanSession: false, ie.fileUploadDialogTimeout: 3000, ie.forceCreateProcessApi: false, ignoreProtectedModeSettings: false, ignoreZoomSetting: false, initialBrowserUrl: http://localhost:2124/, nativeEvents: true, requireWindowFocus: false}, setWindowRect: true, timeouts: {implicit: 0, pageLoad: 300000, script: 30000}}
Session ID: 055d0f1f-16b1-4577-b4c8-1028878473d8
*** Element info: {Using=xpath, value=//div[@id='footer']//a[contains(text(),'Cloud Services')]}
at sun.reflect.GeneratedConstructorAccessor25.newInstance(Unknown Source)
at sun.reflect.DelegatingConstructorAccessorImpl.newInstance(DelegatingConstructorAccessorImpl.java:45)
at java.lang.reflect.Constructor.newInstance(Constructor.java:423)
at org.openqa.selenium.remote.codec.w3c.W3CHttpResponseCodec.createException(W3CHttpResponseCodec.java:191)
at org.openqa.selenium.remote.codec.w3c.W3CHttpResponseCodec.decode(W3CHttpResponseCodec.java:125)
at org.openqa.selenium.remote.codec.w3c.W3CHttpResponseCodec.decode(W3CHttpResponseCodec.java:52)
at org.openqa.selenium.remote.HttpCommandExecutor.execute(HttpCommandExecutor.java:161)
at org.openqa.selenium.remote.service.DriverCommandExecutor.execute(DriverCommandExecutor.java:83)
at org.openqa.selenium.remote.RemoteWebDriver.execute(RemoteWebDriver.java:576)
at org.openqa.selenium.remote.RemoteWebDriver.findElement(RemoteWebDriver.java:327)
at org.openqa.selenium.remote.RemoteWebDriver.findElementByXPath(RemoteWebDriver.java:445)
at org.openqa.selenium.By$ByXPath.findElement(By.java:353)
at org.openqa.selenium.remote.RemoteWebDriver.findElement(RemoteWebDriver.java:319)
at com.atmecs.helper.CommonUtility.locatorsType(CommonUtility.java:49)
at com.atmecs.helper.CommonUtility$4.apply(CommonUtility.java:180)
at com.atmecs.helper.CommonUtility$4.apply(CommonUtility.java:1)
at org.openqa.selenium.support.ui.FluentWait.until(FluentWait.java:211)
at com.atmecs.helper.CommonUtility.getText(CommonUtility.java:177)
at com.atmecs.general.AtmecsHomePage.isFooterPresent(AtmecsHomePage.java:80)
at com.atmecs.testscript.AtmecsHomePageScript.validatePartnerFooter(AtmecsHomePageScript.java:61)
at sun.reflect.GeneratedMethodAccessor4.invoke(Unknown Source)
at sun.reflect.DelegatingMethodAccessorImpl.invoke(DelegatingMethodAccessorImpl.java:43)
at java.lang.reflect.Method.invoke(Method.java:498)
at org.testng.internal.MethodInvocationHelper.invokeMethod(MethodInvocationHelper.java:133)
at org.testng.internal.TestInvoker.invokeMethod(TestInvoker.java:584)
at org.testng.internal.TestInvoker.invokeTestMethod(TestInvoker.java:172)
at org.testng.internal.MethodRunner.runInSequence(MethodRunner.java:46)
at org.testng.internal.TestInvoker$MethodInvocationAgent.invoke(TestInvoker.java:804)
at org.testng.internal.TestInvoker.invokeTestMethods(TestInvoker.java:145)
at org.testng.internal.TestMethodWorker.invokeTestMethods(TestMethodWorker.java:146)
at org.testng.internal.TestMethodWorker.run(TestMethodWorker.java:128)
at java.util.ArrayList.forEach(ArrayList.java:1257)
at org.testng.TestRunner.privateRun(TestRunner.java:770)
at org.testng.TestRunner.run(TestRunner.java:591)
at org.testng.SuiteRunner.runTest(SuiteRunner.java:402)
at org.testng.SuiteRunner.runSequentially(SuiteRunner.java:396)
at org.testng.SuiteRunner.privateRun(SuiteRunner.java:355)
at org.testng.SuiteRunner.run(SuiteRunner.java:304)
at org.testng.SuiteRunnerWorker.runSuite(SuiteRunnerWorker.java:53)
at org.testng.SuiteRunnerWorker.run(SuiteRunnerWorker.java:96)
at org.testng.TestNG.runSuitesSequentially(TestNG.java:1180)
at org.testng.TestNG.runSuitesLocally(TestNG.java:1102)
at org.testng.TestNG.runSuites(TestNG.java:1032)
at org.testng.TestNG.run(TestNG.java:1000)
at org.testng.remote.AbstractRemoteTestNG.run(AbstractRemoteTestNG.java:115)
at org.testng.remote.RemoteTestNG.initAndRun(RemoteTestNG.java:251)
at org.testng.remote.RemoteTestNG.main(RemoteTestNG.java:77)
]]>
    </error>
  </testcase> <!-- validatePartnerFooter -->
  <testcase name="validatePartnerFooter" time="0.033" classname="com.atmecs.testscript.AtmecsHomePageScript">
    <error type="org.openqa.selenium.NoSuchWindowException" message="Currently focused window has been closed.
Build info: version: &#039;4.0.0-alpha-2&#039;, revision: &#039;f148142cf8&#039;, time: &#039;2019-07-01T20:55:26&#039;
System info: host: &#039;ATMECSINLT-283&#039;, ip: &#039;55.55.52.215&#039;, os.name: &#039;Windows 10&#039;, os.arch: &#039;amd64&#039;, os.version: &#039;10.0&#039;, java.version: &#039;1.8.0_221&#039;
Driver info: org.openqa.selenium.ie.InternetExplorerDriver
Capabilities {acceptInsecureCerts: false, browserName: internet explorer, browserVersion: 11, javascriptEnabled: true, pageLoadStrategy: normal, platform: WINDOWS, platformName: WINDOWS, proxy: Proxy(), se:ieOptions: {browserAttachTimeout: 0, elementScrollBehavior: 0, enablePersistentHover: true, ie.browserCommandLineSwitches: , ie.ensureCleanSession: false, ie.fileUploadDialogTimeout: 3000, ie.forceCreateProcessApi: false, ignoreProtectedModeSettings: false, ignoreZoomSetting: false, initialBrowserUrl: http://localhost:2124/, nativeEvents: true, requireWindowFocus: false}, setWindowRect: true, timeouts: {implicit: 0, pageLoad: 300000, script: 30000}}
Session ID: 055d0f1f-16b1-4577-b4c8-1028878473d8
*** Element info: {Using=xpath, value=//div[@id=&#039;footer&#039;]//a[contains(text(),&#039;Senior .NET Engineer&#039;)]}">
      <![CDATA[org.openqa.selenium.NoSuchWindowException: Currently focused window has been closed.
Build info: version: '4.0.0-alpha-2', revision: 'f148142cf8', time: '2019-07-01T20:55:26'
System info: host: 'ATMECSINLT-283', ip: '55.55.52.215', os.name: 'Windows 10', os.arch: 'amd64', os.version: '10.0', java.version: '1.8.0_221'
Driver info: org.openqa.selenium.ie.InternetExplorerDriver
Capabilities {acceptInsecureCerts: false, browserName: internet explorer, browserVersion: 11, javascriptEnabled: true, pageLoadStrategy: normal, platform: WINDOWS, platformName: WINDOWS, proxy: Proxy(), se:ieOptions: {browserAttachTimeout: 0, elementScrollBehavior: 0, enablePersistentHover: true, ie.browserCommandLineSwitches: , ie.ensureCleanSession: false, ie.fileUploadDialogTimeout: 3000, ie.forceCreateProcessApi: false, ignoreProtectedModeSettings: false, ignoreZoomSetting: false, initialBrowserUrl: http://localhost:2124/, nativeEvents: true, requireWindowFocus: false}, setWindowRect: true, timeouts: {implicit: 0, pageLoad: 300000, script: 30000}}
Session ID: 055d0f1f-16b1-4577-b4c8-1028878473d8
*** Element info: {Using=xpath, value=//div[@id='footer']//a[contains(text(),'Senior .NET Engineer')]}
at sun.reflect.GeneratedConstructorAccessor25.newInstance(Unknown Source)
at sun.reflect.DelegatingConstructorAccessorImpl.newInstance(DelegatingConstructorAccessorImpl.java:45)
at java.lang.reflect.Constructor.newInstance(Constructor.java:423)
at org.openqa.selenium.remote.codec.w3c.W3CHttpResponseCodec.createException(W3CHttpResponseCodec.java:191)
at org.openqa.selenium.remote.codec.w3c.W3CHttpResponseCodec.decode(W3CHttpResponseCodec.java:125)
at org.openqa.selenium.remote.codec.w3c.W3CHttpResponseCodec.decode(W3CHttpResponseCodec.java:52)
at org.openqa.selenium.remote.HttpCommandExecutor.execute(HttpCommandExecutor.java:161)
at org.openqa.selenium.remote.service.DriverCommandExecutor.execute(DriverCommandExecutor.java:83)
at org.openqa.selenium.remote.RemoteWebDriver.execute(RemoteWebDriver.java:576)
at org.openqa.selenium.remote.RemoteWebDriver.findElement(RemoteWebDriver.java:327)
at org.openqa.selenium.remote.RemoteWebDriver.findElementByXPath(RemoteWebDriver.java:445)
at org.openqa.selenium.By$ByXPath.findElement(By.java:353)
at org.openqa.selenium.remote.RemoteWebDriver.findElement(RemoteWebDriver.java:319)
at com.atmecs.helper.CommonUtility.locatorsType(CommonUtility.java:49)
at com.atmecs.helper.CommonUtility$4.apply(CommonUtility.java:180)
at com.atmecs.helper.CommonUtility$4.apply(CommonUtility.java:1)
at org.openqa.selenium.support.ui.FluentWait.until(FluentWait.java:211)
at com.atmecs.helper.CommonUtility.getText(CommonUtility.java:177)
at com.atmecs.general.AtmecsHomePage.isFooterPresent(AtmecsHomePage.java:80)
at com.atmecs.testscript.AtmecsHomePageScript.validatePartnerFooter(AtmecsHomePageScript.java:61)
at sun.reflect.NativeMethodAccessorImpl.invoke0(Native Method)
at sun.reflect.NativeMethodAccessorImpl.invoke(NativeMethodAccessorImpl.java:62)
at sun.reflect.DelegatingMethodAccessorImpl.invoke(DelegatingMethodAccessorImpl.java:43)
at java.lang.reflect.Method.invoke(Method.java:498)
at org.testng.internal.MethodInvocationHelper.invokeMethod(MethodInvocationHelper.java:133)
at org.testng.internal.TestInvoker.invokeMethod(TestInvoker.java:584)
at org.testng.internal.TestInvoker.invokeTestMethod(TestInvoker.java:172)
at org.testng.internal.MethodRunner.runInSequence(MethodRunner.java:46)
at org.testng.internal.TestInvoker$MethodInvocationAgent.invoke(TestInvoker.java:804)
at org.testng.internal.TestInvoker.invokeTestMethods(TestInvoker.java:145)
at org.testng.internal.TestMethodWorker.invokeTestMethods(TestMethodWorker.java:146)
at org.testng.internal.TestMethodWorker.run(TestMethodWorker.java:128)
at java.util.ArrayList.forEach(ArrayList.java:1257)
at org.testng.TestRunner.privateRun(TestRunner.java:770)
at org.testng.TestRunner.run(TestRunner.java:591)
at org.testng.SuiteRunner.runTest(SuiteRunner.java:402)
at org.testng.SuiteRunner.runSequentially(SuiteRunner.java:396)
at org.testng.SuiteRunner.privateRun(SuiteRunner.java:355)
at org.testng.SuiteRunner.run(SuiteRunner.java:304)
at org.testng.SuiteRunnerWorker.runSuite(SuiteRunnerWorker.java:53)
at org.testng.SuiteRunnerWorker.run(SuiteRunnerWorker.java:96)
at org.testng.TestNG.runSuitesSequentially(TestNG.java:1180)
at org.testng.TestNG.runSuitesLocally(TestNG.java:1102)
at org.testng.TestNG.runSuites(TestNG.java:1032)
at org.testng.TestNG.run(TestNG.java:1000)
at org.testng.remote.AbstractRemoteTestNG.run(AbstractRemoteTestNG.java:115)
at org.testng.remote.RemoteTestNG.initAndRun(RemoteTestNG.java:251)
at org.testng.remote.RemoteTestNG.main(RemoteTestNG.java:77)
]]>
    </error>
  </testcase> <!-- validatePartnerFooter -->
  <testcase name="clickOnMediaMenu" time="0.053" classname="com.atmecs.testscript.AtmecsHomePageScript">
    <error type="org.openqa.selenium.NoSuchWindowException" message="Currently focused window has been closed.
Build info: version: &#039;4.0.0-alpha-2&#039;, revision: &#039;f148142cf8&#039;, time: &#039;2019-07-01T20:55:26&#039;
System info: host: &#039;ATMECSINLT-283&#039;, ip: &#039;55.55.52.215&#039;, os.name: &#039;Windows 10&#039;, os.arch: &#039;amd64&#039;, os.version: &#039;10.0&#039;, java.version: &#039;1.8.0_221&#039;
Driver info: org.openqa.selenium.ie.InternetExplorerDriver
Capabilities {acceptInsecureCerts: false, browserName: internet explorer, browserVersion: 11, javascriptEnabled: true, pageLoadStrategy: normal, platform: WINDOWS, platformName: WINDOWS, proxy: Proxy(), se:ieOptions: {browserAttachTimeout: 0, elementScrollBehavior: 0, enablePersistentHover: true, ie.browserCommandLineSwitches: , ie.ensureCleanSession: false, ie.fileUploadDialogTimeout: 3000, ie.forceCreateProcessApi: false, ignoreProtectedModeSettings: false, ignoreZoomSetting: false, initialBrowserUrl: http://localhost:2124/, nativeEvents: true, requireWindowFocus: false}, setWindowRect: true, timeouts: {implicit: 0, pageLoad: 300000, script: 30000}}
Session ID: 055d0f1f-16b1-4577-b4c8-1028878473d8
*** Element info: {Using=css selector, value=#menu-item-423}">
      <![CDATA[org.openqa.selenium.NoSuchWindowException: Currently focused window has been closed.
Build info: version: '4.0.0-alpha-2', revision: 'f148142cf8', time: '2019-07-01T20:55:26'
System info: host: 'ATMECSINLT-283', ip: '55.55.52.215', os.name: 'Windows 10', os.arch: 'amd64', os.version: '10.0', java.version: '1.8.0_221'
Driver info: org.openqa.selenium.ie.InternetExplorerDriver
Capabilities {acceptInsecureCerts: false, browserName: internet explorer, browserVersion: 11, javascriptEnabled: true, pageLoadStrategy: normal, platform: WINDOWS, platformName: WINDOWS, proxy: Proxy(), se:ieOptions: {browserAttachTimeout: 0, elementScrollBehavior: 0, enablePersistentHover: true, ie.browserCommandLineSwitches: , ie.ensureCleanSession: false, ie.fileUploadDialogTimeout: 3000, ie.forceCreateProcessApi: false, ignoreProtectedModeSettings: false, ignoreZoomSetting: false, initialBrowserUrl: http://localhost:2124/, nativeEvents: true, requireWindowFocus: false}, setWindowRect: true, timeouts: {implicit: 0, pageLoad: 300000, script: 30000}}
Session ID: 055d0f1f-16b1-4577-b4c8-1028878473d8
*** Element info: {Using=css selector, value=#menu-item-423}
at sun.reflect.GeneratedConstructorAccessor25.newInstance(Unknown Source)
at sun.reflect.DelegatingConstructorAccessorImpl.newInstance(DelegatingConstructorAccessorImpl.java:45)
at java.lang.reflect.Constructor.newInstance(Constructor.java:423)
at org.openqa.selenium.remote.codec.w3c.W3CHttpResponseCodec.createException(W3CHttpResponseCodec.java:191)
at org.openqa.selenium.remote.codec.w3c.W3CHttpResponseCodec.decode(W3CHttpResponseCodec.java:125)
at org.openqa.selenium.remote.codec.w3c.W3CHttpResponseCodec.decode(W3CHttpResponseCodec.java:52)
at org.openqa.selenium.remote.HttpCommandExecutor.execute(HttpCommandExecutor.java:161)
at org.openqa.selenium.remote.service.DriverCommandExecutor.execute(DriverCommandExecutor.java:83)
at org.openqa.selenium.remote.RemoteWebDriver.execute(RemoteWebDriver.java:576)
at org.openqa.selenium.remote.RemoteWebDriver.findElement(RemoteWebDriver.java:327)
at org.openqa.selenium.remote.RemoteWebDriver.findElementByCssSelector(RemoteWebDriver.java:435)
at org.openqa.selenium.By$ByCssSelector.findElement(By.java:431)
at org.openqa.selenium.remote.RemoteWebDriver.findElement(RemoteWebDriver.java:319)
at com.atmecs.helper.CommonUtility.locatorsType(CommonUtility.java:54)
at com.atmecs.helper.CommonUtility$1.apply(CommonUtility.java:99)
at com.atmecs.helper.CommonUtility$1.apply(CommonUtility.java:1)
at org.openqa.selenium.support.ui.FluentWait.until(FluentWait.java:211)
at com.atmecs.helper.CommonUtility.clickElement(CommonUtility.java:97)
at com.atmecs.general.AtmecsHomePage.clickOnMedia(AtmecsHomePage.java:45)
at com.atmecs.testscript.AtmecsHomePageScript.clickOnMediaMenu(AtmecsHomePageScript.java:66)
at sun.reflect.NativeMethodAccessorImpl.invoke0(Native Method)
at sun.reflect.NativeMethodAccessorImpl.invoke(NativeMethodAccessorImpl.java:62)
at sun.reflect.DelegatingMethodAccessorImpl.invoke(DelegatingMethodAccessorImpl.java:43)
at java.lang.reflect.Method.invoke(Method.java:498)
at org.testng.internal.MethodInvocationHelper.invokeMethod(MethodInvocationHelper.java:133)
at org.testng.internal.TestInvoker.invokeMethod(TestInvoker.java:584)
at org.testng.internal.TestInvoker.invokeTestMethod(TestInvoker.java:172)
at org.testng.internal.MethodRunner.runInSequence(MethodRunner.java:46)
at org.testng.internal.TestInvoker$MethodInvocationAgent.invoke(TestInvoker.java:804)
at org.testng.internal.TestInvoker.invokeTestMethods(TestInvoker.java:145)
at org.testng.internal.TestMethodWorker.invokeTestMethods(TestMethodWorker.java:146)
at org.testng.internal.TestMethodWorker.run(TestMethodWorker.java:128)
at java.util.ArrayList.forEach(ArrayList.java:1257)
at org.testng.TestRunner.privateRun(TestRunner.java:770)
at org.testng.TestRunner.run(TestRunner.java:591)
at org.testng.SuiteRunner.runTest(SuiteRunner.java:402)
at org.testng.SuiteRunner.runSequentially(SuiteRunner.java:396)
at org.testng.SuiteRunner.privateRun(SuiteRunner.java:355)
at org.testng.SuiteRunner.run(SuiteRunner.java:304)
at org.testng.SuiteRunnerWorker.runSuite(SuiteRunnerWorker.java:53)
at org.testng.SuiteRunnerWorker.run(SuiteRunnerWorker.java:96)
at org.testng.TestNG.runSuitesSequentially(TestNG.java:1180)
at org.testng.TestNG.runSuitesLocally(TestNG.java:1102)
at org.testng.TestNG.runSuites(TestNG.java:1032)
at org.testng.TestNG.run(TestNG.java:1000)
at org.testng.remote.AbstractRemoteTestNG.run(AbstractRemoteTestNG.java:115)
at org.testng.remote.RemoteTestNG.initAndRun(RemoteTestNG.java:251)
at org.testng.remote.RemoteTestNG.main(RemoteTestNG.java:77)
]]>
    </error>
  </testcase> <!-- clickOnMediaMenu -->
  <testcase name="validateMediaFooter" time="0.025" classname="com.atmecs.testscript.AtmecsHomePageScript">
    <error type="org.openqa.selenium.NoSuchWindowException" message="Currently focused window has been closed.
Build info: version: &#039;4.0.0-alpha-2&#039;, revision: &#039;f148142cf8&#039;, time: &#039;2019-07-01T20:55:26&#039;
System info: host: &#039;ATMECSINLT-283&#039;, ip: &#039;55.55.52.215&#039;, os.name: &#039;Windows 10&#039;, os.arch: &#039;amd64&#039;, os.version: &#039;10.0&#039;, java.version: &#039;1.8.0_221&#039;
Driver info: org.openqa.selenium.ie.InternetExplorerDriver
Capabilities {acceptInsecureCerts: false, browserName: internet explorer, browserVersion: 11, javascriptEnabled: true, pageLoadStrategy: normal, platform: WINDOWS, platformName: WINDOWS, proxy: Proxy(), se:ieOptions: {browserAttachTimeout: 0, elementScrollBehavior: 0, enablePersistentHover: true, ie.browserCommandLineSwitches: , ie.ensureCleanSession: false, ie.fileUploadDialogTimeout: 3000, ie.forceCreateProcessApi: false, ignoreProtectedModeSettings: false, ignoreZoomSetting: false, initialBrowserUrl: http://localhost:2124/, nativeEvents: true, requireWindowFocus: false}, setWindowRect: true, timeouts: {implicit: 0, pageLoad: 300000, script: 30000}}
Session ID: 055d0f1f-16b1-4577-b4c8-1028878473d8
*** Element info: {Using=xpath, value=//div[@id=&#039;footer&#039;]//a[contains(text(),&#039;Careers&#039;)]}">
      <![CDATA[org.openqa.selenium.NoSuchWindowException: Currently focused window has been closed.
Build info: version: '4.0.0-alpha-2', revision: 'f148142cf8', time: '2019-07-01T20:55:26'
System info: host: 'ATMECSINLT-283', ip: '55.55.52.215', os.name: 'Windows 10', os.arch: 'amd64', os.version: '10.0', java.version: '1.8.0_221'
Driver info: org.openqa.selenium.ie.InternetExplorerDriver
Capabilities {acceptInsecureCerts: false, browserName: internet explorer, browserVersion: 11, javascriptEnabled: true, pageLoadStrategy: normal, platform: WINDOWS, platformName: WINDOWS, proxy: Proxy(), se:ieOptions: {browserAttachTimeout: 0, elementScrollBehavior: 0, enablePersistentHover: true, ie.browserCommandLineSwitches: , ie.ensureCleanSession: false, ie.fileUploadDialogTimeout: 3000, ie.forceCreateProcessApi: false, ignoreProtectedModeSettings: false, ignoreZoomSetting: false, initialBrowserUrl: http://localhost:2124/, nativeEvents: true, requireWindowFocus: false}, setWindowRect: true, timeouts: {implicit: 0, pageLoad: 300000, script: 30000}}
Session ID: 055d0f1f-16b1-4577-b4c8-1028878473d8
*** Element info: {Using=xpath, value=//div[@id='footer']//a[contains(text(),'Careers')]}
at sun.reflect.GeneratedConstructorAccessor25.newInstance(Unknown Source)
at sun.reflect.DelegatingConstructorAccessorImpl.newInstance(DelegatingConstructorAccessorImpl.java:45)
at java.lang.reflect.Constructor.newInstance(Constructor.java:423)
at org.openqa.selenium.remote.codec.w3c.W3CHttpResponseCodec.createException(W3CHttpResponseCodec.java:191)
at org.openqa.selenium.remote.codec.w3c.W3CHttpResponseCodec.decode(W3CHttpResponseCodec.java:125)
at org.openqa.selenium.remote.codec.w3c.W3CHttpResponseCodec.decode(W3CHttpResponseCodec.java:52)
at org.openqa.selenium.remote.HttpCommandExecutor.execute(HttpCommandExecutor.java:161)
at org.openqa.selenium.remote.service.DriverCommandExecutor.execute(DriverCommandExecutor.java:83)
at org.openqa.selenium.remote.RemoteWebDriver.execute(RemoteWebDriver.java:576)
at org.openqa.selenium.remote.RemoteWebDriver.findElement(RemoteWebDriver.java:327)
at org.openqa.selenium.remote.RemoteWebDriver.findElementByXPath(RemoteWebDriver.java:445)
at org.openqa.selenium.By$ByXPath.findElement(By.java:353)
at org.openqa.selenium.remote.RemoteWebDriver.findElement(RemoteWebDriver.java:319)
at com.atmecs.helper.CommonUtility.locatorsType(CommonUtility.java:49)
at com.atmecs.helper.CommonUtility$4.apply(CommonUtility.java:180)
at com.atmecs.helper.CommonUtility$4.apply(CommonUtility.java:1)
at org.openqa.selenium.support.ui.FluentWait.until(FluentWait.java:211)
at com.atmecs.helper.CommonUtility.getText(CommonUtility.java:177)
at com.atmecs.general.AtmecsHomePage.isFooterPresent(AtmecsHomePage.java:80)
at com.atmecs.testscript.AtmecsHomePageScript.validateMediaFooter(AtmecsHomePageScript.java:71)
at sun.reflect.NativeMethodAccessorImpl.invoke0(Native Method)
at sun.reflect.NativeMethodAccessorImpl.invoke(NativeMethodAccessorImpl.java:62)
at sun.reflect.DelegatingMethodAccessorImpl.invoke(DelegatingMethodAccessorImpl.java:43)
at java.lang.reflect.Method.invoke(Method.java:498)
at org.testng.internal.MethodInvocationHelper.invokeMethod(MethodInvocationHelper.java:133)
at org.testng.internal.TestInvoker.invokeMethod(TestInvoker.java:584)
at org.testng.internal.TestInvoker.invokeTestMethod(TestInvoker.java:172)
at org.testng.internal.MethodRunner.runInSequence(MethodRunner.java:46)
at org.testng.internal.TestInvoker$MethodInvocationAgent.invoke(TestInvoker.java:804)
at org.testng.internal.TestInvoker.invokeTestMethods(TestInvoker.java:145)
at org.testng.internal.TestMethodWorker.invokeTestMethods(TestMethodWorker.java:146)
at org.testng.internal.TestMethodWorker.run(TestMethodWorker.java:128)
at java.util.ArrayList.forEach(ArrayList.java:1257)
at org.testng.TestRunner.privateRun(TestRunner.java:770)
at org.testng.TestRunner.run(TestRunner.java:591)
at org.testng.SuiteRunner.runTest(SuiteRunner.java:402)
at org.testng.SuiteRunner.runSequentially(SuiteRunner.java:396)
at org.testng.SuiteRunner.privateRun(SuiteRunner.java:355)
at org.testng.SuiteRunner.run(SuiteRunner.java:304)
at org.testng.SuiteRunnerWorker.runSuite(SuiteRunnerWorker.java:53)
at org.testng.SuiteRunnerWorker.run(SuiteRunnerWorker.java:96)
at org.testng.TestNG.runSuitesSequentially(TestNG.java:1180)
at org.testng.TestNG.runSuitesLocally(TestNG.java:1102)
at org.testng.TestNG.runSuites(TestNG.java:1032)
at org.testng.TestNG.run(TestNG.java:1000)
at org.testng.remote.AbstractRemoteTestNG.run(AbstractRemoteTestNG.java:115)
at org.testng.remote.RemoteTestNG.initAndRun(RemoteTestNG.java:251)
at org.testng.remote.RemoteTestNG.main(RemoteTestNG.java:77)
]]>
    </error>
  </testcase> <!-- validateMediaFooter -->
  <testcase name="validateMediaFooter" time="0.032" classname="com.atmecs.testscript.AtmecsHomePageScript">
    <error type="org.openqa.selenium.NoSuchWindowException" message="Currently focused window has been closed.
Build info: version: &#039;4.0.0-alpha-2&#039;, revision: &#039;f148142cf8&#039;, time: &#039;2019-07-01T20:55:26&#039;
System info: host: &#039;ATMECSINLT-283&#039;, ip: &#039;55.55.52.215&#039;, os.name: &#039;Windows 10&#039;, os.arch: &#039;amd64&#039;, os.version: &#039;10.0&#039;, java.version: &#039;1.8.0_221&#039;
Driver info: org.openqa.selenium.ie.InternetExplorerDriver
Capabilities {acceptInsecureCerts: false, browserName: internet explorer, browserVersion: 11, javascriptEnabled: true, pageLoadStrategy: normal, platform: WINDOWS, platformName: WINDOWS, proxy: Proxy(), se:ieOptions: {browserAttachTimeout: 0, elementScrollBehavior: 0, enablePersistentHover: true, ie.browserCommandLineSwitches: , ie.ensureCleanSession: false, ie.fileUploadDialogTimeout: 3000, ie.forceCreateProcessApi: false, ignoreProtectedModeSettings: false, ignoreZoomSetting: false, initialBrowserUrl: http://localhost:2124/, nativeEvents: true, requireWindowFocus: false}, setWindowRect: true, timeouts: {implicit: 0, pageLoad: 300000, script: 30000}}
Session ID: 055d0f1f-16b1-4577-b4c8-1028878473d8
*** Element info: {Using=xpath, value=//div[@id=&#039;footer&#039;]//a[contains(text(),&#039;Partners&#039;)]}">
      <![CDATA[org.openqa.selenium.NoSuchWindowException: Currently focused window has been closed.
Build info: version: '4.0.0-alpha-2', revision: 'f148142cf8', time: '2019-07-01T20:55:26'
System info: host: 'ATMECSINLT-283', ip: '55.55.52.215', os.name: 'Windows 10', os.arch: 'amd64', os.version: '10.0', java.version: '1.8.0_221'
Driver info: org.openqa.selenium.ie.InternetExplorerDriver
Capabilities {acceptInsecureCerts: false, browserName: internet explorer, browserVersion: 11, javascriptEnabled: true, pageLoadStrategy: normal, platform: WINDOWS, platformName: WINDOWS, proxy: Proxy(), se:ieOptions: {browserAttachTimeout: 0, elementScrollBehavior: 0, enablePersistentHover: true, ie.browserCommandLineSwitches: , ie.ensureCleanSession: false, ie.fileUploadDialogTimeout: 3000, ie.forceCreateProcessApi: false, ignoreProtectedModeSettings: false, ignoreZoomSetting: false, initialBrowserUrl: http://localhost:2124/, nativeEvents: true, requireWindowFocus: false}, setWindowRect: true, timeouts: {implicit: 0, pageLoad: 300000, script: 30000}}
Session ID: 055d0f1f-16b1-4577-b4c8-1028878473d8
*** Element info: {Using=xpath, value=//div[@id='footer']//a[contains(text(),'Partners')]}
at sun.reflect.GeneratedConstructorAccessor25.newInstance(Unknown Source)
at sun.reflect.DelegatingConstructorAccessorImpl.newInstance(DelegatingConstructorAccessorImpl.java:45)
at java.lang.reflect.Constructor.newInstance(Constructor.java:423)
at org.openqa.selenium.remote.codec.w3c.W3CHttpResponseCodec.createException(W3CHttpResponseCodec.java:191)
at org.openqa.selenium.remote.codec.w3c.W3CHttpResponseCodec.decode(W3CHttpResponseCodec.java:125)
at org.openqa.selenium.remote.codec.w3c.W3CHttpResponseCodec.decode(W3CHttpResponseCodec.java:52)
at org.openqa.selenium.remote.HttpCommandExecutor.execute(HttpCommandExecutor.java:161)
at org.openqa.selenium.remote.service.DriverCommandExecutor.execute(DriverCommandExecutor.java:83)
at org.openqa.selenium.remote.RemoteWebDriver.execute(RemoteWebDriver.java:576)
at org.openqa.selenium.remote.RemoteWebDriver.findElement(RemoteWebDriver.java:327)
at org.openqa.selenium.remote.RemoteWebDriver.findElementByXPath(RemoteWebDriver.java:445)
at org.openqa.selenium.By$ByXPath.findElement(By.java:353)
at org.openqa.selenium.remote.RemoteWebDriver.findElement(RemoteWebDriver.java:319)
at com.atmecs.helper.CommonUtility.locatorsType(CommonUtility.java:49)
at com.atmecs.helper.CommonUtility$4.apply(CommonUtility.java:180)
at com.atmecs.helper.CommonUtility$4.apply(CommonUtility.java:1)
at org.openqa.selenium.support.ui.FluentWait.until(FluentWait.java:211)
at com.atmecs.helper.CommonUtility.getText(CommonUtility.java:177)
at com.atmecs.general.AtmecsHomePage.isFooterPresent(AtmecsHomePage.java:80)
at com.atmecs.testscript.AtmecsHomePageScript.validateMediaFooter(AtmecsHomePageScript.java:71)
at sun.reflect.NativeMethodAccessorImpl.invoke0(Native Method)
at sun.reflect.NativeMethodAccessorImpl.invoke(NativeMethodAccessorImpl.java:62)
at sun.reflect.DelegatingMethodAccessorImpl.invoke(DelegatingMethodAccessorImpl.java:43)
at java.lang.reflect.Method.invoke(Method.java:498)
at org.testng.internal.MethodInvocationHelper.invokeMethod(MethodInvocationHelper.java:133)
at org.testng.internal.TestInvoker.invokeMethod(TestInvoker.java:584)
at org.testng.internal.TestInvoker.invokeTestMethod(TestInvoker.java:172)
at org.testng.internal.MethodRunner.runInSequence(MethodRunner.java:46)
at org.testng.internal.TestInvoker$MethodInvocationAgent.invoke(TestInvoker.java:804)
at org.testng.internal.TestInvoker.invokeTestMethods(TestInvoker.java:145)
at org.testng.internal.TestMethodWorker.invokeTestMethods(TestMethodWorker.java:146)
at org.testng.internal.TestMethodWorker.run(TestMethodWorker.java:128)
at java.util.ArrayList.forEach(ArrayList.java:1257)
at org.testng.TestRunner.privateRun(TestRunner.java:770)
at org.testng.TestRunner.run(TestRunner.java:591)
at org.testng.SuiteRunner.runTest(SuiteRunner.java:402)
at org.testng.SuiteRunner.runSequentially(SuiteRunner.java:396)
at org.testng.SuiteRunner.privateRun(SuiteRunner.java:355)
at org.testng.SuiteRunner.run(SuiteRunner.java:304)
at org.testng.SuiteRunnerWorker.runSuite(SuiteRunnerWorker.java:53)
at org.testng.SuiteRunnerWorker.run(SuiteRunnerWorker.java:96)
at org.testng.TestNG.runSuitesSequentially(TestNG.java:1180)
at org.testng.TestNG.runSuitesLocally(TestNG.java:1102)
at org.testng.TestNG.runSuites(TestNG.java:1032)
at org.testng.TestNG.run(TestNG.java:1000)
at org.testng.remote.AbstractRemoteTestNG.run(AbstractRemoteTestNG.java:115)
at org.testng.remote.RemoteTestNG.initAndRun(RemoteTestNG.java:251)
at org.testng.remote.RemoteTestNG.main(RemoteTestNG.java:77)
]]>
    </error>
  </testcase> <!-- validateMediaFooter -->
  <testcase name="validateMediaFooter" time="0.034" classname="com.atmecs.testscript.AtmecsHomePageScript">
    <error type="org.openqa.selenium.NoSuchWindowException" message="Currently focused window has been closed.
Build info: version: &#039;4.0.0-alpha-2&#039;, revision: &#039;f148142cf8&#039;, time: &#039;2019-07-01T20:55:26&#039;
System info: host: &#039;ATMECSINLT-283&#039;, ip: &#039;55.55.52.215&#039;, os.name: &#039;Windows 10&#039;, os.arch: &#039;amd64&#039;, os.version: &#039;10.0&#039;, java.version: &#039;1.8.0_221&#039;
Driver info: org.openqa.selenium.ie.InternetExplorerDriver
Capabilities {acceptInsecureCerts: false, browserName: internet explorer, browserVersion: 11, javascriptEnabled: true, pageLoadStrategy: normal, platform: WINDOWS, platformName: WINDOWS, proxy: Proxy(), se:ieOptions: {browserAttachTimeout: 0, elementScrollBehavior: 0, enablePersistentHover: true, ie.browserCommandLineSwitches: , ie.ensureCleanSession: false, ie.fileUploadDialogTimeout: 3000, ie.forceCreateProcessApi: false, ignoreProtectedModeSettings: false, ignoreZoomSetting: false, initialBrowserUrl: http://localhost:2124/, nativeEvents: true, requireWindowFocus: false}, setWindowRect: true, timeouts: {implicit: 0, pageLoad: 300000, script: 30000}}
Session ID: 055d0f1f-16b1-4577-b4c8-1028878473d8
*** Element info: {Using=xpath, value=//div[@id=&#039;footer&#039;]//a[contains(text(),&#039;Senior Java/J2EE Engineer&#039;)]}">
      <![CDATA[org.openqa.selenium.NoSuchWindowException: Currently focused window has been closed.
Build info: version: '4.0.0-alpha-2', revision: 'f148142cf8', time: '2019-07-01T20:55:26'
System info: host: 'ATMECSINLT-283', ip: '55.55.52.215', os.name: 'Windows 10', os.arch: 'amd64', os.version: '10.0', java.version: '1.8.0_221'
Driver info: org.openqa.selenium.ie.InternetExplorerDriver
Capabilities {acceptInsecureCerts: false, browserName: internet explorer, browserVersion: 11, javascriptEnabled: true, pageLoadStrategy: normal, platform: WINDOWS, platformName: WINDOWS, proxy: Proxy(), se:ieOptions: {browserAttachTimeout: 0, elementScrollBehavior: 0, enablePersistentHover: true, ie.browserCommandLineSwitches: , ie.ensureCleanSession: false, ie.fileUploadDialogTimeout: 3000, ie.forceCreateProcessApi: false, ignoreProtectedModeSettings: false, ignoreZoomSetting: false, initialBrowserUrl: http://localhost:2124/, nativeEvents: true, requireWindowFocus: false}, setWindowRect: true, timeouts: {implicit: 0, pageLoad: 300000, script: 30000}}
Session ID: 055d0f1f-16b1-4577-b4c8-1028878473d8
*** Element info: {Using=xpath, value=//div[@id='footer']//a[contains(text(),'Senior Java/J2EE Engineer')]}
at sun.reflect.GeneratedConstructorAccessor25.newInstance(Unknown Source)
at sun.reflect.DelegatingConstructorAccessorImpl.newInstance(DelegatingConstructorAccessorImpl.java:45)
at java.lang.reflect.Constructor.newInstance(Constructor.java:423)
at org.openqa.selenium.remote.codec.w3c.W3CHttpResponseCodec.createException(W3CHttpResponseCodec.java:191)
at org.openqa.selenium.remote.codec.w3c.W3CHttpResponseCodec.decode(W3CHttpResponseCodec.java:125)
at org.openqa.selenium.remote.codec.w3c.W3CHttpResponseCodec.decode(W3CHttpResponseCodec.java:52)
at org.openqa.selenium.remote.HttpCommandExecutor.execute(HttpCommandExecutor.java:161)
at org.openqa.selenium.remote.service.DriverCommandExecutor.execute(DriverCommandExecutor.java:83)
at org.openqa.selenium.remote.RemoteWebDriver.execute(RemoteWebDriver.java:576)
at org.openqa.selenium.remote.RemoteWebDriver.findElement(RemoteWebDriver.java:327)
at org.openqa.selenium.remote.RemoteWebDriver.findElementByXPath(RemoteWebDriver.java:445)
at org.openqa.selenium.By$ByXPath.findElement(By.java:353)
at org.openqa.selenium.remote.RemoteWebDriver.findElement(RemoteWebDriver.java:319)
at com.atmecs.helper.CommonUtility.locatorsType(CommonUtility.java:49)
at com.atmecs.helper.CommonUtility$4.apply(CommonUtility.java:180)
at com.atmecs.helper.CommonUtility$4.apply(CommonUtility.java:1)
at org.openqa.selenium.support.ui.FluentWait.until(FluentWait.java:211)
at com.atmecs.helper.CommonUtility.getText(CommonUtility.java:177)
at com.atmecs.general.AtmecsHomePage.isFooterPresent(AtmecsHomePage.java:80)
at com.atmecs.testscript.AtmecsHomePageScript.validateMediaFooter(AtmecsHomePageScript.java:71)
at sun.reflect.NativeMethodAccessorImpl.invoke0(Native Method)
at sun.reflect.NativeMethodAccessorImpl.invoke(NativeMethodAccessorImpl.java:62)
at sun.reflect.DelegatingMethodAccessorImpl.invoke(DelegatingMethodAccessorImpl.java:43)
at java.lang.reflect.Method.invoke(Method.java:498)
at org.testng.internal.MethodInvocationHelper.invokeMethod(MethodInvocationHelper.java:133)
at org.testng.internal.TestInvoker.invokeMethod(TestInvoker.java:584)
at org.testng.internal.TestInvoker.invokeTestMethod(TestInvoker.java:172)
at org.testng.internal.MethodRunner.runInSequence(MethodRunner.java:46)
at org.testng.internal.TestInvoker$MethodInvocationAgent.invoke(TestInvoker.java:804)
at org.testng.internal.TestInvoker.invokeTestMethods(TestInvoker.java:145)
at org.testng.internal.TestMethodWorker.invokeTestMethods(TestMethodWorker.java:146)
at org.testng.internal.TestMethodWorker.run(TestMethodWorker.java:128)
at java.util.ArrayList.forEach(ArrayList.java:1257)
at org.testng.TestRunner.privateRun(TestRunner.java:770)
at org.testng.TestRunner.run(TestRunner.java:591)
at org.testng.SuiteRunner.runTest(SuiteRunner.java:402)
at org.testng.SuiteRunner.runSequentially(SuiteRunner.java:396)
at org.testng.SuiteRunner.privateRun(SuiteRunner.java:355)
at org.testng.SuiteRunner.run(SuiteRunner.java:304)
at org.testng.SuiteRunnerWorker.runSuite(SuiteRunnerWorker.java:53)
at org.testng.SuiteRunnerWorker.run(SuiteRunnerWorker.java:96)
at org.testng.TestNG.runSuitesSequentially(TestNG.java:1180)
at org.testng.TestNG.runSuitesLocally(TestNG.java:1102)
at org.testng.TestNG.runSuites(TestNG.java:1032)
at org.testng.TestNG.run(TestNG.java:1000)
at org.testng.remote.AbstractRemoteTestNG.run(AbstractRemoteTestNG.java:115)
at org.testng.remote.RemoteTestNG.initAndRun(RemoteTestNG.java:251)
at org.testng.remote.RemoteTestNG.main(RemoteTestNG.java:77)
]]>
    </error>
  </testcase> <!-- validateMediaFooter -->
  <testcase name="validateMediaFooter" time="0.038" classname="com.atmecs.testscript.AtmecsHomePageScript">
    <error type="org.openqa.selenium.NoSuchWindowException" message="Currently focused window has been closed.
Build info: version: &#039;4.0.0-alpha-2&#039;, revision: &#039;f148142cf8&#039;, time: &#039;2019-07-01T20:55:26&#039;
System info: host: &#039;ATMECSINLT-283&#039;, ip: &#039;55.55.52.215&#039;, os.name: &#039;Windows 10&#039;, os.arch: &#039;amd64&#039;, os.version: &#039;10.0&#039;, java.version: &#039;1.8.0_221&#039;
Driver info: org.openqa.selenium.ie.InternetExplorerDriver
Capabilities {acceptInsecureCerts: false, browserName: internet explorer, browserVersion: 11, javascriptEnabled: true, pageLoadStrategy: normal, platform: WINDOWS, platformName: WINDOWS, proxy: Proxy(), se:ieOptions: {browserAttachTimeout: 0, elementScrollBehavior: 0, enablePersistentHover: true, ie.browserCommandLineSwitches: , ie.ensureCleanSession: false, ie.fileUploadDialogTimeout: 3000, ie.forceCreateProcessApi: false, ignoreProtectedModeSettings: false, ignoreZoomSetting: false, initialBrowserUrl: http://localhost:2124/, nativeEvents: true, requireWindowFocus: false}, setWindowRect: true, timeouts: {implicit: 0, pageLoad: 300000, script: 30000}}
Session ID: 055d0f1f-16b1-4577-b4c8-1028878473d8
*** Element info: {Using=xpath, value=//div[@id=&#039;footer&#039;]//a[contains(text(),&#039;Case Studies old&#039;)]}">
      <![CDATA[org.openqa.selenium.NoSuchWindowException: Currently focused window has been closed.
Build info: version: '4.0.0-alpha-2', revision: 'f148142cf8', time: '2019-07-01T20:55:26'
System info: host: 'ATMECSINLT-283', ip: '55.55.52.215', os.name: 'Windows 10', os.arch: 'amd64', os.version: '10.0', java.version: '1.8.0_221'
Driver info: org.openqa.selenium.ie.InternetExplorerDriver
Capabilities {acceptInsecureCerts: false, browserName: internet explorer, browserVersion: 11, javascriptEnabled: true, pageLoadStrategy: normal, platform: WINDOWS, platformName: WINDOWS, proxy: Proxy(), se:ieOptions: {browserAttachTimeout: 0, elementScrollBehavior: 0, enablePersistentHover: true, ie.browserCommandLineSwitches: , ie.ensureCleanSession: false, ie.fileUploadDialogTimeout: 3000, ie.forceCreateProcessApi: false, ignoreProtectedModeSettings: false, ignoreZoomSetting: false, initialBrowserUrl: http://localhost:2124/, nativeEvents: true, requireWindowFocus: false}, setWindowRect: true, timeouts: {implicit: 0, pageLoad: 300000, script: 30000}}
Session ID: 055d0f1f-16b1-4577-b4c8-1028878473d8
*** Element info: {Using=xpath, value=//div[@id='footer']//a[contains(text(),'Case Studies old')]}
at sun.reflect.GeneratedConstructorAccessor25.newInstance(Unknown Source)
at sun.reflect.DelegatingConstructorAccessorImpl.newInstance(DelegatingConstructorAccessorImpl.java:45)
at java.lang.reflect.Constructor.newInstance(Constructor.java:423)
at org.openqa.selenium.remote.codec.w3c.W3CHttpResponseCodec.createException(W3CHttpResponseCodec.java:191)
at org.openqa.selenium.remote.codec.w3c.W3CHttpResponseCodec.decode(W3CHttpResponseCodec.java:125)
at org.openqa.selenium.remote.codec.w3c.W3CHttpResponseCodec.decode(W3CHttpResponseCodec.java:52)
at org.openqa.selenium.remote.HttpCommandExecutor.execute(HttpCommandExecutor.java:161)
at org.openqa.selenium.remote.service.DriverCommandExecutor.execute(DriverCommandExecutor.java:83)
at org.openqa.selenium.remote.RemoteWebDriver.execute(RemoteWebDriver.java:576)
at org.openqa.selenium.remote.RemoteWebDriver.findElement(RemoteWebDriver.java:327)
at org.openqa.selenium.remote.RemoteWebDriver.findElementByXPath(RemoteWebDriver.java:445)
at org.openqa.selenium.By$ByXPath.findElement(By.java:353)
at org.openqa.selenium.remote.RemoteWebDriver.findElement(RemoteWebDriver.java:319)
at com.atmecs.helper.CommonUtility.locatorsType(CommonUtility.java:49)
at com.atmecs.helper.CommonUtility$4.apply(CommonUtility.java:180)
at com.atmecs.helper.CommonUtility$4.apply(CommonUtility.java:1)
at org.openqa.selenium.support.ui.FluentWait.until(FluentWait.java:211)
at com.atmecs.helper.CommonUtility.getText(CommonUtility.java:177)
at com.atmecs.general.AtmecsHomePage.isFooterPresent(AtmecsHomePage.java:80)
at com.atmecs.testscript.AtmecsHomePageScript.validateMediaFooter(AtmecsHomePageScript.java:71)
at sun.reflect.NativeMethodAccessorImpl.invoke0(Native Method)
at sun.reflect.NativeMethodAccessorImpl.invoke(NativeMethodAccessorImpl.java:62)
at sun.reflect.DelegatingMethodAccessorImpl.invoke(DelegatingMethodAccessorImpl.java:43)
at java.lang.reflect.Method.invoke(Method.java:498)
at org.testng.internal.MethodInvocationHelper.invokeMethod(MethodInvocationHelper.java:133)
at org.testng.internal.TestInvoker.invokeMethod(TestInvoker.java:584)
at org.testng.internal.TestInvoker.invokeTestMethod(TestInvoker.java:172)
at org.testng.internal.MethodRunner.runInSequence(MethodRunner.java:46)
at org.testng.internal.TestInvoker$MethodInvocationAgent.invoke(TestInvoker.java:804)
at org.testng.internal.TestInvoker.invokeTestMethods(TestInvoker.java:145)
at org.testng.internal.TestMethodWorker.invokeTestMethods(TestMethodWorker.java:146)
at org.testng.internal.TestMethodWorker.run(TestMethodWorker.java:128)
at java.util.ArrayList.forEach(ArrayList.java:1257)
at org.testng.TestRunner.privateRun(TestRunner.java:770)
at org.testng.TestRunner.run(TestRunner.java:591)
at org.testng.SuiteRunner.runTest(SuiteRunner.java:402)
at org.testng.SuiteRunner.runSequentially(SuiteRunner.java:396)
at org.testng.SuiteRunner.privateRun(SuiteRunner.java:355)
at org.testng.SuiteRunner.run(SuiteRunner.java:304)
at org.testng.SuiteRunnerWorker.runSuite(SuiteRunnerWorker.java:53)
at org.testng.SuiteRunnerWorker.run(SuiteRunnerWorker.java:96)
at org.testng.TestNG.runSuitesSequentially(TestNG.java:1180)
at org.testng.TestNG.runSuitesLocally(TestNG.java:1102)
at org.testng.TestNG.runSuites(TestNG.java:1032)
at org.testng.TestNG.run(TestNG.java:1000)
at org.testng.remote.AbstractRemoteTestNG.run(AbstractRemoteTestNG.java:115)
at org.testng.remote.RemoteTestNG.initAndRun(RemoteTestNG.java:251)
at org.testng.remote.RemoteTestNG.main(RemoteTestNG.java:77)
]]>
    </error>
  </testcase> <!-- validateMediaFooter -->
  <testcase name="validateMediaFooter" time="0.017" classname="com.atmecs.testscript.AtmecsHomePageScript">
    <error type="org.openqa.selenium.NoSuchWindowException" message="Currently focused window has been closed.
Build info: version: &#039;4.0.0-alpha-2&#039;, revision: &#039;f148142cf8&#039;, time: &#039;2019-07-01T20:55:26&#039;
System info: host: &#039;ATMECSINLT-283&#039;, ip: &#039;55.55.52.215&#039;, os.name: &#039;Windows 10&#039;, os.arch: &#039;amd64&#039;, os.version: &#039;10.0&#039;, java.version: &#039;1.8.0_221&#039;
Driver info: org.openqa.selenium.ie.InternetExplorerDriver
Capabilities {acceptInsecureCerts: false, browserName: internet explorer, browserVersion: 11, javascriptEnabled: true, pageLoadStrategy: normal, platform: WINDOWS, platformName: WINDOWS, proxy: Proxy(), se:ieOptions: {browserAttachTimeout: 0, elementScrollBehavior: 0, enablePersistentHover: true, ie.browserCommandLineSwitches: , ie.ensureCleanSession: false, ie.fileUploadDialogTimeout: 3000, ie.forceCreateProcessApi: false, ignoreProtectedModeSettings: false, ignoreZoomSetting: false, initialBrowserUrl: http://localhost:2124/, nativeEvents: true, requireWindowFocus: false}, setWindowRect: true, timeouts: {implicit: 0, pageLoad: 300000, script: 30000}}
Session ID: 055d0f1f-16b1-4577-b4c8-1028878473d8
*** Element info: {Using=xpath, value=//div[@id=&#039;footer&#039;]//a[contains(text(),&#039;Contact Us&#039;)]}">
      <![CDATA[org.openqa.selenium.NoSuchWindowException: Currently focused window has been closed.
Build info: version: '4.0.0-alpha-2', revision: 'f148142cf8', time: '2019-07-01T20:55:26'
System info: host: 'ATMECSINLT-283', ip: '55.55.52.215', os.name: 'Windows 10', os.arch: 'amd64', os.version: '10.0', java.version: '1.8.0_221'
Driver info: org.openqa.selenium.ie.InternetExplorerDriver
Capabilities {acceptInsecureCerts: false, browserName: internet explorer, browserVersion: 11, javascriptEnabled: true, pageLoadStrategy: normal, platform: WINDOWS, platformName: WINDOWS, proxy: Proxy(), se:ieOptions: {browserAttachTimeout: 0, elementScrollBehavior: 0, enablePersistentHover: true, ie.browserCommandLineSwitches: , ie.ensureCleanSession: false, ie.fileUploadDialogTimeout: 3000, ie.forceCreateProcessApi: false, ignoreProtectedModeSettings: false, ignoreZoomSetting: false, initialBrowserUrl: http://localhost:2124/, nativeEvents: true, requireWindowFocus: false}, setWindowRect: true, timeouts: {implicit: 0, pageLoad: 300000, script: 30000}}
Session ID: 055d0f1f-16b1-4577-b4c8-1028878473d8
*** Element info: {Using=xpath, value=//div[@id='footer']//a[contains(text(),'Contact Us')]}
at sun.reflect.GeneratedConstructorAccessor25.newInstance(Unknown Source)
at sun.reflect.DelegatingConstructorAccessorImpl.newInstance(DelegatingConstructorAccessorImpl.java:45)
at java.lang.reflect.Constructor.newInstance(Constructor.java:423)
at org.openqa.selenium.remote.codec.w3c.W3CHttpResponseCodec.createException(W3CHttpResponseCodec.java:191)
at org.openqa.selenium.remote.codec.w3c.W3CHttpResponseCodec.decode(W3CHttpResponseCodec.java:125)
at org.openqa.selenium.remote.codec.w3c.W3CHttpResponseCodec.decode(W3CHttpResponseCodec.java:52)
at org.openqa.selenium.remote.HttpCommandExecutor.execute(HttpCommandExecutor.java:161)
at org.openqa.selenium.remote.service.DriverCommandExecutor.execute(DriverCommandExecutor.java:83)
at org.openqa.selenium.remote.RemoteWebDriver.execute(RemoteWebDriver.java:576)
at org.openqa.selenium.remote.RemoteWebDriver.findElement(RemoteWebDriver.java:327)
at org.openqa.selenium.remote.RemoteWebDriver.findElementByXPath(RemoteWebDriver.java:445)
at org.openqa.selenium.By$ByXPath.findElement(By.java:353)
at org.openqa.selenium.remote.RemoteWebDriver.findElement(RemoteWebDriver.java:319)
at com.atmecs.helper.CommonUtility.locatorsType(CommonUtility.java:49)
at com.atmecs.helper.CommonUtility$4.apply(CommonUtility.java:180)
at com.atmecs.helper.CommonUtility$4.apply(CommonUtility.java:1)
at org.openqa.selenium.support.ui.FluentWait.until(FluentWait.java:211)
at com.atmecs.helper.CommonUtility.getText(CommonUtility.java:177)
at com.atmecs.general.AtmecsHomePage.isFooterPresent(AtmecsHomePage.java:80)
at com.atmecs.testscript.AtmecsHomePageScript.validateMediaFooter(AtmecsHomePageScript.java:71)
at sun.reflect.NativeMethodAccessorImpl.invoke0(Native Method)
at sun.reflect.NativeMethodAccessorImpl.invoke(NativeMethodAccessorImpl.java:62)
at sun.reflect.DelegatingMethodAccessorImpl.invoke(DelegatingMethodAccessorImpl.java:43)
at java.lang.reflect.Method.invoke(Method.java:498)
at org.testng.internal.MethodInvocationHelper.invokeMethod(MethodInvocationHelper.java:133)
at org.testng.internal.TestInvoker.invokeMethod(TestInvoker.java:584)
at org.testng.internal.TestInvoker.invokeTestMethod(TestInvoker.java:172)
at org.testng.internal.MethodRunner.runInSequence(MethodRunner.java:46)
at org.testng.internal.TestInvoker$MethodInvocationAgent.invoke(TestInvoker.java:804)
at org.testng.internal.TestInvoker.invokeTestMethods(TestInvoker.java:145)
at org.testng.internal.TestMethodWorker.invokeTestMethods(TestMethodWorker.java:146)
at org.testng.internal.TestMethodWorker.run(TestMethodWorker.java:128)
at java.util.ArrayList.forEach(ArrayList.java:1257)
at org.testng.TestRunner.privateRun(TestRunner.java:770)
at org.testng.TestRunner.run(TestRunner.java:591)
at org.testng.SuiteRunner.runTest(SuiteRunner.java:402)
at org.testng.SuiteRunner.runSequentially(SuiteRunner.java:396)
at org.testng.SuiteRunner.privateRun(SuiteRunner.java:355)
at org.testng.SuiteRunner.run(SuiteRunner.java:304)
at org.testng.SuiteRunnerWorker.runSuite(SuiteRunnerWorker.java:53)
at org.testng.SuiteRunnerWorker.run(SuiteRunnerWorker.java:96)
at org.testng.TestNG.runSuitesSequentially(TestNG.java:1180)
at org.testng.TestNG.runSuitesLocally(TestNG.java:1102)
at org.testng.TestNG.runSuites(TestNG.java:1032)
at org.testng.TestNG.run(TestNG.java:1000)
at org.testng.remote.AbstractRemoteTestNG.run(AbstractRemoteTestNG.java:115)
at org.testng.remote.RemoteTestNG.initAndRun(RemoteTestNG.java:251)
at org.testng.remote.RemoteTestNG.main(RemoteTestNG.java:77)
]]>
    </error>
  </testcase> <!-- validateMediaFooter -->
  <testcase name="validateMediaFooter" time="0.023" classname="com.atmecs.testscript.AtmecsHomePageScript">
    <error type="org.openqa.selenium.NoSuchWindowException" message="Currently focused window has been closed.
Build info: version: &#039;4.0.0-alpha-2&#039;, revision: &#039;f148142cf8&#039;, time: &#039;2019-07-01T20:55:26&#039;
System info: host: &#039;ATMECSINLT-283&#039;, ip: &#039;55.55.52.215&#039;, os.name: &#039;Windows 10&#039;, os.arch: &#039;amd64&#039;, os.version: &#039;10.0&#039;, java.version: &#039;1.8.0_221&#039;
Driver info: org.openqa.selenium.ie.InternetExplorerDriver
Capabilities {acceptInsecureCerts: false, browserName: internet explorer, browserVersion: 11, javascriptEnabled: true, pageLoadStrategy: normal, platform: WINDOWS, platformName: WINDOWS, proxy: Proxy(), se:ieOptions: {browserAttachTimeout: 0, elementScrollBehavior: 0, enablePersistentHover: true, ie.browserCommandLineSwitches: , ie.ensureCleanSession: false, ie.fileUploadDialogTimeout: 3000, ie.forceCreateProcessApi: false, ignoreProtectedModeSettings: false, ignoreZoomSetting: false, initialBrowserUrl: http://localhost:2124/, nativeEvents: true, requireWindowFocus: false}, setWindowRect: true, timeouts: {implicit: 0, pageLoad: 300000, script: 30000}}
Session ID: 055d0f1f-16b1-4577-b4c8-1028878473d8
*** Element info: {Using=xpath, value=//div[@id=&#039;footer&#039;]//a[contains(text(),&#039;US Headquarters&#039;)]}">
      <![CDATA[org.openqa.selenium.NoSuchWindowException: Currently focused window has been closed.
Build info: version: '4.0.0-alpha-2', revision: 'f148142cf8', time: '2019-07-01T20:55:26'
System info: host: 'ATMECSINLT-283', ip: '55.55.52.215', os.name: 'Windows 10', os.arch: 'amd64', os.version: '10.0', java.version: '1.8.0_221'
Driver info: org.openqa.selenium.ie.InternetExplorerDriver
Capabilities {acceptInsecureCerts: false, browserName: internet explorer, browserVersion: 11, javascriptEnabled: true, pageLoadStrategy: normal, platform: WINDOWS, platformName: WINDOWS, proxy: Proxy(), se:ieOptions: {browserAttachTimeout: 0, elementScrollBehavior: 0, enablePersistentHover: true, ie.browserCommandLineSwitches: , ie.ensureCleanSession: false, ie.fileUploadDialogTimeout: 3000, ie.forceCreateProcessApi: false, ignoreProtectedModeSettings: false, ignoreZoomSetting: false, initialBrowserUrl: http://localhost:2124/, nativeEvents: true, requireWindowFocus: false}, setWindowRect: true, timeouts: {implicit: 0, pageLoad: 300000, script: 30000}}
Session ID: 055d0f1f-16b1-4577-b4c8-1028878473d8
*** Element info: {Using=xpath, value=//div[@id='footer']//a[contains(text(),'US Headquarters')]}
at sun.reflect.GeneratedConstructorAccessor25.newInstance(Unknown Source)
at sun.reflect.DelegatingConstructorAccessorImpl.newInstance(DelegatingConstructorAccessorImpl.java:45)
at java.lang.reflect.Constructor.newInstance(Constructor.java:423)
at org.openqa.selenium.remote.codec.w3c.W3CHttpResponseCodec.createException(W3CHttpResponseCodec.java:191)
at org.openqa.selenium.remote.codec.w3c.W3CHttpResponseCodec.decode(W3CHttpResponseCodec.java:125)
at org.openqa.selenium.remote.codec.w3c.W3CHttpResponseCodec.decode(W3CHttpResponseCodec.java:52)
at org.openqa.selenium.remote.HttpCommandExecutor.execute(HttpCommandExecutor.java:161)
at org.openqa.selenium.remote.service.DriverCommandExecutor.execute(DriverCommandExecutor.java:83)
at org.openqa.selenium.remote.RemoteWebDriver.execute(RemoteWebDriver.java:576)
at org.openqa.selenium.remote.RemoteWebDriver.findElement(RemoteWebDriver.java:327)
at org.openqa.selenium.remote.RemoteWebDriver.findElementByXPath(RemoteWebDriver.java:445)
at org.openqa.selenium.By$ByXPath.findElement(By.java:353)
at org.openqa.selenium.remote.RemoteWebDriver.findElement(RemoteWebDriver.java:319)
at com.atmecs.helper.CommonUtility.locatorsType(CommonUtility.java:49)
at com.atmecs.helper.CommonUtility$4.apply(CommonUtility.java:180)
at com.atmecs.helper.CommonUtility$4.apply(CommonUtility.java:1)
at org.openqa.selenium.support.ui.FluentWait.until(FluentWait.java:211)
at com.atmecs.helper.CommonUtility.getText(CommonUtility.java:177)
at com.atmecs.general.AtmecsHomePage.isFooterPresent(AtmecsHomePage.java:80)
at com.atmecs.testscript.AtmecsHomePageScript.validateMediaFooter(AtmecsHomePageScript.java:71)
at sun.reflect.NativeMethodAccessorImpl.invoke0(Native Method)
at sun.reflect.NativeMethodAccessorImpl.invoke(NativeMethodAccessorImpl.java:62)
at sun.reflect.DelegatingMethodAccessorImpl.invoke(DelegatingMethodAccessorImpl.java:43)
at java.lang.reflect.Method.invoke(Method.java:498)
at org.testng.internal.MethodInvocationHelper.invokeMethod(MethodInvocationHelper.java:133)
at org.testng.internal.TestInvoker.invokeMethod(TestInvoker.java:584)
at org.testng.internal.TestInvoker.invokeTestMethod(TestInvoker.java:172)
at org.testng.internal.MethodRunner.runInSequence(MethodRunner.java:46)
at org.testng.internal.TestInvoker$MethodInvocationAgent.invoke(TestInvoker.java:804)
at org.testng.internal.TestInvoker.invokeTestMethods(TestInvoker.java:145)
at org.testng.internal.TestMethodWorker.invokeTestMethods(TestMethodWorker.java:146)
at org.testng.internal.TestMethodWorker.run(TestMethodWorker.java:128)
at java.util.ArrayList.forEach(ArrayList.java:1257)
at org.testng.TestRunner.privateRun(TestRunner.java:770)
at org.testng.TestRunner.run(TestRunner.java:591)
at org.testng.SuiteRunner.runTest(SuiteRunner.java:402)
at org.testng.SuiteRunner.runSequentially(SuiteRunner.java:396)
at org.testng.SuiteRunner.privateRun(SuiteRunner.java:355)
at org.testng.SuiteRunner.run(SuiteRunner.java:304)
at org.testng.SuiteRunnerWorker.runSuite(SuiteRunnerWorker.java:53)
at org.testng.SuiteRunnerWorker.run(SuiteRunnerWorker.java:96)
at org.testng.TestNG.runSuitesSequentially(TestNG.java:1180)
at org.testng.TestNG.runSuitesLocally(TestNG.java:1102)
at org.testng.TestNG.runSuites(TestNG.java:1032)
at org.testng.TestNG.run(TestNG.java:1000)
at org.testng.remote.AbstractRemoteTestNG.run(AbstractRemoteTestNG.java:115)
at org.testng.remote.RemoteTestNG.initAndRun(RemoteTestNG.java:251)
at org.testng.remote.RemoteTestNG.main(RemoteTestNG.java:77)
]]>
    </error>
  </testcase> <!-- validateMediaFooter -->
  <testcase name="validateMediaFooter" time="0.026" classname="com.atmecs.testscript.AtmecsHomePageScript">
    <error type="org.openqa.selenium.NoSuchWindowException" message="Currently focused window has been closed.
Build info: version: &#039;4.0.0-alpha-2&#039;, revision: &#039;f148142cf8&#039;, time: &#039;2019-07-01T20:55:26&#039;
System info: host: &#039;ATMECSINLT-283&#039;, ip: &#039;55.55.52.215&#039;, os.name: &#039;Windows 10&#039;, os.arch: &#039;amd64&#039;, os.version: &#039;10.0&#039;, java.version: &#039;1.8.0_221&#039;
Driver info: org.openqa.selenium.ie.InternetExplorerDriver
Capabilities {acceptInsecureCerts: false, browserName: internet explorer, browserVersion: 11, javascriptEnabled: true, pageLoadStrategy: normal, platform: WINDOWS, platformName: WINDOWS, proxy: Proxy(), se:ieOptions: {browserAttachTimeout: 0, elementScrollBehavior: 0, enablePersistentHover: true, ie.browserCommandLineSwitches: , ie.ensureCleanSession: false, ie.fileUploadDialogTimeout: 3000, ie.forceCreateProcessApi: false, ignoreProtectedModeSettings: false, ignoreZoomSetting: false, initialBrowserUrl: http://localhost:2124/, nativeEvents: true, requireWindowFocus: false}, setWindowRect: true, timeouts: {implicit: 0, pageLoad: 300000, script: 30000}}
Session ID: 055d0f1f-16b1-4577-b4c8-1028878473d8
*** Element info: {Using=xpath, value=//div[@id=&#039;footer&#039;]//a[contains(text(),&#039;Enterprise Analytics&#039;)]}">
      <![CDATA[org.openqa.selenium.NoSuchWindowException: Currently focused window has been closed.
Build info: version: '4.0.0-alpha-2', revision: 'f148142cf8', time: '2019-07-01T20:55:26'
System info: host: 'ATMECSINLT-283', ip: '55.55.52.215', os.name: 'Windows 10', os.arch: 'amd64', os.version: '10.0', java.version: '1.8.0_221'
Driver info: org.openqa.selenium.ie.InternetExplorerDriver
Capabilities {acceptInsecureCerts: false, browserName: internet explorer, browserVersion: 11, javascriptEnabled: true, pageLoadStrategy: normal, platform: WINDOWS, platformName: WINDOWS, proxy: Proxy(), se:ieOptions: {browserAttachTimeout: 0, elementScrollBehavior: 0, enablePersistentHover: true, ie.browserCommandLineSwitches: , ie.ensureCleanSession: false, ie.fileUploadDialogTimeout: 3000, ie.forceCreateProcessApi: false, ignoreProtectedModeSettings: false, ignoreZoomSetting: false, initialBrowserUrl: http://localhost:2124/, nativeEvents: true, requireWindowFocus: false}, setWindowRect: true, timeouts: {implicit: 0, pageLoad: 300000, script: 30000}}
Session ID: 055d0f1f-16b1-4577-b4c8-1028878473d8
*** Element info: {Using=xpath, value=//div[@id='footer']//a[contains(text(),'Enterprise Analytics')]}
at sun.reflect.GeneratedConstructorAccessor25.newInstance(Unknown Source)
at sun.reflect.DelegatingConstructorAccessorImpl.newInstance(DelegatingConstructorAccessorImpl.java:45)
at java.lang.reflect.Constructor.newInstance(Constructor.java:423)
at org.openqa.selenium.remote.codec.w3c.W3CHttpResponseCodec.createException(W3CHttpResponseCodec.java:191)
at org.openqa.selenium.remote.codec.w3c.W3CHttpResponseCodec.decode(W3CHttpResponseCodec.java:125)
at org.openqa.selenium.remote.codec.w3c.W3CHttpResponseCodec.decode(W3CHttpResponseCodec.java:52)
at org.openqa.selenium.remote.HttpCommandExecutor.execute(HttpCommandExecutor.java:161)
at org.openqa.selenium.remote.service.DriverCommandExecutor.execute(DriverCommandExecutor.java:83)
at org.openqa.selenium.remote.RemoteWebDriver.execute(RemoteWebDriver.java:576)
at org.openqa.selenium.remote.RemoteWebDriver.findElement(RemoteWebDriver.java:327)
at org.openqa.selenium.remote.RemoteWebDriver.findElementByXPath(RemoteWebDriver.java:445)
at org.openqa.selenium.By$ByXPath.findElement(By.java:353)
at org.openqa.selenium.remote.RemoteWebDriver.findElement(RemoteWebDriver.java:319)
at com.atmecs.helper.CommonUtility.locatorsType(CommonUtility.java:49)
at com.atmecs.helper.CommonUtility$4.apply(CommonUtility.java:180)
at com.atmecs.helper.CommonUtility$4.apply(CommonUtility.java:1)
at org.openqa.selenium.support.ui.FluentWait.until(FluentWait.java:211)
at com.atmecs.helper.CommonUtility.getText(CommonUtility.java:177)
at com.atmecs.general.AtmecsHomePage.isFooterPresent(AtmecsHomePage.java:80)
at com.atmecs.testscript.AtmecsHomePageScript.validateMediaFooter(AtmecsHomePageScript.java:71)
at sun.reflect.GeneratedMethodAccessor5.invoke(Unknown Source)
at sun.reflect.DelegatingMethodAccessorImpl.invoke(DelegatingMethodAccessorImpl.java:43)
at java.lang.reflect.Method.invoke(Method.java:498)
at org.testng.internal.MethodInvocationHelper.invokeMethod(MethodInvocationHelper.java:133)
at org.testng.internal.TestInvoker.invokeMethod(TestInvoker.java:584)
at org.testng.internal.TestInvoker.invokeTestMethod(TestInvoker.java:172)
at org.testng.internal.MethodRunner.runInSequence(MethodRunner.java:46)
at org.testng.internal.TestInvoker$MethodInvocationAgent.invoke(TestInvoker.java:804)
at org.testng.internal.TestInvoker.invokeTestMethods(TestInvoker.java:145)
at org.testng.internal.TestMethodWorker.invokeTestMethods(TestMethodWorker.java:146)
at org.testng.internal.TestMethodWorker.run(TestMethodWorker.java:128)
at java.util.ArrayList.forEach(ArrayList.java:1257)
at org.testng.TestRunner.privateRun(TestRunner.java:770)
at org.testng.TestRunner.run(TestRunner.java:591)
at org.testng.SuiteRunner.runTest(SuiteRunner.java:402)
at org.testng.SuiteRunner.runSequentially(SuiteRunner.java:396)
at org.testng.SuiteRunner.privateRun(SuiteRunner.java:355)
at org.testng.SuiteRunner.run(SuiteRunner.java:304)
at org.testng.SuiteRunnerWorker.runSuite(SuiteRunnerWorker.java:53)
at org.testng.SuiteRunnerWorker.run(SuiteRunnerWorker.java:96)
at org.testng.TestNG.runSuitesSequentially(TestNG.java:1180)
at org.testng.TestNG.runSuitesLocally(TestNG.java:1102)
at org.testng.TestNG.runSuites(TestNG.java:1032)
at org.testng.TestNG.run(TestNG.java:1000)
at org.testng.remote.AbstractRemoteTestNG.run(AbstractRemoteTestNG.java:115)
at org.testng.remote.RemoteTestNG.initAndRun(RemoteTestNG.java:251)
at org.testng.remote.RemoteTestNG.main(RemoteTestNG.java:77)
]]>
    </error>
  </testcase> <!-- validateMediaFooter -->
  <testcase name="validateMediaFooter" time="0.026" classname="com.atmecs.testscript.AtmecsHomePageScript">
    <error type="org.openqa.selenium.NoSuchWindowException" message="Currently focused window has been closed.
Build info: version: &#039;4.0.0-alpha-2&#039;, revision: &#039;f148142cf8&#039;, time: &#039;2019-07-01T20:55:26&#039;
System info: host: &#039;ATMECSINLT-283&#039;, ip: &#039;55.55.52.215&#039;, os.name: &#039;Windows 10&#039;, os.arch: &#039;amd64&#039;, os.version: &#039;10.0&#039;, java.version: &#039;1.8.0_221&#039;
Driver info: org.openqa.selenium.ie.InternetExplorerDriver
Capabilities {acceptInsecureCerts: false, browserName: internet explorer, browserVersion: 11, javascriptEnabled: true, pageLoadStrategy: normal, platform: WINDOWS, platformName: WINDOWS, proxy: Proxy(), se:ieOptions: {browserAttachTimeout: 0, elementScrollBehavior: 0, enablePersistentHover: true, ie.browserCommandLineSwitches: , ie.ensureCleanSession: false, ie.fileUploadDialogTimeout: 3000, ie.forceCreateProcessApi: false, ignoreProtectedModeSettings: false, ignoreZoomSetting: false, initialBrowserUrl: http://localhost:2124/, nativeEvents: true, requireWindowFocus: false}, setWindowRect: true, timeouts: {implicit: 0, pageLoad: 300000, script: 30000}}
Session ID: 055d0f1f-16b1-4577-b4c8-1028878473d8
*** Element info: {Using=xpath, value=//div[@id=&#039;footer&#039;]//a[contains(text(),&#039;Internet of Things&#039;)]}">
      <![CDATA[org.openqa.selenium.NoSuchWindowException: Currently focused window has been closed.
Build info: version: '4.0.0-alpha-2', revision: 'f148142cf8', time: '2019-07-01T20:55:26'
System info: host: 'ATMECSINLT-283', ip: '55.55.52.215', os.name: 'Windows 10', os.arch: 'amd64', os.version: '10.0', java.version: '1.8.0_221'
Driver info: org.openqa.selenium.ie.InternetExplorerDriver
Capabilities {acceptInsecureCerts: false, browserName: internet explorer, browserVersion: 11, javascriptEnabled: true, pageLoadStrategy: normal, platform: WINDOWS, platformName: WINDOWS, proxy: Proxy(), se:ieOptions: {browserAttachTimeout: 0, elementScrollBehavior: 0, enablePersistentHover: true, ie.browserCommandLineSwitches: , ie.ensureCleanSession: false, ie.fileUploadDialogTimeout: 3000, ie.forceCreateProcessApi: false, ignoreProtectedModeSettings: false, ignoreZoomSetting: false, initialBrowserUrl: http://localhost:2124/, nativeEvents: true, requireWindowFocus: false}, setWindowRect: true, timeouts: {implicit: 0, pageLoad: 300000, script: 30000}}
Session ID: 055d0f1f-16b1-4577-b4c8-1028878473d8
*** Element info: {Using=xpath, value=//div[@id='footer']//a[contains(text(),'Internet of Things')]}
at sun.reflect.GeneratedConstructorAccessor25.newInstance(Unknown Source)
at sun.reflect.DelegatingConstructorAccessorImpl.newInstance(DelegatingConstructorAccessorImpl.java:45)
at java.lang.reflect.Constructor.newInstance(Constructor.java:423)
at org.openqa.selenium.remote.codec.w3c.W3CHttpResponseCodec.createException(W3CHttpResponseCodec.java:191)
at org.openqa.selenium.remote.codec.w3c.W3CHttpResponseCodec.decode(W3CHttpResponseCodec.java:125)
at org.openqa.selenium.remote.codec.w3c.W3CHttpResponseCodec.decode(W3CHttpResponseCodec.java:52)
at org.openqa.selenium.remote.HttpCommandExecutor.execute(HttpCommandExecutor.java:161)
at org.openqa.selenium.remote.service.DriverCommandExecutor.execute(DriverCommandExecutor.java:83)
at org.openqa.selenium.remote.RemoteWebDriver.execute(RemoteWebDriver.java:576)
at org.openqa.selenium.remote.RemoteWebDriver.findElement(RemoteWebDriver.java:327)
at org.openqa.selenium.remote.RemoteWebDriver.findElementByXPath(RemoteWebDriver.java:445)
at org.openqa.selenium.By$ByXPath.findElement(By.java:353)
at org.openqa.selenium.remote.RemoteWebDriver.findElement(RemoteWebDriver.java:319)
at com.atmecs.helper.CommonUtility.locatorsType(CommonUtility.java:49)
at com.atmecs.helper.CommonUtility$4.apply(CommonUtility.java:180)
at com.atmecs.helper.CommonUtility$4.apply(CommonUtility.java:1)
at org.openqa.selenium.support.ui.FluentWait.until(FluentWait.java:211)
at com.atmecs.helper.CommonUtility.getText(CommonUtility.java:177)
at com.atmecs.general.AtmecsHomePage.isFooterPresent(AtmecsHomePage.java:80)
at com.atmecs.testscript.AtmecsHomePageScript.validateMediaFooter(AtmecsHomePageScript.java:71)
at sun.reflect.GeneratedMethodAccessor5.invoke(Unknown Source)
at sun.reflect.DelegatingMethodAccessorImpl.invoke(DelegatingMethodAccessorImpl.java:43)
at java.lang.reflect.Method.invoke(Method.java:498)
at org.testng.internal.MethodInvocationHelper.invokeMethod(MethodInvocationHelper.java:133)
at org.testng.internal.TestInvoker.invokeMethod(TestInvoker.java:584)
at org.testng.internal.TestInvoker.invokeTestMethod(TestInvoker.java:172)
at org.testng.internal.MethodRunner.runInSequence(MethodRunner.java:46)
at org.testng.internal.TestInvoker$MethodInvocationAgent.invoke(TestInvoker.java:804)
at org.testng.internal.TestInvoker.invokeTestMethods(TestInvoker.java:145)
at org.testng.internal.TestMethodWorker.invokeTestMethods(TestMethodWorker.java:146)
at org.testng.internal.TestMethodWorker.run(TestMethodWorker.java:128)
at java.util.ArrayList.forEach(ArrayList.java:1257)
at org.testng.TestRunner.privateRun(TestRunner.java:770)
at org.testng.TestRunner.run(TestRunner.java:591)
at org.testng.SuiteRunner.runTest(SuiteRunner.java:402)
at org.testng.SuiteRunner.runSequentially(SuiteRunner.java:396)
at org.testng.SuiteRunner.privateRun(SuiteRunner.java:355)
at org.testng.SuiteRunner.run(SuiteRunner.java:304)
at org.testng.SuiteRunnerWorker.runSuite(SuiteRunnerWorker.java:53)
at org.testng.SuiteRunnerWorker.run(SuiteRunnerWorker.java:96)
at org.testng.TestNG.runSuitesSequentially(TestNG.java:1180)
at org.testng.TestNG.runSuitesLocally(TestNG.java:1102)
at org.testng.TestNG.runSuites(TestNG.java:1032)
at org.testng.TestNG.run(TestNG.java:1000)
at org.testng.remote.AbstractRemoteTestNG.run(AbstractRemoteTestNG.java:115)
at org.testng.remote.RemoteTestNG.initAndRun(RemoteTestNG.java:251)
at org.testng.remote.RemoteTestNG.main(RemoteTestNG.java:77)
]]>
    </error>
  </testcase> <!-- validateMediaFooter -->
  <testcase name="validateMediaFooter" time="0.051" classname="com.atmecs.testscript.AtmecsHomePageScript">
    <error type="org.openqa.selenium.NoSuchWindowException" message="Currently focused window has been closed.
Build info: version: &#039;4.0.0-alpha-2&#039;, revision: &#039;f148142cf8&#039;, time: &#039;2019-07-01T20:55:26&#039;
System info: host: &#039;ATMECSINLT-283&#039;, ip: &#039;55.55.52.215&#039;, os.name: &#039;Windows 10&#039;, os.arch: &#039;amd64&#039;, os.version: &#039;10.0&#039;, java.version: &#039;1.8.0_221&#039;
Driver info: org.openqa.selenium.ie.InternetExplorerDriver
Capabilities {acceptInsecureCerts: false, browserName: internet explorer, browserVersion: 11, javascriptEnabled: true, pageLoadStrategy: normal, platform: WINDOWS, platformName: WINDOWS, proxy: Proxy(), se:ieOptions: {browserAttachTimeout: 0, elementScrollBehavior: 0, enablePersistentHover: true, ie.browserCommandLineSwitches: , ie.ensureCleanSession: false, ie.fileUploadDialogTimeout: 3000, ie.forceCreateProcessApi: false, ignoreProtectedModeSettings: false, ignoreZoomSetting: false, initialBrowserUrl: http://localhost:2124/, nativeEvents: true, requireWindowFocus: false}, setWindowRect: true, timeouts: {implicit: 0, pageLoad: 300000, script: 30000}}
Session ID: 055d0f1f-16b1-4577-b4c8-1028878473d8
*** Element info: {Using=xpath, value=//div[@id=&#039;footer&#039;]//a[contains(text(),&#039;US R&amp;D Center&#039;)]}">
      <![CDATA[org.openqa.selenium.NoSuchWindowException: Currently focused window has been closed.
Build info: version: '4.0.0-alpha-2', revision: 'f148142cf8', time: '2019-07-01T20:55:26'
System info: host: 'ATMECSINLT-283', ip: '55.55.52.215', os.name: 'Windows 10', os.arch: 'amd64', os.version: '10.0', java.version: '1.8.0_221'
Driver info: org.openqa.selenium.ie.InternetExplorerDriver
Capabilities {acceptInsecureCerts: false, browserName: internet explorer, browserVersion: 11, javascriptEnabled: true, pageLoadStrategy: normal, platform: WINDOWS, platformName: WINDOWS, proxy: Proxy(), se:ieOptions: {browserAttachTimeout: 0, elementScrollBehavior: 0, enablePersistentHover: true, ie.browserCommandLineSwitches: , ie.ensureCleanSession: false, ie.fileUploadDialogTimeout: 3000, ie.forceCreateProcessApi: false, ignoreProtectedModeSettings: false, ignoreZoomSetting: false, initialBrowserUrl: http://localhost:2124/, nativeEvents: true, requireWindowFocus: false}, setWindowRect: true, timeouts: {implicit: 0, pageLoad: 300000, script: 30000}}
Session ID: 055d0f1f-16b1-4577-b4c8-1028878473d8
*** Element info: {Using=xpath, value=//div[@id='footer']//a[contains(text(),'US R&D Center')]}
at sun.reflect.GeneratedConstructorAccessor25.newInstance(Unknown Source)
at sun.reflect.DelegatingConstructorAccessorImpl.newInstance(DelegatingConstructorAccessorImpl.java:45)
at java.lang.reflect.Constructor.newInstance(Constructor.java:423)
at org.openqa.selenium.remote.codec.w3c.W3CHttpResponseCodec.createException(W3CHttpResponseCodec.java:191)
at org.openqa.selenium.remote.codec.w3c.W3CHttpResponseCodec.decode(W3CHttpResponseCodec.java:125)
at org.openqa.selenium.remote.codec.w3c.W3CHttpResponseCodec.decode(W3CHttpResponseCodec.java:52)
at org.openqa.selenium.remote.HttpCommandExecutor.execute(HttpCommandExecutor.java:161)
at org.openqa.selenium.remote.service.DriverCommandExecutor.execute(DriverCommandExecutor.java:83)
at org.openqa.selenium.remote.RemoteWebDriver.execute(RemoteWebDriver.java:576)
at org.openqa.selenium.remote.RemoteWebDriver.findElement(RemoteWebDriver.java:327)
at org.openqa.selenium.remote.RemoteWebDriver.findElementByXPath(RemoteWebDriver.java:445)
at org.openqa.selenium.By$ByXPath.findElement(By.java:353)
at org.openqa.selenium.remote.RemoteWebDriver.findElement(RemoteWebDriver.java:319)
at com.atmecs.helper.CommonUtility.locatorsType(CommonUtility.java:49)
at com.atmecs.helper.CommonUtility$4.apply(CommonUtility.java:180)
at com.atmecs.helper.CommonUtility$4.apply(CommonUtility.java:1)
at org.openqa.selenium.support.ui.FluentWait.until(FluentWait.java:211)
at com.atmecs.helper.CommonUtility.getText(CommonUtility.java:177)
at com.atmecs.general.AtmecsHomePage.isFooterPresent(AtmecsHomePage.java:80)
at com.atmecs.testscript.AtmecsHomePageScript.validateMediaFooter(AtmecsHomePageScript.java:71)
at sun.reflect.NativeMethodAccessorImpl.invoke0(Native Method)
at sun.reflect.NativeMethodAccessorImpl.invoke(NativeMethodAccessorImpl.java:62)
at sun.reflect.DelegatingMethodAccessorImpl.invoke(DelegatingMethodAccessorImpl.java:43)
at java.lang.reflect.Method.invoke(Method.java:498)
at org.testng.internal.MethodInvocationHelper.invokeMethod(MethodInvocationHelper.java:133)
at org.testng.internal.TestInvoker.invokeMethod(TestInvoker.java:584)
at org.testng.internal.TestInvoker.invokeTestMethod(TestInvoker.java:172)
at org.testng.internal.MethodRunner.runInSequence(MethodRunner.java:46)
at org.testng.internal.TestInvoker$MethodInvocationAgent.invoke(TestInvoker.java:804)
at org.testng.internal.TestInvoker.invokeTestMethods(TestInvoker.java:145)
at org.testng.internal.TestMethodWorker.invokeTestMethods(TestMethodWorker.java:146)
at org.testng.internal.TestMethodWorker.run(TestMethodWorker.java:128)
at java.util.ArrayList.forEach(ArrayList.java:1257)
at org.testng.TestRunner.privateRun(TestRunner.java:770)
at org.testng.TestRunner.run(TestRunner.java:591)
at org.testng.SuiteRunner.runTest(SuiteRunner.java:402)
at org.testng.SuiteRunner.runSequentially(SuiteRunner.java:396)
at org.testng.SuiteRunner.privateRun(SuiteRunner.java:355)
at org.testng.SuiteRunner.run(SuiteRunner.java:304)
at org.testng.SuiteRunnerWorker.runSuite(SuiteRunnerWorker.java:53)
at org.testng.SuiteRunnerWorker.run(SuiteRunnerWorker.java:96)
at org.testng.TestNG.runSuitesSequentially(TestNG.java:1180)
at org.testng.TestNG.runSuitesLocally(TestNG.java:1102)
at org.testng.TestNG.runSuites(TestNG.java:1032)
at org.testng.TestNG.run(TestNG.java:1000)
at org.testng.remote.AbstractRemoteTestNG.run(AbstractRemoteTestNG.java:115)
at org.testng.remote.RemoteTestNG.initAndRun(RemoteTestNG.java:251)
at org.testng.remote.RemoteTestNG.main(RemoteTestNG.java:77)
]]>
    </error>
  </testcase> <!-- validateMediaFooter -->
  <testcase name="validateMediaFooter" time="0.020" classname="com.atmecs.testscript.AtmecsHomePageScript">
    <error type="org.openqa.selenium.NoSuchWindowException" message="Currently focused window has been closed.
Build info: version: &#039;4.0.0-alpha-2&#039;, revision: &#039;f148142cf8&#039;, time: &#039;2019-07-01T20:55:26&#039;
System info: host: &#039;ATMECSINLT-283&#039;, ip: &#039;55.55.52.215&#039;, os.name: &#039;Windows 10&#039;, os.arch: &#039;amd64&#039;, os.version: &#039;10.0&#039;, java.version: &#039;1.8.0_221&#039;
Driver info: org.openqa.selenium.ie.InternetExplorerDriver
Capabilities {acceptInsecureCerts: false, browserName: internet explorer, browserVersion: 11, javascriptEnabled: true, pageLoadStrategy: normal, platform: WINDOWS, platformName: WINDOWS, proxy: Proxy(), se:ieOptions: {browserAttachTimeout: 0, elementScrollBehavior: 0, enablePersistentHover: true, ie.browserCommandLineSwitches: , ie.ensureCleanSession: false, ie.fileUploadDialogTimeout: 3000, ie.forceCreateProcessApi: false, ignoreProtectedModeSettings: false, ignoreZoomSetting: false, initialBrowserUrl: http://localhost:2124/, nativeEvents: true, requireWindowFocus: false}, setWindowRect: true, timeouts: {implicit: 0, pageLoad: 300000, script: 30000}}
Session ID: 055d0f1f-16b1-4577-b4c8-1028878473d8
*** Element info: {Using=xpath, value=//div[@id=&#039;footer&#039;]//a[contains(text(),&#039;Services&#039;)]}">
      <![CDATA[org.openqa.selenium.NoSuchWindowException: Currently focused window has been closed.
Build info: version: '4.0.0-alpha-2', revision: 'f148142cf8', time: '2019-07-01T20:55:26'
System info: host: 'ATMECSINLT-283', ip: '55.55.52.215', os.name: 'Windows 10', os.arch: 'amd64', os.version: '10.0', java.version: '1.8.0_221'
Driver info: org.openqa.selenium.ie.InternetExplorerDriver
Capabilities {acceptInsecureCerts: false, browserName: internet explorer, browserVersion: 11, javascriptEnabled: true, pageLoadStrategy: normal, platform: WINDOWS, platformName: WINDOWS, proxy: Proxy(), se:ieOptions: {browserAttachTimeout: 0, elementScrollBehavior: 0, enablePersistentHover: true, ie.browserCommandLineSwitches: , ie.ensureCleanSession: false, ie.fileUploadDialogTimeout: 3000, ie.forceCreateProcessApi: false, ignoreProtectedModeSettings: false, ignoreZoomSetting: false, initialBrowserUrl: http://localhost:2124/, nativeEvents: true, requireWindowFocus: false}, setWindowRect: true, timeouts: {implicit: 0, pageLoad: 300000, script: 30000}}
Session ID: 055d0f1f-16b1-4577-b4c8-1028878473d8
*** Element info: {Using=xpath, value=//div[@id='footer']//a[contains(text(),'Services')]}
at sun.reflect.GeneratedConstructorAccessor25.newInstance(Unknown Source)
at sun.reflect.DelegatingConstructorAccessorImpl.newInstance(DelegatingConstructorAccessorImpl.java:45)
at java.lang.reflect.Constructor.newInstance(Constructor.java:423)
at org.openqa.selenium.remote.codec.w3c.W3CHttpResponseCodec.createException(W3CHttpResponseCodec.java:191)
at org.openqa.selenium.remote.codec.w3c.W3CHttpResponseCodec.decode(W3CHttpResponseCodec.java:125)
at org.openqa.selenium.remote.codec.w3c.W3CHttpResponseCodec.decode(W3CHttpResponseCodec.java:52)
at org.openqa.selenium.remote.HttpCommandExecutor.execute(HttpCommandExecutor.java:161)
at org.openqa.selenium.remote.service.DriverCommandExecutor.execute(DriverCommandExecutor.java:83)
at org.openqa.selenium.remote.RemoteWebDriver.execute(RemoteWebDriver.java:576)
at org.openqa.selenium.remote.RemoteWebDriver.findElement(RemoteWebDriver.java:327)
at org.openqa.selenium.remote.RemoteWebDriver.findElementByXPath(RemoteWebDriver.java:445)
at org.openqa.selenium.By$ByXPath.findElement(By.java:353)
at org.openqa.selenium.remote.RemoteWebDriver.findElement(RemoteWebDriver.java:319)
at com.atmecs.helper.CommonUtility.locatorsType(CommonUtility.java:49)
at com.atmecs.helper.CommonUtility$4.apply(CommonUtility.java:180)
at com.atmecs.helper.CommonUtility$4.apply(CommonUtility.java:1)
at org.openqa.selenium.support.ui.FluentWait.until(FluentWait.java:211)
at com.atmecs.helper.CommonUtility.getText(CommonUtility.java:177)
at com.atmecs.general.AtmecsHomePage.isFooterPresent(AtmecsHomePage.java:80)
at com.atmecs.testscript.AtmecsHomePageScript.validateMediaFooter(AtmecsHomePageScript.java:71)
at sun.reflect.NativeMethodAccessorImpl.invoke0(Native Method)
at sun.reflect.NativeMethodAccessorImpl.invoke(NativeMethodAccessorImpl.java:62)
at sun.reflect.DelegatingMethodAccessorImpl.invoke(DelegatingMethodAccessorImpl.java:43)
at java.lang.reflect.Method.invoke(Method.java:498)
at org.testng.internal.MethodInvocationHelper.invokeMethod(MethodInvocationHelper.java:133)
at org.testng.internal.TestInvoker.invokeMethod(TestInvoker.java:584)
at org.testng.internal.TestInvoker.invokeTestMethod(TestInvoker.java:172)
at org.testng.internal.MethodRunner.runInSequence(MethodRunner.java:46)
at org.testng.internal.TestInvoker$MethodInvocationAgent.invoke(TestInvoker.java:804)
at org.testng.internal.TestInvoker.invokeTestMethods(TestInvoker.java:145)
at org.testng.internal.TestMethodWorker.invokeTestMethods(TestMethodWorker.java:146)
at org.testng.internal.TestMethodWorker.run(TestMethodWorker.java:128)
at java.util.ArrayList.forEach(ArrayList.java:1257)
at org.testng.TestRunner.privateRun(TestRunner.java:770)
at org.testng.TestRunner.run(TestRunner.java:591)
at org.testng.SuiteRunner.runTest(SuiteRunner.java:402)
at org.testng.SuiteRunner.runSequentially(SuiteRunner.java:396)
at org.testng.SuiteRunner.privateRun(SuiteRunner.java:355)
at org.testng.SuiteRunner.run(SuiteRunner.java:304)
at org.testng.SuiteRunnerWorker.runSuite(SuiteRunnerWorker.java:53)
at org.testng.SuiteRunnerWorker.run(SuiteRunnerWorker.java:96)
at org.testng.TestNG.runSuitesSequentially(TestNG.java:1180)
at org.testng.TestNG.runSuitesLocally(TestNG.java:1102)
at org.testng.TestNG.runSuites(TestNG.java:1032)
at org.testng.TestNG.run(TestNG.java:1000)
at org.testng.remote.AbstractRemoteTestNG.run(AbstractRemoteTestNG.java:115)
at org.testng.remote.RemoteTestNG.initAndRun(RemoteTestNG.java:251)
at org.testng.remote.RemoteTestNG.main(RemoteTestNG.java:77)
]]>
    </error>
  </testcase> <!-- validateMediaFooter -->
  <testcase name="validateMediaFooter" time="0.035" classname="com.atmecs.testscript.AtmecsHomePageScript">
    <error type="org.openqa.selenium.NoSuchWindowException" message="Currently focused window has been closed.
Build info: version: &#039;4.0.0-alpha-2&#039;, revision: &#039;f148142cf8&#039;, time: &#039;2019-07-01T20:55:26&#039;
System info: host: &#039;ATMECSINLT-283&#039;, ip: &#039;55.55.52.215&#039;, os.name: &#039;Windows 10&#039;, os.arch: &#039;amd64&#039;, os.version: &#039;10.0&#039;, java.version: &#039;1.8.0_221&#039;
Driver info: org.openqa.selenium.ie.InternetExplorerDriver
Capabilities {acceptInsecureCerts: false, browserName: internet explorer, browserVersion: 11, javascriptEnabled: true, pageLoadStrategy: normal, platform: WINDOWS, platformName: WINDOWS, proxy: Proxy(), se:ieOptions: {browserAttachTimeout: 0, elementScrollBehavior: 0, enablePersistentHover: true, ie.browserCommandLineSwitches: , ie.ensureCleanSession: false, ie.fileUploadDialogTimeout: 3000, ie.forceCreateProcessApi: false, ignoreProtectedModeSettings: false, ignoreZoomSetting: false, initialBrowserUrl: http://localhost:2124/, nativeEvents: true, requireWindowFocus: false}, setWindowRect: true, timeouts: {implicit: 0, pageLoad: 300000, script: 30000}}
Session ID: 055d0f1f-16b1-4577-b4c8-1028878473d8
*** Element info: {Using=xpath, value=//div[@id=&#039;footer&#039;]//a[contains(text(),&#039;Careers&#039;)]}">
      <![CDATA[org.openqa.selenium.NoSuchWindowException: Currently focused window has been closed.
Build info: version: '4.0.0-alpha-2', revision: 'f148142cf8', time: '2019-07-01T20:55:26'
System info: host: 'ATMECSINLT-283', ip: '55.55.52.215', os.name: 'Windows 10', os.arch: 'amd64', os.version: '10.0', java.version: '1.8.0_221'
Driver info: org.openqa.selenium.ie.InternetExplorerDriver
Capabilities {acceptInsecureCerts: false, browserName: internet explorer, browserVersion: 11, javascriptEnabled: true, pageLoadStrategy: normal, platform: WINDOWS, platformName: WINDOWS, proxy: Proxy(), se:ieOptions: {browserAttachTimeout: 0, elementScrollBehavior: 0, enablePersistentHover: true, ie.browserCommandLineSwitches: , ie.ensureCleanSession: false, ie.fileUploadDialogTimeout: 3000, ie.forceCreateProcessApi: false, ignoreProtectedModeSettings: false, ignoreZoomSetting: false, initialBrowserUrl: http://localhost:2124/, nativeEvents: true, requireWindowFocus: false}, setWindowRect: true, timeouts: {implicit: 0, pageLoad: 300000, script: 30000}}
Session ID: 055d0f1f-16b1-4577-b4c8-1028878473d8
*** Element info: {Using=xpath, value=//div[@id='footer']//a[contains(text(),'Careers')]}
at sun.reflect.GeneratedConstructorAccessor25.newInstance(Unknown Source)
at sun.reflect.DelegatingConstructorAccessorImpl.newInstance(DelegatingConstructorAccessorImpl.java:45)
at java.lang.reflect.Constructor.newInstance(Constructor.java:423)
at org.openqa.selenium.remote.codec.w3c.W3CHttpResponseCodec.createException(W3CHttpResponseCodec.java:191)
at org.openqa.selenium.remote.codec.w3c.W3CHttpResponseCodec.decode(W3CHttpResponseCodec.java:125)
at org.openqa.selenium.remote.codec.w3c.W3CHttpResponseCodec.decode(W3CHttpResponseCodec.java:52)
at org.openqa.selenium.remote.HttpCommandExecutor.execute(HttpCommandExecutor.java:161)
at org.openqa.selenium.remote.service.DriverCommandExecutor.execute(DriverCommandExecutor.java:83)
at org.openqa.selenium.remote.RemoteWebDriver.execute(RemoteWebDriver.java:576)
at org.openqa.selenium.remote.RemoteWebDriver.findElement(RemoteWebDriver.java:327)
at org.openqa.selenium.remote.RemoteWebDriver.findElementByXPath(RemoteWebDriver.java:445)
at org.openqa.selenium.By$ByXPath.findElement(By.java:353)
at org.openqa.selenium.remote.RemoteWebDriver.findElement(RemoteWebDriver.java:319)
at com.atmecs.helper.CommonUtility.locatorsType(CommonUtility.java:49)
at com.atmecs.helper.CommonUtility$4.apply(CommonUtility.java:180)
at com.atmecs.helper.CommonUtility$4.apply(CommonUtility.java:1)
at org.openqa.selenium.support.ui.FluentWait.until(FluentWait.java:211)
at com.atmecs.helper.CommonUtility.getText(CommonUtility.java:177)
at com.atmecs.general.AtmecsHomePage.isFooterPresent(AtmecsHomePage.java:80)
at com.atmecs.testscript.AtmecsHomePageScript.validateMediaFooter(AtmecsHomePageScript.java:71)
at sun.reflect.NativeMethodAccessorImpl.invoke0(Native Method)
at sun.reflect.NativeMethodAccessorImpl.invoke(NativeMethodAccessorImpl.java:62)
at sun.reflect.DelegatingMethodAccessorImpl.invoke(DelegatingMethodAccessorImpl.java:43)
at java.lang.reflect.Method.invoke(Method.java:498)
at org.testng.internal.MethodInvocationHelper.invokeMethod(MethodInvocationHelper.java:133)
at org.testng.internal.TestInvoker.invokeMethod(TestInvoker.java:584)
at org.testng.internal.TestInvoker.invokeTestMethod(TestInvoker.java:172)
at org.testng.internal.MethodRunner.runInSequence(MethodRunner.java:46)
at org.testng.internal.TestInvoker$MethodInvocationAgent.invoke(TestInvoker.java:804)
at org.testng.internal.TestInvoker.invokeTestMethods(TestInvoker.java:145)
at org.testng.internal.TestMethodWorker.invokeTestMethods(TestMethodWorker.java:146)
at org.testng.internal.TestMethodWorker.run(TestMethodWorker.java:128)
at java.util.ArrayList.forEach(ArrayList.java:1257)
at org.testng.TestRunner.privateRun(TestRunner.java:770)
at org.testng.TestRunner.run(TestRunner.java:591)
at org.testng.SuiteRunner.runTest(SuiteRunner.java:402)
at org.testng.SuiteRunner.runSequentially(SuiteRunner.java:396)
at org.testng.SuiteRunner.privateRun(SuiteRunner.java:355)
at org.testng.SuiteRunner.run(SuiteRunner.java:304)
at org.testng.SuiteRunnerWorker.runSuite(SuiteRunnerWorker.java:53)
at org.testng.SuiteRunnerWorker.run(SuiteRunnerWorker.java:96)
at org.testng.TestNG.runSuitesSequentially(TestNG.java:1180)
at org.testng.TestNG.runSuitesLocally(TestNG.java:1102)
at org.testng.TestNG.runSuites(TestNG.java:1032)
at org.testng.TestNG.run(TestNG.java:1000)
at org.testng.remote.AbstractRemoteTestNG.run(AbstractRemoteTestNG.java:115)
at org.testng.remote.RemoteTestNG.initAndRun(RemoteTestNG.java:251)
at org.testng.remote.RemoteTestNG.main(RemoteTestNG.java:77)
]]>
    </error>
  </testcase> <!-- validateMediaFooter -->
  <testcase name="validateMediaFooter" time="0.042" classname="com.atmecs.testscript.AtmecsHomePageScript">
    <error type="org.openqa.selenium.NoSuchWindowException" message="Currently focused window has been closed.
Build info: version: &#039;4.0.0-alpha-2&#039;, revision: &#039;f148142cf8&#039;, time: &#039;2019-07-01T20:55:26&#039;
System info: host: &#039;ATMECSINLT-283&#039;, ip: &#039;55.55.52.215&#039;, os.name: &#039;Windows 10&#039;, os.arch: &#039;amd64&#039;, os.version: &#039;10.0&#039;, java.version: &#039;1.8.0_221&#039;
Driver info: org.openqa.selenium.ie.InternetExplorerDriver
Capabilities {acceptInsecureCerts: false, browserName: internet explorer, browserVersion: 11, javascriptEnabled: true, pageLoadStrategy: normal, platform: WINDOWS, platformName: WINDOWS, proxy: Proxy(), se:ieOptions: {browserAttachTimeout: 0, elementScrollBehavior: 0, enablePersistentHover: true, ie.browserCommandLineSwitches: , ie.ensureCleanSession: false, ie.fileUploadDialogTimeout: 3000, ie.forceCreateProcessApi: false, ignoreProtectedModeSettings: false, ignoreZoomSetting: false, initialBrowserUrl: http://localhost:2124/, nativeEvents: true, requireWindowFocus: false}, setWindowRect: true, timeouts: {implicit: 0, pageLoad: 300000, script: 30000}}
Session ID: 055d0f1f-16b1-4577-b4c8-1028878473d8
*** Element info: {Using=xpath, value=//div[@id=&#039;footer&#039;]//a[contains(text(),&#039;Mobile Computing&#039;)]}">
      <![CDATA[org.openqa.selenium.NoSuchWindowException: Currently focused window has been closed.
Build info: version: '4.0.0-alpha-2', revision: 'f148142cf8', time: '2019-07-01T20:55:26'
System info: host: 'ATMECSINLT-283', ip: '55.55.52.215', os.name: 'Windows 10', os.arch: 'amd64', os.version: '10.0', java.version: '1.8.0_221'
Driver info: org.openqa.selenium.ie.InternetExplorerDriver
Capabilities {acceptInsecureCerts: false, browserName: internet explorer, browserVersion: 11, javascriptEnabled: true, pageLoadStrategy: normal, platform: WINDOWS, platformName: WINDOWS, proxy: Proxy(), se:ieOptions: {browserAttachTimeout: 0, elementScrollBehavior: 0, enablePersistentHover: true, ie.browserCommandLineSwitches: , ie.ensureCleanSession: false, ie.fileUploadDialogTimeout: 3000, ie.forceCreateProcessApi: false, ignoreProtectedModeSettings: false, ignoreZoomSetting: false, initialBrowserUrl: http://localhost:2124/, nativeEvents: true, requireWindowFocus: false}, setWindowRect: true, timeouts: {implicit: 0, pageLoad: 300000, script: 30000}}
Session ID: 055d0f1f-16b1-4577-b4c8-1028878473d8
*** Element info: {Using=xpath, value=//div[@id='footer']//a[contains(text(),'Mobile Computing')]}
at sun.reflect.GeneratedConstructorAccessor25.newInstance(Unknown Source)
at sun.reflect.DelegatingConstructorAccessorImpl.newInstance(DelegatingConstructorAccessorImpl.java:45)
at java.lang.reflect.Constructor.newInstance(Constructor.java:423)
at org.openqa.selenium.remote.codec.w3c.W3CHttpResponseCodec.createException(W3CHttpResponseCodec.java:191)
at org.openqa.selenium.remote.codec.w3c.W3CHttpResponseCodec.decode(W3CHttpResponseCodec.java:125)
at org.openqa.selenium.remote.codec.w3c.W3CHttpResponseCodec.decode(W3CHttpResponseCodec.java:52)
at org.openqa.selenium.remote.HttpCommandExecutor.execute(HttpCommandExecutor.java:161)
at org.openqa.selenium.remote.service.DriverCommandExecutor.execute(DriverCommandExecutor.java:83)
at org.openqa.selenium.remote.RemoteWebDriver.execute(RemoteWebDriver.java:576)
at org.openqa.selenium.remote.RemoteWebDriver.findElement(RemoteWebDriver.java:327)
at org.openqa.selenium.remote.RemoteWebDriver.findElementByXPath(RemoteWebDriver.java:445)
at org.openqa.selenium.By$ByXPath.findElement(By.java:353)
at org.openqa.selenium.remote.RemoteWebDriver.findElement(RemoteWebDriver.java:319)
at com.atmecs.helper.CommonUtility.locatorsType(CommonUtility.java:49)
at com.atmecs.helper.CommonUtility$4.apply(CommonUtility.java:180)
at com.atmecs.helper.CommonUtility$4.apply(CommonUtility.java:1)
at org.openqa.selenium.support.ui.FluentWait.until(FluentWait.java:211)
at com.atmecs.helper.CommonUtility.getText(CommonUtility.java:177)
at com.atmecs.general.AtmecsHomePage.isFooterPresent(AtmecsHomePage.java:80)
at com.atmecs.testscript.AtmecsHomePageScript.validateMediaFooter(AtmecsHomePageScript.java:71)
at sun.reflect.GeneratedMethodAccessor5.invoke(Unknown Source)
at sun.reflect.DelegatingMethodAccessorImpl.invoke(DelegatingMethodAccessorImpl.java:43)
at java.lang.reflect.Method.invoke(Method.java:498)
at org.testng.internal.MethodInvocationHelper.invokeMethod(MethodInvocationHelper.java:133)
at org.testng.internal.TestInvoker.invokeMethod(TestInvoker.java:584)
at org.testng.internal.TestInvoker.invokeTestMethod(TestInvoker.java:172)
at org.testng.internal.MethodRunner.runInSequence(MethodRunner.java:46)
at org.testng.internal.TestInvoker$MethodInvocationAgent.invoke(TestInvoker.java:804)
at org.testng.internal.TestInvoker.invokeTestMethods(TestInvoker.java:145)
at org.testng.internal.TestMethodWorker.invokeTestMethods(TestMethodWorker.java:146)
at org.testng.internal.TestMethodWorker.run(TestMethodWorker.java:128)
at java.util.ArrayList.forEach(ArrayList.java:1257)
at org.testng.TestRunner.privateRun(TestRunner.java:770)
at org.testng.TestRunner.run(TestRunner.java:591)
at org.testng.SuiteRunner.runTest(SuiteRunner.java:402)
at org.testng.SuiteRunner.runSequentially(SuiteRunner.java:396)
at org.testng.SuiteRunner.privateRun(SuiteRunner.java:355)
at org.testng.SuiteRunner.run(SuiteRunner.java:304)
at org.testng.SuiteRunnerWorker.runSuite(SuiteRunnerWorker.java:53)
at org.testng.SuiteRunnerWorker.run(SuiteRunnerWorker.java:96)
at org.testng.TestNG.runSuitesSequentially(TestNG.java:1180)
at org.testng.TestNG.runSuitesLocally(TestNG.java:1102)
at org.testng.TestNG.runSuites(TestNG.java:1032)
at org.testng.TestNG.run(TestNG.java:1000)
at org.testng.remote.AbstractRemoteTestNG.run(AbstractRemoteTestNG.java:115)
at org.testng.remote.RemoteTestNG.initAndRun(RemoteTestNG.java:251)
at org.testng.remote.RemoteTestNG.main(RemoteTestNG.java:77)
]]>
    </error>
  </testcase> <!-- validateMediaFooter -->
  <testcase name="validateMediaFooter" time="0.037" classname="com.atmecs.testscript.AtmecsHomePageScript">
    <error type="org.openqa.selenium.NoSuchWindowException" message="Currently focused window has been closed.
Build info: version: &#039;4.0.0-alpha-2&#039;, revision: &#039;f148142cf8&#039;, time: &#039;2019-07-01T20:55:26&#039;
System info: host: &#039;ATMECSINLT-283&#039;, ip: &#039;55.55.52.215&#039;, os.name: &#039;Windows 10&#039;, os.arch: &#039;amd64&#039;, os.version: &#039;10.0&#039;, java.version: &#039;1.8.0_221&#039;
Driver info: org.openqa.selenium.ie.InternetExplorerDriver
Capabilities {acceptInsecureCerts: false, browserName: internet explorer, browserVersion: 11, javascriptEnabled: true, pageLoadStrategy: normal, platform: WINDOWS, platformName: WINDOWS, proxy: Proxy(), se:ieOptions: {browserAttachTimeout: 0, elementScrollBehavior: 0, enablePersistentHover: true, ie.browserCommandLineSwitches: , ie.ensureCleanSession: false, ie.fileUploadDialogTimeout: 3000, ie.forceCreateProcessApi: false, ignoreProtectedModeSettings: false, ignoreZoomSetting: false, initialBrowserUrl: http://localhost:2124/, nativeEvents: true, requireWindowFocus: false}, setWindowRect: true, timeouts: {implicit: 0, pageLoad: 300000, script: 30000}}
Session ID: 055d0f1f-16b1-4577-b4c8-1028878473d8
*** Element info: {Using=xpath, value=//div[@id=&#039;footer&#039;]//a[contains(text(),&#039;info@atmecs.com&#039;)]}">
      <![CDATA[org.openqa.selenium.NoSuchWindowException: Currently focused window has been closed.
Build info: version: '4.0.0-alpha-2', revision: 'f148142cf8', time: '2019-07-01T20:55:26'
System info: host: 'ATMECSINLT-283', ip: '55.55.52.215', os.name: 'Windows 10', os.arch: 'amd64', os.version: '10.0', java.version: '1.8.0_221'
Driver info: org.openqa.selenium.ie.InternetExplorerDriver
Capabilities {acceptInsecureCerts: false, browserName: internet explorer, browserVersion: 11, javascriptEnabled: true, pageLoadStrategy: normal, platform: WINDOWS, platformName: WINDOWS, proxy: Proxy(), se:ieOptions: {browserAttachTimeout: 0, elementScrollBehavior: 0, enablePersistentHover: true, ie.browserCommandLineSwitches: , ie.ensureCleanSession: false, ie.fileUploadDialogTimeout: 3000, ie.forceCreateProcessApi: false, ignoreProtectedModeSettings: false, ignoreZoomSetting: false, initialBrowserUrl: http://localhost:2124/, nativeEvents: true, requireWindowFocus: false}, setWindowRect: true, timeouts: {implicit: 0, pageLoad: 300000, script: 30000}}
Session ID: 055d0f1f-16b1-4577-b4c8-1028878473d8
*** Element info: {Using=xpath, value=//div[@id='footer']//a[contains(text(),'info@atmecs.com')]}
at sun.reflect.GeneratedConstructorAccessor25.newInstance(Unknown Source)
at sun.reflect.DelegatingConstructorAccessorImpl.newInstance(DelegatingConstructorAccessorImpl.java:45)
at java.lang.reflect.Constructor.newInstance(Constructor.java:423)
at org.openqa.selenium.remote.codec.w3c.W3CHttpResponseCodec.createException(W3CHttpResponseCodec.java:191)
at org.openqa.selenium.remote.codec.w3c.W3CHttpResponseCodec.decode(W3CHttpResponseCodec.java:125)
at org.openqa.selenium.remote.codec.w3c.W3CHttpResponseCodec.decode(W3CHttpResponseCodec.java:52)
at org.openqa.selenium.remote.HttpCommandExecutor.execute(HttpCommandExecutor.java:161)
at org.openqa.selenium.remote.service.DriverCommandExecutor.execute(DriverCommandExecutor.java:83)
at org.openqa.selenium.remote.RemoteWebDriver.execute(RemoteWebDriver.java:576)
at org.openqa.selenium.remote.RemoteWebDriver.findElement(RemoteWebDriver.java:327)
at org.openqa.selenium.remote.RemoteWebDriver.findElementByXPath(RemoteWebDriver.java:445)
at org.openqa.selenium.By$ByXPath.findElement(By.java:353)
at org.openqa.selenium.remote.RemoteWebDriver.findElement(RemoteWebDriver.java:319)
at com.atmecs.helper.CommonUtility.locatorsType(CommonUtility.java:49)
at com.atmecs.helper.CommonUtility$4.apply(CommonUtility.java:180)
at com.atmecs.helper.CommonUtility$4.apply(CommonUtility.java:1)
at org.openqa.selenium.support.ui.FluentWait.until(FluentWait.java:211)
at com.atmecs.helper.CommonUtility.getText(CommonUtility.java:177)
at com.atmecs.general.AtmecsHomePage.isFooterPresent(AtmecsHomePage.java:80)
at com.atmecs.testscript.AtmecsHomePageScript.validateMediaFooter(AtmecsHomePageScript.java:71)
at sun.reflect.GeneratedMethodAccessor5.invoke(Unknown Source)
at sun.reflect.DelegatingMethodAccessorImpl.invoke(DelegatingMethodAccessorImpl.java:43)
at java.lang.reflect.Method.invoke(Method.java:498)
at org.testng.internal.MethodInvocationHelper.invokeMethod(MethodInvocationHelper.java:133)
at org.testng.internal.TestInvoker.invokeMethod(TestInvoker.java:584)
at org.testng.internal.TestInvoker.invokeTestMethod(TestInvoker.java:172)
at org.testng.internal.MethodRunner.runInSequence(MethodRunner.java:46)
at org.testng.internal.TestInvoker$MethodInvocationAgent.invoke(TestInvoker.java:804)
at org.testng.internal.TestInvoker.invokeTestMethods(TestInvoker.java:145)
at org.testng.internal.TestMethodWorker.invokeTestMethods(TestMethodWorker.java:146)
at org.testng.internal.TestMethodWorker.run(TestMethodWorker.java:128)
at java.util.ArrayList.forEach(ArrayList.java:1257)
at org.testng.TestRunner.privateRun(TestRunner.java:770)
at org.testng.TestRunner.run(TestRunner.java:591)
at org.testng.SuiteRunner.runTest(SuiteRunner.java:402)
at org.testng.SuiteRunner.runSequentially(SuiteRunner.java:396)
at org.testng.SuiteRunner.privateRun(SuiteRunner.java:355)
at org.testng.SuiteRunner.run(SuiteRunner.java:304)
at org.testng.SuiteRunnerWorker.runSuite(SuiteRunnerWorker.java:53)
at org.testng.SuiteRunnerWorker.run(SuiteRunnerWorker.java:96)
at org.testng.TestNG.runSuitesSequentially(TestNG.java:1180)
at org.testng.TestNG.runSuitesLocally(TestNG.java:1102)
at org.testng.TestNG.runSuites(TestNG.java:1032)
at org.testng.TestNG.run(TestNG.java:1000)
at org.testng.remote.AbstractRemoteTestNG.run(AbstractRemoteTestNG.java:115)
at org.testng.remote.RemoteTestNG.initAndRun(RemoteTestNG.java:251)
at org.testng.remote.RemoteTestNG.main(RemoteTestNG.java:77)
]]>
    </error>
  </testcase> <!-- validateMediaFooter -->
  <testcase name="validateMediaFooter" time="0.024" classname="com.atmecs.testscript.AtmecsHomePageScript">
    <error type="org.openqa.selenium.NoSuchWindowException" message="Currently focused window has been closed.
Build info: version: &#039;4.0.0-alpha-2&#039;, revision: &#039;f148142cf8&#039;, time: &#039;2019-07-01T20:55:26&#039;
System info: host: &#039;ATMECSINLT-283&#039;, ip: &#039;55.55.52.215&#039;, os.name: &#039;Windows 10&#039;, os.arch: &#039;amd64&#039;, os.version: &#039;10.0&#039;, java.version: &#039;1.8.0_221&#039;
Driver info: org.openqa.selenium.ie.InternetExplorerDriver
Capabilities {acceptInsecureCerts: false, browserName: internet explorer, browserVersion: 11, javascriptEnabled: true, pageLoadStrategy: normal, platform: WINDOWS, platformName: WINDOWS, proxy: Proxy(), se:ieOptions: {browserAttachTimeout: 0, elementScrollBehavior: 0, enablePersistentHover: true, ie.browserCommandLineSwitches: , ie.ensureCleanSession: false, ie.fileUploadDialogTimeout: 3000, ie.forceCreateProcessApi: false, ignoreProtectedModeSettings: false, ignoreZoomSetting: false, initialBrowserUrl: http://localhost:2124/, nativeEvents: true, requireWindowFocus: false}, setWindowRect: true, timeouts: {implicit: 0, pageLoad: 300000, script: 30000}}
Session ID: 055d0f1f-16b1-4577-b4c8-1028878473d8
*** Element info: {Using=xpath, value=//div[@id=&#039;footer&#039;]//a[contains(text(),&#039;Product Engineering&#039;)]}">
      <![CDATA[org.openqa.selenium.NoSuchWindowException: Currently focused window has been closed.
Build info: version: '4.0.0-alpha-2', revision: 'f148142cf8', time: '2019-07-01T20:55:26'
System info: host: 'ATMECSINLT-283', ip: '55.55.52.215', os.name: 'Windows 10', os.arch: 'amd64', os.version: '10.0', java.version: '1.8.0_221'
Driver info: org.openqa.selenium.ie.InternetExplorerDriver
Capabilities {acceptInsecureCerts: false, browserName: internet explorer, browserVersion: 11, javascriptEnabled: true, pageLoadStrategy: normal, platform: WINDOWS, platformName: WINDOWS, proxy: Proxy(), se:ieOptions: {browserAttachTimeout: 0, elementScrollBehavior: 0, enablePersistentHover: true, ie.browserCommandLineSwitches: , ie.ensureCleanSession: false, ie.fileUploadDialogTimeout: 3000, ie.forceCreateProcessApi: false, ignoreProtectedModeSettings: false, ignoreZoomSetting: false, initialBrowserUrl: http://localhost:2124/, nativeEvents: true, requireWindowFocus: false}, setWindowRect: true, timeouts: {implicit: 0, pageLoad: 300000, script: 30000}}
Session ID: 055d0f1f-16b1-4577-b4c8-1028878473d8
*** Element info: {Using=xpath, value=//div[@id='footer']//a[contains(text(),'Product Engineering')]}
at sun.reflect.GeneratedConstructorAccessor25.newInstance(Unknown Source)
at sun.reflect.DelegatingConstructorAccessorImpl.newInstance(DelegatingConstructorAccessorImpl.java:45)
at java.lang.reflect.Constructor.newInstance(Constructor.java:423)
at org.openqa.selenium.remote.codec.w3c.W3CHttpResponseCodec.createException(W3CHttpResponseCodec.java:191)
at org.openqa.selenium.remote.codec.w3c.W3CHttpResponseCodec.decode(W3CHttpResponseCodec.java:125)
at org.openqa.selenium.remote.codec.w3c.W3CHttpResponseCodec.decode(W3CHttpResponseCodec.java:52)
at org.openqa.selenium.remote.HttpCommandExecutor.execute(HttpCommandExecutor.java:161)
at org.openqa.selenium.remote.service.DriverCommandExecutor.execute(DriverCommandExecutor.java:83)
at org.openqa.selenium.remote.RemoteWebDriver.execute(RemoteWebDriver.java:576)
at org.openqa.selenium.remote.RemoteWebDriver.findElement(RemoteWebDriver.java:327)
at org.openqa.selenium.remote.RemoteWebDriver.findElementByXPath(RemoteWebDriver.java:445)
at org.openqa.selenium.By$ByXPath.findElement(By.java:353)
at org.openqa.selenium.remote.RemoteWebDriver.findElement(RemoteWebDriver.java:319)
at com.atmecs.helper.CommonUtility.locatorsType(CommonUtility.java:49)
at com.atmecs.helper.CommonUtility$4.apply(CommonUtility.java:180)
at com.atmecs.helper.CommonUtility$4.apply(CommonUtility.java:1)
at org.openqa.selenium.support.ui.FluentWait.until(FluentWait.java:211)
at com.atmecs.helper.CommonUtility.getText(CommonUtility.java:177)
at com.atmecs.general.AtmecsHomePage.isFooterPresent(AtmecsHomePage.java:80)
at com.atmecs.testscript.AtmecsHomePageScript.validateMediaFooter(AtmecsHomePageScript.java:71)
at sun.reflect.GeneratedMethodAccessor5.invoke(Unknown Source)
at sun.reflect.DelegatingMethodAccessorImpl.invoke(DelegatingMethodAccessorImpl.java:43)
at java.lang.reflect.Method.invoke(Method.java:498)
at org.testng.internal.MethodInvocationHelper.invokeMethod(MethodInvocationHelper.java:133)
at org.testng.internal.TestInvoker.invokeMethod(TestInvoker.java:584)
at org.testng.internal.TestInvoker.invokeTestMethod(TestInvoker.java:172)
at org.testng.internal.MethodRunner.runInSequence(MethodRunner.java:46)
at org.testng.internal.TestInvoker$MethodInvocationAgent.invoke(TestInvoker.java:804)
at org.testng.internal.TestInvoker.invokeTestMethods(TestInvoker.java:145)
at org.testng.internal.TestMethodWorker.invokeTestMethods(TestMethodWorker.java:146)
at org.testng.internal.TestMethodWorker.run(TestMethodWorker.java:128)
at java.util.ArrayList.forEach(ArrayList.java:1257)
at org.testng.TestRunner.privateRun(TestRunner.java:770)
at org.testng.TestRunner.run(TestRunner.java:591)
at org.testng.SuiteRunner.runTest(SuiteRunner.java:402)
at org.testng.SuiteRunner.runSequentially(SuiteRunner.java:396)
at org.testng.SuiteRunner.privateRun(SuiteRunner.java:355)
at org.testng.SuiteRunner.run(SuiteRunner.java:304)
at org.testng.SuiteRunnerWorker.runSuite(SuiteRunnerWorker.java:53)
at org.testng.SuiteRunnerWorker.run(SuiteRunnerWorker.java:96)
at org.testng.TestNG.runSuitesSequentially(TestNG.java:1180)
at org.testng.TestNG.runSuitesLocally(TestNG.java:1102)
at org.testng.TestNG.runSuites(TestNG.java:1032)
at org.testng.TestNG.run(TestNG.java:1000)
at org.testng.remote.AbstractRemoteTestNG.run(AbstractRemoteTestNG.java:115)
at org.testng.remote.RemoteTestNG.initAndRun(RemoteTestNG.java:251)
at org.testng.remote.RemoteTestNG.main(RemoteTestNG.java:77)
]]>
    </error>
  </testcase> <!-- validateMediaFooter -->
  <testcase name="validateMediaFooter" time="0.022" classname="com.atmecs.testscript.AtmecsHomePageScript">
    <error type="org.openqa.selenium.NoSuchWindowException" message="Currently focused window has been closed.
Build info: version: &#039;4.0.0-alpha-2&#039;, revision: &#039;f148142cf8&#039;, time: &#039;2019-07-01T20:55:26&#039;
System info: host: &#039;ATMECSINLT-283&#039;, ip: &#039;55.55.52.215&#039;, os.name: &#039;Windows 10&#039;, os.arch: &#039;amd64&#039;, os.version: &#039;10.0&#039;, java.version: &#039;1.8.0_221&#039;
Driver info: org.openqa.selenium.ie.InternetExplorerDriver
Capabilities {acceptInsecureCerts: false, browserName: internet explorer, browserVersion: 11, javascriptEnabled: true, pageLoadStrategy: normal, platform: WINDOWS, platformName: WINDOWS, proxy: Proxy(), se:ieOptions: {browserAttachTimeout: 0, elementScrollBehavior: 0, enablePersistentHover: true, ie.browserCommandLineSwitches: , ie.ensureCleanSession: false, ie.fileUploadDialogTimeout: 3000, ie.forceCreateProcessApi: false, ignoreProtectedModeSettings: false, ignoreZoomSetting: false, initialBrowserUrl: http://localhost:2124/, nativeEvents: true, requireWindowFocus: false}, setWindowRect: true, timeouts: {implicit: 0, pageLoad: 300000, script: 30000}}
Session ID: 055d0f1f-16b1-4577-b4c8-1028878473d8
*** Element info: {Using=xpath, value=//div[@id=&#039;footer&#039;]//a[contains(text(),&#039;Artificial Intelligence / Machine Learning&#039;)]}">
      <![CDATA[org.openqa.selenium.NoSuchWindowException: Currently focused window has been closed.
Build info: version: '4.0.0-alpha-2', revision: 'f148142cf8', time: '2019-07-01T20:55:26'
System info: host: 'ATMECSINLT-283', ip: '55.55.52.215', os.name: 'Windows 10', os.arch: 'amd64', os.version: '10.0', java.version: '1.8.0_221'
Driver info: org.openqa.selenium.ie.InternetExplorerDriver
Capabilities {acceptInsecureCerts: false, browserName: internet explorer, browserVersion: 11, javascriptEnabled: true, pageLoadStrategy: normal, platform: WINDOWS, platformName: WINDOWS, proxy: Proxy(), se:ieOptions: {browserAttachTimeout: 0, elementScrollBehavior: 0, enablePersistentHover: true, ie.browserCommandLineSwitches: , ie.ensureCleanSession: false, ie.fileUploadDialogTimeout: 3000, ie.forceCreateProcessApi: false, ignoreProtectedModeSettings: false, ignoreZoomSetting: false, initialBrowserUrl: http://localhost:2124/, nativeEvents: true, requireWindowFocus: false}, setWindowRect: true, timeouts: {implicit: 0, pageLoad: 300000, script: 30000}}
Session ID: 055d0f1f-16b1-4577-b4c8-1028878473d8
*** Element info: {Using=xpath, value=//div[@id='footer']//a[contains(text(),'Artificial Intelligence / Machine Learning')]}
at sun.reflect.GeneratedConstructorAccessor25.newInstance(Unknown Source)
at sun.reflect.DelegatingConstructorAccessorImpl.newInstance(DelegatingConstructorAccessorImpl.java:45)
at java.lang.reflect.Constructor.newInstance(Constructor.java:423)
at org.openqa.selenium.remote.codec.w3c.W3CHttpResponseCodec.createException(W3CHttpResponseCodec.java:191)
at org.openqa.selenium.remote.codec.w3c.W3CHttpResponseCodec.decode(W3CHttpResponseCodec.java:125)
at org.openqa.selenium.remote.codec.w3c.W3CHttpResponseCodec.decode(W3CHttpResponseCodec.java:52)
at org.openqa.selenium.remote.HttpCommandExecutor.execute(HttpCommandExecutor.java:161)
at org.openqa.selenium.remote.service.DriverCommandExecutor.execute(DriverCommandExecutor.java:83)
at org.openqa.selenium.remote.RemoteWebDriver.execute(RemoteWebDriver.java:576)
at org.openqa.selenium.remote.RemoteWebDriver.findElement(RemoteWebDriver.java:327)
at org.openqa.selenium.remote.RemoteWebDriver.findElementByXPath(RemoteWebDriver.java:445)
at org.openqa.selenium.By$ByXPath.findElement(By.java:353)
at org.openqa.selenium.remote.RemoteWebDriver.findElement(RemoteWebDriver.java:319)
at com.atmecs.helper.CommonUtility.locatorsType(CommonUtility.java:49)
at com.atmecs.helper.CommonUtility$4.apply(CommonUtility.java:180)
at com.atmecs.helper.CommonUtility$4.apply(CommonUtility.java:1)
at org.openqa.selenium.support.ui.FluentWait.until(FluentWait.java:211)
at com.atmecs.helper.CommonUtility.getText(CommonUtility.java:177)
at com.atmecs.general.AtmecsHomePage.isFooterPresent(AtmecsHomePage.java:80)
at com.atmecs.testscript.AtmecsHomePageScript.validateMediaFooter(AtmecsHomePageScript.java:71)
at sun.reflect.GeneratedMethodAccessor5.invoke(Unknown Source)
at sun.reflect.DelegatingMethodAccessorImpl.invoke(DelegatingMethodAccessorImpl.java:43)
at java.lang.reflect.Method.invoke(Method.java:498)
at org.testng.internal.MethodInvocationHelper.invokeMethod(MethodInvocationHelper.java:133)
at org.testng.internal.TestInvoker.invokeMethod(TestInvoker.java:584)
at org.testng.internal.TestInvoker.invokeTestMethod(TestInvoker.java:172)
at org.testng.internal.MethodRunner.runInSequence(MethodRunner.java:46)
at org.testng.internal.TestInvoker$MethodInvocationAgent.invoke(TestInvoker.java:804)
at org.testng.internal.TestInvoker.invokeTestMethods(TestInvoker.java:145)
at org.testng.internal.TestMethodWorker.invokeTestMethods(TestMethodWorker.java:146)
at org.testng.internal.TestMethodWorker.run(TestMethodWorker.java:128)
at java.util.ArrayList.forEach(ArrayList.java:1257)
at org.testng.TestRunner.privateRun(TestRunner.java:770)
at org.testng.TestRunner.run(TestRunner.java:591)
at org.testng.SuiteRunner.runTest(SuiteRunner.java:402)
at org.testng.SuiteRunner.runSequentially(SuiteRunner.java:396)
at org.testng.SuiteRunner.privateRun(SuiteRunner.java:355)
at org.testng.SuiteRunner.run(SuiteRunner.java:304)
at org.testng.SuiteRunnerWorker.runSuite(SuiteRunnerWorker.java:53)
at org.testng.SuiteRunnerWorker.run(SuiteRunnerWorker.java:96)
at org.testng.TestNG.runSuitesSequentially(TestNG.java:1180)
at org.testng.TestNG.runSuitesLocally(TestNG.java:1102)
at org.testng.TestNG.runSuites(TestNG.java:1032)
at org.testng.TestNG.run(TestNG.java:1000)
at org.testng.remote.AbstractRemoteTestNG.run(AbstractRemoteTestNG.java:115)
at org.testng.remote.RemoteTestNG.initAndRun(RemoteTestNG.java:251)
at org.testng.remote.RemoteTestNG.main(RemoteTestNG.java:77)
]]>
    </error>
  </testcase> <!-- validateMediaFooter -->
  <testcase name="validateMediaFooter" time="0.022" classname="com.atmecs.testscript.AtmecsHomePageScript">
    <error type="org.openqa.selenium.NoSuchWindowException" message="Currently focused window has been closed.
Build info: version: &#039;4.0.0-alpha-2&#039;, revision: &#039;f148142cf8&#039;, time: &#039;2019-07-01T20:55:26&#039;
System info: host: &#039;ATMECSINLT-283&#039;, ip: &#039;55.55.52.215&#039;, os.name: &#039;Windows 10&#039;, os.arch: &#039;amd64&#039;, os.version: &#039;10.0&#039;, java.version: &#039;1.8.0_221&#039;
Driver info: org.openqa.selenium.ie.InternetExplorerDriver
Capabilities {acceptInsecureCerts: false, browserName: internet explorer, browserVersion: 11, javascriptEnabled: true, pageLoadStrategy: normal, platform: WINDOWS, platformName: WINDOWS, proxy: Proxy(), se:ieOptions: {browserAttachTimeout: 0, elementScrollBehavior: 0, enablePersistentHover: true, ie.browserCommandLineSwitches: , ie.ensureCleanSession: false, ie.fileUploadDialogTimeout: 3000, ie.forceCreateProcessApi: false, ignoreProtectedModeSettings: false, ignoreZoomSetting: false, initialBrowserUrl: http://localhost:2124/, nativeEvents: true, requireWindowFocus: false}, setWindowRect: true, timeouts: {implicit: 0, pageLoad: 300000, script: 30000}}
Session ID: 055d0f1f-16b1-4577-b4c8-1028878473d8
*** Element info: {Using=xpath, value=//div[@id=&#039;footer&#039;]//a[contains(text(),&#039;Europe – Ireland&#039;)]}">
      <![CDATA[org.openqa.selenium.NoSuchWindowException: Currently focused window has been closed.
Build info: version: '4.0.0-alpha-2', revision: 'f148142cf8', time: '2019-07-01T20:55:26'
System info: host: 'ATMECSINLT-283', ip: '55.55.52.215', os.name: 'Windows 10', os.arch: 'amd64', os.version: '10.0', java.version: '1.8.0_221'
Driver info: org.openqa.selenium.ie.InternetExplorerDriver
Capabilities {acceptInsecureCerts: false, browserName: internet explorer, browserVersion: 11, javascriptEnabled: true, pageLoadStrategy: normal, platform: WINDOWS, platformName: WINDOWS, proxy: Proxy(), se:ieOptions: {browserAttachTimeout: 0, elementScrollBehavior: 0, enablePersistentHover: true, ie.browserCommandLineSwitches: , ie.ensureCleanSession: false, ie.fileUploadDialogTimeout: 3000, ie.forceCreateProcessApi: false, ignoreProtectedModeSettings: false, ignoreZoomSetting: false, initialBrowserUrl: http://localhost:2124/, nativeEvents: true, requireWindowFocus: false}, setWindowRect: true, timeouts: {implicit: 0, pageLoad: 300000, script: 30000}}
Session ID: 055d0f1f-16b1-4577-b4c8-1028878473d8
*** Element info: {Using=xpath, value=//div[@id='footer']//a[contains(text(),'Europe – Ireland')]}
at sun.reflect.GeneratedConstructorAccessor25.newInstance(Unknown Source)
at sun.reflect.DelegatingConstructorAccessorImpl.newInstance(DelegatingConstructorAccessorImpl.java:45)
at java.lang.reflect.Constructor.newInstance(Constructor.java:423)
at org.openqa.selenium.remote.codec.w3c.W3CHttpResponseCodec.createException(W3CHttpResponseCodec.java:191)
at org.openqa.selenium.remote.codec.w3c.W3CHttpResponseCodec.decode(W3CHttpResponseCodec.java:125)
at org.openqa.selenium.remote.codec.w3c.W3CHttpResponseCodec.decode(W3CHttpResponseCodec.java:52)
at org.openqa.selenium.remote.HttpCommandExecutor.execute(HttpCommandExecutor.java:161)
at org.openqa.selenium.remote.service.DriverCommandExecutor.execute(DriverCommandExecutor.java:83)
at org.openqa.selenium.remote.RemoteWebDriver.execute(RemoteWebDriver.java:576)
at org.openqa.selenium.remote.RemoteWebDriver.findElement(RemoteWebDriver.java:327)
at org.openqa.selenium.remote.RemoteWebDriver.findElementByXPath(RemoteWebDriver.java:445)
at org.openqa.selenium.By$ByXPath.findElement(By.java:353)
at org.openqa.selenium.remote.RemoteWebDriver.findElement(RemoteWebDriver.java:319)
at com.atmecs.helper.CommonUtility.locatorsType(CommonUtility.java:49)
at com.atmecs.helper.CommonUtility$4.apply(CommonUtility.java:180)
at com.atmecs.helper.CommonUtility$4.apply(CommonUtility.java:1)
at org.openqa.selenium.support.ui.FluentWait.until(FluentWait.java:211)
at com.atmecs.helper.CommonUtility.getText(CommonUtility.java:177)
at com.atmecs.general.AtmecsHomePage.isFooterPresent(AtmecsHomePage.java:80)
at com.atmecs.testscript.AtmecsHomePageScript.validateMediaFooter(AtmecsHomePageScript.java:71)
at sun.reflect.GeneratedMethodAccessor5.invoke(Unknown Source)
at sun.reflect.DelegatingMethodAccessorImpl.invoke(DelegatingMethodAccessorImpl.java:43)
at java.lang.reflect.Method.invoke(Method.java:498)
at org.testng.internal.MethodInvocationHelper.invokeMethod(MethodInvocationHelper.java:133)
at org.testng.internal.TestInvoker.invokeMethod(TestInvoker.java:584)
at org.testng.internal.TestInvoker.invokeTestMethod(TestInvoker.java:172)
at org.testng.internal.MethodRunner.runInSequence(MethodRunner.java:46)
at org.testng.internal.TestInvoker$MethodInvocationAgent.invoke(TestInvoker.java:804)
at org.testng.internal.TestInvoker.invokeTestMethods(TestInvoker.java:145)
at org.testng.internal.TestMethodWorker.invokeTestMethods(TestMethodWorker.java:146)
at org.testng.internal.TestMethodWorker.run(TestMethodWorker.java:128)
at java.util.ArrayList.forEach(ArrayList.java:1257)
at org.testng.TestRunner.privateRun(TestRunner.java:770)
at org.testng.TestRunner.run(TestRunner.java:591)
at org.testng.SuiteRunner.runTest(SuiteRunner.java:402)
at org.testng.SuiteRunner.runSequentially(SuiteRunner.java:396)
at org.testng.SuiteRunner.privateRun(SuiteRunner.java:355)
at org.testng.SuiteRunner.run(SuiteRunner.java:304)
at org.testng.SuiteRunnerWorker.runSuite(SuiteRunnerWorker.java:53)
at org.testng.SuiteRunnerWorker.run(SuiteRunnerWorker.java:96)
at org.testng.TestNG.runSuitesSequentially(TestNG.java:1180)
at org.testng.TestNG.runSuitesLocally(TestNG.java:1102)
at org.testng.TestNG.runSuites(TestNG.java:1032)
at org.testng.TestNG.run(TestNG.java:1000)
at org.testng.remote.AbstractRemoteTestNG.run(AbstractRemoteTestNG.java:115)
at org.testng.remote.RemoteTestNG.initAndRun(RemoteTestNG.java:251)
at org.testng.remote.RemoteTestNG.main(RemoteTestNG.java:77)
]]>
    </error>
  </testcase> <!-- validateMediaFooter -->
  <testcase name="validateMediaFooter" time="0.035" classname="com.atmecs.testscript.AtmecsHomePageScript">
    <error type="org.openqa.selenium.NoSuchWindowException" message="Currently focused window has been closed.
Build info: version: &#039;4.0.0-alpha-2&#039;, revision: &#039;f148142cf8&#039;, time: &#039;2019-07-01T20:55:26&#039;
System info: host: &#039;ATMECSINLT-283&#039;, ip: &#039;55.55.52.215&#039;, os.name: &#039;Windows 10&#039;, os.arch: &#039;amd64&#039;, os.version: &#039;10.0&#039;, java.version: &#039;1.8.0_221&#039;
Driver info: org.openqa.selenium.ie.InternetExplorerDriver
Capabilities {acceptInsecureCerts: false, browserName: internet explorer, browserVersion: 11, javascriptEnabled: true, pageLoadStrategy: normal, platform: WINDOWS, platformName: WINDOWS, proxy: Proxy(), se:ieOptions: {browserAttachTimeout: 0, elementScrollBehavior: 0, enablePersistentHover: true, ie.browserCommandLineSwitches: , ie.ensureCleanSession: false, ie.fileUploadDialogTimeout: 3000, ie.forceCreateProcessApi: false, ignoreProtectedModeSettings: false, ignoreZoomSetting: false, initialBrowserUrl: http://localhost:2124/, nativeEvents: true, requireWindowFocus: false}, setWindowRect: true, timeouts: {implicit: 0, pageLoad: 300000, script: 30000}}
Session ID: 055d0f1f-16b1-4577-b4c8-1028878473d8
*** Element info: {Using=xpath, value=//div[@id=&#039;footer&#039;]//a[contains(text(),&#039;India – Chennai&#039;)]}">
      <![CDATA[org.openqa.selenium.NoSuchWindowException: Currently focused window has been closed.
Build info: version: '4.0.0-alpha-2', revision: 'f148142cf8', time: '2019-07-01T20:55:26'
System info: host: 'ATMECSINLT-283', ip: '55.55.52.215', os.name: 'Windows 10', os.arch: 'amd64', os.version: '10.0', java.version: '1.8.0_221'
Driver info: org.openqa.selenium.ie.InternetExplorerDriver
Capabilities {acceptInsecureCerts: false, browserName: internet explorer, browserVersion: 11, javascriptEnabled: true, pageLoadStrategy: normal, platform: WINDOWS, platformName: WINDOWS, proxy: Proxy(), se:ieOptions: {browserAttachTimeout: 0, elementScrollBehavior: 0, enablePersistentHover: true, ie.browserCommandLineSwitches: , ie.ensureCleanSession: false, ie.fileUploadDialogTimeout: 3000, ie.forceCreateProcessApi: false, ignoreProtectedModeSettings: false, ignoreZoomSetting: false, initialBrowserUrl: http://localhost:2124/, nativeEvents: true, requireWindowFocus: false}, setWindowRect: true, timeouts: {implicit: 0, pageLoad: 300000, script: 30000}}
Session ID: 055d0f1f-16b1-4577-b4c8-1028878473d8
*** Element info: {Using=xpath, value=//div[@id='footer']//a[contains(text(),'India – Chennai')]}
at sun.reflect.GeneratedConstructorAccessor25.newInstance(Unknown Source)
at sun.reflect.DelegatingConstructorAccessorImpl.newInstance(DelegatingConstructorAccessorImpl.java:45)
at java.lang.reflect.Constructor.newInstance(Constructor.java:423)
at org.openqa.selenium.remote.codec.w3c.W3CHttpResponseCodec.createException(W3CHttpResponseCodec.java:191)
at org.openqa.selenium.remote.codec.w3c.W3CHttpResponseCodec.decode(W3CHttpResponseCodec.java:125)
at org.openqa.selenium.remote.codec.w3c.W3CHttpResponseCodec.decode(W3CHttpResponseCodec.java:52)
at org.openqa.selenium.remote.HttpCommandExecutor.execute(HttpCommandExecutor.java:161)
at org.openqa.selenium.remote.service.DriverCommandExecutor.execute(DriverCommandExecutor.java:83)
at org.openqa.selenium.remote.RemoteWebDriver.execute(RemoteWebDriver.java:576)
at org.openqa.selenium.remote.RemoteWebDriver.findElement(RemoteWebDriver.java:327)
at org.openqa.selenium.remote.RemoteWebDriver.findElementByXPath(RemoteWebDriver.java:445)
at org.openqa.selenium.By$ByXPath.findElement(By.java:353)
at org.openqa.selenium.remote.RemoteWebDriver.findElement(RemoteWebDriver.java:319)
at com.atmecs.helper.CommonUtility.locatorsType(CommonUtility.java:49)
at com.atmecs.helper.CommonUtility$4.apply(CommonUtility.java:180)
at com.atmecs.helper.CommonUtility$4.apply(CommonUtility.java:1)
at org.openqa.selenium.support.ui.FluentWait.until(FluentWait.java:211)
at com.atmecs.helper.CommonUtility.getText(CommonUtility.java:177)
at com.atmecs.general.AtmecsHomePage.isFooterPresent(AtmecsHomePage.java:80)
at com.atmecs.testscript.AtmecsHomePageScript.validateMediaFooter(AtmecsHomePageScript.java:71)
at sun.reflect.GeneratedMethodAccessor5.invoke(Unknown Source)
at sun.reflect.DelegatingMethodAccessorImpl.invoke(DelegatingMethodAccessorImpl.java:43)
at java.lang.reflect.Method.invoke(Method.java:498)
at org.testng.internal.MethodInvocationHelper.invokeMethod(MethodInvocationHelper.java:133)
at org.testng.internal.TestInvoker.invokeMethod(TestInvoker.java:584)
at org.testng.internal.TestInvoker.invokeTestMethod(TestInvoker.java:172)
at org.testng.internal.MethodRunner.runInSequence(MethodRunner.java:46)
at org.testng.internal.TestInvoker$MethodInvocationAgent.invoke(TestInvoker.java:804)
at org.testng.internal.TestInvoker.invokeTestMethods(TestInvoker.java:145)
at org.testng.internal.TestMethodWorker.invokeTestMethods(TestMethodWorker.java:146)
at org.testng.internal.TestMethodWorker.run(TestMethodWorker.java:128)
at java.util.ArrayList.forEach(ArrayList.java:1257)
at org.testng.TestRunner.privateRun(TestRunner.java:770)
at org.testng.TestRunner.run(TestRunner.java:591)
at org.testng.SuiteRunner.runTest(SuiteRunner.java:402)
at org.testng.SuiteRunner.runSequentially(SuiteRunner.java:396)
at org.testng.SuiteRunner.privateRun(SuiteRunner.java:355)
at org.testng.SuiteRunner.run(SuiteRunner.java:304)
at org.testng.SuiteRunnerWorker.runSuite(SuiteRunnerWorker.java:53)
at org.testng.SuiteRunnerWorker.run(SuiteRunnerWorker.java:96)
at org.testng.TestNG.runSuitesSequentially(TestNG.java:1180)
at org.testng.TestNG.runSuitesLocally(TestNG.java:1102)
at org.testng.TestNG.runSuites(TestNG.java:1032)
at org.testng.TestNG.run(TestNG.java:1000)
at org.testng.remote.AbstractRemoteTestNG.run(AbstractRemoteTestNG.java:115)
at org.testng.remote.RemoteTestNG.initAndRun(RemoteTestNG.java:251)
at org.testng.remote.RemoteTestNG.main(RemoteTestNG.java:77)
]]>
    </error>
  </testcase> <!-- validateMediaFooter -->
  <testcase name="validateMediaFooter" time="0.021" classname="com.atmecs.testscript.AtmecsHomePageScript">
    <error type="org.openqa.selenium.NoSuchWindowException" message="Currently focused window has been closed.
Build info: version: &#039;4.0.0-alpha-2&#039;, revision: &#039;f148142cf8&#039;, time: &#039;2019-07-01T20:55:26&#039;
System info: host: &#039;ATMECSINLT-283&#039;, ip: &#039;55.55.52.215&#039;, os.name: &#039;Windows 10&#039;, os.arch: &#039;amd64&#039;, os.version: &#039;10.0&#039;, java.version: &#039;1.8.0_221&#039;
Driver info: org.openqa.selenium.ie.InternetExplorerDriver
Capabilities {acceptInsecureCerts: false, browserName: internet explorer, browserVersion: 11, javascriptEnabled: true, pageLoadStrategy: normal, platform: WINDOWS, platformName: WINDOWS, proxy: Proxy(), se:ieOptions: {browserAttachTimeout: 0, elementScrollBehavior: 0, enablePersistentHover: true, ie.browserCommandLineSwitches: , ie.ensureCleanSession: false, ie.fileUploadDialogTimeout: 3000, ie.forceCreateProcessApi: false, ignoreProtectedModeSettings: false, ignoreZoomSetting: false, initialBrowserUrl: http://localhost:2124/, nativeEvents: true, requireWindowFocus: false}, setWindowRect: true, timeouts: {implicit: 0, pageLoad: 300000, script: 30000}}
Session ID: 055d0f1f-16b1-4577-b4c8-1028878473d8
*** Element info: {Using=xpath, value=//div[@id=&#039;footer&#039;]//a[contains(text(),&#039;Senior .NET Engineer&#039;)]}">
      <![CDATA[org.openqa.selenium.NoSuchWindowException: Currently focused window has been closed.
Build info: version: '4.0.0-alpha-2', revision: 'f148142cf8', time: '2019-07-01T20:55:26'
System info: host: 'ATMECSINLT-283', ip: '55.55.52.215', os.name: 'Windows 10', os.arch: 'amd64', os.version: '10.0', java.version: '1.8.0_221'
Driver info: org.openqa.selenium.ie.InternetExplorerDriver
Capabilities {acceptInsecureCerts: false, browserName: internet explorer, browserVersion: 11, javascriptEnabled: true, pageLoadStrategy: normal, platform: WINDOWS, platformName: WINDOWS, proxy: Proxy(), se:ieOptions: {browserAttachTimeout: 0, elementScrollBehavior: 0, enablePersistentHover: true, ie.browserCommandLineSwitches: , ie.ensureCleanSession: false, ie.fileUploadDialogTimeout: 3000, ie.forceCreateProcessApi: false, ignoreProtectedModeSettings: false, ignoreZoomSetting: false, initialBrowserUrl: http://localhost:2124/, nativeEvents: true, requireWindowFocus: false}, setWindowRect: true, timeouts: {implicit: 0, pageLoad: 300000, script: 30000}}
Session ID: 055d0f1f-16b1-4577-b4c8-1028878473d8
*** Element info: {Using=xpath, value=//div[@id='footer']//a[contains(text(),'Senior .NET Engineer')]}
at sun.reflect.GeneratedConstructorAccessor25.newInstance(Unknown Source)
at sun.reflect.DelegatingConstructorAccessorImpl.newInstance(DelegatingConstructorAccessorImpl.java:45)
at java.lang.reflect.Constructor.newInstance(Constructor.java:423)
at org.openqa.selenium.remote.codec.w3c.W3CHttpResponseCodec.createException(W3CHttpResponseCodec.java:191)
at org.openqa.selenium.remote.codec.w3c.W3CHttpResponseCodec.decode(W3CHttpResponseCodec.java:125)
at org.openqa.selenium.remote.codec.w3c.W3CHttpResponseCodec.decode(W3CHttpResponseCodec.java:52)
at org.openqa.selenium.remote.HttpCommandExecutor.execute(HttpCommandExecutor.java:161)
at org.openqa.selenium.remote.service.DriverCommandExecutor.execute(DriverCommandExecutor.java:83)
at org.openqa.selenium.remote.RemoteWebDriver.execute(RemoteWebDriver.java:576)
at org.openqa.selenium.remote.RemoteWebDriver.findElement(RemoteWebDriver.java:327)
at org.openqa.selenium.remote.RemoteWebDriver.findElementByXPath(RemoteWebDriver.java:445)
at org.openqa.selenium.By$ByXPath.findElement(By.java:353)
at org.openqa.selenium.remote.RemoteWebDriver.findElement(RemoteWebDriver.java:319)
at com.atmecs.helper.CommonUtility.locatorsType(CommonUtility.java:49)
at com.atmecs.helper.CommonUtility$4.apply(CommonUtility.java:180)
at com.atmecs.helper.CommonUtility$4.apply(CommonUtility.java:1)
at org.openqa.selenium.support.ui.FluentWait.until(FluentWait.java:211)
at com.atmecs.helper.CommonUtility.getText(CommonUtility.java:177)
at com.atmecs.general.AtmecsHomePage.isFooterPresent(AtmecsHomePage.java:80)
at com.atmecs.testscript.AtmecsHomePageScript.validateMediaFooter(AtmecsHomePageScript.java:71)
at sun.reflect.NativeMethodAccessorImpl.invoke0(Native Method)
at sun.reflect.NativeMethodAccessorImpl.invoke(NativeMethodAccessorImpl.java:62)
at sun.reflect.DelegatingMethodAccessorImpl.invoke(DelegatingMethodAccessorImpl.java:43)
at java.lang.reflect.Method.invoke(Method.java:498)
at org.testng.internal.MethodInvocationHelper.invokeMethod(MethodInvocationHelper.java:133)
at org.testng.internal.TestInvoker.invokeMethod(TestInvoker.java:584)
at org.testng.internal.TestInvoker.invokeTestMethod(TestInvoker.java:172)
at org.testng.internal.MethodRunner.runInSequence(MethodRunner.java:46)
at org.testng.internal.TestInvoker$MethodInvocationAgent.invoke(TestInvoker.java:804)
at org.testng.internal.TestInvoker.invokeTestMethods(TestInvoker.java:145)
at org.testng.internal.TestMethodWorker.invokeTestMethods(TestMethodWorker.java:146)
at org.testng.internal.TestMethodWorker.run(TestMethodWorker.java:128)
at java.util.ArrayList.forEach(ArrayList.java:1257)
at org.testng.TestRunner.privateRun(TestRunner.java:770)
at org.testng.TestRunner.run(TestRunner.java:591)
at org.testng.SuiteRunner.runTest(SuiteRunner.java:402)
at org.testng.SuiteRunner.runSequentially(SuiteRunner.java:396)
at org.testng.SuiteRunner.privateRun(SuiteRunner.java:355)
at org.testng.SuiteRunner.run(SuiteRunner.java:304)
at org.testng.SuiteRunnerWorker.runSuite(SuiteRunnerWorker.java:53)
at org.testng.SuiteRunnerWorker.run(SuiteRunnerWorker.java:96)
at org.testng.TestNG.runSuitesSequentially(TestNG.java:1180)
at org.testng.TestNG.runSuitesLocally(TestNG.java:1102)
at org.testng.TestNG.runSuites(TestNG.java:1032)
at org.testng.TestNG.run(TestNG.java:1000)
at org.testng.remote.AbstractRemoteTestNG.run(AbstractRemoteTestNG.java:115)
at org.testng.remote.RemoteTestNG.initAndRun(RemoteTestNG.java:251)
at org.testng.remote.RemoteTestNG.main(RemoteTestNG.java:77)
]]>
    </error>
  </testcase> <!-- validateMediaFooter -->
  <testcase name="validateMediaFooter" time="0.033" classname="com.atmecs.testscript.AtmecsHomePageScript">
    <error type="org.openqa.selenium.NoSuchWindowException" message="Currently focused window has been closed.
Build info: version: &#039;4.0.0-alpha-2&#039;, revision: &#039;f148142cf8&#039;, time: &#039;2019-07-01T20:55:26&#039;
System info: host: &#039;ATMECSINLT-283&#039;, ip: &#039;55.55.52.215&#039;, os.name: &#039;Windows 10&#039;, os.arch: &#039;amd64&#039;, os.version: &#039;10.0&#039;, java.version: &#039;1.8.0_221&#039;
Driver info: org.openqa.selenium.ie.InternetExplorerDriver
Capabilities {acceptInsecureCerts: false, browserName: internet explorer, browserVersion: 11, javascriptEnabled: true, pageLoadStrategy: normal, platform: WINDOWS, platformName: WINDOWS, proxy: Proxy(), se:ieOptions: {browserAttachTimeout: 0, elementScrollBehavior: 0, enablePersistentHover: true, ie.browserCommandLineSwitches: , ie.ensureCleanSession: false, ie.fileUploadDialogTimeout: 3000, ie.forceCreateProcessApi: false, ignoreProtectedModeSettings: false, ignoreZoomSetting: false, initialBrowserUrl: http://localhost:2124/, nativeEvents: true, requireWindowFocus: false}, setWindowRect: true, timeouts: {implicit: 0, pageLoad: 300000, script: 30000}}
Session ID: 055d0f1f-16b1-4577-b4c8-1028878473d8
*** Element info: {Using=xpath, value=//div[@id=&#039;footer&#039;]//a[contains(text(),&#039;DevOps Engineer&#039;)]}">
      <![CDATA[org.openqa.selenium.NoSuchWindowException: Currently focused window has been closed.
Build info: version: '4.0.0-alpha-2', revision: 'f148142cf8', time: '2019-07-01T20:55:26'
System info: host: 'ATMECSINLT-283', ip: '55.55.52.215', os.name: 'Windows 10', os.arch: 'amd64', os.version: '10.0', java.version: '1.8.0_221'
Driver info: org.openqa.selenium.ie.InternetExplorerDriver
Capabilities {acceptInsecureCerts: false, browserName: internet explorer, browserVersion: 11, javascriptEnabled: true, pageLoadStrategy: normal, platform: WINDOWS, platformName: WINDOWS, proxy: Proxy(), se:ieOptions: {browserAttachTimeout: 0, elementScrollBehavior: 0, enablePersistentHover: true, ie.browserCommandLineSwitches: , ie.ensureCleanSession: false, ie.fileUploadDialogTimeout: 3000, ie.forceCreateProcessApi: false, ignoreProtectedModeSettings: false, ignoreZoomSetting: false, initialBrowserUrl: http://localhost:2124/, nativeEvents: true, requireWindowFocus: false}, setWindowRect: true, timeouts: {implicit: 0, pageLoad: 300000, script: 30000}}
Session ID: 055d0f1f-16b1-4577-b4c8-1028878473d8
*** Element info: {Using=xpath, value=//div[@id='footer']//a[contains(text(),'DevOps Engineer')]}
at sun.reflect.GeneratedConstructorAccessor25.newInstance(Unknown Source)
at sun.reflect.DelegatingConstructorAccessorImpl.newInstance(DelegatingConstructorAccessorImpl.java:45)
at java.lang.reflect.Constructor.newInstance(Constructor.java:423)
at org.openqa.selenium.remote.codec.w3c.W3CHttpResponseCodec.createException(W3CHttpResponseCodec.java:191)
at org.openqa.selenium.remote.codec.w3c.W3CHttpResponseCodec.decode(W3CHttpResponseCodec.java:125)
at org.openqa.selenium.remote.codec.w3c.W3CHttpResponseCodec.decode(W3CHttpResponseCodec.java:52)
at org.openqa.selenium.remote.HttpCommandExecutor.execute(HttpCommandExecutor.java:161)
at org.openqa.selenium.remote.service.DriverCommandExecutor.execute(DriverCommandExecutor.java:83)
at org.openqa.selenium.remote.RemoteWebDriver.execute(RemoteWebDriver.java:576)
at org.openqa.selenium.remote.RemoteWebDriver.findElement(RemoteWebDriver.java:327)
at org.openqa.selenium.remote.RemoteWebDriver.findElementByXPath(RemoteWebDriver.java:445)
at org.openqa.selenium.By$ByXPath.findElement(By.java:353)
at org.openqa.selenium.remote.RemoteWebDriver.findElement(RemoteWebDriver.java:319)
at com.atmecs.helper.CommonUtility.locatorsType(CommonUtility.java:49)
at com.atmecs.helper.CommonUtility$4.apply(CommonUtility.java:180)
at com.atmecs.helper.CommonUtility$4.apply(CommonUtility.java:1)
at org.openqa.selenium.support.ui.FluentWait.until(FluentWait.java:211)
at com.atmecs.helper.CommonUtility.getText(CommonUtility.java:177)
at com.atmecs.general.AtmecsHomePage.isFooterPresent(AtmecsHomePage.java:80)
at com.atmecs.testscript.AtmecsHomePageScript.validateMediaFooter(AtmecsHomePageScript.java:71)
at sun.reflect.NativeMethodAccessorImpl.invoke0(Native Method)
at sun.reflect.NativeMethodAccessorImpl.invoke(NativeMethodAccessorImpl.java:62)
at sun.reflect.DelegatingMethodAccessorImpl.invoke(DelegatingMethodAccessorImpl.java:43)
at java.lang.reflect.Method.invoke(Method.java:498)
at org.testng.internal.MethodInvocationHelper.invokeMethod(MethodInvocationHelper.java:133)
at org.testng.internal.TestInvoker.invokeMethod(TestInvoker.java:584)
at org.testng.internal.TestInvoker.invokeTestMethod(TestInvoker.java:172)
at org.testng.internal.MethodRunner.runInSequence(MethodRunner.java:46)
at org.testng.internal.TestInvoker$MethodInvocationAgent.invoke(TestInvoker.java:804)
at org.testng.internal.TestInvoker.invokeTestMethods(TestInvoker.java:145)
at org.testng.internal.TestMethodWorker.invokeTestMethods(TestMethodWorker.java:146)
at org.testng.internal.TestMethodWorker.run(TestMethodWorker.java:128)
at java.util.ArrayList.forEach(ArrayList.java:1257)
at org.testng.TestRunner.privateRun(TestRunner.java:770)
at org.testng.TestRunner.run(TestRunner.java:591)
at org.testng.SuiteRunner.runTest(SuiteRunner.java:402)
at org.testng.SuiteRunner.runSequentially(SuiteRunner.java:396)
at org.testng.SuiteRunner.privateRun(SuiteRunner.java:355)
at org.testng.SuiteRunner.run(SuiteRunner.java:304)
at org.testng.SuiteRunnerWorker.runSuite(SuiteRunnerWorker.java:53)
at org.testng.SuiteRunnerWorker.run(SuiteRunnerWorker.java:96)
at org.testng.TestNG.runSuitesSequentially(TestNG.java:1180)
at org.testng.TestNG.runSuitesLocally(TestNG.java:1102)
at org.testng.TestNG.runSuites(TestNG.java:1032)
at org.testng.TestNG.run(TestNG.java:1000)
at org.testng.remote.AbstractRemoteTestNG.run(AbstractRemoteTestNG.java:115)
at org.testng.remote.RemoteTestNG.initAndRun(RemoteTestNG.java:251)
at org.testng.remote.RemoteTestNG.main(RemoteTestNG.java:77)
]]>
    </error>
  </testcase> <!-- validateMediaFooter -->
  <testcase name="validateMediaFooter" time="0.019" classname="com.atmecs.testscript.AtmecsHomePageScript">
    <error type="org.openqa.selenium.NoSuchWindowException" message="Currently focused window has been closed.
Build info: version: &#039;4.0.0-alpha-2&#039;, revision: &#039;f148142cf8&#039;, time: &#039;2019-07-01T20:55:26&#039;
System info: host: &#039;ATMECSINLT-283&#039;, ip: &#039;55.55.52.215&#039;, os.name: &#039;Windows 10&#039;, os.arch: &#039;amd64&#039;, os.version: &#039;10.0&#039;, java.version: &#039;1.8.0_221&#039;
Driver info: org.openqa.selenium.ie.InternetExplorerDriver
Capabilities {acceptInsecureCerts: false, browserName: internet explorer, browserVersion: 11, javascriptEnabled: true, pageLoadStrategy: normal, platform: WINDOWS, platformName: WINDOWS, proxy: Proxy(), se:ieOptions: {browserAttachTimeout: 0, elementScrollBehavior: 0, enablePersistentHover: true, ie.browserCommandLineSwitches: , ie.ensureCleanSession: false, ie.fileUploadDialogTimeout: 3000, ie.forceCreateProcessApi: false, ignoreProtectedModeSettings: false, ignoreZoomSetting: false, initialBrowserUrl: http://localhost:2124/, nativeEvents: true, requireWindowFocus: false}, setWindowRect: true, timeouts: {implicit: 0, pageLoad: 300000, script: 30000}}
Session ID: 055d0f1f-16b1-4577-b4c8-1028878473d8
*** Element info: {Using=xpath, value=//div[@id=&#039;footer&#039;]//a[contains(text(),&#039;Quality Engineering&#039;)]}">
      <![CDATA[org.openqa.selenium.NoSuchWindowException: Currently focused window has been closed.
Build info: version: '4.0.0-alpha-2', revision: 'f148142cf8', time: '2019-07-01T20:55:26'
System info: host: 'ATMECSINLT-283', ip: '55.55.52.215', os.name: 'Windows 10', os.arch: 'amd64', os.version: '10.0', java.version: '1.8.0_221'
Driver info: org.openqa.selenium.ie.InternetExplorerDriver
Capabilities {acceptInsecureCerts: false, browserName: internet explorer, browserVersion: 11, javascriptEnabled: true, pageLoadStrategy: normal, platform: WINDOWS, platformName: WINDOWS, proxy: Proxy(), se:ieOptions: {browserAttachTimeout: 0, elementScrollBehavior: 0, enablePersistentHover: true, ie.browserCommandLineSwitches: , ie.ensureCleanSession: false, ie.fileUploadDialogTimeout: 3000, ie.forceCreateProcessApi: false, ignoreProtectedModeSettings: false, ignoreZoomSetting: false, initialBrowserUrl: http://localhost:2124/, nativeEvents: true, requireWindowFocus: false}, setWindowRect: true, timeouts: {implicit: 0, pageLoad: 300000, script: 30000}}
Session ID: 055d0f1f-16b1-4577-b4c8-1028878473d8
*** Element info: {Using=xpath, value=//div[@id='footer']//a[contains(text(),'Quality Engineering')]}
at sun.reflect.GeneratedConstructorAccessor25.newInstance(Unknown Source)
at sun.reflect.DelegatingConstructorAccessorImpl.newInstance(DelegatingConstructorAccessorImpl.java:45)
at java.lang.reflect.Constructor.newInstance(Constructor.java:423)
at org.openqa.selenium.remote.codec.w3c.W3CHttpResponseCodec.createException(W3CHttpResponseCodec.java:191)
at org.openqa.selenium.remote.codec.w3c.W3CHttpResponseCodec.decode(W3CHttpResponseCodec.java:125)
at org.openqa.selenium.remote.codec.w3c.W3CHttpResponseCodec.decode(W3CHttpResponseCodec.java:52)
at org.openqa.selenium.remote.HttpCommandExecutor.execute(HttpCommandExecutor.java:161)
at org.openqa.selenium.remote.service.DriverCommandExecutor.execute(DriverCommandExecutor.java:83)
at org.openqa.selenium.remote.RemoteWebDriver.execute(RemoteWebDriver.java:576)
at org.openqa.selenium.remote.RemoteWebDriver.findElement(RemoteWebDriver.java:327)
at org.openqa.selenium.remote.RemoteWebDriver.findElementByXPath(RemoteWebDriver.java:445)
at org.openqa.selenium.By$ByXPath.findElement(By.java:353)
at org.openqa.selenium.remote.RemoteWebDriver.findElement(RemoteWebDriver.java:319)
at com.atmecs.helper.CommonUtility.locatorsType(CommonUtility.java:49)
at com.atmecs.helper.CommonUtility$4.apply(CommonUtility.java:180)
at com.atmecs.helper.CommonUtility$4.apply(CommonUtility.java:1)
at org.openqa.selenium.support.ui.FluentWait.until(FluentWait.java:211)
at com.atmecs.helper.CommonUtility.getText(CommonUtility.java:177)
at com.atmecs.general.AtmecsHomePage.isFooterPresent(AtmecsHomePage.java:80)
at com.atmecs.testscript.AtmecsHomePageScript.validateMediaFooter(AtmecsHomePageScript.java:71)
at sun.reflect.GeneratedMethodAccessor5.invoke(Unknown Source)
at sun.reflect.DelegatingMethodAccessorImpl.invoke(DelegatingMethodAccessorImpl.java:43)
at java.lang.reflect.Method.invoke(Method.java:498)
at org.testng.internal.MethodInvocationHelper.invokeMethod(MethodInvocationHelper.java:133)
at org.testng.internal.TestInvoker.invokeMethod(TestInvoker.java:584)
at org.testng.internal.TestInvoker.invokeTestMethod(TestInvoker.java:172)
at org.testng.internal.MethodRunner.runInSequence(MethodRunner.java:46)
at org.testng.internal.TestInvoker$MethodInvocationAgent.invoke(TestInvoker.java:804)
at org.testng.internal.TestInvoker.invokeTestMethods(TestInvoker.java:145)
at org.testng.internal.TestMethodWorker.invokeTestMethods(TestMethodWorker.java:146)
at org.testng.internal.TestMethodWorker.run(TestMethodWorker.java:128)
at java.util.ArrayList.forEach(ArrayList.java:1257)
at org.testng.TestRunner.privateRun(TestRunner.java:770)
at org.testng.TestRunner.run(TestRunner.java:591)
at org.testng.SuiteRunner.runTest(SuiteRunner.java:402)
at org.testng.SuiteRunner.runSequentially(SuiteRunner.java:396)
at org.testng.SuiteRunner.privateRun(SuiteRunner.java:355)
at org.testng.SuiteRunner.run(SuiteRunner.java:304)
at org.testng.SuiteRunnerWorker.runSuite(SuiteRunnerWorker.java:53)
at org.testng.SuiteRunnerWorker.run(SuiteRunnerWorker.java:96)
at org.testng.TestNG.runSuitesSequentially(TestNG.java:1180)
at org.testng.TestNG.runSuitesLocally(TestNG.java:1102)
at org.testng.TestNG.runSuites(TestNG.java:1032)
at org.testng.TestNG.run(TestNG.java:1000)
at org.testng.remote.AbstractRemoteTestNG.run(AbstractRemoteTestNG.java:115)
at org.testng.remote.RemoteTestNG.initAndRun(RemoteTestNG.java:251)
at org.testng.remote.RemoteTestNG.main(RemoteTestNG.java:77)
]]>
    </error>
  </testcase> <!-- validateMediaFooter -->
  <testcase name="validateMediaFooter" time="0.038" classname="com.atmecs.testscript.AtmecsHomePageScript">
    <error type="org.openqa.selenium.NoSuchWindowException" message="Currently focused window has been closed.
Build info: version: &#039;4.0.0-alpha-2&#039;, revision: &#039;f148142cf8&#039;, time: &#039;2019-07-01T20:55:26&#039;
System info: host: &#039;ATMECSINLT-283&#039;, ip: &#039;55.55.52.215&#039;, os.name: &#039;Windows 10&#039;, os.arch: &#039;amd64&#039;, os.version: &#039;10.0&#039;, java.version: &#039;1.8.0_221&#039;
Driver info: org.openqa.selenium.ie.InternetExplorerDriver
Capabilities {acceptInsecureCerts: false, browserName: internet explorer, browserVersion: 11, javascriptEnabled: true, pageLoadStrategy: normal, platform: WINDOWS, platformName: WINDOWS, proxy: Proxy(), se:ieOptions: {browserAttachTimeout: 0, elementScrollBehavior: 0, enablePersistentHover: true, ie.browserCommandLineSwitches: , ie.ensureCleanSession: false, ie.fileUploadDialogTimeout: 3000, ie.forceCreateProcessApi: false, ignoreProtectedModeSettings: false, ignoreZoomSetting: false, initialBrowserUrl: http://localhost:2124/, nativeEvents: true, requireWindowFocus: false}, setWindowRect: true, timeouts: {implicit: 0, pageLoad: 300000, script: 30000}}
Session ID: 055d0f1f-16b1-4577-b4c8-1028878473d8
*** Element info: {Using=xpath, value=//div[@id=&#039;footer&#039;]//a[contains(text(),&#039;Cloud Services&#039;)]}">
      <![CDATA[org.openqa.selenium.NoSuchWindowException: Currently focused window has been closed.
Build info: version: '4.0.0-alpha-2', revision: 'f148142cf8', time: '2019-07-01T20:55:26'
System info: host: 'ATMECSINLT-283', ip: '55.55.52.215', os.name: 'Windows 10', os.arch: 'amd64', os.version: '10.0', java.version: '1.8.0_221'
Driver info: org.openqa.selenium.ie.InternetExplorerDriver
Capabilities {acceptInsecureCerts: false, browserName: internet explorer, browserVersion: 11, javascriptEnabled: true, pageLoadStrategy: normal, platform: WINDOWS, platformName: WINDOWS, proxy: Proxy(), se:ieOptions: {browserAttachTimeout: 0, elementScrollBehavior: 0, enablePersistentHover: true, ie.browserCommandLineSwitches: , ie.ensureCleanSession: false, ie.fileUploadDialogTimeout: 3000, ie.forceCreateProcessApi: false, ignoreProtectedModeSettings: false, ignoreZoomSetting: false, initialBrowserUrl: http://localhost:2124/, nativeEvents: true, requireWindowFocus: false}, setWindowRect: true, timeouts: {implicit: 0, pageLoad: 300000, script: 30000}}
Session ID: 055d0f1f-16b1-4577-b4c8-1028878473d8
*** Element info: {Using=xpath, value=//div[@id='footer']//a[contains(text(),'Cloud Services')]}
at sun.reflect.GeneratedConstructorAccessor25.newInstance(Unknown Source)
at sun.reflect.DelegatingConstructorAccessorImpl.newInstance(DelegatingConstructorAccessorImpl.java:45)
at java.lang.reflect.Constructor.newInstance(Constructor.java:423)
at org.openqa.selenium.remote.codec.w3c.W3CHttpResponseCodec.createException(W3CHttpResponseCodec.java:191)
at org.openqa.selenium.remote.codec.w3c.W3CHttpResponseCodec.decode(W3CHttpResponseCodec.java:125)
at org.openqa.selenium.remote.codec.w3c.W3CHttpResponseCodec.decode(W3CHttpResponseCodec.java:52)
at org.openqa.selenium.remote.HttpCommandExecutor.execute(HttpCommandExecutor.java:161)
at org.openqa.selenium.remote.service.DriverCommandExecutor.execute(DriverCommandExecutor.java:83)
at org.openqa.selenium.remote.RemoteWebDriver.execute(RemoteWebDriver.java:576)
at org.openqa.selenium.remote.RemoteWebDriver.findElement(RemoteWebDriver.java:327)
at org.openqa.selenium.remote.RemoteWebDriver.findElementByXPath(RemoteWebDriver.java:445)
at org.openqa.selenium.By$ByXPath.findElement(By.java:353)
at org.openqa.selenium.remote.RemoteWebDriver.findElement(RemoteWebDriver.java:319)
at com.atmecs.helper.CommonUtility.locatorsType(CommonUtility.java:49)
at com.atmecs.helper.CommonUtility$4.apply(CommonUtility.java:180)
at com.atmecs.helper.CommonUtility$4.apply(CommonUtility.java:1)
at org.openqa.selenium.support.ui.FluentWait.until(FluentWait.java:211)
at com.atmecs.helper.CommonUtility.getText(CommonUtility.java:177)
at com.atmecs.general.AtmecsHomePage.isFooterPresent(AtmecsHomePage.java:80)
at com.atmecs.testscript.AtmecsHomePageScript.validateMediaFooter(AtmecsHomePageScript.java:71)
at sun.reflect.GeneratedMethodAccessor5.invoke(Unknown Source)
at sun.reflect.DelegatingMethodAccessorImpl.invoke(DelegatingMethodAccessorImpl.java:43)
at java.lang.reflect.Method.invoke(Method.java:498)
at org.testng.internal.MethodInvocationHelper.invokeMethod(MethodInvocationHelper.java:133)
at org.testng.internal.TestInvoker.invokeMethod(TestInvoker.java:584)
at org.testng.internal.TestInvoker.invokeTestMethod(TestInvoker.java:172)
at org.testng.internal.MethodRunner.runInSequence(MethodRunner.java:46)
at org.testng.internal.TestInvoker$MethodInvocationAgent.invoke(TestInvoker.java:804)
at org.testng.internal.TestInvoker.invokeTestMethods(TestInvoker.java:145)
at org.testng.internal.TestMethodWorker.invokeTestMethods(TestMethodWorker.java:146)
at org.testng.internal.TestMethodWorker.run(TestMethodWorker.java:128)
at java.util.ArrayList.forEach(ArrayList.java:1257)
at org.testng.TestRunner.privateRun(TestRunner.java:770)
at org.testng.TestRunner.run(TestRunner.java:591)
at org.testng.SuiteRunner.runTest(SuiteRunner.java:402)
at org.testng.SuiteRunner.runSequentially(SuiteRunner.java:396)
at org.testng.SuiteRunner.privateRun(SuiteRunner.java:355)
at org.testng.SuiteRunner.run(SuiteRunner.java:304)
at org.testng.SuiteRunnerWorker.runSuite(SuiteRunnerWorker.java:53)
at org.testng.SuiteRunnerWorker.run(SuiteRunnerWorker.java:96)
at org.testng.TestNG.runSuitesSequentially(TestNG.java:1180)
at org.testng.TestNG.runSuitesLocally(TestNG.java:1102)
at org.testng.TestNG.runSuites(TestNG.java:1032)
at org.testng.TestNG.run(TestNG.java:1000)
at org.testng.remote.AbstractRemoteTestNG.run(AbstractRemoteTestNG.java:115)
at org.testng.remote.RemoteTestNG.initAndRun(RemoteTestNG.java:251)
at org.testng.remote.RemoteTestNG.main(RemoteTestNG.java:77)
]]>
    </error>
  </testcase> <!-- validateMediaFooter -->
  <testcase name="validateMediaFooter" time="0.017" classname="com.atmecs.testscript.AtmecsHomePageScript">
    <error type="org.openqa.selenium.NoSuchWindowException" message="Currently focused window has been closed.
Build info: version: &#039;4.0.0-alpha-2&#039;, revision: &#039;f148142cf8&#039;, time: &#039;2019-07-01T20:55:26&#039;
System info: host: &#039;ATMECSINLT-283&#039;, ip: &#039;55.55.52.215&#039;, os.name: &#039;Windows 10&#039;, os.arch: &#039;amd64&#039;, os.version: &#039;10.0&#039;, java.version: &#039;1.8.0_221&#039;
Driver info: org.openqa.selenium.ie.InternetExplorerDriver
Capabilities {acceptInsecureCerts: false, browserName: internet explorer, browserVersion: 11, javascriptEnabled: true, pageLoadStrategy: normal, platform: WINDOWS, platformName: WINDOWS, proxy: Proxy(), se:ieOptions: {browserAttachTimeout: 0, elementScrollBehavior: 0, enablePersistentHover: true, ie.browserCommandLineSwitches: , ie.ensureCleanSession: false, ie.fileUploadDialogTimeout: 3000, ie.forceCreateProcessApi: false, ignoreProtectedModeSettings: false, ignoreZoomSetting: false, initialBrowserUrl: http://localhost:2124/, nativeEvents: true, requireWindowFocus: false}, setWindowRect: true, timeouts: {implicit: 0, pageLoad: 300000, script: 30000}}
Session ID: 055d0f1f-16b1-4577-b4c8-1028878473d8
*** Element info: {Using=xpath, value=//div[@id=&#039;footer&#039;]//a[contains(text(),&#039;Augmented Reality / Virtual Reality&#039;)]}">
      <![CDATA[org.openqa.selenium.NoSuchWindowException: Currently focused window has been closed.
Build info: version: '4.0.0-alpha-2', revision: 'f148142cf8', time: '2019-07-01T20:55:26'
System info: host: 'ATMECSINLT-283', ip: '55.55.52.215', os.name: 'Windows 10', os.arch: 'amd64', os.version: '10.0', java.version: '1.8.0_221'
Driver info: org.openqa.selenium.ie.InternetExplorerDriver
Capabilities {acceptInsecureCerts: false, browserName: internet explorer, browserVersion: 11, javascriptEnabled: true, pageLoadStrategy: normal, platform: WINDOWS, platformName: WINDOWS, proxy: Proxy(), se:ieOptions: {browserAttachTimeout: 0, elementScrollBehavior: 0, enablePersistentHover: true, ie.browserCommandLineSwitches: , ie.ensureCleanSession: false, ie.fileUploadDialogTimeout: 3000, ie.forceCreateProcessApi: false, ignoreProtectedModeSettings: false, ignoreZoomSetting: false, initialBrowserUrl: http://localhost:2124/, nativeEvents: true, requireWindowFocus: false}, setWindowRect: true, timeouts: {implicit: 0, pageLoad: 300000, script: 30000}}
Session ID: 055d0f1f-16b1-4577-b4c8-1028878473d8
*** Element info: {Using=xpath, value=//div[@id='footer']//a[contains(text(),'Augmented Reality / Virtual Reality')]}
at sun.reflect.GeneratedConstructorAccessor25.newInstance(Unknown Source)
at sun.reflect.DelegatingConstructorAccessorImpl.newInstance(DelegatingConstructorAccessorImpl.java:45)
at java.lang.reflect.Constructor.newInstance(Constructor.java:423)
at org.openqa.selenium.remote.codec.w3c.W3CHttpResponseCodec.createException(W3CHttpResponseCodec.java:191)
at org.openqa.selenium.remote.codec.w3c.W3CHttpResponseCodec.decode(W3CHttpResponseCodec.java:125)
at org.openqa.selenium.remote.codec.w3c.W3CHttpResponseCodec.decode(W3CHttpResponseCodec.java:52)
at org.openqa.selenium.remote.HttpCommandExecutor.execute(HttpCommandExecutor.java:161)
at org.openqa.selenium.remote.service.DriverCommandExecutor.execute(DriverCommandExecutor.java:83)
at org.openqa.selenium.remote.RemoteWebDriver.execute(RemoteWebDriver.java:576)
at org.openqa.selenium.remote.RemoteWebDriver.findElement(RemoteWebDriver.java:327)
at org.openqa.selenium.remote.RemoteWebDriver.findElementByXPath(RemoteWebDriver.java:445)
at org.openqa.selenium.By$ByXPath.findElement(By.java:353)
at org.openqa.selenium.remote.RemoteWebDriver.findElement(RemoteWebDriver.java:319)
at com.atmecs.helper.CommonUtility.locatorsType(CommonUtility.java:49)
at com.atmecs.helper.CommonUtility$4.apply(CommonUtility.java:180)
at com.atmecs.helper.CommonUtility$4.apply(CommonUtility.java:1)
at org.openqa.selenium.support.ui.FluentWait.until(FluentWait.java:211)
at com.atmecs.helper.CommonUtility.getText(CommonUtility.java:177)
at com.atmecs.general.AtmecsHomePage.isFooterPresent(AtmecsHomePage.java:80)
at com.atmecs.testscript.AtmecsHomePageScript.validateMediaFooter(AtmecsHomePageScript.java:71)
at sun.reflect.GeneratedMethodAccessor5.invoke(Unknown Source)
at sun.reflect.DelegatingMethodAccessorImpl.invoke(DelegatingMethodAccessorImpl.java:43)
at java.lang.reflect.Method.invoke(Method.java:498)
at org.testng.internal.MethodInvocationHelper.invokeMethod(MethodInvocationHelper.java:133)
at org.testng.internal.TestInvoker.invokeMethod(TestInvoker.java:584)
at org.testng.internal.TestInvoker.invokeTestMethod(TestInvoker.java:172)
at org.testng.internal.MethodRunner.runInSequence(MethodRunner.java:46)
at org.testng.internal.TestInvoker$MethodInvocationAgent.invoke(TestInvoker.java:804)
at org.testng.internal.TestInvoker.invokeTestMethods(TestInvoker.java:145)
at org.testng.internal.TestMethodWorker.invokeTestMethods(TestMethodWorker.java:146)
at org.testng.internal.TestMethodWorker.run(TestMethodWorker.java:128)
at java.util.ArrayList.forEach(ArrayList.java:1257)
at org.testng.TestRunner.privateRun(TestRunner.java:770)
at org.testng.TestRunner.run(TestRunner.java:591)
at org.testng.SuiteRunner.runTest(SuiteRunner.java:402)
at org.testng.SuiteRunner.runSequentially(SuiteRunner.java:396)
at org.testng.SuiteRunner.privateRun(SuiteRunner.java:355)
at org.testng.SuiteRunner.run(SuiteRunner.java:304)
at org.testng.SuiteRunnerWorker.runSuite(SuiteRunnerWorker.java:53)
at org.testng.SuiteRunnerWorker.run(SuiteRunnerWorker.java:96)
at org.testng.TestNG.runSuitesSequentially(TestNG.java:1180)
at org.testng.TestNG.runSuitesLocally(TestNG.java:1102)
at org.testng.TestNG.runSuites(TestNG.java:1032)
at org.testng.TestNG.run(TestNG.java:1000)
at org.testng.remote.AbstractRemoteTestNG.run(AbstractRemoteTestNG.java:115)
at org.testng.remote.RemoteTestNG.initAndRun(RemoteTestNG.java:251)
at org.testng.remote.RemoteTestNG.main(RemoteTestNG.java:77)
]]>
    </error>
  </testcase> <!-- validateMediaFooter -->
  <testcase name="validateMediaFooter" time="0.030" classname="com.atmecs.testscript.AtmecsHomePageScript">
    <error type="org.openqa.selenium.NoSuchWindowException" message="Currently focused window has been closed.
Build info: version: &#039;4.0.0-alpha-2&#039;, revision: &#039;f148142cf8&#039;, time: &#039;2019-07-01T20:55:26&#039;
System info: host: &#039;ATMECSINLT-283&#039;, ip: &#039;55.55.52.215&#039;, os.name: &#039;Windows 10&#039;, os.arch: &#039;amd64&#039;, os.version: &#039;10.0&#039;, java.version: &#039;1.8.0_221&#039;
Driver info: org.openqa.selenium.ie.InternetExplorerDriver
Capabilities {acceptInsecureCerts: false, browserName: internet explorer, browserVersion: 11, javascriptEnabled: true, pageLoadStrategy: normal, platform: WINDOWS, platformName: WINDOWS, proxy: Proxy(), se:ieOptions: {browserAttachTimeout: 0, elementScrollBehavior: 0, enablePersistentHover: true, ie.browserCommandLineSwitches: , ie.ensureCleanSession: false, ie.fileUploadDialogTimeout: 3000, ie.forceCreateProcessApi: false, ignoreProtectedModeSettings: false, ignoreZoomSetting: false, initialBrowserUrl: http://localhost:2124/, nativeEvents: true, requireWindowFocus: false}, setWindowRect: true, timeouts: {implicit: 0, pageLoad: 300000, script: 30000}}
Session ID: 055d0f1f-16b1-4577-b4c8-1028878473d8
*** Element info: {Using=xpath, value=//div[@id=&#039;footer&#039;]//a[contains(text(),&#039;Services&#039;)]}">
      <![CDATA[org.openqa.selenium.NoSuchWindowException: Currently focused window has been closed.
Build info: version: '4.0.0-alpha-2', revision: 'f148142cf8', time: '2019-07-01T20:55:26'
System info: host: 'ATMECSINLT-283', ip: '55.55.52.215', os.name: 'Windows 10', os.arch: 'amd64', os.version: '10.0', java.version: '1.8.0_221'
Driver info: org.openqa.selenium.ie.InternetExplorerDriver
Capabilities {acceptInsecureCerts: false, browserName: internet explorer, browserVersion: 11, javascriptEnabled: true, pageLoadStrategy: normal, platform: WINDOWS, platformName: WINDOWS, proxy: Proxy(), se:ieOptions: {browserAttachTimeout: 0, elementScrollBehavior: 0, enablePersistentHover: true, ie.browserCommandLineSwitches: , ie.ensureCleanSession: false, ie.fileUploadDialogTimeout: 3000, ie.forceCreateProcessApi: false, ignoreProtectedModeSettings: false, ignoreZoomSetting: false, initialBrowserUrl: http://localhost:2124/, nativeEvents: true, requireWindowFocus: false}, setWindowRect: true, timeouts: {implicit: 0, pageLoad: 300000, script: 30000}}
Session ID: 055d0f1f-16b1-4577-b4c8-1028878473d8
*** Element info: {Using=xpath, value=//div[@id='footer']//a[contains(text(),'Services')]}
at sun.reflect.GeneratedConstructorAccessor25.newInstance(Unknown Source)
at sun.reflect.DelegatingConstructorAccessorImpl.newInstance(DelegatingConstructorAccessorImpl.java:45)
at java.lang.reflect.Constructor.newInstance(Constructor.java:423)
at org.openqa.selenium.remote.codec.w3c.W3CHttpResponseCodec.createException(W3CHttpResponseCodec.java:191)
at org.openqa.selenium.remote.codec.w3c.W3CHttpResponseCodec.decode(W3CHttpResponseCodec.java:125)
at org.openqa.selenium.remote.codec.w3c.W3CHttpResponseCodec.decode(W3CHttpResponseCodec.java:52)
at org.openqa.selenium.remote.HttpCommandExecutor.execute(HttpCommandExecutor.java:161)
at org.openqa.selenium.remote.service.DriverCommandExecutor.execute(DriverCommandExecutor.java:83)
at org.openqa.selenium.remote.RemoteWebDriver.execute(RemoteWebDriver.java:576)
at org.openqa.selenium.remote.RemoteWebDriver.findElement(RemoteWebDriver.java:327)
at org.openqa.selenium.remote.RemoteWebDriver.findElementByXPath(RemoteWebDriver.java:445)
at org.openqa.selenium.By$ByXPath.findElement(By.java:353)
at org.openqa.selenium.remote.RemoteWebDriver.findElement(RemoteWebDriver.java:319)
at com.atmecs.helper.CommonUtility.locatorsType(CommonUtility.java:49)
at com.atmecs.helper.CommonUtility$4.apply(CommonUtility.java:180)
at com.atmecs.helper.CommonUtility$4.apply(CommonUtility.java:1)
at org.openqa.selenium.support.ui.FluentWait.until(FluentWait.java:211)
at com.atmecs.helper.CommonUtility.getText(CommonUtility.java:177)
at com.atmecs.general.AtmecsHomePage.isFooterPresent(AtmecsHomePage.java:80)
at com.atmecs.testscript.AtmecsHomePageScript.validateMediaFooter(AtmecsHomePageScript.java:71)
at sun.reflect.NativeMethodAccessorImpl.invoke0(Native Method)
at sun.reflect.NativeMethodAccessorImpl.invoke(NativeMethodAccessorImpl.java:62)
at sun.reflect.DelegatingMethodAccessorImpl.invoke(DelegatingMethodAccessorImpl.java:43)
at java.lang.reflect.Method.invoke(Method.java:498)
at org.testng.internal.MethodInvocationHelper.invokeMethod(MethodInvocationHelper.java:133)
at org.testng.internal.TestInvoker.invokeMethod(TestInvoker.java:584)
at org.testng.internal.TestInvoker.invokeTestMethod(TestInvoker.java:172)
at org.testng.internal.MethodRunner.runInSequence(MethodRunner.java:46)
at org.testng.internal.TestInvoker$MethodInvocationAgent.invoke(TestInvoker.java:804)
at org.testng.internal.TestInvoker.invokeTestMethods(TestInvoker.java:145)
at org.testng.internal.TestMethodWorker.invokeTestMethods(TestMethodWorker.java:146)
at org.testng.internal.TestMethodWorker.run(TestMethodWorker.java:128)
at java.util.ArrayList.forEach(ArrayList.java:1257)
at org.testng.TestRunner.privateRun(TestRunner.java:770)
at org.testng.TestRunner.run(TestRunner.java:591)
at org.testng.SuiteRunner.runTest(SuiteRunner.java:402)
at org.testng.SuiteRunner.runSequentially(SuiteRunner.java:396)
at org.testng.SuiteRunner.privateRun(SuiteRunner.java:355)
at org.testng.SuiteRunner.run(SuiteRunner.java:304)
at org.testng.SuiteRunnerWorker.runSuite(SuiteRunnerWorker.java:53)
at org.testng.SuiteRunnerWorker.run(SuiteRunnerWorker.java:96)
at org.testng.TestNG.runSuitesSequentially(TestNG.java:1180)
at org.testng.TestNG.runSuitesLocally(TestNG.java:1102)
at org.testng.TestNG.runSuites(TestNG.java:1032)
at org.testng.TestNG.run(TestNG.java:1000)
at org.testng.remote.AbstractRemoteTestNG.run(AbstractRemoteTestNG.java:115)
at org.testng.remote.RemoteTestNG.initAndRun(RemoteTestNG.java:251)
at org.testng.remote.RemoteTestNG.main(RemoteTestNG.java:77)
]]>
    </error>
  </testcase> <!-- validateMediaFooter -->
  <testcase name="validateMediaFooter" time="0.039" classname="com.atmecs.testscript.AtmecsHomePageScript">
    <error type="org.openqa.selenium.NoSuchWindowException" message="Currently focused window has been closed.
Build info: version: &#039;4.0.0-alpha-2&#039;, revision: &#039;f148142cf8&#039;, time: &#039;2019-07-01T20:55:26&#039;
System info: host: &#039;ATMECSINLT-283&#039;, ip: &#039;55.55.52.215&#039;, os.name: &#039;Windows 10&#039;, os.arch: &#039;amd64&#039;, os.version: &#039;10.0&#039;, java.version: &#039;1.8.0_221&#039;
Driver info: org.openqa.selenium.ie.InternetExplorerDriver
Capabilities {acceptInsecureCerts: false, browserName: internet explorer, browserVersion: 11, javascriptEnabled: true, pageLoadStrategy: normal, platform: WINDOWS, platformName: WINDOWS, proxy: Proxy(), se:ieOptions: {browserAttachTimeout: 0, elementScrollBehavior: 0, enablePersistentHover: true, ie.browserCommandLineSwitches: , ie.ensureCleanSession: false, ie.fileUploadDialogTimeout: 3000, ie.forceCreateProcessApi: false, ignoreProtectedModeSettings: false, ignoreZoomSetting: false, initialBrowserUrl: http://localhost:2124/, nativeEvents: true, requireWindowFocus: false}, setWindowRect: true, timeouts: {implicit: 0, pageLoad: 300000, script: 30000}}
Session ID: 055d0f1f-16b1-4577-b4c8-1028878473d8
*** Element info: {Using=xpath, value=//div[@id=&#039;footer&#039;]//a[contains(text(),&#039;Robotic Process Automation &amp; ChatBOTs&#039;)]}">
      <![CDATA[org.openqa.selenium.NoSuchWindowException: Currently focused window has been closed.
Build info: version: '4.0.0-alpha-2', revision: 'f148142cf8', time: '2019-07-01T20:55:26'
System info: host: 'ATMECSINLT-283', ip: '55.55.52.215', os.name: 'Windows 10', os.arch: 'amd64', os.version: '10.0', java.version: '1.8.0_221'
Driver info: org.openqa.selenium.ie.InternetExplorerDriver
Capabilities {acceptInsecureCerts: false, browserName: internet explorer, browserVersion: 11, javascriptEnabled: true, pageLoadStrategy: normal, platform: WINDOWS, platformName: WINDOWS, proxy: Proxy(), se:ieOptions: {browserAttachTimeout: 0, elementScrollBehavior: 0, enablePersistentHover: true, ie.browserCommandLineSwitches: , ie.ensureCleanSession: false, ie.fileUploadDialogTimeout: 3000, ie.forceCreateProcessApi: false, ignoreProtectedModeSettings: false, ignoreZoomSetting: false, initialBrowserUrl: http://localhost:2124/, nativeEvents: true, requireWindowFocus: false}, setWindowRect: true, timeouts: {implicit: 0, pageLoad: 300000, script: 30000}}
Session ID: 055d0f1f-16b1-4577-b4c8-1028878473d8
*** Element info: {Using=xpath, value=//div[@id='footer']//a[contains(text(),'Robotic Process Automation & ChatBOTs')]}
at sun.reflect.GeneratedConstructorAccessor25.newInstance(Unknown Source)
at sun.reflect.DelegatingConstructorAccessorImpl.newInstance(DelegatingConstructorAccessorImpl.java:45)
at java.lang.reflect.Constructor.newInstance(Constructor.java:423)
at org.openqa.selenium.remote.codec.w3c.W3CHttpResponseCodec.createException(W3CHttpResponseCodec.java:191)
at org.openqa.selenium.remote.codec.w3c.W3CHttpResponseCodec.decode(W3CHttpResponseCodec.java:125)
at org.openqa.selenium.remote.codec.w3c.W3CHttpResponseCodec.decode(W3CHttpResponseCodec.java:52)
at org.openqa.selenium.remote.HttpCommandExecutor.execute(HttpCommandExecutor.java:161)
at org.openqa.selenium.remote.service.DriverCommandExecutor.execute(DriverCommandExecutor.java:83)
at org.openqa.selenium.remote.RemoteWebDriver.execute(RemoteWebDriver.java:576)
at org.openqa.selenium.remote.RemoteWebDriver.findElement(RemoteWebDriver.java:327)
at org.openqa.selenium.remote.RemoteWebDriver.findElementByXPath(RemoteWebDriver.java:445)
at org.openqa.selenium.By$ByXPath.findElement(By.java:353)
at org.openqa.selenium.remote.RemoteWebDriver.findElement(RemoteWebDriver.java:319)
at com.atmecs.helper.CommonUtility.locatorsType(CommonUtility.java:49)
at com.atmecs.helper.CommonUtility$4.apply(CommonUtility.java:180)
at com.atmecs.helper.CommonUtility$4.apply(CommonUtility.java:1)
at org.openqa.selenium.support.ui.FluentWait.until(FluentWait.java:211)
at com.atmecs.helper.CommonUtility.getText(CommonUtility.java:177)
at com.atmecs.general.AtmecsHomePage.isFooterPresent(AtmecsHomePage.java:80)
at com.atmecs.testscript.AtmecsHomePageScript.validateMediaFooter(AtmecsHomePageScript.java:71)
at sun.reflect.GeneratedMethodAccessor5.invoke(Unknown Source)
at sun.reflect.DelegatingMethodAccessorImpl.invoke(DelegatingMethodAccessorImpl.java:43)
at java.lang.reflect.Method.invoke(Method.java:498)
at org.testng.internal.MethodInvocationHelper.invokeMethod(MethodInvocationHelper.java:133)
at org.testng.internal.TestInvoker.invokeMethod(TestInvoker.java:584)
at org.testng.internal.TestInvoker.invokeTestMethod(TestInvoker.java:172)
at org.testng.internal.MethodRunner.runInSequence(MethodRunner.java:46)
at org.testng.internal.TestInvoker$MethodInvocationAgent.invoke(TestInvoker.java:804)
at org.testng.internal.TestInvoker.invokeTestMethods(TestInvoker.java:145)
at org.testng.internal.TestMethodWorker.invokeTestMethods(TestMethodWorker.java:146)
at org.testng.internal.TestMethodWorker.run(TestMethodWorker.java:128)
at java.util.ArrayList.forEach(ArrayList.java:1257)
at org.testng.TestRunner.privateRun(TestRunner.java:770)
at org.testng.TestRunner.run(TestRunner.java:591)
at org.testng.SuiteRunner.runTest(SuiteRunner.java:402)
at org.testng.SuiteRunner.runSequentially(SuiteRunner.java:396)
at org.testng.SuiteRunner.privateRun(SuiteRunner.java:355)
at org.testng.SuiteRunner.run(SuiteRunner.java:304)
at org.testng.SuiteRunnerWorker.runSuite(SuiteRunnerWorker.java:53)
at org.testng.SuiteRunnerWorker.run(SuiteRunnerWorker.java:96)
at org.testng.TestNG.runSuitesSequentially(TestNG.java:1180)
at org.testng.TestNG.runSuitesLocally(TestNG.java:1102)
at org.testng.TestNG.runSuites(TestNG.java:1032)
at org.testng.TestNG.run(TestNG.java:1000)
at org.testng.remote.AbstractRemoteTestNG.run(AbstractRemoteTestNG.java:115)
at org.testng.remote.RemoteTestNG.initAndRun(RemoteTestNG.java:251)
at org.testng.remote.RemoteTestNG.main(RemoteTestNG.java:77)
]]>
    </error>
  </testcase> <!-- validateMediaFooter -->
  <testcase name="validateMediaFooter" time="0.033" classname="com.atmecs.testscript.AtmecsHomePageScript">
    <error type="org.openqa.selenium.NoSuchWindowException" message="Currently focused window has been closed.
Build info: version: &#039;4.0.0-alpha-2&#039;, revision: &#039;f148142cf8&#039;, time: &#039;2019-07-01T20:55:26&#039;
System info: host: &#039;ATMECSINLT-283&#039;, ip: &#039;55.55.52.215&#039;, os.name: &#039;Windows 10&#039;, os.arch: &#039;amd64&#039;, os.version: &#039;10.0&#039;, java.version: &#039;1.8.0_221&#039;
Driver info: org.openqa.selenium.ie.InternetExplorerDriver
Capabilities {acceptInsecureCerts: false, browserName: internet explorer, browserVersion: 11, javascriptEnabled: true, pageLoadStrategy: normal, platform: WINDOWS, platformName: WINDOWS, proxy: Proxy(), se:ieOptions: {browserAttachTimeout: 0, elementScrollBehavior: 0, enablePersistentHover: true, ie.browserCommandLineSwitches: , ie.ensureCleanSession: false, ie.fileUploadDialogTimeout: 3000, ie.forceCreateProcessApi: false, ignoreProtectedModeSettings: false, ignoreZoomSetting: false, initialBrowserUrl: http://localhost:2124/, nativeEvents: true, requireWindowFocus: false}, setWindowRect: true, timeouts: {implicit: 0, pageLoad: 300000, script: 30000}}
Session ID: 055d0f1f-16b1-4577-b4c8-1028878473d8
*** Element info: {Using=xpath, value=//div[@id=&#039;footer&#039;]//a[contains(text(),&#039;India – Bangalore&#039;)]}">
      <![CDATA[org.openqa.selenium.NoSuchWindowException: Currently focused window has been closed.
Build info: version: '4.0.0-alpha-2', revision: 'f148142cf8', time: '2019-07-01T20:55:26'
System info: host: 'ATMECSINLT-283', ip: '55.55.52.215', os.name: 'Windows 10', os.arch: 'amd64', os.version: '10.0', java.version: '1.8.0_221'
Driver info: org.openqa.selenium.ie.InternetExplorerDriver
Capabilities {acceptInsecureCerts: false, browserName: internet explorer, browserVersion: 11, javascriptEnabled: true, pageLoadStrategy: normal, platform: WINDOWS, platformName: WINDOWS, proxy: Proxy(), se:ieOptions: {browserAttachTimeout: 0, elementScrollBehavior: 0, enablePersistentHover: true, ie.browserCommandLineSwitches: , ie.ensureCleanSession: false, ie.fileUploadDialogTimeout: 3000, ie.forceCreateProcessApi: false, ignoreProtectedModeSettings: false, ignoreZoomSetting: false, initialBrowserUrl: http://localhost:2124/, nativeEvents: true, requireWindowFocus: false}, setWindowRect: true, timeouts: {implicit: 0, pageLoad: 300000, script: 30000}}
Session ID: 055d0f1f-16b1-4577-b4c8-1028878473d8
*** Element info: {Using=xpath, value=//div[@id='footer']//a[contains(text(),'India – Bangalore')]}
at sun.reflect.GeneratedConstructorAccessor25.newInstance(Unknown Source)
at sun.reflect.DelegatingConstructorAccessorImpl.newInstance(DelegatingConstructorAccessorImpl.java:45)
at java.lang.reflect.Constructor.newInstance(Constructor.java:423)
at org.openqa.selenium.remote.codec.w3c.W3CHttpResponseCodec.createException(W3CHttpResponseCodec.java:191)
at org.openqa.selenium.remote.codec.w3c.W3CHttpResponseCodec.decode(W3CHttpResponseCodec.java:125)
at org.openqa.selenium.remote.codec.w3c.W3CHttpResponseCodec.decode(W3CHttpResponseCodec.java:52)
at org.openqa.selenium.remote.HttpCommandExecutor.execute(HttpCommandExecutor.java:161)
at org.openqa.selenium.remote.service.DriverCommandExecutor.execute(DriverCommandExecutor.java:83)
at org.openqa.selenium.remote.RemoteWebDriver.execute(RemoteWebDriver.java:576)
at org.openqa.selenium.remote.RemoteWebDriver.findElement(RemoteWebDriver.java:327)
at org.openqa.selenium.remote.RemoteWebDriver.findElementByXPath(RemoteWebDriver.java:445)
at org.openqa.selenium.By$ByXPath.findElement(By.java:353)
at org.openqa.selenium.remote.RemoteWebDriver.findElement(RemoteWebDriver.java:319)
at com.atmecs.helper.CommonUtility.locatorsType(CommonUtility.java:49)
at com.atmecs.helper.CommonUtility$4.apply(CommonUtility.java:180)
at com.atmecs.helper.CommonUtility$4.apply(CommonUtility.java:1)
at org.openqa.selenium.support.ui.FluentWait.until(FluentWait.java:211)
at com.atmecs.helper.CommonUtility.getText(CommonUtility.java:177)
at com.atmecs.general.AtmecsHomePage.isFooterPresent(AtmecsHomePage.java:80)
at com.atmecs.testscript.AtmecsHomePageScript.validateMediaFooter(AtmecsHomePageScript.java:71)
at sun.reflect.GeneratedMethodAccessor5.invoke(Unknown Source)
at sun.reflect.DelegatingMethodAccessorImpl.invoke(DelegatingMethodAccessorImpl.java:43)
at java.lang.reflect.Method.invoke(Method.java:498)
at org.testng.internal.MethodInvocationHelper.invokeMethod(MethodInvocationHelper.java:133)
at org.testng.internal.TestInvoker.invokeMethod(TestInvoker.java:584)
at org.testng.internal.TestInvoker.invokeTestMethod(TestInvoker.java:172)
at org.testng.internal.MethodRunner.runInSequence(MethodRunner.java:46)
at org.testng.internal.TestInvoker$MethodInvocationAgent.invoke(TestInvoker.java:804)
at org.testng.internal.TestInvoker.invokeTestMethods(TestInvoker.java:145)
at org.testng.internal.TestMethodWorker.invokeTestMethods(TestMethodWorker.java:146)
at org.testng.internal.TestMethodWorker.run(TestMethodWorker.java:128)
at java.util.ArrayList.forEach(ArrayList.java:1257)
at org.testng.TestRunner.privateRun(TestRunner.java:770)
at org.testng.TestRunner.run(TestRunner.java:591)
at org.testng.SuiteRunner.runTest(SuiteRunner.java:402)
at org.testng.SuiteRunner.runSequentially(SuiteRunner.java:396)
at org.testng.SuiteRunner.privateRun(SuiteRunner.java:355)
at org.testng.SuiteRunner.run(SuiteRunner.java:304)
at org.testng.SuiteRunnerWorker.runSuite(SuiteRunnerWorker.java:53)
at org.testng.SuiteRunnerWorker.run(SuiteRunnerWorker.java:96)
at org.testng.TestNG.runSuitesSequentially(TestNG.java:1180)
at org.testng.TestNG.runSuitesLocally(TestNG.java:1102)
at org.testng.TestNG.runSuites(TestNG.java:1032)
at org.testng.TestNG.run(TestNG.java:1000)
at org.testng.remote.AbstractRemoteTestNG.run(AbstractRemoteTestNG.java:115)
at org.testng.remote.RemoteTestNG.initAndRun(RemoteTestNG.java:251)
at org.testng.remote.RemoteTestNG.main(RemoteTestNG.java:77)
]]>
    </error>
  </testcase> <!-- validateMediaFooter -->
  <testcase name="validateMediaFooter" time="0.031" classname="com.atmecs.testscript.AtmecsHomePageScript">
    <error type="org.openqa.selenium.NoSuchWindowException" message="Currently focused window has been closed.
Build info: version: &#039;4.0.0-alpha-2&#039;, revision: &#039;f148142cf8&#039;, time: &#039;2019-07-01T20:55:26&#039;
System info: host: &#039;ATMECSINLT-283&#039;, ip: &#039;55.55.52.215&#039;, os.name: &#039;Windows 10&#039;, os.arch: &#039;amd64&#039;, os.version: &#039;10.0&#039;, java.version: &#039;1.8.0_221&#039;
Driver info: org.openqa.selenium.ie.InternetExplorerDriver
Capabilities {acceptInsecureCerts: false, browserName: internet explorer, browserVersion: 11, javascriptEnabled: true, pageLoadStrategy: normal, platform: WINDOWS, platformName: WINDOWS, proxy: Proxy(), se:ieOptions: {browserAttachTimeout: 0, elementScrollBehavior: 0, enablePersistentHover: true, ie.browserCommandLineSwitches: , ie.ensureCleanSession: false, ie.fileUploadDialogTimeout: 3000, ie.forceCreateProcessApi: false, ignoreProtectedModeSettings: false, ignoreZoomSetting: false, initialBrowserUrl: http://localhost:2124/, nativeEvents: true, requireWindowFocus: false}, setWindowRect: true, timeouts: {implicit: 0, pageLoad: 300000, script: 30000}}
Session ID: 055d0f1f-16b1-4577-b4c8-1028878473d8
*** Element info: {Using=xpath, value=//div[@id=&#039;footer&#039;]//a[contains(text(),&#039;India – Hyderabad&#039;)]}">
      <![CDATA[org.openqa.selenium.NoSuchWindowException: Currently focused window has been closed.
Build info: version: '4.0.0-alpha-2', revision: 'f148142cf8', time: '2019-07-01T20:55:26'
System info: host: 'ATMECSINLT-283', ip: '55.55.52.215', os.name: 'Windows 10', os.arch: 'amd64', os.version: '10.0', java.version: '1.8.0_221'
Driver info: org.openqa.selenium.ie.InternetExplorerDriver
Capabilities {acceptInsecureCerts: false, browserName: internet explorer, browserVersion: 11, javascriptEnabled: true, pageLoadStrategy: normal, platform: WINDOWS, platformName: WINDOWS, proxy: Proxy(), se:ieOptions: {browserAttachTimeout: 0, elementScrollBehavior: 0, enablePersistentHover: true, ie.browserCommandLineSwitches: , ie.ensureCleanSession: false, ie.fileUploadDialogTimeout: 3000, ie.forceCreateProcessApi: false, ignoreProtectedModeSettings: false, ignoreZoomSetting: false, initialBrowserUrl: http://localhost:2124/, nativeEvents: true, requireWindowFocus: false}, setWindowRect: true, timeouts: {implicit: 0, pageLoad: 300000, script: 30000}}
Session ID: 055d0f1f-16b1-4577-b4c8-1028878473d8
*** Element info: {Using=xpath, value=//div[@id='footer']//a[contains(text(),'India – Hyderabad')]}
at sun.reflect.GeneratedConstructorAccessor25.newInstance(Unknown Source)
at sun.reflect.DelegatingConstructorAccessorImpl.newInstance(DelegatingConstructorAccessorImpl.java:45)
at java.lang.reflect.Constructor.newInstance(Constructor.java:423)
at org.openqa.selenium.remote.codec.w3c.W3CHttpResponseCodec.createException(W3CHttpResponseCodec.java:191)
at org.openqa.selenium.remote.codec.w3c.W3CHttpResponseCodec.decode(W3CHttpResponseCodec.java:125)
at org.openqa.selenium.remote.codec.w3c.W3CHttpResponseCodec.decode(W3CHttpResponseCodec.java:52)
at org.openqa.selenium.remote.HttpCommandExecutor.execute(HttpCommandExecutor.java:161)
at org.openqa.selenium.remote.service.DriverCommandExecutor.execute(DriverCommandExecutor.java:83)
at org.openqa.selenium.remote.RemoteWebDriver.execute(RemoteWebDriver.java:576)
at org.openqa.selenium.remote.RemoteWebDriver.findElement(RemoteWebDriver.java:327)
at org.openqa.selenium.remote.RemoteWebDriver.findElementByXPath(RemoteWebDriver.java:445)
at org.openqa.selenium.By$ByXPath.findElement(By.java:353)
at org.openqa.selenium.remote.RemoteWebDriver.findElement(RemoteWebDriver.java:319)
at com.atmecs.helper.CommonUtility.locatorsType(CommonUtility.java:49)
at com.atmecs.helper.CommonUtility$4.apply(CommonUtility.java:180)
at com.atmecs.helper.CommonUtility$4.apply(CommonUtility.java:1)
at org.openqa.selenium.support.ui.FluentWait.until(FluentWait.java:211)
at com.atmecs.helper.CommonUtility.getText(CommonUtility.java:177)
at com.atmecs.general.AtmecsHomePage.isFooterPresent(AtmecsHomePage.java:80)
at com.atmecs.testscript.AtmecsHomePageScript.validateMediaFooter(AtmecsHomePageScript.java:71)
at sun.reflect.GeneratedMethodAccessor5.invoke(Unknown Source)
at sun.reflect.DelegatingMethodAccessorImpl.invoke(DelegatingMethodAccessorImpl.java:43)
at java.lang.reflect.Method.invoke(Method.java:498)
at org.testng.internal.MethodInvocationHelper.invokeMethod(MethodInvocationHelper.java:133)
at org.testng.internal.TestInvoker.invokeMethod(TestInvoker.java:584)
at org.testng.internal.TestInvoker.invokeTestMethod(TestInvoker.java:172)
at org.testng.internal.MethodRunner.runInSequence(MethodRunner.java:46)
at org.testng.internal.TestInvoker$MethodInvocationAgent.invoke(TestInvoker.java:804)
at org.testng.internal.TestInvoker.invokeTestMethods(TestInvoker.java:145)
at org.testng.internal.TestMethodWorker.invokeTestMethods(TestMethodWorker.java:146)
at org.testng.internal.TestMethodWorker.run(TestMethodWorker.java:128)
at java.util.ArrayList.forEach(ArrayList.java:1257)
at org.testng.TestRunner.privateRun(TestRunner.java:770)
at org.testng.TestRunner.run(TestRunner.java:591)
at org.testng.SuiteRunner.runTest(SuiteRunner.java:402)
at org.testng.SuiteRunner.runSequentially(SuiteRunner.java:396)
at org.testng.SuiteRunner.privateRun(SuiteRunner.java:355)
at org.testng.SuiteRunner.run(SuiteRunner.java:304)
at org.testng.SuiteRunnerWorker.runSuite(SuiteRunnerWorker.java:53)
at org.testng.SuiteRunnerWorker.run(SuiteRunnerWorker.java:96)
at org.testng.TestNG.runSuitesSequentially(TestNG.java:1180)
at org.testng.TestNG.runSuitesLocally(TestNG.java:1102)
at org.testng.TestNG.runSuites(TestNG.java:1032)
at org.testng.TestNG.run(TestNG.java:1000)
at org.testng.remote.AbstractRemoteTestNG.run(AbstractRemoteTestNG.java:115)
at org.testng.remote.RemoteTestNG.initAndRun(RemoteTestNG.java:251)
at org.testng.remote.RemoteTestNG.main(RemoteTestNG.java:77)
]]>
    </error>
  </testcase> <!-- validateMediaFooter -->
  <testcase name="validateMediaFooter" time="0.037" classname="com.atmecs.testscript.AtmecsHomePageScript">
    <error type="org.openqa.selenium.NoSuchWindowException" message="Currently focused window has been closed.
Build info: version: &#039;4.0.0-alpha-2&#039;, revision: &#039;f148142cf8&#039;, time: &#039;2019-07-01T20:55:26&#039;
System info: host: &#039;ATMECSINLT-283&#039;, ip: &#039;55.55.52.215&#039;, os.name: &#039;Windows 10&#039;, os.arch: &#039;amd64&#039;, os.version: &#039;10.0&#039;, java.version: &#039;1.8.0_221&#039;
Driver info: org.openqa.selenium.ie.InternetExplorerDriver
Capabilities {acceptInsecureCerts: false, browserName: internet explorer, browserVersion: 11, javascriptEnabled: true, pageLoadStrategy: normal, platform: WINDOWS, platformName: WINDOWS, proxy: Proxy(), se:ieOptions: {browserAttachTimeout: 0, elementScrollBehavior: 0, enablePersistentHover: true, ie.browserCommandLineSwitches: , ie.ensureCleanSession: false, ie.fileUploadDialogTimeout: 3000, ie.forceCreateProcessApi: false, ignoreProtectedModeSettings: false, ignoreZoomSetting: false, initialBrowserUrl: http://localhost:2124/, nativeEvents: true, requireWindowFocus: false}, setWindowRect: true, timeouts: {implicit: 0, pageLoad: 300000, script: 30000}}
Session ID: 055d0f1f-16b1-4577-b4c8-1028878473d8
*** Element info: {Using=xpath, value=//div[@id=&#039;footer&#039;]//a[contains(text(),&#039;About Us&#039;)]}">
      <![CDATA[org.openqa.selenium.NoSuchWindowException: Currently focused window has been closed.
Build info: version: '4.0.0-alpha-2', revision: 'f148142cf8', time: '2019-07-01T20:55:26'
System info: host: 'ATMECSINLT-283', ip: '55.55.52.215', os.name: 'Windows 10', os.arch: 'amd64', os.version: '10.0', java.version: '1.8.0_221'
Driver info: org.openqa.selenium.ie.InternetExplorerDriver
Capabilities {acceptInsecureCerts: false, browserName: internet explorer, browserVersion: 11, javascriptEnabled: true, pageLoadStrategy: normal, platform: WINDOWS, platformName: WINDOWS, proxy: Proxy(), se:ieOptions: {browserAttachTimeout: 0, elementScrollBehavior: 0, enablePersistentHover: true, ie.browserCommandLineSwitches: , ie.ensureCleanSession: false, ie.fileUploadDialogTimeout: 3000, ie.forceCreateProcessApi: false, ignoreProtectedModeSettings: false, ignoreZoomSetting: false, initialBrowserUrl: http://localhost:2124/, nativeEvents: true, requireWindowFocus: false}, setWindowRect: true, timeouts: {implicit: 0, pageLoad: 300000, script: 30000}}
Session ID: 055d0f1f-16b1-4577-b4c8-1028878473d8
*** Element info: {Using=xpath, value=//div[@id='footer']//a[contains(text(),'About Us')]}
at sun.reflect.GeneratedConstructorAccessor25.newInstance(Unknown Source)
at sun.reflect.DelegatingConstructorAccessorImpl.newInstance(DelegatingConstructorAccessorImpl.java:45)
at java.lang.reflect.Constructor.newInstance(Constructor.java:423)
at org.openqa.selenium.remote.codec.w3c.W3CHttpResponseCodec.createException(W3CHttpResponseCodec.java:191)
at org.openqa.selenium.remote.codec.w3c.W3CHttpResponseCodec.decode(W3CHttpResponseCodec.java:125)
at org.openqa.selenium.remote.codec.w3c.W3CHttpResponseCodec.decode(W3CHttpResponseCodec.java:52)
at org.openqa.selenium.remote.HttpCommandExecutor.execute(HttpCommandExecutor.java:161)
at org.openqa.selenium.remote.service.DriverCommandExecutor.execute(DriverCommandExecutor.java:83)
at org.openqa.selenium.remote.RemoteWebDriver.execute(RemoteWebDriver.java:576)
at org.openqa.selenium.remote.RemoteWebDriver.findElement(RemoteWebDriver.java:327)
at org.openqa.selenium.remote.RemoteWebDriver.findElementByXPath(RemoteWebDriver.java:445)
at org.openqa.selenium.By$ByXPath.findElement(By.java:353)
at org.openqa.selenium.remote.RemoteWebDriver.findElement(RemoteWebDriver.java:319)
at com.atmecs.helper.CommonUtility.locatorsType(CommonUtility.java:49)
at com.atmecs.helper.CommonUtility$4.apply(CommonUtility.java:180)
at com.atmecs.helper.CommonUtility$4.apply(CommonUtility.java:1)
at org.openqa.selenium.support.ui.FluentWait.until(FluentWait.java:211)
at com.atmecs.helper.CommonUtility.getText(CommonUtility.java:177)
at com.atmecs.general.AtmecsHomePage.isFooterPresent(AtmecsHomePage.java:80)
at com.atmecs.testscript.AtmecsHomePageScript.validateMediaFooter(AtmecsHomePageScript.java:71)
at sun.reflect.NativeMethodAccessorImpl.invoke0(Native Method)
at sun.reflect.NativeMethodAccessorImpl.invoke(NativeMethodAccessorImpl.java:62)
at sun.reflect.DelegatingMethodAccessorImpl.invoke(DelegatingMethodAccessorImpl.java:43)
at java.lang.reflect.Method.invoke(Method.java:498)
at org.testng.internal.MethodInvocationHelper.invokeMethod(MethodInvocationHelper.java:133)
at org.testng.internal.TestInvoker.invokeMethod(TestInvoker.java:584)
at org.testng.internal.TestInvoker.invokeTestMethod(TestInvoker.java:172)
at org.testng.internal.MethodRunner.runInSequence(MethodRunner.java:46)
at org.testng.internal.TestInvoker$MethodInvocationAgent.invoke(TestInvoker.java:804)
at org.testng.internal.TestInvoker.invokeTestMethods(TestInvoker.java:145)
at org.testng.internal.TestMethodWorker.invokeTestMethods(TestMethodWorker.java:146)
at org.testng.internal.TestMethodWorker.run(TestMethodWorker.java:128)
at java.util.ArrayList.forEach(ArrayList.java:1257)
at org.testng.TestRunner.privateRun(TestRunner.java:770)
at org.testng.TestRunner.run(TestRunner.java:591)
at org.testng.SuiteRunner.runTest(SuiteRunner.java:402)
at org.testng.SuiteRunner.runSequentially(SuiteRunner.java:396)
at org.testng.SuiteRunner.privateRun(SuiteRunner.java:355)
at org.testng.SuiteRunner.run(SuiteRunner.java:304)
at org.testng.SuiteRunnerWorker.runSuite(SuiteRunnerWorker.java:53)
at org.testng.SuiteRunnerWorker.run(SuiteRunnerWorker.java:96)
at org.testng.TestNG.runSuitesSequentially(TestNG.java:1180)
at org.testng.TestNG.runSuitesLocally(TestNG.java:1102)
at org.testng.TestNG.runSuites(TestNG.java:1032)
at org.testng.TestNG.run(TestNG.java:1000)
at org.testng.remote.AbstractRemoteTestNG.run(AbstractRemoteTestNG.java:115)
at org.testng.remote.RemoteTestNG.initAndRun(RemoteTestNG.java:251)
at org.testng.remote.RemoteTestNG.main(RemoteTestNG.java:77)
]]>
    </error>
  </testcase> <!-- validateMediaFooter -->
  <testcase name="validateMediaFooter" time="0.035" classname="com.atmecs.testscript.AtmecsHomePageScript">
    <error type="org.openqa.selenium.NoSuchWindowException" message="Currently focused window has been closed.
Build info: version: &#039;4.0.0-alpha-2&#039;, revision: &#039;f148142cf8&#039;, time: &#039;2019-07-01T20:55:26&#039;
System info: host: &#039;ATMECSINLT-283&#039;, ip: &#039;55.55.52.215&#039;, os.name: &#039;Windows 10&#039;, os.arch: &#039;amd64&#039;, os.version: &#039;10.0&#039;, java.version: &#039;1.8.0_221&#039;
Driver info: org.openqa.selenium.ie.InternetExplorerDriver
Capabilities {acceptInsecureCerts: false, browserName: internet explorer, browserVersion: 11, javascriptEnabled: true, pageLoadStrategy: normal, platform: WINDOWS, platformName: WINDOWS, proxy: Proxy(), se:ieOptions: {browserAttachTimeout: 0, elementScrollBehavior: 0, enablePersistentHover: true, ie.browserCommandLineSwitches: , ie.ensureCleanSession: false, ie.fileUploadDialogTimeout: 3000, ie.forceCreateProcessApi: false, ignoreProtectedModeSettings: false, ignoreZoomSetting: false, initialBrowserUrl: http://localhost:2124/, nativeEvents: true, requireWindowFocus: false}, setWindowRect: true, timeouts: {implicit: 0, pageLoad: 300000, script: 30000}}
Session ID: 055d0f1f-16b1-4577-b4c8-1028878473d8
*** Element info: {Using=xpath, value=//div[@id=&#039;footer&#039;]//a[contains(text(),&#039;Home&#039;)]}">
      <![CDATA[org.openqa.selenium.NoSuchWindowException: Currently focused window has been closed.
Build info: version: '4.0.0-alpha-2', revision: 'f148142cf8', time: '2019-07-01T20:55:26'
System info: host: 'ATMECSINLT-283', ip: '55.55.52.215', os.name: 'Windows 10', os.arch: 'amd64', os.version: '10.0', java.version: '1.8.0_221'
Driver info: org.openqa.selenium.ie.InternetExplorerDriver
Capabilities {acceptInsecureCerts: false, browserName: internet explorer, browserVersion: 11, javascriptEnabled: true, pageLoadStrategy: normal, platform: WINDOWS, platformName: WINDOWS, proxy: Proxy(), se:ieOptions: {browserAttachTimeout: 0, elementScrollBehavior: 0, enablePersistentHover: true, ie.browserCommandLineSwitches: , ie.ensureCleanSession: false, ie.fileUploadDialogTimeout: 3000, ie.forceCreateProcessApi: false, ignoreProtectedModeSettings: false, ignoreZoomSetting: false, initialBrowserUrl: http://localhost:2124/, nativeEvents: true, requireWindowFocus: false}, setWindowRect: true, timeouts: {implicit: 0, pageLoad: 300000, script: 30000}}
Session ID: 055d0f1f-16b1-4577-b4c8-1028878473d8
*** Element info: {Using=xpath, value=//div[@id='footer']//a[contains(text(),'Home')]}
at sun.reflect.GeneratedConstructorAccessor25.newInstance(Unknown Source)
at sun.reflect.DelegatingConstructorAccessorImpl.newInstance(DelegatingConstructorAccessorImpl.java:45)
at java.lang.reflect.Constructor.newInstance(Constructor.java:423)
at org.openqa.selenium.remote.codec.w3c.W3CHttpResponseCodec.createException(W3CHttpResponseCodec.java:191)
at org.openqa.selenium.remote.codec.w3c.W3CHttpResponseCodec.decode(W3CHttpResponseCodec.java:125)
at org.openqa.selenium.remote.codec.w3c.W3CHttpResponseCodec.decode(W3CHttpResponseCodec.java:52)
at org.openqa.selenium.remote.HttpCommandExecutor.execute(HttpCommandExecutor.java:161)
at org.openqa.selenium.remote.service.DriverCommandExecutor.execute(DriverCommandExecutor.java:83)
at org.openqa.selenium.remote.RemoteWebDriver.execute(RemoteWebDriver.java:576)
at org.openqa.selenium.remote.RemoteWebDriver.findElement(RemoteWebDriver.java:327)
at org.openqa.selenium.remote.RemoteWebDriver.findElementByXPath(RemoteWebDriver.java:445)
at org.openqa.selenium.By$ByXPath.findElement(By.java:353)
at org.openqa.selenium.remote.RemoteWebDriver.findElement(RemoteWebDriver.java:319)
at com.atmecs.helper.CommonUtility.locatorsType(CommonUtility.java:49)
at com.atmecs.helper.CommonUtility$4.apply(CommonUtility.java:180)
at com.atmecs.helper.CommonUtility$4.apply(CommonUtility.java:1)
at org.openqa.selenium.support.ui.FluentWait.until(FluentWait.java:211)
at com.atmecs.helper.CommonUtility.getText(CommonUtility.java:177)
at com.atmecs.general.AtmecsHomePage.isFooterPresent(AtmecsHomePage.java:80)
at com.atmecs.testscript.AtmecsHomePageScript.validateMediaFooter(AtmecsHomePageScript.java:71)
at sun.reflect.NativeMethodAccessorImpl.invoke0(Native Method)
at sun.reflect.NativeMethodAccessorImpl.invoke(NativeMethodAccessorImpl.java:62)
at sun.reflect.DelegatingMethodAccessorImpl.invoke(DelegatingMethodAccessorImpl.java:43)
at java.lang.reflect.Method.invoke(Method.java:498)
at org.testng.internal.MethodInvocationHelper.invokeMethod(MethodInvocationHelper.java:133)
at org.testng.internal.TestInvoker.invokeMethod(TestInvoker.java:584)
at org.testng.internal.TestInvoker.invokeTestMethod(TestInvoker.java:172)
at org.testng.internal.MethodRunner.runInSequence(MethodRunner.java:46)
at org.testng.internal.TestInvoker$MethodInvocationAgent.invoke(TestInvoker.java:804)
at org.testng.internal.TestInvoker.invokeTestMethods(TestInvoker.java:145)
at org.testng.internal.TestMethodWorker.invokeTestMethods(TestMethodWorker.java:146)
at org.testng.internal.TestMethodWorker.run(TestMethodWorker.java:128)
at java.util.ArrayList.forEach(ArrayList.java:1257)
at org.testng.TestRunner.privateRun(TestRunner.java:770)
at org.testng.TestRunner.run(TestRunner.java:591)
at org.testng.SuiteRunner.runTest(SuiteRunner.java:402)
at org.testng.SuiteRunner.runSequentially(SuiteRunner.java:396)
at org.testng.SuiteRunner.privateRun(SuiteRunner.java:355)
at org.testng.SuiteRunner.run(SuiteRunner.java:304)
at org.testng.SuiteRunnerWorker.runSuite(SuiteRunnerWorker.java:53)
at org.testng.SuiteRunnerWorker.run(SuiteRunnerWorker.java:96)
at org.testng.TestNG.runSuitesSequentially(TestNG.java:1180)
at org.testng.TestNG.runSuitesLocally(TestNG.java:1102)
at org.testng.TestNG.runSuites(TestNG.java:1032)
at org.testng.TestNG.run(TestNG.java:1000)
at org.testng.remote.AbstractRemoteTestNG.run(AbstractRemoteTestNG.java:115)
at org.testng.remote.RemoteTestNG.initAndRun(RemoteTestNG.java:251)
at org.testng.remote.RemoteTestNG.main(RemoteTestNG.java:77)
]]>
    </error>
  </testcase> <!-- validateMediaFooter -->
  <testcase name="validateMediaFooter" time="0.029" classname="com.atmecs.testscript.AtmecsHomePageScript">
    <error type="org.openqa.selenium.NoSuchWindowException" message="Currently focused window has been closed.
Build info: version: &#039;4.0.0-alpha-2&#039;, revision: &#039;f148142cf8&#039;, time: &#039;2019-07-01T20:55:26&#039;
System info: host: &#039;ATMECSINLT-283&#039;, ip: &#039;55.55.52.215&#039;, os.name: &#039;Windows 10&#039;, os.arch: &#039;amd64&#039;, os.version: &#039;10.0&#039;, java.version: &#039;1.8.0_221&#039;
Driver info: org.openqa.selenium.ie.InternetExplorerDriver
Capabilities {acceptInsecureCerts: false, browserName: internet explorer, browserVersion: 11, javascriptEnabled: true, pageLoadStrategy: normal, platform: WINDOWS, platformName: WINDOWS, proxy: Proxy(), se:ieOptions: {browserAttachTimeout: 0, elementScrollBehavior: 0, enablePersistentHover: true, ie.browserCommandLineSwitches: , ie.ensureCleanSession: false, ie.fileUploadDialogTimeout: 3000, ie.forceCreateProcessApi: false, ignoreProtectedModeSettings: false, ignoreZoomSetting: false, initialBrowserUrl: http://localhost:2124/, nativeEvents: true, requireWindowFocus: false}, setWindowRect: true, timeouts: {implicit: 0, pageLoad: 300000, script: 30000}}
Session ID: 055d0f1f-16b1-4577-b4c8-1028878473d8
*** Element info: {Using=xpath, value=//div[@id=&#039;footer&#039;]//a[contains(text(),&#039;Contact Us&#039;)]}">
      <![CDATA[org.openqa.selenium.NoSuchWindowException: Currently focused window has been closed.
Build info: version: '4.0.0-alpha-2', revision: 'f148142cf8', time: '2019-07-01T20:55:26'
System info: host: 'ATMECSINLT-283', ip: '55.55.52.215', os.name: 'Windows 10', os.arch: 'amd64', os.version: '10.0', java.version: '1.8.0_221'
Driver info: org.openqa.selenium.ie.InternetExplorerDriver
Capabilities {acceptInsecureCerts: false, browserName: internet explorer, browserVersion: 11, javascriptEnabled: true, pageLoadStrategy: normal, platform: WINDOWS, platformName: WINDOWS, proxy: Proxy(), se:ieOptions: {browserAttachTimeout: 0, elementScrollBehavior: 0, enablePersistentHover: true, ie.browserCommandLineSwitches: , ie.ensureCleanSession: false, ie.fileUploadDialogTimeout: 3000, ie.forceCreateProcessApi: false, ignoreProtectedModeSettings: false, ignoreZoomSetting: false, initialBrowserUrl: http://localhost:2124/, nativeEvents: true, requireWindowFocus: false}, setWindowRect: true, timeouts: {implicit: 0, pageLoad: 300000, script: 30000}}
Session ID: 055d0f1f-16b1-4577-b4c8-1028878473d8
*** Element info: {Using=xpath, value=//div[@id='footer']//a[contains(text(),'Contact Us')]}
at sun.reflect.GeneratedConstructorAccessor25.newInstance(Unknown Source)
at sun.reflect.DelegatingConstructorAccessorImpl.newInstance(DelegatingConstructorAccessorImpl.java:45)
at java.lang.reflect.Constructor.newInstance(Constructor.java:423)
at org.openqa.selenium.remote.codec.w3c.W3CHttpResponseCodec.createException(W3CHttpResponseCodec.java:191)
at org.openqa.selenium.remote.codec.w3c.W3CHttpResponseCodec.decode(W3CHttpResponseCodec.java:125)
at org.openqa.selenium.remote.codec.w3c.W3CHttpResponseCodec.decode(W3CHttpResponseCodec.java:52)
at org.openqa.selenium.remote.HttpCommandExecutor.execute(HttpCommandExecutor.java:161)
at org.openqa.selenium.remote.service.DriverCommandExecutor.execute(DriverCommandExecutor.java:83)
at org.openqa.selenium.remote.RemoteWebDriver.execute(RemoteWebDriver.java:576)
at org.openqa.selenium.remote.RemoteWebDriver.findElement(RemoteWebDriver.java:327)
at org.openqa.selenium.remote.RemoteWebDriver.findElementByXPath(RemoteWebDriver.java:445)
at org.openqa.selenium.By$ByXPath.findElement(By.java:353)
at org.openqa.selenium.remote.RemoteWebDriver.findElement(RemoteWebDriver.java:319)
at com.atmecs.helper.CommonUtility.locatorsType(CommonUtility.java:49)
at com.atmecs.helper.CommonUtility$4.apply(CommonUtility.java:180)
at com.atmecs.helper.CommonUtility$4.apply(CommonUtility.java:1)
at org.openqa.selenium.support.ui.FluentWait.until(FluentWait.java:211)
at com.atmecs.helper.CommonUtility.getText(CommonUtility.java:177)
at com.atmecs.general.AtmecsHomePage.isFooterPresent(AtmecsHomePage.java:80)
at com.atmecs.testscript.AtmecsHomePageScript.validateMediaFooter(AtmecsHomePageScript.java:71)
at sun.reflect.NativeMethodAccessorImpl.invoke0(Native Method)
at sun.reflect.NativeMethodAccessorImpl.invoke(NativeMethodAccessorImpl.java:62)
at sun.reflect.DelegatingMethodAccessorImpl.invoke(DelegatingMethodAccessorImpl.java:43)
at java.lang.reflect.Method.invoke(Method.java:498)
at org.testng.internal.MethodInvocationHelper.invokeMethod(MethodInvocationHelper.java:133)
at org.testng.internal.TestInvoker.invokeMethod(TestInvoker.java:584)
at org.testng.internal.TestInvoker.invokeTestMethod(TestInvoker.java:172)
at org.testng.internal.MethodRunner.runInSequence(MethodRunner.java:46)
at org.testng.internal.TestInvoker$MethodInvocationAgent.invoke(TestInvoker.java:804)
at org.testng.internal.TestInvoker.invokeTestMethods(TestInvoker.java:145)
at org.testng.internal.TestMethodWorker.invokeTestMethods(TestMethodWorker.java:146)
at org.testng.internal.TestMethodWorker.run(TestMethodWorker.java:128)
at java.util.ArrayList.forEach(ArrayList.java:1257)
at org.testng.TestRunner.privateRun(TestRunner.java:770)
at org.testng.TestRunner.run(TestRunner.java:591)
at org.testng.SuiteRunner.runTest(SuiteRunner.java:402)
at org.testng.SuiteRunner.runSequentially(SuiteRunner.java:396)
at org.testng.SuiteRunner.privateRun(SuiteRunner.java:355)
at org.testng.SuiteRunner.run(SuiteRunner.java:304)
at org.testng.SuiteRunnerWorker.runSuite(SuiteRunnerWorker.java:53)
at org.testng.SuiteRunnerWorker.run(SuiteRunnerWorker.java:96)
at org.testng.TestNG.runSuitesSequentially(TestNG.java:1180)
at org.testng.TestNG.runSuitesLocally(TestNG.java:1102)
at org.testng.TestNG.runSuites(TestNG.java:1032)
at org.testng.TestNG.run(TestNG.java:1000)
at org.testng.remote.AbstractRemoteTestNG.run(AbstractRemoteTestNG.java:115)
at org.testng.remote.RemoteTestNG.initAndRun(RemoteTestNG.java:251)
at org.testng.remote.RemoteTestNG.main(RemoteTestNG.java:77)
]]>
    </error>
  </testcase> <!-- validateMediaFooter -->
  <testcase name="validateMediaFooter" time="0.039" classname="com.atmecs.testscript.AtmecsHomePageScript">
    <error type="org.openqa.selenium.NoSuchWindowException" message="Currently focused window has been closed.
Build info: version: &#039;4.0.0-alpha-2&#039;, revision: &#039;f148142cf8&#039;, time: &#039;2019-07-01T20:55:26&#039;
System info: host: &#039;ATMECSINLT-283&#039;, ip: &#039;55.55.52.215&#039;, os.name: &#039;Windows 10&#039;, os.arch: &#039;amd64&#039;, os.version: &#039;10.0&#039;, java.version: &#039;1.8.0_221&#039;
Driver info: org.openqa.selenium.ie.InternetExplorerDriver
Capabilities {acceptInsecureCerts: false, browserName: internet explorer, browserVersion: 11, javascriptEnabled: true, pageLoadStrategy: normal, platform: WINDOWS, platformName: WINDOWS, proxy: Proxy(), se:ieOptions: {browserAttachTimeout: 0, elementScrollBehavior: 0, enablePersistentHover: true, ie.browserCommandLineSwitches: , ie.ensureCleanSession: false, ie.fileUploadDialogTimeout: 3000, ie.forceCreateProcessApi: false, ignoreProtectedModeSettings: false, ignoreZoomSetting: false, initialBrowserUrl: http://localhost:2124/, nativeEvents: true, requireWindowFocus: false}, setWindowRect: true, timeouts: {implicit: 0, pageLoad: 300000, script: 30000}}
Session ID: 055d0f1f-16b1-4577-b4c8-1028878473d8
*** Element info: {Using=xpath, value=//div[@id=&#039;footer&#039;]//a[contains(text(),&#039;Blockchain&#039;)]}">
      <![CDATA[org.openqa.selenium.NoSuchWindowException: Currently focused window has been closed.
Build info: version: '4.0.0-alpha-2', revision: 'f148142cf8', time: '2019-07-01T20:55:26'
System info: host: 'ATMECSINLT-283', ip: '55.55.52.215', os.name: 'Windows 10', os.arch: 'amd64', os.version: '10.0', java.version: '1.8.0_221'
Driver info: org.openqa.selenium.ie.InternetExplorerDriver
Capabilities {acceptInsecureCerts: false, browserName: internet explorer, browserVersion: 11, javascriptEnabled: true, pageLoadStrategy: normal, platform: WINDOWS, platformName: WINDOWS, proxy: Proxy(), se:ieOptions: {browserAttachTimeout: 0, elementScrollBehavior: 0, enablePersistentHover: true, ie.browserCommandLineSwitches: , ie.ensureCleanSession: false, ie.fileUploadDialogTimeout: 3000, ie.forceCreateProcessApi: false, ignoreProtectedModeSettings: false, ignoreZoomSetting: false, initialBrowserUrl: http://localhost:2124/, nativeEvents: true, requireWindowFocus: false}, setWindowRect: true, timeouts: {implicit: 0, pageLoad: 300000, script: 30000}}
Session ID: 055d0f1f-16b1-4577-b4c8-1028878473d8
*** Element info: {Using=xpath, value=//div[@id='footer']//a[contains(text(),'Blockchain')]}
at sun.reflect.GeneratedConstructorAccessor25.newInstance(Unknown Source)
at sun.reflect.DelegatingConstructorAccessorImpl.newInstance(DelegatingConstructorAccessorImpl.java:45)
at java.lang.reflect.Constructor.newInstance(Constructor.java:423)
at org.openqa.selenium.remote.codec.w3c.W3CHttpResponseCodec.createException(W3CHttpResponseCodec.java:191)
at org.openqa.selenium.remote.codec.w3c.W3CHttpResponseCodec.decode(W3CHttpResponseCodec.java:125)
at org.openqa.selenium.remote.codec.w3c.W3CHttpResponseCodec.decode(W3CHttpResponseCodec.java:52)
at org.openqa.selenium.remote.HttpCommandExecutor.execute(HttpCommandExecutor.java:161)
at org.openqa.selenium.remote.service.DriverCommandExecutor.execute(DriverCommandExecutor.java:83)
at org.openqa.selenium.remote.RemoteWebDriver.execute(RemoteWebDriver.java:576)
at org.openqa.selenium.remote.RemoteWebDriver.findElement(RemoteWebDriver.java:327)
at org.openqa.selenium.remote.RemoteWebDriver.findElementByXPath(RemoteWebDriver.java:445)
at org.openqa.selenium.By$ByXPath.findElement(By.java:353)
at org.openqa.selenium.remote.RemoteWebDriver.findElement(RemoteWebDriver.java:319)
at com.atmecs.helper.CommonUtility.locatorsType(CommonUtility.java:49)
at com.atmecs.helper.CommonUtility$4.apply(CommonUtility.java:180)
at com.atmecs.helper.CommonUtility$4.apply(CommonUtility.java:1)
at org.openqa.selenium.support.ui.FluentWait.until(FluentWait.java:211)
at com.atmecs.helper.CommonUtility.getText(CommonUtility.java:177)
at com.atmecs.general.AtmecsHomePage.isFooterPresent(AtmecsHomePage.java:80)
at com.atmecs.testscript.AtmecsHomePageScript.validateMediaFooter(AtmecsHomePageScript.java:71)
at sun.reflect.GeneratedMethodAccessor5.invoke(Unknown Source)
at sun.reflect.DelegatingMethodAccessorImpl.invoke(DelegatingMethodAccessorImpl.java:43)
at java.lang.reflect.Method.invoke(Method.java:498)
at org.testng.internal.MethodInvocationHelper.invokeMethod(MethodInvocationHelper.java:133)
at org.testng.internal.TestInvoker.invokeMethod(TestInvoker.java:584)
at org.testng.internal.TestInvoker.invokeTestMethod(TestInvoker.java:172)
at org.testng.internal.MethodRunner.runInSequence(MethodRunner.java:46)
at org.testng.internal.TestInvoker$MethodInvocationAgent.invoke(TestInvoker.java:804)
at org.testng.internal.TestInvoker.invokeTestMethods(TestInvoker.java:145)
at org.testng.internal.TestMethodWorker.invokeTestMethods(TestMethodWorker.java:146)
at org.testng.internal.TestMethodWorker.run(TestMethodWorker.java:128)
at java.util.ArrayList.forEach(ArrayList.java:1257)
at org.testng.TestRunner.privateRun(TestRunner.java:770)
at org.testng.TestRunner.run(TestRunner.java:591)
at org.testng.SuiteRunner.runTest(SuiteRunner.java:402)
at org.testng.SuiteRunner.runSequentially(SuiteRunner.java:396)
at org.testng.SuiteRunner.privateRun(SuiteRunner.java:355)
at org.testng.SuiteRunner.run(SuiteRunner.java:304)
at org.testng.SuiteRunnerWorker.runSuite(SuiteRunnerWorker.java:53)
at org.testng.SuiteRunnerWorker.run(SuiteRunnerWorker.java:96)
at org.testng.TestNG.runSuitesSequentially(TestNG.java:1180)
at org.testng.TestNG.runSuitesLocally(TestNG.java:1102)
at org.testng.TestNG.runSuites(TestNG.java:1032)
at org.testng.TestNG.run(TestNG.java:1000)
at org.testng.remote.AbstractRemoteTestNG.run(AbstractRemoteTestNG.java:115)
at org.testng.remote.RemoteTestNG.initAndRun(RemoteTestNG.java:251)
at org.testng.remote.RemoteTestNG.main(RemoteTestNG.java:77)
]]>
    </error>
  </testcase> <!-- validateMediaFooter -->
  <testcase name="validateMediaFooter" time="0.035" classname="com.atmecs.testscript.AtmecsHomePageScript">
    <error type="org.openqa.selenium.NoSuchWindowException" message="Currently focused window has been closed.
Build info: version: &#039;4.0.0-alpha-2&#039;, revision: &#039;f148142cf8&#039;, time: &#039;2019-07-01T20:55:26&#039;
System info: host: &#039;ATMECSINLT-283&#039;, ip: &#039;55.55.52.215&#039;, os.name: &#039;Windows 10&#039;, os.arch: &#039;amd64&#039;, os.version: &#039;10.0&#039;, java.version: &#039;1.8.0_221&#039;
Driver info: org.openqa.selenium.ie.InternetExplorerDriver
Capabilities {acceptInsecureCerts: false, browserName: internet explorer, browserVersion: 11, javascriptEnabled: true, pageLoadStrategy: normal, platform: WINDOWS, platformName: WINDOWS, proxy: Proxy(), se:ieOptions: {browserAttachTimeout: 0, elementScrollBehavior: 0, enablePersistentHover: true, ie.browserCommandLineSwitches: , ie.ensureCleanSession: false, ie.fileUploadDialogTimeout: 3000, ie.forceCreateProcessApi: false, ignoreProtectedModeSettings: false, ignoreZoomSetting: false, initialBrowserUrl: http://localhost:2124/, nativeEvents: true, requireWindowFocus: false}, setWindowRect: true, timeouts: {implicit: 0, pageLoad: 300000, script: 30000}}
Session ID: 055d0f1f-16b1-4577-b4c8-1028878473d8
*** Element info: {Using=xpath, value=//div[@id=&#039;footer&#039;]//a[contains(text(),&#039;Automation Engineer&#039;)]}">
      <![CDATA[org.openqa.selenium.NoSuchWindowException: Currently focused window has been closed.
Build info: version: '4.0.0-alpha-2', revision: 'f148142cf8', time: '2019-07-01T20:55:26'
System info: host: 'ATMECSINLT-283', ip: '55.55.52.215', os.name: 'Windows 10', os.arch: 'amd64', os.version: '10.0', java.version: '1.8.0_221'
Driver info: org.openqa.selenium.ie.InternetExplorerDriver
Capabilities {acceptInsecureCerts: false, browserName: internet explorer, browserVersion: 11, javascriptEnabled: true, pageLoadStrategy: normal, platform: WINDOWS, platformName: WINDOWS, proxy: Proxy(), se:ieOptions: {browserAttachTimeout: 0, elementScrollBehavior: 0, enablePersistentHover: true, ie.browserCommandLineSwitches: , ie.ensureCleanSession: false, ie.fileUploadDialogTimeout: 3000, ie.forceCreateProcessApi: false, ignoreProtectedModeSettings: false, ignoreZoomSetting: false, initialBrowserUrl: http://localhost:2124/, nativeEvents: true, requireWindowFocus: false}, setWindowRect: true, timeouts: {implicit: 0, pageLoad: 300000, script: 30000}}
Session ID: 055d0f1f-16b1-4577-b4c8-1028878473d8
*** Element info: {Using=xpath, value=//div[@id='footer']//a[contains(text(),'Automation Engineer')]}
at sun.reflect.GeneratedConstructorAccessor25.newInstance(Unknown Source)
at sun.reflect.DelegatingConstructorAccessorImpl.newInstance(DelegatingConstructorAccessorImpl.java:45)
at java.lang.reflect.Constructor.newInstance(Constructor.java:423)
at org.openqa.selenium.remote.codec.w3c.W3CHttpResponseCodec.createException(W3CHttpResponseCodec.java:191)
at org.openqa.selenium.remote.codec.w3c.W3CHttpResponseCodec.decode(W3CHttpResponseCodec.java:125)
at org.openqa.selenium.remote.codec.w3c.W3CHttpResponseCodec.decode(W3CHttpResponseCodec.java:52)
at org.openqa.selenium.remote.HttpCommandExecutor.execute(HttpCommandExecutor.java:161)
at org.openqa.selenium.remote.service.DriverCommandExecutor.execute(DriverCommandExecutor.java:83)
at org.openqa.selenium.remote.RemoteWebDriver.execute(RemoteWebDriver.java:576)
at org.openqa.selenium.remote.RemoteWebDriver.findElement(RemoteWebDriver.java:327)
at org.openqa.selenium.remote.RemoteWebDriver.findElementByXPath(RemoteWebDriver.java:445)
at org.openqa.selenium.By$ByXPath.findElement(By.java:353)
at org.openqa.selenium.remote.RemoteWebDriver.findElement(RemoteWebDriver.java:319)
at com.atmecs.helper.CommonUtility.locatorsType(CommonUtility.java:49)
at com.atmecs.helper.CommonUtility$4.apply(CommonUtility.java:180)
at com.atmecs.helper.CommonUtility$4.apply(CommonUtility.java:1)
at org.openqa.selenium.support.ui.FluentWait.until(FluentWait.java:211)
at com.atmecs.helper.CommonUtility.getText(CommonUtility.java:177)
at com.atmecs.general.AtmecsHomePage.isFooterPresent(AtmecsHomePage.java:80)
at com.atmecs.testscript.AtmecsHomePageScript.validateMediaFooter(AtmecsHomePageScript.java:71)
at sun.reflect.NativeMethodAccessorImpl.invoke0(Native Method)
at sun.reflect.NativeMethodAccessorImpl.invoke(NativeMethodAccessorImpl.java:62)
at sun.reflect.DelegatingMethodAccessorImpl.invoke(DelegatingMethodAccessorImpl.java:43)
at java.lang.reflect.Method.invoke(Method.java:498)
at org.testng.internal.MethodInvocationHelper.invokeMethod(MethodInvocationHelper.java:133)
at org.testng.internal.TestInvoker.invokeMethod(TestInvoker.java:584)
at org.testng.internal.TestInvoker.invokeTestMethod(TestInvoker.java:172)
at org.testng.internal.MethodRunner.runInSequence(MethodRunner.java:46)
at org.testng.internal.TestInvoker$MethodInvocationAgent.invoke(TestInvoker.java:804)
at org.testng.internal.TestInvoker.invokeTestMethods(TestInvoker.java:145)
at org.testng.internal.TestMethodWorker.invokeTestMethods(TestMethodWorker.java:146)
at org.testng.internal.TestMethodWorker.run(TestMethodWorker.java:128)
at java.util.ArrayList.forEach(ArrayList.java:1257)
at org.testng.TestRunner.privateRun(TestRunner.java:770)
at org.testng.TestRunner.run(TestRunner.java:591)
at org.testng.SuiteRunner.runTest(SuiteRunner.java:402)
at org.testng.SuiteRunner.runSequentially(SuiteRunner.java:396)
at org.testng.SuiteRunner.privateRun(SuiteRunner.java:355)
at org.testng.SuiteRunner.run(SuiteRunner.java:304)
at org.testng.SuiteRunnerWorker.runSuite(SuiteRunnerWorker.java:53)
at org.testng.SuiteRunnerWorker.run(SuiteRunnerWorker.java:96)
at org.testng.TestNG.runSuitesSequentially(TestNG.java:1180)
at org.testng.TestNG.runSuitesLocally(TestNG.java:1102)
at org.testng.TestNG.runSuites(TestNG.java:1032)
at org.testng.TestNG.run(TestNG.java:1000)
at org.testng.remote.AbstractRemoteTestNG.run(AbstractRemoteTestNG.java:115)
at org.testng.remote.RemoteTestNG.initAndRun(RemoteTestNG.java:251)
at org.testng.remote.RemoteTestNG.main(RemoteTestNG.java:77)
]]>
    </error>
  </testcase> <!-- validateMediaFooter -->
  <testcase name="clickOnInsightMenu" time="0.043" classname="com.atmecs.testscript.AtmecsHomePageScript">
    <error type="org.openqa.selenium.NoSuchWindowException" message="Currently focused window has been closed.
Build info: version: &#039;4.0.0-alpha-2&#039;, revision: &#039;f148142cf8&#039;, time: &#039;2019-07-01T20:55:26&#039;
System info: host: &#039;ATMECSINLT-283&#039;, ip: &#039;55.55.52.215&#039;, os.name: &#039;Windows 10&#039;, os.arch: &#039;amd64&#039;, os.version: &#039;10.0&#039;, java.version: &#039;1.8.0_221&#039;
Driver info: org.openqa.selenium.ie.InternetExplorerDriver
Capabilities {acceptInsecureCerts: false, browserName: internet explorer, browserVersion: 11, javascriptEnabled: true, pageLoadStrategy: normal, platform: WINDOWS, platformName: WINDOWS, proxy: Proxy(), se:ieOptions: {browserAttachTimeout: 0, elementScrollBehavior: 0, enablePersistentHover: true, ie.browserCommandLineSwitches: , ie.ensureCleanSession: false, ie.fileUploadDialogTimeout: 3000, ie.forceCreateProcessApi: false, ignoreProtectedModeSettings: false, ignoreZoomSetting: false, initialBrowserUrl: http://localhost:2124/, nativeEvents: true, requireWindowFocus: false}, setWindowRect: true, timeouts: {implicit: 0, pageLoad: 300000, script: 30000}}
Session ID: 055d0f1f-16b1-4577-b4c8-1028878473d8
*** Element info: {Using=css selector, value=#menu-item-410}">
      <![CDATA[org.openqa.selenium.NoSuchWindowException: Currently focused window has been closed.
Build info: version: '4.0.0-alpha-2', revision: 'f148142cf8', time: '2019-07-01T20:55:26'
System info: host: 'ATMECSINLT-283', ip: '55.55.52.215', os.name: 'Windows 10', os.arch: 'amd64', os.version: '10.0', java.version: '1.8.0_221'
Driver info: org.openqa.selenium.ie.InternetExplorerDriver
Capabilities {acceptInsecureCerts: false, browserName: internet explorer, browserVersion: 11, javascriptEnabled: true, pageLoadStrategy: normal, platform: WINDOWS, platformName: WINDOWS, proxy: Proxy(), se:ieOptions: {browserAttachTimeout: 0, elementScrollBehavior: 0, enablePersistentHover: true, ie.browserCommandLineSwitches: , ie.ensureCleanSession: false, ie.fileUploadDialogTimeout: 3000, ie.forceCreateProcessApi: false, ignoreProtectedModeSettings: false, ignoreZoomSetting: false, initialBrowserUrl: http://localhost:2124/, nativeEvents: true, requireWindowFocus: false}, setWindowRect: true, timeouts: {implicit: 0, pageLoad: 300000, script: 30000}}
Session ID: 055d0f1f-16b1-4577-b4c8-1028878473d8
*** Element info: {Using=css selector, value=#menu-item-410}
at sun.reflect.GeneratedConstructorAccessor25.newInstance(Unknown Source)
at sun.reflect.DelegatingConstructorAccessorImpl.newInstance(DelegatingConstructorAccessorImpl.java:45)
at java.lang.reflect.Constructor.newInstance(Constructor.java:423)
at org.openqa.selenium.remote.codec.w3c.W3CHttpResponseCodec.createException(W3CHttpResponseCodec.java:191)
at org.openqa.selenium.remote.codec.w3c.W3CHttpResponseCodec.decode(W3CHttpResponseCodec.java:125)
at org.openqa.selenium.remote.codec.w3c.W3CHttpResponseCodec.decode(W3CHttpResponseCodec.java:52)
at org.openqa.selenium.remote.HttpCommandExecutor.execute(HttpCommandExecutor.java:161)
at org.openqa.selenium.remote.service.DriverCommandExecutor.execute(DriverCommandExecutor.java:83)
at org.openqa.selenium.remote.RemoteWebDriver.execute(RemoteWebDriver.java:576)
at org.openqa.selenium.remote.RemoteWebDriver.findElement(RemoteWebDriver.java:327)
at org.openqa.selenium.remote.RemoteWebDriver.findElementByCssSelector(RemoteWebDriver.java:435)
at org.openqa.selenium.By$ByCssSelector.findElement(By.java:431)
at org.openqa.selenium.remote.RemoteWebDriver.findElement(RemoteWebDriver.java:319)
at com.atmecs.helper.CommonUtility.locatorsType(CommonUtility.java:54)
at com.atmecs.helper.CommonUtility$1.apply(CommonUtility.java:99)
at com.atmecs.helper.CommonUtility$1.apply(CommonUtility.java:1)
at org.openqa.selenium.support.ui.FluentWait.until(FluentWait.java:211)
at com.atmecs.helper.CommonUtility.clickElement(CommonUtility.java:97)
at com.atmecs.general.AtmecsHomePage.clickOnInsight(AtmecsHomePage.java:52)
at com.atmecs.testscript.AtmecsHomePageScript.clickOnInsightMenu(AtmecsHomePageScript.java:76)
at sun.reflect.NativeMethodAccessorImpl.invoke0(Native Method)
at sun.reflect.NativeMethodAccessorImpl.invoke(NativeMethodAccessorImpl.java:62)
at sun.reflect.DelegatingMethodAccessorImpl.invoke(DelegatingMethodAccessorImpl.java:43)
at java.lang.reflect.Method.invoke(Method.java:498)
at org.testng.internal.MethodInvocationHelper.invokeMethod(MethodInvocationHelper.java:133)
at org.testng.internal.TestInvoker.invokeMethod(TestInvoker.java:584)
at org.testng.internal.TestInvoker.invokeTestMethod(TestInvoker.java:172)
at org.testng.internal.MethodRunner.runInSequence(MethodRunner.java:46)
at org.testng.internal.TestInvoker$MethodInvocationAgent.invoke(TestInvoker.java:804)
at org.testng.internal.TestInvoker.invokeTestMethods(TestInvoker.java:145)
at org.testng.internal.TestMethodWorker.invokeTestMethods(TestMethodWorker.java:146)
at org.testng.internal.TestMethodWorker.run(TestMethodWorker.java:128)
at java.util.ArrayList.forEach(ArrayList.java:1257)
at org.testng.TestRunner.privateRun(TestRunner.java:770)
at org.testng.TestRunner.run(TestRunner.java:591)
at org.testng.SuiteRunner.runTest(SuiteRunner.java:402)
at org.testng.SuiteRunner.runSequentially(SuiteRunner.java:396)
at org.testng.SuiteRunner.privateRun(SuiteRunner.java:355)
at org.testng.SuiteRunner.run(SuiteRunner.java:304)
at org.testng.SuiteRunnerWorker.runSuite(SuiteRunnerWorker.java:53)
at org.testng.SuiteRunnerWorker.run(SuiteRunnerWorker.java:96)
at org.testng.TestNG.runSuitesSequentially(TestNG.java:1180)
at org.testng.TestNG.runSuitesLocally(TestNG.java:1102)
at org.testng.TestNG.runSuites(TestNG.java:1032)
at org.testng.TestNG.run(TestNG.java:1000)
at org.testng.remote.AbstractRemoteTestNG.run(AbstractRemoteTestNG.java:115)
at org.testng.remote.RemoteTestNG.initAndRun(RemoteTestNG.java:251)
at org.testng.remote.RemoteTestNG.main(RemoteTestNG.java:77)
]]>
    </error>
  </testcase> <!-- clickOnInsightMenu -->
  <testcase name="validateInsightsFooter" time="0.035" classname="com.atmecs.testscript.AtmecsHomePageScript">
    <error type="org.openqa.selenium.NoSuchWindowException" message="Currently focused window has been closed.
Build info: version: &#039;4.0.0-alpha-2&#039;, revision: &#039;f148142cf8&#039;, time: &#039;2019-07-01T20:55:26&#039;
System info: host: &#039;ATMECSINLT-283&#039;, ip: &#039;55.55.52.215&#039;, os.name: &#039;Windows 10&#039;, os.arch: &#039;amd64&#039;, os.version: &#039;10.0&#039;, java.version: &#039;1.8.0_221&#039;
Driver info: org.openqa.selenium.ie.InternetExplorerDriver
Capabilities {acceptInsecureCerts: false, browserName: internet explorer, browserVersion: 11, javascriptEnabled: true, pageLoadStrategy: normal, platform: WINDOWS, platformName: WINDOWS, proxy: Proxy(), se:ieOptions: {browserAttachTimeout: 0, elementScrollBehavior: 0, enablePersistentHover: true, ie.browserCommandLineSwitches: , ie.ensureCleanSession: false, ie.fileUploadDialogTimeout: 3000, ie.forceCreateProcessApi: false, ignoreProtectedModeSettings: false, ignoreZoomSetting: false, initialBrowserUrl: http://localhost:2124/, nativeEvents: true, requireWindowFocus: false}, setWindowRect: true, timeouts: {implicit: 0, pageLoad: 300000, script: 30000}}
Session ID: 055d0f1f-16b1-4577-b4c8-1028878473d8
*** Element info: {Using=xpath, value=//div[@id=&#039;footer&#039;]//a[contains(text(),&#039;Mobile Computing&#039;)]}">
      <![CDATA[org.openqa.selenium.NoSuchWindowException: Currently focused window has been closed.
Build info: version: '4.0.0-alpha-2', revision: 'f148142cf8', time: '2019-07-01T20:55:26'
System info: host: 'ATMECSINLT-283', ip: '55.55.52.215', os.name: 'Windows 10', os.arch: 'amd64', os.version: '10.0', java.version: '1.8.0_221'
Driver info: org.openqa.selenium.ie.InternetExplorerDriver
Capabilities {acceptInsecureCerts: false, browserName: internet explorer, browserVersion: 11, javascriptEnabled: true, pageLoadStrategy: normal, platform: WINDOWS, platformName: WINDOWS, proxy: Proxy(), se:ieOptions: {browserAttachTimeout: 0, elementScrollBehavior: 0, enablePersistentHover: true, ie.browserCommandLineSwitches: , ie.ensureCleanSession: false, ie.fileUploadDialogTimeout: 3000, ie.forceCreateProcessApi: false, ignoreProtectedModeSettings: false, ignoreZoomSetting: false, initialBrowserUrl: http://localhost:2124/, nativeEvents: true, requireWindowFocus: false}, setWindowRect: true, timeouts: {implicit: 0, pageLoad: 300000, script: 30000}}
Session ID: 055d0f1f-16b1-4577-b4c8-1028878473d8
*** Element info: {Using=xpath, value=//div[@id='footer']//a[contains(text(),'Mobile Computing')]}
at sun.reflect.GeneratedConstructorAccessor25.newInstance(Unknown Source)
at sun.reflect.DelegatingConstructorAccessorImpl.newInstance(DelegatingConstructorAccessorImpl.java:45)
at java.lang.reflect.Constructor.newInstance(Constructor.java:423)
at org.openqa.selenium.remote.codec.w3c.W3CHttpResponseCodec.createException(W3CHttpResponseCodec.java:191)
at org.openqa.selenium.remote.codec.w3c.W3CHttpResponseCodec.decode(W3CHttpResponseCodec.java:125)
at org.openqa.selenium.remote.codec.w3c.W3CHttpResponseCodec.decode(W3CHttpResponseCodec.java:52)
at org.openqa.selenium.remote.HttpCommandExecutor.execute(HttpCommandExecutor.java:161)
at org.openqa.selenium.remote.service.DriverCommandExecutor.execute(DriverCommandExecutor.java:83)
at org.openqa.selenium.remote.RemoteWebDriver.execute(RemoteWebDriver.java:576)
at org.openqa.selenium.remote.RemoteWebDriver.findElement(RemoteWebDriver.java:327)
at org.openqa.selenium.remote.RemoteWebDriver.findElementByXPath(RemoteWebDriver.java:445)
at org.openqa.selenium.By$ByXPath.findElement(By.java:353)
at org.openqa.selenium.remote.RemoteWebDriver.findElement(RemoteWebDriver.java:319)
at com.atmecs.helper.CommonUtility.locatorsType(CommonUtility.java:49)
at com.atmecs.helper.CommonUtility$4.apply(CommonUtility.java:180)
at com.atmecs.helper.CommonUtility$4.apply(CommonUtility.java:1)
at org.openqa.selenium.support.ui.FluentWait.until(FluentWait.java:211)
at com.atmecs.helper.CommonUtility.getText(CommonUtility.java:177)
at com.atmecs.general.AtmecsHomePage.isFooterPresent(AtmecsHomePage.java:80)
at com.atmecs.testscript.AtmecsHomePageScript.validateInsightsFooter(AtmecsHomePageScript.java:82)
at sun.reflect.GeneratedMethodAccessor6.invoke(Unknown Source)
at sun.reflect.DelegatingMethodAccessorImpl.invoke(DelegatingMethodAccessorImpl.java:43)
at java.lang.reflect.Method.invoke(Method.java:498)
at org.testng.internal.MethodInvocationHelper.invokeMethod(MethodInvocationHelper.java:133)
at org.testng.internal.TestInvoker.invokeMethod(TestInvoker.java:584)
at org.testng.internal.TestInvoker.invokeTestMethod(TestInvoker.java:172)
at org.testng.internal.MethodRunner.runInSequence(MethodRunner.java:46)
at org.testng.internal.TestInvoker$MethodInvocationAgent.invoke(TestInvoker.java:804)
at org.testng.internal.TestInvoker.invokeTestMethods(TestInvoker.java:145)
at org.testng.internal.TestMethodWorker.invokeTestMethods(TestMethodWorker.java:146)
at org.testng.internal.TestMethodWorker.run(TestMethodWorker.java:128)
at java.util.ArrayList.forEach(ArrayList.java:1257)
at org.testng.TestRunner.privateRun(TestRunner.java:770)
at org.testng.TestRunner.run(TestRunner.java:591)
at org.testng.SuiteRunner.runTest(SuiteRunner.java:402)
at org.testng.SuiteRunner.runSequentially(SuiteRunner.java:396)
at org.testng.SuiteRunner.privateRun(SuiteRunner.java:355)
at org.testng.SuiteRunner.run(SuiteRunner.java:304)
at org.testng.SuiteRunnerWorker.runSuite(SuiteRunnerWorker.java:53)
at org.testng.SuiteRunnerWorker.run(SuiteRunnerWorker.java:96)
at org.testng.TestNG.runSuitesSequentially(TestNG.java:1180)
at org.testng.TestNG.runSuitesLocally(TestNG.java:1102)
at org.testng.TestNG.runSuites(TestNG.java:1032)
at org.testng.TestNG.run(TestNG.java:1000)
at org.testng.remote.AbstractRemoteTestNG.run(AbstractRemoteTestNG.java:115)
at org.testng.remote.RemoteTestNG.initAndRun(RemoteTestNG.java:251)
at org.testng.remote.RemoteTestNG.main(RemoteTestNG.java:77)
]]>
    </error>
  </testcase> <!-- validateInsightsFooter -->
  <testcase name="validateInsightsFooter" time="0.030" classname="com.atmecs.testscript.AtmecsHomePageScript">
    <error type="org.openqa.selenium.NoSuchWindowException" message="Currently focused window has been closed.
Build info: version: &#039;4.0.0-alpha-2&#039;, revision: &#039;f148142cf8&#039;, time: &#039;2019-07-01T20:55:26&#039;
System info: host: &#039;ATMECSINLT-283&#039;, ip: &#039;55.55.52.215&#039;, os.name: &#039;Windows 10&#039;, os.arch: &#039;amd64&#039;, os.version: &#039;10.0&#039;, java.version: &#039;1.8.0_221&#039;
Driver info: org.openqa.selenium.ie.InternetExplorerDriver
Capabilities {acceptInsecureCerts: false, browserName: internet explorer, browserVersion: 11, javascriptEnabled: true, pageLoadStrategy: normal, platform: WINDOWS, platformName: WINDOWS, proxy: Proxy(), se:ieOptions: {browserAttachTimeout: 0, elementScrollBehavior: 0, enablePersistentHover: true, ie.browserCommandLineSwitches: , ie.ensureCleanSession: false, ie.fileUploadDialogTimeout: 3000, ie.forceCreateProcessApi: false, ignoreProtectedModeSettings: false, ignoreZoomSetting: false, initialBrowserUrl: http://localhost:2124/, nativeEvents: true, requireWindowFocus: false}, setWindowRect: true, timeouts: {implicit: 0, pageLoad: 300000, script: 30000}}
Session ID: 055d0f1f-16b1-4577-b4c8-1028878473d8
*** Element info: {Using=xpath, value=//div[@id=&#039;footer&#039;]//a[contains(text(),&#039;Contact Us&#039;)]}">
      <![CDATA[org.openqa.selenium.NoSuchWindowException: Currently focused window has been closed.
Build info: version: '4.0.0-alpha-2', revision: 'f148142cf8', time: '2019-07-01T20:55:26'
System info: host: 'ATMECSINLT-283', ip: '55.55.52.215', os.name: 'Windows 10', os.arch: 'amd64', os.version: '10.0', java.version: '1.8.0_221'
Driver info: org.openqa.selenium.ie.InternetExplorerDriver
Capabilities {acceptInsecureCerts: false, browserName: internet explorer, browserVersion: 11, javascriptEnabled: true, pageLoadStrategy: normal, platform: WINDOWS, platformName: WINDOWS, proxy: Proxy(), se:ieOptions: {browserAttachTimeout: 0, elementScrollBehavior: 0, enablePersistentHover: true, ie.browserCommandLineSwitches: , ie.ensureCleanSession: false, ie.fileUploadDialogTimeout: 3000, ie.forceCreateProcessApi: false, ignoreProtectedModeSettings: false, ignoreZoomSetting: false, initialBrowserUrl: http://localhost:2124/, nativeEvents: true, requireWindowFocus: false}, setWindowRect: true, timeouts: {implicit: 0, pageLoad: 300000, script: 30000}}
Session ID: 055d0f1f-16b1-4577-b4c8-1028878473d8
*** Element info: {Using=xpath, value=//div[@id='footer']//a[contains(text(),'Contact Us')]}
at sun.reflect.GeneratedConstructorAccessor25.newInstance(Unknown Source)
at sun.reflect.DelegatingConstructorAccessorImpl.newInstance(DelegatingConstructorAccessorImpl.java:45)
at java.lang.reflect.Constructor.newInstance(Constructor.java:423)
at org.openqa.selenium.remote.codec.w3c.W3CHttpResponseCodec.createException(W3CHttpResponseCodec.java:191)
at org.openqa.selenium.remote.codec.w3c.W3CHttpResponseCodec.decode(W3CHttpResponseCodec.java:125)
at org.openqa.selenium.remote.codec.w3c.W3CHttpResponseCodec.decode(W3CHttpResponseCodec.java:52)
at org.openqa.selenium.remote.HttpCommandExecutor.execute(HttpCommandExecutor.java:161)
at org.openqa.selenium.remote.service.DriverCommandExecutor.execute(DriverCommandExecutor.java:83)
at org.openqa.selenium.remote.RemoteWebDriver.execute(RemoteWebDriver.java:576)
at org.openqa.selenium.remote.RemoteWebDriver.findElement(RemoteWebDriver.java:327)
at org.openqa.selenium.remote.RemoteWebDriver.findElementByXPath(RemoteWebDriver.java:445)
at org.openqa.selenium.By$ByXPath.findElement(By.java:353)
at org.openqa.selenium.remote.RemoteWebDriver.findElement(RemoteWebDriver.java:319)
at com.atmecs.helper.CommonUtility.locatorsType(CommonUtility.java:49)
at com.atmecs.helper.CommonUtility$4.apply(CommonUtility.java:180)
at com.atmecs.helper.CommonUtility$4.apply(CommonUtility.java:1)
at org.openqa.selenium.support.ui.FluentWait.until(FluentWait.java:211)
at com.atmecs.helper.CommonUtility.getText(CommonUtility.java:177)
at com.atmecs.general.AtmecsHomePage.isFooterPresent(AtmecsHomePage.java:80)
at com.atmecs.testscript.AtmecsHomePageScript.validateInsightsFooter(AtmecsHomePageScript.java:82)
at sun.reflect.NativeMethodAccessorImpl.invoke0(Native Method)
at sun.reflect.NativeMethodAccessorImpl.invoke(NativeMethodAccessorImpl.java:62)
at sun.reflect.DelegatingMethodAccessorImpl.invoke(DelegatingMethodAccessorImpl.java:43)
at java.lang.reflect.Method.invoke(Method.java:498)
at org.testng.internal.MethodInvocationHelper.invokeMethod(MethodInvocationHelper.java:133)
at org.testng.internal.TestInvoker.invokeMethod(TestInvoker.java:584)
at org.testng.internal.TestInvoker.invokeTestMethod(TestInvoker.java:172)
at org.testng.internal.MethodRunner.runInSequence(MethodRunner.java:46)
at org.testng.internal.TestInvoker$MethodInvocationAgent.invoke(TestInvoker.java:804)
at org.testng.internal.TestInvoker.invokeTestMethods(TestInvoker.java:145)
at org.testng.internal.TestMethodWorker.invokeTestMethods(TestMethodWorker.java:146)
at org.testng.internal.TestMethodWorker.run(TestMethodWorker.java:128)
at java.util.ArrayList.forEach(ArrayList.java:1257)
at org.testng.TestRunner.privateRun(TestRunner.java:770)
at org.testng.TestRunner.run(TestRunner.java:591)
at org.testng.SuiteRunner.runTest(SuiteRunner.java:402)
at org.testng.SuiteRunner.runSequentially(SuiteRunner.java:396)
at org.testng.SuiteRunner.privateRun(SuiteRunner.java:355)
at org.testng.SuiteRunner.run(SuiteRunner.java:304)
at org.testng.SuiteRunnerWorker.runSuite(SuiteRunnerWorker.java:53)
at org.testng.SuiteRunnerWorker.run(SuiteRunnerWorker.java:96)
at org.testng.TestNG.runSuitesSequentially(TestNG.java:1180)
at org.testng.TestNG.runSuitesLocally(TestNG.java:1102)
at org.testng.TestNG.runSuites(TestNG.java:1032)
at org.testng.TestNG.run(TestNG.java:1000)
at org.testng.remote.AbstractRemoteTestNG.run(AbstractRemoteTestNG.java:115)
at org.testng.remote.RemoteTestNG.initAndRun(RemoteTestNG.java:251)
at org.testng.remote.RemoteTestNG.main(RemoteTestNG.java:77)
]]>
    </error>
  </testcase> <!-- validateInsightsFooter -->
  <testcase name="validateInsightsFooter" time="0.030" classname="com.atmecs.testscript.AtmecsHomePageScript">
    <error type="org.openqa.selenium.NoSuchWindowException" message="Currently focused window has been closed.
Build info: version: &#039;4.0.0-alpha-2&#039;, revision: &#039;f148142cf8&#039;, time: &#039;2019-07-01T20:55:26&#039;
System info: host: &#039;ATMECSINLT-283&#039;, ip: &#039;55.55.52.215&#039;, os.name: &#039;Windows 10&#039;, os.arch: &#039;amd64&#039;, os.version: &#039;10.0&#039;, java.version: &#039;1.8.0_221&#039;
Driver info: org.openqa.selenium.ie.InternetExplorerDriver
Capabilities {acceptInsecureCerts: false, browserName: internet explorer, browserVersion: 11, javascriptEnabled: true, pageLoadStrategy: normal, platform: WINDOWS, platformName: WINDOWS, proxy: Proxy(), se:ieOptions: {browserAttachTimeout: 0, elementScrollBehavior: 0, enablePersistentHover: true, ie.browserCommandLineSwitches: , ie.ensureCleanSession: false, ie.fileUploadDialogTimeout: 3000, ie.forceCreateProcessApi: false, ignoreProtectedModeSettings: false, ignoreZoomSetting: false, initialBrowserUrl: http://localhost:2124/, nativeEvents: true, requireWindowFocus: false}, setWindowRect: true, timeouts: {implicit: 0, pageLoad: 300000, script: 30000}}
Session ID: 055d0f1f-16b1-4577-b4c8-1028878473d8
*** Element info: {Using=xpath, value=//div[@id=&#039;footer&#039;]//a[contains(text(),&#039;Careers&#039;)]}">
      <![CDATA[org.openqa.selenium.NoSuchWindowException: Currently focused window has been closed.
Build info: version: '4.0.0-alpha-2', revision: 'f148142cf8', time: '2019-07-01T20:55:26'
System info: host: 'ATMECSINLT-283', ip: '55.55.52.215', os.name: 'Windows 10', os.arch: 'amd64', os.version: '10.0', java.version: '1.8.0_221'
Driver info: org.openqa.selenium.ie.InternetExplorerDriver
Capabilities {acceptInsecureCerts: false, browserName: internet explorer, browserVersion: 11, javascriptEnabled: true, pageLoadStrategy: normal, platform: WINDOWS, platformName: WINDOWS, proxy: Proxy(), se:ieOptions: {browserAttachTimeout: 0, elementScrollBehavior: 0, enablePersistentHover: true, ie.browserCommandLineSwitches: , ie.ensureCleanSession: false, ie.fileUploadDialogTimeout: 3000, ie.forceCreateProcessApi: false, ignoreProtectedModeSettings: false, ignoreZoomSetting: false, initialBrowserUrl: http://localhost:2124/, nativeEvents: true, requireWindowFocus: false}, setWindowRect: true, timeouts: {implicit: 0, pageLoad: 300000, script: 30000}}
Session ID: 055d0f1f-16b1-4577-b4c8-1028878473d8
*** Element info: {Using=xpath, value=//div[@id='footer']//a[contains(text(),'Careers')]}
at sun.reflect.GeneratedConstructorAccessor25.newInstance(Unknown Source)
at sun.reflect.DelegatingConstructorAccessorImpl.newInstance(DelegatingConstructorAccessorImpl.java:45)
at java.lang.reflect.Constructor.newInstance(Constructor.java:423)
at org.openqa.selenium.remote.codec.w3c.W3CHttpResponseCodec.createException(W3CHttpResponseCodec.java:191)
at org.openqa.selenium.remote.codec.w3c.W3CHttpResponseCodec.decode(W3CHttpResponseCodec.java:125)
at org.openqa.selenium.remote.codec.w3c.W3CHttpResponseCodec.decode(W3CHttpResponseCodec.java:52)
at org.openqa.selenium.remote.HttpCommandExecutor.execute(HttpCommandExecutor.java:161)
at org.openqa.selenium.remote.service.DriverCommandExecutor.execute(DriverCommandExecutor.java:83)
at org.openqa.selenium.remote.RemoteWebDriver.execute(RemoteWebDriver.java:576)
at org.openqa.selenium.remote.RemoteWebDriver.findElement(RemoteWebDriver.java:327)
at org.openqa.selenium.remote.RemoteWebDriver.findElementByXPath(RemoteWebDriver.java:445)
at org.openqa.selenium.By$ByXPath.findElement(By.java:353)
at org.openqa.selenium.remote.RemoteWebDriver.findElement(RemoteWebDriver.java:319)
at com.atmecs.helper.CommonUtility.locatorsType(CommonUtility.java:49)
at com.atmecs.helper.CommonUtility$4.apply(CommonUtility.java:180)
at com.atmecs.helper.CommonUtility$4.apply(CommonUtility.java:1)
at org.openqa.selenium.support.ui.FluentWait.until(FluentWait.java:211)
at com.atmecs.helper.CommonUtility.getText(CommonUtility.java:177)
at com.atmecs.general.AtmecsHomePage.isFooterPresent(AtmecsHomePage.java:80)
at com.atmecs.testscript.AtmecsHomePageScript.validateInsightsFooter(AtmecsHomePageScript.java:82)
at sun.reflect.NativeMethodAccessorImpl.invoke0(Native Method)
at sun.reflect.NativeMethodAccessorImpl.invoke(NativeMethodAccessorImpl.java:62)
at sun.reflect.DelegatingMethodAccessorImpl.invoke(DelegatingMethodAccessorImpl.java:43)
at java.lang.reflect.Method.invoke(Method.java:498)
at org.testng.internal.MethodInvocationHelper.invokeMethod(MethodInvocationHelper.java:133)
at org.testng.internal.TestInvoker.invokeMethod(TestInvoker.java:584)
at org.testng.internal.TestInvoker.invokeTestMethod(TestInvoker.java:172)
at org.testng.internal.MethodRunner.runInSequence(MethodRunner.java:46)
at org.testng.internal.TestInvoker$MethodInvocationAgent.invoke(TestInvoker.java:804)
at org.testng.internal.TestInvoker.invokeTestMethods(TestInvoker.java:145)
at org.testng.internal.TestMethodWorker.invokeTestMethods(TestMethodWorker.java:146)
at org.testng.internal.TestMethodWorker.run(TestMethodWorker.java:128)
at java.util.ArrayList.forEach(ArrayList.java:1257)
at org.testng.TestRunner.privateRun(TestRunner.java:770)
at org.testng.TestRunner.run(TestRunner.java:591)
at org.testng.SuiteRunner.runTest(SuiteRunner.java:402)
at org.testng.SuiteRunner.runSequentially(SuiteRunner.java:396)
at org.testng.SuiteRunner.privateRun(SuiteRunner.java:355)
at org.testng.SuiteRunner.run(SuiteRunner.java:304)
at org.testng.SuiteRunnerWorker.runSuite(SuiteRunnerWorker.java:53)
at org.testng.SuiteRunnerWorker.run(SuiteRunnerWorker.java:96)
at org.testng.TestNG.runSuitesSequentially(TestNG.java:1180)
at org.testng.TestNG.runSuitesLocally(TestNG.java:1102)
at org.testng.TestNG.runSuites(TestNG.java:1032)
at org.testng.TestNG.run(TestNG.java:1000)
at org.testng.remote.AbstractRemoteTestNG.run(AbstractRemoteTestNG.java:115)
at org.testng.remote.RemoteTestNG.initAndRun(RemoteTestNG.java:251)
at org.testng.remote.RemoteTestNG.main(RemoteTestNG.java:77)
]]>
    </error>
  </testcase> <!-- validateInsightsFooter -->
  <testcase name="validateInsightsFooter" time="0.022" classname="com.atmecs.testscript.AtmecsHomePageScript">
    <error type="org.openqa.selenium.NoSuchWindowException" message="Currently focused window has been closed.
Build info: version: &#039;4.0.0-alpha-2&#039;, revision: &#039;f148142cf8&#039;, time: &#039;2019-07-01T20:55:26&#039;
System info: host: &#039;ATMECSINLT-283&#039;, ip: &#039;55.55.52.215&#039;, os.name: &#039;Windows 10&#039;, os.arch: &#039;amd64&#039;, os.version: &#039;10.0&#039;, java.version: &#039;1.8.0_221&#039;
Driver info: org.openqa.selenium.ie.InternetExplorerDriver
Capabilities {acceptInsecureCerts: false, browserName: internet explorer, browserVersion: 11, javascriptEnabled: true, pageLoadStrategy: normal, platform: WINDOWS, platformName: WINDOWS, proxy: Proxy(), se:ieOptions: {browserAttachTimeout: 0, elementScrollBehavior: 0, enablePersistentHover: true, ie.browserCommandLineSwitches: , ie.ensureCleanSession: false, ie.fileUploadDialogTimeout: 3000, ie.forceCreateProcessApi: false, ignoreProtectedModeSettings: false, ignoreZoomSetting: false, initialBrowserUrl: http://localhost:2124/, nativeEvents: true, requireWindowFocus: false}, setWindowRect: true, timeouts: {implicit: 0, pageLoad: 300000, script: 30000}}
Session ID: 055d0f1f-16b1-4577-b4c8-1028878473d8
*** Element info: {Using=xpath, value=//div[@id=&#039;footer&#039;]//a[contains(text(),&#039;Augmented Reality / Virtual Reality&#039;)]}">
      <![CDATA[org.openqa.selenium.NoSuchWindowException: Currently focused window has been closed.
Build info: version: '4.0.0-alpha-2', revision: 'f148142cf8', time: '2019-07-01T20:55:26'
System info: host: 'ATMECSINLT-283', ip: '55.55.52.215', os.name: 'Windows 10', os.arch: 'amd64', os.version: '10.0', java.version: '1.8.0_221'
Driver info: org.openqa.selenium.ie.InternetExplorerDriver
Capabilities {acceptInsecureCerts: false, browserName: internet explorer, browserVersion: 11, javascriptEnabled: true, pageLoadStrategy: normal, platform: WINDOWS, platformName: WINDOWS, proxy: Proxy(), se:ieOptions: {browserAttachTimeout: 0, elementScrollBehavior: 0, enablePersistentHover: true, ie.browserCommandLineSwitches: , ie.ensureCleanSession: false, ie.fileUploadDialogTimeout: 3000, ie.forceCreateProcessApi: false, ignoreProtectedModeSettings: false, ignoreZoomSetting: false, initialBrowserUrl: http://localhost:2124/, nativeEvents: true, requireWindowFocus: false}, setWindowRect: true, timeouts: {implicit: 0, pageLoad: 300000, script: 30000}}
Session ID: 055d0f1f-16b1-4577-b4c8-1028878473d8
*** Element info: {Using=xpath, value=//div[@id='footer']//a[contains(text(),'Augmented Reality / Virtual Reality')]}
at sun.reflect.GeneratedConstructorAccessor25.newInstance(Unknown Source)
at sun.reflect.DelegatingConstructorAccessorImpl.newInstance(DelegatingConstructorAccessorImpl.java:45)
at java.lang.reflect.Constructor.newInstance(Constructor.java:423)
at org.openqa.selenium.remote.codec.w3c.W3CHttpResponseCodec.createException(W3CHttpResponseCodec.java:191)
at org.openqa.selenium.remote.codec.w3c.W3CHttpResponseCodec.decode(W3CHttpResponseCodec.java:125)
at org.openqa.selenium.remote.codec.w3c.W3CHttpResponseCodec.decode(W3CHttpResponseCodec.java:52)
at org.openqa.selenium.remote.HttpCommandExecutor.execute(HttpCommandExecutor.java:161)
at org.openqa.selenium.remote.service.DriverCommandExecutor.execute(DriverCommandExecutor.java:83)
at org.openqa.selenium.remote.RemoteWebDriver.execute(RemoteWebDriver.java:576)
at org.openqa.selenium.remote.RemoteWebDriver.findElement(RemoteWebDriver.java:327)
at org.openqa.selenium.remote.RemoteWebDriver.findElementByXPath(RemoteWebDriver.java:445)
at org.openqa.selenium.By$ByXPath.findElement(By.java:353)
at org.openqa.selenium.remote.RemoteWebDriver.findElement(RemoteWebDriver.java:319)
at com.atmecs.helper.CommonUtility.locatorsType(CommonUtility.java:49)
at com.atmecs.helper.CommonUtility$4.apply(CommonUtility.java:180)
at com.atmecs.helper.CommonUtility$4.apply(CommonUtility.java:1)
at org.openqa.selenium.support.ui.FluentWait.until(FluentWait.java:211)
at com.atmecs.helper.CommonUtility.getText(CommonUtility.java:177)
at com.atmecs.general.AtmecsHomePage.isFooterPresent(AtmecsHomePage.java:80)
at com.atmecs.testscript.AtmecsHomePageScript.validateInsightsFooter(AtmecsHomePageScript.java:82)
at sun.reflect.GeneratedMethodAccessor6.invoke(Unknown Source)
at sun.reflect.DelegatingMethodAccessorImpl.invoke(DelegatingMethodAccessorImpl.java:43)
at java.lang.reflect.Method.invoke(Method.java:498)
at org.testng.internal.MethodInvocationHelper.invokeMethod(MethodInvocationHelper.java:133)
at org.testng.internal.TestInvoker.invokeMethod(TestInvoker.java:584)
at org.testng.internal.TestInvoker.invokeTestMethod(TestInvoker.java:172)
at org.testng.internal.MethodRunner.runInSequence(MethodRunner.java:46)
at org.testng.internal.TestInvoker$MethodInvocationAgent.invoke(TestInvoker.java:804)
at org.testng.internal.TestInvoker.invokeTestMethods(TestInvoker.java:145)
at org.testng.internal.TestMethodWorker.invokeTestMethods(TestMethodWorker.java:146)
at org.testng.internal.TestMethodWorker.run(TestMethodWorker.java:128)
at java.util.ArrayList.forEach(ArrayList.java:1257)
at org.testng.TestRunner.privateRun(TestRunner.java:770)
at org.testng.TestRunner.run(TestRunner.java:591)
at org.testng.SuiteRunner.runTest(SuiteRunner.java:402)
at org.testng.SuiteRunner.runSequentially(SuiteRunner.java:396)
at org.testng.SuiteRunner.privateRun(SuiteRunner.java:355)
at org.testng.SuiteRunner.run(SuiteRunner.java:304)
at org.testng.SuiteRunnerWorker.runSuite(SuiteRunnerWorker.java:53)
at org.testng.SuiteRunnerWorker.run(SuiteRunnerWorker.java:96)
at org.testng.TestNG.runSuitesSequentially(TestNG.java:1180)
at org.testng.TestNG.runSuitesLocally(TestNG.java:1102)
at org.testng.TestNG.runSuites(TestNG.java:1032)
at org.testng.TestNG.run(TestNG.java:1000)
at org.testng.remote.AbstractRemoteTestNG.run(AbstractRemoteTestNG.java:115)
at org.testng.remote.RemoteTestNG.initAndRun(RemoteTestNG.java:251)
at org.testng.remote.RemoteTestNG.main(RemoteTestNG.java:77)
]]>
    </error>
  </testcase> <!-- validateInsightsFooter -->
  <testcase name="validateInsightsFooter" time="0.037" classname="com.atmecs.testscript.AtmecsHomePageScript">
    <error type="org.openqa.selenium.NoSuchWindowException" message="Currently focused window has been closed.
Build info: version: &#039;4.0.0-alpha-2&#039;, revision: &#039;f148142cf8&#039;, time: &#039;2019-07-01T20:55:26&#039;
System info: host: &#039;ATMECSINLT-283&#039;, ip: &#039;55.55.52.215&#039;, os.name: &#039;Windows 10&#039;, os.arch: &#039;amd64&#039;, os.version: &#039;10.0&#039;, java.version: &#039;1.8.0_221&#039;
Driver info: org.openqa.selenium.ie.InternetExplorerDriver
Capabilities {acceptInsecureCerts: false, browserName: internet explorer, browserVersion: 11, javascriptEnabled: true, pageLoadStrategy: normal, platform: WINDOWS, platformName: WINDOWS, proxy: Proxy(), se:ieOptions: {browserAttachTimeout: 0, elementScrollBehavior: 0, enablePersistentHover: true, ie.browserCommandLineSwitches: , ie.ensureCleanSession: false, ie.fileUploadDialogTimeout: 3000, ie.forceCreateProcessApi: false, ignoreProtectedModeSettings: false, ignoreZoomSetting: false, initialBrowserUrl: http://localhost:2124/, nativeEvents: true, requireWindowFocus: false}, setWindowRect: true, timeouts: {implicit: 0, pageLoad: 300000, script: 30000}}
Session ID: 055d0f1f-16b1-4577-b4c8-1028878473d8
*** Element info: {Using=xpath, value=//div[@id=&#039;footer&#039;]//a[contains(text(),&#039;Home&#039;)]}">
      <![CDATA[org.openqa.selenium.NoSuchWindowException: Currently focused window has been closed.
Build info: version: '4.0.0-alpha-2', revision: 'f148142cf8', time: '2019-07-01T20:55:26'
System info: host: 'ATMECSINLT-283', ip: '55.55.52.215', os.name: 'Windows 10', os.arch: 'amd64', os.version: '10.0', java.version: '1.8.0_221'
Driver info: org.openqa.selenium.ie.InternetExplorerDriver
Capabilities {acceptInsecureCerts: false, browserName: internet explorer, browserVersion: 11, javascriptEnabled: true, pageLoadStrategy: normal, platform: WINDOWS, platformName: WINDOWS, proxy: Proxy(), se:ieOptions: {browserAttachTimeout: 0, elementScrollBehavior: 0, enablePersistentHover: true, ie.browserCommandLineSwitches: , ie.ensureCleanSession: false, ie.fileUploadDialogTimeout: 3000, ie.forceCreateProcessApi: false, ignoreProtectedModeSettings: false, ignoreZoomSetting: false, initialBrowserUrl: http://localhost:2124/, nativeEvents: true, requireWindowFocus: false}, setWindowRect: true, timeouts: {implicit: 0, pageLoad: 300000, script: 30000}}
Session ID: 055d0f1f-16b1-4577-b4c8-1028878473d8
*** Element info: {Using=xpath, value=//div[@id='footer']//a[contains(text(),'Home')]}
at sun.reflect.GeneratedConstructorAccessor25.newInstance(Unknown Source)
at sun.reflect.DelegatingConstructorAccessorImpl.newInstance(DelegatingConstructorAccessorImpl.java:45)
at java.lang.reflect.Constructor.newInstance(Constructor.java:423)
at org.openqa.selenium.remote.codec.w3c.W3CHttpResponseCodec.createException(W3CHttpResponseCodec.java:191)
at org.openqa.selenium.remote.codec.w3c.W3CHttpResponseCodec.decode(W3CHttpResponseCodec.java:125)
at org.openqa.selenium.remote.codec.w3c.W3CHttpResponseCodec.decode(W3CHttpResponseCodec.java:52)
at org.openqa.selenium.remote.HttpCommandExecutor.execute(HttpCommandExecutor.java:161)
at org.openqa.selenium.remote.service.DriverCommandExecutor.execute(DriverCommandExecutor.java:83)
at org.openqa.selenium.remote.RemoteWebDriver.execute(RemoteWebDriver.java:576)
at org.openqa.selenium.remote.RemoteWebDriver.findElement(RemoteWebDriver.java:327)
at org.openqa.selenium.remote.RemoteWebDriver.findElementByXPath(RemoteWebDriver.java:445)
at org.openqa.selenium.By$ByXPath.findElement(By.java:353)
at org.openqa.selenium.remote.RemoteWebDriver.findElement(RemoteWebDriver.java:319)
at com.atmecs.helper.CommonUtility.locatorsType(CommonUtility.java:49)
at com.atmecs.helper.CommonUtility$4.apply(CommonUtility.java:180)
at com.atmecs.helper.CommonUtility$4.apply(CommonUtility.java:1)
at org.openqa.selenium.support.ui.FluentWait.until(FluentWait.java:211)
at com.atmecs.helper.CommonUtility.getText(CommonUtility.java:177)
at com.atmecs.general.AtmecsHomePage.isFooterPresent(AtmecsHomePage.java:80)
at com.atmecs.testscript.AtmecsHomePageScript.validateInsightsFooter(AtmecsHomePageScript.java:82)
at sun.reflect.NativeMethodAccessorImpl.invoke0(Native Method)
at sun.reflect.NativeMethodAccessorImpl.invoke(NativeMethodAccessorImpl.java:62)
at sun.reflect.DelegatingMethodAccessorImpl.invoke(DelegatingMethodAccessorImpl.java:43)
at java.lang.reflect.Method.invoke(Method.java:498)
at org.testng.internal.MethodInvocationHelper.invokeMethod(MethodInvocationHelper.java:133)
at org.testng.internal.TestInvoker.invokeMethod(TestInvoker.java:584)
at org.testng.internal.TestInvoker.invokeTestMethod(TestInvoker.java:172)
at org.testng.internal.MethodRunner.runInSequence(MethodRunner.java:46)
at org.testng.internal.TestInvoker$MethodInvocationAgent.invoke(TestInvoker.java:804)
at org.testng.internal.TestInvoker.invokeTestMethods(TestInvoker.java:145)
at org.testng.internal.TestMethodWorker.invokeTestMethods(TestMethodWorker.java:146)
at org.testng.internal.TestMethodWorker.run(TestMethodWorker.java:128)
at java.util.ArrayList.forEach(ArrayList.java:1257)
at org.testng.TestRunner.privateRun(TestRunner.java:770)
at org.testng.TestRunner.run(TestRunner.java:591)
at org.testng.SuiteRunner.runTest(SuiteRunner.java:402)
at org.testng.SuiteRunner.runSequentially(SuiteRunner.java:396)
at org.testng.SuiteRunner.privateRun(SuiteRunner.java:355)
at org.testng.SuiteRunner.run(SuiteRunner.java:304)
at org.testng.SuiteRunnerWorker.runSuite(SuiteRunnerWorker.java:53)
at org.testng.SuiteRunnerWorker.run(SuiteRunnerWorker.java:96)
at org.testng.TestNG.runSuitesSequentially(TestNG.java:1180)
at org.testng.TestNG.runSuitesLocally(TestNG.java:1102)
at org.testng.TestNG.runSuites(TestNG.java:1032)
at org.testng.TestNG.run(TestNG.java:1000)
at org.testng.remote.AbstractRemoteTestNG.run(AbstractRemoteTestNG.java:115)
at org.testng.remote.RemoteTestNG.initAndRun(RemoteTestNG.java:251)
at org.testng.remote.RemoteTestNG.main(RemoteTestNG.java:77)
]]>
    </error>
  </testcase> <!-- validateInsightsFooter -->
  <testcase name="validateInsightsFooter" time="0.035" classname="com.atmecs.testscript.AtmecsHomePageScript">
    <error type="org.openqa.selenium.NoSuchWindowException" message="Currently focused window has been closed.
Build info: version: &#039;4.0.0-alpha-2&#039;, revision: &#039;f148142cf8&#039;, time: &#039;2019-07-01T20:55:26&#039;
System info: host: &#039;ATMECSINLT-283&#039;, ip: &#039;55.55.52.215&#039;, os.name: &#039;Windows 10&#039;, os.arch: &#039;amd64&#039;, os.version: &#039;10.0&#039;, java.version: &#039;1.8.0_221&#039;
Driver info: org.openqa.selenium.ie.InternetExplorerDriver
Capabilities {acceptInsecureCerts: false, browserName: internet explorer, browserVersion: 11, javascriptEnabled: true, pageLoadStrategy: normal, platform: WINDOWS, platformName: WINDOWS, proxy: Proxy(), se:ieOptions: {browserAttachTimeout: 0, elementScrollBehavior: 0, enablePersistentHover: true, ie.browserCommandLineSwitches: , ie.ensureCleanSession: false, ie.fileUploadDialogTimeout: 3000, ie.forceCreateProcessApi: false, ignoreProtectedModeSettings: false, ignoreZoomSetting: false, initialBrowserUrl: http://localhost:2124/, nativeEvents: true, requireWindowFocus: false}, setWindowRect: true, timeouts: {implicit: 0, pageLoad: 300000, script: 30000}}
Session ID: 055d0f1f-16b1-4577-b4c8-1028878473d8
*** Element info: {Using=xpath, value=//div[@id=&#039;footer&#039;]//a[contains(text(),&#039;Case Studies old&#039;)]}">
      <![CDATA[org.openqa.selenium.NoSuchWindowException: Currently focused window has been closed.
Build info: version: '4.0.0-alpha-2', revision: 'f148142cf8', time: '2019-07-01T20:55:26'
System info: host: 'ATMECSINLT-283', ip: '55.55.52.215', os.name: 'Windows 10', os.arch: 'amd64', os.version: '10.0', java.version: '1.8.0_221'
Driver info: org.openqa.selenium.ie.InternetExplorerDriver
Capabilities {acceptInsecureCerts: false, browserName: internet explorer, browserVersion: 11, javascriptEnabled: true, pageLoadStrategy: normal, platform: WINDOWS, platformName: WINDOWS, proxy: Proxy(), se:ieOptions: {browserAttachTimeout: 0, elementScrollBehavior: 0, enablePersistentHover: true, ie.browserCommandLineSwitches: , ie.ensureCleanSession: false, ie.fileUploadDialogTimeout: 3000, ie.forceCreateProcessApi: false, ignoreProtectedModeSettings: false, ignoreZoomSetting: false, initialBrowserUrl: http://localhost:2124/, nativeEvents: true, requireWindowFocus: false}, setWindowRect: true, timeouts: {implicit: 0, pageLoad: 300000, script: 30000}}
Session ID: 055d0f1f-16b1-4577-b4c8-1028878473d8
*** Element info: {Using=xpath, value=//div[@id='footer']//a[contains(text(),'Case Studies old')]}
at sun.reflect.GeneratedConstructorAccessor25.newInstance(Unknown Source)
at sun.reflect.DelegatingConstructorAccessorImpl.newInstance(DelegatingConstructorAccessorImpl.java:45)
at java.lang.reflect.Constructor.newInstance(Constructor.java:423)
at org.openqa.selenium.remote.codec.w3c.W3CHttpResponseCodec.createException(W3CHttpResponseCodec.java:191)
at org.openqa.selenium.remote.codec.w3c.W3CHttpResponseCodec.decode(W3CHttpResponseCodec.java:125)
at org.openqa.selenium.remote.codec.w3c.W3CHttpResponseCodec.decode(W3CHttpResponseCodec.java:52)
at org.openqa.selenium.remote.HttpCommandExecutor.execute(HttpCommandExecutor.java:161)
at org.openqa.selenium.remote.service.DriverCommandExecutor.execute(DriverCommandExecutor.java:83)
at org.openqa.selenium.remote.RemoteWebDriver.execute(RemoteWebDriver.java:576)
at org.openqa.selenium.remote.RemoteWebDriver.findElement(RemoteWebDriver.java:327)
at org.openqa.selenium.remote.RemoteWebDriver.findElementByXPath(RemoteWebDriver.java:445)
at org.openqa.selenium.By$ByXPath.findElement(By.java:353)
at org.openqa.selenium.remote.RemoteWebDriver.findElement(RemoteWebDriver.java:319)
at com.atmecs.helper.CommonUtility.locatorsType(CommonUtility.java:49)
at com.atmecs.helper.CommonUtility$4.apply(CommonUtility.java:180)
at com.atmecs.helper.CommonUtility$4.apply(CommonUtility.java:1)
at org.openqa.selenium.support.ui.FluentWait.until(FluentWait.java:211)
at com.atmecs.helper.CommonUtility.getText(CommonUtility.java:177)
at com.atmecs.general.AtmecsHomePage.isFooterPresent(AtmecsHomePage.java:80)
at com.atmecs.testscript.AtmecsHomePageScript.validateInsightsFooter(AtmecsHomePageScript.java:82)
at sun.reflect.NativeMethodAccessorImpl.invoke0(Native Method)
at sun.reflect.NativeMethodAccessorImpl.invoke(NativeMethodAccessorImpl.java:62)
at sun.reflect.DelegatingMethodAccessorImpl.invoke(DelegatingMethodAccessorImpl.java:43)
at java.lang.reflect.Method.invoke(Method.java:498)
at org.testng.internal.MethodInvocationHelper.invokeMethod(MethodInvocationHelper.java:133)
at org.testng.internal.TestInvoker.invokeMethod(TestInvoker.java:584)
at org.testng.internal.TestInvoker.invokeTestMethod(TestInvoker.java:172)
at org.testng.internal.MethodRunner.runInSequence(MethodRunner.java:46)
at org.testng.internal.TestInvoker$MethodInvocationAgent.invoke(TestInvoker.java:804)
at org.testng.internal.TestInvoker.invokeTestMethods(TestInvoker.java:145)
at org.testng.internal.TestMethodWorker.invokeTestMethods(TestMethodWorker.java:146)
at org.testng.internal.TestMethodWorker.run(TestMethodWorker.java:128)
at java.util.ArrayList.forEach(ArrayList.java:1257)
at org.testng.TestRunner.privateRun(TestRunner.java:770)
at org.testng.TestRunner.run(TestRunner.java:591)
at org.testng.SuiteRunner.runTest(SuiteRunner.java:402)
at org.testng.SuiteRunner.runSequentially(SuiteRunner.java:396)
at org.testng.SuiteRunner.privateRun(SuiteRunner.java:355)
at org.testng.SuiteRunner.run(SuiteRunner.java:304)
at org.testng.SuiteRunnerWorker.runSuite(SuiteRunnerWorker.java:53)
at org.testng.SuiteRunnerWorker.run(SuiteRunnerWorker.java:96)
at org.testng.TestNG.runSuitesSequentially(TestNG.java:1180)
at org.testng.TestNG.runSuitesLocally(TestNG.java:1102)
at org.testng.TestNG.runSuites(TestNG.java:1032)
at org.testng.TestNG.run(TestNG.java:1000)
at org.testng.remote.AbstractRemoteTestNG.run(AbstractRemoteTestNG.java:115)
at org.testng.remote.RemoteTestNG.initAndRun(RemoteTestNG.java:251)
at org.testng.remote.RemoteTestNG.main(RemoteTestNG.java:77)
]]>
    </error>
  </testcase> <!-- validateInsightsFooter -->
  <testcase name="validateInsightsFooter" time="0.035" classname="com.atmecs.testscript.AtmecsHomePageScript">
    <error type="org.openqa.selenium.NoSuchWindowException" message="Currently focused window has been closed.
Build info: version: &#039;4.0.0-alpha-2&#039;, revision: &#039;f148142cf8&#039;, time: &#039;2019-07-01T20:55:26&#039;
System info: host: &#039;ATMECSINLT-283&#039;, ip: &#039;55.55.52.215&#039;, os.name: &#039;Windows 10&#039;, os.arch: &#039;amd64&#039;, os.version: &#039;10.0&#039;, java.version: &#039;1.8.0_221&#039;
Driver info: org.openqa.selenium.ie.InternetExplorerDriver
Capabilities {acceptInsecureCerts: false, browserName: internet explorer, browserVersion: 11, javascriptEnabled: true, pageLoadStrategy: normal, platform: WINDOWS, platformName: WINDOWS, proxy: Proxy(), se:ieOptions: {browserAttachTimeout: 0, elementScrollBehavior: 0, enablePersistentHover: true, ie.browserCommandLineSwitches: , ie.ensureCleanSession: false, ie.fileUploadDialogTimeout: 3000, ie.forceCreateProcessApi: false, ignoreProtectedModeSettings: false, ignoreZoomSetting: false, initialBrowserUrl: http://localhost:2124/, nativeEvents: true, requireWindowFocus: false}, setWindowRect: true, timeouts: {implicit: 0, pageLoad: 300000, script: 30000}}
Session ID: 055d0f1f-16b1-4577-b4c8-1028878473d8
*** Element info: {Using=xpath, value=//div[@id=&#039;footer&#039;]//a[contains(text(),&#039;Automation Engineer&#039;)]}">
      <![CDATA[org.openqa.selenium.NoSuchWindowException: Currently focused window has been closed.
Build info: version: '4.0.0-alpha-2', revision: 'f148142cf8', time: '2019-07-01T20:55:26'
System info: host: 'ATMECSINLT-283', ip: '55.55.52.215', os.name: 'Windows 10', os.arch: 'amd64', os.version: '10.0', java.version: '1.8.0_221'
Driver info: org.openqa.selenium.ie.InternetExplorerDriver
Capabilities {acceptInsecureCerts: false, browserName: internet explorer, browserVersion: 11, javascriptEnabled: true, pageLoadStrategy: normal, platform: WINDOWS, platformName: WINDOWS, proxy: Proxy(), se:ieOptions: {browserAttachTimeout: 0, elementScrollBehavior: 0, enablePersistentHover: true, ie.browserCommandLineSwitches: , ie.ensureCleanSession: false, ie.fileUploadDialogTimeout: 3000, ie.forceCreateProcessApi: false, ignoreProtectedModeSettings: false, ignoreZoomSetting: false, initialBrowserUrl: http://localhost:2124/, nativeEvents: true, requireWindowFocus: false}, setWindowRect: true, timeouts: {implicit: 0, pageLoad: 300000, script: 30000}}
Session ID: 055d0f1f-16b1-4577-b4c8-1028878473d8
*** Element info: {Using=xpath, value=//div[@id='footer']//a[contains(text(),'Automation Engineer')]}
at sun.reflect.GeneratedConstructorAccessor25.newInstance(Unknown Source)
at sun.reflect.DelegatingConstructorAccessorImpl.newInstance(DelegatingConstructorAccessorImpl.java:45)
at java.lang.reflect.Constructor.newInstance(Constructor.java:423)
at org.openqa.selenium.remote.codec.w3c.W3CHttpResponseCodec.createException(W3CHttpResponseCodec.java:191)
at org.openqa.selenium.remote.codec.w3c.W3CHttpResponseCodec.decode(W3CHttpResponseCodec.java:125)
at org.openqa.selenium.remote.codec.w3c.W3CHttpResponseCodec.decode(W3CHttpResponseCodec.java:52)
at org.openqa.selenium.remote.HttpCommandExecutor.execute(HttpCommandExecutor.java:161)
at org.openqa.selenium.remote.service.DriverCommandExecutor.execute(DriverCommandExecutor.java:83)
at org.openqa.selenium.remote.RemoteWebDriver.execute(RemoteWebDriver.java:576)
at org.openqa.selenium.remote.RemoteWebDriver.findElement(RemoteWebDriver.java:327)
at org.openqa.selenium.remote.RemoteWebDriver.findElementByXPath(RemoteWebDriver.java:445)
at org.openqa.selenium.By$ByXPath.findElement(By.java:353)
at org.openqa.selenium.remote.RemoteWebDriver.findElement(RemoteWebDriver.java:319)
at com.atmecs.helper.CommonUtility.locatorsType(CommonUtility.java:49)
at com.atmecs.helper.CommonUtility$4.apply(CommonUtility.java:180)
at com.atmecs.helper.CommonUtility$4.apply(CommonUtility.java:1)
at org.openqa.selenium.support.ui.FluentWait.until(FluentWait.java:211)
at com.atmecs.helper.CommonUtility.getText(CommonUtility.java:177)
at com.atmecs.general.AtmecsHomePage.isFooterPresent(AtmecsHomePage.java:80)
at com.atmecs.testscript.AtmecsHomePageScript.validateInsightsFooter(AtmecsHomePageScript.java:82)
at sun.reflect.NativeMethodAccessorImpl.invoke0(Native Method)
at sun.reflect.NativeMethodAccessorImpl.invoke(NativeMethodAccessorImpl.java:62)
at sun.reflect.DelegatingMethodAccessorImpl.invoke(DelegatingMethodAccessorImpl.java:43)
at java.lang.reflect.Method.invoke(Method.java:498)
at org.testng.internal.MethodInvocationHelper.invokeMethod(MethodInvocationHelper.java:133)
at org.testng.internal.TestInvoker.invokeMethod(TestInvoker.java:584)
at org.testng.internal.TestInvoker.invokeTestMethod(TestInvoker.java:172)
at org.testng.internal.MethodRunner.runInSequence(MethodRunner.java:46)
at org.testng.internal.TestInvoker$MethodInvocationAgent.invoke(TestInvoker.java:804)
at org.testng.internal.TestInvoker.invokeTestMethods(TestInvoker.java:145)
at org.testng.internal.TestMethodWorker.invokeTestMethods(TestMethodWorker.java:146)
at org.testng.internal.TestMethodWorker.run(TestMethodWorker.java:128)
at java.util.ArrayList.forEach(ArrayList.java:1257)
at org.testng.TestRunner.privateRun(TestRunner.java:770)
at org.testng.TestRunner.run(TestRunner.java:591)
at org.testng.SuiteRunner.runTest(SuiteRunner.java:402)
at org.testng.SuiteRunner.runSequentially(SuiteRunner.java:396)
at org.testng.SuiteRunner.privateRun(SuiteRunner.java:355)
at org.testng.SuiteRunner.run(SuiteRunner.java:304)
at org.testng.SuiteRunnerWorker.runSuite(SuiteRunnerWorker.java:53)
at org.testng.SuiteRunnerWorker.run(SuiteRunnerWorker.java:96)
at org.testng.TestNG.runSuitesSequentially(TestNG.java:1180)
at org.testng.TestNG.runSuitesLocally(TestNG.java:1102)
at org.testng.TestNG.runSuites(TestNG.java:1032)
at org.testng.TestNG.run(TestNG.java:1000)
at org.testng.remote.AbstractRemoteTestNG.run(AbstractRemoteTestNG.java:115)
at org.testng.remote.RemoteTestNG.initAndRun(RemoteTestNG.java:251)
at org.testng.remote.RemoteTestNG.main(RemoteTestNG.java:77)
]]>
    </error>
  </testcase> <!-- validateInsightsFooter -->
  <testcase name="validateInsightsFooter" time="0.036" classname="com.atmecs.testscript.AtmecsHomePageScript">
    <error type="org.openqa.selenium.NoSuchWindowException" message="Currently focused window has been closed.
Build info: version: &#039;4.0.0-alpha-2&#039;, revision: &#039;f148142cf8&#039;, time: &#039;2019-07-01T20:55:26&#039;
System info: host: &#039;ATMECSINLT-283&#039;, ip: &#039;55.55.52.215&#039;, os.name: &#039;Windows 10&#039;, os.arch: &#039;amd64&#039;, os.version: &#039;10.0&#039;, java.version: &#039;1.8.0_221&#039;
Driver info: org.openqa.selenium.ie.InternetExplorerDriver
Capabilities {acceptInsecureCerts: false, browserName: internet explorer, browserVersion: 11, javascriptEnabled: true, pageLoadStrategy: normal, platform: WINDOWS, platformName: WINDOWS, proxy: Proxy(), se:ieOptions: {browserAttachTimeout: 0, elementScrollBehavior: 0, enablePersistentHover: true, ie.browserCommandLineSwitches: , ie.ensureCleanSession: false, ie.fileUploadDialogTimeout: 3000, ie.forceCreateProcessApi: false, ignoreProtectedModeSettings: false, ignoreZoomSetting: false, initialBrowserUrl: http://localhost:2124/, nativeEvents: true, requireWindowFocus: false}, setWindowRect: true, timeouts: {implicit: 0, pageLoad: 300000, script: 30000}}
Session ID: 055d0f1f-16b1-4577-b4c8-1028878473d8
*** Element info: {Using=xpath, value=//div[@id=&#039;footer&#039;]//a[contains(text(),&#039;DevOps Engineer&#039;)]}">
      <![CDATA[org.openqa.selenium.NoSuchWindowException: Currently focused window has been closed.
Build info: version: '4.0.0-alpha-2', revision: 'f148142cf8', time: '2019-07-01T20:55:26'
System info: host: 'ATMECSINLT-283', ip: '55.55.52.215', os.name: 'Windows 10', os.arch: 'amd64', os.version: '10.0', java.version: '1.8.0_221'
Driver info: org.openqa.selenium.ie.InternetExplorerDriver
Capabilities {acceptInsecureCerts: false, browserName: internet explorer, browserVersion: 11, javascriptEnabled: true, pageLoadStrategy: normal, platform: WINDOWS, platformName: WINDOWS, proxy: Proxy(), se:ieOptions: {browserAttachTimeout: 0, elementScrollBehavior: 0, enablePersistentHover: true, ie.browserCommandLineSwitches: , ie.ensureCleanSession: false, ie.fileUploadDialogTimeout: 3000, ie.forceCreateProcessApi: false, ignoreProtectedModeSettings: false, ignoreZoomSetting: false, initialBrowserUrl: http://localhost:2124/, nativeEvents: true, requireWindowFocus: false}, setWindowRect: true, timeouts: {implicit: 0, pageLoad: 300000, script: 30000}}
Session ID: 055d0f1f-16b1-4577-b4c8-1028878473d8
*** Element info: {Using=xpath, value=//div[@id='footer']//a[contains(text(),'DevOps Engineer')]}
at sun.reflect.GeneratedConstructorAccessor25.newInstance(Unknown Source)
at sun.reflect.DelegatingConstructorAccessorImpl.newInstance(DelegatingConstructorAccessorImpl.java:45)
at java.lang.reflect.Constructor.newInstance(Constructor.java:423)
at org.openqa.selenium.remote.codec.w3c.W3CHttpResponseCodec.createException(W3CHttpResponseCodec.java:191)
at org.openqa.selenium.remote.codec.w3c.W3CHttpResponseCodec.decode(W3CHttpResponseCodec.java:125)
at org.openqa.selenium.remote.codec.w3c.W3CHttpResponseCodec.decode(W3CHttpResponseCodec.java:52)
at org.openqa.selenium.remote.HttpCommandExecutor.execute(HttpCommandExecutor.java:161)
at org.openqa.selenium.remote.service.DriverCommandExecutor.execute(DriverCommandExecutor.java:83)
at org.openqa.selenium.remote.RemoteWebDriver.execute(RemoteWebDriver.java:576)
at org.openqa.selenium.remote.RemoteWebDriver.findElement(RemoteWebDriver.java:327)
at org.openqa.selenium.remote.RemoteWebDriver.findElementByXPath(RemoteWebDriver.java:445)
at org.openqa.selenium.By$ByXPath.findElement(By.java:353)
at org.openqa.selenium.remote.RemoteWebDriver.findElement(RemoteWebDriver.java:319)
at com.atmecs.helper.CommonUtility.locatorsType(CommonUtility.java:49)
at com.atmecs.helper.CommonUtility$4.apply(CommonUtility.java:180)
at com.atmecs.helper.CommonUtility$4.apply(CommonUtility.java:1)
at org.openqa.selenium.support.ui.FluentWait.until(FluentWait.java:211)
at com.atmecs.helper.CommonUtility.getText(CommonUtility.java:177)
at com.atmecs.general.AtmecsHomePage.isFooterPresent(AtmecsHomePage.java:80)
at com.atmecs.testscript.AtmecsHomePageScript.validateInsightsFooter(AtmecsHomePageScript.java:82)
at sun.reflect.NativeMethodAccessorImpl.invoke0(Native Method)
at sun.reflect.NativeMethodAccessorImpl.invoke(NativeMethodAccessorImpl.java:62)
at sun.reflect.DelegatingMethodAccessorImpl.invoke(DelegatingMethodAccessorImpl.java:43)
at java.lang.reflect.Method.invoke(Method.java:498)
at org.testng.internal.MethodInvocationHelper.invokeMethod(MethodInvocationHelper.java:133)
at org.testng.internal.TestInvoker.invokeMethod(TestInvoker.java:584)
at org.testng.internal.TestInvoker.invokeTestMethod(TestInvoker.java:172)
at org.testng.internal.MethodRunner.runInSequence(MethodRunner.java:46)
at org.testng.internal.TestInvoker$MethodInvocationAgent.invoke(TestInvoker.java:804)
at org.testng.internal.TestInvoker.invokeTestMethods(TestInvoker.java:145)
at org.testng.internal.TestMethodWorker.invokeTestMethods(TestMethodWorker.java:146)
at org.testng.internal.TestMethodWorker.run(TestMethodWorker.java:128)
at java.util.ArrayList.forEach(ArrayList.java:1257)
at org.testng.TestRunner.privateRun(TestRunner.java:770)
at org.testng.TestRunner.run(TestRunner.java:591)
at org.testng.SuiteRunner.runTest(SuiteRunner.java:402)
at org.testng.SuiteRunner.runSequentially(SuiteRunner.java:396)
at org.testng.SuiteRunner.privateRun(SuiteRunner.java:355)
at org.testng.SuiteRunner.run(SuiteRunner.java:304)
at org.testng.SuiteRunnerWorker.runSuite(SuiteRunnerWorker.java:53)
at org.testng.SuiteRunnerWorker.run(SuiteRunnerWorker.java:96)
at org.testng.TestNG.runSuitesSequentially(TestNG.java:1180)
at org.testng.TestNG.runSuitesLocally(TestNG.java:1102)
at org.testng.TestNG.runSuites(TestNG.java:1032)
at org.testng.TestNG.run(TestNG.java:1000)
at org.testng.remote.AbstractRemoteTestNG.run(AbstractRemoteTestNG.java:115)
at org.testng.remote.RemoteTestNG.initAndRun(RemoteTestNG.java:251)
at org.testng.remote.RemoteTestNG.main(RemoteTestNG.java:77)
]]>
    </error>
  </testcase> <!-- validateInsightsFooter -->
  <testcase name="validateInsightsFooter" time="0.041" classname="com.atmecs.testscript.AtmecsHomePageScript">
    <error type="org.openqa.selenium.NoSuchWindowException" message="Currently focused window has been closed.
Build info: version: &#039;4.0.0-alpha-2&#039;, revision: &#039;f148142cf8&#039;, time: &#039;2019-07-01T20:55:26&#039;
System info: host: &#039;ATMECSINLT-283&#039;, ip: &#039;55.55.52.215&#039;, os.name: &#039;Windows 10&#039;, os.arch: &#039;amd64&#039;, os.version: &#039;10.0&#039;, java.version: &#039;1.8.0_221&#039;
Driver info: org.openqa.selenium.ie.InternetExplorerDriver
Capabilities {acceptInsecureCerts: false, browserName: internet explorer, browserVersion: 11, javascriptEnabled: true, pageLoadStrategy: normal, platform: WINDOWS, platformName: WINDOWS, proxy: Proxy(), se:ieOptions: {browserAttachTimeout: 0, elementScrollBehavior: 0, enablePersistentHover: true, ie.browserCommandLineSwitches: , ie.ensureCleanSession: false, ie.fileUploadDialogTimeout: 3000, ie.forceCreateProcessApi: false, ignoreProtectedModeSettings: false, ignoreZoomSetting: false, initialBrowserUrl: http://localhost:2124/, nativeEvents: true, requireWindowFocus: false}, setWindowRect: true, timeouts: {implicit: 0, pageLoad: 300000, script: 30000}}
Session ID: 055d0f1f-16b1-4577-b4c8-1028878473d8
*** Element info: {Using=xpath, value=//div[@id=&#039;footer&#039;]//a[contains(text(),&#039;Blockchain&#039;)]}">
      <![CDATA[org.openqa.selenium.NoSuchWindowException: Currently focused window has been closed.
Build info: version: '4.0.0-alpha-2', revision: 'f148142cf8', time: '2019-07-01T20:55:26'
System info: host: 'ATMECSINLT-283', ip: '55.55.52.215', os.name: 'Windows 10', os.arch: 'amd64', os.version: '10.0', java.version: '1.8.0_221'
Driver info: org.openqa.selenium.ie.InternetExplorerDriver
Capabilities {acceptInsecureCerts: false, browserName: internet explorer, browserVersion: 11, javascriptEnabled: true, pageLoadStrategy: normal, platform: WINDOWS, platformName: WINDOWS, proxy: Proxy(), se:ieOptions: {browserAttachTimeout: 0, elementScrollBehavior: 0, enablePersistentHover: true, ie.browserCommandLineSwitches: , ie.ensureCleanSession: false, ie.fileUploadDialogTimeout: 3000, ie.forceCreateProcessApi: false, ignoreProtectedModeSettings: false, ignoreZoomSetting: false, initialBrowserUrl: http://localhost:2124/, nativeEvents: true, requireWindowFocus: false}, setWindowRect: true, timeouts: {implicit: 0, pageLoad: 300000, script: 30000}}
Session ID: 055d0f1f-16b1-4577-b4c8-1028878473d8
*** Element info: {Using=xpath, value=//div[@id='footer']//a[contains(text(),'Blockchain')]}
at sun.reflect.GeneratedConstructorAccessor25.newInstance(Unknown Source)
at sun.reflect.DelegatingConstructorAccessorImpl.newInstance(DelegatingConstructorAccessorImpl.java:45)
at java.lang.reflect.Constructor.newInstance(Constructor.java:423)
at org.openqa.selenium.remote.codec.w3c.W3CHttpResponseCodec.createException(W3CHttpResponseCodec.java:191)
at org.openqa.selenium.remote.codec.w3c.W3CHttpResponseCodec.decode(W3CHttpResponseCodec.java:125)
at org.openqa.selenium.remote.codec.w3c.W3CHttpResponseCodec.decode(W3CHttpResponseCodec.java:52)
at org.openqa.selenium.remote.HttpCommandExecutor.execute(HttpCommandExecutor.java:161)
at org.openqa.selenium.remote.service.DriverCommandExecutor.execute(DriverCommandExecutor.java:83)
at org.openqa.selenium.remote.RemoteWebDriver.execute(RemoteWebDriver.java:576)
at org.openqa.selenium.remote.RemoteWebDriver.findElement(RemoteWebDriver.java:327)
at org.openqa.selenium.remote.RemoteWebDriver.findElementByXPath(RemoteWebDriver.java:445)
at org.openqa.selenium.By$ByXPath.findElement(By.java:353)
at org.openqa.selenium.remote.RemoteWebDriver.findElement(RemoteWebDriver.java:319)
at com.atmecs.helper.CommonUtility.locatorsType(CommonUtility.java:49)
at com.atmecs.helper.CommonUtility$4.apply(CommonUtility.java:180)
at com.atmecs.helper.CommonUtility$4.apply(CommonUtility.java:1)
at org.openqa.selenium.support.ui.FluentWait.until(FluentWait.java:211)
at com.atmecs.helper.CommonUtility.getText(CommonUtility.java:177)
at com.atmecs.general.AtmecsHomePage.isFooterPresent(AtmecsHomePage.java:80)
at com.atmecs.testscript.AtmecsHomePageScript.validateInsightsFooter(AtmecsHomePageScript.java:82)
at sun.reflect.GeneratedMethodAccessor6.invoke(Unknown Source)
at sun.reflect.DelegatingMethodAccessorImpl.invoke(DelegatingMethodAccessorImpl.java:43)
at java.lang.reflect.Method.invoke(Method.java:498)
at org.testng.internal.MethodInvocationHelper.invokeMethod(MethodInvocationHelper.java:133)
at org.testng.internal.TestInvoker.invokeMethod(TestInvoker.java:584)
at org.testng.internal.TestInvoker.invokeTestMethod(TestInvoker.java:172)
at org.testng.internal.MethodRunner.runInSequence(MethodRunner.java:46)
at org.testng.internal.TestInvoker$MethodInvocationAgent.invoke(TestInvoker.java:804)
at org.testng.internal.TestInvoker.invokeTestMethods(TestInvoker.java:145)
at org.testng.internal.TestMethodWorker.invokeTestMethods(TestMethodWorker.java:146)
at org.testng.internal.TestMethodWorker.run(TestMethodWorker.java:128)
at java.util.ArrayList.forEach(ArrayList.java:1257)
at org.testng.TestRunner.privateRun(TestRunner.java:770)
at org.testng.TestRunner.run(TestRunner.java:591)
at org.testng.SuiteRunner.runTest(SuiteRunner.java:402)
at org.testng.SuiteRunner.runSequentially(SuiteRunner.java:396)
at org.testng.SuiteRunner.privateRun(SuiteRunner.java:355)
at org.testng.SuiteRunner.run(SuiteRunner.java:304)
at org.testng.SuiteRunnerWorker.runSuite(SuiteRunnerWorker.java:53)
at org.testng.SuiteRunnerWorker.run(SuiteRunnerWorker.java:96)
at org.testng.TestNG.runSuitesSequentially(TestNG.java:1180)
at org.testng.TestNG.runSuitesLocally(TestNG.java:1102)
at org.testng.TestNG.runSuites(TestNG.java:1032)
at org.testng.TestNG.run(TestNG.java:1000)
at org.testng.remote.AbstractRemoteTestNG.run(AbstractRemoteTestNG.java:115)
at org.testng.remote.RemoteTestNG.initAndRun(RemoteTestNG.java:251)
at org.testng.remote.RemoteTestNG.main(RemoteTestNG.java:77)
]]>
    </error>
  </testcase> <!-- validateInsightsFooter -->
  <testcase name="validateInsightsFooter" time="0.023" classname="com.atmecs.testscript.AtmecsHomePageScript">
    <error type="org.openqa.selenium.NoSuchWindowException" message="Currently focused window has been closed.
Build info: version: &#039;4.0.0-alpha-2&#039;, revision: &#039;f148142cf8&#039;, time: &#039;2019-07-01T20:55:26&#039;
System info: host: &#039;ATMECSINLT-283&#039;, ip: &#039;55.55.52.215&#039;, os.name: &#039;Windows 10&#039;, os.arch: &#039;amd64&#039;, os.version: &#039;10.0&#039;, java.version: &#039;1.8.0_221&#039;
Driver info: org.openqa.selenium.ie.InternetExplorerDriver
Capabilities {acceptInsecureCerts: false, browserName: internet explorer, browserVersion: 11, javascriptEnabled: true, pageLoadStrategy: normal, platform: WINDOWS, platformName: WINDOWS, proxy: Proxy(), se:ieOptions: {browserAttachTimeout: 0, elementScrollBehavior: 0, enablePersistentHover: true, ie.browserCommandLineSwitches: , ie.ensureCleanSession: false, ie.fileUploadDialogTimeout: 3000, ie.forceCreateProcessApi: false, ignoreProtectedModeSettings: false, ignoreZoomSetting: false, initialBrowserUrl: http://localhost:2124/, nativeEvents: true, requireWindowFocus: false}, setWindowRect: true, timeouts: {implicit: 0, pageLoad: 300000, script: 30000}}
Session ID: 055d0f1f-16b1-4577-b4c8-1028878473d8
*** Element info: {Using=xpath, value=//div[@id=&#039;footer&#039;]//a[contains(text(),&#039;Contact Us&#039;)]}">
      <![CDATA[org.openqa.selenium.NoSuchWindowException: Currently focused window has been closed.
Build info: version: '4.0.0-alpha-2', revision: 'f148142cf8', time: '2019-07-01T20:55:26'
System info: host: 'ATMECSINLT-283', ip: '55.55.52.215', os.name: 'Windows 10', os.arch: 'amd64', os.version: '10.0', java.version: '1.8.0_221'
Driver info: org.openqa.selenium.ie.InternetExplorerDriver
Capabilities {acceptInsecureCerts: false, browserName: internet explorer, browserVersion: 11, javascriptEnabled: true, pageLoadStrategy: normal, platform: WINDOWS, platformName: WINDOWS, proxy: Proxy(), se:ieOptions: {browserAttachTimeout: 0, elementScrollBehavior: 0, enablePersistentHover: true, ie.browserCommandLineSwitches: , ie.ensureCleanSession: false, ie.fileUploadDialogTimeout: 3000, ie.forceCreateProcessApi: false, ignoreProtectedModeSettings: false, ignoreZoomSetting: false, initialBrowserUrl: http://localhost:2124/, nativeEvents: true, requireWindowFocus: false}, setWindowRect: true, timeouts: {implicit: 0, pageLoad: 300000, script: 30000}}
Session ID: 055d0f1f-16b1-4577-b4c8-1028878473d8
*** Element info: {Using=xpath, value=//div[@id='footer']//a[contains(text(),'Contact Us')]}
at sun.reflect.GeneratedConstructorAccessor25.newInstance(Unknown Source)
at sun.reflect.DelegatingConstructorAccessorImpl.newInstance(DelegatingConstructorAccessorImpl.java:45)
at java.lang.reflect.Constructor.newInstance(Constructor.java:423)
at org.openqa.selenium.remote.codec.w3c.W3CHttpResponseCodec.createException(W3CHttpResponseCodec.java:191)
at org.openqa.selenium.remote.codec.w3c.W3CHttpResponseCodec.decode(W3CHttpResponseCodec.java:125)
at org.openqa.selenium.remote.codec.w3c.W3CHttpResponseCodec.decode(W3CHttpResponseCodec.java:52)
at org.openqa.selenium.remote.HttpCommandExecutor.execute(HttpCommandExecutor.java:161)
at org.openqa.selenium.remote.service.DriverCommandExecutor.execute(DriverCommandExecutor.java:83)
at org.openqa.selenium.remote.RemoteWebDriver.execute(RemoteWebDriver.java:576)
at org.openqa.selenium.remote.RemoteWebDriver.findElement(RemoteWebDriver.java:327)
at org.openqa.selenium.remote.RemoteWebDriver.findElementByXPath(RemoteWebDriver.java:445)
at org.openqa.selenium.By$ByXPath.findElement(By.java:353)
at org.openqa.selenium.remote.RemoteWebDriver.findElement(RemoteWebDriver.java:319)
at com.atmecs.helper.CommonUtility.locatorsType(CommonUtility.java:49)
at com.atmecs.helper.CommonUtility$4.apply(CommonUtility.java:180)
at com.atmecs.helper.CommonUtility$4.apply(CommonUtility.java:1)
at org.openqa.selenium.support.ui.FluentWait.until(FluentWait.java:211)
at com.atmecs.helper.CommonUtility.getText(CommonUtility.java:177)
at com.atmecs.general.AtmecsHomePage.isFooterPresent(AtmecsHomePage.java:80)
at com.atmecs.testscript.AtmecsHomePageScript.validateInsightsFooter(AtmecsHomePageScript.java:82)
at sun.reflect.NativeMethodAccessorImpl.invoke0(Native Method)
at sun.reflect.NativeMethodAccessorImpl.invoke(NativeMethodAccessorImpl.java:62)
at sun.reflect.DelegatingMethodAccessorImpl.invoke(DelegatingMethodAccessorImpl.java:43)
at java.lang.reflect.Method.invoke(Method.java:498)
at org.testng.internal.MethodInvocationHelper.invokeMethod(MethodInvocationHelper.java:133)
at org.testng.internal.TestInvoker.invokeMethod(TestInvoker.java:584)
at org.testng.internal.TestInvoker.invokeTestMethod(TestInvoker.java:172)
at org.testng.internal.MethodRunner.runInSequence(MethodRunner.java:46)
at org.testng.internal.TestInvoker$MethodInvocationAgent.invoke(TestInvoker.java:804)
at org.testng.internal.TestInvoker.invokeTestMethods(TestInvoker.java:145)
at org.testng.internal.TestMethodWorker.invokeTestMethods(TestMethodWorker.java:146)
at org.testng.internal.TestMethodWorker.run(TestMethodWorker.java:128)
at java.util.ArrayList.forEach(ArrayList.java:1257)
at org.testng.TestRunner.privateRun(TestRunner.java:770)
at org.testng.TestRunner.run(TestRunner.java:591)
at org.testng.SuiteRunner.runTest(SuiteRunner.java:402)
at org.testng.SuiteRunner.runSequentially(SuiteRunner.java:396)
at org.testng.SuiteRunner.privateRun(SuiteRunner.java:355)
at org.testng.SuiteRunner.run(SuiteRunner.java:304)
at org.testng.SuiteRunnerWorker.runSuite(SuiteRunnerWorker.java:53)
at org.testng.SuiteRunnerWorker.run(SuiteRunnerWorker.java:96)
at org.testng.TestNG.runSuitesSequentially(TestNG.java:1180)
at org.testng.TestNG.runSuitesLocally(TestNG.java:1102)
at org.testng.TestNG.runSuites(TestNG.java:1032)
at org.testng.TestNG.run(TestNG.java:1000)
at org.testng.remote.AbstractRemoteTestNG.run(AbstractRemoteTestNG.java:115)
at org.testng.remote.RemoteTestNG.initAndRun(RemoteTestNG.java:251)
at org.testng.remote.RemoteTestNG.main(RemoteTestNG.java:77)
]]>
    </error>
  </testcase> <!-- validateInsightsFooter -->
  <testcase name="validateInsightsFooter" time="0.039" classname="com.atmecs.testscript.AtmecsHomePageScript">
    <error type="org.openqa.selenium.NoSuchWindowException" message="Currently focused window has been closed.
Build info: version: &#039;4.0.0-alpha-2&#039;, revision: &#039;f148142cf8&#039;, time: &#039;2019-07-01T20:55:26&#039;
System info: host: &#039;ATMECSINLT-283&#039;, ip: &#039;55.55.52.215&#039;, os.name: &#039;Windows 10&#039;, os.arch: &#039;amd64&#039;, os.version: &#039;10.0&#039;, java.version: &#039;1.8.0_221&#039;
Driver info: org.openqa.selenium.ie.InternetExplorerDriver
Capabilities {acceptInsecureCerts: false, browserName: internet explorer, browserVersion: 11, javascriptEnabled: true, pageLoadStrategy: normal, platform: WINDOWS, platformName: WINDOWS, proxy: Proxy(), se:ieOptions: {browserAttachTimeout: 0, elementScrollBehavior: 0, enablePersistentHover: true, ie.browserCommandLineSwitches: , ie.ensureCleanSession: false, ie.fileUploadDialogTimeout: 3000, ie.forceCreateProcessApi: false, ignoreProtectedModeSettings: false, ignoreZoomSetting: false, initialBrowserUrl: http://localhost:2124/, nativeEvents: true, requireWindowFocus: false}, setWindowRect: true, timeouts: {implicit: 0, pageLoad: 300000, script: 30000}}
Session ID: 055d0f1f-16b1-4577-b4c8-1028878473d8
*** Element info: {Using=xpath, value=//div[@id=&#039;footer&#039;]//a[contains(text(),&#039;India – Bangalore&#039;)]}">
      <![CDATA[org.openqa.selenium.NoSuchWindowException: Currently focused window has been closed.
Build info: version: '4.0.0-alpha-2', revision: 'f148142cf8', time: '2019-07-01T20:55:26'
System info: host: 'ATMECSINLT-283', ip: '55.55.52.215', os.name: 'Windows 10', os.arch: 'amd64', os.version: '10.0', java.version: '1.8.0_221'
Driver info: org.openqa.selenium.ie.InternetExplorerDriver
Capabilities {acceptInsecureCerts: false, browserName: internet explorer, browserVersion: 11, javascriptEnabled: true, pageLoadStrategy: normal, platform: WINDOWS, platformName: WINDOWS, proxy: Proxy(), se:ieOptions: {browserAttachTimeout: 0, elementScrollBehavior: 0, enablePersistentHover: true, ie.browserCommandLineSwitches: , ie.ensureCleanSession: false, ie.fileUploadDialogTimeout: 3000, ie.forceCreateProcessApi: false, ignoreProtectedModeSettings: false, ignoreZoomSetting: false, initialBrowserUrl: http://localhost:2124/, nativeEvents: true, requireWindowFocus: false}, setWindowRect: true, timeouts: {implicit: 0, pageLoad: 300000, script: 30000}}
Session ID: 055d0f1f-16b1-4577-b4c8-1028878473d8
*** Element info: {Using=xpath, value=//div[@id='footer']//a[contains(text(),'India – Bangalore')]}
at sun.reflect.GeneratedConstructorAccessor25.newInstance(Unknown Source)
at sun.reflect.DelegatingConstructorAccessorImpl.newInstance(DelegatingConstructorAccessorImpl.java:45)
at java.lang.reflect.Constructor.newInstance(Constructor.java:423)
at org.openqa.selenium.remote.codec.w3c.W3CHttpResponseCodec.createException(W3CHttpResponseCodec.java:191)
at org.openqa.selenium.remote.codec.w3c.W3CHttpResponseCodec.decode(W3CHttpResponseCodec.java:125)
at org.openqa.selenium.remote.codec.w3c.W3CHttpResponseCodec.decode(W3CHttpResponseCodec.java:52)
at org.openqa.selenium.remote.HttpCommandExecutor.execute(HttpCommandExecutor.java:161)
at org.openqa.selenium.remote.service.DriverCommandExecutor.execute(DriverCommandExecutor.java:83)
at org.openqa.selenium.remote.RemoteWebDriver.execute(RemoteWebDriver.java:576)
at org.openqa.selenium.remote.RemoteWebDriver.findElement(RemoteWebDriver.java:327)
at org.openqa.selenium.remote.RemoteWebDriver.findElementByXPath(RemoteWebDriver.java:445)
at org.openqa.selenium.By$ByXPath.findElement(By.java:353)
at org.openqa.selenium.remote.RemoteWebDriver.findElement(RemoteWebDriver.java:319)
at com.atmecs.helper.CommonUtility.locatorsType(CommonUtility.java:49)
at com.atmecs.helper.CommonUtility$4.apply(CommonUtility.java:180)
at com.atmecs.helper.CommonUtility$4.apply(CommonUtility.java:1)
at org.openqa.selenium.support.ui.FluentWait.until(FluentWait.java:211)
at com.atmecs.helper.CommonUtility.getText(CommonUtility.java:177)
at com.atmecs.general.AtmecsHomePage.isFooterPresent(AtmecsHomePage.java:80)
at com.atmecs.testscript.AtmecsHomePageScript.validateInsightsFooter(AtmecsHomePageScript.java:82)
at sun.reflect.GeneratedMethodAccessor6.invoke(Unknown Source)
at sun.reflect.DelegatingMethodAccessorImpl.invoke(DelegatingMethodAccessorImpl.java:43)
at java.lang.reflect.Method.invoke(Method.java:498)
at org.testng.internal.MethodInvocationHelper.invokeMethod(MethodInvocationHelper.java:133)
at org.testng.internal.TestInvoker.invokeMethod(TestInvoker.java:584)
at org.testng.internal.TestInvoker.invokeTestMethod(TestInvoker.java:172)
at org.testng.internal.MethodRunner.runInSequence(MethodRunner.java:46)
at org.testng.internal.TestInvoker$MethodInvocationAgent.invoke(TestInvoker.java:804)
at org.testng.internal.TestInvoker.invokeTestMethods(TestInvoker.java:145)
at org.testng.internal.TestMethodWorker.invokeTestMethods(TestMethodWorker.java:146)
at org.testng.internal.TestMethodWorker.run(TestMethodWorker.java:128)
at java.util.ArrayList.forEach(ArrayList.java:1257)
at org.testng.TestRunner.privateRun(TestRunner.java:770)
at org.testng.TestRunner.run(TestRunner.java:591)
at org.testng.SuiteRunner.runTest(SuiteRunner.java:402)
at org.testng.SuiteRunner.runSequentially(SuiteRunner.java:396)
at org.testng.SuiteRunner.privateRun(SuiteRunner.java:355)
at org.testng.SuiteRunner.run(SuiteRunner.java:304)
at org.testng.SuiteRunnerWorker.runSuite(SuiteRunnerWorker.java:53)
at org.testng.SuiteRunnerWorker.run(SuiteRunnerWorker.java:96)
at org.testng.TestNG.runSuitesSequentially(TestNG.java:1180)
at org.testng.TestNG.runSuitesLocally(TestNG.java:1102)
at org.testng.TestNG.runSuites(TestNG.java:1032)
at org.testng.TestNG.run(TestNG.java:1000)
at org.testng.remote.AbstractRemoteTestNG.run(AbstractRemoteTestNG.java:115)
at org.testng.remote.RemoteTestNG.initAndRun(RemoteTestNG.java:251)
at org.testng.remote.RemoteTestNG.main(RemoteTestNG.java:77)
]]>
    </error>
  </testcase> <!-- validateInsightsFooter -->
  <testcase name="validateInsightsFooter" time="0.042" classname="com.atmecs.testscript.AtmecsHomePageScript">
    <error type="org.openqa.selenium.NoSuchWindowException" message="Currently focused window has been closed.
Build info: version: &#039;4.0.0-alpha-2&#039;, revision: &#039;f148142cf8&#039;, time: &#039;2019-07-01T20:55:26&#039;
System info: host: &#039;ATMECSINLT-283&#039;, ip: &#039;55.55.52.215&#039;, os.name: &#039;Windows 10&#039;, os.arch: &#039;amd64&#039;, os.version: &#039;10.0&#039;, java.version: &#039;1.8.0_221&#039;
Driver info: org.openqa.selenium.ie.InternetExplorerDriver
Capabilities {acceptInsecureCerts: false, browserName: internet explorer, browserVersion: 11, javascriptEnabled: true, pageLoadStrategy: normal, platform: WINDOWS, platformName: WINDOWS, proxy: Proxy(), se:ieOptions: {browserAttachTimeout: 0, elementScrollBehavior: 0, enablePersistentHover: true, ie.browserCommandLineSwitches: , ie.ensureCleanSession: false, ie.fileUploadDialogTimeout: 3000, ie.forceCreateProcessApi: false, ignoreProtectedModeSettings: false, ignoreZoomSetting: false, initialBrowserUrl: http://localhost:2124/, nativeEvents: true, requireWindowFocus: false}, setWindowRect: true, timeouts: {implicit: 0, pageLoad: 300000, script: 30000}}
Session ID: 055d0f1f-16b1-4577-b4c8-1028878473d8
*** Element info: {Using=xpath, value=//div[@id=&#039;footer&#039;]//a[contains(text(),&#039;Senior Java/J2EE Engineer&#039;)]}">
      <![CDATA[org.openqa.selenium.NoSuchWindowException: Currently focused window has been closed.
Build info: version: '4.0.0-alpha-2', revision: 'f148142cf8', time: '2019-07-01T20:55:26'
System info: host: 'ATMECSINLT-283', ip: '55.55.52.215', os.name: 'Windows 10', os.arch: 'amd64', os.version: '10.0', java.version: '1.8.0_221'
Driver info: org.openqa.selenium.ie.InternetExplorerDriver
Capabilities {acceptInsecureCerts: false, browserName: internet explorer, browserVersion: 11, javascriptEnabled: true, pageLoadStrategy: normal, platform: WINDOWS, platformName: WINDOWS, proxy: Proxy(), se:ieOptions: {browserAttachTimeout: 0, elementScrollBehavior: 0, enablePersistentHover: true, ie.browserCommandLineSwitches: , ie.ensureCleanSession: false, ie.fileUploadDialogTimeout: 3000, ie.forceCreateProcessApi: false, ignoreProtectedModeSettings: false, ignoreZoomSetting: false, initialBrowserUrl: http://localhost:2124/, nativeEvents: true, requireWindowFocus: false}, setWindowRect: true, timeouts: {implicit: 0, pageLoad: 300000, script: 30000}}
Session ID: 055d0f1f-16b1-4577-b4c8-1028878473d8
*** Element info: {Using=xpath, value=//div[@id='footer']//a[contains(text(),'Senior Java/J2EE Engineer')]}
at sun.reflect.GeneratedConstructorAccessor25.newInstance(Unknown Source)
at sun.reflect.DelegatingConstructorAccessorImpl.newInstance(DelegatingConstructorAccessorImpl.java:45)
at java.lang.reflect.Constructor.newInstance(Constructor.java:423)
at org.openqa.selenium.remote.codec.w3c.W3CHttpResponseCodec.createException(W3CHttpResponseCodec.java:191)
at org.openqa.selenium.remote.codec.w3c.W3CHttpResponseCodec.decode(W3CHttpResponseCodec.java:125)
at org.openqa.selenium.remote.codec.w3c.W3CHttpResponseCodec.decode(W3CHttpResponseCodec.java:52)
at org.openqa.selenium.remote.HttpCommandExecutor.execute(HttpCommandExecutor.java:161)
at org.openqa.selenium.remote.service.DriverCommandExecutor.execute(DriverCommandExecutor.java:83)
at org.openqa.selenium.remote.RemoteWebDriver.execute(RemoteWebDriver.java:576)
at org.openqa.selenium.remote.RemoteWebDriver.findElement(RemoteWebDriver.java:327)
at org.openqa.selenium.remote.RemoteWebDriver.findElementByXPath(RemoteWebDriver.java:445)
at org.openqa.selenium.By$ByXPath.findElement(By.java:353)
at org.openqa.selenium.remote.RemoteWebDriver.findElement(RemoteWebDriver.java:319)
at com.atmecs.helper.CommonUtility.locatorsType(CommonUtility.java:49)
at com.atmecs.helper.CommonUtility$4.apply(CommonUtility.java:180)
at com.atmecs.helper.CommonUtility$4.apply(CommonUtility.java:1)
at org.openqa.selenium.support.ui.FluentWait.until(FluentWait.java:211)
at com.atmecs.helper.CommonUtility.getText(CommonUtility.java:177)
at com.atmecs.general.AtmecsHomePage.isFooterPresent(AtmecsHomePage.java:80)
at com.atmecs.testscript.AtmecsHomePageScript.validateInsightsFooter(AtmecsHomePageScript.java:82)
at sun.reflect.NativeMethodAccessorImpl.invoke0(Native Method)
at sun.reflect.NativeMethodAccessorImpl.invoke(NativeMethodAccessorImpl.java:62)
at sun.reflect.DelegatingMethodAccessorImpl.invoke(DelegatingMethodAccessorImpl.java:43)
at java.lang.reflect.Method.invoke(Method.java:498)
at org.testng.internal.MethodInvocationHelper.invokeMethod(MethodInvocationHelper.java:133)
at org.testng.internal.TestInvoker.invokeMethod(TestInvoker.java:584)
at org.testng.internal.TestInvoker.invokeTestMethod(TestInvoker.java:172)
at org.testng.internal.MethodRunner.runInSequence(MethodRunner.java:46)
at org.testng.internal.TestInvoker$MethodInvocationAgent.invoke(TestInvoker.java:804)
at org.testng.internal.TestInvoker.invokeTestMethods(TestInvoker.java:145)
at org.testng.internal.TestMethodWorker.invokeTestMethods(TestMethodWorker.java:146)
at org.testng.internal.TestMethodWorker.run(TestMethodWorker.java:128)
at java.util.ArrayList.forEach(ArrayList.java:1257)
at org.testng.TestRunner.privateRun(TestRunner.java:770)
at org.testng.TestRunner.run(TestRunner.java:591)
at org.testng.SuiteRunner.runTest(SuiteRunner.java:402)
at org.testng.SuiteRunner.runSequentially(SuiteRunner.java:396)
at org.testng.SuiteRunner.privateRun(SuiteRunner.java:355)
at org.testng.SuiteRunner.run(SuiteRunner.java:304)
at org.testng.SuiteRunnerWorker.runSuite(SuiteRunnerWorker.java:53)
at org.testng.SuiteRunnerWorker.run(SuiteRunnerWorker.java:96)
at org.testng.TestNG.runSuitesSequentially(TestNG.java:1180)
at org.testng.TestNG.runSuitesLocally(TestNG.java:1102)
at org.testng.TestNG.runSuites(TestNG.java:1032)
at org.testng.TestNG.run(TestNG.java:1000)
at org.testng.remote.AbstractRemoteTestNG.run(AbstractRemoteTestNG.java:115)
at org.testng.remote.RemoteTestNG.initAndRun(RemoteTestNG.java:251)
at org.testng.remote.RemoteTestNG.main(RemoteTestNG.java:77)
]]>
    </error>
  </testcase> <!-- validateInsightsFooter -->
  <testcase name="validateInsightsFooter" time="0.037" classname="com.atmecs.testscript.AtmecsHomePageScript">
    <error type="org.openqa.selenium.NoSuchWindowException" message="Currently focused window has been closed.
Build info: version: &#039;4.0.0-alpha-2&#039;, revision: &#039;f148142cf8&#039;, time: &#039;2019-07-01T20:55:26&#039;
System info: host: &#039;ATMECSINLT-283&#039;, ip: &#039;55.55.52.215&#039;, os.name: &#039;Windows 10&#039;, os.arch: &#039;amd64&#039;, os.version: &#039;10.0&#039;, java.version: &#039;1.8.0_221&#039;
Driver info: org.openqa.selenium.ie.InternetExplorerDriver
Capabilities {acceptInsecureCerts: false, browserName: internet explorer, browserVersion: 11, javascriptEnabled: true, pageLoadStrategy: normal, platform: WINDOWS, platformName: WINDOWS, proxy: Proxy(), se:ieOptions: {browserAttachTimeout: 0, elementScrollBehavior: 0, enablePersistentHover: true, ie.browserCommandLineSwitches: , ie.ensureCleanSession: false, ie.fileUploadDialogTimeout: 3000, ie.forceCreateProcessApi: false, ignoreProtectedModeSettings: false, ignoreZoomSetting: false, initialBrowserUrl: http://localhost:2124/, nativeEvents: true, requireWindowFocus: false}, setWindowRect: true, timeouts: {implicit: 0, pageLoad: 300000, script: 30000}}
Session ID: 055d0f1f-16b1-4577-b4c8-1028878473d8
*** Element info: {Using=xpath, value=//div[@id=&#039;footer&#039;]//a[contains(text(),&#039;Artificial Intelligence / Machine Learning&#039;)]}">
      <![CDATA[org.openqa.selenium.NoSuchWindowException: Currently focused window has been closed.
Build info: version: '4.0.0-alpha-2', revision: 'f148142cf8', time: '2019-07-01T20:55:26'
System info: host: 'ATMECSINLT-283', ip: '55.55.52.215', os.name: 'Windows 10', os.arch: 'amd64', os.version: '10.0', java.version: '1.8.0_221'
Driver info: org.openqa.selenium.ie.InternetExplorerDriver
Capabilities {acceptInsecureCerts: false, browserName: internet explorer, browserVersion: 11, javascriptEnabled: true, pageLoadStrategy: normal, platform: WINDOWS, platformName: WINDOWS, proxy: Proxy(), se:ieOptions: {browserAttachTimeout: 0, elementScrollBehavior: 0, enablePersistentHover: true, ie.browserCommandLineSwitches: , ie.ensureCleanSession: false, ie.fileUploadDialogTimeout: 3000, ie.forceCreateProcessApi: false, ignoreProtectedModeSettings: false, ignoreZoomSetting: false, initialBrowserUrl: http://localhost:2124/, nativeEvents: true, requireWindowFocus: false}, setWindowRect: true, timeouts: {implicit: 0, pageLoad: 300000, script: 30000}}
Session ID: 055d0f1f-16b1-4577-b4c8-1028878473d8
*** Element info: {Using=xpath, value=//div[@id='footer']//a[contains(text(),'Artificial Intelligence / Machine Learning')]}
at sun.reflect.GeneratedConstructorAccessor25.newInstance(Unknown Source)
at sun.reflect.DelegatingConstructorAccessorImpl.newInstance(DelegatingConstructorAccessorImpl.java:45)
at java.lang.reflect.Constructor.newInstance(Constructor.java:423)
at org.openqa.selenium.remote.codec.w3c.W3CHttpResponseCodec.createException(W3CHttpResponseCodec.java:191)
at org.openqa.selenium.remote.codec.w3c.W3CHttpResponseCodec.decode(W3CHttpResponseCodec.java:125)
at org.openqa.selenium.remote.codec.w3c.W3CHttpResponseCodec.decode(W3CHttpResponseCodec.java:52)
at org.openqa.selenium.remote.HttpCommandExecutor.execute(HttpCommandExecutor.java:161)
at org.openqa.selenium.remote.service.DriverCommandExecutor.execute(DriverCommandExecutor.java:83)
at org.openqa.selenium.remote.RemoteWebDriver.execute(RemoteWebDriver.java:576)
at org.openqa.selenium.remote.RemoteWebDriver.findElement(RemoteWebDriver.java:327)
at org.openqa.selenium.remote.RemoteWebDriver.findElementByXPath(RemoteWebDriver.java:445)
at org.openqa.selenium.By$ByXPath.findElement(By.java:353)
at org.openqa.selenium.remote.RemoteWebDriver.findElement(RemoteWebDriver.java:319)
at com.atmecs.helper.CommonUtility.locatorsType(CommonUtility.java:49)
at com.atmecs.helper.CommonUtility$4.apply(CommonUtility.java:180)
at com.atmecs.helper.CommonUtility$4.apply(CommonUtility.java:1)
at org.openqa.selenium.support.ui.FluentWait.until(FluentWait.java:211)
at com.atmecs.helper.CommonUtility.getText(CommonUtility.java:177)
at com.atmecs.general.AtmecsHomePage.isFooterPresent(AtmecsHomePage.java:80)
at com.atmecs.testscript.AtmecsHomePageScript.validateInsightsFooter(AtmecsHomePageScript.java:82)
at sun.reflect.GeneratedMethodAccessor6.invoke(Unknown Source)
at sun.reflect.DelegatingMethodAccessorImpl.invoke(DelegatingMethodAccessorImpl.java:43)
at java.lang.reflect.Method.invoke(Method.java:498)
at org.testng.internal.MethodInvocationHelper.invokeMethod(MethodInvocationHelper.java:133)
at org.testng.internal.TestInvoker.invokeMethod(TestInvoker.java:584)
at org.testng.internal.TestInvoker.invokeTestMethod(TestInvoker.java:172)
at org.testng.internal.MethodRunner.runInSequence(MethodRunner.java:46)
at org.testng.internal.TestInvoker$MethodInvocationAgent.invoke(TestInvoker.java:804)
at org.testng.internal.TestInvoker.invokeTestMethods(TestInvoker.java:145)
at org.testng.internal.TestMethodWorker.invokeTestMethods(TestMethodWorker.java:146)
at org.testng.internal.TestMethodWorker.run(TestMethodWorker.java:128)
at java.util.ArrayList.forEach(ArrayList.java:1257)
at org.testng.TestRunner.privateRun(TestRunner.java:770)
at org.testng.TestRunner.run(TestRunner.java:591)
at org.testng.SuiteRunner.runTest(SuiteRunner.java:402)
at org.testng.SuiteRunner.runSequentially(SuiteRunner.java:396)
at org.testng.SuiteRunner.privateRun(SuiteRunner.java:355)
at org.testng.SuiteRunner.run(SuiteRunner.java:304)
at org.testng.SuiteRunnerWorker.runSuite(SuiteRunnerWorker.java:53)
at org.testng.SuiteRunnerWorker.run(SuiteRunnerWorker.java:96)
at org.testng.TestNG.runSuitesSequentially(TestNG.java:1180)
at org.testng.TestNG.runSuitesLocally(TestNG.java:1102)
at org.testng.TestNG.runSuites(TestNG.java:1032)
at org.testng.TestNG.run(TestNG.java:1000)
at org.testng.remote.AbstractRemoteTestNG.run(AbstractRemoteTestNG.java:115)
at org.testng.remote.RemoteTestNG.initAndRun(RemoteTestNG.java:251)
at org.testng.remote.RemoteTestNG.main(RemoteTestNG.java:77)
]]>
    </error>
  </testcase> <!-- validateInsightsFooter -->
  <testcase name="validateInsightsFooter" time="0.019" classname="com.atmecs.testscript.AtmecsHomePageScript">
    <error type="org.openqa.selenium.NoSuchWindowException" message="Currently focused window has been closed.
Build info: version: &#039;4.0.0-alpha-2&#039;, revision: &#039;f148142cf8&#039;, time: &#039;2019-07-01T20:55:26&#039;
System info: host: &#039;ATMECSINLT-283&#039;, ip: &#039;55.55.52.215&#039;, os.name: &#039;Windows 10&#039;, os.arch: &#039;amd64&#039;, os.version: &#039;10.0&#039;, java.version: &#039;1.8.0_221&#039;
Driver info: org.openqa.selenium.ie.InternetExplorerDriver
Capabilities {acceptInsecureCerts: false, browserName: internet explorer, browserVersion: 11, javascriptEnabled: true, pageLoadStrategy: normal, platform: WINDOWS, platformName: WINDOWS, proxy: Proxy(), se:ieOptions: {browserAttachTimeout: 0, elementScrollBehavior: 0, enablePersistentHover: true, ie.browserCommandLineSwitches: , ie.ensureCleanSession: false, ie.fileUploadDialogTimeout: 3000, ie.forceCreateProcessApi: false, ignoreProtectedModeSettings: false, ignoreZoomSetting: false, initialBrowserUrl: http://localhost:2124/, nativeEvents: true, requireWindowFocus: false}, setWindowRect: true, timeouts: {implicit: 0, pageLoad: 300000, script: 30000}}
Session ID: 055d0f1f-16b1-4577-b4c8-1028878473d8
*** Element info: {Using=xpath, value=//div[@id=&#039;footer&#039;]//a[contains(text(),&#039;Services&#039;)]}">
      <![CDATA[org.openqa.selenium.NoSuchWindowException: Currently focused window has been closed.
Build info: version: '4.0.0-alpha-2', revision: 'f148142cf8', time: '2019-07-01T20:55:26'
System info: host: 'ATMECSINLT-283', ip: '55.55.52.215', os.name: 'Windows 10', os.arch: 'amd64', os.version: '10.0', java.version: '1.8.0_221'
Driver info: org.openqa.selenium.ie.InternetExplorerDriver
Capabilities {acceptInsecureCerts: false, browserName: internet explorer, browserVersion: 11, javascriptEnabled: true, pageLoadStrategy: normal, platform: WINDOWS, platformName: WINDOWS, proxy: Proxy(), se:ieOptions: {browserAttachTimeout: 0, elementScrollBehavior: 0, enablePersistentHover: true, ie.browserCommandLineSwitches: , ie.ensureCleanSession: false, ie.fileUploadDialogTimeout: 3000, ie.forceCreateProcessApi: false, ignoreProtectedModeSettings: false, ignoreZoomSetting: false, initialBrowserUrl: http://localhost:2124/, nativeEvents: true, requireWindowFocus: false}, setWindowRect: true, timeouts: {implicit: 0, pageLoad: 300000, script: 30000}}
Session ID: 055d0f1f-16b1-4577-b4c8-1028878473d8
*** Element info: {Using=xpath, value=//div[@id='footer']//a[contains(text(),'Services')]}
at sun.reflect.GeneratedConstructorAccessor25.newInstance(Unknown Source)
at sun.reflect.DelegatingConstructorAccessorImpl.newInstance(DelegatingConstructorAccessorImpl.java:45)
at java.lang.reflect.Constructor.newInstance(Constructor.java:423)
at org.openqa.selenium.remote.codec.w3c.W3CHttpResponseCodec.createException(W3CHttpResponseCodec.java:191)
at org.openqa.selenium.remote.codec.w3c.W3CHttpResponseCodec.decode(W3CHttpResponseCodec.java:125)
at org.openqa.selenium.remote.codec.w3c.W3CHttpResponseCodec.decode(W3CHttpResponseCodec.java:52)
at org.openqa.selenium.remote.HttpCommandExecutor.execute(HttpCommandExecutor.java:161)
at org.openqa.selenium.remote.service.DriverCommandExecutor.execute(DriverCommandExecutor.java:83)
at org.openqa.selenium.remote.RemoteWebDriver.execute(RemoteWebDriver.java:576)
at org.openqa.selenium.remote.RemoteWebDriver.findElement(RemoteWebDriver.java:327)
at org.openqa.selenium.remote.RemoteWebDriver.findElementByXPath(RemoteWebDriver.java:445)
at org.openqa.selenium.By$ByXPath.findElement(By.java:353)
at org.openqa.selenium.remote.RemoteWebDriver.findElement(RemoteWebDriver.java:319)
at com.atmecs.helper.CommonUtility.locatorsType(CommonUtility.java:49)
at com.atmecs.helper.CommonUtility$4.apply(CommonUtility.java:180)
at com.atmecs.helper.CommonUtility$4.apply(CommonUtility.java:1)
at org.openqa.selenium.support.ui.FluentWait.until(FluentWait.java:211)
at com.atmecs.helper.CommonUtility.getText(CommonUtility.java:177)
at com.atmecs.general.AtmecsHomePage.isFooterPresent(AtmecsHomePage.java:80)
at com.atmecs.testscript.AtmecsHomePageScript.validateInsightsFooter(AtmecsHomePageScript.java:82)
at sun.reflect.NativeMethodAccessorImpl.invoke0(Native Method)
at sun.reflect.NativeMethodAccessorImpl.invoke(NativeMethodAccessorImpl.java:62)
at sun.reflect.DelegatingMethodAccessorImpl.invoke(DelegatingMethodAccessorImpl.java:43)
at java.lang.reflect.Method.invoke(Method.java:498)
at org.testng.internal.MethodInvocationHelper.invokeMethod(MethodInvocationHelper.java:133)
at org.testng.internal.TestInvoker.invokeMethod(TestInvoker.java:584)
at org.testng.internal.TestInvoker.invokeTestMethod(TestInvoker.java:172)
at org.testng.internal.MethodRunner.runInSequence(MethodRunner.java:46)
at org.testng.internal.TestInvoker$MethodInvocationAgent.invoke(TestInvoker.java:804)
at org.testng.internal.TestInvoker.invokeTestMethods(TestInvoker.java:145)
at org.testng.internal.TestMethodWorker.invokeTestMethods(TestMethodWorker.java:146)
at org.testng.internal.TestMethodWorker.run(TestMethodWorker.java:128)
at java.util.ArrayList.forEach(ArrayList.java:1257)
at org.testng.TestRunner.privateRun(TestRunner.java:770)
at org.testng.TestRunner.run(TestRunner.java:591)
at org.testng.SuiteRunner.runTest(SuiteRunner.java:402)
at org.testng.SuiteRunner.runSequentially(SuiteRunner.java:396)
at org.testng.SuiteRunner.privateRun(SuiteRunner.java:355)
at org.testng.SuiteRunner.run(SuiteRunner.java:304)
at org.testng.SuiteRunnerWorker.runSuite(SuiteRunnerWorker.java:53)
at org.testng.SuiteRunnerWorker.run(SuiteRunnerWorker.java:96)
at org.testng.TestNG.runSuitesSequentially(TestNG.java:1180)
at org.testng.TestNG.runSuitesLocally(TestNG.java:1102)
at org.testng.TestNG.runSuites(TestNG.java:1032)
at org.testng.TestNG.run(TestNG.java:1000)
at org.testng.remote.AbstractRemoteTestNG.run(AbstractRemoteTestNG.java:115)
at org.testng.remote.RemoteTestNG.initAndRun(RemoteTestNG.java:251)
at org.testng.remote.RemoteTestNG.main(RemoteTestNG.java:77)
]]>
    </error>
  </testcase> <!-- validateInsightsFooter -->
  <testcase name="validateInsightsFooter" time="0.029" classname="com.atmecs.testscript.AtmecsHomePageScript">
    <error type="org.openqa.selenium.NoSuchWindowException" message="Currently focused window has been closed.
Build info: version: &#039;4.0.0-alpha-2&#039;, revision: &#039;f148142cf8&#039;, time: &#039;2019-07-01T20:55:26&#039;
System info: host: &#039;ATMECSINLT-283&#039;, ip: &#039;55.55.52.215&#039;, os.name: &#039;Windows 10&#039;, os.arch: &#039;amd64&#039;, os.version: &#039;10.0&#039;, java.version: &#039;1.8.0_221&#039;
Driver info: org.openqa.selenium.ie.InternetExplorerDriver
Capabilities {acceptInsecureCerts: false, browserName: internet explorer, browserVersion: 11, javascriptEnabled: true, pageLoadStrategy: normal, platform: WINDOWS, platformName: WINDOWS, proxy: Proxy(), se:ieOptions: {browserAttachTimeout: 0, elementScrollBehavior: 0, enablePersistentHover: true, ie.browserCommandLineSwitches: , ie.ensureCleanSession: false, ie.fileUploadDialogTimeout: 3000, ie.forceCreateProcessApi: false, ignoreProtectedModeSettings: false, ignoreZoomSetting: false, initialBrowserUrl: http://localhost:2124/, nativeEvents: true, requireWindowFocus: false}, setWindowRect: true, timeouts: {implicit: 0, pageLoad: 300000, script: 30000}}
Session ID: 055d0f1f-16b1-4577-b4c8-1028878473d8
*** Element info: {Using=xpath, value=//div[@id=&#039;footer&#039;]//a[contains(text(),&#039;Services&#039;)]}">
      <![CDATA[org.openqa.selenium.NoSuchWindowException: Currently focused window has been closed.
Build info: version: '4.0.0-alpha-2', revision: 'f148142cf8', time: '2019-07-01T20:55:26'
System info: host: 'ATMECSINLT-283', ip: '55.55.52.215', os.name: 'Windows 10', os.arch: 'amd64', os.version: '10.0', java.version: '1.8.0_221'
Driver info: org.openqa.selenium.ie.InternetExplorerDriver
Capabilities {acceptInsecureCerts: false, browserName: internet explorer, browserVersion: 11, javascriptEnabled: true, pageLoadStrategy: normal, platform: WINDOWS, platformName: WINDOWS, proxy: Proxy(), se:ieOptions: {browserAttachTimeout: 0, elementScrollBehavior: 0, enablePersistentHover: true, ie.browserCommandLineSwitches: , ie.ensureCleanSession: false, ie.fileUploadDialogTimeout: 3000, ie.forceCreateProcessApi: false, ignoreProtectedModeSettings: false, ignoreZoomSetting: false, initialBrowserUrl: http://localhost:2124/, nativeEvents: true, requireWindowFocus: false}, setWindowRect: true, timeouts: {implicit: 0, pageLoad: 300000, script: 30000}}
Session ID: 055d0f1f-16b1-4577-b4c8-1028878473d8
*** Element info: {Using=xpath, value=//div[@id='footer']//a[contains(text(),'Services')]}
at sun.reflect.GeneratedConstructorAccessor25.newInstance(Unknown Source)
at sun.reflect.DelegatingConstructorAccessorImpl.newInstance(DelegatingConstructorAccessorImpl.java:45)
at java.lang.reflect.Constructor.newInstance(Constructor.java:423)
at org.openqa.selenium.remote.codec.w3c.W3CHttpResponseCodec.createException(W3CHttpResponseCodec.java:191)
at org.openqa.selenium.remote.codec.w3c.W3CHttpResponseCodec.decode(W3CHttpResponseCodec.java:125)
at org.openqa.selenium.remote.codec.w3c.W3CHttpResponseCodec.decode(W3CHttpResponseCodec.java:52)
at org.openqa.selenium.remote.HttpCommandExecutor.execute(HttpCommandExecutor.java:161)
at org.openqa.selenium.remote.service.DriverCommandExecutor.execute(DriverCommandExecutor.java:83)
at org.openqa.selenium.remote.RemoteWebDriver.execute(RemoteWebDriver.java:576)
at org.openqa.selenium.remote.RemoteWebDriver.findElement(RemoteWebDriver.java:327)
at org.openqa.selenium.remote.RemoteWebDriver.findElementByXPath(RemoteWebDriver.java:445)
at org.openqa.selenium.By$ByXPath.findElement(By.java:353)
at org.openqa.selenium.remote.RemoteWebDriver.findElement(RemoteWebDriver.java:319)
at com.atmecs.helper.CommonUtility.locatorsType(CommonUtility.java:49)
at com.atmecs.helper.CommonUtility$4.apply(CommonUtility.java:180)
at com.atmecs.helper.CommonUtility$4.apply(CommonUtility.java:1)
at org.openqa.selenium.support.ui.FluentWait.until(FluentWait.java:211)
at com.atmecs.helper.CommonUtility.getText(CommonUtility.java:177)
at com.atmecs.general.AtmecsHomePage.isFooterPresent(AtmecsHomePage.java:80)
at com.atmecs.testscript.AtmecsHomePageScript.validateInsightsFooter(AtmecsHomePageScript.java:82)
at sun.reflect.NativeMethodAccessorImpl.invoke0(Native Method)
at sun.reflect.NativeMethodAccessorImpl.invoke(NativeMethodAccessorImpl.java:62)
at sun.reflect.DelegatingMethodAccessorImpl.invoke(DelegatingMethodAccessorImpl.java:43)
at java.lang.reflect.Method.invoke(Method.java:498)
at org.testng.internal.MethodInvocationHelper.invokeMethod(MethodInvocationHelper.java:133)
at org.testng.internal.TestInvoker.invokeMethod(TestInvoker.java:584)
at org.testng.internal.TestInvoker.invokeTestMethod(TestInvoker.java:172)
at org.testng.internal.MethodRunner.runInSequence(MethodRunner.java:46)
at org.testng.internal.TestInvoker$MethodInvocationAgent.invoke(TestInvoker.java:804)
at org.testng.internal.TestInvoker.invokeTestMethods(TestInvoker.java:145)
at org.testng.internal.TestMethodWorker.invokeTestMethods(TestMethodWorker.java:146)
at org.testng.internal.TestMethodWorker.run(TestMethodWorker.java:128)
at java.util.ArrayList.forEach(ArrayList.java:1257)
at org.testng.TestRunner.privateRun(TestRunner.java:770)
at org.testng.TestRunner.run(TestRunner.java:591)
at org.testng.SuiteRunner.runTest(SuiteRunner.java:402)
at org.testng.SuiteRunner.runSequentially(SuiteRunner.java:396)
at org.testng.SuiteRunner.privateRun(SuiteRunner.java:355)
at org.testng.SuiteRunner.run(SuiteRunner.java:304)
at org.testng.SuiteRunnerWorker.runSuite(SuiteRunnerWorker.java:53)
at org.testng.SuiteRunnerWorker.run(SuiteRunnerWorker.java:96)
at org.testng.TestNG.runSuitesSequentially(TestNG.java:1180)
at org.testng.TestNG.runSuitesLocally(TestNG.java:1102)
at org.testng.TestNG.runSuites(TestNG.java:1032)
at org.testng.TestNG.run(TestNG.java:1000)
at org.testng.remote.AbstractRemoteTestNG.run(AbstractRemoteTestNG.java:115)
at org.testng.remote.RemoteTestNG.initAndRun(RemoteTestNG.java:251)
at org.testng.remote.RemoteTestNG.main(RemoteTestNG.java:77)
]]>
    </error>
  </testcase> <!-- validateInsightsFooter -->
  <testcase name="validateInsightsFooter" time="0.035" classname="com.atmecs.testscript.AtmecsHomePageScript">
    <error type="org.openqa.selenium.NoSuchWindowException" message="Currently focused window has been closed.
Build info: version: &#039;4.0.0-alpha-2&#039;, revision: &#039;f148142cf8&#039;, time: &#039;2019-07-01T20:55:26&#039;
System info: host: &#039;ATMECSINLT-283&#039;, ip: &#039;55.55.52.215&#039;, os.name: &#039;Windows 10&#039;, os.arch: &#039;amd64&#039;, os.version: &#039;10.0&#039;, java.version: &#039;1.8.0_221&#039;
Driver info: org.openqa.selenium.ie.InternetExplorerDriver
Capabilities {acceptInsecureCerts: false, browserName: internet explorer, browserVersion: 11, javascriptEnabled: true, pageLoadStrategy: normal, platform: WINDOWS, platformName: WINDOWS, proxy: Proxy(), se:ieOptions: {browserAttachTimeout: 0, elementScrollBehavior: 0, enablePersistentHover: true, ie.browserCommandLineSwitches: , ie.ensureCleanSession: false, ie.fileUploadDialogTimeout: 3000, ie.forceCreateProcessApi: false, ignoreProtectedModeSettings: false, ignoreZoomSetting: false, initialBrowserUrl: http://localhost:2124/, nativeEvents: true, requireWindowFocus: false}, setWindowRect: true, timeouts: {implicit: 0, pageLoad: 300000, script: 30000}}
Session ID: 055d0f1f-16b1-4577-b4c8-1028878473d8
*** Element info: {Using=xpath, value=//div[@id=&#039;footer&#039;]//a[contains(text(),&#039;US Headquarters&#039;)]}">
      <![CDATA[org.openqa.selenium.NoSuchWindowException: Currently focused window has been closed.
Build info: version: '4.0.0-alpha-2', revision: 'f148142cf8', time: '2019-07-01T20:55:26'
System info: host: 'ATMECSINLT-283', ip: '55.55.52.215', os.name: 'Windows 10', os.arch: 'amd64', os.version: '10.0', java.version: '1.8.0_221'
Driver info: org.openqa.selenium.ie.InternetExplorerDriver
Capabilities {acceptInsecureCerts: false, browserName: internet explorer, browserVersion: 11, javascriptEnabled: true, pageLoadStrategy: normal, platform: WINDOWS, platformName: WINDOWS, proxy: Proxy(), se:ieOptions: {browserAttachTimeout: 0, elementScrollBehavior: 0, enablePersistentHover: true, ie.browserCommandLineSwitches: , ie.ensureCleanSession: false, ie.fileUploadDialogTimeout: 3000, ie.forceCreateProcessApi: false, ignoreProtectedModeSettings: false, ignoreZoomSetting: false, initialBrowserUrl: http://localhost:2124/, nativeEvents: true, requireWindowFocus: false}, setWindowRect: true, timeouts: {implicit: 0, pageLoad: 300000, script: 30000}}
Session ID: 055d0f1f-16b1-4577-b4c8-1028878473d8
*** Element info: {Using=xpath, value=//div[@id='footer']//a[contains(text(),'US Headquarters')]}
at sun.reflect.GeneratedConstructorAccessor25.newInstance(Unknown Source)
at sun.reflect.DelegatingConstructorAccessorImpl.newInstance(DelegatingConstructorAccessorImpl.java:45)
at java.lang.reflect.Constructor.newInstance(Constructor.java:423)
at org.openqa.selenium.remote.codec.w3c.W3CHttpResponseCodec.createException(W3CHttpResponseCodec.java:191)
at org.openqa.selenium.remote.codec.w3c.W3CHttpResponseCodec.decode(W3CHttpResponseCodec.java:125)
at org.openqa.selenium.remote.codec.w3c.W3CHttpResponseCodec.decode(W3CHttpResponseCodec.java:52)
at org.openqa.selenium.remote.HttpCommandExecutor.execute(HttpCommandExecutor.java:161)
at org.openqa.selenium.remote.service.DriverCommandExecutor.execute(DriverCommandExecutor.java:83)
at org.openqa.selenium.remote.RemoteWebDriver.execute(RemoteWebDriver.java:576)
at org.openqa.selenium.remote.RemoteWebDriver.findElement(RemoteWebDriver.java:327)
at org.openqa.selenium.remote.RemoteWebDriver.findElementByXPath(RemoteWebDriver.java:445)
at org.openqa.selenium.By$ByXPath.findElement(By.java:353)
at org.openqa.selenium.remote.RemoteWebDriver.findElement(RemoteWebDriver.java:319)
at com.atmecs.helper.CommonUtility.locatorsType(CommonUtility.java:49)
at com.atmecs.helper.CommonUtility$4.apply(CommonUtility.java:180)
at com.atmecs.helper.CommonUtility$4.apply(CommonUtility.java:1)
at org.openqa.selenium.support.ui.FluentWait.until(FluentWait.java:211)
at com.atmecs.helper.CommonUtility.getText(CommonUtility.java:177)
at com.atmecs.general.AtmecsHomePage.isFooterPresent(AtmecsHomePage.java:80)
at com.atmecs.testscript.AtmecsHomePageScript.validateInsightsFooter(AtmecsHomePageScript.java:82)
at sun.reflect.NativeMethodAccessorImpl.invoke0(Native Method)
at sun.reflect.NativeMethodAccessorImpl.invoke(NativeMethodAccessorImpl.java:62)
at sun.reflect.DelegatingMethodAccessorImpl.invoke(DelegatingMethodAccessorImpl.java:43)
at java.lang.reflect.Method.invoke(Method.java:498)
at org.testng.internal.MethodInvocationHelper.invokeMethod(MethodInvocationHelper.java:133)
at org.testng.internal.TestInvoker.invokeMethod(TestInvoker.java:584)
at org.testng.internal.TestInvoker.invokeTestMethod(TestInvoker.java:172)
at org.testng.internal.MethodRunner.runInSequence(MethodRunner.java:46)
at org.testng.internal.TestInvoker$MethodInvocationAgent.invoke(TestInvoker.java:804)
at org.testng.internal.TestInvoker.invokeTestMethods(TestInvoker.java:145)
at org.testng.internal.TestMethodWorker.invokeTestMethods(TestMethodWorker.java:146)
at org.testng.internal.TestMethodWorker.run(TestMethodWorker.java:128)
at java.util.ArrayList.forEach(ArrayList.java:1257)
at org.testng.TestRunner.privateRun(TestRunner.java:770)
at org.testng.TestRunner.run(TestRunner.java:591)
at org.testng.SuiteRunner.runTest(SuiteRunner.java:402)
at org.testng.SuiteRunner.runSequentially(SuiteRunner.java:396)
at org.testng.SuiteRunner.privateRun(SuiteRunner.java:355)
at org.testng.SuiteRunner.run(SuiteRunner.java:304)
at org.testng.SuiteRunnerWorker.runSuite(SuiteRunnerWorker.java:53)
at org.testng.SuiteRunnerWorker.run(SuiteRunnerWorker.java:96)
at org.testng.TestNG.runSuitesSequentially(TestNG.java:1180)
at org.testng.TestNG.runSuitesLocally(TestNG.java:1102)
at org.testng.TestNG.runSuites(TestNG.java:1032)
at org.testng.TestNG.run(TestNG.java:1000)
at org.testng.remote.AbstractRemoteTestNG.run(AbstractRemoteTestNG.java:115)
at org.testng.remote.RemoteTestNG.initAndRun(RemoteTestNG.java:251)
at org.testng.remote.RemoteTestNG.main(RemoteTestNG.java:77)
]]>
    </error>
  </testcase> <!-- validateInsightsFooter -->
  <testcase name="validateInsightsFooter" time="0.031" classname="com.atmecs.testscript.AtmecsHomePageScript">
    <error type="org.openqa.selenium.NoSuchWindowException" message="Currently focused window has been closed.
Build info: version: &#039;4.0.0-alpha-2&#039;, revision: &#039;f148142cf8&#039;, time: &#039;2019-07-01T20:55:26&#039;
System info: host: &#039;ATMECSINLT-283&#039;, ip: &#039;55.55.52.215&#039;, os.name: &#039;Windows 10&#039;, os.arch: &#039;amd64&#039;, os.version: &#039;10.0&#039;, java.version: &#039;1.8.0_221&#039;
Driver info: org.openqa.selenium.ie.InternetExplorerDriver
Capabilities {acceptInsecureCerts: false, browserName: internet explorer, browserVersion: 11, javascriptEnabled: true, pageLoadStrategy: normal, platform: WINDOWS, platformName: WINDOWS, proxy: Proxy(), se:ieOptions: {browserAttachTimeout: 0, elementScrollBehavior: 0, enablePersistentHover: true, ie.browserCommandLineSwitches: , ie.ensureCleanSession: false, ie.fileUploadDialogTimeout: 3000, ie.forceCreateProcessApi: false, ignoreProtectedModeSettings: false, ignoreZoomSetting: false, initialBrowserUrl: http://localhost:2124/, nativeEvents: true, requireWindowFocus: false}, setWindowRect: true, timeouts: {implicit: 0, pageLoad: 300000, script: 30000}}
Session ID: 055d0f1f-16b1-4577-b4c8-1028878473d8
*** Element info: {Using=xpath, value=//div[@id=&#039;footer&#039;]//a[contains(text(),&#039;About Us&#039;)]}">
      <![CDATA[org.openqa.selenium.NoSuchWindowException: Currently focused window has been closed.
Build info: version: '4.0.0-alpha-2', revision: 'f148142cf8', time: '2019-07-01T20:55:26'
System info: host: 'ATMECSINLT-283', ip: '55.55.52.215', os.name: 'Windows 10', os.arch: 'amd64', os.version: '10.0', java.version: '1.8.0_221'
Driver info: org.openqa.selenium.ie.InternetExplorerDriver
Capabilities {acceptInsecureCerts: false, browserName: internet explorer, browserVersion: 11, javascriptEnabled: true, pageLoadStrategy: normal, platform: WINDOWS, platformName: WINDOWS, proxy: Proxy(), se:ieOptions: {browserAttachTimeout: 0, elementScrollBehavior: 0, enablePersistentHover: true, ie.browserCommandLineSwitches: , ie.ensureCleanSession: false, ie.fileUploadDialogTimeout: 3000, ie.forceCreateProcessApi: false, ignoreProtectedModeSettings: false, ignoreZoomSetting: false, initialBrowserUrl: http://localhost:2124/, nativeEvents: true, requireWindowFocus: false}, setWindowRect: true, timeouts: {implicit: 0, pageLoad: 300000, script: 30000}}
Session ID: 055d0f1f-16b1-4577-b4c8-1028878473d8
*** Element info: {Using=xpath, value=//div[@id='footer']//a[contains(text(),'About Us')]}
at sun.reflect.GeneratedConstructorAccessor25.newInstance(Unknown Source)
at sun.reflect.DelegatingConstructorAccessorImpl.newInstance(DelegatingConstructorAccessorImpl.java:45)
at java.lang.reflect.Constructor.newInstance(Constructor.java:423)
at org.openqa.selenium.remote.codec.w3c.W3CHttpResponseCodec.createException(W3CHttpResponseCodec.java:191)
at org.openqa.selenium.remote.codec.w3c.W3CHttpResponseCodec.decode(W3CHttpResponseCodec.java:125)
at org.openqa.selenium.remote.codec.w3c.W3CHttpResponseCodec.decode(W3CHttpResponseCodec.java:52)
at org.openqa.selenium.remote.HttpCommandExecutor.execute(HttpCommandExecutor.java:161)
at org.openqa.selenium.remote.service.DriverCommandExecutor.execute(DriverCommandExecutor.java:83)
at org.openqa.selenium.remote.RemoteWebDriver.execute(RemoteWebDriver.java:576)
at org.openqa.selenium.remote.RemoteWebDriver.findElement(RemoteWebDriver.java:327)
at org.openqa.selenium.remote.RemoteWebDriver.findElementByXPath(RemoteWebDriver.java:445)
at org.openqa.selenium.By$ByXPath.findElement(By.java:353)
at org.openqa.selenium.remote.RemoteWebDriver.findElement(RemoteWebDriver.java:319)
at com.atmecs.helper.CommonUtility.locatorsType(CommonUtility.java:49)
at com.atmecs.helper.CommonUtility$4.apply(CommonUtility.java:180)
at com.atmecs.helper.CommonUtility$4.apply(CommonUtility.java:1)
at org.openqa.selenium.support.ui.FluentWait.until(FluentWait.java:211)
at com.atmecs.helper.CommonUtility.getText(CommonUtility.java:177)
at com.atmecs.general.AtmecsHomePage.isFooterPresent(AtmecsHomePage.java:80)
at com.atmecs.testscript.AtmecsHomePageScript.validateInsightsFooter(AtmecsHomePageScript.java:82)
at sun.reflect.NativeMethodAccessorImpl.invoke0(Native Method)
at sun.reflect.NativeMethodAccessorImpl.invoke(NativeMethodAccessorImpl.java:62)
at sun.reflect.DelegatingMethodAccessorImpl.invoke(DelegatingMethodAccessorImpl.java:43)
at java.lang.reflect.Method.invoke(Method.java:498)
at org.testng.internal.MethodInvocationHelper.invokeMethod(MethodInvocationHelper.java:133)
at org.testng.internal.TestInvoker.invokeMethod(TestInvoker.java:584)
at org.testng.internal.TestInvoker.invokeTestMethod(TestInvoker.java:172)
at org.testng.internal.MethodRunner.runInSequence(MethodRunner.java:46)
at org.testng.internal.TestInvoker$MethodInvocationAgent.invoke(TestInvoker.java:804)
at org.testng.internal.TestInvoker.invokeTestMethods(TestInvoker.java:145)
at org.testng.internal.TestMethodWorker.invokeTestMethods(TestMethodWorker.java:146)
at org.testng.internal.TestMethodWorker.run(TestMethodWorker.java:128)
at java.util.ArrayList.forEach(ArrayList.java:1257)
at org.testng.TestRunner.privateRun(TestRunner.java:770)
at org.testng.TestRunner.run(TestRunner.java:591)
at org.testng.SuiteRunner.runTest(SuiteRunner.java:402)
at org.testng.SuiteRunner.runSequentially(SuiteRunner.java:396)
at org.testng.SuiteRunner.privateRun(SuiteRunner.java:355)
at org.testng.SuiteRunner.run(SuiteRunner.java:304)
at org.testng.SuiteRunnerWorker.runSuite(SuiteRunnerWorker.java:53)
at org.testng.SuiteRunnerWorker.run(SuiteRunnerWorker.java:96)
at org.testng.TestNG.runSuitesSequentially(TestNG.java:1180)
at org.testng.TestNG.runSuitesLocally(TestNG.java:1102)
at org.testng.TestNG.runSuites(TestNG.java:1032)
at org.testng.TestNG.run(TestNG.java:1000)
at org.testng.remote.AbstractRemoteTestNG.run(AbstractRemoteTestNG.java:115)
at org.testng.remote.RemoteTestNG.initAndRun(RemoteTestNG.java:251)
at org.testng.remote.RemoteTestNG.main(RemoteTestNG.java:77)
]]>
    </error>
  </testcase> <!-- validateInsightsFooter -->
  <testcase name="validateInsightsFooter" time="0.050" classname="com.atmecs.testscript.AtmecsHomePageScript">
    <error type="org.openqa.selenium.NoSuchWindowException" message="Currently focused window has been closed.
Build info: version: &#039;4.0.0-alpha-2&#039;, revision: &#039;f148142cf8&#039;, time: &#039;2019-07-01T20:55:26&#039;
System info: host: &#039;ATMECSINLT-283&#039;, ip: &#039;55.55.52.215&#039;, os.name: &#039;Windows 10&#039;, os.arch: &#039;amd64&#039;, os.version: &#039;10.0&#039;, java.version: &#039;1.8.0_221&#039;
Driver info: org.openqa.selenium.ie.InternetExplorerDriver
Capabilities {acceptInsecureCerts: false, browserName: internet explorer, browserVersion: 11, javascriptEnabled: true, pageLoadStrategy: normal, platform: WINDOWS, platformName: WINDOWS, proxy: Proxy(), se:ieOptions: {browserAttachTimeout: 0, elementScrollBehavior: 0, enablePersistentHover: true, ie.browserCommandLineSwitches: , ie.ensureCleanSession: false, ie.fileUploadDialogTimeout: 3000, ie.forceCreateProcessApi: false, ignoreProtectedModeSettings: false, ignoreZoomSetting: false, initialBrowserUrl: http://localhost:2124/, nativeEvents: true, requireWindowFocus: false}, setWindowRect: true, timeouts: {implicit: 0, pageLoad: 300000, script: 30000}}
Session ID: 055d0f1f-16b1-4577-b4c8-1028878473d8
*** Element info: {Using=xpath, value=//div[@id=&#039;footer&#039;]//a[contains(text(),&#039;India – Chennai&#039;)]}">
      <![CDATA[org.openqa.selenium.NoSuchWindowException: Currently focused window has been closed.
Build info: version: '4.0.0-alpha-2', revision: 'f148142cf8', time: '2019-07-01T20:55:26'
System info: host: 'ATMECSINLT-283', ip: '55.55.52.215', os.name: 'Windows 10', os.arch: 'amd64', os.version: '10.0', java.version: '1.8.0_221'
Driver info: org.openqa.selenium.ie.InternetExplorerDriver
Capabilities {acceptInsecureCerts: false, browserName: internet explorer, browserVersion: 11, javascriptEnabled: true, pageLoadStrategy: normal, platform: WINDOWS, platformName: WINDOWS, proxy: Proxy(), se:ieOptions: {browserAttachTimeout: 0, elementScrollBehavior: 0, enablePersistentHover: true, ie.browserCommandLineSwitches: , ie.ensureCleanSession: false, ie.fileUploadDialogTimeout: 3000, ie.forceCreateProcessApi: false, ignoreProtectedModeSettings: false, ignoreZoomSetting: false, initialBrowserUrl: http://localhost:2124/, nativeEvents: true, requireWindowFocus: false}, setWindowRect: true, timeouts: {implicit: 0, pageLoad: 300000, script: 30000}}
Session ID: 055d0f1f-16b1-4577-b4c8-1028878473d8
*** Element info: {Using=xpath, value=//div[@id='footer']//a[contains(text(),'India – Chennai')]}
at sun.reflect.GeneratedConstructorAccessor25.newInstance(Unknown Source)
at sun.reflect.DelegatingConstructorAccessorImpl.newInstance(DelegatingConstructorAccessorImpl.java:45)
at java.lang.reflect.Constructor.newInstance(Constructor.java:423)
at org.openqa.selenium.remote.codec.w3c.W3CHttpResponseCodec.createException(W3CHttpResponseCodec.java:191)
at org.openqa.selenium.remote.codec.w3c.W3CHttpResponseCodec.decode(W3CHttpResponseCodec.java:125)
at org.openqa.selenium.remote.codec.w3c.W3CHttpResponseCodec.decode(W3CHttpResponseCodec.java:52)
at org.openqa.selenium.remote.HttpCommandExecutor.execute(HttpCommandExecutor.java:161)
at org.openqa.selenium.remote.service.DriverCommandExecutor.execute(DriverCommandExecutor.java:83)
at org.openqa.selenium.remote.RemoteWebDriver.execute(RemoteWebDriver.java:576)
at org.openqa.selenium.remote.RemoteWebDriver.findElement(RemoteWebDriver.java:327)
at org.openqa.selenium.remote.RemoteWebDriver.findElementByXPath(RemoteWebDriver.java:445)
at org.openqa.selenium.By$ByXPath.findElement(By.java:353)
at org.openqa.selenium.remote.RemoteWebDriver.findElement(RemoteWebDriver.java:319)
at com.atmecs.helper.CommonUtility.locatorsType(CommonUtility.java:49)
at com.atmecs.helper.CommonUtility$4.apply(CommonUtility.java:180)
at com.atmecs.helper.CommonUtility$4.apply(CommonUtility.java:1)
at org.openqa.selenium.support.ui.FluentWait.until(FluentWait.java:211)
at com.atmecs.helper.CommonUtility.getText(CommonUtility.java:177)
at com.atmecs.general.AtmecsHomePage.isFooterPresent(AtmecsHomePage.java:80)
at com.atmecs.testscript.AtmecsHomePageScript.validateInsightsFooter(AtmecsHomePageScript.java:82)
at sun.reflect.GeneratedMethodAccessor6.invoke(Unknown Source)
at sun.reflect.DelegatingMethodAccessorImpl.invoke(DelegatingMethodAccessorImpl.java:43)
at java.lang.reflect.Method.invoke(Method.java:498)
at org.testng.internal.MethodInvocationHelper.invokeMethod(MethodInvocationHelper.java:133)
at org.testng.internal.TestInvoker.invokeMethod(TestInvoker.java:584)
at org.testng.internal.TestInvoker.invokeTestMethod(TestInvoker.java:172)
at org.testng.internal.MethodRunner.runInSequence(MethodRunner.java:46)
at org.testng.internal.TestInvoker$MethodInvocationAgent.invoke(TestInvoker.java:804)
at org.testng.internal.TestInvoker.invokeTestMethods(TestInvoker.java:145)
at org.testng.internal.TestMethodWorker.invokeTestMethods(TestMethodWorker.java:146)
at org.testng.internal.TestMethodWorker.run(TestMethodWorker.java:128)
at java.util.ArrayList.forEach(ArrayList.java:1257)
at org.testng.TestRunner.privateRun(TestRunner.java:770)
at org.testng.TestRunner.run(TestRunner.java:591)
at org.testng.SuiteRunner.runTest(SuiteRunner.java:402)
at org.testng.SuiteRunner.runSequentially(SuiteRunner.java:396)
at org.testng.SuiteRunner.privateRun(SuiteRunner.java:355)
at org.testng.SuiteRunner.run(SuiteRunner.java:304)
at org.testng.SuiteRunnerWorker.runSuite(SuiteRunnerWorker.java:53)
at org.testng.SuiteRunnerWorker.run(SuiteRunnerWorker.java:96)
at org.testng.TestNG.runSuitesSequentially(TestNG.java:1180)
at org.testng.TestNG.runSuitesLocally(TestNG.java:1102)
at org.testng.TestNG.runSuites(TestNG.java:1032)
at org.testng.TestNG.run(TestNG.java:1000)
at org.testng.remote.AbstractRemoteTestNG.run(AbstractRemoteTestNG.java:115)
at org.testng.remote.RemoteTestNG.initAndRun(RemoteTestNG.java:251)
at org.testng.remote.RemoteTestNG.main(RemoteTestNG.java:77)
]]>
    </error>
  </testcase> <!-- validateInsightsFooter -->
  <testcase name="validateInsightsFooter" time="0.034" classname="com.atmecs.testscript.AtmecsHomePageScript">
    <error type="org.openqa.selenium.NoSuchWindowException" message="Currently focused window has been closed.
Build info: version: &#039;4.0.0-alpha-2&#039;, revision: &#039;f148142cf8&#039;, time: &#039;2019-07-01T20:55:26&#039;
System info: host: &#039;ATMECSINLT-283&#039;, ip: &#039;55.55.52.215&#039;, os.name: &#039;Windows 10&#039;, os.arch: &#039;amd64&#039;, os.version: &#039;10.0&#039;, java.version: &#039;1.8.0_221&#039;
Driver info: org.openqa.selenium.ie.InternetExplorerDriver
Capabilities {acceptInsecureCerts: false, browserName: internet explorer, browserVersion: 11, javascriptEnabled: true, pageLoadStrategy: normal, platform: WINDOWS, platformName: WINDOWS, proxy: Proxy(), se:ieOptions: {browserAttachTimeout: 0, elementScrollBehavior: 0, enablePersistentHover: true, ie.browserCommandLineSwitches: , ie.ensureCleanSession: false, ie.fileUploadDialogTimeout: 3000, ie.forceCreateProcessApi: false, ignoreProtectedModeSettings: false, ignoreZoomSetting: false, initialBrowserUrl: http://localhost:2124/, nativeEvents: true, requireWindowFocus: false}, setWindowRect: true, timeouts: {implicit: 0, pageLoad: 300000, script: 30000}}
Session ID: 055d0f1f-16b1-4577-b4c8-1028878473d8
*** Element info: {Using=xpath, value=//div[@id=&#039;footer&#039;]//a[contains(text(),&#039;US R&amp;D Center&#039;)]}">
      <![CDATA[org.openqa.selenium.NoSuchWindowException: Currently focused window has been closed.
Build info: version: '4.0.0-alpha-2', revision: 'f148142cf8', time: '2019-07-01T20:55:26'
System info: host: 'ATMECSINLT-283', ip: '55.55.52.215', os.name: 'Windows 10', os.arch: 'amd64', os.version: '10.0', java.version: '1.8.0_221'
Driver info: org.openqa.selenium.ie.InternetExplorerDriver
Capabilities {acceptInsecureCerts: false, browserName: internet explorer, browserVersion: 11, javascriptEnabled: true, pageLoadStrategy: normal, platform: WINDOWS, platformName: WINDOWS, proxy: Proxy(), se:ieOptions: {browserAttachTimeout: 0, elementScrollBehavior: 0, enablePersistentHover: true, ie.browserCommandLineSwitches: , ie.ensureCleanSession: false, ie.fileUploadDialogTimeout: 3000, ie.forceCreateProcessApi: false, ignoreProtectedModeSettings: false, ignoreZoomSetting: false, initialBrowserUrl: http://localhost:2124/, nativeEvents: true, requireWindowFocus: false}, setWindowRect: true, timeouts: {implicit: 0, pageLoad: 300000, script: 30000}}
Session ID: 055d0f1f-16b1-4577-b4c8-1028878473d8
*** Element info: {Using=xpath, value=//div[@id='footer']//a[contains(text(),'US R&D Center')]}
at sun.reflect.GeneratedConstructorAccessor25.newInstance(Unknown Source)
at sun.reflect.DelegatingConstructorAccessorImpl.newInstance(DelegatingConstructorAccessorImpl.java:45)
at java.lang.reflect.Constructor.newInstance(Constructor.java:423)
at org.openqa.selenium.remote.codec.w3c.W3CHttpResponseCodec.createException(W3CHttpResponseCodec.java:191)
at org.openqa.selenium.remote.codec.w3c.W3CHttpResponseCodec.decode(W3CHttpResponseCodec.java:125)
at org.openqa.selenium.remote.codec.w3c.W3CHttpResponseCodec.decode(W3CHttpResponseCodec.java:52)
at org.openqa.selenium.remote.HttpCommandExecutor.execute(HttpCommandExecutor.java:161)
at org.openqa.selenium.remote.service.DriverCommandExecutor.execute(DriverCommandExecutor.java:83)
at org.openqa.selenium.remote.RemoteWebDriver.execute(RemoteWebDriver.java:576)
at org.openqa.selenium.remote.RemoteWebDriver.findElement(RemoteWebDriver.java:327)
at org.openqa.selenium.remote.RemoteWebDriver.findElementByXPath(RemoteWebDriver.java:445)
at org.openqa.selenium.By$ByXPath.findElement(By.java:353)
at org.openqa.selenium.remote.RemoteWebDriver.findElement(RemoteWebDriver.java:319)
at com.atmecs.helper.CommonUtility.locatorsType(CommonUtility.java:49)
at com.atmecs.helper.CommonUtility$4.apply(CommonUtility.java:180)
at com.atmecs.helper.CommonUtility$4.apply(CommonUtility.java:1)
at org.openqa.selenium.support.ui.FluentWait.until(FluentWait.java:211)
at com.atmecs.helper.CommonUtility.getText(CommonUtility.java:177)
at com.atmecs.general.AtmecsHomePage.isFooterPresent(AtmecsHomePage.java:80)
at com.atmecs.testscript.AtmecsHomePageScript.validateInsightsFooter(AtmecsHomePageScript.java:82)
at sun.reflect.NativeMethodAccessorImpl.invoke0(Native Method)
at sun.reflect.NativeMethodAccessorImpl.invoke(NativeMethodAccessorImpl.java:62)
at sun.reflect.DelegatingMethodAccessorImpl.invoke(DelegatingMethodAccessorImpl.java:43)
at java.lang.reflect.Method.invoke(Method.java:498)
at org.testng.internal.MethodInvocationHelper.invokeMethod(MethodInvocationHelper.java:133)
at org.testng.internal.TestInvoker.invokeMethod(TestInvoker.java:584)
at org.testng.internal.TestInvoker.invokeTestMethod(TestInvoker.java:172)
at org.testng.internal.MethodRunner.runInSequence(MethodRunner.java:46)
at org.testng.internal.TestInvoker$MethodInvocationAgent.invoke(TestInvoker.java:804)
at org.testng.internal.TestInvoker.invokeTestMethods(TestInvoker.java:145)
at org.testng.internal.TestMethodWorker.invokeTestMethods(TestMethodWorker.java:146)
at org.testng.internal.TestMethodWorker.run(TestMethodWorker.java:128)
at java.util.ArrayList.forEach(ArrayList.java:1257)
at org.testng.TestRunner.privateRun(TestRunner.java:770)
at org.testng.TestRunner.run(TestRunner.java:591)
at org.testng.SuiteRunner.runTest(SuiteRunner.java:402)
at org.testng.SuiteRunner.runSequentially(SuiteRunner.java:396)
at org.testng.SuiteRunner.privateRun(SuiteRunner.java:355)
at org.testng.SuiteRunner.run(SuiteRunner.java:304)
at org.testng.SuiteRunnerWorker.runSuite(SuiteRunnerWorker.java:53)
at org.testng.SuiteRunnerWorker.run(SuiteRunnerWorker.java:96)
at org.testng.TestNG.runSuitesSequentially(TestNG.java:1180)
at org.testng.TestNG.runSuitesLocally(TestNG.java:1102)
at org.testng.TestNG.runSuites(TestNG.java:1032)
at org.testng.TestNG.run(TestNG.java:1000)
at org.testng.remote.AbstractRemoteTestNG.run(AbstractRemoteTestNG.java:115)
at org.testng.remote.RemoteTestNG.initAndRun(RemoteTestNG.java:251)
at org.testng.remote.RemoteTestNG.main(RemoteTestNG.java:77)
]]>
    </error>
  </testcase> <!-- validateInsightsFooter -->
  <testcase name="validateInsightsFooter" time="0.032" classname="com.atmecs.testscript.AtmecsHomePageScript">
    <error type="org.openqa.selenium.NoSuchWindowException" message="Currently focused window has been closed.
Build info: version: &#039;4.0.0-alpha-2&#039;, revision: &#039;f148142cf8&#039;, time: &#039;2019-07-01T20:55:26&#039;
System info: host: &#039;ATMECSINLT-283&#039;, ip: &#039;55.55.52.215&#039;, os.name: &#039;Windows 10&#039;, os.arch: &#039;amd64&#039;, os.version: &#039;10.0&#039;, java.version: &#039;1.8.0_221&#039;
Driver info: org.openqa.selenium.ie.InternetExplorerDriver
Capabilities {acceptInsecureCerts: false, browserName: internet explorer, browserVersion: 11, javascriptEnabled: true, pageLoadStrategy: normal, platform: WINDOWS, platformName: WINDOWS, proxy: Proxy(), se:ieOptions: {browserAttachTimeout: 0, elementScrollBehavior: 0, enablePersistentHover: true, ie.browserCommandLineSwitches: , ie.ensureCleanSession: false, ie.fileUploadDialogTimeout: 3000, ie.forceCreateProcessApi: false, ignoreProtectedModeSettings: false, ignoreZoomSetting: false, initialBrowserUrl: http://localhost:2124/, nativeEvents: true, requireWindowFocus: false}, setWindowRect: true, timeouts: {implicit: 0, pageLoad: 300000, script: 30000}}
Session ID: 055d0f1f-16b1-4577-b4c8-1028878473d8
*** Element info: {Using=xpath, value=//div[@id=&#039;footer&#039;]//a[contains(text(),&#039;Partners&#039;)]}">
      <![CDATA[org.openqa.selenium.NoSuchWindowException: Currently focused window has been closed.
Build info: version: '4.0.0-alpha-2', revision: 'f148142cf8', time: '2019-07-01T20:55:26'
System info: host: 'ATMECSINLT-283', ip: '55.55.52.215', os.name: 'Windows 10', os.arch: 'amd64', os.version: '10.0', java.version: '1.8.0_221'
Driver info: org.openqa.selenium.ie.InternetExplorerDriver
Capabilities {acceptInsecureCerts: false, browserName: internet explorer, browserVersion: 11, javascriptEnabled: true, pageLoadStrategy: normal, platform: WINDOWS, platformName: WINDOWS, proxy: Proxy(), se:ieOptions: {browserAttachTimeout: 0, elementScrollBehavior: 0, enablePersistentHover: true, ie.browserCommandLineSwitches: , ie.ensureCleanSession: false, ie.fileUploadDialogTimeout: 3000, ie.forceCreateProcessApi: false, ignoreProtectedModeSettings: false, ignoreZoomSetting: false, initialBrowserUrl: http://localhost:2124/, nativeEvents: true, requireWindowFocus: false}, setWindowRect: true, timeouts: {implicit: 0, pageLoad: 300000, script: 30000}}
Session ID: 055d0f1f-16b1-4577-b4c8-1028878473d8
*** Element info: {Using=xpath, value=//div[@id='footer']//a[contains(text(),'Partners')]}
at sun.reflect.GeneratedConstructorAccessor25.newInstance(Unknown Source)
at sun.reflect.DelegatingConstructorAccessorImpl.newInstance(DelegatingConstructorAccessorImpl.java:45)
at java.lang.reflect.Constructor.newInstance(Constructor.java:423)
at org.openqa.selenium.remote.codec.w3c.W3CHttpResponseCodec.createException(W3CHttpResponseCodec.java:191)
at org.openqa.selenium.remote.codec.w3c.W3CHttpResponseCodec.decode(W3CHttpResponseCodec.java:125)
at org.openqa.selenium.remote.codec.w3c.W3CHttpResponseCodec.decode(W3CHttpResponseCodec.java:52)
at org.openqa.selenium.remote.HttpCommandExecutor.execute(HttpCommandExecutor.java:161)
at org.openqa.selenium.remote.service.DriverCommandExecutor.execute(DriverCommandExecutor.java:83)
at org.openqa.selenium.remote.RemoteWebDriver.execute(RemoteWebDriver.java:576)
at org.openqa.selenium.remote.RemoteWebDriver.findElement(RemoteWebDriver.java:327)
at org.openqa.selenium.remote.RemoteWebDriver.findElementByXPath(RemoteWebDriver.java:445)
at org.openqa.selenium.By$ByXPath.findElement(By.java:353)
at org.openqa.selenium.remote.RemoteWebDriver.findElement(RemoteWebDriver.java:319)
at com.atmecs.helper.CommonUtility.locatorsType(CommonUtility.java:49)
at com.atmecs.helper.CommonUtility$4.apply(CommonUtility.java:180)
at com.atmecs.helper.CommonUtility$4.apply(CommonUtility.java:1)
at org.openqa.selenium.support.ui.FluentWait.until(FluentWait.java:211)
at com.atmecs.helper.CommonUtility.getText(CommonUtility.java:177)
at com.atmecs.general.AtmecsHomePage.isFooterPresent(AtmecsHomePage.java:80)
at com.atmecs.testscript.AtmecsHomePageScript.validateInsightsFooter(AtmecsHomePageScript.java:82)
at sun.reflect.NativeMethodAccessorImpl.invoke0(Native Method)
at sun.reflect.NativeMethodAccessorImpl.invoke(NativeMethodAccessorImpl.java:62)
at sun.reflect.DelegatingMethodAccessorImpl.invoke(DelegatingMethodAccessorImpl.java:43)
at java.lang.reflect.Method.invoke(Method.java:498)
at org.testng.internal.MethodInvocationHelper.invokeMethod(MethodInvocationHelper.java:133)
at org.testng.internal.TestInvoker.invokeMethod(TestInvoker.java:584)
at org.testng.internal.TestInvoker.invokeTestMethod(TestInvoker.java:172)
at org.testng.internal.MethodRunner.runInSequence(MethodRunner.java:46)
at org.testng.internal.TestInvoker$MethodInvocationAgent.invoke(TestInvoker.java:804)
at org.testng.internal.TestInvoker.invokeTestMethods(TestInvoker.java:145)
at org.testng.internal.TestMethodWorker.invokeTestMethods(TestMethodWorker.java:146)
at org.testng.internal.TestMethodWorker.run(TestMethodWorker.java:128)
at java.util.ArrayList.forEach(ArrayList.java:1257)
at org.testng.TestRunner.privateRun(TestRunner.java:770)
at org.testng.TestRunner.run(TestRunner.java:591)
at org.testng.SuiteRunner.runTest(SuiteRunner.java:402)
at org.testng.SuiteRunner.runSequentially(SuiteRunner.java:396)
at org.testng.SuiteRunner.privateRun(SuiteRunner.java:355)
at org.testng.SuiteRunner.run(SuiteRunner.java:304)
at org.testng.SuiteRunnerWorker.runSuite(SuiteRunnerWorker.java:53)
at org.testng.SuiteRunnerWorker.run(SuiteRunnerWorker.java:96)
at org.testng.TestNG.runSuitesSequentially(TestNG.java:1180)
at org.testng.TestNG.runSuitesLocally(TestNG.java:1102)
at org.testng.TestNG.runSuites(TestNG.java:1032)
at org.testng.TestNG.run(TestNG.java:1000)
at org.testng.remote.AbstractRemoteTestNG.run(AbstractRemoteTestNG.java:115)
at org.testng.remote.RemoteTestNG.initAndRun(RemoteTestNG.java:251)
at org.testng.remote.RemoteTestNG.main(RemoteTestNG.java:77)
]]>
    </error>
  </testcase> <!-- validateInsightsFooter -->
  <testcase name="validateInsightsFooter" time="0.035" classname="com.atmecs.testscript.AtmecsHomePageScript">
    <error type="org.openqa.selenium.NoSuchWindowException" message="Currently focused window has been closed.
Build info: version: &#039;4.0.0-alpha-2&#039;, revision: &#039;f148142cf8&#039;, time: &#039;2019-07-01T20:55:26&#039;
System info: host: &#039;ATMECSINLT-283&#039;, ip: &#039;55.55.52.215&#039;, os.name: &#039;Windows 10&#039;, os.arch: &#039;amd64&#039;, os.version: &#039;10.0&#039;, java.version: &#039;1.8.0_221&#039;
Driver info: org.openqa.selenium.ie.InternetExplorerDriver
Capabilities {acceptInsecureCerts: false, browserName: internet explorer, browserVersion: 11, javascriptEnabled: true, pageLoadStrategy: normal, platform: WINDOWS, platformName: WINDOWS, proxy: Proxy(), se:ieOptions: {browserAttachTimeout: 0, elementScrollBehavior: 0, enablePersistentHover: true, ie.browserCommandLineSwitches: , ie.ensureCleanSession: false, ie.fileUploadDialogTimeout: 3000, ie.forceCreateProcessApi: false, ignoreProtectedModeSettings: false, ignoreZoomSetting: false, initialBrowserUrl: http://localhost:2124/, nativeEvents: true, requireWindowFocus: false}, setWindowRect: true, timeouts: {implicit: 0, pageLoad: 300000, script: 30000}}
Session ID: 055d0f1f-16b1-4577-b4c8-1028878473d8
*** Element info: {Using=xpath, value=//div[@id=&#039;footer&#039;]//a[contains(text(),&#039;Quality Engineering&#039;)]}">
      <![CDATA[org.openqa.selenium.NoSuchWindowException: Currently focused window has been closed.
Build info: version: '4.0.0-alpha-2', revision: 'f148142cf8', time: '2019-07-01T20:55:26'
System info: host: 'ATMECSINLT-283', ip: '55.55.52.215', os.name: 'Windows 10', os.arch: 'amd64', os.version: '10.0', java.version: '1.8.0_221'
Driver info: org.openqa.selenium.ie.InternetExplorerDriver
Capabilities {acceptInsecureCerts: false, browserName: internet explorer, browserVersion: 11, javascriptEnabled: true, pageLoadStrategy: normal, platform: WINDOWS, platformName: WINDOWS, proxy: Proxy(), se:ieOptions: {browserAttachTimeout: 0, elementScrollBehavior: 0, enablePersistentHover: true, ie.browserCommandLineSwitches: , ie.ensureCleanSession: false, ie.fileUploadDialogTimeout: 3000, ie.forceCreateProcessApi: false, ignoreProtectedModeSettings: false, ignoreZoomSetting: false, initialBrowserUrl: http://localhost:2124/, nativeEvents: true, requireWindowFocus: false}, setWindowRect: true, timeouts: {implicit: 0, pageLoad: 300000, script: 30000}}
Session ID: 055d0f1f-16b1-4577-b4c8-1028878473d8
*** Element info: {Using=xpath, value=//div[@id='footer']//a[contains(text(),'Quality Engineering')]}
at sun.reflect.GeneratedConstructorAccessor25.newInstance(Unknown Source)
at sun.reflect.DelegatingConstructorAccessorImpl.newInstance(DelegatingConstructorAccessorImpl.java:45)
at java.lang.reflect.Constructor.newInstance(Constructor.java:423)
at org.openqa.selenium.remote.codec.w3c.W3CHttpResponseCodec.createException(W3CHttpResponseCodec.java:191)
at org.openqa.selenium.remote.codec.w3c.W3CHttpResponseCodec.decode(W3CHttpResponseCodec.java:125)
at org.openqa.selenium.remote.codec.w3c.W3CHttpResponseCodec.decode(W3CHttpResponseCodec.java:52)
at org.openqa.selenium.remote.HttpCommandExecutor.execute(HttpCommandExecutor.java:161)
at org.openqa.selenium.remote.service.DriverCommandExecutor.execute(DriverCommandExecutor.java:83)
at org.openqa.selenium.remote.RemoteWebDriver.execute(RemoteWebDriver.java:576)
at org.openqa.selenium.remote.RemoteWebDriver.findElement(RemoteWebDriver.java:327)
at org.openqa.selenium.remote.RemoteWebDriver.findElementByXPath(RemoteWebDriver.java:445)
at org.openqa.selenium.By$ByXPath.findElement(By.java:353)
at org.openqa.selenium.remote.RemoteWebDriver.findElement(RemoteWebDriver.java:319)
at com.atmecs.helper.CommonUtility.locatorsType(CommonUtility.java:49)
at com.atmecs.helper.CommonUtility$4.apply(CommonUtility.java:180)
at com.atmecs.helper.CommonUtility$4.apply(CommonUtility.java:1)
at org.openqa.selenium.support.ui.FluentWait.until(FluentWait.java:211)
at com.atmecs.helper.CommonUtility.getText(CommonUtility.java:177)
at com.atmecs.general.AtmecsHomePage.isFooterPresent(AtmecsHomePage.java:80)
at com.atmecs.testscript.AtmecsHomePageScript.validateInsightsFooter(AtmecsHomePageScript.java:82)
at sun.reflect.GeneratedMethodAccessor6.invoke(Unknown Source)
at sun.reflect.DelegatingMethodAccessorImpl.invoke(DelegatingMethodAccessorImpl.java:43)
at java.lang.reflect.Method.invoke(Method.java:498)
at org.testng.internal.MethodInvocationHelper.invokeMethod(MethodInvocationHelper.java:133)
at org.testng.internal.TestInvoker.invokeMethod(TestInvoker.java:584)
at org.testng.internal.TestInvoker.invokeTestMethod(TestInvoker.java:172)
at org.testng.internal.MethodRunner.runInSequence(MethodRunner.java:46)
at org.testng.internal.TestInvoker$MethodInvocationAgent.invoke(TestInvoker.java:804)
at org.testng.internal.TestInvoker.invokeTestMethods(TestInvoker.java:145)
at org.testng.internal.TestMethodWorker.invokeTestMethods(TestMethodWorker.java:146)
at org.testng.internal.TestMethodWorker.run(TestMethodWorker.java:128)
at java.util.ArrayList.forEach(ArrayList.java:1257)
at org.testng.TestRunner.privateRun(TestRunner.java:770)
at org.testng.TestRunner.run(TestRunner.java:591)
at org.testng.SuiteRunner.runTest(SuiteRunner.java:402)
at org.testng.SuiteRunner.runSequentially(SuiteRunner.java:396)
at org.testng.SuiteRunner.privateRun(SuiteRunner.java:355)
at org.testng.SuiteRunner.run(SuiteRunner.java:304)
at org.testng.SuiteRunnerWorker.runSuite(SuiteRunnerWorker.java:53)
at org.testng.SuiteRunnerWorker.run(SuiteRunnerWorker.java:96)
at org.testng.TestNG.runSuitesSequentially(TestNG.java:1180)
at org.testng.TestNG.runSuitesLocally(TestNG.java:1102)
at org.testng.TestNG.runSuites(TestNG.java:1032)
at org.testng.TestNG.run(TestNG.java:1000)
at org.testng.remote.AbstractRemoteTestNG.run(AbstractRemoteTestNG.java:115)
at org.testng.remote.RemoteTestNG.initAndRun(RemoteTestNG.java:251)
at org.testng.remote.RemoteTestNG.main(RemoteTestNG.java:77)
]]>
    </error>
  </testcase> <!-- validateInsightsFooter -->
  <testcase name="validateInsightsFooter" time="0.033" classname="com.atmecs.testscript.AtmecsHomePageScript">
    <error type="org.openqa.selenium.NoSuchWindowException" message="Currently focused window has been closed.
Build info: version: &#039;4.0.0-alpha-2&#039;, revision: &#039;f148142cf8&#039;, time: &#039;2019-07-01T20:55:26&#039;
System info: host: &#039;ATMECSINLT-283&#039;, ip: &#039;55.55.52.215&#039;, os.name: &#039;Windows 10&#039;, os.arch: &#039;amd64&#039;, os.version: &#039;10.0&#039;, java.version: &#039;1.8.0_221&#039;
Driver info: org.openqa.selenium.ie.InternetExplorerDriver
Capabilities {acceptInsecureCerts: false, browserName: internet explorer, browserVersion: 11, javascriptEnabled: true, pageLoadStrategy: normal, platform: WINDOWS, platformName: WINDOWS, proxy: Proxy(), se:ieOptions: {browserAttachTimeout: 0, elementScrollBehavior: 0, enablePersistentHover: true, ie.browserCommandLineSwitches: , ie.ensureCleanSession: false, ie.fileUploadDialogTimeout: 3000, ie.forceCreateProcessApi: false, ignoreProtectedModeSettings: false, ignoreZoomSetting: false, initialBrowserUrl: http://localhost:2124/, nativeEvents: true, requireWindowFocus: false}, setWindowRect: true, timeouts: {implicit: 0, pageLoad: 300000, script: 30000}}
Session ID: 055d0f1f-16b1-4577-b4c8-1028878473d8
*** Element info: {Using=xpath, value=//div[@id=&#039;footer&#039;]//a[contains(text(),&#039;Cloud Services&#039;)]}">
      <![CDATA[org.openqa.selenium.NoSuchWindowException: Currently focused window has been closed.
Build info: version: '4.0.0-alpha-2', revision: 'f148142cf8', time: '2019-07-01T20:55:26'
System info: host: 'ATMECSINLT-283', ip: '55.55.52.215', os.name: 'Windows 10', os.arch: 'amd64', os.version: '10.0', java.version: '1.8.0_221'
Driver info: org.openqa.selenium.ie.InternetExplorerDriver
Capabilities {acceptInsecureCerts: false, browserName: internet explorer, browserVersion: 11, javascriptEnabled: true, pageLoadStrategy: normal, platform: WINDOWS, platformName: WINDOWS, proxy: Proxy(), se:ieOptions: {browserAttachTimeout: 0, elementScrollBehavior: 0, enablePersistentHover: true, ie.browserCommandLineSwitches: , ie.ensureCleanSession: false, ie.fileUploadDialogTimeout: 3000, ie.forceCreateProcessApi: false, ignoreProtectedModeSettings: false, ignoreZoomSetting: false, initialBrowserUrl: http://localhost:2124/, nativeEvents: true, requireWindowFocus: false}, setWindowRect: true, timeouts: {implicit: 0, pageLoad: 300000, script: 30000}}
Session ID: 055d0f1f-16b1-4577-b4c8-1028878473d8
*** Element info: {Using=xpath, value=//div[@id='footer']//a[contains(text(),'Cloud Services')]}
at sun.reflect.GeneratedConstructorAccessor25.newInstance(Unknown Source)
at sun.reflect.DelegatingConstructorAccessorImpl.newInstance(DelegatingConstructorAccessorImpl.java:45)
at java.lang.reflect.Constructor.newInstance(Constructor.java:423)
at org.openqa.selenium.remote.codec.w3c.W3CHttpResponseCodec.createException(W3CHttpResponseCodec.java:191)
at org.openqa.selenium.remote.codec.w3c.W3CHttpResponseCodec.decode(W3CHttpResponseCodec.java:125)
at org.openqa.selenium.remote.codec.w3c.W3CHttpResponseCodec.decode(W3CHttpResponseCodec.java:52)
at org.openqa.selenium.remote.HttpCommandExecutor.execute(HttpCommandExecutor.java:161)
at org.openqa.selenium.remote.service.DriverCommandExecutor.execute(DriverCommandExecutor.java:83)
at org.openqa.selenium.remote.RemoteWebDriver.execute(RemoteWebDriver.java:576)
at org.openqa.selenium.remote.RemoteWebDriver.findElement(RemoteWebDriver.java:327)
at org.openqa.selenium.remote.RemoteWebDriver.findElementByXPath(RemoteWebDriver.java:445)
at org.openqa.selenium.By$ByXPath.findElement(By.java:353)
at org.openqa.selenium.remote.RemoteWebDriver.findElement(RemoteWebDriver.java:319)
at com.atmecs.helper.CommonUtility.locatorsType(CommonUtility.java:49)
at com.atmecs.helper.CommonUtility$4.apply(CommonUtility.java:180)
at com.atmecs.helper.CommonUtility$4.apply(CommonUtility.java:1)
at org.openqa.selenium.support.ui.FluentWait.until(FluentWait.java:211)
at com.atmecs.helper.CommonUtility.getText(CommonUtility.java:177)
at com.atmecs.general.AtmecsHomePage.isFooterPresent(AtmecsHomePage.java:80)
at com.atmecs.testscript.AtmecsHomePageScript.validateInsightsFooter(AtmecsHomePageScript.java:82)
at sun.reflect.GeneratedMethodAccessor6.invoke(Unknown Source)
at sun.reflect.DelegatingMethodAccessorImpl.invoke(DelegatingMethodAccessorImpl.java:43)
at java.lang.reflect.Method.invoke(Method.java:498)
at org.testng.internal.MethodInvocationHelper.invokeMethod(MethodInvocationHelper.java:133)
at org.testng.internal.TestInvoker.invokeMethod(TestInvoker.java:584)
at org.testng.internal.TestInvoker.invokeTestMethod(TestInvoker.java:172)
at org.testng.internal.MethodRunner.runInSequence(MethodRunner.java:46)
at org.testng.internal.TestInvoker$MethodInvocationAgent.invoke(TestInvoker.java:804)
at org.testng.internal.TestInvoker.invokeTestMethods(TestInvoker.java:145)
at org.testng.internal.TestMethodWorker.invokeTestMethods(TestMethodWorker.java:146)
at org.testng.internal.TestMethodWorker.run(TestMethodWorker.java:128)
at java.util.ArrayList.forEach(ArrayList.java:1257)
at org.testng.TestRunner.privateRun(TestRunner.java:770)
at org.testng.TestRunner.run(TestRunner.java:591)
at org.testng.SuiteRunner.runTest(SuiteRunner.java:402)
at org.testng.SuiteRunner.runSequentially(SuiteRunner.java:396)
at org.testng.SuiteRunner.privateRun(SuiteRunner.java:355)
at org.testng.SuiteRunner.run(SuiteRunner.java:304)
at org.testng.SuiteRunnerWorker.runSuite(SuiteRunnerWorker.java:53)
at org.testng.SuiteRunnerWorker.run(SuiteRunnerWorker.java:96)
at org.testng.TestNG.runSuitesSequentially(TestNG.java:1180)
at org.testng.TestNG.runSuitesLocally(TestNG.java:1102)
at org.testng.TestNG.runSuites(TestNG.java:1032)
at org.testng.TestNG.run(TestNG.java:1000)
at org.testng.remote.AbstractRemoteTestNG.run(AbstractRemoteTestNG.java:115)
at org.testng.remote.RemoteTestNG.initAndRun(RemoteTestNG.java:251)
at org.testng.remote.RemoteTestNG.main(RemoteTestNG.java:77)
]]>
    </error>
  </testcase> <!-- validateInsightsFooter -->
  <testcase name="validateInsightsFooter" time="0.038" classname="com.atmecs.testscript.AtmecsHomePageScript">
    <error type="org.openqa.selenium.NoSuchWindowException" message="Currently focused window has been closed.
Build info: version: &#039;4.0.0-alpha-2&#039;, revision: &#039;f148142cf8&#039;, time: &#039;2019-07-01T20:55:26&#039;
System info: host: &#039;ATMECSINLT-283&#039;, ip: &#039;55.55.52.215&#039;, os.name: &#039;Windows 10&#039;, os.arch: &#039;amd64&#039;, os.version: &#039;10.0&#039;, java.version: &#039;1.8.0_221&#039;
Driver info: org.openqa.selenium.ie.InternetExplorerDriver
Capabilities {acceptInsecureCerts: false, browserName: internet explorer, browserVersion: 11, javascriptEnabled: true, pageLoadStrategy: normal, platform: WINDOWS, platformName: WINDOWS, proxy: Proxy(), se:ieOptions: {browserAttachTimeout: 0, elementScrollBehavior: 0, enablePersistentHover: true, ie.browserCommandLineSwitches: , ie.ensureCleanSession: false, ie.fileUploadDialogTimeout: 3000, ie.forceCreateProcessApi: false, ignoreProtectedModeSettings: false, ignoreZoomSetting: false, initialBrowserUrl: http://localhost:2124/, nativeEvents: true, requireWindowFocus: false}, setWindowRect: true, timeouts: {implicit: 0, pageLoad: 300000, script: 30000}}
Session ID: 055d0f1f-16b1-4577-b4c8-1028878473d8
*** Element info: {Using=xpath, value=//div[@id=&#039;footer&#039;]//a[contains(text(),&#039;Robotic Process Automation &amp; ChatBOTs&#039;)]}">
      <![CDATA[org.openqa.selenium.NoSuchWindowException: Currently focused window has been closed.
Build info: version: '4.0.0-alpha-2', revision: 'f148142cf8', time: '2019-07-01T20:55:26'
System info: host: 'ATMECSINLT-283', ip: '55.55.52.215', os.name: 'Windows 10', os.arch: 'amd64', os.version: '10.0', java.version: '1.8.0_221'
Driver info: org.openqa.selenium.ie.InternetExplorerDriver
Capabilities {acceptInsecureCerts: false, browserName: internet explorer, browserVersion: 11, javascriptEnabled: true, pageLoadStrategy: normal, platform: WINDOWS, platformName: WINDOWS, proxy: Proxy(), se:ieOptions: {browserAttachTimeout: 0, elementScrollBehavior: 0, enablePersistentHover: true, ie.browserCommandLineSwitches: , ie.ensureCleanSession: false, ie.fileUploadDialogTimeout: 3000, ie.forceCreateProcessApi: false, ignoreProtectedModeSettings: false, ignoreZoomSetting: false, initialBrowserUrl: http://localhost:2124/, nativeEvents: true, requireWindowFocus: false}, setWindowRect: true, timeouts: {implicit: 0, pageLoad: 300000, script: 30000}}
Session ID: 055d0f1f-16b1-4577-b4c8-1028878473d8
*** Element info: {Using=xpath, value=//div[@id='footer']//a[contains(text(),'Robotic Process Automation & ChatBOTs')]}
at sun.reflect.GeneratedConstructorAccessor25.newInstance(Unknown Source)
at sun.reflect.DelegatingConstructorAccessorImpl.newInstance(DelegatingConstructorAccessorImpl.java:45)
at java.lang.reflect.Constructor.newInstance(Constructor.java:423)
at org.openqa.selenium.remote.codec.w3c.W3CHttpResponseCodec.createException(W3CHttpResponseCodec.java:191)
at org.openqa.selenium.remote.codec.w3c.W3CHttpResponseCodec.decode(W3CHttpResponseCodec.java:125)
at org.openqa.selenium.remote.codec.w3c.W3CHttpResponseCodec.decode(W3CHttpResponseCodec.java:52)
at org.openqa.selenium.remote.HttpCommandExecutor.execute(HttpCommandExecutor.java:161)
at org.openqa.selenium.remote.service.DriverCommandExecutor.execute(DriverCommandExecutor.java:83)
at org.openqa.selenium.remote.RemoteWebDriver.execute(RemoteWebDriver.java:576)
at org.openqa.selenium.remote.RemoteWebDriver.findElement(RemoteWebDriver.java:327)
at org.openqa.selenium.remote.RemoteWebDriver.findElementByXPath(RemoteWebDriver.java:445)
at org.openqa.selenium.By$ByXPath.findElement(By.java:353)
at org.openqa.selenium.remote.RemoteWebDriver.findElement(RemoteWebDriver.java:319)
at com.atmecs.helper.CommonUtility.locatorsType(CommonUtility.java:49)
at com.atmecs.helper.CommonUtility$4.apply(CommonUtility.java:180)
at com.atmecs.helper.CommonUtility$4.apply(CommonUtility.java:1)
at org.openqa.selenium.support.ui.FluentWait.until(FluentWait.java:211)
at com.atmecs.helper.CommonUtility.getText(CommonUtility.java:177)
at com.atmecs.general.AtmecsHomePage.isFooterPresent(AtmecsHomePage.java:80)
at com.atmecs.testscript.AtmecsHomePageScript.validateInsightsFooter(AtmecsHomePageScript.java:82)
at sun.reflect.GeneratedMethodAccessor6.invoke(Unknown Source)
at sun.reflect.DelegatingMethodAccessorImpl.invoke(DelegatingMethodAccessorImpl.java:43)
at java.lang.reflect.Method.invoke(Method.java:498)
at org.testng.internal.MethodInvocationHelper.invokeMethod(MethodInvocationHelper.java:133)
at org.testng.internal.TestInvoker.invokeMethod(TestInvoker.java:584)
at org.testng.internal.TestInvoker.invokeTestMethod(TestInvoker.java:172)
at org.testng.internal.MethodRunner.runInSequence(MethodRunner.java:46)
at org.testng.internal.TestInvoker$MethodInvocationAgent.invoke(TestInvoker.java:804)
at org.testng.internal.TestInvoker.invokeTestMethods(TestInvoker.java:145)
at org.testng.internal.TestMethodWorker.invokeTestMethods(TestMethodWorker.java:146)
at org.testng.internal.TestMethodWorker.run(TestMethodWorker.java:128)
at java.util.ArrayList.forEach(ArrayList.java:1257)
at org.testng.TestRunner.privateRun(TestRunner.java:770)
at org.testng.TestRunner.run(TestRunner.java:591)
at org.testng.SuiteRunner.runTest(SuiteRunner.java:402)
at org.testng.SuiteRunner.runSequentially(SuiteRunner.java:396)
at org.testng.SuiteRunner.privateRun(SuiteRunner.java:355)
at org.testng.SuiteRunner.run(SuiteRunner.java:304)
at org.testng.SuiteRunnerWorker.runSuite(SuiteRunnerWorker.java:53)
at org.testng.SuiteRunnerWorker.run(SuiteRunnerWorker.java:96)
at org.testng.TestNG.runSuitesSequentially(TestNG.java:1180)
at org.testng.TestNG.runSuitesLocally(TestNG.java:1102)
at org.testng.TestNG.runSuites(TestNG.java:1032)
at org.testng.TestNG.run(TestNG.java:1000)
at org.testng.remote.AbstractRemoteTestNG.run(AbstractRemoteTestNG.java:115)
at org.testng.remote.RemoteTestNG.initAndRun(RemoteTestNG.java:251)
at org.testng.remote.RemoteTestNG.main(RemoteTestNG.java:77)
]]>
    </error>
  </testcase> <!-- validateInsightsFooter -->
  <testcase name="validateInsightsFooter" time="0.036" classname="com.atmecs.testscript.AtmecsHomePageScript">
    <error type="org.openqa.selenium.NoSuchWindowException" message="Currently focused window has been closed.
Build info: version: &#039;4.0.0-alpha-2&#039;, revision: &#039;f148142cf8&#039;, time: &#039;2019-07-01T20:55:26&#039;
System info: host: &#039;ATMECSINLT-283&#039;, ip: &#039;55.55.52.215&#039;, os.name: &#039;Windows 10&#039;, os.arch: &#039;amd64&#039;, os.version: &#039;10.0&#039;, java.version: &#039;1.8.0_221&#039;
Driver info: org.openqa.selenium.ie.InternetExplorerDriver
Capabilities {acceptInsecureCerts: false, browserName: internet explorer, browserVersion: 11, javascriptEnabled: true, pageLoadStrategy: normal, platform: WINDOWS, platformName: WINDOWS, proxy: Proxy(), se:ieOptions: {browserAttachTimeout: 0, elementScrollBehavior: 0, enablePersistentHover: true, ie.browserCommandLineSwitches: , ie.ensureCleanSession: false, ie.fileUploadDialogTimeout: 3000, ie.forceCreateProcessApi: false, ignoreProtectedModeSettings: false, ignoreZoomSetting: false, initialBrowserUrl: http://localhost:2124/, nativeEvents: true, requireWindowFocus: false}, setWindowRect: true, timeouts: {implicit: 0, pageLoad: 300000, script: 30000}}
Session ID: 055d0f1f-16b1-4577-b4c8-1028878473d8
*** Element info: {Using=xpath, value=//div[@id=&#039;footer&#039;]//a[contains(text(),&#039;Senior .NET Engineer&#039;)]}">
      <![CDATA[org.openqa.selenium.NoSuchWindowException: Currently focused window has been closed.
Build info: version: '4.0.0-alpha-2', revision: 'f148142cf8', time: '2019-07-01T20:55:26'
System info: host: 'ATMECSINLT-283', ip: '55.55.52.215', os.name: 'Windows 10', os.arch: 'amd64', os.version: '10.0', java.version: '1.8.0_221'
Driver info: org.openqa.selenium.ie.InternetExplorerDriver
Capabilities {acceptInsecureCerts: false, browserName: internet explorer, browserVersion: 11, javascriptEnabled: true, pageLoadStrategy: normal, platform: WINDOWS, platformName: WINDOWS, proxy: Proxy(), se:ieOptions: {browserAttachTimeout: 0, elementScrollBehavior: 0, enablePersistentHover: true, ie.browserCommandLineSwitches: , ie.ensureCleanSession: false, ie.fileUploadDialogTimeout: 3000, ie.forceCreateProcessApi: false, ignoreProtectedModeSettings: false, ignoreZoomSetting: false, initialBrowserUrl: http://localhost:2124/, nativeEvents: true, requireWindowFocus: false}, setWindowRect: true, timeouts: {implicit: 0, pageLoad: 300000, script: 30000}}
Session ID: 055d0f1f-16b1-4577-b4c8-1028878473d8
*** Element info: {Using=xpath, value=//div[@id='footer']//a[contains(text(),'Senior .NET Engineer')]}
at sun.reflect.GeneratedConstructorAccessor25.newInstance(Unknown Source)
at sun.reflect.DelegatingConstructorAccessorImpl.newInstance(DelegatingConstructorAccessorImpl.java:45)
at java.lang.reflect.Constructor.newInstance(Constructor.java:423)
at org.openqa.selenium.remote.codec.w3c.W3CHttpResponseCodec.createException(W3CHttpResponseCodec.java:191)
at org.openqa.selenium.remote.codec.w3c.W3CHttpResponseCodec.decode(W3CHttpResponseCodec.java:125)
at org.openqa.selenium.remote.codec.w3c.W3CHttpResponseCodec.decode(W3CHttpResponseCodec.java:52)
at org.openqa.selenium.remote.HttpCommandExecutor.execute(HttpCommandExecutor.java:161)
at org.openqa.selenium.remote.service.DriverCommandExecutor.execute(DriverCommandExecutor.java:83)
at org.openqa.selenium.remote.RemoteWebDriver.execute(RemoteWebDriver.java:576)
at org.openqa.selenium.remote.RemoteWebDriver.findElement(RemoteWebDriver.java:327)
at org.openqa.selenium.remote.RemoteWebDriver.findElementByXPath(RemoteWebDriver.java:445)
at org.openqa.selenium.By$ByXPath.findElement(By.java:353)
at org.openqa.selenium.remote.RemoteWebDriver.findElement(RemoteWebDriver.java:319)
at com.atmecs.helper.CommonUtility.locatorsType(CommonUtility.java:49)
at com.atmecs.helper.CommonUtility$4.apply(CommonUtility.java:180)
at com.atmecs.helper.CommonUtility$4.apply(CommonUtility.java:1)
at org.openqa.selenium.support.ui.FluentWait.until(FluentWait.java:211)
at com.atmecs.helper.CommonUtility.getText(CommonUtility.java:177)
at com.atmecs.general.AtmecsHomePage.isFooterPresent(AtmecsHomePage.java:80)
at com.atmecs.testscript.AtmecsHomePageScript.validateInsightsFooter(AtmecsHomePageScript.java:82)
at sun.reflect.NativeMethodAccessorImpl.invoke0(Native Method)
at sun.reflect.NativeMethodAccessorImpl.invoke(NativeMethodAccessorImpl.java:62)
at sun.reflect.DelegatingMethodAccessorImpl.invoke(DelegatingMethodAccessorImpl.java:43)
at java.lang.reflect.Method.invoke(Method.java:498)
at org.testng.internal.MethodInvocationHelper.invokeMethod(MethodInvocationHelper.java:133)
at org.testng.internal.TestInvoker.invokeMethod(TestInvoker.java:584)
at org.testng.internal.TestInvoker.invokeTestMethod(TestInvoker.java:172)
at org.testng.internal.MethodRunner.runInSequence(MethodRunner.java:46)
at org.testng.internal.TestInvoker$MethodInvocationAgent.invoke(TestInvoker.java:804)
at org.testng.internal.TestInvoker.invokeTestMethods(TestInvoker.java:145)
at org.testng.internal.TestMethodWorker.invokeTestMethods(TestMethodWorker.java:146)
at org.testng.internal.TestMethodWorker.run(TestMethodWorker.java:128)
at java.util.ArrayList.forEach(ArrayList.java:1257)
at org.testng.TestRunner.privateRun(TestRunner.java:770)
at org.testng.TestRunner.run(TestRunner.java:591)
at org.testng.SuiteRunner.runTest(SuiteRunner.java:402)
at org.testng.SuiteRunner.runSequentially(SuiteRunner.java:396)
at org.testng.SuiteRunner.privateRun(SuiteRunner.java:355)
at org.testng.SuiteRunner.run(SuiteRunner.java:304)
at org.testng.SuiteRunnerWorker.runSuite(SuiteRunnerWorker.java:53)
at org.testng.SuiteRunnerWorker.run(SuiteRunnerWorker.java:96)
at org.testng.TestNG.runSuitesSequentially(TestNG.java:1180)
at org.testng.TestNG.runSuitesLocally(TestNG.java:1102)
at org.testng.TestNG.runSuites(TestNG.java:1032)
at org.testng.TestNG.run(TestNG.java:1000)
at org.testng.remote.AbstractRemoteTestNG.run(AbstractRemoteTestNG.java:115)
at org.testng.remote.RemoteTestNG.initAndRun(RemoteTestNG.java:251)
at org.testng.remote.RemoteTestNG.main(RemoteTestNG.java:77)
]]>
    </error>
  </testcase> <!-- validateInsightsFooter -->
  <testcase name="validateInsightsFooter" time="0.019" classname="com.atmecs.testscript.AtmecsHomePageScript">
    <error type="org.openqa.selenium.NoSuchWindowException" message="Currently focused window has been closed.
Build info: version: &#039;4.0.0-alpha-2&#039;, revision: &#039;f148142cf8&#039;, time: &#039;2019-07-01T20:55:26&#039;
System info: host: &#039;ATMECSINLT-283&#039;, ip: &#039;55.55.52.215&#039;, os.name: &#039;Windows 10&#039;, os.arch: &#039;amd64&#039;, os.version: &#039;10.0&#039;, java.version: &#039;1.8.0_221&#039;
Driver info: org.openqa.selenium.ie.InternetExplorerDriver
Capabilities {acceptInsecureCerts: false, browserName: internet explorer, browserVersion: 11, javascriptEnabled: true, pageLoadStrategy: normal, platform: WINDOWS, platformName: WINDOWS, proxy: Proxy(), se:ieOptions: {browserAttachTimeout: 0, elementScrollBehavior: 0, enablePersistentHover: true, ie.browserCommandLineSwitches: , ie.ensureCleanSession: false, ie.fileUploadDialogTimeout: 3000, ie.forceCreateProcessApi: false, ignoreProtectedModeSettings: false, ignoreZoomSetting: false, initialBrowserUrl: http://localhost:2124/, nativeEvents: true, requireWindowFocus: false}, setWindowRect: true, timeouts: {implicit: 0, pageLoad: 300000, script: 30000}}
Session ID: 055d0f1f-16b1-4577-b4c8-1028878473d8
*** Element info: {Using=xpath, value=//div[@id=&#039;footer&#039;]//a[contains(text(),&#039;Careers&#039;)]}">
      <![CDATA[org.openqa.selenium.NoSuchWindowException: Currently focused window has been closed.
Build info: version: '4.0.0-alpha-2', revision: 'f148142cf8', time: '2019-07-01T20:55:26'
System info: host: 'ATMECSINLT-283', ip: '55.55.52.215', os.name: 'Windows 10', os.arch: 'amd64', os.version: '10.0', java.version: '1.8.0_221'
Driver info: org.openqa.selenium.ie.InternetExplorerDriver
Capabilities {acceptInsecureCerts: false, browserName: internet explorer, browserVersion: 11, javascriptEnabled: true, pageLoadStrategy: normal, platform: WINDOWS, platformName: WINDOWS, proxy: Proxy(), se:ieOptions: {browserAttachTimeout: 0, elementScrollBehavior: 0, enablePersistentHover: true, ie.browserCommandLineSwitches: , ie.ensureCleanSession: false, ie.fileUploadDialogTimeout: 3000, ie.forceCreateProcessApi: false, ignoreProtectedModeSettings: false, ignoreZoomSetting: false, initialBrowserUrl: http://localhost:2124/, nativeEvents: true, requireWindowFocus: false}, setWindowRect: true, timeouts: {implicit: 0, pageLoad: 300000, script: 30000}}
Session ID: 055d0f1f-16b1-4577-b4c8-1028878473d8
*** Element info: {Using=xpath, value=//div[@id='footer']//a[contains(text(),'Careers')]}
at sun.reflect.GeneratedConstructorAccessor25.newInstance(Unknown Source)
at sun.reflect.DelegatingConstructorAccessorImpl.newInstance(DelegatingConstructorAccessorImpl.java:45)
at java.lang.reflect.Constructor.newInstance(Constructor.java:423)
at org.openqa.selenium.remote.codec.w3c.W3CHttpResponseCodec.createException(W3CHttpResponseCodec.java:191)
at org.openqa.selenium.remote.codec.w3c.W3CHttpResponseCodec.decode(W3CHttpResponseCodec.java:125)
at org.openqa.selenium.remote.codec.w3c.W3CHttpResponseCodec.decode(W3CHttpResponseCodec.java:52)
at org.openqa.selenium.remote.HttpCommandExecutor.execute(HttpCommandExecutor.java:161)
at org.openqa.selenium.remote.service.DriverCommandExecutor.execute(DriverCommandExecutor.java:83)
at org.openqa.selenium.remote.RemoteWebDriver.execute(RemoteWebDriver.java:576)
at org.openqa.selenium.remote.RemoteWebDriver.findElement(RemoteWebDriver.java:327)
at org.openqa.selenium.remote.RemoteWebDriver.findElementByXPath(RemoteWebDriver.java:445)
at org.openqa.selenium.By$ByXPath.findElement(By.java:353)
at org.openqa.selenium.remote.RemoteWebDriver.findElement(RemoteWebDriver.java:319)
at com.atmecs.helper.CommonUtility.locatorsType(CommonUtility.java:49)
at com.atmecs.helper.CommonUtility$4.apply(CommonUtility.java:180)
at com.atmecs.helper.CommonUtility$4.apply(CommonUtility.java:1)
at org.openqa.selenium.support.ui.FluentWait.until(FluentWait.java:211)
at com.atmecs.helper.CommonUtility.getText(CommonUtility.java:177)
at com.atmecs.general.AtmecsHomePage.isFooterPresent(AtmecsHomePage.java:80)
at com.atmecs.testscript.AtmecsHomePageScript.validateInsightsFooter(AtmecsHomePageScript.java:82)
at sun.reflect.NativeMethodAccessorImpl.invoke0(Native Method)
at sun.reflect.NativeMethodAccessorImpl.invoke(NativeMethodAccessorImpl.java:62)
at sun.reflect.DelegatingMethodAccessorImpl.invoke(DelegatingMethodAccessorImpl.java:43)
at java.lang.reflect.Method.invoke(Method.java:498)
at org.testng.internal.MethodInvocationHelper.invokeMethod(MethodInvocationHelper.java:133)
at org.testng.internal.TestInvoker.invokeMethod(TestInvoker.java:584)
at org.testng.internal.TestInvoker.invokeTestMethod(TestInvoker.java:172)
at org.testng.internal.MethodRunner.runInSequence(MethodRunner.java:46)
at org.testng.internal.TestInvoker$MethodInvocationAgent.invoke(TestInvoker.java:804)
at org.testng.internal.TestInvoker.invokeTestMethods(TestInvoker.java:145)
at org.testng.internal.TestMethodWorker.invokeTestMethods(TestMethodWorker.java:146)
at org.testng.internal.TestMethodWorker.run(TestMethodWorker.java:128)
at java.util.ArrayList.forEach(ArrayList.java:1257)
at org.testng.TestRunner.privateRun(TestRunner.java:770)
at org.testng.TestRunner.run(TestRunner.java:591)
at org.testng.SuiteRunner.runTest(SuiteRunner.java:402)
at org.testng.SuiteRunner.runSequentially(SuiteRunner.java:396)
at org.testng.SuiteRunner.privateRun(SuiteRunner.java:355)
at org.testng.SuiteRunner.run(SuiteRunner.java:304)
at org.testng.SuiteRunnerWorker.runSuite(SuiteRunnerWorker.java:53)
at org.testng.SuiteRunnerWorker.run(SuiteRunnerWorker.java:96)
at org.testng.TestNG.runSuitesSequentially(TestNG.java:1180)
at org.testng.TestNG.runSuitesLocally(TestNG.java:1102)
at org.testng.TestNG.runSuites(TestNG.java:1032)
at org.testng.TestNG.run(TestNG.java:1000)
at org.testng.remote.AbstractRemoteTestNG.run(AbstractRemoteTestNG.java:115)
at org.testng.remote.RemoteTestNG.initAndRun(RemoteTestNG.java:251)
at org.testng.remote.RemoteTestNG.main(RemoteTestNG.java:77)
]]>
    </error>
  </testcase> <!-- validateInsightsFooter -->
  <testcase name="validateInsightsFooter" time="0.033" classname="com.atmecs.testscript.AtmecsHomePageScript">
    <error type="org.openqa.selenium.NoSuchWindowException" message="Currently focused window has been closed.
Build info: version: &#039;4.0.0-alpha-2&#039;, revision: &#039;f148142cf8&#039;, time: &#039;2019-07-01T20:55:26&#039;
System info: host: &#039;ATMECSINLT-283&#039;, ip: &#039;55.55.52.215&#039;, os.name: &#039;Windows 10&#039;, os.arch: &#039;amd64&#039;, os.version: &#039;10.0&#039;, java.version: &#039;1.8.0_221&#039;
Driver info: org.openqa.selenium.ie.InternetExplorerDriver
Capabilities {acceptInsecureCerts: false, browserName: internet explorer, browserVersion: 11, javascriptEnabled: true, pageLoadStrategy: normal, platform: WINDOWS, platformName: WINDOWS, proxy: Proxy(), se:ieOptions: {browserAttachTimeout: 0, elementScrollBehavior: 0, enablePersistentHover: true, ie.browserCommandLineSwitches: , ie.ensureCleanSession: false, ie.fileUploadDialogTimeout: 3000, ie.forceCreateProcessApi: false, ignoreProtectedModeSettings: false, ignoreZoomSetting: false, initialBrowserUrl: http://localhost:2124/, nativeEvents: true, requireWindowFocus: false}, setWindowRect: true, timeouts: {implicit: 0, pageLoad: 300000, script: 30000}}
Session ID: 055d0f1f-16b1-4577-b4c8-1028878473d8
*** Element info: {Using=xpath, value=//div[@id=&#039;footer&#039;]//a[contains(text(),&#039;Internet of Things&#039;)]}">
      <![CDATA[org.openqa.selenium.NoSuchWindowException: Currently focused window has been closed.
Build info: version: '4.0.0-alpha-2', revision: 'f148142cf8', time: '2019-07-01T20:55:26'
System info: host: 'ATMECSINLT-283', ip: '55.55.52.215', os.name: 'Windows 10', os.arch: 'amd64', os.version: '10.0', java.version: '1.8.0_221'
Driver info: org.openqa.selenium.ie.InternetExplorerDriver
Capabilities {acceptInsecureCerts: false, browserName: internet explorer, browserVersion: 11, javascriptEnabled: true, pageLoadStrategy: normal, platform: WINDOWS, platformName: WINDOWS, proxy: Proxy(), se:ieOptions: {browserAttachTimeout: 0, elementScrollBehavior: 0, enablePersistentHover: true, ie.browserCommandLineSwitches: , ie.ensureCleanSession: false, ie.fileUploadDialogTimeout: 3000, ie.forceCreateProcessApi: false, ignoreProtectedModeSettings: false, ignoreZoomSetting: false, initialBrowserUrl: http://localhost:2124/, nativeEvents: true, requireWindowFocus: false}, setWindowRect: true, timeouts: {implicit: 0, pageLoad: 300000, script: 30000}}
Session ID: 055d0f1f-16b1-4577-b4c8-1028878473d8
*** Element info: {Using=xpath, value=//div[@id='footer']//a[contains(text(),'Internet of Things')]}
at sun.reflect.GeneratedConstructorAccessor25.newInstance(Unknown Source)
at sun.reflect.DelegatingConstructorAccessorImpl.newInstance(DelegatingConstructorAccessorImpl.java:45)
at java.lang.reflect.Constructor.newInstance(Constructor.java:423)
at org.openqa.selenium.remote.codec.w3c.W3CHttpResponseCodec.createException(W3CHttpResponseCodec.java:191)
at org.openqa.selenium.remote.codec.w3c.W3CHttpResponseCodec.decode(W3CHttpResponseCodec.java:125)
at org.openqa.selenium.remote.codec.w3c.W3CHttpResponseCodec.decode(W3CHttpResponseCodec.java:52)
at org.openqa.selenium.remote.HttpCommandExecutor.execute(HttpCommandExecutor.java:161)
at org.openqa.selenium.remote.service.DriverCommandExecutor.execute(DriverCommandExecutor.java:83)
at org.openqa.selenium.remote.RemoteWebDriver.execute(RemoteWebDriver.java:576)
at org.openqa.selenium.remote.RemoteWebDriver.findElement(RemoteWebDriver.java:327)
at org.openqa.selenium.remote.RemoteWebDriver.findElementByXPath(RemoteWebDriver.java:445)
at org.openqa.selenium.By$ByXPath.findElement(By.java:353)
at org.openqa.selenium.remote.RemoteWebDriver.findElement(RemoteWebDriver.java:319)
at com.atmecs.helper.CommonUtility.locatorsType(CommonUtility.java:49)
at com.atmecs.helper.CommonUtility$4.apply(CommonUtility.java:180)
at com.atmecs.helper.CommonUtility$4.apply(CommonUtility.java:1)
at org.openqa.selenium.support.ui.FluentWait.until(FluentWait.java:211)
at com.atmecs.helper.CommonUtility.getText(CommonUtility.java:177)
at com.atmecs.general.AtmecsHomePage.isFooterPresent(AtmecsHomePage.java:80)
at com.atmecs.testscript.AtmecsHomePageScript.validateInsightsFooter(AtmecsHomePageScript.java:82)
at sun.reflect.GeneratedMethodAccessor6.invoke(Unknown Source)
at sun.reflect.DelegatingMethodAccessorImpl.invoke(DelegatingMethodAccessorImpl.java:43)
at java.lang.reflect.Method.invoke(Method.java:498)
at org.testng.internal.MethodInvocationHelper.invokeMethod(MethodInvocationHelper.java:133)
at org.testng.internal.TestInvoker.invokeMethod(TestInvoker.java:584)
at org.testng.internal.TestInvoker.invokeTestMethod(TestInvoker.java:172)
at org.testng.internal.MethodRunner.runInSequence(MethodRunner.java:46)
at org.testng.internal.TestInvoker$MethodInvocationAgent.invoke(TestInvoker.java:804)
at org.testng.internal.TestInvoker.invokeTestMethods(TestInvoker.java:145)
at org.testng.internal.TestMethodWorker.invokeTestMethods(TestMethodWorker.java:146)
at org.testng.internal.TestMethodWorker.run(TestMethodWorker.java:128)
at java.util.ArrayList.forEach(ArrayList.java:1257)
at org.testng.TestRunner.privateRun(TestRunner.java:770)
at org.testng.TestRunner.run(TestRunner.java:591)
at org.testng.SuiteRunner.runTest(SuiteRunner.java:402)
at org.testng.SuiteRunner.runSequentially(SuiteRunner.java:396)
at org.testng.SuiteRunner.privateRun(SuiteRunner.java:355)
at org.testng.SuiteRunner.run(SuiteRunner.java:304)
at org.testng.SuiteRunnerWorker.runSuite(SuiteRunnerWorker.java:53)
at org.testng.SuiteRunnerWorker.run(SuiteRunnerWorker.java:96)
at org.testng.TestNG.runSuitesSequentially(TestNG.java:1180)
at org.testng.TestNG.runSuitesLocally(TestNG.java:1102)
at org.testng.TestNG.runSuites(TestNG.java:1032)
at org.testng.TestNG.run(TestNG.java:1000)
at org.testng.remote.AbstractRemoteTestNG.run(AbstractRemoteTestNG.java:115)
at org.testng.remote.RemoteTestNG.initAndRun(RemoteTestNG.java:251)
at org.testng.remote.RemoteTestNG.main(RemoteTestNG.java:77)
]]>
    </error>
  </testcase> <!-- validateInsightsFooter -->
  <testcase name="validateInsightsFooter" time="0.031" classname="com.atmecs.testscript.AtmecsHomePageScript">
    <error type="org.openqa.selenium.NoSuchWindowException" message="Currently focused window has been closed.
Build info: version: &#039;4.0.0-alpha-2&#039;, revision: &#039;f148142cf8&#039;, time: &#039;2019-07-01T20:55:26&#039;
System info: host: &#039;ATMECSINLT-283&#039;, ip: &#039;55.55.52.215&#039;, os.name: &#039;Windows 10&#039;, os.arch: &#039;amd64&#039;, os.version: &#039;10.0&#039;, java.version: &#039;1.8.0_221&#039;
Driver info: org.openqa.selenium.ie.InternetExplorerDriver
Capabilities {acceptInsecureCerts: false, browserName: internet explorer, browserVersion: 11, javascriptEnabled: true, pageLoadStrategy: normal, platform: WINDOWS, platformName: WINDOWS, proxy: Proxy(), se:ieOptions: {browserAttachTimeout: 0, elementScrollBehavior: 0, enablePersistentHover: true, ie.browserCommandLineSwitches: , ie.ensureCleanSession: false, ie.fileUploadDialogTimeout: 3000, ie.forceCreateProcessApi: false, ignoreProtectedModeSettings: false, ignoreZoomSetting: false, initialBrowserUrl: http://localhost:2124/, nativeEvents: true, requireWindowFocus: false}, setWindowRect: true, timeouts: {implicit: 0, pageLoad: 300000, script: 30000}}
Session ID: 055d0f1f-16b1-4577-b4c8-1028878473d8
*** Element info: {Using=xpath, value=//div[@id=&#039;footer&#039;]//a[contains(text(),&#039;Europe – Ireland&#039;)]}">
      <![CDATA[org.openqa.selenium.NoSuchWindowException: Currently focused window has been closed.
Build info: version: '4.0.0-alpha-2', revision: 'f148142cf8', time: '2019-07-01T20:55:26'
System info: host: 'ATMECSINLT-283', ip: '55.55.52.215', os.name: 'Windows 10', os.arch: 'amd64', os.version: '10.0', java.version: '1.8.0_221'
Driver info: org.openqa.selenium.ie.InternetExplorerDriver
Capabilities {acceptInsecureCerts: false, browserName: internet explorer, browserVersion: 11, javascriptEnabled: true, pageLoadStrategy: normal, platform: WINDOWS, platformName: WINDOWS, proxy: Proxy(), se:ieOptions: {browserAttachTimeout: 0, elementScrollBehavior: 0, enablePersistentHover: true, ie.browserCommandLineSwitches: , ie.ensureCleanSession: false, ie.fileUploadDialogTimeout: 3000, ie.forceCreateProcessApi: false, ignoreProtectedModeSettings: false, ignoreZoomSetting: false, initialBrowserUrl: http://localhost:2124/, nativeEvents: true, requireWindowFocus: false}, setWindowRect: true, timeouts: {implicit: 0, pageLoad: 300000, script: 30000}}
Session ID: 055d0f1f-16b1-4577-b4c8-1028878473d8
*** Element info: {Using=xpath, value=//div[@id='footer']//a[contains(text(),'Europe – Ireland')]}
at sun.reflect.GeneratedConstructorAccessor25.newInstance(Unknown Source)
at sun.reflect.DelegatingConstructorAccessorImpl.newInstance(DelegatingConstructorAccessorImpl.java:45)
at java.lang.reflect.Constructor.newInstance(Constructor.java:423)
at org.openqa.selenium.remote.codec.w3c.W3CHttpResponseCodec.createException(W3CHttpResponseCodec.java:191)
at org.openqa.selenium.remote.codec.w3c.W3CHttpResponseCodec.decode(W3CHttpResponseCodec.java:125)
at org.openqa.selenium.remote.codec.w3c.W3CHttpResponseCodec.decode(W3CHttpResponseCodec.java:52)
at org.openqa.selenium.remote.HttpCommandExecutor.execute(HttpCommandExecutor.java:161)
at org.openqa.selenium.remote.service.DriverCommandExecutor.execute(DriverCommandExecutor.java:83)
at org.openqa.selenium.remote.RemoteWebDriver.execute(RemoteWebDriver.java:576)
at org.openqa.selenium.remote.RemoteWebDriver.findElement(RemoteWebDriver.java:327)
at org.openqa.selenium.remote.RemoteWebDriver.findElementByXPath(RemoteWebDriver.java:445)
at org.openqa.selenium.By$ByXPath.findElement(By.java:353)
at org.openqa.selenium.remote.RemoteWebDriver.findElement(RemoteWebDriver.java:319)
at com.atmecs.helper.CommonUtility.locatorsType(CommonUtility.java:49)
at com.atmecs.helper.CommonUtility$4.apply(CommonUtility.java:180)
at com.atmecs.helper.CommonUtility$4.apply(CommonUtility.java:1)
at org.openqa.selenium.support.ui.FluentWait.until(FluentWait.java:211)
at com.atmecs.helper.CommonUtility.getText(CommonUtility.java:177)
at com.atmecs.general.AtmecsHomePage.isFooterPresent(AtmecsHomePage.java:80)
at com.atmecs.testscript.AtmecsHomePageScript.validateInsightsFooter(AtmecsHomePageScript.java:82)
at sun.reflect.GeneratedMethodAccessor6.invoke(Unknown Source)
at sun.reflect.DelegatingMethodAccessorImpl.invoke(DelegatingMethodAccessorImpl.java:43)
at java.lang.reflect.Method.invoke(Method.java:498)
at org.testng.internal.MethodInvocationHelper.invokeMethod(MethodInvocationHelper.java:133)
at org.testng.internal.TestInvoker.invokeMethod(TestInvoker.java:584)
at org.testng.internal.TestInvoker.invokeTestMethod(TestInvoker.java:172)
at org.testng.internal.MethodRunner.runInSequence(MethodRunner.java:46)
at org.testng.internal.TestInvoker$MethodInvocationAgent.invoke(TestInvoker.java:804)
at org.testng.internal.TestInvoker.invokeTestMethods(TestInvoker.java:145)
at org.testng.internal.TestMethodWorker.invokeTestMethods(TestMethodWorker.java:146)
at org.testng.internal.TestMethodWorker.run(TestMethodWorker.java:128)
at java.util.ArrayList.forEach(ArrayList.java:1257)
at org.testng.TestRunner.privateRun(TestRunner.java:770)
at org.testng.TestRunner.run(TestRunner.java:591)
at org.testng.SuiteRunner.runTest(SuiteRunner.java:402)
at org.testng.SuiteRunner.runSequentially(SuiteRunner.java:396)
at org.testng.SuiteRunner.privateRun(SuiteRunner.java:355)
at org.testng.SuiteRunner.run(SuiteRunner.java:304)
at org.testng.SuiteRunnerWorker.runSuite(SuiteRunnerWorker.java:53)
at org.testng.SuiteRunnerWorker.run(SuiteRunnerWorker.java:96)
at org.testng.TestNG.runSuitesSequentially(TestNG.java:1180)
at org.testng.TestNG.runSuitesLocally(TestNG.java:1102)
at org.testng.TestNG.runSuites(TestNG.java:1032)
at org.testng.TestNG.run(TestNG.java:1000)
at org.testng.remote.AbstractRemoteTestNG.run(AbstractRemoteTestNG.java:115)
at org.testng.remote.RemoteTestNG.initAndRun(RemoteTestNG.java:251)
at org.testng.remote.RemoteTestNG.main(RemoteTestNG.java:77)
]]>
    </error>
  </testcase> <!-- validateInsightsFooter -->
  <testcase name="validateInsightsFooter" time="0.030" classname="com.atmecs.testscript.AtmecsHomePageScript">
    <error type="org.openqa.selenium.NoSuchWindowException" message="Currently focused window has been closed.
Build info: version: &#039;4.0.0-alpha-2&#039;, revision: &#039;f148142cf8&#039;, time: &#039;2019-07-01T20:55:26&#039;
System info: host: &#039;ATMECSINLT-283&#039;, ip: &#039;55.55.52.215&#039;, os.name: &#039;Windows 10&#039;, os.arch: &#039;amd64&#039;, os.version: &#039;10.0&#039;, java.version: &#039;1.8.0_221&#039;
Driver info: org.openqa.selenium.ie.InternetExplorerDriver
Capabilities {acceptInsecureCerts: false, browserName: internet explorer, browserVersion: 11, javascriptEnabled: true, pageLoadStrategy: normal, platform: WINDOWS, platformName: WINDOWS, proxy: Proxy(), se:ieOptions: {browserAttachTimeout: 0, elementScrollBehavior: 0, enablePersistentHover: true, ie.browserCommandLineSwitches: , ie.ensureCleanSession: false, ie.fileUploadDialogTimeout: 3000, ie.forceCreateProcessApi: false, ignoreProtectedModeSettings: false, ignoreZoomSetting: false, initialBrowserUrl: http://localhost:2124/, nativeEvents: true, requireWindowFocus: false}, setWindowRect: true, timeouts: {implicit: 0, pageLoad: 300000, script: 30000}}
Session ID: 055d0f1f-16b1-4577-b4c8-1028878473d8
*** Element info: {Using=xpath, value=//div[@id=&#039;footer&#039;]//a[contains(text(),&#039;India – Hyderabad&#039;)]}">
      <![CDATA[org.openqa.selenium.NoSuchWindowException: Currently focused window has been closed.
Build info: version: '4.0.0-alpha-2', revision: 'f148142cf8', time: '2019-07-01T20:55:26'
System info: host: 'ATMECSINLT-283', ip: '55.55.52.215', os.name: 'Windows 10', os.arch: 'amd64', os.version: '10.0', java.version: '1.8.0_221'
Driver info: org.openqa.selenium.ie.InternetExplorerDriver
Capabilities {acceptInsecureCerts: false, browserName: internet explorer, browserVersion: 11, javascriptEnabled: true, pageLoadStrategy: normal, platform: WINDOWS, platformName: WINDOWS, proxy: Proxy(), se:ieOptions: {browserAttachTimeout: 0, elementScrollBehavior: 0, enablePersistentHover: true, ie.browserCommandLineSwitches: , ie.ensureCleanSession: false, ie.fileUploadDialogTimeout: 3000, ie.forceCreateProcessApi: false, ignoreProtectedModeSettings: false, ignoreZoomSetting: false, initialBrowserUrl: http://localhost:2124/, nativeEvents: true, requireWindowFocus: false}, setWindowRect: true, timeouts: {implicit: 0, pageLoad: 300000, script: 30000}}
Session ID: 055d0f1f-16b1-4577-b4c8-1028878473d8
*** Element info: {Using=xpath, value=//div[@id='footer']//a[contains(text(),'India – Hyderabad')]}
at sun.reflect.GeneratedConstructorAccessor25.newInstance(Unknown Source)
at sun.reflect.DelegatingConstructorAccessorImpl.newInstance(DelegatingConstructorAccessorImpl.java:45)
at java.lang.reflect.Constructor.newInstance(Constructor.java:423)
at org.openqa.selenium.remote.codec.w3c.W3CHttpResponseCodec.createException(W3CHttpResponseCodec.java:191)
at org.openqa.selenium.remote.codec.w3c.W3CHttpResponseCodec.decode(W3CHttpResponseCodec.java:125)
at org.openqa.selenium.remote.codec.w3c.W3CHttpResponseCodec.decode(W3CHttpResponseCodec.java:52)
at org.openqa.selenium.remote.HttpCommandExecutor.execute(HttpCommandExecutor.java:161)
at org.openqa.selenium.remote.service.DriverCommandExecutor.execute(DriverCommandExecutor.java:83)
at org.openqa.selenium.remote.RemoteWebDriver.execute(RemoteWebDriver.java:576)
at org.openqa.selenium.remote.RemoteWebDriver.findElement(RemoteWebDriver.java:327)
at org.openqa.selenium.remote.RemoteWebDriver.findElementByXPath(RemoteWebDriver.java:445)
at org.openqa.selenium.By$ByXPath.findElement(By.java:353)
at org.openqa.selenium.remote.RemoteWebDriver.findElement(RemoteWebDriver.java:319)
at com.atmecs.helper.CommonUtility.locatorsType(CommonUtility.java:49)
at com.atmecs.helper.CommonUtility$4.apply(CommonUtility.java:180)
at com.atmecs.helper.CommonUtility$4.apply(CommonUtility.java:1)
at org.openqa.selenium.support.ui.FluentWait.until(FluentWait.java:211)
at com.atmecs.helper.CommonUtility.getText(CommonUtility.java:177)
at com.atmecs.general.AtmecsHomePage.isFooterPresent(AtmecsHomePage.java:80)
at com.atmecs.testscript.AtmecsHomePageScript.validateInsightsFooter(AtmecsHomePageScript.java:82)
at sun.reflect.GeneratedMethodAccessor6.invoke(Unknown Source)
at sun.reflect.DelegatingMethodAccessorImpl.invoke(DelegatingMethodAccessorImpl.java:43)
at java.lang.reflect.Method.invoke(Method.java:498)
at org.testng.internal.MethodInvocationHelper.invokeMethod(MethodInvocationHelper.java:133)
at org.testng.internal.TestInvoker.invokeMethod(TestInvoker.java:584)
at org.testng.internal.TestInvoker.invokeTestMethod(TestInvoker.java:172)
at org.testng.internal.MethodRunner.runInSequence(MethodRunner.java:46)
at org.testng.internal.TestInvoker$MethodInvocationAgent.invoke(TestInvoker.java:804)
at org.testng.internal.TestInvoker.invokeTestMethods(TestInvoker.java:145)
at org.testng.internal.TestMethodWorker.invokeTestMethods(TestMethodWorker.java:146)
at org.testng.internal.TestMethodWorker.run(TestMethodWorker.java:128)
at java.util.ArrayList.forEach(ArrayList.java:1257)
at org.testng.TestRunner.privateRun(TestRunner.java:770)
at org.testng.TestRunner.run(TestRunner.java:591)
at org.testng.SuiteRunner.runTest(SuiteRunner.java:402)
at org.testng.SuiteRunner.runSequentially(SuiteRunner.java:396)
at org.testng.SuiteRunner.privateRun(SuiteRunner.java:355)
at org.testng.SuiteRunner.run(SuiteRunner.java:304)
at org.testng.SuiteRunnerWorker.runSuite(SuiteRunnerWorker.java:53)
at org.testng.SuiteRunnerWorker.run(SuiteRunnerWorker.java:96)
at org.testng.TestNG.runSuitesSequentially(TestNG.java:1180)
at org.testng.TestNG.runSuitesLocally(TestNG.java:1102)
at org.testng.TestNG.runSuites(TestNG.java:1032)
at org.testng.TestNG.run(TestNG.java:1000)
at org.testng.remote.AbstractRemoteTestNG.run(AbstractRemoteTestNG.java:115)
at org.testng.remote.RemoteTestNG.initAndRun(RemoteTestNG.java:251)
at org.testng.remote.RemoteTestNG.main(RemoteTestNG.java:77)
]]>
    </error>
  </testcase> <!-- validateInsightsFooter -->
  <testcase name="validateInsightsFooter" time="0.039" classname="com.atmecs.testscript.AtmecsHomePageScript">
    <error type="org.openqa.selenium.NoSuchWindowException" message="Currently focused window has been closed.
Build info: version: &#039;4.0.0-alpha-2&#039;, revision: &#039;f148142cf8&#039;, time: &#039;2019-07-01T20:55:26&#039;
System info: host: &#039;ATMECSINLT-283&#039;, ip: &#039;55.55.52.215&#039;, os.name: &#039;Windows 10&#039;, os.arch: &#039;amd64&#039;, os.version: &#039;10.0&#039;, java.version: &#039;1.8.0_221&#039;
Driver info: org.openqa.selenium.ie.InternetExplorerDriver
Capabilities {acceptInsecureCerts: false, browserName: internet explorer, browserVersion: 11, javascriptEnabled: true, pageLoadStrategy: normal, platform: WINDOWS, platformName: WINDOWS, proxy: Proxy(), se:ieOptions: {browserAttachTimeout: 0, elementScrollBehavior: 0, enablePersistentHover: true, ie.browserCommandLineSwitches: , ie.ensureCleanSession: false, ie.fileUploadDialogTimeout: 3000, ie.forceCreateProcessApi: false, ignoreProtectedModeSettings: false, ignoreZoomSetting: false, initialBrowserUrl: http://localhost:2124/, nativeEvents: true, requireWindowFocus: false}, setWindowRect: true, timeouts: {implicit: 0, pageLoad: 300000, script: 30000}}
Session ID: 055d0f1f-16b1-4577-b4c8-1028878473d8
*** Element info: {Using=xpath, value=//div[@id=&#039;footer&#039;]//a[contains(text(),&#039;info@atmecs.com&#039;)]}">
      <![CDATA[org.openqa.selenium.NoSuchWindowException: Currently focused window has been closed.
Build info: version: '4.0.0-alpha-2', revision: 'f148142cf8', time: '2019-07-01T20:55:26'
System info: host: 'ATMECSINLT-283', ip: '55.55.52.215', os.name: 'Windows 10', os.arch: 'amd64', os.version: '10.0', java.version: '1.8.0_221'
Driver info: org.openqa.selenium.ie.InternetExplorerDriver
Capabilities {acceptInsecureCerts: false, browserName: internet explorer, browserVersion: 11, javascriptEnabled: true, pageLoadStrategy: normal, platform: WINDOWS, platformName: WINDOWS, proxy: Proxy(), se:ieOptions: {browserAttachTimeout: 0, elementScrollBehavior: 0, enablePersistentHover: true, ie.browserCommandLineSwitches: , ie.ensureCleanSession: false, ie.fileUploadDialogTimeout: 3000, ie.forceCreateProcessApi: false, ignoreProtectedModeSettings: false, ignoreZoomSetting: false, initialBrowserUrl: http://localhost:2124/, nativeEvents: true, requireWindowFocus: false}, setWindowRect: true, timeouts: {implicit: 0, pageLoad: 300000, script: 30000}}
Session ID: 055d0f1f-16b1-4577-b4c8-1028878473d8
*** Element info: {Using=xpath, value=//div[@id='footer']//a[contains(text(),'info@atmecs.com')]}
at sun.reflect.GeneratedConstructorAccessor25.newInstance(Unknown Source)
at sun.reflect.DelegatingConstructorAccessorImpl.newInstance(DelegatingConstructorAccessorImpl.java:45)
at java.lang.reflect.Constructor.newInstance(Constructor.java:423)
at org.openqa.selenium.remote.codec.w3c.W3CHttpResponseCodec.createException(W3CHttpResponseCodec.java:191)
at org.openqa.selenium.remote.codec.w3c.W3CHttpResponseCodec.decode(W3CHttpResponseCodec.java:125)
at org.openqa.selenium.remote.codec.w3c.W3CHttpResponseCodec.decode(W3CHttpResponseCodec.java:52)
at org.openqa.selenium.remote.HttpCommandExecutor.execute(HttpCommandExecutor.java:161)
at org.openqa.selenium.remote.service.DriverCommandExecutor.execute(DriverCommandExecutor.java:83)
at org.openqa.selenium.remote.RemoteWebDriver.execute(RemoteWebDriver.java:576)
at org.openqa.selenium.remote.RemoteWebDriver.findElement(RemoteWebDriver.java:327)
at org.openqa.selenium.remote.RemoteWebDriver.findElementByXPath(RemoteWebDriver.java:445)
at org.openqa.selenium.By$ByXPath.findElement(By.java:353)
at org.openqa.selenium.remote.RemoteWebDriver.findElement(RemoteWebDriver.java:319)
at com.atmecs.helper.CommonUtility.locatorsType(CommonUtility.java:49)
at com.atmecs.helper.CommonUtility$4.apply(CommonUtility.java:180)
at com.atmecs.helper.CommonUtility$4.apply(CommonUtility.java:1)
at org.openqa.selenium.support.ui.FluentWait.until(FluentWait.java:211)
at com.atmecs.helper.CommonUtility.getText(CommonUtility.java:177)
at com.atmecs.general.AtmecsHomePage.isFooterPresent(AtmecsHomePage.java:80)
at com.atmecs.testscript.AtmecsHomePageScript.validateInsightsFooter(AtmecsHomePageScript.java:82)
at sun.reflect.GeneratedMethodAccessor6.invoke(Unknown Source)
at sun.reflect.DelegatingMethodAccessorImpl.invoke(DelegatingMethodAccessorImpl.java:43)
at java.lang.reflect.Method.invoke(Method.java:498)
at org.testng.internal.MethodInvocationHelper.invokeMethod(MethodInvocationHelper.java:133)
at org.testng.internal.TestInvoker.invokeMethod(TestInvoker.java:584)
at org.testng.internal.TestInvoker.invokeTestMethod(TestInvoker.java:172)
at org.testng.internal.MethodRunner.runInSequence(MethodRunner.java:46)
at org.testng.internal.TestInvoker$MethodInvocationAgent.invoke(TestInvoker.java:804)
at org.testng.internal.TestInvoker.invokeTestMethods(TestInvoker.java:145)
at org.testng.internal.TestMethodWorker.invokeTestMethods(TestMethodWorker.java:146)
at org.testng.internal.TestMethodWorker.run(TestMethodWorker.java:128)
at java.util.ArrayList.forEach(ArrayList.java:1257)
at org.testng.TestRunner.privateRun(TestRunner.java:770)
at org.testng.TestRunner.run(TestRunner.java:591)
at org.testng.SuiteRunner.runTest(SuiteRunner.java:402)
at org.testng.SuiteRunner.runSequentially(SuiteRunner.java:396)
at org.testng.SuiteRunner.privateRun(SuiteRunner.java:355)
at org.testng.SuiteRunner.run(SuiteRunner.java:304)
at org.testng.SuiteRunnerWorker.runSuite(SuiteRunnerWorker.java:53)
at org.testng.SuiteRunnerWorker.run(SuiteRunnerWorker.java:96)
at org.testng.TestNG.runSuitesSequentially(TestNG.java:1180)
at org.testng.TestNG.runSuitesLocally(TestNG.java:1102)
at org.testng.TestNG.runSuites(TestNG.java:1032)
at org.testng.TestNG.run(TestNG.java:1000)
at org.testng.remote.AbstractRemoteTestNG.run(AbstractRemoteTestNG.java:115)
at org.testng.remote.RemoteTestNG.initAndRun(RemoteTestNG.java:251)
at org.testng.remote.RemoteTestNG.main(RemoteTestNG.java:77)
]]>
    </error>
  </testcase> <!-- validateInsightsFooter -->
  <testcase name="validateInsightsFooter" time="0.031" classname="com.atmecs.testscript.AtmecsHomePageScript">
    <error type="org.openqa.selenium.NoSuchWindowException" message="Currently focused window has been closed.
Build info: version: &#039;4.0.0-alpha-2&#039;, revision: &#039;f148142cf8&#039;, time: &#039;2019-07-01T20:55:26&#039;
System info: host: &#039;ATMECSINLT-283&#039;, ip: &#039;55.55.52.215&#039;, os.name: &#039;Windows 10&#039;, os.arch: &#039;amd64&#039;, os.version: &#039;10.0&#039;, java.version: &#039;1.8.0_221&#039;
Driver info: org.openqa.selenium.ie.InternetExplorerDriver
Capabilities {acceptInsecureCerts: false, browserName: internet explorer, browserVersion: 11, javascriptEnabled: true, pageLoadStrategy: normal, platform: WINDOWS, platformName: WINDOWS, proxy: Proxy(), se:ieOptions: {browserAttachTimeout: 0, elementScrollBehavior: 0, enablePersistentHover: true, ie.browserCommandLineSwitches: , ie.ensureCleanSession: false, ie.fileUploadDialogTimeout: 3000, ie.forceCreateProcessApi: false, ignoreProtectedModeSettings: false, ignoreZoomSetting: false, initialBrowserUrl: http://localhost:2124/, nativeEvents: true, requireWindowFocus: false}, setWindowRect: true, timeouts: {implicit: 0, pageLoad: 300000, script: 30000}}
Session ID: 055d0f1f-16b1-4577-b4c8-1028878473d8
*** Element info: {Using=xpath, value=//div[@id=&#039;footer&#039;]//a[contains(text(),&#039;Enterprise Analytics&#039;)]}">
      <![CDATA[org.openqa.selenium.NoSuchWindowException: Currently focused window has been closed.
Build info: version: '4.0.0-alpha-2', revision: 'f148142cf8', time: '2019-07-01T20:55:26'
System info: host: 'ATMECSINLT-283', ip: '55.55.52.215', os.name: 'Windows 10', os.arch: 'amd64', os.version: '10.0', java.version: '1.8.0_221'
Driver info: org.openqa.selenium.ie.InternetExplorerDriver
Capabilities {acceptInsecureCerts: false, browserName: internet explorer, browserVersion: 11, javascriptEnabled: true, pageLoadStrategy: normal, platform: WINDOWS, platformName: WINDOWS, proxy: Proxy(), se:ieOptions: {browserAttachTimeout: 0, elementScrollBehavior: 0, enablePersistentHover: true, ie.browserCommandLineSwitches: , ie.ensureCleanSession: false, ie.fileUploadDialogTimeout: 3000, ie.forceCreateProcessApi: false, ignoreProtectedModeSettings: false, ignoreZoomSetting: false, initialBrowserUrl: http://localhost:2124/, nativeEvents: true, requireWindowFocus: false}, setWindowRect: true, timeouts: {implicit: 0, pageLoad: 300000, script: 30000}}
Session ID: 055d0f1f-16b1-4577-b4c8-1028878473d8
*** Element info: {Using=xpath, value=//div[@id='footer']//a[contains(text(),'Enterprise Analytics')]}
at sun.reflect.GeneratedConstructorAccessor25.newInstance(Unknown Source)
at sun.reflect.DelegatingConstructorAccessorImpl.newInstance(DelegatingConstructorAccessorImpl.java:45)
at java.lang.reflect.Constructor.newInstance(Constructor.java:423)
at org.openqa.selenium.remote.codec.w3c.W3CHttpResponseCodec.createException(W3CHttpResponseCodec.java:191)
at org.openqa.selenium.remote.codec.w3c.W3CHttpResponseCodec.decode(W3CHttpResponseCodec.java:125)
at org.openqa.selenium.remote.codec.w3c.W3CHttpResponseCodec.decode(W3CHttpResponseCodec.java:52)
at org.openqa.selenium.remote.HttpCommandExecutor.execute(HttpCommandExecutor.java:161)
at org.openqa.selenium.remote.service.DriverCommandExecutor.execute(DriverCommandExecutor.java:83)
at org.openqa.selenium.remote.RemoteWebDriver.execute(RemoteWebDriver.java:576)
at org.openqa.selenium.remote.RemoteWebDriver.findElement(RemoteWebDriver.java:327)
at org.openqa.selenium.remote.RemoteWebDriver.findElementByXPath(RemoteWebDriver.java:445)
at org.openqa.selenium.By$ByXPath.findElement(By.java:353)
at org.openqa.selenium.remote.RemoteWebDriver.findElement(RemoteWebDriver.java:319)
at com.atmecs.helper.CommonUtility.locatorsType(CommonUtility.java:49)
at com.atmecs.helper.CommonUtility$4.apply(CommonUtility.java:180)
at com.atmecs.helper.CommonUtility$4.apply(CommonUtility.java:1)
at org.openqa.selenium.support.ui.FluentWait.until(FluentWait.java:211)
at com.atmecs.helper.CommonUtility.getText(CommonUtility.java:177)
at com.atmecs.general.AtmecsHomePage.isFooterPresent(AtmecsHomePage.java:80)
at com.atmecs.testscript.AtmecsHomePageScript.validateInsightsFooter(AtmecsHomePageScript.java:82)
at sun.reflect.GeneratedMethodAccessor6.invoke(Unknown Source)
at sun.reflect.DelegatingMethodAccessorImpl.invoke(DelegatingMethodAccessorImpl.java:43)
at java.lang.reflect.Method.invoke(Method.java:498)
at org.testng.internal.MethodInvocationHelper.invokeMethod(MethodInvocationHelper.java:133)
at org.testng.internal.TestInvoker.invokeMethod(TestInvoker.java:584)
at org.testng.internal.TestInvoker.invokeTestMethod(TestInvoker.java:172)
at org.testng.internal.MethodRunner.runInSequence(MethodRunner.java:46)
at org.testng.internal.TestInvoker$MethodInvocationAgent.invoke(TestInvoker.java:804)
at org.testng.internal.TestInvoker.invokeTestMethods(TestInvoker.java:145)
at org.testng.internal.TestMethodWorker.invokeTestMethods(TestMethodWorker.java:146)
at org.testng.internal.TestMethodWorker.run(TestMethodWorker.java:128)
at java.util.ArrayList.forEach(ArrayList.java:1257)
at org.testng.TestRunner.privateRun(TestRunner.java:770)
at org.testng.TestRunner.run(TestRunner.java:591)
at org.testng.SuiteRunner.runTest(SuiteRunner.java:402)
at org.testng.SuiteRunner.runSequentially(SuiteRunner.java:396)
at org.testng.SuiteRunner.privateRun(SuiteRunner.java:355)
at org.testng.SuiteRunner.run(SuiteRunner.java:304)
at org.testng.SuiteRunnerWorker.runSuite(SuiteRunnerWorker.java:53)
at org.testng.SuiteRunnerWorker.run(SuiteRunnerWorker.java:96)
at org.testng.TestNG.runSuitesSequentially(TestNG.java:1180)
at org.testng.TestNG.runSuitesLocally(TestNG.java:1102)
at org.testng.TestNG.runSuites(TestNG.java:1032)
at org.testng.TestNG.run(TestNG.java:1000)
at org.testng.remote.AbstractRemoteTestNG.run(AbstractRemoteTestNG.java:115)
at org.testng.remote.RemoteTestNG.initAndRun(RemoteTestNG.java:251)
at org.testng.remote.RemoteTestNG.main(RemoteTestNG.java:77)
]]>
    </error>
  </testcase> <!-- validateInsightsFooter -->
  <testcase name="validateInsightsFooter" time="0.033" classname="com.atmecs.testscript.AtmecsHomePageScript">
    <error type="org.openqa.selenium.NoSuchWindowException" message="Currently focused window has been closed.
Build info: version: &#039;4.0.0-alpha-2&#039;, revision: &#039;f148142cf8&#039;, time: &#039;2019-07-01T20:55:26&#039;
System info: host: &#039;ATMECSINLT-283&#039;, ip: &#039;55.55.52.215&#039;, os.name: &#039;Windows 10&#039;, os.arch: &#039;amd64&#039;, os.version: &#039;10.0&#039;, java.version: &#039;1.8.0_221&#039;
Driver info: org.openqa.selenium.ie.InternetExplorerDriver
Capabilities {acceptInsecureCerts: false, browserName: internet explorer, browserVersion: 11, javascriptEnabled: true, pageLoadStrategy: normal, platform: WINDOWS, platformName: WINDOWS, proxy: Proxy(), se:ieOptions: {browserAttachTimeout: 0, elementScrollBehavior: 0, enablePersistentHover: true, ie.browserCommandLineSwitches: , ie.ensureCleanSession: false, ie.fileUploadDialogTimeout: 3000, ie.forceCreateProcessApi: false, ignoreProtectedModeSettings: false, ignoreZoomSetting: false, initialBrowserUrl: http://localhost:2124/, nativeEvents: true, requireWindowFocus: false}, setWindowRect: true, timeouts: {implicit: 0, pageLoad: 300000, script: 30000}}
Session ID: 055d0f1f-16b1-4577-b4c8-1028878473d8
*** Element info: {Using=xpath, value=//div[@id=&#039;footer&#039;]//a[contains(text(),&#039;Product Engineering&#039;)]}">
      <![CDATA[org.openqa.selenium.NoSuchWindowException: Currently focused window has been closed.
Build info: version: '4.0.0-alpha-2', revision: 'f148142cf8', time: '2019-07-01T20:55:26'
System info: host: 'ATMECSINLT-283', ip: '55.55.52.215', os.name: 'Windows 10', os.arch: 'amd64', os.version: '10.0', java.version: '1.8.0_221'
Driver info: org.openqa.selenium.ie.InternetExplorerDriver
Capabilities {acceptInsecureCerts: false, browserName: internet explorer, browserVersion: 11, javascriptEnabled: true, pageLoadStrategy: normal, platform: WINDOWS, platformName: WINDOWS, proxy: Proxy(), se:ieOptions: {browserAttachTimeout: 0, elementScrollBehavior: 0, enablePersistentHover: true, ie.browserCommandLineSwitches: , ie.ensureCleanSession: false, ie.fileUploadDialogTimeout: 3000, ie.forceCreateProcessApi: false, ignoreProtectedModeSettings: false, ignoreZoomSetting: false, initialBrowserUrl: http://localhost:2124/, nativeEvents: true, requireWindowFocus: false}, setWindowRect: true, timeouts: {implicit: 0, pageLoad: 300000, script: 30000}}
Session ID: 055d0f1f-16b1-4577-b4c8-1028878473d8
*** Element info: {Using=xpath, value=//div[@id='footer']//a[contains(text(),'Product Engineering')]}
at sun.reflect.GeneratedConstructorAccessor25.newInstance(Unknown Source)
at sun.reflect.DelegatingConstructorAccessorImpl.newInstance(DelegatingConstructorAccessorImpl.java:45)
at java.lang.reflect.Constructor.newInstance(Constructor.java:423)
at org.openqa.selenium.remote.codec.w3c.W3CHttpResponseCodec.createException(W3CHttpResponseCodec.java:191)
at org.openqa.selenium.remote.codec.w3c.W3CHttpResponseCodec.decode(W3CHttpResponseCodec.java:125)
at org.openqa.selenium.remote.codec.w3c.W3CHttpResponseCodec.decode(W3CHttpResponseCodec.java:52)
at org.openqa.selenium.remote.HttpCommandExecutor.execute(HttpCommandExecutor.java:161)
at org.openqa.selenium.remote.service.DriverCommandExecutor.execute(DriverCommandExecutor.java:83)
at org.openqa.selenium.remote.RemoteWebDriver.execute(RemoteWebDriver.java:576)
at org.openqa.selenium.remote.RemoteWebDriver.findElement(RemoteWebDriver.java:327)
at org.openqa.selenium.remote.RemoteWebDriver.findElementByXPath(RemoteWebDriver.java:445)
at org.openqa.selenium.By$ByXPath.findElement(By.java:353)
at org.openqa.selenium.remote.RemoteWebDriver.findElement(RemoteWebDriver.java:319)
at com.atmecs.helper.CommonUtility.locatorsType(CommonUtility.java:49)
at com.atmecs.helper.CommonUtility$4.apply(CommonUtility.java:180)
at com.atmecs.helper.CommonUtility$4.apply(CommonUtility.java:1)
at org.openqa.selenium.support.ui.FluentWait.until(FluentWait.java:211)
at com.atmecs.helper.CommonUtility.getText(CommonUtility.java:177)
at com.atmecs.general.AtmecsHomePage.isFooterPresent(AtmecsHomePage.java:80)
at com.atmecs.testscript.AtmecsHomePageScript.validateInsightsFooter(AtmecsHomePageScript.java:82)
at sun.reflect.GeneratedMethodAccessor6.invoke(Unknown Source)
at sun.reflect.DelegatingMethodAccessorImpl.invoke(DelegatingMethodAccessorImpl.java:43)
at java.lang.reflect.Method.invoke(Method.java:498)
at org.testng.internal.MethodInvocationHelper.invokeMethod(MethodInvocationHelper.java:133)
at org.testng.internal.TestInvoker.invokeMethod(TestInvoker.java:584)
at org.testng.internal.TestInvoker.invokeTestMethod(TestInvoker.java:172)
at org.testng.internal.MethodRunner.runInSequence(MethodRunner.java:46)
at org.testng.internal.TestInvoker$MethodInvocationAgent.invoke(TestInvoker.java:804)
at org.testng.internal.TestInvoker.invokeTestMethods(TestInvoker.java:145)
at org.testng.internal.TestMethodWorker.invokeTestMethods(TestMethodWorker.java:146)
at org.testng.internal.TestMethodWorker.run(TestMethodWorker.java:128)
at java.util.ArrayList.forEach(ArrayList.java:1257)
at org.testng.TestRunner.privateRun(TestRunner.java:770)
at org.testng.TestRunner.run(TestRunner.java:591)
at org.testng.SuiteRunner.runTest(SuiteRunner.java:402)
at org.testng.SuiteRunner.runSequentially(SuiteRunner.java:396)
at org.testng.SuiteRunner.privateRun(SuiteRunner.java:355)
at org.testng.SuiteRunner.run(SuiteRunner.java:304)
at org.testng.SuiteRunnerWorker.runSuite(SuiteRunnerWorker.java:53)
at org.testng.SuiteRunnerWorker.run(SuiteRunnerWorker.java:96)
at org.testng.TestNG.runSuitesSequentially(TestNG.java:1180)
at org.testng.TestNG.runSuitesLocally(TestNG.java:1102)
at org.testng.TestNG.runSuites(TestNG.java:1032)
at org.testng.TestNG.run(TestNG.java:1000)
at org.testng.remote.AbstractRemoteTestNG.run(AbstractRemoteTestNG.java:115)
at org.testng.remote.RemoteTestNG.initAndRun(RemoteTestNG.java:251)
at org.testng.remote.RemoteTestNG.main(RemoteTestNG.java:77)
]]>
    </error>
  </testcase> <!-- validateInsightsFooter -->
  <testcase name="clickOnCarrerMenu" time="0.031" classname="com.atmecs.testscript.AtmecsHomePageScript">
    <error type="org.openqa.selenium.NoSuchWindowException" message="Currently focused window has been closed.
Build info: version: &#039;4.0.0-alpha-2&#039;, revision: &#039;f148142cf8&#039;, time: &#039;2019-07-01T20:55:26&#039;
System info: host: &#039;ATMECSINLT-283&#039;, ip: &#039;55.55.52.215&#039;, os.name: &#039;Windows 10&#039;, os.arch: &#039;amd64&#039;, os.version: &#039;10.0&#039;, java.version: &#039;1.8.0_221&#039;
Driver info: org.openqa.selenium.ie.InternetExplorerDriver
Capabilities {acceptInsecureCerts: false, browserName: internet explorer, browserVersion: 11, javascriptEnabled: true, pageLoadStrategy: normal, platform: WINDOWS, platformName: WINDOWS, proxy: Proxy(), se:ieOptions: {browserAttachTimeout: 0, elementScrollBehavior: 0, enablePersistentHover: true, ie.browserCommandLineSwitches: , ie.ensureCleanSession: false, ie.fileUploadDialogTimeout: 3000, ie.forceCreateProcessApi: false, ignoreProtectedModeSettings: false, ignoreZoomSetting: false, initialBrowserUrl: http://localhost:2124/, nativeEvents: true, requireWindowFocus: false}, setWindowRect: true, timeouts: {implicit: 0, pageLoad: 300000, script: 30000}}
Session ID: 055d0f1f-16b1-4577-b4c8-1028878473d8
*** Element info: {Using=css selector, value=#menu-item-29}">
      <![CDATA[org.openqa.selenium.NoSuchWindowException: Currently focused window has been closed.
Build info: version: '4.0.0-alpha-2', revision: 'f148142cf8', time: '2019-07-01T20:55:26'
System info: host: 'ATMECSINLT-283', ip: '55.55.52.215', os.name: 'Windows 10', os.arch: 'amd64', os.version: '10.0', java.version: '1.8.0_221'
Driver info: org.openqa.selenium.ie.InternetExplorerDriver
Capabilities {acceptInsecureCerts: false, browserName: internet explorer, browserVersion: 11, javascriptEnabled: true, pageLoadStrategy: normal, platform: WINDOWS, platformName: WINDOWS, proxy: Proxy(), se:ieOptions: {browserAttachTimeout: 0, elementScrollBehavior: 0, enablePersistentHover: true, ie.browserCommandLineSwitches: , ie.ensureCleanSession: false, ie.fileUploadDialogTimeout: 3000, ie.forceCreateProcessApi: false, ignoreProtectedModeSettings: false, ignoreZoomSetting: false, initialBrowserUrl: http://localhost:2124/, nativeEvents: true, requireWindowFocus: false}, setWindowRect: true, timeouts: {implicit: 0, pageLoad: 300000, script: 30000}}
Session ID: 055d0f1f-16b1-4577-b4c8-1028878473d8
*** Element info: {Using=css selector, value=#menu-item-29}
at sun.reflect.GeneratedConstructorAccessor25.newInstance(Unknown Source)
at sun.reflect.DelegatingConstructorAccessorImpl.newInstance(DelegatingConstructorAccessorImpl.java:45)
at java.lang.reflect.Constructor.newInstance(Constructor.java:423)
at org.openqa.selenium.remote.codec.w3c.W3CHttpResponseCodec.createException(W3CHttpResponseCodec.java:191)
at org.openqa.selenium.remote.codec.w3c.W3CHttpResponseCodec.decode(W3CHttpResponseCodec.java:125)
at org.openqa.selenium.remote.codec.w3c.W3CHttpResponseCodec.decode(W3CHttpResponseCodec.java:52)
at org.openqa.selenium.remote.HttpCommandExecutor.execute(HttpCommandExecutor.java:161)
at org.openqa.selenium.remote.service.DriverCommandExecutor.execute(DriverCommandExecutor.java:83)
at org.openqa.selenium.remote.RemoteWebDriver.execute(RemoteWebDriver.java:576)
at org.openqa.selenium.remote.RemoteWebDriver.findElement(RemoteWebDriver.java:327)
at org.openqa.selenium.remote.RemoteWebDriver.findElementByCssSelector(RemoteWebDriver.java:435)
at org.openqa.selenium.By$ByCssSelector.findElement(By.java:431)
at org.openqa.selenium.remote.RemoteWebDriver.findElement(RemoteWebDriver.java:319)
at com.atmecs.helper.CommonUtility.locatorsType(CommonUtility.java:54)
at com.atmecs.helper.CommonUtility$1.apply(CommonUtility.java:99)
at com.atmecs.helper.CommonUtility$1.apply(CommonUtility.java:1)
at org.openqa.selenium.support.ui.FluentWait.until(FluentWait.java:211)
at com.atmecs.helper.CommonUtility.clickElement(CommonUtility.java:97)
at com.atmecs.general.AtmecsHomePage.clickOnCarrer(AtmecsHomePage.java:59)
at com.atmecs.testscript.AtmecsHomePageScript.clickOnCarrerMenu(AtmecsHomePageScript.java:87)
at sun.reflect.NativeMethodAccessorImpl.invoke0(Native Method)
at sun.reflect.NativeMethodAccessorImpl.invoke(NativeMethodAccessorImpl.java:62)
at sun.reflect.DelegatingMethodAccessorImpl.invoke(DelegatingMethodAccessorImpl.java:43)
at java.lang.reflect.Method.invoke(Method.java:498)
at org.testng.internal.MethodInvocationHelper.invokeMethod(MethodInvocationHelper.java:133)
at org.testng.internal.TestInvoker.invokeMethod(TestInvoker.java:584)
at org.testng.internal.TestInvoker.invokeTestMethod(TestInvoker.java:172)
at org.testng.internal.MethodRunner.runInSequence(MethodRunner.java:46)
at org.testng.internal.TestInvoker$MethodInvocationAgent.invoke(TestInvoker.java:804)
at org.testng.internal.TestInvoker.invokeTestMethods(TestInvoker.java:145)
at org.testng.internal.TestMethodWorker.invokeTestMethods(TestMethodWorker.java:146)
at org.testng.internal.TestMethodWorker.run(TestMethodWorker.java:128)
at java.util.ArrayList.forEach(ArrayList.java:1257)
at org.testng.TestRunner.privateRun(TestRunner.java:770)
at org.testng.TestRunner.run(TestRunner.java:591)
at org.testng.SuiteRunner.runTest(SuiteRunner.java:402)
at org.testng.SuiteRunner.runSequentially(SuiteRunner.java:396)
at org.testng.SuiteRunner.privateRun(SuiteRunner.java:355)
at org.testng.SuiteRunner.run(SuiteRunner.java:304)
at org.testng.SuiteRunnerWorker.runSuite(SuiteRunnerWorker.java:53)
at org.testng.SuiteRunnerWorker.run(SuiteRunnerWorker.java:96)
at org.testng.TestNG.runSuitesSequentially(TestNG.java:1180)
at org.testng.TestNG.runSuitesLocally(TestNG.java:1102)
at org.testng.TestNG.runSuites(TestNG.java:1032)
at org.testng.TestNG.run(TestNG.java:1000)
at org.testng.remote.AbstractRemoteTestNG.run(AbstractRemoteTestNG.java:115)
at org.testng.remote.RemoteTestNG.initAndRun(RemoteTestNG.java:251)
at org.testng.remote.RemoteTestNG.main(RemoteTestNG.java:77)
]]>
    </error>
  </testcase> <!-- clickOnCarrerMenu -->
  <testcase name="validateCarrersFooter" time="0.034" classname="com.atmecs.testscript.AtmecsHomePageScript">
    <error type="org.openqa.selenium.NoSuchWindowException" message="Currently focused window has been closed.
Build info: version: &#039;4.0.0-alpha-2&#039;, revision: &#039;f148142cf8&#039;, time: &#039;2019-07-01T20:55:26&#039;
System info: host: &#039;ATMECSINLT-283&#039;, ip: &#039;55.55.52.215&#039;, os.name: &#039;Windows 10&#039;, os.arch: &#039;amd64&#039;, os.version: &#039;10.0&#039;, java.version: &#039;1.8.0_221&#039;
Driver info: org.openqa.selenium.ie.InternetExplorerDriver
Capabilities {acceptInsecureCerts: false, browserName: internet explorer, browserVersion: 11, javascriptEnabled: true, pageLoadStrategy: normal, platform: WINDOWS, platformName: WINDOWS, proxy: Proxy(), se:ieOptions: {browserAttachTimeout: 0, elementScrollBehavior: 0, enablePersistentHover: true, ie.browserCommandLineSwitches: , ie.ensureCleanSession: false, ie.fileUploadDialogTimeout: 3000, ie.forceCreateProcessApi: false, ignoreProtectedModeSettings: false, ignoreZoomSetting: false, initialBrowserUrl: http://localhost:2124/, nativeEvents: true, requireWindowFocus: false}, setWindowRect: true, timeouts: {implicit: 0, pageLoad: 300000, script: 30000}}
Session ID: 055d0f1f-16b1-4577-b4c8-1028878473d8
*** Element info: {Using=xpath, value=//div[@id=&#039;footer&#039;]//a[contains(text(),&#039;Product Engineering&#039;)]}">
      <![CDATA[org.openqa.selenium.NoSuchWindowException: Currently focused window has been closed.
Build info: version: '4.0.0-alpha-2', revision: 'f148142cf8', time: '2019-07-01T20:55:26'
System info: host: 'ATMECSINLT-283', ip: '55.55.52.215', os.name: 'Windows 10', os.arch: 'amd64', os.version: '10.0', java.version: '1.8.0_221'
Driver info: org.openqa.selenium.ie.InternetExplorerDriver
Capabilities {acceptInsecureCerts: false, browserName: internet explorer, browserVersion: 11, javascriptEnabled: true, pageLoadStrategy: normal, platform: WINDOWS, platformName: WINDOWS, proxy: Proxy(), se:ieOptions: {browserAttachTimeout: 0, elementScrollBehavior: 0, enablePersistentHover: true, ie.browserCommandLineSwitches: , ie.ensureCleanSession: false, ie.fileUploadDialogTimeout: 3000, ie.forceCreateProcessApi: false, ignoreProtectedModeSettings: false, ignoreZoomSetting: false, initialBrowserUrl: http://localhost:2124/, nativeEvents: true, requireWindowFocus: false}, setWindowRect: true, timeouts: {implicit: 0, pageLoad: 300000, script: 30000}}
Session ID: 055d0f1f-16b1-4577-b4c8-1028878473d8
*** Element info: {Using=xpath, value=//div[@id='footer']//a[contains(text(),'Product Engineering')]}
at sun.reflect.GeneratedConstructorAccessor25.newInstance(Unknown Source)
at sun.reflect.DelegatingConstructorAccessorImpl.newInstance(DelegatingConstructorAccessorImpl.java:45)
at java.lang.reflect.Constructor.newInstance(Constructor.java:423)
at org.openqa.selenium.remote.codec.w3c.W3CHttpResponseCodec.createException(W3CHttpResponseCodec.java:191)
at org.openqa.selenium.remote.codec.w3c.W3CHttpResponseCodec.decode(W3CHttpResponseCodec.java:125)
at org.openqa.selenium.remote.codec.w3c.W3CHttpResponseCodec.decode(W3CHttpResponseCodec.java:52)
at org.openqa.selenium.remote.HttpCommandExecutor.execute(HttpCommandExecutor.java:161)
at org.openqa.selenium.remote.service.DriverCommandExecutor.execute(DriverCommandExecutor.java:83)
at org.openqa.selenium.remote.RemoteWebDriver.execute(RemoteWebDriver.java:576)
at org.openqa.selenium.remote.RemoteWebDriver.findElement(RemoteWebDriver.java:327)
at org.openqa.selenium.remote.RemoteWebDriver.findElementByXPath(RemoteWebDriver.java:445)
at org.openqa.selenium.By$ByXPath.findElement(By.java:353)
at org.openqa.selenium.remote.RemoteWebDriver.findElement(RemoteWebDriver.java:319)
at com.atmecs.helper.CommonUtility.locatorsType(CommonUtility.java:49)
at com.atmecs.helper.CommonUtility$4.apply(CommonUtility.java:180)
at com.atmecs.helper.CommonUtility$4.apply(CommonUtility.java:1)
at org.openqa.selenium.support.ui.FluentWait.until(FluentWait.java:211)
at com.atmecs.helper.CommonUtility.getText(CommonUtility.java:177)
at com.atmecs.general.AtmecsHomePage.isFooterPresent(AtmecsHomePage.java:80)
at com.atmecs.testscript.AtmecsHomePageScript.validateCarrersFooter(AtmecsHomePageScript.java:92)
at sun.reflect.GeneratedMethodAccessor7.invoke(Unknown Source)
at sun.reflect.DelegatingMethodAccessorImpl.invoke(DelegatingMethodAccessorImpl.java:43)
at java.lang.reflect.Method.invoke(Method.java:498)
at org.testng.internal.MethodInvocationHelper.invokeMethod(MethodInvocationHelper.java:133)
at org.testng.internal.TestInvoker.invokeMethod(TestInvoker.java:584)
at org.testng.internal.TestInvoker.invokeTestMethod(TestInvoker.java:172)
at org.testng.internal.MethodRunner.runInSequence(MethodRunner.java:46)
at org.testng.internal.TestInvoker$MethodInvocationAgent.invoke(TestInvoker.java:804)
at org.testng.internal.TestInvoker.invokeTestMethods(TestInvoker.java:145)
at org.testng.internal.TestMethodWorker.invokeTestMethods(TestMethodWorker.java:146)
at org.testng.internal.TestMethodWorker.run(TestMethodWorker.java:128)
at java.util.ArrayList.forEach(ArrayList.java:1257)
at org.testng.TestRunner.privateRun(TestRunner.java:770)
at org.testng.TestRunner.run(TestRunner.java:591)
at org.testng.SuiteRunner.runTest(SuiteRunner.java:402)
at org.testng.SuiteRunner.runSequentially(SuiteRunner.java:396)
at org.testng.SuiteRunner.privateRun(SuiteRunner.java:355)
at org.testng.SuiteRunner.run(SuiteRunner.java:304)
at org.testng.SuiteRunnerWorker.runSuite(SuiteRunnerWorker.java:53)
at org.testng.SuiteRunnerWorker.run(SuiteRunnerWorker.java:96)
at org.testng.TestNG.runSuitesSequentially(TestNG.java:1180)
at org.testng.TestNG.runSuitesLocally(TestNG.java:1102)
at org.testng.TestNG.runSuites(TestNG.java:1032)
at org.testng.TestNG.run(TestNG.java:1000)
at org.testng.remote.AbstractRemoteTestNG.run(AbstractRemoteTestNG.java:115)
at org.testng.remote.RemoteTestNG.initAndRun(RemoteTestNG.java:251)
at org.testng.remote.RemoteTestNG.main(RemoteTestNG.java:77)
]]>
    </error>
  </testcase> <!-- validateCarrersFooter -->
  <testcase name="validateCarrersFooter" time="0.036" classname="com.atmecs.testscript.AtmecsHomePageScript">
    <error type="org.openqa.selenium.NoSuchWindowException" message="Currently focused window has been closed.
Build info: version: &#039;4.0.0-alpha-2&#039;, revision: &#039;f148142cf8&#039;, time: &#039;2019-07-01T20:55:26&#039;
System info: host: &#039;ATMECSINLT-283&#039;, ip: &#039;55.55.52.215&#039;, os.name: &#039;Windows 10&#039;, os.arch: &#039;amd64&#039;, os.version: &#039;10.0&#039;, java.version: &#039;1.8.0_221&#039;
Driver info: org.openqa.selenium.ie.InternetExplorerDriver
Capabilities {acceptInsecureCerts: false, browserName: internet explorer, browserVersion: 11, javascriptEnabled: true, pageLoadStrategy: normal, platform: WINDOWS, platformName: WINDOWS, proxy: Proxy(), se:ieOptions: {browserAttachTimeout: 0, elementScrollBehavior: 0, enablePersistentHover: true, ie.browserCommandLineSwitches: , ie.ensureCleanSession: false, ie.fileUploadDialogTimeout: 3000, ie.forceCreateProcessApi: false, ignoreProtectedModeSettings: false, ignoreZoomSetting: false, initialBrowserUrl: http://localhost:2124/, nativeEvents: true, requireWindowFocus: false}, setWindowRect: true, timeouts: {implicit: 0, pageLoad: 300000, script: 30000}}
Session ID: 055d0f1f-16b1-4577-b4c8-1028878473d8
*** Element info: {Using=xpath, value=//div[@id=&#039;footer&#039;]//a[contains(text(),&#039;Augmented Reality / Virtual Reality&#039;)]}">
      <![CDATA[org.openqa.selenium.NoSuchWindowException: Currently focused window has been closed.
Build info: version: '4.0.0-alpha-2', revision: 'f148142cf8', time: '2019-07-01T20:55:26'
System info: host: 'ATMECSINLT-283', ip: '55.55.52.215', os.name: 'Windows 10', os.arch: 'amd64', os.version: '10.0', java.version: '1.8.0_221'
Driver info: org.openqa.selenium.ie.InternetExplorerDriver
Capabilities {acceptInsecureCerts: false, browserName: internet explorer, browserVersion: 11, javascriptEnabled: true, pageLoadStrategy: normal, platform: WINDOWS, platformName: WINDOWS, proxy: Proxy(), se:ieOptions: {browserAttachTimeout: 0, elementScrollBehavior: 0, enablePersistentHover: true, ie.browserCommandLineSwitches: , ie.ensureCleanSession: false, ie.fileUploadDialogTimeout: 3000, ie.forceCreateProcessApi: false, ignoreProtectedModeSettings: false, ignoreZoomSetting: false, initialBrowserUrl: http://localhost:2124/, nativeEvents: true, requireWindowFocus: false}, setWindowRect: true, timeouts: {implicit: 0, pageLoad: 300000, script: 30000}}
Session ID: 055d0f1f-16b1-4577-b4c8-1028878473d8
*** Element info: {Using=xpath, value=//div[@id='footer']//a[contains(text(),'Augmented Reality / Virtual Reality')]}
at sun.reflect.GeneratedConstructorAccessor25.newInstance(Unknown Source)
at sun.reflect.DelegatingConstructorAccessorImpl.newInstance(DelegatingConstructorAccessorImpl.java:45)
at java.lang.reflect.Constructor.newInstance(Constructor.java:423)
at org.openqa.selenium.remote.codec.w3c.W3CHttpResponseCodec.createException(W3CHttpResponseCodec.java:191)
at org.openqa.selenium.remote.codec.w3c.W3CHttpResponseCodec.decode(W3CHttpResponseCodec.java:125)
at org.openqa.selenium.remote.codec.w3c.W3CHttpResponseCodec.decode(W3CHttpResponseCodec.java:52)
at org.openqa.selenium.remote.HttpCommandExecutor.execute(HttpCommandExecutor.java:161)
at org.openqa.selenium.remote.service.DriverCommandExecutor.execute(DriverCommandExecutor.java:83)
at org.openqa.selenium.remote.RemoteWebDriver.execute(RemoteWebDriver.java:576)
at org.openqa.selenium.remote.RemoteWebDriver.findElement(RemoteWebDriver.java:327)
at org.openqa.selenium.remote.RemoteWebDriver.findElementByXPath(RemoteWebDriver.java:445)
at org.openqa.selenium.By$ByXPath.findElement(By.java:353)
at org.openqa.selenium.remote.RemoteWebDriver.findElement(RemoteWebDriver.java:319)
at com.atmecs.helper.CommonUtility.locatorsType(CommonUtility.java:49)
at com.atmecs.helper.CommonUtility$4.apply(CommonUtility.java:180)
at com.atmecs.helper.CommonUtility$4.apply(CommonUtility.java:1)
at org.openqa.selenium.support.ui.FluentWait.until(FluentWait.java:211)
at com.atmecs.helper.CommonUtility.getText(CommonUtility.java:177)
at com.atmecs.general.AtmecsHomePage.isFooterPresent(AtmecsHomePage.java:80)
at com.atmecs.testscript.AtmecsHomePageScript.validateCarrersFooter(AtmecsHomePageScript.java:92)
at sun.reflect.GeneratedMethodAccessor7.invoke(Unknown Source)
at sun.reflect.DelegatingMethodAccessorImpl.invoke(DelegatingMethodAccessorImpl.java:43)
at java.lang.reflect.Method.invoke(Method.java:498)
at org.testng.internal.MethodInvocationHelper.invokeMethod(MethodInvocationHelper.java:133)
at org.testng.internal.TestInvoker.invokeMethod(TestInvoker.java:584)
at org.testng.internal.TestInvoker.invokeTestMethod(TestInvoker.java:172)
at org.testng.internal.MethodRunner.runInSequence(MethodRunner.java:46)
at org.testng.internal.TestInvoker$MethodInvocationAgent.invoke(TestInvoker.java:804)
at org.testng.internal.TestInvoker.invokeTestMethods(TestInvoker.java:145)
at org.testng.internal.TestMethodWorker.invokeTestMethods(TestMethodWorker.java:146)
at org.testng.internal.TestMethodWorker.run(TestMethodWorker.java:128)
at java.util.ArrayList.forEach(ArrayList.java:1257)
at org.testng.TestRunner.privateRun(TestRunner.java:770)
at org.testng.TestRunner.run(TestRunner.java:591)
at org.testng.SuiteRunner.runTest(SuiteRunner.java:402)
at org.testng.SuiteRunner.runSequentially(SuiteRunner.java:396)
at org.testng.SuiteRunner.privateRun(SuiteRunner.java:355)
at org.testng.SuiteRunner.run(SuiteRunner.java:304)
at org.testng.SuiteRunnerWorker.runSuite(SuiteRunnerWorker.java:53)
at org.testng.SuiteRunnerWorker.run(SuiteRunnerWorker.java:96)
at org.testng.TestNG.runSuitesSequentially(TestNG.java:1180)
at org.testng.TestNG.runSuitesLocally(TestNG.java:1102)
at org.testng.TestNG.runSuites(TestNG.java:1032)
at org.testng.TestNG.run(TestNG.java:1000)
at org.testng.remote.AbstractRemoteTestNG.run(AbstractRemoteTestNG.java:115)
at org.testng.remote.RemoteTestNG.initAndRun(RemoteTestNG.java:251)
at org.testng.remote.RemoteTestNG.main(RemoteTestNG.java:77)
]]>
    </error>
  </testcase> <!-- validateCarrersFooter -->
  <testcase name="validateCarrersFooter" time="0.043" classname="com.atmecs.testscript.AtmecsHomePageScript">
    <error type="org.openqa.selenium.NoSuchWindowException" message="Currently focused window has been closed.
Build info: version: &#039;4.0.0-alpha-2&#039;, revision: &#039;f148142cf8&#039;, time: &#039;2019-07-01T20:55:26&#039;
System info: host: &#039;ATMECSINLT-283&#039;, ip: &#039;55.55.52.215&#039;, os.name: &#039;Windows 10&#039;, os.arch: &#039;amd64&#039;, os.version: &#039;10.0&#039;, java.version: &#039;1.8.0_221&#039;
Driver info: org.openqa.selenium.ie.InternetExplorerDriver
Capabilities {acceptInsecureCerts: false, browserName: internet explorer, browserVersion: 11, javascriptEnabled: true, pageLoadStrategy: normal, platform: WINDOWS, platformName: WINDOWS, proxy: Proxy(), se:ieOptions: {browserAttachTimeout: 0, elementScrollBehavior: 0, enablePersistentHover: true, ie.browserCommandLineSwitches: , ie.ensureCleanSession: false, ie.fileUploadDialogTimeout: 3000, ie.forceCreateProcessApi: false, ignoreProtectedModeSettings: false, ignoreZoomSetting: false, initialBrowserUrl: http://localhost:2124/, nativeEvents: true, requireWindowFocus: false}, setWindowRect: true, timeouts: {implicit: 0, pageLoad: 300000, script: 30000}}
Session ID: 055d0f1f-16b1-4577-b4c8-1028878473d8
*** Element info: {Using=xpath, value=//div[@id=&#039;footer&#039;]//a[contains(text(),&#039;Internet of Things&#039;)]}">
      <![CDATA[org.openqa.selenium.NoSuchWindowException: Currently focused window has been closed.
Build info: version: '4.0.0-alpha-2', revision: 'f148142cf8', time: '2019-07-01T20:55:26'
System info: host: 'ATMECSINLT-283', ip: '55.55.52.215', os.name: 'Windows 10', os.arch: 'amd64', os.version: '10.0', java.version: '1.8.0_221'
Driver info: org.openqa.selenium.ie.InternetExplorerDriver
Capabilities {acceptInsecureCerts: false, browserName: internet explorer, browserVersion: 11, javascriptEnabled: true, pageLoadStrategy: normal, platform: WINDOWS, platformName: WINDOWS, proxy: Proxy(), se:ieOptions: {browserAttachTimeout: 0, elementScrollBehavior: 0, enablePersistentHover: true, ie.browserCommandLineSwitches: , ie.ensureCleanSession: false, ie.fileUploadDialogTimeout: 3000, ie.forceCreateProcessApi: false, ignoreProtectedModeSettings: false, ignoreZoomSetting: false, initialBrowserUrl: http://localhost:2124/, nativeEvents: true, requireWindowFocus: false}, setWindowRect: true, timeouts: {implicit: 0, pageLoad: 300000, script: 30000}}
Session ID: 055d0f1f-16b1-4577-b4c8-1028878473d8
*** Element info: {Using=xpath, value=//div[@id='footer']//a[contains(text(),'Internet of Things')]}
at sun.reflect.GeneratedConstructorAccessor25.newInstance(Unknown Source)
at sun.reflect.DelegatingConstructorAccessorImpl.newInstance(DelegatingConstructorAccessorImpl.java:45)
at java.lang.reflect.Constructor.newInstance(Constructor.java:423)
at org.openqa.selenium.remote.codec.w3c.W3CHttpResponseCodec.createException(W3CHttpResponseCodec.java:191)
at org.openqa.selenium.remote.codec.w3c.W3CHttpResponseCodec.decode(W3CHttpResponseCodec.java:125)
at org.openqa.selenium.remote.codec.w3c.W3CHttpResponseCodec.decode(W3CHttpResponseCodec.java:52)
at org.openqa.selenium.remote.HttpCommandExecutor.execute(HttpCommandExecutor.java:161)
at org.openqa.selenium.remote.service.DriverCommandExecutor.execute(DriverCommandExecutor.java:83)
at org.openqa.selenium.remote.RemoteWebDriver.execute(RemoteWebDriver.java:576)
at org.openqa.selenium.remote.RemoteWebDriver.findElement(RemoteWebDriver.java:327)
at org.openqa.selenium.remote.RemoteWebDriver.findElementByXPath(RemoteWebDriver.java:445)
at org.openqa.selenium.By$ByXPath.findElement(By.java:353)
at org.openqa.selenium.remote.RemoteWebDriver.findElement(RemoteWebDriver.java:319)
at com.atmecs.helper.CommonUtility.locatorsType(CommonUtility.java:49)
at com.atmecs.helper.CommonUtility$4.apply(CommonUtility.java:180)
at com.atmecs.helper.CommonUtility$4.apply(CommonUtility.java:1)
at org.openqa.selenium.support.ui.FluentWait.until(FluentWait.java:211)
at com.atmecs.helper.CommonUtility.getText(CommonUtility.java:177)
at com.atmecs.general.AtmecsHomePage.isFooterPresent(AtmecsHomePage.java:80)
at com.atmecs.testscript.AtmecsHomePageScript.validateCarrersFooter(AtmecsHomePageScript.java:92)
at sun.reflect.GeneratedMethodAccessor7.invoke(Unknown Source)
at sun.reflect.DelegatingMethodAccessorImpl.invoke(DelegatingMethodAccessorImpl.java:43)
at java.lang.reflect.Method.invoke(Method.java:498)
at org.testng.internal.MethodInvocationHelper.invokeMethod(MethodInvocationHelper.java:133)
at org.testng.internal.TestInvoker.invokeMethod(TestInvoker.java:584)
at org.testng.internal.TestInvoker.invokeTestMethod(TestInvoker.java:172)
at org.testng.internal.MethodRunner.runInSequence(MethodRunner.java:46)
at org.testng.internal.TestInvoker$MethodInvocationAgent.invoke(TestInvoker.java:804)
at org.testng.internal.TestInvoker.invokeTestMethods(TestInvoker.java:145)
at org.testng.internal.TestMethodWorker.invokeTestMethods(TestMethodWorker.java:146)
at org.testng.internal.TestMethodWorker.run(TestMethodWorker.java:128)
at java.util.ArrayList.forEach(ArrayList.java:1257)
at org.testng.TestRunner.privateRun(TestRunner.java:770)
at org.testng.TestRunner.run(TestRunner.java:591)
at org.testng.SuiteRunner.runTest(SuiteRunner.java:402)
at org.testng.SuiteRunner.runSequentially(SuiteRunner.java:396)
at org.testng.SuiteRunner.privateRun(SuiteRunner.java:355)
at org.testng.SuiteRunner.run(SuiteRunner.java:304)
at org.testng.SuiteRunnerWorker.runSuite(SuiteRunnerWorker.java:53)
at org.testng.SuiteRunnerWorker.run(SuiteRunnerWorker.java:96)
at org.testng.TestNG.runSuitesSequentially(TestNG.java:1180)
at org.testng.TestNG.runSuitesLocally(TestNG.java:1102)
at org.testng.TestNG.runSuites(TestNG.java:1032)
at org.testng.TestNG.run(TestNG.java:1000)
at org.testng.remote.AbstractRemoteTestNG.run(AbstractRemoteTestNG.java:115)
at org.testng.remote.RemoteTestNG.initAndRun(RemoteTestNG.java:251)
at org.testng.remote.RemoteTestNG.main(RemoteTestNG.java:77)
]]>
    </error>
  </testcase> <!-- validateCarrersFooter -->
  <testcase name="validateCarrersFooter" time="0.023" classname="com.atmecs.testscript.AtmecsHomePageScript">
    <error type="org.openqa.selenium.NoSuchWindowException" message="Currently focused window has been closed.
Build info: version: &#039;4.0.0-alpha-2&#039;, revision: &#039;f148142cf8&#039;, time: &#039;2019-07-01T20:55:26&#039;
System info: host: &#039;ATMECSINLT-283&#039;, ip: &#039;55.55.52.215&#039;, os.name: &#039;Windows 10&#039;, os.arch: &#039;amd64&#039;, os.version: &#039;10.0&#039;, java.version: &#039;1.8.0_221&#039;
Driver info: org.openqa.selenium.ie.InternetExplorerDriver
Capabilities {acceptInsecureCerts: false, browserName: internet explorer, browserVersion: 11, javascriptEnabled: true, pageLoadStrategy: normal, platform: WINDOWS, platformName: WINDOWS, proxy: Proxy(), se:ieOptions: {browserAttachTimeout: 0, elementScrollBehavior: 0, enablePersistentHover: true, ie.browserCommandLineSwitches: , ie.ensureCleanSession: false, ie.fileUploadDialogTimeout: 3000, ie.forceCreateProcessApi: false, ignoreProtectedModeSettings: false, ignoreZoomSetting: false, initialBrowserUrl: http://localhost:2124/, nativeEvents: true, requireWindowFocus: false}, setWindowRect: true, timeouts: {implicit: 0, pageLoad: 300000, script: 30000}}
Session ID: 055d0f1f-16b1-4577-b4c8-1028878473d8
*** Element info: {Using=xpath, value=//div[@id=&#039;footer&#039;]//a[contains(text(),&#039;Case Studies old&#039;)]}">
      <![CDATA[org.openqa.selenium.NoSuchWindowException: Currently focused window has been closed.
Build info: version: '4.0.0-alpha-2', revision: 'f148142cf8', time: '2019-07-01T20:55:26'
System info: host: 'ATMECSINLT-283', ip: '55.55.52.215', os.name: 'Windows 10', os.arch: 'amd64', os.version: '10.0', java.version: '1.8.0_221'
Driver info: org.openqa.selenium.ie.InternetExplorerDriver
Capabilities {acceptInsecureCerts: false, browserName: internet explorer, browserVersion: 11, javascriptEnabled: true, pageLoadStrategy: normal, platform: WINDOWS, platformName: WINDOWS, proxy: Proxy(), se:ieOptions: {browserAttachTimeout: 0, elementScrollBehavior: 0, enablePersistentHover: true, ie.browserCommandLineSwitches: , ie.ensureCleanSession: false, ie.fileUploadDialogTimeout: 3000, ie.forceCreateProcessApi: false, ignoreProtectedModeSettings: false, ignoreZoomSetting: false, initialBrowserUrl: http://localhost:2124/, nativeEvents: true, requireWindowFocus: false}, setWindowRect: true, timeouts: {implicit: 0, pageLoad: 300000, script: 30000}}
Session ID: 055d0f1f-16b1-4577-b4c8-1028878473d8
*** Element info: {Using=xpath, value=//div[@id='footer']//a[contains(text(),'Case Studies old')]}
at sun.reflect.GeneratedConstructorAccessor25.newInstance(Unknown Source)
at sun.reflect.DelegatingConstructorAccessorImpl.newInstance(DelegatingConstructorAccessorImpl.java:45)
at java.lang.reflect.Constructor.newInstance(Constructor.java:423)
at org.openqa.selenium.remote.codec.w3c.W3CHttpResponseCodec.createException(W3CHttpResponseCodec.java:191)
at org.openqa.selenium.remote.codec.w3c.W3CHttpResponseCodec.decode(W3CHttpResponseCodec.java:125)
at org.openqa.selenium.remote.codec.w3c.W3CHttpResponseCodec.decode(W3CHttpResponseCodec.java:52)
at org.openqa.selenium.remote.HttpCommandExecutor.execute(HttpCommandExecutor.java:161)
at org.openqa.selenium.remote.service.DriverCommandExecutor.execute(DriverCommandExecutor.java:83)
at org.openqa.selenium.remote.RemoteWebDriver.execute(RemoteWebDriver.java:576)
at org.openqa.selenium.remote.RemoteWebDriver.findElement(RemoteWebDriver.java:327)
at org.openqa.selenium.remote.RemoteWebDriver.findElementByXPath(RemoteWebDriver.java:445)
at org.openqa.selenium.By$ByXPath.findElement(By.java:353)
at org.openqa.selenium.remote.RemoteWebDriver.findElement(RemoteWebDriver.java:319)
at com.atmecs.helper.CommonUtility.locatorsType(CommonUtility.java:49)
at com.atmecs.helper.CommonUtility$4.apply(CommonUtility.java:180)
at com.atmecs.helper.CommonUtility$4.apply(CommonUtility.java:1)
at org.openqa.selenium.support.ui.FluentWait.until(FluentWait.java:211)
at com.atmecs.helper.CommonUtility.getText(CommonUtility.java:177)
at com.atmecs.general.AtmecsHomePage.isFooterPresent(AtmecsHomePage.java:80)
at com.atmecs.testscript.AtmecsHomePageScript.validateCarrersFooter(AtmecsHomePageScript.java:92)
at sun.reflect.NativeMethodAccessorImpl.invoke0(Native Method)
at sun.reflect.NativeMethodAccessorImpl.invoke(NativeMethodAccessorImpl.java:62)
at sun.reflect.DelegatingMethodAccessorImpl.invoke(DelegatingMethodAccessorImpl.java:43)
at java.lang.reflect.Method.invoke(Method.java:498)
at org.testng.internal.MethodInvocationHelper.invokeMethod(MethodInvocationHelper.java:133)
at org.testng.internal.TestInvoker.invokeMethod(TestInvoker.java:584)
at org.testng.internal.TestInvoker.invokeTestMethod(TestInvoker.java:172)
at org.testng.internal.MethodRunner.runInSequence(MethodRunner.java:46)
at org.testng.internal.TestInvoker$MethodInvocationAgent.invoke(TestInvoker.java:804)
at org.testng.internal.TestInvoker.invokeTestMethods(TestInvoker.java:145)
at org.testng.internal.TestMethodWorker.invokeTestMethods(TestMethodWorker.java:146)
at org.testng.internal.TestMethodWorker.run(TestMethodWorker.java:128)
at java.util.ArrayList.forEach(ArrayList.java:1257)
at org.testng.TestRunner.privateRun(TestRunner.java:770)
at org.testng.TestRunner.run(TestRunner.java:591)
at org.testng.SuiteRunner.runTest(SuiteRunner.java:402)
at org.testng.SuiteRunner.runSequentially(SuiteRunner.java:396)
at org.testng.SuiteRunner.privateRun(SuiteRunner.java:355)
at org.testng.SuiteRunner.run(SuiteRunner.java:304)
at org.testng.SuiteRunnerWorker.runSuite(SuiteRunnerWorker.java:53)
at org.testng.SuiteRunnerWorker.run(SuiteRunnerWorker.java:96)
at org.testng.TestNG.runSuitesSequentially(TestNG.java:1180)
at org.testng.TestNG.runSuitesLocally(TestNG.java:1102)
at org.testng.TestNG.runSuites(TestNG.java:1032)
at org.testng.TestNG.run(TestNG.java:1000)
at org.testng.remote.AbstractRemoteTestNG.run(AbstractRemoteTestNG.java:115)
at org.testng.remote.RemoteTestNG.initAndRun(RemoteTestNG.java:251)
at org.testng.remote.RemoteTestNG.main(RemoteTestNG.java:77)
]]>
    </error>
  </testcase> <!-- validateCarrersFooter -->
  <testcase name="validateCarrersFooter" time="0.030" classname="com.atmecs.testscript.AtmecsHomePageScript">
    <error type="org.openqa.selenium.NoSuchWindowException" message="Currently focused window has been closed.
Build info: version: &#039;4.0.0-alpha-2&#039;, revision: &#039;f148142cf8&#039;, time: &#039;2019-07-01T20:55:26&#039;
System info: host: &#039;ATMECSINLT-283&#039;, ip: &#039;55.55.52.215&#039;, os.name: &#039;Windows 10&#039;, os.arch: &#039;amd64&#039;, os.version: &#039;10.0&#039;, java.version: &#039;1.8.0_221&#039;
Driver info: org.openqa.selenium.ie.InternetExplorerDriver
Capabilities {acceptInsecureCerts: false, browserName: internet explorer, browserVersion: 11, javascriptEnabled: true, pageLoadStrategy: normal, platform: WINDOWS, platformName: WINDOWS, proxy: Proxy(), se:ieOptions: {browserAttachTimeout: 0, elementScrollBehavior: 0, enablePersistentHover: true, ie.browserCommandLineSwitches: , ie.ensureCleanSession: false, ie.fileUploadDialogTimeout: 3000, ie.forceCreateProcessApi: false, ignoreProtectedModeSettings: false, ignoreZoomSetting: false, initialBrowserUrl: http://localhost:2124/, nativeEvents: true, requireWindowFocus: false}, setWindowRect: true, timeouts: {implicit: 0, pageLoad: 300000, script: 30000}}
Session ID: 055d0f1f-16b1-4577-b4c8-1028878473d8
*** Element info: {Using=xpath, value=//div[@id=&#039;footer&#039;]//a[contains(text(),&#039;Blockchain&#039;)]}">
      <![CDATA[org.openqa.selenium.NoSuchWindowException: Currently focused window has been closed.
Build info: version: '4.0.0-alpha-2', revision: 'f148142cf8', time: '2019-07-01T20:55:26'
System info: host: 'ATMECSINLT-283', ip: '55.55.52.215', os.name: 'Windows 10', os.arch: 'amd64', os.version: '10.0', java.version: '1.8.0_221'
Driver info: org.openqa.selenium.ie.InternetExplorerDriver
Capabilities {acceptInsecureCerts: false, browserName: internet explorer, browserVersion: 11, javascriptEnabled: true, pageLoadStrategy: normal, platform: WINDOWS, platformName: WINDOWS, proxy: Proxy(), se:ieOptions: {browserAttachTimeout: 0, elementScrollBehavior: 0, enablePersistentHover: true, ie.browserCommandLineSwitches: , ie.ensureCleanSession: false, ie.fileUploadDialogTimeout: 3000, ie.forceCreateProcessApi: false, ignoreProtectedModeSettings: false, ignoreZoomSetting: false, initialBrowserUrl: http://localhost:2124/, nativeEvents: true, requireWindowFocus: false}, setWindowRect: true, timeouts: {implicit: 0, pageLoad: 300000, script: 30000}}
Session ID: 055d0f1f-16b1-4577-b4c8-1028878473d8
*** Element info: {Using=xpath, value=//div[@id='footer']//a[contains(text(),'Blockchain')]}
at sun.reflect.GeneratedConstructorAccessor25.newInstance(Unknown Source)
at sun.reflect.DelegatingConstructorAccessorImpl.newInstance(DelegatingConstructorAccessorImpl.java:45)
at java.lang.reflect.Constructor.newInstance(Constructor.java:423)
at org.openqa.selenium.remote.codec.w3c.W3CHttpResponseCodec.createException(W3CHttpResponseCodec.java:191)
at org.openqa.selenium.remote.codec.w3c.W3CHttpResponseCodec.decode(W3CHttpResponseCodec.java:125)
at org.openqa.selenium.remote.codec.w3c.W3CHttpResponseCodec.decode(W3CHttpResponseCodec.java:52)
at org.openqa.selenium.remote.HttpCommandExecutor.execute(HttpCommandExecutor.java:161)
at org.openqa.selenium.remote.service.DriverCommandExecutor.execute(DriverCommandExecutor.java:83)
at org.openqa.selenium.remote.RemoteWebDriver.execute(RemoteWebDriver.java:576)
at org.openqa.selenium.remote.RemoteWebDriver.findElement(RemoteWebDriver.java:327)
at org.openqa.selenium.remote.RemoteWebDriver.findElementByXPath(RemoteWebDriver.java:445)
at org.openqa.selenium.By$ByXPath.findElement(By.java:353)
at org.openqa.selenium.remote.RemoteWebDriver.findElement(RemoteWebDriver.java:319)
at com.atmecs.helper.CommonUtility.locatorsType(CommonUtility.java:49)
at com.atmecs.helper.CommonUtility$4.apply(CommonUtility.java:180)
at com.atmecs.helper.CommonUtility$4.apply(CommonUtility.java:1)
at org.openqa.selenium.support.ui.FluentWait.until(FluentWait.java:211)
at com.atmecs.helper.CommonUtility.getText(CommonUtility.java:177)
at com.atmecs.general.AtmecsHomePage.isFooterPresent(AtmecsHomePage.java:80)
at com.atmecs.testscript.AtmecsHomePageScript.validateCarrersFooter(AtmecsHomePageScript.java:92)
at sun.reflect.GeneratedMethodAccessor7.invoke(Unknown Source)
at sun.reflect.DelegatingMethodAccessorImpl.invoke(DelegatingMethodAccessorImpl.java:43)
at java.lang.reflect.Method.invoke(Method.java:498)
at org.testng.internal.MethodInvocationHelper.invokeMethod(MethodInvocationHelper.java:133)
at org.testng.internal.TestInvoker.invokeMethod(TestInvoker.java:584)
at org.testng.internal.TestInvoker.invokeTestMethod(TestInvoker.java:172)
at org.testng.internal.MethodRunner.runInSequence(MethodRunner.java:46)
at org.testng.internal.TestInvoker$MethodInvocationAgent.invoke(TestInvoker.java:804)
at org.testng.internal.TestInvoker.invokeTestMethods(TestInvoker.java:145)
at org.testng.internal.TestMethodWorker.invokeTestMethods(TestMethodWorker.java:146)
at org.testng.internal.TestMethodWorker.run(TestMethodWorker.java:128)
at java.util.ArrayList.forEach(ArrayList.java:1257)
at org.testng.TestRunner.privateRun(TestRunner.java:770)
at org.testng.TestRunner.run(TestRunner.java:591)
at org.testng.SuiteRunner.runTest(SuiteRunner.java:402)
at org.testng.SuiteRunner.runSequentially(SuiteRunner.java:396)
at org.testng.SuiteRunner.privateRun(SuiteRunner.java:355)
at org.testng.SuiteRunner.run(SuiteRunner.java:304)
at org.testng.SuiteRunnerWorker.runSuite(SuiteRunnerWorker.java:53)
at org.testng.SuiteRunnerWorker.run(SuiteRunnerWorker.java:96)
at org.testng.TestNG.runSuitesSequentially(TestNG.java:1180)
at org.testng.TestNG.runSuitesLocally(TestNG.java:1102)
at org.testng.TestNG.runSuites(TestNG.java:1032)
at org.testng.TestNG.run(TestNG.java:1000)
at org.testng.remote.AbstractRemoteTestNG.run(AbstractRemoteTestNG.java:115)
at org.testng.remote.RemoteTestNG.initAndRun(RemoteTestNG.java:251)
at org.testng.remote.RemoteTestNG.main(RemoteTestNG.java:77)
]]>
    </error>
  </testcase> <!-- validateCarrersFooter -->
  <testcase name="validateCarrersFooter" time="0.038" classname="com.atmecs.testscript.AtmecsHomePageScript">
    <error type="org.openqa.selenium.NoSuchWindowException" message="Currently focused window has been closed.
Build info: version: &#039;4.0.0-alpha-2&#039;, revision: &#039;f148142cf8&#039;, time: &#039;2019-07-01T20:55:26&#039;
System info: host: &#039;ATMECSINLT-283&#039;, ip: &#039;55.55.52.215&#039;, os.name: &#039;Windows 10&#039;, os.arch: &#039;amd64&#039;, os.version: &#039;10.0&#039;, java.version: &#039;1.8.0_221&#039;
Driver info: org.openqa.selenium.ie.InternetExplorerDriver
Capabilities {acceptInsecureCerts: false, browserName: internet explorer, browserVersion: 11, javascriptEnabled: true, pageLoadStrategy: normal, platform: WINDOWS, platformName: WINDOWS, proxy: Proxy(), se:ieOptions: {browserAttachTimeout: 0, elementScrollBehavior: 0, enablePersistentHover: true, ie.browserCommandLineSwitches: , ie.ensureCleanSession: false, ie.fileUploadDialogTimeout: 3000, ie.forceCreateProcessApi: false, ignoreProtectedModeSettings: false, ignoreZoomSetting: false, initialBrowserUrl: http://localhost:2124/, nativeEvents: true, requireWindowFocus: false}, setWindowRect: true, timeouts: {implicit: 0, pageLoad: 300000, script: 30000}}
Session ID: 055d0f1f-16b1-4577-b4c8-1028878473d8
*** Element info: {Using=xpath, value=//div[@id=&#039;footer&#039;]//a[contains(text(),&#039;Enterprise Analytics&#039;)]}">
      <![CDATA[org.openqa.selenium.NoSuchWindowException: Currently focused window has been closed.
Build info: version: '4.0.0-alpha-2', revision: 'f148142cf8', time: '2019-07-01T20:55:26'
System info: host: 'ATMECSINLT-283', ip: '55.55.52.215', os.name: 'Windows 10', os.arch: 'amd64', os.version: '10.0', java.version: '1.8.0_221'
Driver info: org.openqa.selenium.ie.InternetExplorerDriver
Capabilities {acceptInsecureCerts: false, browserName: internet explorer, browserVersion: 11, javascriptEnabled: true, pageLoadStrategy: normal, platform: WINDOWS, platformName: WINDOWS, proxy: Proxy(), se:ieOptions: {browserAttachTimeout: 0, elementScrollBehavior: 0, enablePersistentHover: true, ie.browserCommandLineSwitches: , ie.ensureCleanSession: false, ie.fileUploadDialogTimeout: 3000, ie.forceCreateProcessApi: false, ignoreProtectedModeSettings: false, ignoreZoomSetting: false, initialBrowserUrl: http://localhost:2124/, nativeEvents: true, requireWindowFocus: false}, setWindowRect: true, timeouts: {implicit: 0, pageLoad: 300000, script: 30000}}
Session ID: 055d0f1f-16b1-4577-b4c8-1028878473d8
*** Element info: {Using=xpath, value=//div[@id='footer']//a[contains(text(),'Enterprise Analytics')]}
at sun.reflect.GeneratedConstructorAccessor25.newInstance(Unknown Source)
at sun.reflect.DelegatingConstructorAccessorImpl.newInstance(DelegatingConstructorAccessorImpl.java:45)
at java.lang.reflect.Constructor.newInstance(Constructor.java:423)
at org.openqa.selenium.remote.codec.w3c.W3CHttpResponseCodec.createException(W3CHttpResponseCodec.java:191)
at org.openqa.selenium.remote.codec.w3c.W3CHttpResponseCodec.decode(W3CHttpResponseCodec.java:125)
at org.openqa.selenium.remote.codec.w3c.W3CHttpResponseCodec.decode(W3CHttpResponseCodec.java:52)
at org.openqa.selenium.remote.HttpCommandExecutor.execute(HttpCommandExecutor.java:161)
at org.openqa.selenium.remote.service.DriverCommandExecutor.execute(DriverCommandExecutor.java:83)
at org.openqa.selenium.remote.RemoteWebDriver.execute(RemoteWebDriver.java:576)
at org.openqa.selenium.remote.RemoteWebDriver.findElement(RemoteWebDriver.java:327)
at org.openqa.selenium.remote.RemoteWebDriver.findElementByXPath(RemoteWebDriver.java:445)
at org.openqa.selenium.By$ByXPath.findElement(By.java:353)
at org.openqa.selenium.remote.RemoteWebDriver.findElement(RemoteWebDriver.java:319)
at com.atmecs.helper.CommonUtility.locatorsType(CommonUtility.java:49)
at com.atmecs.helper.CommonUtility$4.apply(CommonUtility.java:180)
at com.atmecs.helper.CommonUtility$4.apply(CommonUtility.java:1)
at org.openqa.selenium.support.ui.FluentWait.until(FluentWait.java:211)
at com.atmecs.helper.CommonUtility.getText(CommonUtility.java:177)
at com.atmecs.general.AtmecsHomePage.isFooterPresent(AtmecsHomePage.java:80)
at com.atmecs.testscript.AtmecsHomePageScript.validateCarrersFooter(AtmecsHomePageScript.java:92)
at sun.reflect.GeneratedMethodAccessor7.invoke(Unknown Source)
at sun.reflect.DelegatingMethodAccessorImpl.invoke(DelegatingMethodAccessorImpl.java:43)
at java.lang.reflect.Method.invoke(Method.java:498)
at org.testng.internal.MethodInvocationHelper.invokeMethod(MethodInvocationHelper.java:133)
at org.testng.internal.TestInvoker.invokeMethod(TestInvoker.java:584)
at org.testng.internal.TestInvoker.invokeTestMethod(TestInvoker.java:172)
at org.testng.internal.MethodRunner.runInSequence(MethodRunner.java:46)
at org.testng.internal.TestInvoker$MethodInvocationAgent.invoke(TestInvoker.java:804)
at org.testng.internal.TestInvoker.invokeTestMethods(TestInvoker.java:145)
at org.testng.internal.TestMethodWorker.invokeTestMethods(TestMethodWorker.java:146)
at org.testng.internal.TestMethodWorker.run(TestMethodWorker.java:128)
at java.util.ArrayList.forEach(ArrayList.java:1257)
at org.testng.TestRunner.privateRun(TestRunner.java:770)
at org.testng.TestRunner.run(TestRunner.java:591)
at org.testng.SuiteRunner.runTest(SuiteRunner.java:402)
at org.testng.SuiteRunner.runSequentially(SuiteRunner.java:396)
at org.testng.SuiteRunner.privateRun(SuiteRunner.java:355)
at org.testng.SuiteRunner.run(SuiteRunner.java:304)
at org.testng.SuiteRunnerWorker.runSuite(SuiteRunnerWorker.java:53)
at org.testng.SuiteRunnerWorker.run(SuiteRunnerWorker.java:96)
at org.testng.TestNG.runSuitesSequentially(TestNG.java:1180)
at org.testng.TestNG.runSuitesLocally(TestNG.java:1102)
at org.testng.TestNG.runSuites(TestNG.java:1032)
at org.testng.TestNG.run(TestNG.java:1000)
at org.testng.remote.AbstractRemoteTestNG.run(AbstractRemoteTestNG.java:115)
at org.testng.remote.RemoteTestNG.initAndRun(RemoteTestNG.java:251)
at org.testng.remote.RemoteTestNG.main(RemoteTestNG.java:77)
]]>
    </error>
  </testcase> <!-- validateCarrersFooter -->
  <testcase name="validateCarrersFooter" time="0.037" classname="com.atmecs.testscript.AtmecsHomePageScript">
    <error type="org.openqa.selenium.NoSuchWindowException" message="Currently focused window has been closed.
Build info: version: &#039;4.0.0-alpha-2&#039;, revision: &#039;f148142cf8&#039;, time: &#039;2019-07-01T20:55:26&#039;
System info: host: &#039;ATMECSINLT-283&#039;, ip: &#039;55.55.52.215&#039;, os.name: &#039;Windows 10&#039;, os.arch: &#039;amd64&#039;, os.version: &#039;10.0&#039;, java.version: &#039;1.8.0_221&#039;
Driver info: org.openqa.selenium.ie.InternetExplorerDriver
Capabilities {acceptInsecureCerts: false, browserName: internet explorer, browserVersion: 11, javascriptEnabled: true, pageLoadStrategy: normal, platform: WINDOWS, platformName: WINDOWS, proxy: Proxy(), se:ieOptions: {browserAttachTimeout: 0, elementScrollBehavior: 0, enablePersistentHover: true, ie.browserCommandLineSwitches: , ie.ensureCleanSession: false, ie.fileUploadDialogTimeout: 3000, ie.forceCreateProcessApi: false, ignoreProtectedModeSettings: false, ignoreZoomSetting: false, initialBrowserUrl: http://localhost:2124/, nativeEvents: true, requireWindowFocus: false}, setWindowRect: true, timeouts: {implicit: 0, pageLoad: 300000, script: 30000}}
Session ID: 055d0f1f-16b1-4577-b4c8-1028878473d8
*** Element info: {Using=xpath, value=//div[@id=&#039;footer&#039;]//a[contains(text(),&#039;Contact Us&#039;)]}">
      <![CDATA[org.openqa.selenium.NoSuchWindowException: Currently focused window has been closed.
Build info: version: '4.0.0-alpha-2', revision: 'f148142cf8', time: '2019-07-01T20:55:26'
System info: host: 'ATMECSINLT-283', ip: '55.55.52.215', os.name: 'Windows 10', os.arch: 'amd64', os.version: '10.0', java.version: '1.8.0_221'
Driver info: org.openqa.selenium.ie.InternetExplorerDriver
Capabilities {acceptInsecureCerts: false, browserName: internet explorer, browserVersion: 11, javascriptEnabled: true, pageLoadStrategy: normal, platform: WINDOWS, platformName: WINDOWS, proxy: Proxy(), se:ieOptions: {browserAttachTimeout: 0, elementScrollBehavior: 0, enablePersistentHover: true, ie.browserCommandLineSwitches: , ie.ensureCleanSession: false, ie.fileUploadDialogTimeout: 3000, ie.forceCreateProcessApi: false, ignoreProtectedModeSettings: false, ignoreZoomSetting: false, initialBrowserUrl: http://localhost:2124/, nativeEvents: true, requireWindowFocus: false}, setWindowRect: true, timeouts: {implicit: 0, pageLoad: 300000, script: 30000}}
Session ID: 055d0f1f-16b1-4577-b4c8-1028878473d8
*** Element info: {Using=xpath, value=//div[@id='footer']//a[contains(text(),'Contact Us')]}
at sun.reflect.GeneratedConstructorAccessor25.newInstance(Unknown Source)
at sun.reflect.DelegatingConstructorAccessorImpl.newInstance(DelegatingConstructorAccessorImpl.java:45)
at java.lang.reflect.Constructor.newInstance(Constructor.java:423)
at org.openqa.selenium.remote.codec.w3c.W3CHttpResponseCodec.createException(W3CHttpResponseCodec.java:191)
at org.openqa.selenium.remote.codec.w3c.W3CHttpResponseCodec.decode(W3CHttpResponseCodec.java:125)
at org.openqa.selenium.remote.codec.w3c.W3CHttpResponseCodec.decode(W3CHttpResponseCodec.java:52)
at org.openqa.selenium.remote.HttpCommandExecutor.execute(HttpCommandExecutor.java:161)
at org.openqa.selenium.remote.service.DriverCommandExecutor.execute(DriverCommandExecutor.java:83)
at org.openqa.selenium.remote.RemoteWebDriver.execute(RemoteWebDriver.java:576)
at org.openqa.selenium.remote.RemoteWebDriver.findElement(RemoteWebDriver.java:327)
at org.openqa.selenium.remote.RemoteWebDriver.findElementByXPath(RemoteWebDriver.java:445)
at org.openqa.selenium.By$ByXPath.findElement(By.java:353)
at org.openqa.selenium.remote.RemoteWebDriver.findElement(RemoteWebDriver.java:319)
at com.atmecs.helper.CommonUtility.locatorsType(CommonUtility.java:49)
at com.atmecs.helper.CommonUtility$4.apply(CommonUtility.java:180)
at com.atmecs.helper.CommonUtility$4.apply(CommonUtility.java:1)
at org.openqa.selenium.support.ui.FluentWait.until(FluentWait.java:211)
at com.atmecs.helper.CommonUtility.getText(CommonUtility.java:177)
at com.atmecs.general.AtmecsHomePage.isFooterPresent(AtmecsHomePage.java:80)
at com.atmecs.testscript.AtmecsHomePageScript.validateCarrersFooter(AtmecsHomePageScript.java:92)
at sun.reflect.NativeMethodAccessorImpl.invoke0(Native Method)
at sun.reflect.NativeMethodAccessorImpl.invoke(NativeMethodAccessorImpl.java:62)
at sun.reflect.DelegatingMethodAccessorImpl.invoke(DelegatingMethodAccessorImpl.java:43)
at java.lang.reflect.Method.invoke(Method.java:498)
at org.testng.internal.MethodInvocationHelper.invokeMethod(MethodInvocationHelper.java:133)
at org.testng.internal.TestInvoker.invokeMethod(TestInvoker.java:584)
at org.testng.internal.TestInvoker.invokeTestMethod(TestInvoker.java:172)
at org.testng.internal.MethodRunner.runInSequence(MethodRunner.java:46)
at org.testng.internal.TestInvoker$MethodInvocationAgent.invoke(TestInvoker.java:804)
at org.testng.internal.TestInvoker.invokeTestMethods(TestInvoker.java:145)
at org.testng.internal.TestMethodWorker.invokeTestMethods(TestMethodWorker.java:146)
at org.testng.internal.TestMethodWorker.run(TestMethodWorker.java:128)
at java.util.ArrayList.forEach(ArrayList.java:1257)
at org.testng.TestRunner.privateRun(TestRunner.java:770)
at org.testng.TestRunner.run(TestRunner.java:591)
at org.testng.SuiteRunner.runTest(SuiteRunner.java:402)
at org.testng.SuiteRunner.runSequentially(SuiteRunner.java:396)
at org.testng.SuiteRunner.privateRun(SuiteRunner.java:355)
at org.testng.SuiteRunner.run(SuiteRunner.java:304)
at org.testng.SuiteRunnerWorker.runSuite(SuiteRunnerWorker.java:53)
at org.testng.SuiteRunnerWorker.run(SuiteRunnerWorker.java:96)
at org.testng.TestNG.runSuitesSequentially(TestNG.java:1180)
at org.testng.TestNG.runSuitesLocally(TestNG.java:1102)
at org.testng.TestNG.runSuites(TestNG.java:1032)
at org.testng.TestNG.run(TestNG.java:1000)
at org.testng.remote.AbstractRemoteTestNG.run(AbstractRemoteTestNG.java:115)
at org.testng.remote.RemoteTestNG.initAndRun(RemoteTestNG.java:251)
at org.testng.remote.RemoteTestNG.main(RemoteTestNG.java:77)
]]>
    </error>
  </testcase> <!-- validateCarrersFooter -->
  <testcase name="validateCarrersFooter" time="0.032" classname="com.atmecs.testscript.AtmecsHomePageScript">
    <error type="org.openqa.selenium.NoSuchWindowException" message="Currently focused window has been closed.
Build info: version: &#039;4.0.0-alpha-2&#039;, revision: &#039;f148142cf8&#039;, time: &#039;2019-07-01T20:55:26&#039;
System info: host: &#039;ATMECSINLT-283&#039;, ip: &#039;55.55.52.215&#039;, os.name: &#039;Windows 10&#039;, os.arch: &#039;amd64&#039;, os.version: &#039;10.0&#039;, java.version: &#039;1.8.0_221&#039;
Driver info: org.openqa.selenium.ie.InternetExplorerDriver
Capabilities {acceptInsecureCerts: false, browserName: internet explorer, browserVersion: 11, javascriptEnabled: true, pageLoadStrategy: normal, platform: WINDOWS, platformName: WINDOWS, proxy: Proxy(), se:ieOptions: {browserAttachTimeout: 0, elementScrollBehavior: 0, enablePersistentHover: true, ie.browserCommandLineSwitches: , ie.ensureCleanSession: false, ie.fileUploadDialogTimeout: 3000, ie.forceCreateProcessApi: false, ignoreProtectedModeSettings: false, ignoreZoomSetting: false, initialBrowserUrl: http://localhost:2124/, nativeEvents: true, requireWindowFocus: false}, setWindowRect: true, timeouts: {implicit: 0, pageLoad: 300000, script: 30000}}
Session ID: 055d0f1f-16b1-4577-b4c8-1028878473d8
*** Element info: {Using=xpath, value=//div[@id=&#039;footer&#039;]//a[contains(text(),&#039;Europe – Ireland&#039;)]}">
      <![CDATA[org.openqa.selenium.NoSuchWindowException: Currently focused window has been closed.
Build info: version: '4.0.0-alpha-2', revision: 'f148142cf8', time: '2019-07-01T20:55:26'
System info: host: 'ATMECSINLT-283', ip: '55.55.52.215', os.name: 'Windows 10', os.arch: 'amd64', os.version: '10.0', java.version: '1.8.0_221'
Driver info: org.openqa.selenium.ie.InternetExplorerDriver
Capabilities {acceptInsecureCerts: false, browserName: internet explorer, browserVersion: 11, javascriptEnabled: true, pageLoadStrategy: normal, platform: WINDOWS, platformName: WINDOWS, proxy: Proxy(), se:ieOptions: {browserAttachTimeout: 0, elementScrollBehavior: 0, enablePersistentHover: true, ie.browserCommandLineSwitches: , ie.ensureCleanSession: false, ie.fileUploadDialogTimeout: 3000, ie.forceCreateProcessApi: false, ignoreProtectedModeSettings: false, ignoreZoomSetting: false, initialBrowserUrl: http://localhost:2124/, nativeEvents: true, requireWindowFocus: false}, setWindowRect: true, timeouts: {implicit: 0, pageLoad: 300000, script: 30000}}
Session ID: 055d0f1f-16b1-4577-b4c8-1028878473d8
*** Element info: {Using=xpath, value=//div[@id='footer']//a[contains(text(),'Europe – Ireland')]}
at sun.reflect.GeneratedConstructorAccessor25.newInstance(Unknown Source)
at sun.reflect.DelegatingConstructorAccessorImpl.newInstance(DelegatingConstructorAccessorImpl.java:45)
at java.lang.reflect.Constructor.newInstance(Constructor.java:423)
at org.openqa.selenium.remote.codec.w3c.W3CHttpResponseCodec.createException(W3CHttpResponseCodec.java:191)
at org.openqa.selenium.remote.codec.w3c.W3CHttpResponseCodec.decode(W3CHttpResponseCodec.java:125)
at org.openqa.selenium.remote.codec.w3c.W3CHttpResponseCodec.decode(W3CHttpResponseCodec.java:52)
at org.openqa.selenium.remote.HttpCommandExecutor.execute(HttpCommandExecutor.java:161)
at org.openqa.selenium.remote.service.DriverCommandExecutor.execute(DriverCommandExecutor.java:83)
at org.openqa.selenium.remote.RemoteWebDriver.execute(RemoteWebDriver.java:576)
at org.openqa.selenium.remote.RemoteWebDriver.findElement(RemoteWebDriver.java:327)
at org.openqa.selenium.remote.RemoteWebDriver.findElementByXPath(RemoteWebDriver.java:445)
at org.openqa.selenium.By$ByXPath.findElement(By.java:353)
at org.openqa.selenium.remote.RemoteWebDriver.findElement(RemoteWebDriver.java:319)
at com.atmecs.helper.CommonUtility.locatorsType(CommonUtility.java:49)
at com.atmecs.helper.CommonUtility$4.apply(CommonUtility.java:180)
at com.atmecs.helper.CommonUtility$4.apply(CommonUtility.java:1)
at org.openqa.selenium.support.ui.FluentWait.until(FluentWait.java:211)
at com.atmecs.helper.CommonUtility.getText(CommonUtility.java:177)
at com.atmecs.general.AtmecsHomePage.isFooterPresent(AtmecsHomePage.java:80)
at com.atmecs.testscript.AtmecsHomePageScript.validateCarrersFooter(AtmecsHomePageScript.java:92)
at sun.reflect.GeneratedMethodAccessor7.invoke(Unknown Source)
at sun.reflect.DelegatingMethodAccessorImpl.invoke(DelegatingMethodAccessorImpl.java:43)
at java.lang.reflect.Method.invoke(Method.java:498)
at org.testng.internal.MethodInvocationHelper.invokeMethod(MethodInvocationHelper.java:133)
at org.testng.internal.TestInvoker.invokeMethod(TestInvoker.java:584)
at org.testng.internal.TestInvoker.invokeTestMethod(TestInvoker.java:172)
at org.testng.internal.MethodRunner.runInSequence(MethodRunner.java:46)
at org.testng.internal.TestInvoker$MethodInvocationAgent.invoke(TestInvoker.java:804)
at org.testng.internal.TestInvoker.invokeTestMethods(TestInvoker.java:145)
at org.testng.internal.TestMethodWorker.invokeTestMethods(TestMethodWorker.java:146)
at org.testng.internal.TestMethodWorker.run(TestMethodWorker.java:128)
at java.util.ArrayList.forEach(ArrayList.java:1257)
at org.testng.TestRunner.privateRun(TestRunner.java:770)
at org.testng.TestRunner.run(TestRunner.java:591)
at org.testng.SuiteRunner.runTest(SuiteRunner.java:402)
at org.testng.SuiteRunner.runSequentially(SuiteRunner.java:396)
at org.testng.SuiteRunner.privateRun(SuiteRunner.java:355)
at org.testng.SuiteRunner.run(SuiteRunner.java:304)
at org.testng.SuiteRunnerWorker.runSuite(SuiteRunnerWorker.java:53)
at org.testng.SuiteRunnerWorker.run(SuiteRunnerWorker.java:96)
at org.testng.TestNG.runSuitesSequentially(TestNG.java:1180)
at org.testng.TestNG.runSuitesLocally(TestNG.java:1102)
at org.testng.TestNG.runSuites(TestNG.java:1032)
at org.testng.TestNG.run(TestNG.java:1000)
at org.testng.remote.AbstractRemoteTestNG.run(AbstractRemoteTestNG.java:115)
at org.testng.remote.RemoteTestNG.initAndRun(RemoteTestNG.java:251)
at org.testng.remote.RemoteTestNG.main(RemoteTestNG.java:77)
]]>
    </error>
  </testcase> <!-- validateCarrersFooter -->
  <testcase name="validateCarrersFooter" time="0.027" classname="com.atmecs.testscript.AtmecsHomePageScript">
    <error type="org.openqa.selenium.NoSuchWindowException" message="Currently focused window has been closed.
Build info: version: &#039;4.0.0-alpha-2&#039;, revision: &#039;f148142cf8&#039;, time: &#039;2019-07-01T20:55:26&#039;
System info: host: &#039;ATMECSINLT-283&#039;, ip: &#039;55.55.52.215&#039;, os.name: &#039;Windows 10&#039;, os.arch: &#039;amd64&#039;, os.version: &#039;10.0&#039;, java.version: &#039;1.8.0_221&#039;
Driver info: org.openqa.selenium.ie.InternetExplorerDriver
Capabilities {acceptInsecureCerts: false, browserName: internet explorer, browserVersion: 11, javascriptEnabled: true, pageLoadStrategy: normal, platform: WINDOWS, platformName: WINDOWS, proxy: Proxy(), se:ieOptions: {browserAttachTimeout: 0, elementScrollBehavior: 0, enablePersistentHover: true, ie.browserCommandLineSwitches: , ie.ensureCleanSession: false, ie.fileUploadDialogTimeout: 3000, ie.forceCreateProcessApi: false, ignoreProtectedModeSettings: false, ignoreZoomSetting: false, initialBrowserUrl: http://localhost:2124/, nativeEvents: true, requireWindowFocus: false}, setWindowRect: true, timeouts: {implicit: 0, pageLoad: 300000, script: 30000}}
Session ID: 055d0f1f-16b1-4577-b4c8-1028878473d8
*** Element info: {Using=xpath, value=//div[@id=&#039;footer&#039;]//a[contains(text(),&#039;Artificial Intelligence / Machine Learning&#039;)]}">
      <![CDATA[org.openqa.selenium.NoSuchWindowException: Currently focused window has been closed.
Build info: version: '4.0.0-alpha-2', revision: 'f148142cf8', time: '2019-07-01T20:55:26'
System info: host: 'ATMECSINLT-283', ip: '55.55.52.215', os.name: 'Windows 10', os.arch: 'amd64', os.version: '10.0', java.version: '1.8.0_221'
Driver info: org.openqa.selenium.ie.InternetExplorerDriver
Capabilities {acceptInsecureCerts: false, browserName: internet explorer, browserVersion: 11, javascriptEnabled: true, pageLoadStrategy: normal, platform: WINDOWS, platformName: WINDOWS, proxy: Proxy(), se:ieOptions: {browserAttachTimeout: 0, elementScrollBehavior: 0, enablePersistentHover: true, ie.browserCommandLineSwitches: , ie.ensureCleanSession: false, ie.fileUploadDialogTimeout: 3000, ie.forceCreateProcessApi: false, ignoreProtectedModeSettings: false, ignoreZoomSetting: false, initialBrowserUrl: http://localhost:2124/, nativeEvents: true, requireWindowFocus: false}, setWindowRect: true, timeouts: {implicit: 0, pageLoad: 300000, script: 30000}}
Session ID: 055d0f1f-16b1-4577-b4c8-1028878473d8
*** Element info: {Using=xpath, value=//div[@id='footer']//a[contains(text(),'Artificial Intelligence / Machine Learning')]}
at sun.reflect.GeneratedConstructorAccessor25.newInstance(Unknown Source)
at sun.reflect.DelegatingConstructorAccessorImpl.newInstance(DelegatingConstructorAccessorImpl.java:45)
at java.lang.reflect.Constructor.newInstance(Constructor.java:423)
at org.openqa.selenium.remote.codec.w3c.W3CHttpResponseCodec.createException(W3CHttpResponseCodec.java:191)
at org.openqa.selenium.remote.codec.w3c.W3CHttpResponseCodec.decode(W3CHttpResponseCodec.java:125)
at org.openqa.selenium.remote.codec.w3c.W3CHttpResponseCodec.decode(W3CHttpResponseCodec.java:52)
at org.openqa.selenium.remote.HttpCommandExecutor.execute(HttpCommandExecutor.java:161)
at org.openqa.selenium.remote.service.DriverCommandExecutor.execute(DriverCommandExecutor.java:83)
at org.openqa.selenium.remote.RemoteWebDriver.execute(RemoteWebDriver.java:576)
at org.openqa.selenium.remote.RemoteWebDriver.findElement(RemoteWebDriver.java:327)
at org.openqa.selenium.remote.RemoteWebDriver.findElementByXPath(RemoteWebDriver.java:445)
at org.openqa.selenium.By$ByXPath.findElement(By.java:353)
at org.openqa.selenium.remote.RemoteWebDriver.findElement(RemoteWebDriver.java:319)
at com.atmecs.helper.CommonUtility.locatorsType(CommonUtility.java:49)
at com.atmecs.helper.CommonUtility$4.apply(CommonUtility.java:180)
at com.atmecs.helper.CommonUtility$4.apply(CommonUtility.java:1)
at org.openqa.selenium.support.ui.FluentWait.until(FluentWait.java:211)
at com.atmecs.helper.CommonUtility.getText(CommonUtility.java:177)
at com.atmecs.general.AtmecsHomePage.isFooterPresent(AtmecsHomePage.java:80)
at com.atmecs.testscript.AtmecsHomePageScript.validateCarrersFooter(AtmecsHomePageScript.java:92)
at sun.reflect.GeneratedMethodAccessor7.invoke(Unknown Source)
at sun.reflect.DelegatingMethodAccessorImpl.invoke(DelegatingMethodAccessorImpl.java:43)
at java.lang.reflect.Method.invoke(Method.java:498)
at org.testng.internal.MethodInvocationHelper.invokeMethod(MethodInvocationHelper.java:133)
at org.testng.internal.TestInvoker.invokeMethod(TestInvoker.java:584)
at org.testng.internal.TestInvoker.invokeTestMethod(TestInvoker.java:172)
at org.testng.internal.MethodRunner.runInSequence(MethodRunner.java:46)
at org.testng.internal.TestInvoker$MethodInvocationAgent.invoke(TestInvoker.java:804)
at org.testng.internal.TestInvoker.invokeTestMethods(TestInvoker.java:145)
at org.testng.internal.TestMethodWorker.invokeTestMethods(TestMethodWorker.java:146)
at org.testng.internal.TestMethodWorker.run(TestMethodWorker.java:128)
at java.util.ArrayList.forEach(ArrayList.java:1257)
at org.testng.TestRunner.privateRun(TestRunner.java:770)
at org.testng.TestRunner.run(TestRunner.java:591)
at org.testng.SuiteRunner.runTest(SuiteRunner.java:402)
at org.testng.SuiteRunner.runSequentially(SuiteRunner.java:396)
at org.testng.SuiteRunner.privateRun(SuiteRunner.java:355)
at org.testng.SuiteRunner.run(SuiteRunner.java:304)
at org.testng.SuiteRunnerWorker.runSuite(SuiteRunnerWorker.java:53)
at org.testng.SuiteRunnerWorker.run(SuiteRunnerWorker.java:96)
at org.testng.TestNG.runSuitesSequentially(TestNG.java:1180)
at org.testng.TestNG.runSuitesLocally(TestNG.java:1102)
at org.testng.TestNG.runSuites(TestNG.java:1032)
at org.testng.TestNG.run(TestNG.java:1000)
at org.testng.remote.AbstractRemoteTestNG.run(AbstractRemoteTestNG.java:115)
at org.testng.remote.RemoteTestNG.initAndRun(RemoteTestNG.java:251)
at org.testng.remote.RemoteTestNG.main(RemoteTestNG.java:77)
]]>
    </error>
  </testcase> <!-- validateCarrersFooter -->
  <testcase name="validateCarrersFooter" time="0.031" classname="com.atmecs.testscript.AtmecsHomePageScript">
    <error type="org.openqa.selenium.NoSuchWindowException" message="Currently focused window has been closed.
Build info: version: &#039;4.0.0-alpha-2&#039;, revision: &#039;f148142cf8&#039;, time: &#039;2019-07-01T20:55:26&#039;
System info: host: &#039;ATMECSINLT-283&#039;, ip: &#039;55.55.52.215&#039;, os.name: &#039;Windows 10&#039;, os.arch: &#039;amd64&#039;, os.version: &#039;10.0&#039;, java.version: &#039;1.8.0_221&#039;
Driver info: org.openqa.selenium.ie.InternetExplorerDriver
Capabilities {acceptInsecureCerts: false, browserName: internet explorer, browserVersion: 11, javascriptEnabled: true, pageLoadStrategy: normal, platform: WINDOWS, platformName: WINDOWS, proxy: Proxy(), se:ieOptions: {browserAttachTimeout: 0, elementScrollBehavior: 0, enablePersistentHover: true, ie.browserCommandLineSwitches: , ie.ensureCleanSession: false, ie.fileUploadDialogTimeout: 3000, ie.forceCreateProcessApi: false, ignoreProtectedModeSettings: false, ignoreZoomSetting: false, initialBrowserUrl: http://localhost:2124/, nativeEvents: true, requireWindowFocus: false}, setWindowRect: true, timeouts: {implicit: 0, pageLoad: 300000, script: 30000}}
Session ID: 055d0f1f-16b1-4577-b4c8-1028878473d8
*** Element info: {Using=xpath, value=//div[@id=&#039;footer&#039;]//a[contains(text(),&#039;Robotic Process Automation &amp; ChatBOTs&#039;)]}">
      <![CDATA[org.openqa.selenium.NoSuchWindowException: Currently focused window has been closed.
Build info: version: '4.0.0-alpha-2', revision: 'f148142cf8', time: '2019-07-01T20:55:26'
System info: host: 'ATMECSINLT-283', ip: '55.55.52.215', os.name: 'Windows 10', os.arch: 'amd64', os.version: '10.0', java.version: '1.8.0_221'
Driver info: org.openqa.selenium.ie.InternetExplorerDriver
Capabilities {acceptInsecureCerts: false, browserName: internet explorer, browserVersion: 11, javascriptEnabled: true, pageLoadStrategy: normal, platform: WINDOWS, platformName: WINDOWS, proxy: Proxy(), se:ieOptions: {browserAttachTimeout: 0, elementScrollBehavior: 0, enablePersistentHover: true, ie.browserCommandLineSwitches: , ie.ensureCleanSession: false, ie.fileUploadDialogTimeout: 3000, ie.forceCreateProcessApi: false, ignoreProtectedModeSettings: false, ignoreZoomSetting: false, initialBrowserUrl: http://localhost:2124/, nativeEvents: true, requireWindowFocus: false}, setWindowRect: true, timeouts: {implicit: 0, pageLoad: 300000, script: 30000}}
Session ID: 055d0f1f-16b1-4577-b4c8-1028878473d8
*** Element info: {Using=xpath, value=//div[@id='footer']//a[contains(text(),'Robotic Process Automation & ChatBOTs')]}
at sun.reflect.GeneratedConstructorAccessor25.newInstance(Unknown Source)
at sun.reflect.DelegatingConstructorAccessorImpl.newInstance(DelegatingConstructorAccessorImpl.java:45)
at java.lang.reflect.Constructor.newInstance(Constructor.java:423)
at org.openqa.selenium.remote.codec.w3c.W3CHttpResponseCodec.createException(W3CHttpResponseCodec.java:191)
at org.openqa.selenium.remote.codec.w3c.W3CHttpResponseCodec.decode(W3CHttpResponseCodec.java:125)
at org.openqa.selenium.remote.codec.w3c.W3CHttpResponseCodec.decode(W3CHttpResponseCodec.java:52)
at org.openqa.selenium.remote.HttpCommandExecutor.execute(HttpCommandExecutor.java:161)
at org.openqa.selenium.remote.service.DriverCommandExecutor.execute(DriverCommandExecutor.java:83)
at org.openqa.selenium.remote.RemoteWebDriver.execute(RemoteWebDriver.java:576)
at org.openqa.selenium.remote.RemoteWebDriver.findElement(RemoteWebDriver.java:327)
at org.openqa.selenium.remote.RemoteWebDriver.findElementByXPath(RemoteWebDriver.java:445)
at org.openqa.selenium.By$ByXPath.findElement(By.java:353)
at org.openqa.selenium.remote.RemoteWebDriver.findElement(RemoteWebDriver.java:319)
at com.atmecs.helper.CommonUtility.locatorsType(CommonUtility.java:49)
at com.atmecs.helper.CommonUtility$4.apply(CommonUtility.java:180)
at com.atmecs.helper.CommonUtility$4.apply(CommonUtility.java:1)
at org.openqa.selenium.support.ui.FluentWait.until(FluentWait.java:211)
at com.atmecs.helper.CommonUtility.getText(CommonUtility.java:177)
at com.atmecs.general.AtmecsHomePage.isFooterPresent(AtmecsHomePage.java:80)
at com.atmecs.testscript.AtmecsHomePageScript.validateCarrersFooter(AtmecsHomePageScript.java:92)
at sun.reflect.GeneratedMethodAccessor7.invoke(Unknown Source)
at sun.reflect.DelegatingMethodAccessorImpl.invoke(DelegatingMethodAccessorImpl.java:43)
at java.lang.reflect.Method.invoke(Method.java:498)
at org.testng.internal.MethodInvocationHelper.invokeMethod(MethodInvocationHelper.java:133)
at org.testng.internal.TestInvoker.invokeMethod(TestInvoker.java:584)
at org.testng.internal.TestInvoker.invokeTestMethod(TestInvoker.java:172)
at org.testng.internal.MethodRunner.runInSequence(MethodRunner.java:46)
at org.testng.internal.TestInvoker$MethodInvocationAgent.invoke(TestInvoker.java:804)
at org.testng.internal.TestInvoker.invokeTestMethods(TestInvoker.java:145)
at org.testng.internal.TestMethodWorker.invokeTestMethods(TestMethodWorker.java:146)
at org.testng.internal.TestMethodWorker.run(TestMethodWorker.java:128)
at java.util.ArrayList.forEach(ArrayList.java:1257)
at org.testng.TestRunner.privateRun(TestRunner.java:770)
at org.testng.TestRunner.run(TestRunner.java:591)
at org.testng.SuiteRunner.runTest(SuiteRunner.java:402)
at org.testng.SuiteRunner.runSequentially(SuiteRunner.java:396)
at org.testng.SuiteRunner.privateRun(SuiteRunner.java:355)
at org.testng.SuiteRunner.run(SuiteRunner.java:304)
at org.testng.SuiteRunnerWorker.runSuite(SuiteRunnerWorker.java:53)
at org.testng.SuiteRunnerWorker.run(SuiteRunnerWorker.java:96)
at org.testng.TestNG.runSuitesSequentially(TestNG.java:1180)
at org.testng.TestNG.runSuitesLocally(TestNG.java:1102)
at org.testng.TestNG.runSuites(TestNG.java:1032)
at org.testng.TestNG.run(TestNG.java:1000)
at org.testng.remote.AbstractRemoteTestNG.run(AbstractRemoteTestNG.java:115)
at org.testng.remote.RemoteTestNG.initAndRun(RemoteTestNG.java:251)
at org.testng.remote.RemoteTestNG.main(RemoteTestNG.java:77)
]]>
    </error>
  </testcase> <!-- validateCarrersFooter -->
  <testcase name="validateCarrersFooter" time="0.026" classname="com.atmecs.testscript.AtmecsHomePageScript">
    <error type="org.openqa.selenium.NoSuchWindowException" message="Currently focused window has been closed.
Build info: version: &#039;4.0.0-alpha-2&#039;, revision: &#039;f148142cf8&#039;, time: &#039;2019-07-01T20:55:26&#039;
System info: host: &#039;ATMECSINLT-283&#039;, ip: &#039;55.55.52.215&#039;, os.name: &#039;Windows 10&#039;, os.arch: &#039;amd64&#039;, os.version: &#039;10.0&#039;, java.version: &#039;1.8.0_221&#039;
Driver info: org.openqa.selenium.ie.InternetExplorerDriver
Capabilities {acceptInsecureCerts: false, browserName: internet explorer, browserVersion: 11, javascriptEnabled: true, pageLoadStrategy: normal, platform: WINDOWS, platformName: WINDOWS, proxy: Proxy(), se:ieOptions: {browserAttachTimeout: 0, elementScrollBehavior: 0, enablePersistentHover: true, ie.browserCommandLineSwitches: , ie.ensureCleanSession: false, ie.fileUploadDialogTimeout: 3000, ie.forceCreateProcessApi: false, ignoreProtectedModeSettings: false, ignoreZoomSetting: false, initialBrowserUrl: http://localhost:2124/, nativeEvents: true, requireWindowFocus: false}, setWindowRect: true, timeouts: {implicit: 0, pageLoad: 300000, script: 30000}}
Session ID: 055d0f1f-16b1-4577-b4c8-1028878473d8
*** Element info: {Using=xpath, value=//div[@id=&#039;footer&#039;]//a[contains(text(),&#039;DevOps Engineer&#039;)]}">
      <![CDATA[org.openqa.selenium.NoSuchWindowException: Currently focused window has been closed.
Build info: version: '4.0.0-alpha-2', revision: 'f148142cf8', time: '2019-07-01T20:55:26'
System info: host: 'ATMECSINLT-283', ip: '55.55.52.215', os.name: 'Windows 10', os.arch: 'amd64', os.version: '10.0', java.version: '1.8.0_221'
Driver info: org.openqa.selenium.ie.InternetExplorerDriver
Capabilities {acceptInsecureCerts: false, browserName: internet explorer, browserVersion: 11, javascriptEnabled: true, pageLoadStrategy: normal, platform: WINDOWS, platformName: WINDOWS, proxy: Proxy(), se:ieOptions: {browserAttachTimeout: 0, elementScrollBehavior: 0, enablePersistentHover: true, ie.browserCommandLineSwitches: , ie.ensureCleanSession: false, ie.fileUploadDialogTimeout: 3000, ie.forceCreateProcessApi: false, ignoreProtectedModeSettings: false, ignoreZoomSetting: false, initialBrowserUrl: http://localhost:2124/, nativeEvents: true, requireWindowFocus: false}, setWindowRect: true, timeouts: {implicit: 0, pageLoad: 300000, script: 30000}}
Session ID: 055d0f1f-16b1-4577-b4c8-1028878473d8
*** Element info: {Using=xpath, value=//div[@id='footer']//a[contains(text(),'DevOps Engineer')]}
at sun.reflect.GeneratedConstructorAccessor25.newInstance(Unknown Source)
at sun.reflect.DelegatingConstructorAccessorImpl.newInstance(DelegatingConstructorAccessorImpl.java:45)
at java.lang.reflect.Constructor.newInstance(Constructor.java:423)
at org.openqa.selenium.remote.codec.w3c.W3CHttpResponseCodec.createException(W3CHttpResponseCodec.java:191)
at org.openqa.selenium.remote.codec.w3c.W3CHttpResponseCodec.decode(W3CHttpResponseCodec.java:125)
at org.openqa.selenium.remote.codec.w3c.W3CHttpResponseCodec.decode(W3CHttpResponseCodec.java:52)
at org.openqa.selenium.remote.HttpCommandExecutor.execute(HttpCommandExecutor.java:161)
at org.openqa.selenium.remote.service.DriverCommandExecutor.execute(DriverCommandExecutor.java:83)
at org.openqa.selenium.remote.RemoteWebDriver.execute(RemoteWebDriver.java:576)
at org.openqa.selenium.remote.RemoteWebDriver.findElement(RemoteWebDriver.java:327)
at org.openqa.selenium.remote.RemoteWebDriver.findElementByXPath(RemoteWebDriver.java:445)
at org.openqa.selenium.By$ByXPath.findElement(By.java:353)
at org.openqa.selenium.remote.RemoteWebDriver.findElement(RemoteWebDriver.java:319)
at com.atmecs.helper.CommonUtility.locatorsType(CommonUtility.java:49)
at com.atmecs.helper.CommonUtility$4.apply(CommonUtility.java:180)
at com.atmecs.helper.CommonUtility$4.apply(CommonUtility.java:1)
at org.openqa.selenium.support.ui.FluentWait.until(FluentWait.java:211)
at com.atmecs.helper.CommonUtility.getText(CommonUtility.java:177)
at com.atmecs.general.AtmecsHomePage.isFooterPresent(AtmecsHomePage.java:80)
at com.atmecs.testscript.AtmecsHomePageScript.validateCarrersFooter(AtmecsHomePageScript.java:92)
at sun.reflect.NativeMethodAccessorImpl.invoke0(Native Method)
at sun.reflect.NativeMethodAccessorImpl.invoke(NativeMethodAccessorImpl.java:62)
at sun.reflect.DelegatingMethodAccessorImpl.invoke(DelegatingMethodAccessorImpl.java:43)
at java.lang.reflect.Method.invoke(Method.java:498)
at org.testng.internal.MethodInvocationHelper.invokeMethod(MethodInvocationHelper.java:133)
at org.testng.internal.TestInvoker.invokeMethod(TestInvoker.java:584)
at org.testng.internal.TestInvoker.invokeTestMethod(TestInvoker.java:172)
at org.testng.internal.MethodRunner.runInSequence(MethodRunner.java:46)
at org.testng.internal.TestInvoker$MethodInvocationAgent.invoke(TestInvoker.java:804)
at org.testng.internal.TestInvoker.invokeTestMethods(TestInvoker.java:145)
at org.testng.internal.TestMethodWorker.invokeTestMethods(TestMethodWorker.java:146)
at org.testng.internal.TestMethodWorker.run(TestMethodWorker.java:128)
at java.util.ArrayList.forEach(ArrayList.java:1257)
at org.testng.TestRunner.privateRun(TestRunner.java:770)
at org.testng.TestRunner.run(TestRunner.java:591)
at org.testng.SuiteRunner.runTest(SuiteRunner.java:402)
at org.testng.SuiteRunner.runSequentially(SuiteRunner.java:396)
at org.testng.SuiteRunner.privateRun(SuiteRunner.java:355)
at org.testng.SuiteRunner.run(SuiteRunner.java:304)
at org.testng.SuiteRunnerWorker.runSuite(SuiteRunnerWorker.java:53)
at org.testng.SuiteRunnerWorker.run(SuiteRunnerWorker.java:96)
at org.testng.TestNG.runSuitesSequentially(TestNG.java:1180)
at org.testng.TestNG.runSuitesLocally(TestNG.java:1102)
at org.testng.TestNG.runSuites(TestNG.java:1032)
at org.testng.TestNG.run(TestNG.java:1000)
at org.testng.remote.AbstractRemoteTestNG.run(AbstractRemoteTestNG.java:115)
at org.testng.remote.RemoteTestNG.initAndRun(RemoteTestNG.java:251)
at org.testng.remote.RemoteTestNG.main(RemoteTestNG.java:77)
]]>
    </error>
  </testcase> <!-- validateCarrersFooter -->
  <testcase name="validateCarrersFooter" time="0.019" classname="com.atmecs.testscript.AtmecsHomePageScript">
    <error type="org.openqa.selenium.NoSuchWindowException" message="Currently focused window has been closed.
Build info: version: &#039;4.0.0-alpha-2&#039;, revision: &#039;f148142cf8&#039;, time: &#039;2019-07-01T20:55:26&#039;
System info: host: &#039;ATMECSINLT-283&#039;, ip: &#039;55.55.52.215&#039;, os.name: &#039;Windows 10&#039;, os.arch: &#039;amd64&#039;, os.version: &#039;10.0&#039;, java.version: &#039;1.8.0_221&#039;
Driver info: org.openqa.selenium.ie.InternetExplorerDriver
Capabilities {acceptInsecureCerts: false, browserName: internet explorer, browserVersion: 11, javascriptEnabled: true, pageLoadStrategy: normal, platform: WINDOWS, platformName: WINDOWS, proxy: Proxy(), se:ieOptions: {browserAttachTimeout: 0, elementScrollBehavior: 0, enablePersistentHover: true, ie.browserCommandLineSwitches: , ie.ensureCleanSession: false, ie.fileUploadDialogTimeout: 3000, ie.forceCreateProcessApi: false, ignoreProtectedModeSettings: false, ignoreZoomSetting: false, initialBrowserUrl: http://localhost:2124/, nativeEvents: true, requireWindowFocus: false}, setWindowRect: true, timeouts: {implicit: 0, pageLoad: 300000, script: 30000}}
Session ID: 055d0f1f-16b1-4577-b4c8-1028878473d8
*** Element info: {Using=xpath, value=//div[@id=&#039;footer&#039;]//a[contains(text(),&#039;Senior Java/J2EE Engineer&#039;)]}">
      <![CDATA[org.openqa.selenium.NoSuchWindowException: Currently focused window has been closed.
Build info: version: '4.0.0-alpha-2', revision: 'f148142cf8', time: '2019-07-01T20:55:26'
System info: host: 'ATMECSINLT-283', ip: '55.55.52.215', os.name: 'Windows 10', os.arch: 'amd64', os.version: '10.0', java.version: '1.8.0_221'
Driver info: org.openqa.selenium.ie.InternetExplorerDriver
Capabilities {acceptInsecureCerts: false, browserName: internet explorer, browserVersion: 11, javascriptEnabled: true, pageLoadStrategy: normal, platform: WINDOWS, platformName: WINDOWS, proxy: Proxy(), se:ieOptions: {browserAttachTimeout: 0, elementScrollBehavior: 0, enablePersistentHover: true, ie.browserCommandLineSwitches: , ie.ensureCleanSession: false, ie.fileUploadDialogTimeout: 3000, ie.forceCreateProcessApi: false, ignoreProtectedModeSettings: false, ignoreZoomSetting: false, initialBrowserUrl: http://localhost:2124/, nativeEvents: true, requireWindowFocus: false}, setWindowRect: true, timeouts: {implicit: 0, pageLoad: 300000, script: 30000}}
Session ID: 055d0f1f-16b1-4577-b4c8-1028878473d8
*** Element info: {Using=xpath, value=//div[@id='footer']//a[contains(text(),'Senior Java/J2EE Engineer')]}
at sun.reflect.GeneratedConstructorAccessor25.newInstance(Unknown Source)
at sun.reflect.DelegatingConstructorAccessorImpl.newInstance(DelegatingConstructorAccessorImpl.java:45)
at java.lang.reflect.Constructor.newInstance(Constructor.java:423)
at org.openqa.selenium.remote.codec.w3c.W3CHttpResponseCodec.createException(W3CHttpResponseCodec.java:191)
at org.openqa.selenium.remote.codec.w3c.W3CHttpResponseCodec.decode(W3CHttpResponseCodec.java:125)
at org.openqa.selenium.remote.codec.w3c.W3CHttpResponseCodec.decode(W3CHttpResponseCodec.java:52)
at org.openqa.selenium.remote.HttpCommandExecutor.execute(HttpCommandExecutor.java:161)
at org.openqa.selenium.remote.service.DriverCommandExecutor.execute(DriverCommandExecutor.java:83)
at org.openqa.selenium.remote.RemoteWebDriver.execute(RemoteWebDriver.java:576)
at org.openqa.selenium.remote.RemoteWebDriver.findElement(RemoteWebDriver.java:327)
at org.openqa.selenium.remote.RemoteWebDriver.findElementByXPath(RemoteWebDriver.java:445)
at org.openqa.selenium.By$ByXPath.findElement(By.java:353)
at org.openqa.selenium.remote.RemoteWebDriver.findElement(RemoteWebDriver.java:319)
at com.atmecs.helper.CommonUtility.locatorsType(CommonUtility.java:49)
at com.atmecs.helper.CommonUtility$4.apply(CommonUtility.java:180)
at com.atmecs.helper.CommonUtility$4.apply(CommonUtility.java:1)
at org.openqa.selenium.support.ui.FluentWait.until(FluentWait.java:211)
at com.atmecs.helper.CommonUtility.getText(CommonUtility.java:177)
at com.atmecs.general.AtmecsHomePage.isFooterPresent(AtmecsHomePage.java:80)
at com.atmecs.testscript.AtmecsHomePageScript.validateCarrersFooter(AtmecsHomePageScript.java:92)
at sun.reflect.NativeMethodAccessorImpl.invoke0(Native Method)
at sun.reflect.NativeMethodAccessorImpl.invoke(NativeMethodAccessorImpl.java:62)
at sun.reflect.DelegatingMethodAccessorImpl.invoke(DelegatingMethodAccessorImpl.java:43)
at java.lang.reflect.Method.invoke(Method.java:498)
at org.testng.internal.MethodInvocationHelper.invokeMethod(MethodInvocationHelper.java:133)
at org.testng.internal.TestInvoker.invokeMethod(TestInvoker.java:584)
at org.testng.internal.TestInvoker.invokeTestMethod(TestInvoker.java:172)
at org.testng.internal.MethodRunner.runInSequence(MethodRunner.java:46)
at org.testng.internal.TestInvoker$MethodInvocationAgent.invoke(TestInvoker.java:804)
at org.testng.internal.TestInvoker.invokeTestMethods(TestInvoker.java:145)
at org.testng.internal.TestMethodWorker.invokeTestMethods(TestMethodWorker.java:146)
at org.testng.internal.TestMethodWorker.run(TestMethodWorker.java:128)
at java.util.ArrayList.forEach(ArrayList.java:1257)
at org.testng.TestRunner.privateRun(TestRunner.java:770)
at org.testng.TestRunner.run(TestRunner.java:591)
at org.testng.SuiteRunner.runTest(SuiteRunner.java:402)
at org.testng.SuiteRunner.runSequentially(SuiteRunner.java:396)
at org.testng.SuiteRunner.privateRun(SuiteRunner.java:355)
at org.testng.SuiteRunner.run(SuiteRunner.java:304)
at org.testng.SuiteRunnerWorker.runSuite(SuiteRunnerWorker.java:53)
at org.testng.SuiteRunnerWorker.run(SuiteRunnerWorker.java:96)
at org.testng.TestNG.runSuitesSequentially(TestNG.java:1180)
at org.testng.TestNG.runSuitesLocally(TestNG.java:1102)
at org.testng.TestNG.runSuites(TestNG.java:1032)
at org.testng.TestNG.run(TestNG.java:1000)
at org.testng.remote.AbstractRemoteTestNG.run(AbstractRemoteTestNG.java:115)
at org.testng.remote.RemoteTestNG.initAndRun(RemoteTestNG.java:251)
at org.testng.remote.RemoteTestNG.main(RemoteTestNG.java:77)
]]>
    </error>
  </testcase> <!-- validateCarrersFooter -->
  <testcase name="validateCarrersFooter" time="0.025" classname="com.atmecs.testscript.AtmecsHomePageScript">
    <error type="org.openqa.selenium.NoSuchWindowException" message="Currently focused window has been closed.
Build info: version: &#039;4.0.0-alpha-2&#039;, revision: &#039;f148142cf8&#039;, time: &#039;2019-07-01T20:55:26&#039;
System info: host: &#039;ATMECSINLT-283&#039;, ip: &#039;55.55.52.215&#039;, os.name: &#039;Windows 10&#039;, os.arch: &#039;amd64&#039;, os.version: &#039;10.0&#039;, java.version: &#039;1.8.0_221&#039;
Driver info: org.openqa.selenium.ie.InternetExplorerDriver
Capabilities {acceptInsecureCerts: false, browserName: internet explorer, browserVersion: 11, javascriptEnabled: true, pageLoadStrategy: normal, platform: WINDOWS, platformName: WINDOWS, proxy: Proxy(), se:ieOptions: {browserAttachTimeout: 0, elementScrollBehavior: 0, enablePersistentHover: true, ie.browserCommandLineSwitches: , ie.ensureCleanSession: false, ie.fileUploadDialogTimeout: 3000, ie.forceCreateProcessApi: false, ignoreProtectedModeSettings: false, ignoreZoomSetting: false, initialBrowserUrl: http://localhost:2124/, nativeEvents: true, requireWindowFocus: false}, setWindowRect: true, timeouts: {implicit: 0, pageLoad: 300000, script: 30000}}
Session ID: 055d0f1f-16b1-4577-b4c8-1028878473d8
*** Element info: {Using=xpath, value=//div[@id=&#039;footer&#039;]//a[contains(text(),&#039;Services&#039;)]}">
      <![CDATA[org.openqa.selenium.NoSuchWindowException: Currently focused window has been closed.
Build info: version: '4.0.0-alpha-2', revision: 'f148142cf8', time: '2019-07-01T20:55:26'
System info: host: 'ATMECSINLT-283', ip: '55.55.52.215', os.name: 'Windows 10', os.arch: 'amd64', os.version: '10.0', java.version: '1.8.0_221'
Driver info: org.openqa.selenium.ie.InternetExplorerDriver
Capabilities {acceptInsecureCerts: false, browserName: internet explorer, browserVersion: 11, javascriptEnabled: true, pageLoadStrategy: normal, platform: WINDOWS, platformName: WINDOWS, proxy: Proxy(), se:ieOptions: {browserAttachTimeout: 0, elementScrollBehavior: 0, enablePersistentHover: true, ie.browserCommandLineSwitches: , ie.ensureCleanSession: false, ie.fileUploadDialogTimeout: 3000, ie.forceCreateProcessApi: false, ignoreProtectedModeSettings: false, ignoreZoomSetting: false, initialBrowserUrl: http://localhost:2124/, nativeEvents: true, requireWindowFocus: false}, setWindowRect: true, timeouts: {implicit: 0, pageLoad: 300000, script: 30000}}
Session ID: 055d0f1f-16b1-4577-b4c8-1028878473d8
*** Element info: {Using=xpath, value=//div[@id='footer']//a[contains(text(),'Services')]}
at sun.reflect.GeneratedConstructorAccessor25.newInstance(Unknown Source)
at sun.reflect.DelegatingConstructorAccessorImpl.newInstance(DelegatingConstructorAccessorImpl.java:45)
at java.lang.reflect.Constructor.newInstance(Constructor.java:423)
at org.openqa.selenium.remote.codec.w3c.W3CHttpResponseCodec.createException(W3CHttpResponseCodec.java:191)
at org.openqa.selenium.remote.codec.w3c.W3CHttpResponseCodec.decode(W3CHttpResponseCodec.java:125)
at org.openqa.selenium.remote.codec.w3c.W3CHttpResponseCodec.decode(W3CHttpResponseCodec.java:52)
at org.openqa.selenium.remote.HttpCommandExecutor.execute(HttpCommandExecutor.java:161)
at org.openqa.selenium.remote.service.DriverCommandExecutor.execute(DriverCommandExecutor.java:83)
at org.openqa.selenium.remote.RemoteWebDriver.execute(RemoteWebDriver.java:576)
at org.openqa.selenium.remote.RemoteWebDriver.findElement(RemoteWebDriver.java:327)
at org.openqa.selenium.remote.RemoteWebDriver.findElementByXPath(RemoteWebDriver.java:445)
at org.openqa.selenium.By$ByXPath.findElement(By.java:353)
at org.openqa.selenium.remote.RemoteWebDriver.findElement(RemoteWebDriver.java:319)
at com.atmecs.helper.CommonUtility.locatorsType(CommonUtility.java:49)
at com.atmecs.helper.CommonUtility$4.apply(CommonUtility.java:180)
at com.atmecs.helper.CommonUtility$4.apply(CommonUtility.java:1)
at org.openqa.selenium.support.ui.FluentWait.until(FluentWait.java:211)
at com.atmecs.helper.CommonUtility.getText(CommonUtility.java:177)
at com.atmecs.general.AtmecsHomePage.isFooterPresent(AtmecsHomePage.java:80)
at com.atmecs.testscript.AtmecsHomePageScript.validateCarrersFooter(AtmecsHomePageScript.java:92)
at sun.reflect.NativeMethodAccessorImpl.invoke0(Native Method)
at sun.reflect.NativeMethodAccessorImpl.invoke(NativeMethodAccessorImpl.java:62)
at sun.reflect.DelegatingMethodAccessorImpl.invoke(DelegatingMethodAccessorImpl.java:43)
at java.lang.reflect.Method.invoke(Method.java:498)
at org.testng.internal.MethodInvocationHelper.invokeMethod(MethodInvocationHelper.java:133)
at org.testng.internal.TestInvoker.invokeMethod(TestInvoker.java:584)
at org.testng.internal.TestInvoker.invokeTestMethod(TestInvoker.java:172)
at org.testng.internal.MethodRunner.runInSequence(MethodRunner.java:46)
at org.testng.internal.TestInvoker$MethodInvocationAgent.invoke(TestInvoker.java:804)
at org.testng.internal.TestInvoker.invokeTestMethods(TestInvoker.java:145)
at org.testng.internal.TestMethodWorker.invokeTestMethods(TestMethodWorker.java:146)
at org.testng.internal.TestMethodWorker.run(TestMethodWorker.java:128)
at java.util.ArrayList.forEach(ArrayList.java:1257)
at org.testng.TestRunner.privateRun(TestRunner.java:770)
at org.testng.TestRunner.run(TestRunner.java:591)
at org.testng.SuiteRunner.runTest(SuiteRunner.java:402)
at org.testng.SuiteRunner.runSequentially(SuiteRunner.java:396)
at org.testng.SuiteRunner.privateRun(SuiteRunner.java:355)
at org.testng.SuiteRunner.run(SuiteRunner.java:304)
at org.testng.SuiteRunnerWorker.runSuite(SuiteRunnerWorker.java:53)
at org.testng.SuiteRunnerWorker.run(SuiteRunnerWorker.java:96)
at org.testng.TestNG.runSuitesSequentially(TestNG.java:1180)
at org.testng.TestNG.runSuitesLocally(TestNG.java:1102)
at org.testng.TestNG.runSuites(TestNG.java:1032)
at org.testng.TestNG.run(TestNG.java:1000)
at org.testng.remote.AbstractRemoteTestNG.run(AbstractRemoteTestNG.java:115)
at org.testng.remote.RemoteTestNG.initAndRun(RemoteTestNG.java:251)
at org.testng.remote.RemoteTestNG.main(RemoteTestNG.java:77)
]]>
    </error>
  </testcase> <!-- validateCarrersFooter -->
  <testcase name="validateCarrersFooter" time="0.037" classname="com.atmecs.testscript.AtmecsHomePageScript">
    <error type="org.openqa.selenium.NoSuchWindowException" message="Currently focused window has been closed.
Build info: version: &#039;4.0.0-alpha-2&#039;, revision: &#039;f148142cf8&#039;, time: &#039;2019-07-01T20:55:26&#039;
System info: host: &#039;ATMECSINLT-283&#039;, ip: &#039;55.55.52.215&#039;, os.name: &#039;Windows 10&#039;, os.arch: &#039;amd64&#039;, os.version: &#039;10.0&#039;, java.version: &#039;1.8.0_221&#039;
Driver info: org.openqa.selenium.ie.InternetExplorerDriver
Capabilities {acceptInsecureCerts: false, browserName: internet explorer, browserVersion: 11, javascriptEnabled: true, pageLoadStrategy: normal, platform: WINDOWS, platformName: WINDOWS, proxy: Proxy(), se:ieOptions: {browserAttachTimeout: 0, elementScrollBehavior: 0, enablePersistentHover: true, ie.browserCommandLineSwitches: , ie.ensureCleanSession: false, ie.fileUploadDialogTimeout: 3000, ie.forceCreateProcessApi: false, ignoreProtectedModeSettings: false, ignoreZoomSetting: false, initialBrowserUrl: http://localhost:2124/, nativeEvents: true, requireWindowFocus: false}, setWindowRect: true, timeouts: {implicit: 0, pageLoad: 300000, script: 30000}}
Session ID: 055d0f1f-16b1-4577-b4c8-1028878473d8
*** Element info: {Using=xpath, value=//div[@id=&#039;footer&#039;]//a[contains(text(),&#039;India – Hyderabad&#039;)]}">
      <![CDATA[org.openqa.selenium.NoSuchWindowException: Currently focused window has been closed.
Build info: version: '4.0.0-alpha-2', revision: 'f148142cf8', time: '2019-07-01T20:55:26'
System info: host: 'ATMECSINLT-283', ip: '55.55.52.215', os.name: 'Windows 10', os.arch: 'amd64', os.version: '10.0', java.version: '1.8.0_221'
Driver info: org.openqa.selenium.ie.InternetExplorerDriver
Capabilities {acceptInsecureCerts: false, browserName: internet explorer, browserVersion: 11, javascriptEnabled: true, pageLoadStrategy: normal, platform: WINDOWS, platformName: WINDOWS, proxy: Proxy(), se:ieOptions: {browserAttachTimeout: 0, elementScrollBehavior: 0, enablePersistentHover: true, ie.browserCommandLineSwitches: , ie.ensureCleanSession: false, ie.fileUploadDialogTimeout: 3000, ie.forceCreateProcessApi: false, ignoreProtectedModeSettings: false, ignoreZoomSetting: false, initialBrowserUrl: http://localhost:2124/, nativeEvents: true, requireWindowFocus: false}, setWindowRect: true, timeouts: {implicit: 0, pageLoad: 300000, script: 30000}}
Session ID: 055d0f1f-16b1-4577-b4c8-1028878473d8
*** Element info: {Using=xpath, value=//div[@id='footer']//a[contains(text(),'India – Hyderabad')]}
at sun.reflect.GeneratedConstructorAccessor25.newInstance(Unknown Source)
at sun.reflect.DelegatingConstructorAccessorImpl.newInstance(DelegatingConstructorAccessorImpl.java:45)
at java.lang.reflect.Constructor.newInstance(Constructor.java:423)
at org.openqa.selenium.remote.codec.w3c.W3CHttpResponseCodec.createException(W3CHttpResponseCodec.java:191)
at org.openqa.selenium.remote.codec.w3c.W3CHttpResponseCodec.decode(W3CHttpResponseCodec.java:125)
at org.openqa.selenium.remote.codec.w3c.W3CHttpResponseCodec.decode(W3CHttpResponseCodec.java:52)
at org.openqa.selenium.remote.HttpCommandExecutor.execute(HttpCommandExecutor.java:161)
at org.openqa.selenium.remote.service.DriverCommandExecutor.execute(DriverCommandExecutor.java:83)
at org.openqa.selenium.remote.RemoteWebDriver.execute(RemoteWebDriver.java:576)
at org.openqa.selenium.remote.RemoteWebDriver.findElement(RemoteWebDriver.java:327)
at org.openqa.selenium.remote.RemoteWebDriver.findElementByXPath(RemoteWebDriver.java:445)
at org.openqa.selenium.By$ByXPath.findElement(By.java:353)
at org.openqa.selenium.remote.RemoteWebDriver.findElement(RemoteWebDriver.java:319)
at com.atmecs.helper.CommonUtility.locatorsType(CommonUtility.java:49)
at com.atmecs.helper.CommonUtility$4.apply(CommonUtility.java:180)
at com.atmecs.helper.CommonUtility$4.apply(CommonUtility.java:1)
at org.openqa.selenium.support.ui.FluentWait.until(FluentWait.java:211)
at com.atmecs.helper.CommonUtility.getText(CommonUtility.java:177)
at com.atmecs.general.AtmecsHomePage.isFooterPresent(AtmecsHomePage.java:80)
at com.atmecs.testscript.AtmecsHomePageScript.validateCarrersFooter(AtmecsHomePageScript.java:92)
at sun.reflect.GeneratedMethodAccessor7.invoke(Unknown Source)
at sun.reflect.DelegatingMethodAccessorImpl.invoke(DelegatingMethodAccessorImpl.java:43)
at java.lang.reflect.Method.invoke(Method.java:498)
at org.testng.internal.MethodInvocationHelper.invokeMethod(MethodInvocationHelper.java:133)
at org.testng.internal.TestInvoker.invokeMethod(TestInvoker.java:584)
at org.testng.internal.TestInvoker.invokeTestMethod(TestInvoker.java:172)
at org.testng.internal.MethodRunner.runInSequence(MethodRunner.java:46)
at org.testng.internal.TestInvoker$MethodInvocationAgent.invoke(TestInvoker.java:804)
at org.testng.internal.TestInvoker.invokeTestMethods(TestInvoker.java:145)
at org.testng.internal.TestMethodWorker.invokeTestMethods(TestMethodWorker.java:146)
at org.testng.internal.TestMethodWorker.run(TestMethodWorker.java:128)
at java.util.ArrayList.forEach(ArrayList.java:1257)
at org.testng.TestRunner.privateRun(TestRunner.java:770)
at org.testng.TestRunner.run(TestRunner.java:591)
at org.testng.SuiteRunner.runTest(SuiteRunner.java:402)
at org.testng.SuiteRunner.runSequentially(SuiteRunner.java:396)
at org.testng.SuiteRunner.privateRun(SuiteRunner.java:355)
at org.testng.SuiteRunner.run(SuiteRunner.java:304)
at org.testng.SuiteRunnerWorker.runSuite(SuiteRunnerWorker.java:53)
at org.testng.SuiteRunnerWorker.run(SuiteRunnerWorker.java:96)
at org.testng.TestNG.runSuitesSequentially(TestNG.java:1180)
at org.testng.TestNG.runSuitesLocally(TestNG.java:1102)
at org.testng.TestNG.runSuites(TestNG.java:1032)
at org.testng.TestNG.run(TestNG.java:1000)
at org.testng.remote.AbstractRemoteTestNG.run(AbstractRemoteTestNG.java:115)
at org.testng.remote.RemoteTestNG.initAndRun(RemoteTestNG.java:251)
at org.testng.remote.RemoteTestNG.main(RemoteTestNG.java:77)
]]>
    </error>
  </testcase> <!-- validateCarrersFooter -->
  <testcase name="validateCarrersFooter" time="0.028" classname="com.atmecs.testscript.AtmecsHomePageScript">
    <error type="org.openqa.selenium.NoSuchWindowException" message="Currently focused window has been closed.
Build info: version: &#039;4.0.0-alpha-2&#039;, revision: &#039;f148142cf8&#039;, time: &#039;2019-07-01T20:55:26&#039;
System info: host: &#039;ATMECSINLT-283&#039;, ip: &#039;55.55.52.215&#039;, os.name: &#039;Windows 10&#039;, os.arch: &#039;amd64&#039;, os.version: &#039;10.0&#039;, java.version: &#039;1.8.0_221&#039;
Driver info: org.openqa.selenium.ie.InternetExplorerDriver
Capabilities {acceptInsecureCerts: false, browserName: internet explorer, browserVersion: 11, javascriptEnabled: true, pageLoadStrategy: normal, platform: WINDOWS, platformName: WINDOWS, proxy: Proxy(), se:ieOptions: {browserAttachTimeout: 0, elementScrollBehavior: 0, enablePersistentHover: true, ie.browserCommandLineSwitches: , ie.ensureCleanSession: false, ie.fileUploadDialogTimeout: 3000, ie.forceCreateProcessApi: false, ignoreProtectedModeSettings: false, ignoreZoomSetting: false, initialBrowserUrl: http://localhost:2124/, nativeEvents: true, requireWindowFocus: false}, setWindowRect: true, timeouts: {implicit: 0, pageLoad: 300000, script: 30000}}
Session ID: 055d0f1f-16b1-4577-b4c8-1028878473d8
*** Element info: {Using=xpath, value=//div[@id=&#039;footer&#039;]//a[contains(text(),&#039;Mobile Computing&#039;)]}">
      <![CDATA[org.openqa.selenium.NoSuchWindowException: Currently focused window has been closed.
Build info: version: '4.0.0-alpha-2', revision: 'f148142cf8', time: '2019-07-01T20:55:26'
System info: host: 'ATMECSINLT-283', ip: '55.55.52.215', os.name: 'Windows 10', os.arch: 'amd64', os.version: '10.0', java.version: '1.8.0_221'
Driver info: org.openqa.selenium.ie.InternetExplorerDriver
Capabilities {acceptInsecureCerts: false, browserName: internet explorer, browserVersion: 11, javascriptEnabled: true, pageLoadStrategy: normal, platform: WINDOWS, platformName: WINDOWS, proxy: Proxy(), se:ieOptions: {browserAttachTimeout: 0, elementScrollBehavior: 0, enablePersistentHover: true, ie.browserCommandLineSwitches: , ie.ensureCleanSession: false, ie.fileUploadDialogTimeout: 3000, ie.forceCreateProcessApi: false, ignoreProtectedModeSettings: false, ignoreZoomSetting: false, initialBrowserUrl: http://localhost:2124/, nativeEvents: true, requireWindowFocus: false}, setWindowRect: true, timeouts: {implicit: 0, pageLoad: 300000, script: 30000}}
Session ID: 055d0f1f-16b1-4577-b4c8-1028878473d8
*** Element info: {Using=xpath, value=//div[@id='footer']//a[contains(text(),'Mobile Computing')]}
at sun.reflect.GeneratedConstructorAccessor25.newInstance(Unknown Source)
at sun.reflect.DelegatingConstructorAccessorImpl.newInstance(DelegatingConstructorAccessorImpl.java:45)
at java.lang.reflect.Constructor.newInstance(Constructor.java:423)
at org.openqa.selenium.remote.codec.w3c.W3CHttpResponseCodec.createException(W3CHttpResponseCodec.java:191)
at org.openqa.selenium.remote.codec.w3c.W3CHttpResponseCodec.decode(W3CHttpResponseCodec.java:125)
at org.openqa.selenium.remote.codec.w3c.W3CHttpResponseCodec.decode(W3CHttpResponseCodec.java:52)
at org.openqa.selenium.remote.HttpCommandExecutor.execute(HttpCommandExecutor.java:161)
at org.openqa.selenium.remote.service.DriverCommandExecutor.execute(DriverCommandExecutor.java:83)
at org.openqa.selenium.remote.RemoteWebDriver.execute(RemoteWebDriver.java:576)
at org.openqa.selenium.remote.RemoteWebDriver.findElement(RemoteWebDriver.java:327)
at org.openqa.selenium.remote.RemoteWebDriver.findElementByXPath(RemoteWebDriver.java:445)
at org.openqa.selenium.By$ByXPath.findElement(By.java:353)
at org.openqa.selenium.remote.RemoteWebDriver.findElement(RemoteWebDriver.java:319)
at com.atmecs.helper.CommonUtility.locatorsType(CommonUtility.java:49)
at com.atmecs.helper.CommonUtility$4.apply(CommonUtility.java:180)
at com.atmecs.helper.CommonUtility$4.apply(CommonUtility.java:1)
at org.openqa.selenium.support.ui.FluentWait.until(FluentWait.java:211)
at com.atmecs.helper.CommonUtility.getText(CommonUtility.java:177)
at com.atmecs.general.AtmecsHomePage.isFooterPresent(AtmecsHomePage.java:80)
at com.atmecs.testscript.AtmecsHomePageScript.validateCarrersFooter(AtmecsHomePageScript.java:92)
at sun.reflect.GeneratedMethodAccessor7.invoke(Unknown Source)
at sun.reflect.DelegatingMethodAccessorImpl.invoke(DelegatingMethodAccessorImpl.java:43)
at java.lang.reflect.Method.invoke(Method.java:498)
at org.testng.internal.MethodInvocationHelper.invokeMethod(MethodInvocationHelper.java:133)
at org.testng.internal.TestInvoker.invokeMethod(TestInvoker.java:584)
at org.testng.internal.TestInvoker.invokeTestMethod(TestInvoker.java:172)
at org.testng.internal.MethodRunner.runInSequence(MethodRunner.java:46)
at org.testng.internal.TestInvoker$MethodInvocationAgent.invoke(TestInvoker.java:804)
at org.testng.internal.TestInvoker.invokeTestMethods(TestInvoker.java:145)
at org.testng.internal.TestMethodWorker.invokeTestMethods(TestMethodWorker.java:146)
at org.testng.internal.TestMethodWorker.run(TestMethodWorker.java:128)
at java.util.ArrayList.forEach(ArrayList.java:1257)
at org.testng.TestRunner.privateRun(TestRunner.java:770)
at org.testng.TestRunner.run(TestRunner.java:591)
at org.testng.SuiteRunner.runTest(SuiteRunner.java:402)
at org.testng.SuiteRunner.runSequentially(SuiteRunner.java:396)
at org.testng.SuiteRunner.privateRun(SuiteRunner.java:355)
at org.testng.SuiteRunner.run(SuiteRunner.java:304)
at org.testng.SuiteRunnerWorker.runSuite(SuiteRunnerWorker.java:53)
at org.testng.SuiteRunnerWorker.run(SuiteRunnerWorker.java:96)
at org.testng.TestNG.runSuitesSequentially(TestNG.java:1180)
at org.testng.TestNG.runSuitesLocally(TestNG.java:1102)
at org.testng.TestNG.runSuites(TestNG.java:1032)
at org.testng.TestNG.run(TestNG.java:1000)
at org.testng.remote.AbstractRemoteTestNG.run(AbstractRemoteTestNG.java:115)
at org.testng.remote.RemoteTestNG.initAndRun(RemoteTestNG.java:251)
at org.testng.remote.RemoteTestNG.main(RemoteTestNG.java:77)
]]>
    </error>
  </testcase> <!-- validateCarrersFooter -->
  <testcase name="validateCarrersFooter" time="0.042" classname="com.atmecs.testscript.AtmecsHomePageScript">
    <error type="org.openqa.selenium.NoSuchWindowException" message="Currently focused window has been closed.
Build info: version: &#039;4.0.0-alpha-2&#039;, revision: &#039;f148142cf8&#039;, time: &#039;2019-07-01T20:55:26&#039;
System info: host: &#039;ATMECSINLT-283&#039;, ip: &#039;55.55.52.215&#039;, os.name: &#039;Windows 10&#039;, os.arch: &#039;amd64&#039;, os.version: &#039;10.0&#039;, java.version: &#039;1.8.0_221&#039;
Driver info: org.openqa.selenium.ie.InternetExplorerDriver
Capabilities {acceptInsecureCerts: false, browserName: internet explorer, browserVersion: 11, javascriptEnabled: true, pageLoadStrategy: normal, platform: WINDOWS, platformName: WINDOWS, proxy: Proxy(), se:ieOptions: {browserAttachTimeout: 0, elementScrollBehavior: 0, enablePersistentHover: true, ie.browserCommandLineSwitches: , ie.ensureCleanSession: false, ie.fileUploadDialogTimeout: 3000, ie.forceCreateProcessApi: false, ignoreProtectedModeSettings: false, ignoreZoomSetting: false, initialBrowserUrl: http://localhost:2124/, nativeEvents: true, requireWindowFocus: false}, setWindowRect: true, timeouts: {implicit: 0, pageLoad: 300000, script: 30000}}
Session ID: 055d0f1f-16b1-4577-b4c8-1028878473d8
*** Element info: {Using=xpath, value=//div[@id=&#039;footer&#039;]//a[contains(text(),&#039;India – Chennai&#039;)]}">
      <![CDATA[org.openqa.selenium.NoSuchWindowException: Currently focused window has been closed.
Build info: version: '4.0.0-alpha-2', revision: 'f148142cf8', time: '2019-07-01T20:55:26'
System info: host: 'ATMECSINLT-283', ip: '55.55.52.215', os.name: 'Windows 10', os.arch: 'amd64', os.version: '10.0', java.version: '1.8.0_221'
Driver info: org.openqa.selenium.ie.InternetExplorerDriver
Capabilities {acceptInsecureCerts: false, browserName: internet explorer, browserVersion: 11, javascriptEnabled: true, pageLoadStrategy: normal, platform: WINDOWS, platformName: WINDOWS, proxy: Proxy(), se:ieOptions: {browserAttachTimeout: 0, elementScrollBehavior: 0, enablePersistentHover: true, ie.browserCommandLineSwitches: , ie.ensureCleanSession: false, ie.fileUploadDialogTimeout: 3000, ie.forceCreateProcessApi: false, ignoreProtectedModeSettings: false, ignoreZoomSetting: false, initialBrowserUrl: http://localhost:2124/, nativeEvents: true, requireWindowFocus: false}, setWindowRect: true, timeouts: {implicit: 0, pageLoad: 300000, script: 30000}}
Session ID: 055d0f1f-16b1-4577-b4c8-1028878473d8
*** Element info: {Using=xpath, value=//div[@id='footer']//a[contains(text(),'India – Chennai')]}
at sun.reflect.GeneratedConstructorAccessor25.newInstance(Unknown Source)
at sun.reflect.DelegatingConstructorAccessorImpl.newInstance(DelegatingConstructorAccessorImpl.java:45)
at java.lang.reflect.Constructor.newInstance(Constructor.java:423)
at org.openqa.selenium.remote.codec.w3c.W3CHttpResponseCodec.createException(W3CHttpResponseCodec.java:191)
at org.openqa.selenium.remote.codec.w3c.W3CHttpResponseCodec.decode(W3CHttpResponseCodec.java:125)
at org.openqa.selenium.remote.codec.w3c.W3CHttpResponseCodec.decode(W3CHttpResponseCodec.java:52)
at org.openqa.selenium.remote.HttpCommandExecutor.execute(HttpCommandExecutor.java:161)
at org.openqa.selenium.remote.service.DriverCommandExecutor.execute(DriverCommandExecutor.java:83)
at org.openqa.selenium.remote.RemoteWebDriver.execute(RemoteWebDriver.java:576)
at org.openqa.selenium.remote.RemoteWebDriver.findElement(RemoteWebDriver.java:327)
at org.openqa.selenium.remote.RemoteWebDriver.findElementByXPath(RemoteWebDriver.java:445)
at org.openqa.selenium.By$ByXPath.findElement(By.java:353)
at org.openqa.selenium.remote.RemoteWebDriver.findElement(RemoteWebDriver.java:319)
at com.atmecs.helper.CommonUtility.locatorsType(CommonUtility.java:49)
at com.atmecs.helper.CommonUtility$4.apply(CommonUtility.java:180)
at com.atmecs.helper.CommonUtility$4.apply(CommonUtility.java:1)
at org.openqa.selenium.support.ui.FluentWait.until(FluentWait.java:211)
at com.atmecs.helper.CommonUtility.getText(CommonUtility.java:177)
at com.atmecs.general.AtmecsHomePage.isFooterPresent(AtmecsHomePage.java:80)
at com.atmecs.testscript.AtmecsHomePageScript.validateCarrersFooter(AtmecsHomePageScript.java:92)
at sun.reflect.GeneratedMethodAccessor7.invoke(Unknown Source)
at sun.reflect.DelegatingMethodAccessorImpl.invoke(DelegatingMethodAccessorImpl.java:43)
at java.lang.reflect.Method.invoke(Method.java:498)
at org.testng.internal.MethodInvocationHelper.invokeMethod(MethodInvocationHelper.java:133)
at org.testng.internal.TestInvoker.invokeMethod(TestInvoker.java:584)
at org.testng.internal.TestInvoker.invokeTestMethod(TestInvoker.java:172)
at org.testng.internal.MethodRunner.runInSequence(MethodRunner.java:46)
at org.testng.internal.TestInvoker$MethodInvocationAgent.invoke(TestInvoker.java:804)
at org.testng.internal.TestInvoker.invokeTestMethods(TestInvoker.java:145)
at org.testng.internal.TestMethodWorker.invokeTestMethods(TestMethodWorker.java:146)
at org.testng.internal.TestMethodWorker.run(TestMethodWorker.java:128)
at java.util.ArrayList.forEach(ArrayList.java:1257)
at org.testng.TestRunner.privateRun(TestRunner.java:770)
at org.testng.TestRunner.run(TestRunner.java:591)
at org.testng.SuiteRunner.runTest(SuiteRunner.java:402)
at org.testng.SuiteRunner.runSequentially(SuiteRunner.java:396)
at org.testng.SuiteRunner.privateRun(SuiteRunner.java:355)
at org.testng.SuiteRunner.run(SuiteRunner.java:304)
at org.testng.SuiteRunnerWorker.runSuite(SuiteRunnerWorker.java:53)
at org.testng.SuiteRunnerWorker.run(SuiteRunnerWorker.java:96)
at org.testng.TestNG.runSuitesSequentially(TestNG.java:1180)
at org.testng.TestNG.runSuitesLocally(TestNG.java:1102)
at org.testng.TestNG.runSuites(TestNG.java:1032)
at org.testng.TestNG.run(TestNG.java:1000)
at org.testng.remote.AbstractRemoteTestNG.run(AbstractRemoteTestNG.java:115)
at org.testng.remote.RemoteTestNG.initAndRun(RemoteTestNG.java:251)
at org.testng.remote.RemoteTestNG.main(RemoteTestNG.java:77)
]]>
    </error>
  </testcase> <!-- validateCarrersFooter -->
  <testcase name="validateCarrersFooter" time="0.038" classname="com.atmecs.testscript.AtmecsHomePageScript">
    <error type="org.openqa.selenium.NoSuchWindowException" message="Currently focused window has been closed.
Build info: version: &#039;4.0.0-alpha-2&#039;, revision: &#039;f148142cf8&#039;, time: &#039;2019-07-01T20:55:26&#039;
System info: host: &#039;ATMECSINLT-283&#039;, ip: &#039;55.55.52.215&#039;, os.name: &#039;Windows 10&#039;, os.arch: &#039;amd64&#039;, os.version: &#039;10.0&#039;, java.version: &#039;1.8.0_221&#039;
Driver info: org.openqa.selenium.ie.InternetExplorerDriver
Capabilities {acceptInsecureCerts: false, browserName: internet explorer, browserVersion: 11, javascriptEnabled: true, pageLoadStrategy: normal, platform: WINDOWS, platformName: WINDOWS, proxy: Proxy(), se:ieOptions: {browserAttachTimeout: 0, elementScrollBehavior: 0, enablePersistentHover: true, ie.browserCommandLineSwitches: , ie.ensureCleanSession: false, ie.fileUploadDialogTimeout: 3000, ie.forceCreateProcessApi: false, ignoreProtectedModeSettings: false, ignoreZoomSetting: false, initialBrowserUrl: http://localhost:2124/, nativeEvents: true, requireWindowFocus: false}, setWindowRect: true, timeouts: {implicit: 0, pageLoad: 300000, script: 30000}}
Session ID: 055d0f1f-16b1-4577-b4c8-1028878473d8
*** Element info: {Using=xpath, value=//div[@id=&#039;footer&#039;]//a[contains(text(),&#039;Careers&#039;)]}">
      <![CDATA[org.openqa.selenium.NoSuchWindowException: Currently focused window has been closed.
Build info: version: '4.0.0-alpha-2', revision: 'f148142cf8', time: '2019-07-01T20:55:26'
System info: host: 'ATMECSINLT-283', ip: '55.55.52.215', os.name: 'Windows 10', os.arch: 'amd64', os.version: '10.0', java.version: '1.8.0_221'
Driver info: org.openqa.selenium.ie.InternetExplorerDriver
Capabilities {acceptInsecureCerts: false, browserName: internet explorer, browserVersion: 11, javascriptEnabled: true, pageLoadStrategy: normal, platform: WINDOWS, platformName: WINDOWS, proxy: Proxy(), se:ieOptions: {browserAttachTimeout: 0, elementScrollBehavior: 0, enablePersistentHover: true, ie.browserCommandLineSwitches: , ie.ensureCleanSession: false, ie.fileUploadDialogTimeout: 3000, ie.forceCreateProcessApi: false, ignoreProtectedModeSettings: false, ignoreZoomSetting: false, initialBrowserUrl: http://localhost:2124/, nativeEvents: true, requireWindowFocus: false}, setWindowRect: true, timeouts: {implicit: 0, pageLoad: 300000, script: 30000}}
Session ID: 055d0f1f-16b1-4577-b4c8-1028878473d8
*** Element info: {Using=xpath, value=//div[@id='footer']//a[contains(text(),'Careers')]}
at sun.reflect.GeneratedConstructorAccessor25.newInstance(Unknown Source)
at sun.reflect.DelegatingConstructorAccessorImpl.newInstance(DelegatingConstructorAccessorImpl.java:45)
at java.lang.reflect.Constructor.newInstance(Constructor.java:423)
at org.openqa.selenium.remote.codec.w3c.W3CHttpResponseCodec.createException(W3CHttpResponseCodec.java:191)
at org.openqa.selenium.remote.codec.w3c.W3CHttpResponseCodec.decode(W3CHttpResponseCodec.java:125)
at org.openqa.selenium.remote.codec.w3c.W3CHttpResponseCodec.decode(W3CHttpResponseCodec.java:52)
at org.openqa.selenium.remote.HttpCommandExecutor.execute(HttpCommandExecutor.java:161)
at org.openqa.selenium.remote.service.DriverCommandExecutor.execute(DriverCommandExecutor.java:83)
at org.openqa.selenium.remote.RemoteWebDriver.execute(RemoteWebDriver.java:576)
at org.openqa.selenium.remote.RemoteWebDriver.findElement(RemoteWebDriver.java:327)
at org.openqa.selenium.remote.RemoteWebDriver.findElementByXPath(RemoteWebDriver.java:445)
at org.openqa.selenium.By$ByXPath.findElement(By.java:353)
at org.openqa.selenium.remote.RemoteWebDriver.findElement(RemoteWebDriver.java:319)
at com.atmecs.helper.CommonUtility.locatorsType(CommonUtility.java:49)
at com.atmecs.helper.CommonUtility$4.apply(CommonUtility.java:180)
at com.atmecs.helper.CommonUtility$4.apply(CommonUtility.java:1)
at org.openqa.selenium.support.ui.FluentWait.until(FluentWait.java:211)
at com.atmecs.helper.CommonUtility.getText(CommonUtility.java:177)
at com.atmecs.general.AtmecsHomePage.isFooterPresent(AtmecsHomePage.java:80)
at com.atmecs.testscript.AtmecsHomePageScript.validateCarrersFooter(AtmecsHomePageScript.java:92)
at sun.reflect.NativeMethodAccessorImpl.invoke0(Native Method)
at sun.reflect.NativeMethodAccessorImpl.invoke(NativeMethodAccessorImpl.java:62)
at sun.reflect.DelegatingMethodAccessorImpl.invoke(DelegatingMethodAccessorImpl.java:43)
at java.lang.reflect.Method.invoke(Method.java:498)
at org.testng.internal.MethodInvocationHelper.invokeMethod(MethodInvocationHelper.java:133)
at org.testng.internal.TestInvoker.invokeMethod(TestInvoker.java:584)
at org.testng.internal.TestInvoker.invokeTestMethod(TestInvoker.java:172)
at org.testng.internal.MethodRunner.runInSequence(MethodRunner.java:46)
at org.testng.internal.TestInvoker$MethodInvocationAgent.invoke(TestInvoker.java:804)
at org.testng.internal.TestInvoker.invokeTestMethods(TestInvoker.java:145)
at org.testng.internal.TestMethodWorker.invokeTestMethods(TestMethodWorker.java:146)
at org.testng.internal.TestMethodWorker.run(TestMethodWorker.java:128)
at java.util.ArrayList.forEach(ArrayList.java:1257)
at org.testng.TestRunner.privateRun(TestRunner.java:770)
at org.testng.TestRunner.run(TestRunner.java:591)
at org.testng.SuiteRunner.runTest(SuiteRunner.java:402)
at org.testng.SuiteRunner.runSequentially(SuiteRunner.java:396)
at org.testng.SuiteRunner.privateRun(SuiteRunner.java:355)
at org.testng.SuiteRunner.run(SuiteRunner.java:304)
at org.testng.SuiteRunnerWorker.runSuite(SuiteRunnerWorker.java:53)
at org.testng.SuiteRunnerWorker.run(SuiteRunnerWorker.java:96)
at org.testng.TestNG.runSuitesSequentially(TestNG.java:1180)
at org.testng.TestNG.runSuitesLocally(TestNG.java:1102)
at org.testng.TestNG.runSuites(TestNG.java:1032)
at org.testng.TestNG.run(TestNG.java:1000)
at org.testng.remote.AbstractRemoteTestNG.run(AbstractRemoteTestNG.java:115)
at org.testng.remote.RemoteTestNG.initAndRun(RemoteTestNG.java:251)
at org.testng.remote.RemoteTestNG.main(RemoteTestNG.java:77)
]]>
    </error>
  </testcase> <!-- validateCarrersFooter -->
  <testcase name="validateCarrersFooter" time="0.040" classname="com.atmecs.testscript.AtmecsHomePageScript">
    <error type="org.openqa.selenium.NoSuchWindowException" message="Currently focused window has been closed.
Build info: version: &#039;4.0.0-alpha-2&#039;, revision: &#039;f148142cf8&#039;, time: &#039;2019-07-01T20:55:26&#039;
System info: host: &#039;ATMECSINLT-283&#039;, ip: &#039;55.55.52.215&#039;, os.name: &#039;Windows 10&#039;, os.arch: &#039;amd64&#039;, os.version: &#039;10.0&#039;, java.version: &#039;1.8.0_221&#039;
Driver info: org.openqa.selenium.ie.InternetExplorerDriver
Capabilities {acceptInsecureCerts: false, browserName: internet explorer, browserVersion: 11, javascriptEnabled: true, pageLoadStrategy: normal, platform: WINDOWS, platformName: WINDOWS, proxy: Proxy(), se:ieOptions: {browserAttachTimeout: 0, elementScrollBehavior: 0, enablePersistentHover: true, ie.browserCommandLineSwitches: , ie.ensureCleanSession: false, ie.fileUploadDialogTimeout: 3000, ie.forceCreateProcessApi: false, ignoreProtectedModeSettings: false, ignoreZoomSetting: false, initialBrowserUrl: http://localhost:2124/, nativeEvents: true, requireWindowFocus: false}, setWindowRect: true, timeouts: {implicit: 0, pageLoad: 300000, script: 30000}}
Session ID: 055d0f1f-16b1-4577-b4c8-1028878473d8
*** Element info: {Using=xpath, value=//div[@id=&#039;footer&#039;]//a[contains(text(),&#039;info@atmecs.com&#039;)]}">
      <![CDATA[org.openqa.selenium.NoSuchWindowException: Currently focused window has been closed.
Build info: version: '4.0.0-alpha-2', revision: 'f148142cf8', time: '2019-07-01T20:55:26'
System info: host: 'ATMECSINLT-283', ip: '55.55.52.215', os.name: 'Windows 10', os.arch: 'amd64', os.version: '10.0', java.version: '1.8.0_221'
Driver info: org.openqa.selenium.ie.InternetExplorerDriver
Capabilities {acceptInsecureCerts: false, browserName: internet explorer, browserVersion: 11, javascriptEnabled: true, pageLoadStrategy: normal, platform: WINDOWS, platformName: WINDOWS, proxy: Proxy(), se:ieOptions: {browserAttachTimeout: 0, elementScrollBehavior: 0, enablePersistentHover: true, ie.browserCommandLineSwitches: , ie.ensureCleanSession: false, ie.fileUploadDialogTimeout: 3000, ie.forceCreateProcessApi: false, ignoreProtectedModeSettings: false, ignoreZoomSetting: false, initialBrowserUrl: http://localhost:2124/, nativeEvents: true, requireWindowFocus: false}, setWindowRect: true, timeouts: {implicit: 0, pageLoad: 300000, script: 30000}}
Session ID: 055d0f1f-16b1-4577-b4c8-1028878473d8
*** Element info: {Using=xpath, value=//div[@id='footer']//a[contains(text(),'info@atmecs.com')]}
at sun.reflect.GeneratedConstructorAccessor25.newInstance(Unknown Source)
at sun.reflect.DelegatingConstructorAccessorImpl.newInstance(DelegatingConstructorAccessorImpl.java:45)
at java.lang.reflect.Constructor.newInstance(Constructor.java:423)
at org.openqa.selenium.remote.codec.w3c.W3CHttpResponseCodec.createException(W3CHttpResponseCodec.java:191)
at org.openqa.selenium.remote.codec.w3c.W3CHttpResponseCodec.decode(W3CHttpResponseCodec.java:125)
at org.openqa.selenium.remote.codec.w3c.W3CHttpResponseCodec.decode(W3CHttpResponseCodec.java:52)
at org.openqa.selenium.remote.HttpCommandExecutor.execute(HttpCommandExecutor.java:161)
at org.openqa.selenium.remote.service.DriverCommandExecutor.execute(DriverCommandExecutor.java:83)
at org.openqa.selenium.remote.RemoteWebDriver.execute(RemoteWebDriver.java:576)
at org.openqa.selenium.remote.RemoteWebDriver.findElement(RemoteWebDriver.java:327)
at org.openqa.selenium.remote.RemoteWebDriver.findElementByXPath(RemoteWebDriver.java:445)
at org.openqa.selenium.By$ByXPath.findElement(By.java:353)
at org.openqa.selenium.remote.RemoteWebDriver.findElement(RemoteWebDriver.java:319)
at com.atmecs.helper.CommonUtility.locatorsType(CommonUtility.java:49)
at com.atmecs.helper.CommonUtility$4.apply(CommonUtility.java:180)
at com.atmecs.helper.CommonUtility$4.apply(CommonUtility.java:1)
at org.openqa.selenium.support.ui.FluentWait.until(FluentWait.java:211)
at com.atmecs.helper.CommonUtility.getText(CommonUtility.java:177)
at com.atmecs.general.AtmecsHomePage.isFooterPresent(AtmecsHomePage.java:80)
at com.atmecs.testscript.AtmecsHomePageScript.validateCarrersFooter(AtmecsHomePageScript.java:92)
at sun.reflect.GeneratedMethodAccessor7.invoke(Unknown Source)
at sun.reflect.DelegatingMethodAccessorImpl.invoke(DelegatingMethodAccessorImpl.java:43)
at java.lang.reflect.Method.invoke(Method.java:498)
at org.testng.internal.MethodInvocationHelper.invokeMethod(MethodInvocationHelper.java:133)
at org.testng.internal.TestInvoker.invokeMethod(TestInvoker.java:584)
at org.testng.internal.TestInvoker.invokeTestMethod(TestInvoker.java:172)
at org.testng.internal.MethodRunner.runInSequence(MethodRunner.java:46)
at org.testng.internal.TestInvoker$MethodInvocationAgent.invoke(TestInvoker.java:804)
at org.testng.internal.TestInvoker.invokeTestMethods(TestInvoker.java:145)
at org.testng.internal.TestMethodWorker.invokeTestMethods(TestMethodWorker.java:146)
at org.testng.internal.TestMethodWorker.run(TestMethodWorker.java:128)
at java.util.ArrayList.forEach(ArrayList.java:1257)
at org.testng.TestRunner.privateRun(TestRunner.java:770)
at org.testng.TestRunner.run(TestRunner.java:591)
at org.testng.SuiteRunner.runTest(SuiteRunner.java:402)
at org.testng.SuiteRunner.runSequentially(SuiteRunner.java:396)
at org.testng.SuiteRunner.privateRun(SuiteRunner.java:355)
at org.testng.SuiteRunner.run(SuiteRunner.java:304)
at org.testng.SuiteRunnerWorker.runSuite(SuiteRunnerWorker.java:53)
at org.testng.SuiteRunnerWorker.run(SuiteRunnerWorker.java:96)
at org.testng.TestNG.runSuitesSequentially(TestNG.java:1180)
at org.testng.TestNG.runSuitesLocally(TestNG.java:1102)
at org.testng.TestNG.runSuites(TestNG.java:1032)
at org.testng.TestNG.run(TestNG.java:1000)
at org.testng.remote.AbstractRemoteTestNG.run(AbstractRemoteTestNG.java:115)
at org.testng.remote.RemoteTestNG.initAndRun(RemoteTestNG.java:251)
at org.testng.remote.RemoteTestNG.main(RemoteTestNG.java:77)
]]>
    </error>
  </testcase> <!-- validateCarrersFooter -->
  <testcase name="validateCarrersFooter" time="0.027" classname="com.atmecs.testscript.AtmecsHomePageScript">
    <error type="org.openqa.selenium.NoSuchWindowException" message="Currently focused window has been closed.
Build info: version: &#039;4.0.0-alpha-2&#039;, revision: &#039;f148142cf8&#039;, time: &#039;2019-07-01T20:55:26&#039;
System info: host: &#039;ATMECSINLT-283&#039;, ip: &#039;55.55.52.215&#039;, os.name: &#039;Windows 10&#039;, os.arch: &#039;amd64&#039;, os.version: &#039;10.0&#039;, java.version: &#039;1.8.0_221&#039;
Driver info: org.openqa.selenium.ie.InternetExplorerDriver
Capabilities {acceptInsecureCerts: false, browserName: internet explorer, browserVersion: 11, javascriptEnabled: true, pageLoadStrategy: normal, platform: WINDOWS, platformName: WINDOWS, proxy: Proxy(), se:ieOptions: {browserAttachTimeout: 0, elementScrollBehavior: 0, enablePersistentHover: true, ie.browserCommandLineSwitches: , ie.ensureCleanSession: false, ie.fileUploadDialogTimeout: 3000, ie.forceCreateProcessApi: false, ignoreProtectedModeSettings: false, ignoreZoomSetting: false, initialBrowserUrl: http://localhost:2124/, nativeEvents: true, requireWindowFocus: false}, setWindowRect: true, timeouts: {implicit: 0, pageLoad: 300000, script: 30000}}
Session ID: 055d0f1f-16b1-4577-b4c8-1028878473d8
*** Element info: {Using=xpath, value=//div[@id=&#039;footer&#039;]//a[contains(text(),&#039;India – Bangalore&#039;)]}">
      <![CDATA[org.openqa.selenium.NoSuchWindowException: Currently focused window has been closed.
Build info: version: '4.0.0-alpha-2', revision: 'f148142cf8', time: '2019-07-01T20:55:26'
System info: host: 'ATMECSINLT-283', ip: '55.55.52.215', os.name: 'Windows 10', os.arch: 'amd64', os.version: '10.0', java.version: '1.8.0_221'
Driver info: org.openqa.selenium.ie.InternetExplorerDriver
Capabilities {acceptInsecureCerts: false, browserName: internet explorer, browserVersion: 11, javascriptEnabled: true, pageLoadStrategy: normal, platform: WINDOWS, platformName: WINDOWS, proxy: Proxy(), se:ieOptions: {browserAttachTimeout: 0, elementScrollBehavior: 0, enablePersistentHover: true, ie.browserCommandLineSwitches: , ie.ensureCleanSession: false, ie.fileUploadDialogTimeout: 3000, ie.forceCreateProcessApi: false, ignoreProtectedModeSettings: false, ignoreZoomSetting: false, initialBrowserUrl: http://localhost:2124/, nativeEvents: true, requireWindowFocus: false}, setWindowRect: true, timeouts: {implicit: 0, pageLoad: 300000, script: 30000}}
Session ID: 055d0f1f-16b1-4577-b4c8-1028878473d8
*** Element info: {Using=xpath, value=//div[@id='footer']//a[contains(text(),'India – Bangalore')]}
at sun.reflect.GeneratedConstructorAccessor25.newInstance(Unknown Source)
at sun.reflect.DelegatingConstructorAccessorImpl.newInstance(DelegatingConstructorAccessorImpl.java:45)
at java.lang.reflect.Constructor.newInstance(Constructor.java:423)
at org.openqa.selenium.remote.codec.w3c.W3CHttpResponseCodec.createException(W3CHttpResponseCodec.java:191)
at org.openqa.selenium.remote.codec.w3c.W3CHttpResponseCodec.decode(W3CHttpResponseCodec.java:125)
at org.openqa.selenium.remote.codec.w3c.W3CHttpResponseCodec.decode(W3CHttpResponseCodec.java:52)
at org.openqa.selenium.remote.HttpCommandExecutor.execute(HttpCommandExecutor.java:161)
at org.openqa.selenium.remote.service.DriverCommandExecutor.execute(DriverCommandExecutor.java:83)
at org.openqa.selenium.remote.RemoteWebDriver.execute(RemoteWebDriver.java:576)
at org.openqa.selenium.remote.RemoteWebDriver.findElement(RemoteWebDriver.java:327)
at org.openqa.selenium.remote.RemoteWebDriver.findElementByXPath(RemoteWebDriver.java:445)
at org.openqa.selenium.By$ByXPath.findElement(By.java:353)
at org.openqa.selenium.remote.RemoteWebDriver.findElement(RemoteWebDriver.java:319)
at com.atmecs.helper.CommonUtility.locatorsType(CommonUtility.java:49)
at com.atmecs.helper.CommonUtility$4.apply(CommonUtility.java:180)
at com.atmecs.helper.CommonUtility$4.apply(CommonUtility.java:1)
at org.openqa.selenium.support.ui.FluentWait.until(FluentWait.java:211)
at com.atmecs.helper.CommonUtility.getText(CommonUtility.java:177)
at com.atmecs.general.AtmecsHomePage.isFooterPresent(AtmecsHomePage.java:80)
at com.atmecs.testscript.AtmecsHomePageScript.validateCarrersFooter(AtmecsHomePageScript.java:92)
at sun.reflect.GeneratedMethodAccessor7.invoke(Unknown Source)
at sun.reflect.DelegatingMethodAccessorImpl.invoke(DelegatingMethodAccessorImpl.java:43)
at java.lang.reflect.Method.invoke(Method.java:498)
at org.testng.internal.MethodInvocationHelper.invokeMethod(MethodInvocationHelper.java:133)
at org.testng.internal.TestInvoker.invokeMethod(TestInvoker.java:584)
at org.testng.internal.TestInvoker.invokeTestMethod(TestInvoker.java:172)
at org.testng.internal.MethodRunner.runInSequence(MethodRunner.java:46)
at org.testng.internal.TestInvoker$MethodInvocationAgent.invoke(TestInvoker.java:804)
at org.testng.internal.TestInvoker.invokeTestMethods(TestInvoker.java:145)
at org.testng.internal.TestMethodWorker.invokeTestMethods(TestMethodWorker.java:146)
at org.testng.internal.TestMethodWorker.run(TestMethodWorker.java:128)
at java.util.ArrayList.forEach(ArrayList.java:1257)
at org.testng.TestRunner.privateRun(TestRunner.java:770)
at org.testng.TestRunner.run(TestRunner.java:591)
at org.testng.SuiteRunner.runTest(SuiteRunner.java:402)
at org.testng.SuiteRunner.runSequentially(SuiteRunner.java:396)
at org.testng.SuiteRunner.privateRun(SuiteRunner.java:355)
at org.testng.SuiteRunner.run(SuiteRunner.java:304)
at org.testng.SuiteRunnerWorker.runSuite(SuiteRunnerWorker.java:53)
at org.testng.SuiteRunnerWorker.run(SuiteRunnerWorker.java:96)
at org.testng.TestNG.runSuitesSequentially(TestNG.java:1180)
at org.testng.TestNG.runSuitesLocally(TestNG.java:1102)
at org.testng.TestNG.runSuites(TestNG.java:1032)
at org.testng.TestNG.run(TestNG.java:1000)
at org.testng.remote.AbstractRemoteTestNG.run(AbstractRemoteTestNG.java:115)
at org.testng.remote.RemoteTestNG.initAndRun(RemoteTestNG.java:251)
at org.testng.remote.RemoteTestNG.main(RemoteTestNG.java:77)
]]>
    </error>
  </testcase> <!-- validateCarrersFooter -->
  <testcase name="validateCarrersFooter" time="0.031" classname="com.atmecs.testscript.AtmecsHomePageScript">
    <error type="org.openqa.selenium.NoSuchWindowException" message="Currently focused window has been closed.
Build info: version: &#039;4.0.0-alpha-2&#039;, revision: &#039;f148142cf8&#039;, time: &#039;2019-07-01T20:55:26&#039;
System info: host: &#039;ATMECSINLT-283&#039;, ip: &#039;55.55.52.215&#039;, os.name: &#039;Windows 10&#039;, os.arch: &#039;amd64&#039;, os.version: &#039;10.0&#039;, java.version: &#039;1.8.0_221&#039;
Driver info: org.openqa.selenium.ie.InternetExplorerDriver
Capabilities {acceptInsecureCerts: false, browserName: internet explorer, browserVersion: 11, javascriptEnabled: true, pageLoadStrategy: normal, platform: WINDOWS, platformName: WINDOWS, proxy: Proxy(), se:ieOptions: {browserAttachTimeout: 0, elementScrollBehavior: 0, enablePersistentHover: true, ie.browserCommandLineSwitches: , ie.ensureCleanSession: false, ie.fileUploadDialogTimeout: 3000, ie.forceCreateProcessApi: false, ignoreProtectedModeSettings: false, ignoreZoomSetting: false, initialBrowserUrl: http://localhost:2124/, nativeEvents: true, requireWindowFocus: false}, setWindowRect: true, timeouts: {implicit: 0, pageLoad: 300000, script: 30000}}
Session ID: 055d0f1f-16b1-4577-b4c8-1028878473d8
*** Element info: {Using=xpath, value=//div[@id=&#039;footer&#039;]//a[contains(text(),&#039;Cloud Services&#039;)]}">
      <![CDATA[org.openqa.selenium.NoSuchWindowException: Currently focused window has been closed.
Build info: version: '4.0.0-alpha-2', revision: 'f148142cf8', time: '2019-07-01T20:55:26'
System info: host: 'ATMECSINLT-283', ip: '55.55.52.215', os.name: 'Windows 10', os.arch: 'amd64', os.version: '10.0', java.version: '1.8.0_221'
Driver info: org.openqa.selenium.ie.InternetExplorerDriver
Capabilities {acceptInsecureCerts: false, browserName: internet explorer, browserVersion: 11, javascriptEnabled: true, pageLoadStrategy: normal, platform: WINDOWS, platformName: WINDOWS, proxy: Proxy(), se:ieOptions: {browserAttachTimeout: 0, elementScrollBehavior: 0, enablePersistentHover: true, ie.browserCommandLineSwitches: , ie.ensureCleanSession: false, ie.fileUploadDialogTimeout: 3000, ie.forceCreateProcessApi: false, ignoreProtectedModeSettings: false, ignoreZoomSetting: false, initialBrowserUrl: http://localhost:2124/, nativeEvents: true, requireWindowFocus: false}, setWindowRect: true, timeouts: {implicit: 0, pageLoad: 300000, script: 30000}}
Session ID: 055d0f1f-16b1-4577-b4c8-1028878473d8
*** Element info: {Using=xpath, value=//div[@id='footer']//a[contains(text(),'Cloud Services')]}
at sun.reflect.GeneratedConstructorAccessor25.newInstance(Unknown Source)
at sun.reflect.DelegatingConstructorAccessorImpl.newInstance(DelegatingConstructorAccessorImpl.java:45)
at java.lang.reflect.Constructor.newInstance(Constructor.java:423)
at org.openqa.selenium.remote.codec.w3c.W3CHttpResponseCodec.createException(W3CHttpResponseCodec.java:191)
at org.openqa.selenium.remote.codec.w3c.W3CHttpResponseCodec.decode(W3CHttpResponseCodec.java:125)
at org.openqa.selenium.remote.codec.w3c.W3CHttpResponseCodec.decode(W3CHttpResponseCodec.java:52)
at org.openqa.selenium.remote.HttpCommandExecutor.execute(HttpCommandExecutor.java:161)
at org.openqa.selenium.remote.service.DriverCommandExecutor.execute(DriverCommandExecutor.java:83)
at org.openqa.selenium.remote.RemoteWebDriver.execute(RemoteWebDriver.java:576)
at org.openqa.selenium.remote.RemoteWebDriver.findElement(RemoteWebDriver.java:327)
at org.openqa.selenium.remote.RemoteWebDriver.findElementByXPath(RemoteWebDriver.java:445)
at org.openqa.selenium.By$ByXPath.findElement(By.java:353)
at org.openqa.selenium.remote.RemoteWebDriver.findElement(RemoteWebDriver.java:319)
at com.atmecs.helper.CommonUtility.locatorsType(CommonUtility.java:49)
at com.atmecs.helper.CommonUtility$4.apply(CommonUtility.java:180)
at com.atmecs.helper.CommonUtility$4.apply(CommonUtility.java:1)
at org.openqa.selenium.support.ui.FluentWait.until(FluentWait.java:211)
at com.atmecs.helper.CommonUtility.getText(CommonUtility.java:177)
at com.atmecs.general.AtmecsHomePage.isFooterPresent(AtmecsHomePage.java:80)
at com.atmecs.testscript.AtmecsHomePageScript.validateCarrersFooter(AtmecsHomePageScript.java:92)
at sun.reflect.GeneratedMethodAccessor7.invoke(Unknown Source)
at sun.reflect.DelegatingMethodAccessorImpl.invoke(DelegatingMethodAccessorImpl.java:43)
at java.lang.reflect.Method.invoke(Method.java:498)
at org.testng.internal.MethodInvocationHelper.invokeMethod(MethodInvocationHelper.java:133)
at org.testng.internal.TestInvoker.invokeMethod(TestInvoker.java:584)
at org.testng.internal.TestInvoker.invokeTestMethod(TestInvoker.java:172)
at org.testng.internal.MethodRunner.runInSequence(MethodRunner.java:46)
at org.testng.internal.TestInvoker$MethodInvocationAgent.invoke(TestInvoker.java:804)
at org.testng.internal.TestInvoker.invokeTestMethods(TestInvoker.java:145)
at org.testng.internal.TestMethodWorker.invokeTestMethods(TestMethodWorker.java:146)
at org.testng.internal.TestMethodWorker.run(TestMethodWorker.java:128)
at java.util.ArrayList.forEach(ArrayList.java:1257)
at org.testng.TestRunner.privateRun(TestRunner.java:770)
at org.testng.TestRunner.run(TestRunner.java:591)
at org.testng.SuiteRunner.runTest(SuiteRunner.java:402)
at org.testng.SuiteRunner.runSequentially(SuiteRunner.java:396)
at org.testng.SuiteRunner.privateRun(SuiteRunner.java:355)
at org.testng.SuiteRunner.run(SuiteRunner.java:304)
at org.testng.SuiteRunnerWorker.runSuite(SuiteRunnerWorker.java:53)
at org.testng.SuiteRunnerWorker.run(SuiteRunnerWorker.java:96)
at org.testng.TestNG.runSuitesSequentially(TestNG.java:1180)
at org.testng.TestNG.runSuitesLocally(TestNG.java:1102)
at org.testng.TestNG.runSuites(TestNG.java:1032)
at org.testng.TestNG.run(TestNG.java:1000)
at org.testng.remote.AbstractRemoteTestNG.run(AbstractRemoteTestNG.java:115)
at org.testng.remote.RemoteTestNG.initAndRun(RemoteTestNG.java:251)
at org.testng.remote.RemoteTestNG.main(RemoteTestNG.java:77)
]]>
    </error>
  </testcase> <!-- validateCarrersFooter -->
  <testcase name="validateCarrersFooter" time="0.032" classname="com.atmecs.testscript.AtmecsHomePageScript">
    <error type="org.openqa.selenium.NoSuchWindowException" message="Currently focused window has been closed.
Build info: version: &#039;4.0.0-alpha-2&#039;, revision: &#039;f148142cf8&#039;, time: &#039;2019-07-01T20:55:26&#039;
System info: host: &#039;ATMECSINLT-283&#039;, ip: &#039;55.55.52.215&#039;, os.name: &#039;Windows 10&#039;, os.arch: &#039;amd64&#039;, os.version: &#039;10.0&#039;, java.version: &#039;1.8.0_221&#039;
Driver info: org.openqa.selenium.ie.InternetExplorerDriver
Capabilities {acceptInsecureCerts: false, browserName: internet explorer, browserVersion: 11, javascriptEnabled: true, pageLoadStrategy: normal, platform: WINDOWS, platformName: WINDOWS, proxy: Proxy(), se:ieOptions: {browserAttachTimeout: 0, elementScrollBehavior: 0, enablePersistentHover: true, ie.browserCommandLineSwitches: , ie.ensureCleanSession: false, ie.fileUploadDialogTimeout: 3000, ie.forceCreateProcessApi: false, ignoreProtectedModeSettings: false, ignoreZoomSetting: false, initialBrowserUrl: http://localhost:2124/, nativeEvents: true, requireWindowFocus: false}, setWindowRect: true, timeouts: {implicit: 0, pageLoad: 300000, script: 30000}}
Session ID: 055d0f1f-16b1-4577-b4c8-1028878473d8
*** Element info: {Using=xpath, value=//div[@id=&#039;footer&#039;]//a[contains(text(),&#039;Contact Us&#039;)]}">
      <![CDATA[org.openqa.selenium.NoSuchWindowException: Currently focused window has been closed.
Build info: version: '4.0.0-alpha-2', revision: 'f148142cf8', time: '2019-07-01T20:55:26'
System info: host: 'ATMECSINLT-283', ip: '55.55.52.215', os.name: 'Windows 10', os.arch: 'amd64', os.version: '10.0', java.version: '1.8.0_221'
Driver info: org.openqa.selenium.ie.InternetExplorerDriver
Capabilities {acceptInsecureCerts: false, browserName: internet explorer, browserVersion: 11, javascriptEnabled: true, pageLoadStrategy: normal, platform: WINDOWS, platformName: WINDOWS, proxy: Proxy(), se:ieOptions: {browserAttachTimeout: 0, elementScrollBehavior: 0, enablePersistentHover: true, ie.browserCommandLineSwitches: , ie.ensureCleanSession: false, ie.fileUploadDialogTimeout: 3000, ie.forceCreateProcessApi: false, ignoreProtectedModeSettings: false, ignoreZoomSetting: false, initialBrowserUrl: http://localhost:2124/, nativeEvents: true, requireWindowFocus: false}, setWindowRect: true, timeouts: {implicit: 0, pageLoad: 300000, script: 30000}}
Session ID: 055d0f1f-16b1-4577-b4c8-1028878473d8
*** Element info: {Using=xpath, value=//div[@id='footer']//a[contains(text(),'Contact Us')]}
at sun.reflect.GeneratedConstructorAccessor25.newInstance(Unknown Source)
at sun.reflect.DelegatingConstructorAccessorImpl.newInstance(DelegatingConstructorAccessorImpl.java:45)
at java.lang.reflect.Constructor.newInstance(Constructor.java:423)
at org.openqa.selenium.remote.codec.w3c.W3CHttpResponseCodec.createException(W3CHttpResponseCodec.java:191)
at org.openqa.selenium.remote.codec.w3c.W3CHttpResponseCodec.decode(W3CHttpResponseCodec.java:125)
at org.openqa.selenium.remote.codec.w3c.W3CHttpResponseCodec.decode(W3CHttpResponseCodec.java:52)
at org.openqa.selenium.remote.HttpCommandExecutor.execute(HttpCommandExecutor.java:161)
at org.openqa.selenium.remote.service.DriverCommandExecutor.execute(DriverCommandExecutor.java:83)
at org.openqa.selenium.remote.RemoteWebDriver.execute(RemoteWebDriver.java:576)
at org.openqa.selenium.remote.RemoteWebDriver.findElement(RemoteWebDriver.java:327)
at org.openqa.selenium.remote.RemoteWebDriver.findElementByXPath(RemoteWebDriver.java:445)
at org.openqa.selenium.By$ByXPath.findElement(By.java:353)
at org.openqa.selenium.remote.RemoteWebDriver.findElement(RemoteWebDriver.java:319)
at com.atmecs.helper.CommonUtility.locatorsType(CommonUtility.java:49)
at com.atmecs.helper.CommonUtility$4.apply(CommonUtility.java:180)
at com.atmecs.helper.CommonUtility$4.apply(CommonUtility.java:1)
at org.openqa.selenium.support.ui.FluentWait.until(FluentWait.java:211)
at com.atmecs.helper.CommonUtility.getText(CommonUtility.java:177)
at com.atmecs.general.AtmecsHomePage.isFooterPresent(AtmecsHomePage.java:80)
at com.atmecs.testscript.AtmecsHomePageScript.validateCarrersFooter(AtmecsHomePageScript.java:92)
at sun.reflect.NativeMethodAccessorImpl.invoke0(Native Method)
at sun.reflect.NativeMethodAccessorImpl.invoke(NativeMethodAccessorImpl.java:62)
at sun.reflect.DelegatingMethodAccessorImpl.invoke(DelegatingMethodAccessorImpl.java:43)
at java.lang.reflect.Method.invoke(Method.java:498)
at org.testng.internal.MethodInvocationHelper.invokeMethod(MethodInvocationHelper.java:133)
at org.testng.internal.TestInvoker.invokeMethod(TestInvoker.java:584)
at org.testng.internal.TestInvoker.invokeTestMethod(TestInvoker.java:172)
at org.testng.internal.MethodRunner.runInSequence(MethodRunner.java:46)
at org.testng.internal.TestInvoker$MethodInvocationAgent.invoke(TestInvoker.java:804)
at org.testng.internal.TestInvoker.invokeTestMethods(TestInvoker.java:145)
at org.testng.internal.TestMethodWorker.invokeTestMethods(TestMethodWorker.java:146)
at org.testng.internal.TestMethodWorker.run(TestMethodWorker.java:128)
at java.util.ArrayList.forEach(ArrayList.java:1257)
at org.testng.TestRunner.privateRun(TestRunner.java:770)
at org.testng.TestRunner.run(TestRunner.java:591)
at org.testng.SuiteRunner.runTest(SuiteRunner.java:402)
at org.testng.SuiteRunner.runSequentially(SuiteRunner.java:396)
at org.testng.SuiteRunner.privateRun(SuiteRunner.java:355)
at org.testng.SuiteRunner.run(SuiteRunner.java:304)
at org.testng.SuiteRunnerWorker.runSuite(SuiteRunnerWorker.java:53)
at org.testng.SuiteRunnerWorker.run(SuiteRunnerWorker.java:96)
at org.testng.TestNG.runSuitesSequentially(TestNG.java:1180)
at org.testng.TestNG.runSuitesLocally(TestNG.java:1102)
at org.testng.TestNG.runSuites(TestNG.java:1032)
at org.testng.TestNG.run(TestNG.java:1000)
at org.testng.remote.AbstractRemoteTestNG.run(AbstractRemoteTestNG.java:115)
at org.testng.remote.RemoteTestNG.initAndRun(RemoteTestNG.java:251)
at org.testng.remote.RemoteTestNG.main(RemoteTestNG.java:77)
]]>
    </error>
  </testcase> <!-- validateCarrersFooter -->
  <testcase name="validateCarrersFooter" time="0.033" classname="com.atmecs.testscript.AtmecsHomePageScript">
    <error type="org.openqa.selenium.NoSuchWindowException" message="Currently focused window has been closed.
Build info: version: &#039;4.0.0-alpha-2&#039;, revision: &#039;f148142cf8&#039;, time: &#039;2019-07-01T20:55:26&#039;
System info: host: &#039;ATMECSINLT-283&#039;, ip: &#039;55.55.52.215&#039;, os.name: &#039;Windows 10&#039;, os.arch: &#039;amd64&#039;, os.version: &#039;10.0&#039;, java.version: &#039;1.8.0_221&#039;
Driver info: org.openqa.selenium.ie.InternetExplorerDriver
Capabilities {acceptInsecureCerts: false, browserName: internet explorer, browserVersion: 11, javascriptEnabled: true, pageLoadStrategy: normal, platform: WINDOWS, platformName: WINDOWS, proxy: Proxy(), se:ieOptions: {browserAttachTimeout: 0, elementScrollBehavior: 0, enablePersistentHover: true, ie.browserCommandLineSwitches: , ie.ensureCleanSession: false, ie.fileUploadDialogTimeout: 3000, ie.forceCreateProcessApi: false, ignoreProtectedModeSettings: false, ignoreZoomSetting: false, initialBrowserUrl: http://localhost:2124/, nativeEvents: true, requireWindowFocus: false}, setWindowRect: true, timeouts: {implicit: 0, pageLoad: 300000, script: 30000}}
Session ID: 055d0f1f-16b1-4577-b4c8-1028878473d8
*** Element info: {Using=xpath, value=//div[@id=&#039;footer&#039;]//a[contains(text(),&#039;Quality Engineering&#039;)]}">
      <![CDATA[org.openqa.selenium.NoSuchWindowException: Currently focused window has been closed.
Build info: version: '4.0.0-alpha-2', revision: 'f148142cf8', time: '2019-07-01T20:55:26'
System info: host: 'ATMECSINLT-283', ip: '55.55.52.215', os.name: 'Windows 10', os.arch: 'amd64', os.version: '10.0', java.version: '1.8.0_221'
Driver info: org.openqa.selenium.ie.InternetExplorerDriver
Capabilities {acceptInsecureCerts: false, browserName: internet explorer, browserVersion: 11, javascriptEnabled: true, pageLoadStrategy: normal, platform: WINDOWS, platformName: WINDOWS, proxy: Proxy(), se:ieOptions: {browserAttachTimeout: 0, elementScrollBehavior: 0, enablePersistentHover: true, ie.browserCommandLineSwitches: , ie.ensureCleanSession: false, ie.fileUploadDialogTimeout: 3000, ie.forceCreateProcessApi: false, ignoreProtectedModeSettings: false, ignoreZoomSetting: false, initialBrowserUrl: http://localhost:2124/, nativeEvents: true, requireWindowFocus: false}, setWindowRect: true, timeouts: {implicit: 0, pageLoad: 300000, script: 30000}}
Session ID: 055d0f1f-16b1-4577-b4c8-1028878473d8
*** Element info: {Using=xpath, value=//div[@id='footer']//a[contains(text(),'Quality Engineering')]}
at sun.reflect.GeneratedConstructorAccessor25.newInstance(Unknown Source)
at sun.reflect.DelegatingConstructorAccessorImpl.newInstance(DelegatingConstructorAccessorImpl.java:45)
at java.lang.reflect.Constructor.newInstance(Constructor.java:423)
at org.openqa.selenium.remote.codec.w3c.W3CHttpResponseCodec.createException(W3CHttpResponseCodec.java:191)
at org.openqa.selenium.remote.codec.w3c.W3CHttpResponseCodec.decode(W3CHttpResponseCodec.java:125)
at org.openqa.selenium.remote.codec.w3c.W3CHttpResponseCodec.decode(W3CHttpResponseCodec.java:52)
at org.openqa.selenium.remote.HttpCommandExecutor.execute(HttpCommandExecutor.java:161)
at org.openqa.selenium.remote.service.DriverCommandExecutor.execute(DriverCommandExecutor.java:83)
at org.openqa.selenium.remote.RemoteWebDriver.execute(RemoteWebDriver.java:576)
at org.openqa.selenium.remote.RemoteWebDriver.findElement(RemoteWebDriver.java:327)
at org.openqa.selenium.remote.RemoteWebDriver.findElementByXPath(RemoteWebDriver.java:445)
at org.openqa.selenium.By$ByXPath.findElement(By.java:353)
at org.openqa.selenium.remote.RemoteWebDriver.findElement(RemoteWebDriver.java:319)
at com.atmecs.helper.CommonUtility.locatorsType(CommonUtility.java:49)
at com.atmecs.helper.CommonUtility$4.apply(CommonUtility.java:180)
at com.atmecs.helper.CommonUtility$4.apply(CommonUtility.java:1)
at org.openqa.selenium.support.ui.FluentWait.until(FluentWait.java:211)
at com.atmecs.helper.CommonUtility.getText(CommonUtility.java:177)
at com.atmecs.general.AtmecsHomePage.isFooterPresent(AtmecsHomePage.java:80)
at com.atmecs.testscript.AtmecsHomePageScript.validateCarrersFooter(AtmecsHomePageScript.java:92)
at sun.reflect.GeneratedMethodAccessor7.invoke(Unknown Source)
at sun.reflect.DelegatingMethodAccessorImpl.invoke(DelegatingMethodAccessorImpl.java:43)
at java.lang.reflect.Method.invoke(Method.java:498)
at org.testng.internal.MethodInvocationHelper.invokeMethod(MethodInvocationHelper.java:133)
at org.testng.internal.TestInvoker.invokeMethod(TestInvoker.java:584)
at org.testng.internal.TestInvoker.invokeTestMethod(TestInvoker.java:172)
at org.testng.internal.MethodRunner.runInSequence(MethodRunner.java:46)
at org.testng.internal.TestInvoker$MethodInvocationAgent.invoke(TestInvoker.java:804)
at org.testng.internal.TestInvoker.invokeTestMethods(TestInvoker.java:145)
at org.testng.internal.TestMethodWorker.invokeTestMethods(TestMethodWorker.java:146)
at org.testng.internal.TestMethodWorker.run(TestMethodWorker.java:128)
at java.util.ArrayList.forEach(ArrayList.java:1257)
at org.testng.TestRunner.privateRun(TestRunner.java:770)
at org.testng.TestRunner.run(TestRunner.java:591)
at org.testng.SuiteRunner.runTest(SuiteRunner.java:402)
at org.testng.SuiteRunner.runSequentially(SuiteRunner.java:396)
at org.testng.SuiteRunner.privateRun(SuiteRunner.java:355)
at org.testng.SuiteRunner.run(SuiteRunner.java:304)
at org.testng.SuiteRunnerWorker.runSuite(SuiteRunnerWorker.java:53)
at org.testng.SuiteRunnerWorker.run(SuiteRunnerWorker.java:96)
at org.testng.TestNG.runSuitesSequentially(TestNG.java:1180)
at org.testng.TestNG.runSuitesLocally(TestNG.java:1102)
at org.testng.TestNG.runSuites(TestNG.java:1032)
at org.testng.TestNG.run(TestNG.java:1000)
at org.testng.remote.AbstractRemoteTestNG.run(AbstractRemoteTestNG.java:115)
at org.testng.remote.RemoteTestNG.initAndRun(RemoteTestNG.java:251)
at org.testng.remote.RemoteTestNG.main(RemoteTestNG.java:77)
]]>
    </error>
  </testcase> <!-- validateCarrersFooter -->
  <testcase name="validateCarrersFooter" time="0.044" classname="com.atmecs.testscript.AtmecsHomePageScript">
    <error type="org.openqa.selenium.NoSuchWindowException" message="Currently focused window has been closed.
Build info: version: &#039;4.0.0-alpha-2&#039;, revision: &#039;f148142cf8&#039;, time: &#039;2019-07-01T20:55:26&#039;
System info: host: &#039;ATMECSINLT-283&#039;, ip: &#039;55.55.52.215&#039;, os.name: &#039;Windows 10&#039;, os.arch: &#039;amd64&#039;, os.version: &#039;10.0&#039;, java.version: &#039;1.8.0_221&#039;
Driver info: org.openqa.selenium.ie.InternetExplorerDriver
Capabilities {acceptInsecureCerts: false, browserName: internet explorer, browserVersion: 11, javascriptEnabled: true, pageLoadStrategy: normal, platform: WINDOWS, platformName: WINDOWS, proxy: Proxy(), se:ieOptions: {browserAttachTimeout: 0, elementScrollBehavior: 0, enablePersistentHover: true, ie.browserCommandLineSwitches: , ie.ensureCleanSession: false, ie.fileUploadDialogTimeout: 3000, ie.forceCreateProcessApi: false, ignoreProtectedModeSettings: false, ignoreZoomSetting: false, initialBrowserUrl: http://localhost:2124/, nativeEvents: true, requireWindowFocus: false}, setWindowRect: true, timeouts: {implicit: 0, pageLoad: 300000, script: 30000}}
Session ID: 055d0f1f-16b1-4577-b4c8-1028878473d8
*** Element info: {Using=xpath, value=//div[@id=&#039;footer&#039;]//a[contains(text(),&#039;Partners&#039;)]}">
      <![CDATA[org.openqa.selenium.NoSuchWindowException: Currently focused window has been closed.
Build info: version: '4.0.0-alpha-2', revision: 'f148142cf8', time: '2019-07-01T20:55:26'
System info: host: 'ATMECSINLT-283', ip: '55.55.52.215', os.name: 'Windows 10', os.arch: 'amd64', os.version: '10.0', java.version: '1.8.0_221'
Driver info: org.openqa.selenium.ie.InternetExplorerDriver
Capabilities {acceptInsecureCerts: false, browserName: internet explorer, browserVersion: 11, javascriptEnabled: true, pageLoadStrategy: normal, platform: WINDOWS, platformName: WINDOWS, proxy: Proxy(), se:ieOptions: {browserAttachTimeout: 0, elementScrollBehavior: 0, enablePersistentHover: true, ie.browserCommandLineSwitches: , ie.ensureCleanSession: false, ie.fileUploadDialogTimeout: 3000, ie.forceCreateProcessApi: false, ignoreProtectedModeSettings: false, ignoreZoomSetting: false, initialBrowserUrl: http://localhost:2124/, nativeEvents: true, requireWindowFocus: false}, setWindowRect: true, timeouts: {implicit: 0, pageLoad: 300000, script: 30000}}
Session ID: 055d0f1f-16b1-4577-b4c8-1028878473d8
*** Element info: {Using=xpath, value=//div[@id='footer']//a[contains(text(),'Partners')]}
at sun.reflect.GeneratedConstructorAccessor25.newInstance(Unknown Source)
at sun.reflect.DelegatingConstructorAccessorImpl.newInstance(DelegatingConstructorAccessorImpl.java:45)
at java.lang.reflect.Constructor.newInstance(Constructor.java:423)
at org.openqa.selenium.remote.codec.w3c.W3CHttpResponseCodec.createException(W3CHttpResponseCodec.java:191)
at org.openqa.selenium.remote.codec.w3c.W3CHttpResponseCodec.decode(W3CHttpResponseCodec.java:125)
at org.openqa.selenium.remote.codec.w3c.W3CHttpResponseCodec.decode(W3CHttpResponseCodec.java:52)
at org.openqa.selenium.remote.HttpCommandExecutor.execute(HttpCommandExecutor.java:161)
at org.openqa.selenium.remote.service.DriverCommandExecutor.execute(DriverCommandExecutor.java:83)
at org.openqa.selenium.remote.RemoteWebDriver.execute(RemoteWebDriver.java:576)
at org.openqa.selenium.remote.RemoteWebDriver.findElement(RemoteWebDriver.java:327)
at org.openqa.selenium.remote.RemoteWebDriver.findElementByXPath(RemoteWebDriver.java:445)
at org.openqa.selenium.By$ByXPath.findElement(By.java:353)
at org.openqa.selenium.remote.RemoteWebDriver.findElement(RemoteWebDriver.java:319)
at com.atmecs.helper.CommonUtility.locatorsType(CommonUtility.java:49)
at com.atmecs.helper.CommonUtility$4.apply(CommonUtility.java:180)
at com.atmecs.helper.CommonUtility$4.apply(CommonUtility.java:1)
at org.openqa.selenium.support.ui.FluentWait.until(FluentWait.java:211)
at com.atmecs.helper.CommonUtility.getText(CommonUtility.java:177)
at com.atmecs.general.AtmecsHomePage.isFooterPresent(AtmecsHomePage.java:80)
at com.atmecs.testscript.AtmecsHomePageScript.validateCarrersFooter(AtmecsHomePageScript.java:92)
at sun.reflect.NativeMethodAccessorImpl.invoke0(Native Method)
at sun.reflect.NativeMethodAccessorImpl.invoke(NativeMethodAccessorImpl.java:62)
at sun.reflect.DelegatingMethodAccessorImpl.invoke(DelegatingMethodAccessorImpl.java:43)
at java.lang.reflect.Method.invoke(Method.java:498)
at org.testng.internal.MethodInvocationHelper.invokeMethod(MethodInvocationHelper.java:133)
at org.testng.internal.TestInvoker.invokeMethod(TestInvoker.java:584)
at org.testng.internal.TestInvoker.invokeTestMethod(TestInvoker.java:172)
at org.testng.internal.MethodRunner.runInSequence(MethodRunner.java:46)
at org.testng.internal.TestInvoker$MethodInvocationAgent.invoke(TestInvoker.java:804)
at org.testng.internal.TestInvoker.invokeTestMethods(TestInvoker.java:145)
at org.testng.internal.TestMethodWorker.invokeTestMethods(TestMethodWorker.java:146)
at org.testng.internal.TestMethodWorker.run(TestMethodWorker.java:128)
at java.util.ArrayList.forEach(ArrayList.java:1257)
at org.testng.TestRunner.privateRun(TestRunner.java:770)
at org.testng.TestRunner.run(TestRunner.java:591)
at org.testng.SuiteRunner.runTest(SuiteRunner.java:402)
at org.testng.SuiteRunner.runSequentially(SuiteRunner.java:396)
at org.testng.SuiteRunner.privateRun(SuiteRunner.java:355)
at org.testng.SuiteRunner.run(SuiteRunner.java:304)
at org.testng.SuiteRunnerWorker.runSuite(SuiteRunnerWorker.java:53)
at org.testng.SuiteRunnerWorker.run(SuiteRunnerWorker.java:96)
at org.testng.TestNG.runSuitesSequentially(TestNG.java:1180)
at org.testng.TestNG.runSuitesLocally(TestNG.java:1102)
at org.testng.TestNG.runSuites(TestNG.java:1032)
at org.testng.TestNG.run(TestNG.java:1000)
at org.testng.remote.AbstractRemoteTestNG.run(AbstractRemoteTestNG.java:115)
at org.testng.remote.RemoteTestNG.initAndRun(RemoteTestNG.java:251)
at org.testng.remote.RemoteTestNG.main(RemoteTestNG.java:77)
]]>
    </error>
  </testcase> <!-- validateCarrersFooter -->
  <testcase name="validateCarrersFooter" time="0.040" classname="com.atmecs.testscript.AtmecsHomePageScript">
    <error type="org.openqa.selenium.NoSuchWindowException" message="Currently focused window has been closed.
Build info: version: &#039;4.0.0-alpha-2&#039;, revision: &#039;f148142cf8&#039;, time: &#039;2019-07-01T20:55:26&#039;
System info: host: &#039;ATMECSINLT-283&#039;, ip: &#039;55.55.52.215&#039;, os.name: &#039;Windows 10&#039;, os.arch: &#039;amd64&#039;, os.version: &#039;10.0&#039;, java.version: &#039;1.8.0_221&#039;
Driver info: org.openqa.selenium.ie.InternetExplorerDriver
Capabilities {acceptInsecureCerts: false, browserName: internet explorer, browserVersion: 11, javascriptEnabled: true, pageLoadStrategy: normal, platform: WINDOWS, platformName: WINDOWS, proxy: Proxy(), se:ieOptions: {browserAttachTimeout: 0, elementScrollBehavior: 0, enablePersistentHover: true, ie.browserCommandLineSwitches: , ie.ensureCleanSession: false, ie.fileUploadDialogTimeout: 3000, ie.forceCreateProcessApi: false, ignoreProtectedModeSettings: false, ignoreZoomSetting: false, initialBrowserUrl: http://localhost:2124/, nativeEvents: true, requireWindowFocus: false}, setWindowRect: true, timeouts: {implicit: 0, pageLoad: 300000, script: 30000}}
Session ID: 055d0f1f-16b1-4577-b4c8-1028878473d8
*** Element info: {Using=xpath, value=//div[@id=&#039;footer&#039;]//a[contains(text(),&#039;Home&#039;)]}">
      <![CDATA[org.openqa.selenium.NoSuchWindowException: Currently focused window has been closed.
Build info: version: '4.0.0-alpha-2', revision: 'f148142cf8', time: '2019-07-01T20:55:26'
System info: host: 'ATMECSINLT-283', ip: '55.55.52.215', os.name: 'Windows 10', os.arch: 'amd64', os.version: '10.0', java.version: '1.8.0_221'
Driver info: org.openqa.selenium.ie.InternetExplorerDriver
Capabilities {acceptInsecureCerts: false, browserName: internet explorer, browserVersion: 11, javascriptEnabled: true, pageLoadStrategy: normal, platform: WINDOWS, platformName: WINDOWS, proxy: Proxy(), se:ieOptions: {browserAttachTimeout: 0, elementScrollBehavior: 0, enablePersistentHover: true, ie.browserCommandLineSwitches: , ie.ensureCleanSession: false, ie.fileUploadDialogTimeout: 3000, ie.forceCreateProcessApi: false, ignoreProtectedModeSettings: false, ignoreZoomSetting: false, initialBrowserUrl: http://localhost:2124/, nativeEvents: true, requireWindowFocus: false}, setWindowRect: true, timeouts: {implicit: 0, pageLoad: 300000, script: 30000}}
Session ID: 055d0f1f-16b1-4577-b4c8-1028878473d8
*** Element info: {Using=xpath, value=//div[@id='footer']//a[contains(text(),'Home')]}
at sun.reflect.GeneratedConstructorAccessor25.newInstance(Unknown Source)
at sun.reflect.DelegatingConstructorAccessorImpl.newInstance(DelegatingConstructorAccessorImpl.java:45)
at java.lang.reflect.Constructor.newInstance(Constructor.java:423)
at org.openqa.selenium.remote.codec.w3c.W3CHttpResponseCodec.createException(W3CHttpResponseCodec.java:191)
at org.openqa.selenium.remote.codec.w3c.W3CHttpResponseCodec.decode(W3CHttpResponseCodec.java:125)
at org.openqa.selenium.remote.codec.w3c.W3CHttpResponseCodec.decode(W3CHttpResponseCodec.java:52)
at org.openqa.selenium.remote.HttpCommandExecutor.execute(HttpCommandExecutor.java:161)
at org.openqa.selenium.remote.service.DriverCommandExecutor.execute(DriverCommandExecutor.java:83)
at org.openqa.selenium.remote.RemoteWebDriver.execute(RemoteWebDriver.java:576)
at org.openqa.selenium.remote.RemoteWebDriver.findElement(RemoteWebDriver.java:327)
at org.openqa.selenium.remote.RemoteWebDriver.findElementByXPath(RemoteWebDriver.java:445)
at org.openqa.selenium.By$ByXPath.findElement(By.java:353)
at org.openqa.selenium.remote.RemoteWebDriver.findElement(RemoteWebDriver.java:319)
at com.atmecs.helper.CommonUtility.locatorsType(CommonUtility.java:49)
at com.atmecs.helper.CommonUtility$4.apply(CommonUtility.java:180)
at com.atmecs.helper.CommonUtility$4.apply(CommonUtility.java:1)
at org.openqa.selenium.support.ui.FluentWait.until(FluentWait.java:211)
at com.atmecs.helper.CommonUtility.getText(CommonUtility.java:177)
at com.atmecs.general.AtmecsHomePage.isFooterPresent(AtmecsHomePage.java:80)
at com.atmecs.testscript.AtmecsHomePageScript.validateCarrersFooter(AtmecsHomePageScript.java:92)
at sun.reflect.NativeMethodAccessorImpl.invoke0(Native Method)
at sun.reflect.NativeMethodAccessorImpl.invoke(NativeMethodAccessorImpl.java:62)
at sun.reflect.DelegatingMethodAccessorImpl.invoke(DelegatingMethodAccessorImpl.java:43)
at java.lang.reflect.Method.invoke(Method.java:498)
at org.testng.internal.MethodInvocationHelper.invokeMethod(MethodInvocationHelper.java:133)
at org.testng.internal.TestInvoker.invokeMethod(TestInvoker.java:584)
at org.testng.internal.TestInvoker.invokeTestMethod(TestInvoker.java:172)
at org.testng.internal.MethodRunner.runInSequence(MethodRunner.java:46)
at org.testng.internal.TestInvoker$MethodInvocationAgent.invoke(TestInvoker.java:804)
at org.testng.internal.TestInvoker.invokeTestMethods(TestInvoker.java:145)
at org.testng.internal.TestMethodWorker.invokeTestMethods(TestMethodWorker.java:146)
at org.testng.internal.TestMethodWorker.run(TestMethodWorker.java:128)
at java.util.ArrayList.forEach(ArrayList.java:1257)
at org.testng.TestRunner.privateRun(TestRunner.java:770)
at org.testng.TestRunner.run(TestRunner.java:591)
at org.testng.SuiteRunner.runTest(SuiteRunner.java:402)
at org.testng.SuiteRunner.runSequentially(SuiteRunner.java:396)
at org.testng.SuiteRunner.privateRun(SuiteRunner.java:355)
at org.testng.SuiteRunner.run(SuiteRunner.java:304)
at org.testng.SuiteRunnerWorker.runSuite(SuiteRunnerWorker.java:53)
at org.testng.SuiteRunnerWorker.run(SuiteRunnerWorker.java:96)
at org.testng.TestNG.runSuitesSequentially(TestNG.java:1180)
at org.testng.TestNG.runSuitesLocally(TestNG.java:1102)
at org.testng.TestNG.runSuites(TestNG.java:1032)
at org.testng.TestNG.run(TestNG.java:1000)
at org.testng.remote.AbstractRemoteTestNG.run(AbstractRemoteTestNG.java:115)
at org.testng.remote.RemoteTestNG.initAndRun(RemoteTestNG.java:251)
at org.testng.remote.RemoteTestNG.main(RemoteTestNG.java:77)
]]>
    </error>
  </testcase> <!-- validateCarrersFooter -->
  <testcase name="validateCarrersFooter" time="0.019" classname="com.atmecs.testscript.AtmecsHomePageScript">
    <error type="org.openqa.selenium.NoSuchWindowException" message="Currently focused window has been closed.
Build info: version: &#039;4.0.0-alpha-2&#039;, revision: &#039;f148142cf8&#039;, time: &#039;2019-07-01T20:55:26&#039;
System info: host: &#039;ATMECSINLT-283&#039;, ip: &#039;55.55.52.215&#039;, os.name: &#039;Windows 10&#039;, os.arch: &#039;amd64&#039;, os.version: &#039;10.0&#039;, java.version: &#039;1.8.0_221&#039;
Driver info: org.openqa.selenium.ie.InternetExplorerDriver
Capabilities {acceptInsecureCerts: false, browserName: internet explorer, browserVersion: 11, javascriptEnabled: true, pageLoadStrategy: normal, platform: WINDOWS, platformName: WINDOWS, proxy: Proxy(), se:ieOptions: {browserAttachTimeout: 0, elementScrollBehavior: 0, enablePersistentHover: true, ie.browserCommandLineSwitches: , ie.ensureCleanSession: false, ie.fileUploadDialogTimeout: 3000, ie.forceCreateProcessApi: false, ignoreProtectedModeSettings: false, ignoreZoomSetting: false, initialBrowserUrl: http://localhost:2124/, nativeEvents: true, requireWindowFocus: false}, setWindowRect: true, timeouts: {implicit: 0, pageLoad: 300000, script: 30000}}
Session ID: 055d0f1f-16b1-4577-b4c8-1028878473d8
*** Element info: {Using=xpath, value=//div[@id=&#039;footer&#039;]//a[contains(text(),&#039;Senior .NET Engineer&#039;)]}">
      <![CDATA[org.openqa.selenium.NoSuchWindowException: Currently focused window has been closed.
Build info: version: '4.0.0-alpha-2', revision: 'f148142cf8', time: '2019-07-01T20:55:26'
System info: host: 'ATMECSINLT-283', ip: '55.55.52.215', os.name: 'Windows 10', os.arch: 'amd64', os.version: '10.0', java.version: '1.8.0_221'
Driver info: org.openqa.selenium.ie.InternetExplorerDriver
Capabilities {acceptInsecureCerts: false, browserName: internet explorer, browserVersion: 11, javascriptEnabled: true, pageLoadStrategy: normal, platform: WINDOWS, platformName: WINDOWS, proxy: Proxy(), se:ieOptions: {browserAttachTimeout: 0, elementScrollBehavior: 0, enablePersistentHover: true, ie.browserCommandLineSwitches: , ie.ensureCleanSession: false, ie.fileUploadDialogTimeout: 3000, ie.forceCreateProcessApi: false, ignoreProtectedModeSettings: false, ignoreZoomSetting: false, initialBrowserUrl: http://localhost:2124/, nativeEvents: true, requireWindowFocus: false}, setWindowRect: true, timeouts: {implicit: 0, pageLoad: 300000, script: 30000}}
Session ID: 055d0f1f-16b1-4577-b4c8-1028878473d8
*** Element info: {Using=xpath, value=//div[@id='footer']//a[contains(text(),'Senior .NET Engineer')]}
at sun.reflect.GeneratedConstructorAccessor25.newInstance(Unknown Source)
at sun.reflect.DelegatingConstructorAccessorImpl.newInstance(DelegatingConstructorAccessorImpl.java:45)
at java.lang.reflect.Constructor.newInstance(Constructor.java:423)
at org.openqa.selenium.remote.codec.w3c.W3CHttpResponseCodec.createException(W3CHttpResponseCodec.java:191)
at org.openqa.selenium.remote.codec.w3c.W3CHttpResponseCodec.decode(W3CHttpResponseCodec.java:125)
at org.openqa.selenium.remote.codec.w3c.W3CHttpResponseCodec.decode(W3CHttpResponseCodec.java:52)
at org.openqa.selenium.remote.HttpCommandExecutor.execute(HttpCommandExecutor.java:161)
at org.openqa.selenium.remote.service.DriverCommandExecutor.execute(DriverCommandExecutor.java:83)
at org.openqa.selenium.remote.RemoteWebDriver.execute(RemoteWebDriver.java:576)
at org.openqa.selenium.remote.RemoteWebDriver.findElement(RemoteWebDriver.java:327)
at org.openqa.selenium.remote.RemoteWebDriver.findElementByXPath(RemoteWebDriver.java:445)
at org.openqa.selenium.By$ByXPath.findElement(By.java:353)
at org.openqa.selenium.remote.RemoteWebDriver.findElement(RemoteWebDriver.java:319)
at com.atmecs.helper.CommonUtility.locatorsType(CommonUtility.java:49)
at com.atmecs.helper.CommonUtility$4.apply(CommonUtility.java:180)
at com.atmecs.helper.CommonUtility$4.apply(CommonUtility.java:1)
at org.openqa.selenium.support.ui.FluentWait.until(FluentWait.java:211)
at com.atmecs.helper.CommonUtility.getText(CommonUtility.java:177)
at com.atmecs.general.AtmecsHomePage.isFooterPresent(AtmecsHomePage.java:80)
at com.atmecs.testscript.AtmecsHomePageScript.validateCarrersFooter(AtmecsHomePageScript.java:92)
at sun.reflect.NativeMethodAccessorImpl.invoke0(Native Method)
at sun.reflect.NativeMethodAccessorImpl.invoke(NativeMethodAccessorImpl.java:62)
at sun.reflect.DelegatingMethodAccessorImpl.invoke(DelegatingMethodAccessorImpl.java:43)
at java.lang.reflect.Method.invoke(Method.java:498)
at org.testng.internal.MethodInvocationHelper.invokeMethod(MethodInvocationHelper.java:133)
at org.testng.internal.TestInvoker.invokeMethod(TestInvoker.java:584)
at org.testng.internal.TestInvoker.invokeTestMethod(TestInvoker.java:172)
at org.testng.internal.MethodRunner.runInSequence(MethodRunner.java:46)
at org.testng.internal.TestInvoker$MethodInvocationAgent.invoke(TestInvoker.java:804)
at org.testng.internal.TestInvoker.invokeTestMethods(TestInvoker.java:145)
at org.testng.internal.TestMethodWorker.invokeTestMethods(TestMethodWorker.java:146)
at org.testng.internal.TestMethodWorker.run(TestMethodWorker.java:128)
at java.util.ArrayList.forEach(ArrayList.java:1257)
at org.testng.TestRunner.privateRun(TestRunner.java:770)
at org.testng.TestRunner.run(TestRunner.java:591)
at org.testng.SuiteRunner.runTest(SuiteRunner.java:402)
at org.testng.SuiteRunner.runSequentially(SuiteRunner.java:396)
at org.testng.SuiteRunner.privateRun(SuiteRunner.java:355)
at org.testng.SuiteRunner.run(SuiteRunner.java:304)
at org.testng.SuiteRunnerWorker.runSuite(SuiteRunnerWorker.java:53)
at org.testng.SuiteRunnerWorker.run(SuiteRunnerWorker.java:96)
at org.testng.TestNG.runSuitesSequentially(TestNG.java:1180)
at org.testng.TestNG.runSuitesLocally(TestNG.java:1102)
at org.testng.TestNG.runSuites(TestNG.java:1032)
at org.testng.TestNG.run(TestNG.java:1000)
at org.testng.remote.AbstractRemoteTestNG.run(AbstractRemoteTestNG.java:115)
at org.testng.remote.RemoteTestNG.initAndRun(RemoteTestNG.java:251)
at org.testng.remote.RemoteTestNG.main(RemoteTestNG.java:77)
]]>
    </error>
  </testcase> <!-- validateCarrersFooter -->
  <testcase name="validateCarrersFooter" time="0.040" classname="com.atmecs.testscript.AtmecsHomePageScript">
    <error type="org.openqa.selenium.NoSuchWindowException" message="Currently focused window has been closed.
Build info: version: &#039;4.0.0-alpha-2&#039;, revision: &#039;f148142cf8&#039;, time: &#039;2019-07-01T20:55:26&#039;
System info: host: &#039;ATMECSINLT-283&#039;, ip: &#039;55.55.52.215&#039;, os.name: &#039;Windows 10&#039;, os.arch: &#039;amd64&#039;, os.version: &#039;10.0&#039;, java.version: &#039;1.8.0_221&#039;
Driver info: org.openqa.selenium.ie.InternetExplorerDriver
Capabilities {acceptInsecureCerts: false, browserName: internet explorer, browserVersion: 11, javascriptEnabled: true, pageLoadStrategy: normal, platform: WINDOWS, platformName: WINDOWS, proxy: Proxy(), se:ieOptions: {browserAttachTimeout: 0, elementScrollBehavior: 0, enablePersistentHover: true, ie.browserCommandLineSwitches: , ie.ensureCleanSession: false, ie.fileUploadDialogTimeout: 3000, ie.forceCreateProcessApi: false, ignoreProtectedModeSettings: false, ignoreZoomSetting: false, initialBrowserUrl: http://localhost:2124/, nativeEvents: true, requireWindowFocus: false}, setWindowRect: true, timeouts: {implicit: 0, pageLoad: 300000, script: 30000}}
Session ID: 055d0f1f-16b1-4577-b4c8-1028878473d8
*** Element info: {Using=xpath, value=//div[@id=&#039;footer&#039;]//a[contains(text(),&#039;Careers&#039;)]}">
      <![CDATA[org.openqa.selenium.NoSuchWindowException: Currently focused window has been closed.
Build info: version: '4.0.0-alpha-2', revision: 'f148142cf8', time: '2019-07-01T20:55:26'
System info: host: 'ATMECSINLT-283', ip: '55.55.52.215', os.name: 'Windows 10', os.arch: 'amd64', os.version: '10.0', java.version: '1.8.0_221'
Driver info: org.openqa.selenium.ie.InternetExplorerDriver
Capabilities {acceptInsecureCerts: false, browserName: internet explorer, browserVersion: 11, javascriptEnabled: true, pageLoadStrategy: normal, platform: WINDOWS, platformName: WINDOWS, proxy: Proxy(), se:ieOptions: {browserAttachTimeout: 0, elementScrollBehavior: 0, enablePersistentHover: true, ie.browserCommandLineSwitches: , ie.ensureCleanSession: false, ie.fileUploadDialogTimeout: 3000, ie.forceCreateProcessApi: false, ignoreProtectedModeSettings: false, ignoreZoomSetting: false, initialBrowserUrl: http://localhost:2124/, nativeEvents: true, requireWindowFocus: false}, setWindowRect: true, timeouts: {implicit: 0, pageLoad: 300000, script: 30000}}
Session ID: 055d0f1f-16b1-4577-b4c8-1028878473d8
*** Element info: {Using=xpath, value=//div[@id='footer']//a[contains(text(),'Careers')]}
at sun.reflect.GeneratedConstructorAccessor25.newInstance(Unknown Source)
at sun.reflect.DelegatingConstructorAccessorImpl.newInstance(DelegatingConstructorAccessorImpl.java:45)
at java.lang.reflect.Constructor.newInstance(Constructor.java:423)
at org.openqa.selenium.remote.codec.w3c.W3CHttpResponseCodec.createException(W3CHttpResponseCodec.java:191)
at org.openqa.selenium.remote.codec.w3c.W3CHttpResponseCodec.decode(W3CHttpResponseCodec.java:125)
at org.openqa.selenium.remote.codec.w3c.W3CHttpResponseCodec.decode(W3CHttpResponseCodec.java:52)
at org.openqa.selenium.remote.HttpCommandExecutor.execute(HttpCommandExecutor.java:161)
at org.openqa.selenium.remote.service.DriverCommandExecutor.execute(DriverCommandExecutor.java:83)
at org.openqa.selenium.remote.RemoteWebDriver.execute(RemoteWebDriver.java:576)
at org.openqa.selenium.remote.RemoteWebDriver.findElement(RemoteWebDriver.java:327)
at org.openqa.selenium.remote.RemoteWebDriver.findElementByXPath(RemoteWebDriver.java:445)
at org.openqa.selenium.By$ByXPath.findElement(By.java:353)
at org.openqa.selenium.remote.RemoteWebDriver.findElement(RemoteWebDriver.java:319)
at com.atmecs.helper.CommonUtility.locatorsType(CommonUtility.java:49)
at com.atmecs.helper.CommonUtility$4.apply(CommonUtility.java:180)
at com.atmecs.helper.CommonUtility$4.apply(CommonUtility.java:1)
at org.openqa.selenium.support.ui.FluentWait.until(FluentWait.java:211)
at com.atmecs.helper.CommonUtility.getText(CommonUtility.java:177)
at com.atmecs.general.AtmecsHomePage.isFooterPresent(AtmecsHomePage.java:80)
at com.atmecs.testscript.AtmecsHomePageScript.validateCarrersFooter(AtmecsHomePageScript.java:92)
at sun.reflect.NativeMethodAccessorImpl.invoke0(Native Method)
at sun.reflect.NativeMethodAccessorImpl.invoke(NativeMethodAccessorImpl.java:62)
at sun.reflect.DelegatingMethodAccessorImpl.invoke(DelegatingMethodAccessorImpl.java:43)
at java.lang.reflect.Method.invoke(Method.java:498)
at org.testng.internal.MethodInvocationHelper.invokeMethod(MethodInvocationHelper.java:133)
at org.testng.internal.TestInvoker.invokeMethod(TestInvoker.java:584)
at org.testng.internal.TestInvoker.invokeTestMethod(TestInvoker.java:172)
at org.testng.internal.MethodRunner.runInSequence(MethodRunner.java:46)
at org.testng.internal.TestInvoker$MethodInvocationAgent.invoke(TestInvoker.java:804)
at org.testng.internal.TestInvoker.invokeTestMethods(TestInvoker.java:145)
at org.testng.internal.TestMethodWorker.invokeTestMethods(TestMethodWorker.java:146)
at org.testng.internal.TestMethodWorker.run(TestMethodWorker.java:128)
at java.util.ArrayList.forEach(ArrayList.java:1257)
at org.testng.TestRunner.privateRun(TestRunner.java:770)
at org.testng.TestRunner.run(TestRunner.java:591)
at org.testng.SuiteRunner.runTest(SuiteRunner.java:402)
at org.testng.SuiteRunner.runSequentially(SuiteRunner.java:396)
at org.testng.SuiteRunner.privateRun(SuiteRunner.java:355)
at org.testng.SuiteRunner.run(SuiteRunner.java:304)
at org.testng.SuiteRunnerWorker.runSuite(SuiteRunnerWorker.java:53)
at org.testng.SuiteRunnerWorker.run(SuiteRunnerWorker.java:96)
at org.testng.TestNG.runSuitesSequentially(TestNG.java:1180)
at org.testng.TestNG.runSuitesLocally(TestNG.java:1102)
at org.testng.TestNG.runSuites(TestNG.java:1032)
at org.testng.TestNG.run(TestNG.java:1000)
at org.testng.remote.AbstractRemoteTestNG.run(AbstractRemoteTestNG.java:115)
at org.testng.remote.RemoteTestNG.initAndRun(RemoteTestNG.java:251)
at org.testng.remote.RemoteTestNG.main(RemoteTestNG.java:77)
]]>
    </error>
  </testcase> <!-- validateCarrersFooter -->
  <testcase name="validateCarrersFooter" time="0.042" classname="com.atmecs.testscript.AtmecsHomePageScript">
    <error type="org.openqa.selenium.NoSuchWindowException" message="Currently focused window has been closed.
Build info: version: &#039;4.0.0-alpha-2&#039;, revision: &#039;f148142cf8&#039;, time: &#039;2019-07-01T20:55:26&#039;
System info: host: &#039;ATMECSINLT-283&#039;, ip: &#039;55.55.52.215&#039;, os.name: &#039;Windows 10&#039;, os.arch: &#039;amd64&#039;, os.version: &#039;10.0&#039;, java.version: &#039;1.8.0_221&#039;
Driver info: org.openqa.selenium.ie.InternetExplorerDriver
Capabilities {acceptInsecureCerts: false, browserName: internet explorer, browserVersion: 11, javascriptEnabled: true, pageLoadStrategy: normal, platform: WINDOWS, platformName: WINDOWS, proxy: Proxy(), se:ieOptions: {browserAttachTimeout: 0, elementScrollBehavior: 0, enablePersistentHover: true, ie.browserCommandLineSwitches: , ie.ensureCleanSession: false, ie.fileUploadDialogTimeout: 3000, ie.forceCreateProcessApi: false, ignoreProtectedModeSettings: false, ignoreZoomSetting: false, initialBrowserUrl: http://localhost:2124/, nativeEvents: true, requireWindowFocus: false}, setWindowRect: true, timeouts: {implicit: 0, pageLoad: 300000, script: 30000}}
Session ID: 055d0f1f-16b1-4577-b4c8-1028878473d8
*** Element info: {Using=xpath, value=//div[@id=&#039;footer&#039;]//a[contains(text(),&#039;US R&amp;D Center&#039;)]}">
      <![CDATA[org.openqa.selenium.NoSuchWindowException: Currently focused window has been closed.
Build info: version: '4.0.0-alpha-2', revision: 'f148142cf8', time: '2019-07-01T20:55:26'
System info: host: 'ATMECSINLT-283', ip: '55.55.52.215', os.name: 'Windows 10', os.arch: 'amd64', os.version: '10.0', java.version: '1.8.0_221'
Driver info: org.openqa.selenium.ie.InternetExplorerDriver
Capabilities {acceptInsecureCerts: false, browserName: internet explorer, browserVersion: 11, javascriptEnabled: true, pageLoadStrategy: normal, platform: WINDOWS, platformName: WINDOWS, proxy: Proxy(), se:ieOptions: {browserAttachTimeout: 0, elementScrollBehavior: 0, enablePersistentHover: true, ie.browserCommandLineSwitches: , ie.ensureCleanSession: false, ie.fileUploadDialogTimeout: 3000, ie.forceCreateProcessApi: false, ignoreProtectedModeSettings: false, ignoreZoomSetting: false, initialBrowserUrl: http://localhost:2124/, nativeEvents: true, requireWindowFocus: false}, setWindowRect: true, timeouts: {implicit: 0, pageLoad: 300000, script: 30000}}
Session ID: 055d0f1f-16b1-4577-b4c8-1028878473d8
*** Element info: {Using=xpath, value=//div[@id='footer']//a[contains(text(),'US R&D Center')]}
at sun.reflect.GeneratedConstructorAccessor25.newInstance(Unknown Source)
at sun.reflect.DelegatingConstructorAccessorImpl.newInstance(DelegatingConstructorAccessorImpl.java:45)
at java.lang.reflect.Constructor.newInstance(Constructor.java:423)
at org.openqa.selenium.remote.codec.w3c.W3CHttpResponseCodec.createException(W3CHttpResponseCodec.java:191)
at org.openqa.selenium.remote.codec.w3c.W3CHttpResponseCodec.decode(W3CHttpResponseCodec.java:125)
at org.openqa.selenium.remote.codec.w3c.W3CHttpResponseCodec.decode(W3CHttpResponseCodec.java:52)
at org.openqa.selenium.remote.HttpCommandExecutor.execute(HttpCommandExecutor.java:161)
at org.openqa.selenium.remote.service.DriverCommandExecutor.execute(DriverCommandExecutor.java:83)
at org.openqa.selenium.remote.RemoteWebDriver.execute(RemoteWebDriver.java:576)
at org.openqa.selenium.remote.RemoteWebDriver.findElement(RemoteWebDriver.java:327)
at org.openqa.selenium.remote.RemoteWebDriver.findElementByXPath(RemoteWebDriver.java:445)
at org.openqa.selenium.By$ByXPath.findElement(By.java:353)
at org.openqa.selenium.remote.RemoteWebDriver.findElement(RemoteWebDriver.java:319)
at com.atmecs.helper.CommonUtility.locatorsType(CommonUtility.java:49)
at com.atmecs.helper.CommonUtility$4.apply(CommonUtility.java:180)
at com.atmecs.helper.CommonUtility$4.apply(CommonUtility.java:1)
at org.openqa.selenium.support.ui.FluentWait.until(FluentWait.java:211)
at com.atmecs.helper.CommonUtility.getText(CommonUtility.java:177)
at com.atmecs.general.AtmecsHomePage.isFooterPresent(AtmecsHomePage.java:80)
at com.atmecs.testscript.AtmecsHomePageScript.validateCarrersFooter(AtmecsHomePageScript.java:92)
at sun.reflect.NativeMethodAccessorImpl.invoke0(Native Method)
at sun.reflect.NativeMethodAccessorImpl.invoke(NativeMethodAccessorImpl.java:62)
at sun.reflect.DelegatingMethodAccessorImpl.invoke(DelegatingMethodAccessorImpl.java:43)
at java.lang.reflect.Method.invoke(Method.java:498)
at org.testng.internal.MethodInvocationHelper.invokeMethod(MethodInvocationHelper.java:133)
at org.testng.internal.TestInvoker.invokeMethod(TestInvoker.java:584)
at org.testng.internal.TestInvoker.invokeTestMethod(TestInvoker.java:172)
at org.testng.internal.MethodRunner.runInSequence(MethodRunner.java:46)
at org.testng.internal.TestInvoker$MethodInvocationAgent.invoke(TestInvoker.java:804)
at org.testng.internal.TestInvoker.invokeTestMethods(TestInvoker.java:145)
at org.testng.internal.TestMethodWorker.invokeTestMethods(TestMethodWorker.java:146)
at org.testng.internal.TestMethodWorker.run(TestMethodWorker.java:128)
at java.util.ArrayList.forEach(ArrayList.java:1257)
at org.testng.TestRunner.privateRun(TestRunner.java:770)
at org.testng.TestRunner.run(TestRunner.java:591)
at org.testng.SuiteRunner.runTest(SuiteRunner.java:402)
at org.testng.SuiteRunner.runSequentially(SuiteRunner.java:396)
at org.testng.SuiteRunner.privateRun(SuiteRunner.java:355)
at org.testng.SuiteRunner.run(SuiteRunner.java:304)
at org.testng.SuiteRunnerWorker.runSuite(SuiteRunnerWorker.java:53)
at org.testng.SuiteRunnerWorker.run(SuiteRunnerWorker.java:96)
at org.testng.TestNG.runSuitesSequentially(TestNG.java:1180)
at org.testng.TestNG.runSuitesLocally(TestNG.java:1102)
at org.testng.TestNG.runSuites(TestNG.java:1032)
at org.testng.TestNG.run(TestNG.java:1000)
at org.testng.remote.AbstractRemoteTestNG.run(AbstractRemoteTestNG.java:115)
at org.testng.remote.RemoteTestNG.initAndRun(RemoteTestNG.java:251)
at org.testng.remote.RemoteTestNG.main(RemoteTestNG.java:77)
]]>
    </error>
  </testcase> <!-- validateCarrersFooter -->
  <testcase name="validateCarrersFooter" time="0.022" classname="com.atmecs.testscript.AtmecsHomePageScript">
    <error type="org.openqa.selenium.NoSuchWindowException" message="Currently focused window has been closed.
Build info: version: &#039;4.0.0-alpha-2&#039;, revision: &#039;f148142cf8&#039;, time: &#039;2019-07-01T20:55:26&#039;
System info: host: &#039;ATMECSINLT-283&#039;, ip: &#039;55.55.52.215&#039;, os.name: &#039;Windows 10&#039;, os.arch: &#039;amd64&#039;, os.version: &#039;10.0&#039;, java.version: &#039;1.8.0_221&#039;
Driver info: org.openqa.selenium.ie.InternetExplorerDriver
Capabilities {acceptInsecureCerts: false, browserName: internet explorer, browserVersion: 11, javascriptEnabled: true, pageLoadStrategy: normal, platform: WINDOWS, platformName: WINDOWS, proxy: Proxy(), se:ieOptions: {browserAttachTimeout: 0, elementScrollBehavior: 0, enablePersistentHover: true, ie.browserCommandLineSwitches: , ie.ensureCleanSession: false, ie.fileUploadDialogTimeout: 3000, ie.forceCreateProcessApi: false, ignoreProtectedModeSettings: false, ignoreZoomSetting: false, initialBrowserUrl: http://localhost:2124/, nativeEvents: true, requireWindowFocus: false}, setWindowRect: true, timeouts: {implicit: 0, pageLoad: 300000, script: 30000}}
Session ID: 055d0f1f-16b1-4577-b4c8-1028878473d8
*** Element info: {Using=xpath, value=//div[@id=&#039;footer&#039;]//a[contains(text(),&#039;Automation Engineer&#039;)]}">
      <![CDATA[org.openqa.selenium.NoSuchWindowException: Currently focused window has been closed.
Build info: version: '4.0.0-alpha-2', revision: 'f148142cf8', time: '2019-07-01T20:55:26'
System info: host: 'ATMECSINLT-283', ip: '55.55.52.215', os.name: 'Windows 10', os.arch: 'amd64', os.version: '10.0', java.version: '1.8.0_221'
Driver info: org.openqa.selenium.ie.InternetExplorerDriver
Capabilities {acceptInsecureCerts: false, browserName: internet explorer, browserVersion: 11, javascriptEnabled: true, pageLoadStrategy: normal, platform: WINDOWS, platformName: WINDOWS, proxy: Proxy(), se:ieOptions: {browserAttachTimeout: 0, elementScrollBehavior: 0, enablePersistentHover: true, ie.browserCommandLineSwitches: , ie.ensureCleanSession: false, ie.fileUploadDialogTimeout: 3000, ie.forceCreateProcessApi: false, ignoreProtectedModeSettings: false, ignoreZoomSetting: false, initialBrowserUrl: http://localhost:2124/, nativeEvents: true, requireWindowFocus: false}, setWindowRect: true, timeouts: {implicit: 0, pageLoad: 300000, script: 30000}}
Session ID: 055d0f1f-16b1-4577-b4c8-1028878473d8
*** Element info: {Using=xpath, value=//div[@id='footer']//a[contains(text(),'Automation Engineer')]}
at sun.reflect.GeneratedConstructorAccessor25.newInstance(Unknown Source)
at sun.reflect.DelegatingConstructorAccessorImpl.newInstance(DelegatingConstructorAccessorImpl.java:45)
at java.lang.reflect.Constructor.newInstance(Constructor.java:423)
at org.openqa.selenium.remote.codec.w3c.W3CHttpResponseCodec.createException(W3CHttpResponseCodec.java:191)
at org.openqa.selenium.remote.codec.w3c.W3CHttpResponseCodec.decode(W3CHttpResponseCodec.java:125)
at org.openqa.selenium.remote.codec.w3c.W3CHttpResponseCodec.decode(W3CHttpResponseCodec.java:52)
at org.openqa.selenium.remote.HttpCommandExecutor.execute(HttpCommandExecutor.java:161)
at org.openqa.selenium.remote.service.DriverCommandExecutor.execute(DriverCommandExecutor.java:83)
at org.openqa.selenium.remote.RemoteWebDriver.execute(RemoteWebDriver.java:576)
at org.openqa.selenium.remote.RemoteWebDriver.findElement(RemoteWebDriver.java:327)
at org.openqa.selenium.remote.RemoteWebDriver.findElementByXPath(RemoteWebDriver.java:445)
at org.openqa.selenium.By$ByXPath.findElement(By.java:353)
at org.openqa.selenium.remote.RemoteWebDriver.findElement(RemoteWebDriver.java:319)
at com.atmecs.helper.CommonUtility.locatorsType(CommonUtility.java:49)
at com.atmecs.helper.CommonUtility$4.apply(CommonUtility.java:180)
at com.atmecs.helper.CommonUtility$4.apply(CommonUtility.java:1)
at org.openqa.selenium.support.ui.FluentWait.until(FluentWait.java:211)
at com.atmecs.helper.CommonUtility.getText(CommonUtility.java:177)
at com.atmecs.general.AtmecsHomePage.isFooterPresent(AtmecsHomePage.java:80)
at com.atmecs.testscript.AtmecsHomePageScript.validateCarrersFooter(AtmecsHomePageScript.java:92)
at sun.reflect.NativeMethodAccessorImpl.invoke0(Native Method)
at sun.reflect.NativeMethodAccessorImpl.invoke(NativeMethodAccessorImpl.java:62)
at sun.reflect.DelegatingMethodAccessorImpl.invoke(DelegatingMethodAccessorImpl.java:43)
at java.lang.reflect.Method.invoke(Method.java:498)
at org.testng.internal.MethodInvocationHelper.invokeMethod(MethodInvocationHelper.java:133)
at org.testng.internal.TestInvoker.invokeMethod(TestInvoker.java:584)
at org.testng.internal.TestInvoker.invokeTestMethod(TestInvoker.java:172)
at org.testng.internal.MethodRunner.runInSequence(MethodRunner.java:46)
at org.testng.internal.TestInvoker$MethodInvocationAgent.invoke(TestInvoker.java:804)
at org.testng.internal.TestInvoker.invokeTestMethods(TestInvoker.java:145)
at org.testng.internal.TestMethodWorker.invokeTestMethods(TestMethodWorker.java:146)
at org.testng.internal.TestMethodWorker.run(TestMethodWorker.java:128)
at java.util.ArrayList.forEach(ArrayList.java:1257)
at org.testng.TestRunner.privateRun(TestRunner.java:770)
at org.testng.TestRunner.run(TestRunner.java:591)
at org.testng.SuiteRunner.runTest(SuiteRunner.java:402)
at org.testng.SuiteRunner.runSequentially(SuiteRunner.java:396)
at org.testng.SuiteRunner.privateRun(SuiteRunner.java:355)
at org.testng.SuiteRunner.run(SuiteRunner.java:304)
at org.testng.SuiteRunnerWorker.runSuite(SuiteRunnerWorker.java:53)
at org.testng.SuiteRunnerWorker.run(SuiteRunnerWorker.java:96)
at org.testng.TestNG.runSuitesSequentially(TestNG.java:1180)
at org.testng.TestNG.runSuitesLocally(TestNG.java:1102)
at org.testng.TestNG.runSuites(TestNG.java:1032)
at org.testng.TestNG.run(TestNG.java:1000)
at org.testng.remote.AbstractRemoteTestNG.run(AbstractRemoteTestNG.java:115)
at org.testng.remote.RemoteTestNG.initAndRun(RemoteTestNG.java:251)
at org.testng.remote.RemoteTestNG.main(RemoteTestNG.java:77)
]]>
    </error>
  </testcase> <!-- validateCarrersFooter -->
  <testcase name="validateCarrersFooter" time="0.031" classname="com.atmecs.testscript.AtmecsHomePageScript">
    <error type="org.openqa.selenium.NoSuchWindowException" message="Currently focused window has been closed.
Build info: version: &#039;4.0.0-alpha-2&#039;, revision: &#039;f148142cf8&#039;, time: &#039;2019-07-01T20:55:26&#039;
System info: host: &#039;ATMECSINLT-283&#039;, ip: &#039;55.55.52.215&#039;, os.name: &#039;Windows 10&#039;, os.arch: &#039;amd64&#039;, os.version: &#039;10.0&#039;, java.version: &#039;1.8.0_221&#039;
Driver info: org.openqa.selenium.ie.InternetExplorerDriver
Capabilities {acceptInsecureCerts: false, browserName: internet explorer, browserVersion: 11, javascriptEnabled: true, pageLoadStrategy: normal, platform: WINDOWS, platformName: WINDOWS, proxy: Proxy(), se:ieOptions: {browserAttachTimeout: 0, elementScrollBehavior: 0, enablePersistentHover: true, ie.browserCommandLineSwitches: , ie.ensureCleanSession: false, ie.fileUploadDialogTimeout: 3000, ie.forceCreateProcessApi: false, ignoreProtectedModeSettings: false, ignoreZoomSetting: false, initialBrowserUrl: http://localhost:2124/, nativeEvents: true, requireWindowFocus: false}, setWindowRect: true, timeouts: {implicit: 0, pageLoad: 300000, script: 30000}}
Session ID: 055d0f1f-16b1-4577-b4c8-1028878473d8
*** Element info: {Using=xpath, value=//div[@id=&#039;footer&#039;]//a[contains(text(),&#039;Services&#039;)]}">
      <![CDATA[org.openqa.selenium.NoSuchWindowException: Currently focused window has been closed.
Build info: version: '4.0.0-alpha-2', revision: 'f148142cf8', time: '2019-07-01T20:55:26'
System info: host: 'ATMECSINLT-283', ip: '55.55.52.215', os.name: 'Windows 10', os.arch: 'amd64', os.version: '10.0', java.version: '1.8.0_221'
Driver info: org.openqa.selenium.ie.InternetExplorerDriver
Capabilities {acceptInsecureCerts: false, browserName: internet explorer, browserVersion: 11, javascriptEnabled: true, pageLoadStrategy: normal, platform: WINDOWS, platformName: WINDOWS, proxy: Proxy(), se:ieOptions: {browserAttachTimeout: 0, elementScrollBehavior: 0, enablePersistentHover: true, ie.browserCommandLineSwitches: , ie.ensureCleanSession: false, ie.fileUploadDialogTimeout: 3000, ie.forceCreateProcessApi: false, ignoreProtectedModeSettings: false, ignoreZoomSetting: false, initialBrowserUrl: http://localhost:2124/, nativeEvents: true, requireWindowFocus: false}, setWindowRect: true, timeouts: {implicit: 0, pageLoad: 300000, script: 30000}}
Session ID: 055d0f1f-16b1-4577-b4c8-1028878473d8
*** Element info: {Using=xpath, value=//div[@id='footer']//a[contains(text(),'Services')]}
at sun.reflect.GeneratedConstructorAccessor25.newInstance(Unknown Source)
at sun.reflect.DelegatingConstructorAccessorImpl.newInstance(DelegatingConstructorAccessorImpl.java:45)
at java.lang.reflect.Constructor.newInstance(Constructor.java:423)
at org.openqa.selenium.remote.codec.w3c.W3CHttpResponseCodec.createException(W3CHttpResponseCodec.java:191)
at org.openqa.selenium.remote.codec.w3c.W3CHttpResponseCodec.decode(W3CHttpResponseCodec.java:125)
at org.openqa.selenium.remote.codec.w3c.W3CHttpResponseCodec.decode(W3CHttpResponseCodec.java:52)
at org.openqa.selenium.remote.HttpCommandExecutor.execute(HttpCommandExecutor.java:161)
at org.openqa.selenium.remote.service.DriverCommandExecutor.execute(DriverCommandExecutor.java:83)
at org.openqa.selenium.remote.RemoteWebDriver.execute(RemoteWebDriver.java:576)
at org.openqa.selenium.remote.RemoteWebDriver.findElement(RemoteWebDriver.java:327)
at org.openqa.selenium.remote.RemoteWebDriver.findElementByXPath(RemoteWebDriver.java:445)
at org.openqa.selenium.By$ByXPath.findElement(By.java:353)
at org.openqa.selenium.remote.RemoteWebDriver.findElement(RemoteWebDriver.java:319)
at com.atmecs.helper.CommonUtility.locatorsType(CommonUtility.java:49)
at com.atmecs.helper.CommonUtility$4.apply(CommonUtility.java:180)
at com.atmecs.helper.CommonUtility$4.apply(CommonUtility.java:1)
at org.openqa.selenium.support.ui.FluentWait.until(FluentWait.java:211)
at com.atmecs.helper.CommonUtility.getText(CommonUtility.java:177)
at com.atmecs.general.AtmecsHomePage.isFooterPresent(AtmecsHomePage.java:80)
at com.atmecs.testscript.AtmecsHomePageScript.validateCarrersFooter(AtmecsHomePageScript.java:92)
at sun.reflect.NativeMethodAccessorImpl.invoke0(Native Method)
at sun.reflect.NativeMethodAccessorImpl.invoke(NativeMethodAccessorImpl.java:62)
at sun.reflect.DelegatingMethodAccessorImpl.invoke(DelegatingMethodAccessorImpl.java:43)
at java.lang.reflect.Method.invoke(Method.java:498)
at org.testng.internal.MethodInvocationHelper.invokeMethod(MethodInvocationHelper.java:133)
at org.testng.internal.TestInvoker.invokeMethod(TestInvoker.java:584)
at org.testng.internal.TestInvoker.invokeTestMethod(TestInvoker.java:172)
at org.testng.internal.MethodRunner.runInSequence(MethodRunner.java:46)
at org.testng.internal.TestInvoker$MethodInvocationAgent.invoke(TestInvoker.java:804)
at org.testng.internal.TestInvoker.invokeTestMethods(TestInvoker.java:145)
at org.testng.internal.TestMethodWorker.invokeTestMethods(TestMethodWorker.java:146)
at org.testng.internal.TestMethodWorker.run(TestMethodWorker.java:128)
at java.util.ArrayList.forEach(ArrayList.java:1257)
at org.testng.TestRunner.privateRun(TestRunner.java:770)
at org.testng.TestRunner.run(TestRunner.java:591)
at org.testng.SuiteRunner.runTest(SuiteRunner.java:402)
at org.testng.SuiteRunner.runSequentially(SuiteRunner.java:396)
at org.testng.SuiteRunner.privateRun(SuiteRunner.java:355)
at org.testng.SuiteRunner.run(SuiteRunner.java:304)
at org.testng.SuiteRunnerWorker.runSuite(SuiteRunnerWorker.java:53)
at org.testng.SuiteRunnerWorker.run(SuiteRunnerWorker.java:96)
at org.testng.TestNG.runSuitesSequentially(TestNG.java:1180)
at org.testng.TestNG.runSuitesLocally(TestNG.java:1102)
at org.testng.TestNG.runSuites(TestNG.java:1032)
at org.testng.TestNG.run(TestNG.java:1000)
at org.testng.remote.AbstractRemoteTestNG.run(AbstractRemoteTestNG.java:115)
at org.testng.remote.RemoteTestNG.initAndRun(RemoteTestNG.java:251)
at org.testng.remote.RemoteTestNG.main(RemoteTestNG.java:77)
]]>
    </error>
  </testcase> <!-- validateCarrersFooter -->
  <testcase name="validateCarrersFooter" time="0.031" classname="com.atmecs.testscript.AtmecsHomePageScript">
    <error type="org.openqa.selenium.NoSuchWindowException" message="Currently focused window has been closed.
Build info: version: &#039;4.0.0-alpha-2&#039;, revision: &#039;f148142cf8&#039;, time: &#039;2019-07-01T20:55:26&#039;
System info: host: &#039;ATMECSINLT-283&#039;, ip: &#039;55.55.52.215&#039;, os.name: &#039;Windows 10&#039;, os.arch: &#039;amd64&#039;, os.version: &#039;10.0&#039;, java.version: &#039;1.8.0_221&#039;
Driver info: org.openqa.selenium.ie.InternetExplorerDriver
Capabilities {acceptInsecureCerts: false, browserName: internet explorer, browserVersion: 11, javascriptEnabled: true, pageLoadStrategy: normal, platform: WINDOWS, platformName: WINDOWS, proxy: Proxy(), se:ieOptions: {browserAttachTimeout: 0, elementScrollBehavior: 0, enablePersistentHover: true, ie.browserCommandLineSwitches: , ie.ensureCleanSession: false, ie.fileUploadDialogTimeout: 3000, ie.forceCreateProcessApi: false, ignoreProtectedModeSettings: false, ignoreZoomSetting: false, initialBrowserUrl: http://localhost:2124/, nativeEvents: true, requireWindowFocus: false}, setWindowRect: true, timeouts: {implicit: 0, pageLoad: 300000, script: 30000}}
Session ID: 055d0f1f-16b1-4577-b4c8-1028878473d8
*** Element info: {Using=xpath, value=//div[@id=&#039;footer&#039;]//a[contains(text(),&#039;US Headquarters&#039;)]}">
      <![CDATA[org.openqa.selenium.NoSuchWindowException: Currently focused window has been closed.
Build info: version: '4.0.0-alpha-2', revision: 'f148142cf8', time: '2019-07-01T20:55:26'
System info: host: 'ATMECSINLT-283', ip: '55.55.52.215', os.name: 'Windows 10', os.arch: 'amd64', os.version: '10.0', java.version: '1.8.0_221'
Driver info: org.openqa.selenium.ie.InternetExplorerDriver
Capabilities {acceptInsecureCerts: false, browserName: internet explorer, browserVersion: 11, javascriptEnabled: true, pageLoadStrategy: normal, platform: WINDOWS, platformName: WINDOWS, proxy: Proxy(), se:ieOptions: {browserAttachTimeout: 0, elementScrollBehavior: 0, enablePersistentHover: true, ie.browserCommandLineSwitches: , ie.ensureCleanSession: false, ie.fileUploadDialogTimeout: 3000, ie.forceCreateProcessApi: false, ignoreProtectedModeSettings: false, ignoreZoomSetting: false, initialBrowserUrl: http://localhost:2124/, nativeEvents: true, requireWindowFocus: false}, setWindowRect: true, timeouts: {implicit: 0, pageLoad: 300000, script: 30000}}
Session ID: 055d0f1f-16b1-4577-b4c8-1028878473d8
*** Element info: {Using=xpath, value=//div[@id='footer']//a[contains(text(),'US Headquarters')]}
at sun.reflect.GeneratedConstructorAccessor25.newInstance(Unknown Source)
at sun.reflect.DelegatingConstructorAccessorImpl.newInstance(DelegatingConstructorAccessorImpl.java:45)
at java.lang.reflect.Constructor.newInstance(Constructor.java:423)
at org.openqa.selenium.remote.codec.w3c.W3CHttpResponseCodec.createException(W3CHttpResponseCodec.java:191)
at org.openqa.selenium.remote.codec.w3c.W3CHttpResponseCodec.decode(W3CHttpResponseCodec.java:125)
at org.openqa.selenium.remote.codec.w3c.W3CHttpResponseCodec.decode(W3CHttpResponseCodec.java:52)
at org.openqa.selenium.remote.HttpCommandExecutor.execute(HttpCommandExecutor.java:161)
at org.openqa.selenium.remote.service.DriverCommandExecutor.execute(DriverCommandExecutor.java:83)
at org.openqa.selenium.remote.RemoteWebDriver.execute(RemoteWebDriver.java:576)
at org.openqa.selenium.remote.RemoteWebDriver.findElement(RemoteWebDriver.java:327)
at org.openqa.selenium.remote.RemoteWebDriver.findElementByXPath(RemoteWebDriver.java:445)
at org.openqa.selenium.By$ByXPath.findElement(By.java:353)
at org.openqa.selenium.remote.RemoteWebDriver.findElement(RemoteWebDriver.java:319)
at com.atmecs.helper.CommonUtility.locatorsType(CommonUtility.java:49)
at com.atmecs.helper.CommonUtility$4.apply(CommonUtility.java:180)
at com.atmecs.helper.CommonUtility$4.apply(CommonUtility.java:1)
at org.openqa.selenium.support.ui.FluentWait.until(FluentWait.java:211)
at com.atmecs.helper.CommonUtility.getText(CommonUtility.java:177)
at com.atmecs.general.AtmecsHomePage.isFooterPresent(AtmecsHomePage.java:80)
at com.atmecs.testscript.AtmecsHomePageScript.validateCarrersFooter(AtmecsHomePageScript.java:92)
at sun.reflect.NativeMethodAccessorImpl.invoke0(Native Method)
at sun.reflect.NativeMethodAccessorImpl.invoke(NativeMethodAccessorImpl.java:62)
at sun.reflect.DelegatingMethodAccessorImpl.invoke(DelegatingMethodAccessorImpl.java:43)
at java.lang.reflect.Method.invoke(Method.java:498)
at org.testng.internal.MethodInvocationHelper.invokeMethod(MethodInvocationHelper.java:133)
at org.testng.internal.TestInvoker.invokeMethod(TestInvoker.java:584)
at org.testng.internal.TestInvoker.invokeTestMethod(TestInvoker.java:172)
at org.testng.internal.MethodRunner.runInSequence(MethodRunner.java:46)
at org.testng.internal.TestInvoker$MethodInvocationAgent.invoke(TestInvoker.java:804)
at org.testng.internal.TestInvoker.invokeTestMethods(TestInvoker.java:145)
at org.testng.internal.TestMethodWorker.invokeTestMethods(TestMethodWorker.java:146)
at org.testng.internal.TestMethodWorker.run(TestMethodWorker.java:128)
at java.util.ArrayList.forEach(ArrayList.java:1257)
at org.testng.TestRunner.privateRun(TestRunner.java:770)
at org.testng.TestRunner.run(TestRunner.java:591)
at org.testng.SuiteRunner.runTest(SuiteRunner.java:402)
at org.testng.SuiteRunner.runSequentially(SuiteRunner.java:396)
at org.testng.SuiteRunner.privateRun(SuiteRunner.java:355)
at org.testng.SuiteRunner.run(SuiteRunner.java:304)
at org.testng.SuiteRunnerWorker.runSuite(SuiteRunnerWorker.java:53)
at org.testng.SuiteRunnerWorker.run(SuiteRunnerWorker.java:96)
at org.testng.TestNG.runSuitesSequentially(TestNG.java:1180)
at org.testng.TestNG.runSuitesLocally(TestNG.java:1102)
at org.testng.TestNG.runSuites(TestNG.java:1032)
at org.testng.TestNG.run(TestNG.java:1000)
at org.testng.remote.AbstractRemoteTestNG.run(AbstractRemoteTestNG.java:115)
at org.testng.remote.RemoteTestNG.initAndRun(RemoteTestNG.java:251)
at org.testng.remote.RemoteTestNG.main(RemoteTestNG.java:77)
]]>
    </error>
  </testcase> <!-- validateCarrersFooter -->
  <testcase name="validateCarrersFooter" time="0.037" classname="com.atmecs.testscript.AtmecsHomePageScript">
    <error type="org.openqa.selenium.NoSuchWindowException" message="Currently focused window has been closed.
Build info: version: &#039;4.0.0-alpha-2&#039;, revision: &#039;f148142cf8&#039;, time: &#039;2019-07-01T20:55:26&#039;
System info: host: &#039;ATMECSINLT-283&#039;, ip: &#039;55.55.52.215&#039;, os.name: &#039;Windows 10&#039;, os.arch: &#039;amd64&#039;, os.version: &#039;10.0&#039;, java.version: &#039;1.8.0_221&#039;
Driver info: org.openqa.selenium.ie.InternetExplorerDriver
Capabilities {acceptInsecureCerts: false, browserName: internet explorer, browserVersion: 11, javascriptEnabled: true, pageLoadStrategy: normal, platform: WINDOWS, platformName: WINDOWS, proxy: Proxy(), se:ieOptions: {browserAttachTimeout: 0, elementScrollBehavior: 0, enablePersistentHover: true, ie.browserCommandLineSwitches: , ie.ensureCleanSession: false, ie.fileUploadDialogTimeout: 3000, ie.forceCreateProcessApi: false, ignoreProtectedModeSettings: false, ignoreZoomSetting: false, initialBrowserUrl: http://localhost:2124/, nativeEvents: true, requireWindowFocus: false}, setWindowRect: true, timeouts: {implicit: 0, pageLoad: 300000, script: 30000}}
Session ID: 055d0f1f-16b1-4577-b4c8-1028878473d8
*** Element info: {Using=xpath, value=//div[@id=&#039;footer&#039;]//a[contains(text(),&#039;About Us&#039;)]}">
      <![CDATA[org.openqa.selenium.NoSuchWindowException: Currently focused window has been closed.
Build info: version: '4.0.0-alpha-2', revision: 'f148142cf8', time: '2019-07-01T20:55:26'
System info: host: 'ATMECSINLT-283', ip: '55.55.52.215', os.name: 'Windows 10', os.arch: 'amd64', os.version: '10.0', java.version: '1.8.0_221'
Driver info: org.openqa.selenium.ie.InternetExplorerDriver
Capabilities {acceptInsecureCerts: false, browserName: internet explorer, browserVersion: 11, javascriptEnabled: true, pageLoadStrategy: normal, platform: WINDOWS, platformName: WINDOWS, proxy: Proxy(), se:ieOptions: {browserAttachTimeout: 0, elementScrollBehavior: 0, enablePersistentHover: true, ie.browserCommandLineSwitches: , ie.ensureCleanSession: false, ie.fileUploadDialogTimeout: 3000, ie.forceCreateProcessApi: false, ignoreProtectedModeSettings: false, ignoreZoomSetting: false, initialBrowserUrl: http://localhost:2124/, nativeEvents: true, requireWindowFocus: false}, setWindowRect: true, timeouts: {implicit: 0, pageLoad: 300000, script: 30000}}
Session ID: 055d0f1f-16b1-4577-b4c8-1028878473d8
*** Element info: {Using=xpath, value=//div[@id='footer']//a[contains(text(),'About Us')]}
at sun.reflect.GeneratedConstructorAccessor25.newInstance(Unknown Source)
at sun.reflect.DelegatingConstructorAccessorImpl.newInstance(DelegatingConstructorAccessorImpl.java:45)
at java.lang.reflect.Constructor.newInstance(Constructor.java:423)
at org.openqa.selenium.remote.codec.w3c.W3CHttpResponseCodec.createException(W3CHttpResponseCodec.java:191)
at org.openqa.selenium.remote.codec.w3c.W3CHttpResponseCodec.decode(W3CHttpResponseCodec.java:125)
at org.openqa.selenium.remote.codec.w3c.W3CHttpResponseCodec.decode(W3CHttpResponseCodec.java:52)
at org.openqa.selenium.remote.HttpCommandExecutor.execute(HttpCommandExecutor.java:161)
at org.openqa.selenium.remote.service.DriverCommandExecutor.execute(DriverCommandExecutor.java:83)
at org.openqa.selenium.remote.RemoteWebDriver.execute(RemoteWebDriver.java:576)
at org.openqa.selenium.remote.RemoteWebDriver.findElement(RemoteWebDriver.java:327)
at org.openqa.selenium.remote.RemoteWebDriver.findElementByXPath(RemoteWebDriver.java:445)
at org.openqa.selenium.By$ByXPath.findElement(By.java:353)
at org.openqa.selenium.remote.RemoteWebDriver.findElement(RemoteWebDriver.java:319)
at com.atmecs.helper.CommonUtility.locatorsType(CommonUtility.java:49)
at com.atmecs.helper.CommonUtility$4.apply(CommonUtility.java:180)
at com.atmecs.helper.CommonUtility$4.apply(CommonUtility.java:1)
at org.openqa.selenium.support.ui.FluentWait.until(FluentWait.java:211)
at com.atmecs.helper.CommonUtility.getText(CommonUtility.java:177)
at com.atmecs.general.AtmecsHomePage.isFooterPresent(AtmecsHomePage.java:80)
at com.atmecs.testscript.AtmecsHomePageScript.validateCarrersFooter(AtmecsHomePageScript.java:92)
at sun.reflect.NativeMethodAccessorImpl.invoke0(Native Method)
at sun.reflect.NativeMethodAccessorImpl.invoke(NativeMethodAccessorImpl.java:62)
at sun.reflect.DelegatingMethodAccessorImpl.invoke(DelegatingMethodAccessorImpl.java:43)
at java.lang.reflect.Method.invoke(Method.java:498)
at org.testng.internal.MethodInvocationHelper.invokeMethod(MethodInvocationHelper.java:133)
at org.testng.internal.TestInvoker.invokeMethod(TestInvoker.java:584)
at org.testng.internal.TestInvoker.invokeTestMethod(TestInvoker.java:172)
at org.testng.internal.MethodRunner.runInSequence(MethodRunner.java:46)
at org.testng.internal.TestInvoker$MethodInvocationAgent.invoke(TestInvoker.java:804)
at org.testng.internal.TestInvoker.invokeTestMethods(TestInvoker.java:145)
at org.testng.internal.TestMethodWorker.invokeTestMethods(TestMethodWorker.java:146)
at org.testng.internal.TestMethodWorker.run(TestMethodWorker.java:128)
at java.util.ArrayList.forEach(ArrayList.java:1257)
at org.testng.TestRunner.privateRun(TestRunner.java:770)
at org.testng.TestRunner.run(TestRunner.java:591)
at org.testng.SuiteRunner.runTest(SuiteRunner.java:402)
at org.testng.SuiteRunner.runSequentially(SuiteRunner.java:396)
at org.testng.SuiteRunner.privateRun(SuiteRunner.java:355)
at org.testng.SuiteRunner.run(SuiteRunner.java:304)
at org.testng.SuiteRunnerWorker.runSuite(SuiteRunnerWorker.java:53)
at org.testng.SuiteRunnerWorker.run(SuiteRunnerWorker.java:96)
at org.testng.TestNG.runSuitesSequentially(TestNG.java:1180)
at org.testng.TestNG.runSuitesLocally(TestNG.java:1102)
at org.testng.TestNG.runSuites(TestNG.java:1032)
at org.testng.TestNG.run(TestNG.java:1000)
at org.testng.remote.AbstractRemoteTestNG.run(AbstractRemoteTestNG.java:115)
at org.testng.remote.RemoteTestNG.initAndRun(RemoteTestNG.java:251)
at org.testng.remote.RemoteTestNG.main(RemoteTestNG.java:77)
]]>
    </error>
  </testcase> <!-- validateCarrersFooter -->
  <testcase name="clickOnContactUsMenu" time="0.047" classname="com.atmecs.testscript.AtmecsHomePageScript">
    <error type="org.openqa.selenium.NoSuchWindowException" message="Currently focused window has been closed.
Build info: version: &#039;4.0.0-alpha-2&#039;, revision: &#039;f148142cf8&#039;, time: &#039;2019-07-01T20:55:26&#039;
System info: host: &#039;ATMECSINLT-283&#039;, ip: &#039;55.55.52.215&#039;, os.name: &#039;Windows 10&#039;, os.arch: &#039;amd64&#039;, os.version: &#039;10.0&#039;, java.version: &#039;1.8.0_221&#039;
Driver info: org.openqa.selenium.ie.InternetExplorerDriver
Capabilities {acceptInsecureCerts: false, browserName: internet explorer, browserVersion: 11, javascriptEnabled: true, pageLoadStrategy: normal, platform: WINDOWS, platformName: WINDOWS, proxy: Proxy(), se:ieOptions: {browserAttachTimeout: 0, elementScrollBehavior: 0, enablePersistentHover: true, ie.browserCommandLineSwitches: , ie.ensureCleanSession: false, ie.fileUploadDialogTimeout: 3000, ie.forceCreateProcessApi: false, ignoreProtectedModeSettings: false, ignoreZoomSetting: false, initialBrowserUrl: http://localhost:2124/, nativeEvents: true, requireWindowFocus: false}, setWindowRect: true, timeouts: {implicit: 0, pageLoad: 300000, script: 30000}}
Session ID: 055d0f1f-16b1-4577-b4c8-1028878473d8
*** Element info: {Using=css selector, value=#menu-item-30}">
      <![CDATA[org.openqa.selenium.NoSuchWindowException: Currently focused window has been closed.
Build info: version: '4.0.0-alpha-2', revision: 'f148142cf8', time: '2019-07-01T20:55:26'
System info: host: 'ATMECSINLT-283', ip: '55.55.52.215', os.name: 'Windows 10', os.arch: 'amd64', os.version: '10.0', java.version: '1.8.0_221'
Driver info: org.openqa.selenium.ie.InternetExplorerDriver
Capabilities {acceptInsecureCerts: false, browserName: internet explorer, browserVersion: 11, javascriptEnabled: true, pageLoadStrategy: normal, platform: WINDOWS, platformName: WINDOWS, proxy: Proxy(), se:ieOptions: {browserAttachTimeout: 0, elementScrollBehavior: 0, enablePersistentHover: true, ie.browserCommandLineSwitches: , ie.ensureCleanSession: false, ie.fileUploadDialogTimeout: 3000, ie.forceCreateProcessApi: false, ignoreProtectedModeSettings: false, ignoreZoomSetting: false, initialBrowserUrl: http://localhost:2124/, nativeEvents: true, requireWindowFocus: false}, setWindowRect: true, timeouts: {implicit: 0, pageLoad: 300000, script: 30000}}
Session ID: 055d0f1f-16b1-4577-b4c8-1028878473d8
*** Element info: {Using=css selector, value=#menu-item-30}
at sun.reflect.GeneratedConstructorAccessor25.newInstance(Unknown Source)
at sun.reflect.DelegatingConstructorAccessorImpl.newInstance(DelegatingConstructorAccessorImpl.java:45)
at java.lang.reflect.Constructor.newInstance(Constructor.java:423)
at org.openqa.selenium.remote.codec.w3c.W3CHttpResponseCodec.createException(W3CHttpResponseCodec.java:191)
at org.openqa.selenium.remote.codec.w3c.W3CHttpResponseCodec.decode(W3CHttpResponseCodec.java:125)
at org.openqa.selenium.remote.codec.w3c.W3CHttpResponseCodec.decode(W3CHttpResponseCodec.java:52)
at org.openqa.selenium.remote.HttpCommandExecutor.execute(HttpCommandExecutor.java:161)
at org.openqa.selenium.remote.service.DriverCommandExecutor.execute(DriverCommandExecutor.java:83)
at org.openqa.selenium.remote.RemoteWebDriver.execute(RemoteWebDriver.java:576)
at org.openqa.selenium.remote.RemoteWebDriver.findElement(RemoteWebDriver.java:327)
at org.openqa.selenium.remote.RemoteWebDriver.findElementByCssSelector(RemoteWebDriver.java:435)
at org.openqa.selenium.By$ByCssSelector.findElement(By.java:431)
at org.openqa.selenium.remote.RemoteWebDriver.findElement(RemoteWebDriver.java:319)
at com.atmecs.helper.CommonUtility.locatorsType(CommonUtility.java:54)
at com.atmecs.helper.CommonUtility$1.apply(CommonUtility.java:99)
at com.atmecs.helper.CommonUtility$1.apply(CommonUtility.java:1)
at org.openqa.selenium.support.ui.FluentWait.until(FluentWait.java:211)
at com.atmecs.helper.CommonUtility.clickElement(CommonUtility.java:97)
at com.atmecs.general.AtmecsHomePage.clickOnContactUs(AtmecsHomePage.java:66)
at com.atmecs.testscript.AtmecsHomePageScript.clickOnContactUsMenu(AtmecsHomePageScript.java:97)
at sun.reflect.NativeMethodAccessorImpl.invoke0(Native Method)
at sun.reflect.NativeMethodAccessorImpl.invoke(NativeMethodAccessorImpl.java:62)
at sun.reflect.DelegatingMethodAccessorImpl.invoke(DelegatingMethodAccessorImpl.java:43)
at java.lang.reflect.Method.invoke(Method.java:498)
at org.testng.internal.MethodInvocationHelper.invokeMethod(MethodInvocationHelper.java:133)
at org.testng.internal.TestInvoker.invokeMethod(TestInvoker.java:584)
at org.testng.internal.TestInvoker.invokeTestMethod(TestInvoker.java:172)
at org.testng.internal.MethodRunner.runInSequence(MethodRunner.java:46)
at org.testng.internal.TestInvoker$MethodInvocationAgent.invoke(TestInvoker.java:804)
at org.testng.internal.TestInvoker.invokeTestMethods(TestInvoker.java:145)
at org.testng.internal.TestMethodWorker.invokeTestMethods(TestMethodWorker.java:146)
at org.testng.internal.TestMethodWorker.run(TestMethodWorker.java:128)
at java.util.ArrayList.forEach(ArrayList.java:1257)
at org.testng.TestRunner.privateRun(TestRunner.java:770)
at org.testng.TestRunner.run(TestRunner.java:591)
at org.testng.SuiteRunner.runTest(SuiteRunner.java:402)
at org.testng.SuiteRunner.runSequentially(SuiteRunner.java:396)
at org.testng.SuiteRunner.privateRun(SuiteRunner.java:355)
at org.testng.SuiteRunner.run(SuiteRunner.java:304)
at org.testng.SuiteRunnerWorker.runSuite(SuiteRunnerWorker.java:53)
at org.testng.SuiteRunnerWorker.run(SuiteRunnerWorker.java:96)
at org.testng.TestNG.runSuitesSequentially(TestNG.java:1180)
at org.testng.TestNG.runSuitesLocally(TestNG.java:1102)
at org.testng.TestNG.runSuites(TestNG.java:1032)
at org.testng.TestNG.run(TestNG.java:1000)
at org.testng.remote.AbstractRemoteTestNG.run(AbstractRemoteTestNG.java:115)
at org.testng.remote.RemoteTestNG.initAndRun(RemoteTestNG.java:251)
at org.testng.remote.RemoteTestNG.main(RemoteTestNG.java:77)
]]>
    </error>
  </testcase> <!-- clickOnContactUsMenu -->
  <testcase name="validateContactUsFooter" time="0.034" classname="com.atmecs.testscript.AtmecsHomePageScript">
    <error type="org.openqa.selenium.NoSuchWindowException" message="Currently focused window has been closed.
Build info: version: &#039;4.0.0-alpha-2&#039;, revision: &#039;f148142cf8&#039;, time: &#039;2019-07-01T20:55:26&#039;
System info: host: &#039;ATMECSINLT-283&#039;, ip: &#039;55.55.52.215&#039;, os.name: &#039;Windows 10&#039;, os.arch: &#039;amd64&#039;, os.version: &#039;10.0&#039;, java.version: &#039;1.8.0_221&#039;
Driver info: org.openqa.selenium.ie.InternetExplorerDriver
Capabilities {acceptInsecureCerts: false, browserName: internet explorer, browserVersion: 11, javascriptEnabled: true, pageLoadStrategy: normal, platform: WINDOWS, platformName: WINDOWS, proxy: Proxy(), se:ieOptions: {browserAttachTimeout: 0, elementScrollBehavior: 0, enablePersistentHover: true, ie.browserCommandLineSwitches: , ie.ensureCleanSession: false, ie.fileUploadDialogTimeout: 3000, ie.forceCreateProcessApi: false, ignoreProtectedModeSettings: false, ignoreZoomSetting: false, initialBrowserUrl: http://localhost:2124/, nativeEvents: true, requireWindowFocus: false}, setWindowRect: true, timeouts: {implicit: 0, pageLoad: 300000, script: 30000}}
Session ID: 055d0f1f-16b1-4577-b4c8-1028878473d8
*** Element info: {Using=xpath, value=//div[@id=&#039;footer&#039;]//a[contains(text(),&#039;Product Engineering&#039;)]}">
      <![CDATA[org.openqa.selenium.NoSuchWindowException: Currently focused window has been closed.
Build info: version: '4.0.0-alpha-2', revision: 'f148142cf8', time: '2019-07-01T20:55:26'
System info: host: 'ATMECSINLT-283', ip: '55.55.52.215', os.name: 'Windows 10', os.arch: 'amd64', os.version: '10.0', java.version: '1.8.0_221'
Driver info: org.openqa.selenium.ie.InternetExplorerDriver
Capabilities {acceptInsecureCerts: false, browserName: internet explorer, browserVersion: 11, javascriptEnabled: true, pageLoadStrategy: normal, platform: WINDOWS, platformName: WINDOWS, proxy: Proxy(), se:ieOptions: {browserAttachTimeout: 0, elementScrollBehavior: 0, enablePersistentHover: true, ie.browserCommandLineSwitches: , ie.ensureCleanSession: false, ie.fileUploadDialogTimeout: 3000, ie.forceCreateProcessApi: false, ignoreProtectedModeSettings: false, ignoreZoomSetting: false, initialBrowserUrl: http://localhost:2124/, nativeEvents: true, requireWindowFocus: false}, setWindowRect: true, timeouts: {implicit: 0, pageLoad: 300000, script: 30000}}
Session ID: 055d0f1f-16b1-4577-b4c8-1028878473d8
*** Element info: {Using=xpath, value=//div[@id='footer']//a[contains(text(),'Product Engineering')]}
at sun.reflect.GeneratedConstructorAccessor25.newInstance(Unknown Source)
at sun.reflect.DelegatingConstructorAccessorImpl.newInstance(DelegatingConstructorAccessorImpl.java:45)
at java.lang.reflect.Constructor.newInstance(Constructor.java:423)
at org.openqa.selenium.remote.codec.w3c.W3CHttpResponseCodec.createException(W3CHttpResponseCodec.java:191)
at org.openqa.selenium.remote.codec.w3c.W3CHttpResponseCodec.decode(W3CHttpResponseCodec.java:125)
at org.openqa.selenium.remote.codec.w3c.W3CHttpResponseCodec.decode(W3CHttpResponseCodec.java:52)
at org.openqa.selenium.remote.HttpCommandExecutor.execute(HttpCommandExecutor.java:161)
at org.openqa.selenium.remote.service.DriverCommandExecutor.execute(DriverCommandExecutor.java:83)
at org.openqa.selenium.remote.RemoteWebDriver.execute(RemoteWebDriver.java:576)
at org.openqa.selenium.remote.RemoteWebDriver.findElement(RemoteWebDriver.java:327)
at org.openqa.selenium.remote.RemoteWebDriver.findElementByXPath(RemoteWebDriver.java:445)
at org.openqa.selenium.By$ByXPath.findElement(By.java:353)
at org.openqa.selenium.remote.RemoteWebDriver.findElement(RemoteWebDriver.java:319)
at com.atmecs.helper.CommonUtility.locatorsType(CommonUtility.java:49)
at com.atmecs.helper.CommonUtility$4.apply(CommonUtility.java:180)
at com.atmecs.helper.CommonUtility$4.apply(CommonUtility.java:1)
at org.openqa.selenium.support.ui.FluentWait.until(FluentWait.java:211)
at com.atmecs.helper.CommonUtility.getText(CommonUtility.java:177)
at com.atmecs.general.AtmecsHomePage.isFooterPresent(AtmecsHomePage.java:80)
at com.atmecs.testscript.AtmecsHomePageScript.validateContactUsFooter(AtmecsHomePageScript.java:102)
at sun.reflect.GeneratedMethodAccessor8.invoke(Unknown Source)
at sun.reflect.DelegatingMethodAccessorImpl.invoke(DelegatingMethodAccessorImpl.java:43)
at java.lang.reflect.Method.invoke(Method.java:498)
at org.testng.internal.MethodInvocationHelper.invokeMethod(MethodInvocationHelper.java:133)
at org.testng.internal.TestInvoker.invokeMethod(TestInvoker.java:584)
at org.testng.internal.TestInvoker.invokeTestMethod(TestInvoker.java:172)
at org.testng.internal.MethodRunner.runInSequence(MethodRunner.java:46)
at org.testng.internal.TestInvoker$MethodInvocationAgent.invoke(TestInvoker.java:804)
at org.testng.internal.TestInvoker.invokeTestMethods(TestInvoker.java:145)
at org.testng.internal.TestMethodWorker.invokeTestMethods(TestMethodWorker.java:146)
at org.testng.internal.TestMethodWorker.run(TestMethodWorker.java:128)
at java.util.ArrayList.forEach(ArrayList.java:1257)
at org.testng.TestRunner.privateRun(TestRunner.java:770)
at org.testng.TestRunner.run(TestRunner.java:591)
at org.testng.SuiteRunner.runTest(SuiteRunner.java:402)
at org.testng.SuiteRunner.runSequentially(SuiteRunner.java:396)
at org.testng.SuiteRunner.privateRun(SuiteRunner.java:355)
at org.testng.SuiteRunner.run(SuiteRunner.java:304)
at org.testng.SuiteRunnerWorker.runSuite(SuiteRunnerWorker.java:53)
at org.testng.SuiteRunnerWorker.run(SuiteRunnerWorker.java:96)
at org.testng.TestNG.runSuitesSequentially(TestNG.java:1180)
at org.testng.TestNG.runSuitesLocally(TestNG.java:1102)
at org.testng.TestNG.runSuites(TestNG.java:1032)
at org.testng.TestNG.run(TestNG.java:1000)
at org.testng.remote.AbstractRemoteTestNG.run(AbstractRemoteTestNG.java:115)
at org.testng.remote.RemoteTestNG.initAndRun(RemoteTestNG.java:251)
at org.testng.remote.RemoteTestNG.main(RemoteTestNG.java:77)
]]>
    </error>
  </testcase> <!-- validateContactUsFooter -->
  <testcase name="validateContactUsFooter" time="0.020" classname="com.atmecs.testscript.AtmecsHomePageScript">
    <error type="org.openqa.selenium.NoSuchWindowException" message="Currently focused window has been closed.
Build info: version: &#039;4.0.0-alpha-2&#039;, revision: &#039;f148142cf8&#039;, time: &#039;2019-07-01T20:55:26&#039;
System info: host: &#039;ATMECSINLT-283&#039;, ip: &#039;55.55.52.215&#039;, os.name: &#039;Windows 10&#039;, os.arch: &#039;amd64&#039;, os.version: &#039;10.0&#039;, java.version: &#039;1.8.0_221&#039;
Driver info: org.openqa.selenium.ie.InternetExplorerDriver
Capabilities {acceptInsecureCerts: false, browserName: internet explorer, browserVersion: 11, javascriptEnabled: true, pageLoadStrategy: normal, platform: WINDOWS, platformName: WINDOWS, proxy: Proxy(), se:ieOptions: {browserAttachTimeout: 0, elementScrollBehavior: 0, enablePersistentHover: true, ie.browserCommandLineSwitches: , ie.ensureCleanSession: false, ie.fileUploadDialogTimeout: 3000, ie.forceCreateProcessApi: false, ignoreProtectedModeSettings: false, ignoreZoomSetting: false, initialBrowserUrl: http://localhost:2124/, nativeEvents: true, requireWindowFocus: false}, setWindowRect: true, timeouts: {implicit: 0, pageLoad: 300000, script: 30000}}
Session ID: 055d0f1f-16b1-4577-b4c8-1028878473d8
*** Element info: {Using=xpath, value=//div[@id=&#039;footer&#039;]//a[contains(text(),&#039;US R&amp;D Center&#039;)]}">
      <![CDATA[org.openqa.selenium.NoSuchWindowException: Currently focused window has been closed.
Build info: version: '4.0.0-alpha-2', revision: 'f148142cf8', time: '2019-07-01T20:55:26'
System info: host: 'ATMECSINLT-283', ip: '55.55.52.215', os.name: 'Windows 10', os.arch: 'amd64', os.version: '10.0', java.version: '1.8.0_221'
Driver info: org.openqa.selenium.ie.InternetExplorerDriver
Capabilities {acceptInsecureCerts: false, browserName: internet explorer, browserVersion: 11, javascriptEnabled: true, pageLoadStrategy: normal, platform: WINDOWS, platformName: WINDOWS, proxy: Proxy(), se:ieOptions: {browserAttachTimeout: 0, elementScrollBehavior: 0, enablePersistentHover: true, ie.browserCommandLineSwitches: , ie.ensureCleanSession: false, ie.fileUploadDialogTimeout: 3000, ie.forceCreateProcessApi: false, ignoreProtectedModeSettings: false, ignoreZoomSetting: false, initialBrowserUrl: http://localhost:2124/, nativeEvents: true, requireWindowFocus: false}, setWindowRect: true, timeouts: {implicit: 0, pageLoad: 300000, script: 30000}}
Session ID: 055d0f1f-16b1-4577-b4c8-1028878473d8
*** Element info: {Using=xpath, value=//div[@id='footer']//a[contains(text(),'US R&D Center')]}
at sun.reflect.GeneratedConstructorAccessor25.newInstance(Unknown Source)
at sun.reflect.DelegatingConstructorAccessorImpl.newInstance(DelegatingConstructorAccessorImpl.java:45)
at java.lang.reflect.Constructor.newInstance(Constructor.java:423)
at org.openqa.selenium.remote.codec.w3c.W3CHttpResponseCodec.createException(W3CHttpResponseCodec.java:191)
at org.openqa.selenium.remote.codec.w3c.W3CHttpResponseCodec.decode(W3CHttpResponseCodec.java:125)
at org.openqa.selenium.remote.codec.w3c.W3CHttpResponseCodec.decode(W3CHttpResponseCodec.java:52)
at org.openqa.selenium.remote.HttpCommandExecutor.execute(HttpCommandExecutor.java:161)
at org.openqa.selenium.remote.service.DriverCommandExecutor.execute(DriverCommandExecutor.java:83)
at org.openqa.selenium.remote.RemoteWebDriver.execute(RemoteWebDriver.java:576)
at org.openqa.selenium.remote.RemoteWebDriver.findElement(RemoteWebDriver.java:327)
at org.openqa.selenium.remote.RemoteWebDriver.findElementByXPath(RemoteWebDriver.java:445)
at org.openqa.selenium.By$ByXPath.findElement(By.java:353)
at org.openqa.selenium.remote.RemoteWebDriver.findElement(RemoteWebDriver.java:319)
at com.atmecs.helper.CommonUtility.locatorsType(CommonUtility.java:49)
at com.atmecs.helper.CommonUtility$4.apply(CommonUtility.java:180)
at com.atmecs.helper.CommonUtility$4.apply(CommonUtility.java:1)
at org.openqa.selenium.support.ui.FluentWait.until(FluentWait.java:211)
at com.atmecs.helper.CommonUtility.getText(CommonUtility.java:177)
at com.atmecs.general.AtmecsHomePage.isFooterPresent(AtmecsHomePage.java:80)
at com.atmecs.testscript.AtmecsHomePageScript.validateContactUsFooter(AtmecsHomePageScript.java:102)
at sun.reflect.NativeMethodAccessorImpl.invoke0(Native Method)
at sun.reflect.NativeMethodAccessorImpl.invoke(NativeMethodAccessorImpl.java:62)
at sun.reflect.DelegatingMethodAccessorImpl.invoke(DelegatingMethodAccessorImpl.java:43)
at java.lang.reflect.Method.invoke(Method.java:498)
at org.testng.internal.MethodInvocationHelper.invokeMethod(MethodInvocationHelper.java:133)
at org.testng.internal.TestInvoker.invokeMethod(TestInvoker.java:584)
at org.testng.internal.TestInvoker.invokeTestMethod(TestInvoker.java:172)
at org.testng.internal.MethodRunner.runInSequence(MethodRunner.java:46)
at org.testng.internal.TestInvoker$MethodInvocationAgent.invoke(TestInvoker.java:804)
at org.testng.internal.TestInvoker.invokeTestMethods(TestInvoker.java:145)
at org.testng.internal.TestMethodWorker.invokeTestMethods(TestMethodWorker.java:146)
at org.testng.internal.TestMethodWorker.run(TestMethodWorker.java:128)
at java.util.ArrayList.forEach(ArrayList.java:1257)
at org.testng.TestRunner.privateRun(TestRunner.java:770)
at org.testng.TestRunner.run(TestRunner.java:591)
at org.testng.SuiteRunner.runTest(SuiteRunner.java:402)
at org.testng.SuiteRunner.runSequentially(SuiteRunner.java:396)
at org.testng.SuiteRunner.privateRun(SuiteRunner.java:355)
at org.testng.SuiteRunner.run(SuiteRunner.java:304)
at org.testng.SuiteRunnerWorker.runSuite(SuiteRunnerWorker.java:53)
at org.testng.SuiteRunnerWorker.run(SuiteRunnerWorker.java:96)
at org.testng.TestNG.runSuitesSequentially(TestNG.java:1180)
at org.testng.TestNG.runSuitesLocally(TestNG.java:1102)
at org.testng.TestNG.runSuites(TestNG.java:1032)
at org.testng.TestNG.run(TestNG.java:1000)
at org.testng.remote.AbstractRemoteTestNG.run(AbstractRemoteTestNG.java:115)
at org.testng.remote.RemoteTestNG.initAndRun(RemoteTestNG.java:251)
at org.testng.remote.RemoteTestNG.main(RemoteTestNG.java:77)
]]>
    </error>
  </testcase> <!-- validateContactUsFooter -->
  <testcase name="validateContactUsFooter" time="0.019" classname="com.atmecs.testscript.AtmecsHomePageScript">
    <error type="org.openqa.selenium.NoSuchWindowException" message="Currently focused window has been closed.
Build info: version: &#039;4.0.0-alpha-2&#039;, revision: &#039;f148142cf8&#039;, time: &#039;2019-07-01T20:55:26&#039;
System info: host: &#039;ATMECSINLT-283&#039;, ip: &#039;55.55.52.215&#039;, os.name: &#039;Windows 10&#039;, os.arch: &#039;amd64&#039;, os.version: &#039;10.0&#039;, java.version: &#039;1.8.0_221&#039;
Driver info: org.openqa.selenium.ie.InternetExplorerDriver
Capabilities {acceptInsecureCerts: false, browserName: internet explorer, browserVersion: 11, javascriptEnabled: true, pageLoadStrategy: normal, platform: WINDOWS, platformName: WINDOWS, proxy: Proxy(), se:ieOptions: {browserAttachTimeout: 0, elementScrollBehavior: 0, enablePersistentHover: true, ie.browserCommandLineSwitches: , ie.ensureCleanSession: false, ie.fileUploadDialogTimeout: 3000, ie.forceCreateProcessApi: false, ignoreProtectedModeSettings: false, ignoreZoomSetting: false, initialBrowserUrl: http://localhost:2124/, nativeEvents: true, requireWindowFocus: false}, setWindowRect: true, timeouts: {implicit: 0, pageLoad: 300000, script: 30000}}
Session ID: 055d0f1f-16b1-4577-b4c8-1028878473d8
*** Element info: {Using=xpath, value=//div[@id=&#039;footer&#039;]//a[contains(text(),&#039;India – Hyderabad&#039;)]}">
      <![CDATA[org.openqa.selenium.NoSuchWindowException: Currently focused window has been closed.
Build info: version: '4.0.0-alpha-2', revision: 'f148142cf8', time: '2019-07-01T20:55:26'
System info: host: 'ATMECSINLT-283', ip: '55.55.52.215', os.name: 'Windows 10', os.arch: 'amd64', os.version: '10.0', java.version: '1.8.0_221'
Driver info: org.openqa.selenium.ie.InternetExplorerDriver
Capabilities {acceptInsecureCerts: false, browserName: internet explorer, browserVersion: 11, javascriptEnabled: true, pageLoadStrategy: normal, platform: WINDOWS, platformName: WINDOWS, proxy: Proxy(), se:ieOptions: {browserAttachTimeout: 0, elementScrollBehavior: 0, enablePersistentHover: true, ie.browserCommandLineSwitches: , ie.ensureCleanSession: false, ie.fileUploadDialogTimeout: 3000, ie.forceCreateProcessApi: false, ignoreProtectedModeSettings: false, ignoreZoomSetting: false, initialBrowserUrl: http://localhost:2124/, nativeEvents: true, requireWindowFocus: false}, setWindowRect: true, timeouts: {implicit: 0, pageLoad: 300000, script: 30000}}
Session ID: 055d0f1f-16b1-4577-b4c8-1028878473d8
*** Element info: {Using=xpath, value=//div[@id='footer']//a[contains(text(),'India – Hyderabad')]}
at sun.reflect.GeneratedConstructorAccessor25.newInstance(Unknown Source)
at sun.reflect.DelegatingConstructorAccessorImpl.newInstance(DelegatingConstructorAccessorImpl.java:45)
at java.lang.reflect.Constructor.newInstance(Constructor.java:423)
at org.openqa.selenium.remote.codec.w3c.W3CHttpResponseCodec.createException(W3CHttpResponseCodec.java:191)
at org.openqa.selenium.remote.codec.w3c.W3CHttpResponseCodec.decode(W3CHttpResponseCodec.java:125)
at org.openqa.selenium.remote.codec.w3c.W3CHttpResponseCodec.decode(W3CHttpResponseCodec.java:52)
at org.openqa.selenium.remote.HttpCommandExecutor.execute(HttpCommandExecutor.java:161)
at org.openqa.selenium.remote.service.DriverCommandExecutor.execute(DriverCommandExecutor.java:83)
at org.openqa.selenium.remote.RemoteWebDriver.execute(RemoteWebDriver.java:576)
at org.openqa.selenium.remote.RemoteWebDriver.findElement(RemoteWebDriver.java:327)
at org.openqa.selenium.remote.RemoteWebDriver.findElementByXPath(RemoteWebDriver.java:445)
at org.openqa.selenium.By$ByXPath.findElement(By.java:353)
at org.openqa.selenium.remote.RemoteWebDriver.findElement(RemoteWebDriver.java:319)
at com.atmecs.helper.CommonUtility.locatorsType(CommonUtility.java:49)
at com.atmecs.helper.CommonUtility$4.apply(CommonUtility.java:180)
at com.atmecs.helper.CommonUtility$4.apply(CommonUtility.java:1)
at org.openqa.selenium.support.ui.FluentWait.until(FluentWait.java:211)
at com.atmecs.helper.CommonUtility.getText(CommonUtility.java:177)
at com.atmecs.general.AtmecsHomePage.isFooterPresent(AtmecsHomePage.java:80)
at com.atmecs.testscript.AtmecsHomePageScript.validateContactUsFooter(AtmecsHomePageScript.java:102)
at sun.reflect.GeneratedMethodAccessor8.invoke(Unknown Source)
at sun.reflect.DelegatingMethodAccessorImpl.invoke(DelegatingMethodAccessorImpl.java:43)
at java.lang.reflect.Method.invoke(Method.java:498)
at org.testng.internal.MethodInvocationHelper.invokeMethod(MethodInvocationHelper.java:133)
at org.testng.internal.TestInvoker.invokeMethod(TestInvoker.java:584)
at org.testng.internal.TestInvoker.invokeTestMethod(TestInvoker.java:172)
at org.testng.internal.MethodRunner.runInSequence(MethodRunner.java:46)
at org.testng.internal.TestInvoker$MethodInvocationAgent.invoke(TestInvoker.java:804)
at org.testng.internal.TestInvoker.invokeTestMethods(TestInvoker.java:145)
at org.testng.internal.TestMethodWorker.invokeTestMethods(TestMethodWorker.java:146)
at org.testng.internal.TestMethodWorker.run(TestMethodWorker.java:128)
at java.util.ArrayList.forEach(ArrayList.java:1257)
at org.testng.TestRunner.privateRun(TestRunner.java:770)
at org.testng.TestRunner.run(TestRunner.java:591)
at org.testng.SuiteRunner.runTest(SuiteRunner.java:402)
at org.testng.SuiteRunner.runSequentially(SuiteRunner.java:396)
at org.testng.SuiteRunner.privateRun(SuiteRunner.java:355)
at org.testng.SuiteRunner.run(SuiteRunner.java:304)
at org.testng.SuiteRunnerWorker.runSuite(SuiteRunnerWorker.java:53)
at org.testng.SuiteRunnerWorker.run(SuiteRunnerWorker.java:96)
at org.testng.TestNG.runSuitesSequentially(TestNG.java:1180)
at org.testng.TestNG.runSuitesLocally(TestNG.java:1102)
at org.testng.TestNG.runSuites(TestNG.java:1032)
at org.testng.TestNG.run(TestNG.java:1000)
at org.testng.remote.AbstractRemoteTestNG.run(AbstractRemoteTestNG.java:115)
at org.testng.remote.RemoteTestNG.initAndRun(RemoteTestNG.java:251)
at org.testng.remote.RemoteTestNG.main(RemoteTestNG.java:77)
]]>
    </error>
  </testcase> <!-- validateContactUsFooter -->
  <testcase name="validateContactUsFooter" time="0.020" classname="com.atmecs.testscript.AtmecsHomePageScript">
    <error type="org.openqa.selenium.NoSuchWindowException" message="Currently focused window has been closed.
Build info: version: &#039;4.0.0-alpha-2&#039;, revision: &#039;f148142cf8&#039;, time: &#039;2019-07-01T20:55:26&#039;
System info: host: &#039;ATMECSINLT-283&#039;, ip: &#039;55.55.52.215&#039;, os.name: &#039;Windows 10&#039;, os.arch: &#039;amd64&#039;, os.version: &#039;10.0&#039;, java.version: &#039;1.8.0_221&#039;
Driver info: org.openqa.selenium.ie.InternetExplorerDriver
Capabilities {acceptInsecureCerts: false, browserName: internet explorer, browserVersion: 11, javascriptEnabled: true, pageLoadStrategy: normal, platform: WINDOWS, platformName: WINDOWS, proxy: Proxy(), se:ieOptions: {browserAttachTimeout: 0, elementScrollBehavior: 0, enablePersistentHover: true, ie.browserCommandLineSwitches: , ie.ensureCleanSession: false, ie.fileUploadDialogTimeout: 3000, ie.forceCreateProcessApi: false, ignoreProtectedModeSettings: false, ignoreZoomSetting: false, initialBrowserUrl: http://localhost:2124/, nativeEvents: true, requireWindowFocus: false}, setWindowRect: true, timeouts: {implicit: 0, pageLoad: 300000, script: 30000}}
Session ID: 055d0f1f-16b1-4577-b4c8-1028878473d8
*** Element info: {Using=xpath, value=//div[@id=&#039;footer&#039;]//a[contains(text(),&#039;Europe – Ireland&#039;)]}">
      <![CDATA[org.openqa.selenium.NoSuchWindowException: Currently focused window has been closed.
Build info: version: '4.0.0-alpha-2', revision: 'f148142cf8', time: '2019-07-01T20:55:26'
System info: host: 'ATMECSINLT-283', ip: '55.55.52.215', os.name: 'Windows 10', os.arch: 'amd64', os.version: '10.0', java.version: '1.8.0_221'
Driver info: org.openqa.selenium.ie.InternetExplorerDriver
Capabilities {acceptInsecureCerts: false, browserName: internet explorer, browserVersion: 11, javascriptEnabled: true, pageLoadStrategy: normal, platform: WINDOWS, platformName: WINDOWS, proxy: Proxy(), se:ieOptions: {browserAttachTimeout: 0, elementScrollBehavior: 0, enablePersistentHover: true, ie.browserCommandLineSwitches: , ie.ensureCleanSession: false, ie.fileUploadDialogTimeout: 3000, ie.forceCreateProcessApi: false, ignoreProtectedModeSettings: false, ignoreZoomSetting: false, initialBrowserUrl: http://localhost:2124/, nativeEvents: true, requireWindowFocus: false}, setWindowRect: true, timeouts: {implicit: 0, pageLoad: 300000, script: 30000}}
Session ID: 055d0f1f-16b1-4577-b4c8-1028878473d8
*** Element info: {Using=xpath, value=//div[@id='footer']//a[contains(text(),'Europe – Ireland')]}
at sun.reflect.GeneratedConstructorAccessor25.newInstance(Unknown Source)
at sun.reflect.DelegatingConstructorAccessorImpl.newInstance(DelegatingConstructorAccessorImpl.java:45)
at java.lang.reflect.Constructor.newInstance(Constructor.java:423)
at org.openqa.selenium.remote.codec.w3c.W3CHttpResponseCodec.createException(W3CHttpResponseCodec.java:191)
at org.openqa.selenium.remote.codec.w3c.W3CHttpResponseCodec.decode(W3CHttpResponseCodec.java:125)
at org.openqa.selenium.remote.codec.w3c.W3CHttpResponseCodec.decode(W3CHttpResponseCodec.java:52)
at org.openqa.selenium.remote.HttpCommandExecutor.execute(HttpCommandExecutor.java:161)
at org.openqa.selenium.remote.service.DriverCommandExecutor.execute(DriverCommandExecutor.java:83)
at org.openqa.selenium.remote.RemoteWebDriver.execute(RemoteWebDriver.java:576)
at org.openqa.selenium.remote.RemoteWebDriver.findElement(RemoteWebDriver.java:327)
at org.openqa.selenium.remote.RemoteWebDriver.findElementByXPath(RemoteWebDriver.java:445)
at org.openqa.selenium.By$ByXPath.findElement(By.java:353)
at org.openqa.selenium.remote.RemoteWebDriver.findElement(RemoteWebDriver.java:319)
at com.atmecs.helper.CommonUtility.locatorsType(CommonUtility.java:49)
at com.atmecs.helper.CommonUtility$4.apply(CommonUtility.java:180)
at com.atmecs.helper.CommonUtility$4.apply(CommonUtility.java:1)
at org.openqa.selenium.support.ui.FluentWait.until(FluentWait.java:211)
at com.atmecs.helper.CommonUtility.getText(CommonUtility.java:177)
at com.atmecs.general.AtmecsHomePage.isFooterPresent(AtmecsHomePage.java:80)
at com.atmecs.testscript.AtmecsHomePageScript.validateContactUsFooter(AtmecsHomePageScript.java:102)
at sun.reflect.GeneratedMethodAccessor8.invoke(Unknown Source)
at sun.reflect.DelegatingMethodAccessorImpl.invoke(DelegatingMethodAccessorImpl.java:43)
at java.lang.reflect.Method.invoke(Method.java:498)
at org.testng.internal.MethodInvocationHelper.invokeMethod(MethodInvocationHelper.java:133)
at org.testng.internal.TestInvoker.invokeMethod(TestInvoker.java:584)
at org.testng.internal.TestInvoker.invokeTestMethod(TestInvoker.java:172)
at org.testng.internal.MethodRunner.runInSequence(MethodRunner.java:46)
at org.testng.internal.TestInvoker$MethodInvocationAgent.invoke(TestInvoker.java:804)
at org.testng.internal.TestInvoker.invokeTestMethods(TestInvoker.java:145)
at org.testng.internal.TestMethodWorker.invokeTestMethods(TestMethodWorker.java:146)
at org.testng.internal.TestMethodWorker.run(TestMethodWorker.java:128)
at java.util.ArrayList.forEach(ArrayList.java:1257)
at org.testng.TestRunner.privateRun(TestRunner.java:770)
at org.testng.TestRunner.run(TestRunner.java:591)
at org.testng.SuiteRunner.runTest(SuiteRunner.java:402)
at org.testng.SuiteRunner.runSequentially(SuiteRunner.java:396)
at org.testng.SuiteRunner.privateRun(SuiteRunner.java:355)
at org.testng.SuiteRunner.run(SuiteRunner.java:304)
at org.testng.SuiteRunnerWorker.runSuite(SuiteRunnerWorker.java:53)
at org.testng.SuiteRunnerWorker.run(SuiteRunnerWorker.java:96)
at org.testng.TestNG.runSuitesSequentially(TestNG.java:1180)
at org.testng.TestNG.runSuitesLocally(TestNG.java:1102)
at org.testng.TestNG.runSuites(TestNG.java:1032)
at org.testng.TestNG.run(TestNG.java:1000)
at org.testng.remote.AbstractRemoteTestNG.run(AbstractRemoteTestNG.java:115)
at org.testng.remote.RemoteTestNG.initAndRun(RemoteTestNG.java:251)
at org.testng.remote.RemoteTestNG.main(RemoteTestNG.java:77)
]]>
    </error>
  </testcase> <!-- validateContactUsFooter -->
  <testcase name="validateContactUsFooter" time="0.017" classname="com.atmecs.testscript.AtmecsHomePageScript">
    <error type="org.openqa.selenium.NoSuchWindowException" message="Currently focused window has been closed.
Build info: version: &#039;4.0.0-alpha-2&#039;, revision: &#039;f148142cf8&#039;, time: &#039;2019-07-01T20:55:26&#039;
System info: host: &#039;ATMECSINLT-283&#039;, ip: &#039;55.55.52.215&#039;, os.name: &#039;Windows 10&#039;, os.arch: &#039;amd64&#039;, os.version: &#039;10.0&#039;, java.version: &#039;1.8.0_221&#039;
Driver info: org.openqa.selenium.ie.InternetExplorerDriver
Capabilities {acceptInsecureCerts: false, browserName: internet explorer, browserVersion: 11, javascriptEnabled: true, pageLoadStrategy: normal, platform: WINDOWS, platformName: WINDOWS, proxy: Proxy(), se:ieOptions: {browserAttachTimeout: 0, elementScrollBehavior: 0, enablePersistentHover: true, ie.browserCommandLineSwitches: , ie.ensureCleanSession: false, ie.fileUploadDialogTimeout: 3000, ie.forceCreateProcessApi: false, ignoreProtectedModeSettings: false, ignoreZoomSetting: false, initialBrowserUrl: http://localhost:2124/, nativeEvents: true, requireWindowFocus: false}, setWindowRect: true, timeouts: {implicit: 0, pageLoad: 300000, script: 30000}}
Session ID: 055d0f1f-16b1-4577-b4c8-1028878473d8
*** Element info: {Using=xpath, value=//div[@id=&#039;footer&#039;]//a[contains(text(),&#039;Senior Java/J2EE Engineer&#039;)]}">
      <![CDATA[org.openqa.selenium.NoSuchWindowException: Currently focused window has been closed.
Build info: version: '4.0.0-alpha-2', revision: 'f148142cf8', time: '2019-07-01T20:55:26'
System info: host: 'ATMECSINLT-283', ip: '55.55.52.215', os.name: 'Windows 10', os.arch: 'amd64', os.version: '10.0', java.version: '1.8.0_221'
Driver info: org.openqa.selenium.ie.InternetExplorerDriver
Capabilities {acceptInsecureCerts: false, browserName: internet explorer, browserVersion: 11, javascriptEnabled: true, pageLoadStrategy: normal, platform: WINDOWS, platformName: WINDOWS, proxy: Proxy(), se:ieOptions: {browserAttachTimeout: 0, elementScrollBehavior: 0, enablePersistentHover: true, ie.browserCommandLineSwitches: , ie.ensureCleanSession: false, ie.fileUploadDialogTimeout: 3000, ie.forceCreateProcessApi: false, ignoreProtectedModeSettings: false, ignoreZoomSetting: false, initialBrowserUrl: http://localhost:2124/, nativeEvents: true, requireWindowFocus: false}, setWindowRect: true, timeouts: {implicit: 0, pageLoad: 300000, script: 30000}}
Session ID: 055d0f1f-16b1-4577-b4c8-1028878473d8
*** Element info: {Using=xpath, value=//div[@id='footer']//a[contains(text(),'Senior Java/J2EE Engineer')]}
at sun.reflect.GeneratedConstructorAccessor25.newInstance(Unknown Source)
at sun.reflect.DelegatingConstructorAccessorImpl.newInstance(DelegatingConstructorAccessorImpl.java:45)
at java.lang.reflect.Constructor.newInstance(Constructor.java:423)
at org.openqa.selenium.remote.codec.w3c.W3CHttpResponseCodec.createException(W3CHttpResponseCodec.java:191)
at org.openqa.selenium.remote.codec.w3c.W3CHttpResponseCodec.decode(W3CHttpResponseCodec.java:125)
at org.openqa.selenium.remote.codec.w3c.W3CHttpResponseCodec.decode(W3CHttpResponseCodec.java:52)
at org.openqa.selenium.remote.HttpCommandExecutor.execute(HttpCommandExecutor.java:161)
at org.openqa.selenium.remote.service.DriverCommandExecutor.execute(DriverCommandExecutor.java:83)
at org.openqa.selenium.remote.RemoteWebDriver.execute(RemoteWebDriver.java:576)
at org.openqa.selenium.remote.RemoteWebDriver.findElement(RemoteWebDriver.java:327)
at org.openqa.selenium.remote.RemoteWebDriver.findElementByXPath(RemoteWebDriver.java:445)
at org.openqa.selenium.By$ByXPath.findElement(By.java:353)
at org.openqa.selenium.remote.RemoteWebDriver.findElement(RemoteWebDriver.java:319)
at com.atmecs.helper.CommonUtility.locatorsType(CommonUtility.java:49)
at com.atmecs.helper.CommonUtility$4.apply(CommonUtility.java:180)
at com.atmecs.helper.CommonUtility$4.apply(CommonUtility.java:1)
at org.openqa.selenium.support.ui.FluentWait.until(FluentWait.java:211)
at com.atmecs.helper.CommonUtility.getText(CommonUtility.java:177)
at com.atmecs.general.AtmecsHomePage.isFooterPresent(AtmecsHomePage.java:80)
at com.atmecs.testscript.AtmecsHomePageScript.validateContactUsFooter(AtmecsHomePageScript.java:102)
at sun.reflect.NativeMethodAccessorImpl.invoke0(Native Method)
at sun.reflect.NativeMethodAccessorImpl.invoke(NativeMethodAccessorImpl.java:62)
at sun.reflect.DelegatingMethodAccessorImpl.invoke(DelegatingMethodAccessorImpl.java:43)
at java.lang.reflect.Method.invoke(Method.java:498)
at org.testng.internal.MethodInvocationHelper.invokeMethod(MethodInvocationHelper.java:133)
at org.testng.internal.TestInvoker.invokeMethod(TestInvoker.java:584)
at org.testng.internal.TestInvoker.invokeTestMethod(TestInvoker.java:172)
at org.testng.internal.MethodRunner.runInSequence(MethodRunner.java:46)
at org.testng.internal.TestInvoker$MethodInvocationAgent.invoke(TestInvoker.java:804)
at org.testng.internal.TestInvoker.invokeTestMethods(TestInvoker.java:145)
at org.testng.internal.TestMethodWorker.invokeTestMethods(TestMethodWorker.java:146)
at org.testng.internal.TestMethodWorker.run(TestMethodWorker.java:128)
at java.util.ArrayList.forEach(ArrayList.java:1257)
at org.testng.TestRunner.privateRun(TestRunner.java:770)
at org.testng.TestRunner.run(TestRunner.java:591)
at org.testng.SuiteRunner.runTest(SuiteRunner.java:402)
at org.testng.SuiteRunner.runSequentially(SuiteRunner.java:396)
at org.testng.SuiteRunner.privateRun(SuiteRunner.java:355)
at org.testng.SuiteRunner.run(SuiteRunner.java:304)
at org.testng.SuiteRunnerWorker.runSuite(SuiteRunnerWorker.java:53)
at org.testng.SuiteRunnerWorker.run(SuiteRunnerWorker.java:96)
at org.testng.TestNG.runSuitesSequentially(TestNG.java:1180)
at org.testng.TestNG.runSuitesLocally(TestNG.java:1102)
at org.testng.TestNG.runSuites(TestNG.java:1032)
at org.testng.TestNG.run(TestNG.java:1000)
at org.testng.remote.AbstractRemoteTestNG.run(AbstractRemoteTestNG.java:115)
at org.testng.remote.RemoteTestNG.initAndRun(RemoteTestNG.java:251)
at org.testng.remote.RemoteTestNG.main(RemoteTestNG.java:77)
]]>
    </error>
  </testcase> <!-- validateContactUsFooter -->
  <testcase name="validateContactUsFooter" time="0.023" classname="com.atmecs.testscript.AtmecsHomePageScript">
    <error type="org.openqa.selenium.NoSuchWindowException" message="Currently focused window has been closed.
Build info: version: &#039;4.0.0-alpha-2&#039;, revision: &#039;f148142cf8&#039;, time: &#039;2019-07-01T20:55:26&#039;
System info: host: &#039;ATMECSINLT-283&#039;, ip: &#039;55.55.52.215&#039;, os.name: &#039;Windows 10&#039;, os.arch: &#039;amd64&#039;, os.version: &#039;10.0&#039;, java.version: &#039;1.8.0_221&#039;
Driver info: org.openqa.selenium.ie.InternetExplorerDriver
Capabilities {acceptInsecureCerts: false, browserName: internet explorer, browserVersion: 11, javascriptEnabled: true, pageLoadStrategy: normal, platform: WINDOWS, platformName: WINDOWS, proxy: Proxy(), se:ieOptions: {browserAttachTimeout: 0, elementScrollBehavior: 0, enablePersistentHover: true, ie.browserCommandLineSwitches: , ie.ensureCleanSession: false, ie.fileUploadDialogTimeout: 3000, ie.forceCreateProcessApi: false, ignoreProtectedModeSettings: false, ignoreZoomSetting: false, initialBrowserUrl: http://localhost:2124/, nativeEvents: true, requireWindowFocus: false}, setWindowRect: true, timeouts: {implicit: 0, pageLoad: 300000, script: 30000}}
Session ID: 055d0f1f-16b1-4577-b4c8-1028878473d8
*** Element info: {Using=xpath, value=//div[@id=&#039;footer&#039;]//a[contains(text(),&#039;DevOps Engineer&#039;)]}">
      <![CDATA[org.openqa.selenium.NoSuchWindowException: Currently focused window has been closed.
Build info: version: '4.0.0-alpha-2', revision: 'f148142cf8', time: '2019-07-01T20:55:26'
System info: host: 'ATMECSINLT-283', ip: '55.55.52.215', os.name: 'Windows 10', os.arch: 'amd64', os.version: '10.0', java.version: '1.8.0_221'
Driver info: org.openqa.selenium.ie.InternetExplorerDriver
Capabilities {acceptInsecureCerts: false, browserName: internet explorer, browserVersion: 11, javascriptEnabled: true, pageLoadStrategy: normal, platform: WINDOWS, platformName: WINDOWS, proxy: Proxy(), se:ieOptions: {browserAttachTimeout: 0, elementScrollBehavior: 0, enablePersistentHover: true, ie.browserCommandLineSwitches: , ie.ensureCleanSession: false, ie.fileUploadDialogTimeout: 3000, ie.forceCreateProcessApi: false, ignoreProtectedModeSettings: false, ignoreZoomSetting: false, initialBrowserUrl: http://localhost:2124/, nativeEvents: true, requireWindowFocus: false}, setWindowRect: true, timeouts: {implicit: 0, pageLoad: 300000, script: 30000}}
Session ID: 055d0f1f-16b1-4577-b4c8-1028878473d8
*** Element info: {Using=xpath, value=//div[@id='footer']//a[contains(text(),'DevOps Engineer')]}
at sun.reflect.GeneratedConstructorAccessor25.newInstance(Unknown Source)
at sun.reflect.DelegatingConstructorAccessorImpl.newInstance(DelegatingConstructorAccessorImpl.java:45)
at java.lang.reflect.Constructor.newInstance(Constructor.java:423)
at org.openqa.selenium.remote.codec.w3c.W3CHttpResponseCodec.createException(W3CHttpResponseCodec.java:191)
at org.openqa.selenium.remote.codec.w3c.W3CHttpResponseCodec.decode(W3CHttpResponseCodec.java:125)
at org.openqa.selenium.remote.codec.w3c.W3CHttpResponseCodec.decode(W3CHttpResponseCodec.java:52)
at org.openqa.selenium.remote.HttpCommandExecutor.execute(HttpCommandExecutor.java:161)
at org.openqa.selenium.remote.service.DriverCommandExecutor.execute(DriverCommandExecutor.java:83)
at org.openqa.selenium.remote.RemoteWebDriver.execute(RemoteWebDriver.java:576)
at org.openqa.selenium.remote.RemoteWebDriver.findElement(RemoteWebDriver.java:327)
at org.openqa.selenium.remote.RemoteWebDriver.findElementByXPath(RemoteWebDriver.java:445)
at org.openqa.selenium.By$ByXPath.findElement(By.java:353)
at org.openqa.selenium.remote.RemoteWebDriver.findElement(RemoteWebDriver.java:319)
at com.atmecs.helper.CommonUtility.locatorsType(CommonUtility.java:49)
at com.atmecs.helper.CommonUtility$4.apply(CommonUtility.java:180)
at com.atmecs.helper.CommonUtility$4.apply(CommonUtility.java:1)
at org.openqa.selenium.support.ui.FluentWait.until(FluentWait.java:211)
at com.atmecs.helper.CommonUtility.getText(CommonUtility.java:177)
at com.atmecs.general.AtmecsHomePage.isFooterPresent(AtmecsHomePage.java:80)
at com.atmecs.testscript.AtmecsHomePageScript.validateContactUsFooter(AtmecsHomePageScript.java:102)
at sun.reflect.NativeMethodAccessorImpl.invoke0(Native Method)
at sun.reflect.NativeMethodAccessorImpl.invoke(NativeMethodAccessorImpl.java:62)
at sun.reflect.DelegatingMethodAccessorImpl.invoke(DelegatingMethodAccessorImpl.java:43)
at java.lang.reflect.Method.invoke(Method.java:498)
at org.testng.internal.MethodInvocationHelper.invokeMethod(MethodInvocationHelper.java:133)
at org.testng.internal.TestInvoker.invokeMethod(TestInvoker.java:584)
at org.testng.internal.TestInvoker.invokeTestMethod(TestInvoker.java:172)
at org.testng.internal.MethodRunner.runInSequence(MethodRunner.java:46)
at org.testng.internal.TestInvoker$MethodInvocationAgent.invoke(TestInvoker.java:804)
at org.testng.internal.TestInvoker.invokeTestMethods(TestInvoker.java:145)
at org.testng.internal.TestMethodWorker.invokeTestMethods(TestMethodWorker.java:146)
at org.testng.internal.TestMethodWorker.run(TestMethodWorker.java:128)
at java.util.ArrayList.forEach(ArrayList.java:1257)
at org.testng.TestRunner.privateRun(TestRunner.java:770)
at org.testng.TestRunner.run(TestRunner.java:591)
at org.testng.SuiteRunner.runTest(SuiteRunner.java:402)
at org.testng.SuiteRunner.runSequentially(SuiteRunner.java:396)
at org.testng.SuiteRunner.privateRun(SuiteRunner.java:355)
at org.testng.SuiteRunner.run(SuiteRunner.java:304)
at org.testng.SuiteRunnerWorker.runSuite(SuiteRunnerWorker.java:53)
at org.testng.SuiteRunnerWorker.run(SuiteRunnerWorker.java:96)
at org.testng.TestNG.runSuitesSequentially(TestNG.java:1180)
at org.testng.TestNG.runSuitesLocally(TestNG.java:1102)
at org.testng.TestNG.runSuites(TestNG.java:1032)
at org.testng.TestNG.run(TestNG.java:1000)
at org.testng.remote.AbstractRemoteTestNG.run(AbstractRemoteTestNG.java:115)
at org.testng.remote.RemoteTestNG.initAndRun(RemoteTestNG.java:251)
at org.testng.remote.RemoteTestNG.main(RemoteTestNG.java:77)
]]>
    </error>
  </testcase> <!-- validateContactUsFooter -->
  <testcase name="validateContactUsFooter" time="0.035" classname="com.atmecs.testscript.AtmecsHomePageScript">
    <error type="org.openqa.selenium.NoSuchWindowException" message="Currently focused window has been closed.
Build info: version: &#039;4.0.0-alpha-2&#039;, revision: &#039;f148142cf8&#039;, time: &#039;2019-07-01T20:55:26&#039;
System info: host: &#039;ATMECSINLT-283&#039;, ip: &#039;55.55.52.215&#039;, os.name: &#039;Windows 10&#039;, os.arch: &#039;amd64&#039;, os.version: &#039;10.0&#039;, java.version: &#039;1.8.0_221&#039;
Driver info: org.openqa.selenium.ie.InternetExplorerDriver
Capabilities {acceptInsecureCerts: false, browserName: internet explorer, browserVersion: 11, javascriptEnabled: true, pageLoadStrategy: normal, platform: WINDOWS, platformName: WINDOWS, proxy: Proxy(), se:ieOptions: {browserAttachTimeout: 0, elementScrollBehavior: 0, enablePersistentHover: true, ie.browserCommandLineSwitches: , ie.ensureCleanSession: false, ie.fileUploadDialogTimeout: 3000, ie.forceCreateProcessApi: false, ignoreProtectedModeSettings: false, ignoreZoomSetting: false, initialBrowserUrl: http://localhost:2124/, nativeEvents: true, requireWindowFocus: false}, setWindowRect: true, timeouts: {implicit: 0, pageLoad: 300000, script: 30000}}
Session ID: 055d0f1f-16b1-4577-b4c8-1028878473d8
*** Element info: {Using=xpath, value=//div[@id=&#039;footer&#039;]//a[contains(text(),&#039;Cloud Services&#039;)]}">
      <![CDATA[org.openqa.selenium.NoSuchWindowException: Currently focused window has been closed.
Build info: version: '4.0.0-alpha-2', revision: 'f148142cf8', time: '2019-07-01T20:55:26'
System info: host: 'ATMECSINLT-283', ip: '55.55.52.215', os.name: 'Windows 10', os.arch: 'amd64', os.version: '10.0', java.version: '1.8.0_221'
Driver info: org.openqa.selenium.ie.InternetExplorerDriver
Capabilities {acceptInsecureCerts: false, browserName: internet explorer, browserVersion: 11, javascriptEnabled: true, pageLoadStrategy: normal, platform: WINDOWS, platformName: WINDOWS, proxy: Proxy(), se:ieOptions: {browserAttachTimeout: 0, elementScrollBehavior: 0, enablePersistentHover: true, ie.browserCommandLineSwitches: , ie.ensureCleanSession: false, ie.fileUploadDialogTimeout: 3000, ie.forceCreateProcessApi: false, ignoreProtectedModeSettings: false, ignoreZoomSetting: false, initialBrowserUrl: http://localhost:2124/, nativeEvents: true, requireWindowFocus: false}, setWindowRect: true, timeouts: {implicit: 0, pageLoad: 300000, script: 30000}}
Session ID: 055d0f1f-16b1-4577-b4c8-1028878473d8
*** Element info: {Using=xpath, value=//div[@id='footer']//a[contains(text(),'Cloud Services')]}
at sun.reflect.GeneratedConstructorAccessor25.newInstance(Unknown Source)
at sun.reflect.DelegatingConstructorAccessorImpl.newInstance(DelegatingConstructorAccessorImpl.java:45)
at java.lang.reflect.Constructor.newInstance(Constructor.java:423)
at org.openqa.selenium.remote.codec.w3c.W3CHttpResponseCodec.createException(W3CHttpResponseCodec.java:191)
at org.openqa.selenium.remote.codec.w3c.W3CHttpResponseCodec.decode(W3CHttpResponseCodec.java:125)
at org.openqa.selenium.remote.codec.w3c.W3CHttpResponseCodec.decode(W3CHttpResponseCodec.java:52)
at org.openqa.selenium.remote.HttpCommandExecutor.execute(HttpCommandExecutor.java:161)
at org.openqa.selenium.remote.service.DriverCommandExecutor.execute(DriverCommandExecutor.java:83)
at org.openqa.selenium.remote.RemoteWebDriver.execute(RemoteWebDriver.java:576)
at org.openqa.selenium.remote.RemoteWebDriver.findElement(RemoteWebDriver.java:327)
at org.openqa.selenium.remote.RemoteWebDriver.findElementByXPath(RemoteWebDriver.java:445)
at org.openqa.selenium.By$ByXPath.findElement(By.java:353)
at org.openqa.selenium.remote.RemoteWebDriver.findElement(RemoteWebDriver.java:319)
at com.atmecs.helper.CommonUtility.locatorsType(CommonUtility.java:49)
at com.atmecs.helper.CommonUtility$4.apply(CommonUtility.java:180)
at com.atmecs.helper.CommonUtility$4.apply(CommonUtility.java:1)
at org.openqa.selenium.support.ui.FluentWait.until(FluentWait.java:211)
at com.atmecs.helper.CommonUtility.getText(CommonUtility.java:177)
at com.atmecs.general.AtmecsHomePage.isFooterPresent(AtmecsHomePage.java:80)
at com.atmecs.testscript.AtmecsHomePageScript.validateContactUsFooter(AtmecsHomePageScript.java:102)
at sun.reflect.GeneratedMethodAccessor8.invoke(Unknown Source)
at sun.reflect.DelegatingMethodAccessorImpl.invoke(DelegatingMethodAccessorImpl.java:43)
at java.lang.reflect.Method.invoke(Method.java:498)
at org.testng.internal.MethodInvocationHelper.invokeMethod(MethodInvocationHelper.java:133)
at org.testng.internal.TestInvoker.invokeMethod(TestInvoker.java:584)
at org.testng.internal.TestInvoker.invokeTestMethod(TestInvoker.java:172)
at org.testng.internal.MethodRunner.runInSequence(MethodRunner.java:46)
at org.testng.internal.TestInvoker$MethodInvocationAgent.invoke(TestInvoker.java:804)
at org.testng.internal.TestInvoker.invokeTestMethods(TestInvoker.java:145)
at org.testng.internal.TestMethodWorker.invokeTestMethods(TestMethodWorker.java:146)
at org.testng.internal.TestMethodWorker.run(TestMethodWorker.java:128)
at java.util.ArrayList.forEach(ArrayList.java:1257)
at org.testng.TestRunner.privateRun(TestRunner.java:770)
at org.testng.TestRunner.run(TestRunner.java:591)
at org.testng.SuiteRunner.runTest(SuiteRunner.java:402)
at org.testng.SuiteRunner.runSequentially(SuiteRunner.java:396)
at org.testng.SuiteRunner.privateRun(SuiteRunner.java:355)
at org.testng.SuiteRunner.run(SuiteRunner.java:304)
at org.testng.SuiteRunnerWorker.runSuite(SuiteRunnerWorker.java:53)
at org.testng.SuiteRunnerWorker.run(SuiteRunnerWorker.java:96)
at org.testng.TestNG.runSuitesSequentially(TestNG.java:1180)
at org.testng.TestNG.runSuitesLocally(TestNG.java:1102)
at org.testng.TestNG.runSuites(TestNG.java:1032)
at org.testng.TestNG.run(TestNG.java:1000)
at org.testng.remote.AbstractRemoteTestNG.run(AbstractRemoteTestNG.java:115)
at org.testng.remote.RemoteTestNG.initAndRun(RemoteTestNG.java:251)
at org.testng.remote.RemoteTestNG.main(RemoteTestNG.java:77)
]]>
    </error>
  </testcase> <!-- validateContactUsFooter -->
  <testcase name="validateContactUsFooter" time="0.022" classname="com.atmecs.testscript.AtmecsHomePageScript">
    <error type="org.openqa.selenium.NoSuchWindowException" message="Currently focused window has been closed.
Build info: version: &#039;4.0.0-alpha-2&#039;, revision: &#039;f148142cf8&#039;, time: &#039;2019-07-01T20:55:26&#039;
System info: host: &#039;ATMECSINLT-283&#039;, ip: &#039;55.55.52.215&#039;, os.name: &#039;Windows 10&#039;, os.arch: &#039;amd64&#039;, os.version: &#039;10.0&#039;, java.version: &#039;1.8.0_221&#039;
Driver info: org.openqa.selenium.ie.InternetExplorerDriver
Capabilities {acceptInsecureCerts: false, browserName: internet explorer, browserVersion: 11, javascriptEnabled: true, pageLoadStrategy: normal, platform: WINDOWS, platformName: WINDOWS, proxy: Proxy(), se:ieOptions: {browserAttachTimeout: 0, elementScrollBehavior: 0, enablePersistentHover: true, ie.browserCommandLineSwitches: , ie.ensureCleanSession: false, ie.fileUploadDialogTimeout: 3000, ie.forceCreateProcessApi: false, ignoreProtectedModeSettings: false, ignoreZoomSetting: false, initialBrowserUrl: http://localhost:2124/, nativeEvents: true, requireWindowFocus: false}, setWindowRect: true, timeouts: {implicit: 0, pageLoad: 300000, script: 30000}}
Session ID: 055d0f1f-16b1-4577-b4c8-1028878473d8
*** Element info: {Using=xpath, value=//div[@id=&#039;footer&#039;]//a[contains(text(),&#039;Internet of Things&#039;)]}">
      <![CDATA[org.openqa.selenium.NoSuchWindowException: Currently focused window has been closed.
Build info: version: '4.0.0-alpha-2', revision: 'f148142cf8', time: '2019-07-01T20:55:26'
System info: host: 'ATMECSINLT-283', ip: '55.55.52.215', os.name: 'Windows 10', os.arch: 'amd64', os.version: '10.0', java.version: '1.8.0_221'
Driver info: org.openqa.selenium.ie.InternetExplorerDriver
Capabilities {acceptInsecureCerts: false, browserName: internet explorer, browserVersion: 11, javascriptEnabled: true, pageLoadStrategy: normal, platform: WINDOWS, platformName: WINDOWS, proxy: Proxy(), se:ieOptions: {browserAttachTimeout: 0, elementScrollBehavior: 0, enablePersistentHover: true, ie.browserCommandLineSwitches: , ie.ensureCleanSession: false, ie.fileUploadDialogTimeout: 3000, ie.forceCreateProcessApi: false, ignoreProtectedModeSettings: false, ignoreZoomSetting: false, initialBrowserUrl: http://localhost:2124/, nativeEvents: true, requireWindowFocus: false}, setWindowRect: true, timeouts: {implicit: 0, pageLoad: 300000, script: 30000}}
Session ID: 055d0f1f-16b1-4577-b4c8-1028878473d8
*** Element info: {Using=xpath, value=//div[@id='footer']//a[contains(text(),'Internet of Things')]}
at sun.reflect.GeneratedConstructorAccessor25.newInstance(Unknown Source)
at sun.reflect.DelegatingConstructorAccessorImpl.newInstance(DelegatingConstructorAccessorImpl.java:45)
at java.lang.reflect.Constructor.newInstance(Constructor.java:423)
at org.openqa.selenium.remote.codec.w3c.W3CHttpResponseCodec.createException(W3CHttpResponseCodec.java:191)
at org.openqa.selenium.remote.codec.w3c.W3CHttpResponseCodec.decode(W3CHttpResponseCodec.java:125)
at org.openqa.selenium.remote.codec.w3c.W3CHttpResponseCodec.decode(W3CHttpResponseCodec.java:52)
at org.openqa.selenium.remote.HttpCommandExecutor.execute(HttpCommandExecutor.java:161)
at org.openqa.selenium.remote.service.DriverCommandExecutor.execute(DriverCommandExecutor.java:83)
at org.openqa.selenium.remote.RemoteWebDriver.execute(RemoteWebDriver.java:576)
at org.openqa.selenium.remote.RemoteWebDriver.findElement(RemoteWebDriver.java:327)
at org.openqa.selenium.remote.RemoteWebDriver.findElementByXPath(RemoteWebDriver.java:445)
at org.openqa.selenium.By$ByXPath.findElement(By.java:353)
at org.openqa.selenium.remote.RemoteWebDriver.findElement(RemoteWebDriver.java:319)
at com.atmecs.helper.CommonUtility.locatorsType(CommonUtility.java:49)
at com.atmecs.helper.CommonUtility$4.apply(CommonUtility.java:180)
at com.atmecs.helper.CommonUtility$4.apply(CommonUtility.java:1)
at org.openqa.selenium.support.ui.FluentWait.until(FluentWait.java:211)
at com.atmecs.helper.CommonUtility.getText(CommonUtility.java:177)
at com.atmecs.general.AtmecsHomePage.isFooterPresent(AtmecsHomePage.java:80)
at com.atmecs.testscript.AtmecsHomePageScript.validateContactUsFooter(AtmecsHomePageScript.java:102)
at sun.reflect.GeneratedMethodAccessor8.invoke(Unknown Source)
at sun.reflect.DelegatingMethodAccessorImpl.invoke(DelegatingMethodAccessorImpl.java:43)
at java.lang.reflect.Method.invoke(Method.java:498)
at org.testng.internal.MethodInvocationHelper.invokeMethod(MethodInvocationHelper.java:133)
at org.testng.internal.TestInvoker.invokeMethod(TestInvoker.java:584)
at org.testng.internal.TestInvoker.invokeTestMethod(TestInvoker.java:172)
at org.testng.internal.MethodRunner.runInSequence(MethodRunner.java:46)
at org.testng.internal.TestInvoker$MethodInvocationAgent.invoke(TestInvoker.java:804)
at org.testng.internal.TestInvoker.invokeTestMethods(TestInvoker.java:145)
at org.testng.internal.TestMethodWorker.invokeTestMethods(TestMethodWorker.java:146)
at org.testng.internal.TestMethodWorker.run(TestMethodWorker.java:128)
at java.util.ArrayList.forEach(ArrayList.java:1257)
at org.testng.TestRunner.privateRun(TestRunner.java:770)
at org.testng.TestRunner.run(TestRunner.java:591)
at org.testng.SuiteRunner.runTest(SuiteRunner.java:402)
at org.testng.SuiteRunner.runSequentially(SuiteRunner.java:396)
at org.testng.SuiteRunner.privateRun(SuiteRunner.java:355)
at org.testng.SuiteRunner.run(SuiteRunner.java:304)
at org.testng.SuiteRunnerWorker.runSuite(SuiteRunnerWorker.java:53)
at org.testng.SuiteRunnerWorker.run(SuiteRunnerWorker.java:96)
at org.testng.TestNG.runSuitesSequentially(TestNG.java:1180)
at org.testng.TestNG.runSuitesLocally(TestNG.java:1102)
at org.testng.TestNG.runSuites(TestNG.java:1032)
at org.testng.TestNG.run(TestNG.java:1000)
at org.testng.remote.AbstractRemoteTestNG.run(AbstractRemoteTestNG.java:115)
at org.testng.remote.RemoteTestNG.initAndRun(RemoteTestNG.java:251)
at org.testng.remote.RemoteTestNG.main(RemoteTestNG.java:77)
]]>
    </error>
  </testcase> <!-- validateContactUsFooter -->
  <testcase name="validateContactUsFooter" time="0.041" classname="com.atmecs.testscript.AtmecsHomePageScript">
    <error type="org.openqa.selenium.NoSuchWindowException" message="Currently focused window has been closed.
Build info: version: &#039;4.0.0-alpha-2&#039;, revision: &#039;f148142cf8&#039;, time: &#039;2019-07-01T20:55:26&#039;
System info: host: &#039;ATMECSINLT-283&#039;, ip: &#039;55.55.52.215&#039;, os.name: &#039;Windows 10&#039;, os.arch: &#039;amd64&#039;, os.version: &#039;10.0&#039;, java.version: &#039;1.8.0_221&#039;
Driver info: org.openqa.selenium.ie.InternetExplorerDriver
Capabilities {acceptInsecureCerts: false, browserName: internet explorer, browserVersion: 11, javascriptEnabled: true, pageLoadStrategy: normal, platform: WINDOWS, platformName: WINDOWS, proxy: Proxy(), se:ieOptions: {browserAttachTimeout: 0, elementScrollBehavior: 0, enablePersistentHover: true, ie.browserCommandLineSwitches: , ie.ensureCleanSession: false, ie.fileUploadDialogTimeout: 3000, ie.forceCreateProcessApi: false, ignoreProtectedModeSettings: false, ignoreZoomSetting: false, initialBrowserUrl: http://localhost:2124/, nativeEvents: true, requireWindowFocus: false}, setWindowRect: true, timeouts: {implicit: 0, pageLoad: 300000, script: 30000}}
Session ID: 055d0f1f-16b1-4577-b4c8-1028878473d8
*** Element info: {Using=xpath, value=//div[@id=&#039;footer&#039;]//a[contains(text(),&#039;Careers&#039;)]}">
      <![CDATA[org.openqa.selenium.NoSuchWindowException: Currently focused window has been closed.
Build info: version: '4.0.0-alpha-2', revision: 'f148142cf8', time: '2019-07-01T20:55:26'
System info: host: 'ATMECSINLT-283', ip: '55.55.52.215', os.name: 'Windows 10', os.arch: 'amd64', os.version: '10.0', java.version: '1.8.0_221'
Driver info: org.openqa.selenium.ie.InternetExplorerDriver
Capabilities {acceptInsecureCerts: false, browserName: internet explorer, browserVersion: 11, javascriptEnabled: true, pageLoadStrategy: normal, platform: WINDOWS, platformName: WINDOWS, proxy: Proxy(), se:ieOptions: {browserAttachTimeout: 0, elementScrollBehavior: 0, enablePersistentHover: true, ie.browserCommandLineSwitches: , ie.ensureCleanSession: false, ie.fileUploadDialogTimeout: 3000, ie.forceCreateProcessApi: false, ignoreProtectedModeSettings: false, ignoreZoomSetting: false, initialBrowserUrl: http://localhost:2124/, nativeEvents: true, requireWindowFocus: false}, setWindowRect: true, timeouts: {implicit: 0, pageLoad: 300000, script: 30000}}
Session ID: 055d0f1f-16b1-4577-b4c8-1028878473d8
*** Element info: {Using=xpath, value=//div[@id='footer']//a[contains(text(),'Careers')]}
at sun.reflect.GeneratedConstructorAccessor25.newInstance(Unknown Source)
at sun.reflect.DelegatingConstructorAccessorImpl.newInstance(DelegatingConstructorAccessorImpl.java:45)
at java.lang.reflect.Constructor.newInstance(Constructor.java:423)
at org.openqa.selenium.remote.codec.w3c.W3CHttpResponseCodec.createException(W3CHttpResponseCodec.java:191)
at org.openqa.selenium.remote.codec.w3c.W3CHttpResponseCodec.decode(W3CHttpResponseCodec.java:125)
at org.openqa.selenium.remote.codec.w3c.W3CHttpResponseCodec.decode(W3CHttpResponseCodec.java:52)
at org.openqa.selenium.remote.HttpCommandExecutor.execute(HttpCommandExecutor.java:161)
at org.openqa.selenium.remote.service.DriverCommandExecutor.execute(DriverCommandExecutor.java:83)
at org.openqa.selenium.remote.RemoteWebDriver.execute(RemoteWebDriver.java:576)
at org.openqa.selenium.remote.RemoteWebDriver.findElement(RemoteWebDriver.java:327)
at org.openqa.selenium.remote.RemoteWebDriver.findElementByXPath(RemoteWebDriver.java:445)
at org.openqa.selenium.By$ByXPath.findElement(By.java:353)
at org.openqa.selenium.remote.RemoteWebDriver.findElement(RemoteWebDriver.java:319)
at com.atmecs.helper.CommonUtility.locatorsType(CommonUtility.java:49)
at com.atmecs.helper.CommonUtility$4.apply(CommonUtility.java:180)
at com.atmecs.helper.CommonUtility$4.apply(CommonUtility.java:1)
at org.openqa.selenium.support.ui.FluentWait.until(FluentWait.java:211)
at com.atmecs.helper.CommonUtility.getText(CommonUtility.java:177)
at com.atmecs.general.AtmecsHomePage.isFooterPresent(AtmecsHomePage.java:80)
at com.atmecs.testscript.AtmecsHomePageScript.validateContactUsFooter(AtmecsHomePageScript.java:102)
at sun.reflect.NativeMethodAccessorImpl.invoke0(Native Method)
at sun.reflect.NativeMethodAccessorImpl.invoke(NativeMethodAccessorImpl.java:62)
at sun.reflect.DelegatingMethodAccessorImpl.invoke(DelegatingMethodAccessorImpl.java:43)
at java.lang.reflect.Method.invoke(Method.java:498)
at org.testng.internal.MethodInvocationHelper.invokeMethod(MethodInvocationHelper.java:133)
at org.testng.internal.TestInvoker.invokeMethod(TestInvoker.java:584)
at org.testng.internal.TestInvoker.invokeTestMethod(TestInvoker.java:172)
at org.testng.internal.MethodRunner.runInSequence(MethodRunner.java:46)
at org.testng.internal.TestInvoker$MethodInvocationAgent.invoke(TestInvoker.java:804)
at org.testng.internal.TestInvoker.invokeTestMethods(TestInvoker.java:145)
at org.testng.internal.TestMethodWorker.invokeTestMethods(TestMethodWorker.java:146)
at org.testng.internal.TestMethodWorker.run(TestMethodWorker.java:128)
at java.util.ArrayList.forEach(ArrayList.java:1257)
at org.testng.TestRunner.privateRun(TestRunner.java:770)
at org.testng.TestRunner.run(TestRunner.java:591)
at org.testng.SuiteRunner.runTest(SuiteRunner.java:402)
at org.testng.SuiteRunner.runSequentially(SuiteRunner.java:396)
at org.testng.SuiteRunner.privateRun(SuiteRunner.java:355)
at org.testng.SuiteRunner.run(SuiteRunner.java:304)
at org.testng.SuiteRunnerWorker.runSuite(SuiteRunnerWorker.java:53)
at org.testng.SuiteRunnerWorker.run(SuiteRunnerWorker.java:96)
at org.testng.TestNG.runSuitesSequentially(TestNG.java:1180)
at org.testng.TestNG.runSuitesLocally(TestNG.java:1102)
at org.testng.TestNG.runSuites(TestNG.java:1032)
at org.testng.TestNG.run(TestNG.java:1000)
at org.testng.remote.AbstractRemoteTestNG.run(AbstractRemoteTestNG.java:115)
at org.testng.remote.RemoteTestNG.initAndRun(RemoteTestNG.java:251)
at org.testng.remote.RemoteTestNG.main(RemoteTestNG.java:77)
]]>
    </error>
  </testcase> <!-- validateContactUsFooter -->
  <testcase name="validateContactUsFooter" time="0.024" classname="com.atmecs.testscript.AtmecsHomePageScript">
    <error type="org.openqa.selenium.NoSuchWindowException" message="Currently focused window has been closed.
Build info: version: &#039;4.0.0-alpha-2&#039;, revision: &#039;f148142cf8&#039;, time: &#039;2019-07-01T20:55:26&#039;
System info: host: &#039;ATMECSINLT-283&#039;, ip: &#039;55.55.52.215&#039;, os.name: &#039;Windows 10&#039;, os.arch: &#039;amd64&#039;, os.version: &#039;10.0&#039;, java.version: &#039;1.8.0_221&#039;
Driver info: org.openqa.selenium.ie.InternetExplorerDriver
Capabilities {acceptInsecureCerts: false, browserName: internet explorer, browserVersion: 11, javascriptEnabled: true, pageLoadStrategy: normal, platform: WINDOWS, platformName: WINDOWS, proxy: Proxy(), se:ieOptions: {browserAttachTimeout: 0, elementScrollBehavior: 0, enablePersistentHover: true, ie.browserCommandLineSwitches: , ie.ensureCleanSession: false, ie.fileUploadDialogTimeout: 3000, ie.forceCreateProcessApi: false, ignoreProtectedModeSettings: false, ignoreZoomSetting: false, initialBrowserUrl: http://localhost:2124/, nativeEvents: true, requireWindowFocus: false}, setWindowRect: true, timeouts: {implicit: 0, pageLoad: 300000, script: 30000}}
Session ID: 055d0f1f-16b1-4577-b4c8-1028878473d8
*** Element info: {Using=xpath, value=//div[@id=&#039;footer&#039;]//a[contains(text(),&#039;US Headquarters&#039;)]}">
      <![CDATA[org.openqa.selenium.NoSuchWindowException: Currently focused window has been closed.
Build info: version: '4.0.0-alpha-2', revision: 'f148142cf8', time: '2019-07-01T20:55:26'
System info: host: 'ATMECSINLT-283', ip: '55.55.52.215', os.name: 'Windows 10', os.arch: 'amd64', os.version: '10.0', java.version: '1.8.0_221'
Driver info: org.openqa.selenium.ie.InternetExplorerDriver
Capabilities {acceptInsecureCerts: false, browserName: internet explorer, browserVersion: 11, javascriptEnabled: true, pageLoadStrategy: normal, platform: WINDOWS, platformName: WINDOWS, proxy: Proxy(), se:ieOptions: {browserAttachTimeout: 0, elementScrollBehavior: 0, enablePersistentHover: true, ie.browserCommandLineSwitches: , ie.ensureCleanSession: false, ie.fileUploadDialogTimeout: 3000, ie.forceCreateProcessApi: false, ignoreProtectedModeSettings: false, ignoreZoomSetting: false, initialBrowserUrl: http://localhost:2124/, nativeEvents: true, requireWindowFocus: false}, setWindowRect: true, timeouts: {implicit: 0, pageLoad: 300000, script: 30000}}
Session ID: 055d0f1f-16b1-4577-b4c8-1028878473d8
*** Element info: {Using=xpath, value=//div[@id='footer']//a[contains(text(),'US Headquarters')]}
at sun.reflect.GeneratedConstructorAccessor25.newInstance(Unknown Source)
at sun.reflect.DelegatingConstructorAccessorImpl.newInstance(DelegatingConstructorAccessorImpl.java:45)
at java.lang.reflect.Constructor.newInstance(Constructor.java:423)
at org.openqa.selenium.remote.codec.w3c.W3CHttpResponseCodec.createException(W3CHttpResponseCodec.java:191)
at org.openqa.selenium.remote.codec.w3c.W3CHttpResponseCodec.decode(W3CHttpResponseCodec.java:125)
at org.openqa.selenium.remote.codec.w3c.W3CHttpResponseCodec.decode(W3CHttpResponseCodec.java:52)
at org.openqa.selenium.remote.HttpCommandExecutor.execute(HttpCommandExecutor.java:161)
at org.openqa.selenium.remote.service.DriverCommandExecutor.execute(DriverCommandExecutor.java:83)
at org.openqa.selenium.remote.RemoteWebDriver.execute(RemoteWebDriver.java:576)
at org.openqa.selenium.remote.RemoteWebDriver.findElement(RemoteWebDriver.java:327)
at org.openqa.selenium.remote.RemoteWebDriver.findElementByXPath(RemoteWebDriver.java:445)
at org.openqa.selenium.By$ByXPath.findElement(By.java:353)
at org.openqa.selenium.remote.RemoteWebDriver.findElement(RemoteWebDriver.java:319)
at com.atmecs.helper.CommonUtility.locatorsType(CommonUtility.java:49)
at com.atmecs.helper.CommonUtility$4.apply(CommonUtility.java:180)
at com.atmecs.helper.CommonUtility$4.apply(CommonUtility.java:1)
at org.openqa.selenium.support.ui.FluentWait.until(FluentWait.java:211)
at com.atmecs.helper.CommonUtility.getText(CommonUtility.java:177)
at com.atmecs.general.AtmecsHomePage.isFooterPresent(AtmecsHomePage.java:80)
at com.atmecs.testscript.AtmecsHomePageScript.validateContactUsFooter(AtmecsHomePageScript.java:102)
at sun.reflect.NativeMethodAccessorImpl.invoke0(Native Method)
at sun.reflect.NativeMethodAccessorImpl.invoke(NativeMethodAccessorImpl.java:62)
at sun.reflect.DelegatingMethodAccessorImpl.invoke(DelegatingMethodAccessorImpl.java:43)
at java.lang.reflect.Method.invoke(Method.java:498)
at org.testng.internal.MethodInvocationHelper.invokeMethod(MethodInvocationHelper.java:133)
at org.testng.internal.TestInvoker.invokeMethod(TestInvoker.java:584)
at org.testng.internal.TestInvoker.invokeTestMethod(TestInvoker.java:172)
at org.testng.internal.MethodRunner.runInSequence(MethodRunner.java:46)
at org.testng.internal.TestInvoker$MethodInvocationAgent.invoke(TestInvoker.java:804)
at org.testng.internal.TestInvoker.invokeTestMethods(TestInvoker.java:145)
at org.testng.internal.TestMethodWorker.invokeTestMethods(TestMethodWorker.java:146)
at org.testng.internal.TestMethodWorker.run(TestMethodWorker.java:128)
at java.util.ArrayList.forEach(ArrayList.java:1257)
at org.testng.TestRunner.privateRun(TestRunner.java:770)
at org.testng.TestRunner.run(TestRunner.java:591)
at org.testng.SuiteRunner.runTest(SuiteRunner.java:402)
at org.testng.SuiteRunner.runSequentially(SuiteRunner.java:396)
at org.testng.SuiteRunner.privateRun(SuiteRunner.java:355)
at org.testng.SuiteRunner.run(SuiteRunner.java:304)
at org.testng.SuiteRunnerWorker.runSuite(SuiteRunnerWorker.java:53)
at org.testng.SuiteRunnerWorker.run(SuiteRunnerWorker.java:96)
at org.testng.TestNG.runSuitesSequentially(TestNG.java:1180)
at org.testng.TestNG.runSuitesLocally(TestNG.java:1102)
at org.testng.TestNG.runSuites(TestNG.java:1032)
at org.testng.TestNG.run(TestNG.java:1000)
at org.testng.remote.AbstractRemoteTestNG.run(AbstractRemoteTestNG.java:115)
at org.testng.remote.RemoteTestNG.initAndRun(RemoteTestNG.java:251)
at org.testng.remote.RemoteTestNG.main(RemoteTestNG.java:77)
]]>
    </error>
  </testcase> <!-- validateContactUsFooter -->
  <testcase name="validateContactUsFooter" time="0.023" classname="com.atmecs.testscript.AtmecsHomePageScript">
    <error type="org.openqa.selenium.NoSuchWindowException" message="Currently focused window has been closed.
Build info: version: &#039;4.0.0-alpha-2&#039;, revision: &#039;f148142cf8&#039;, time: &#039;2019-07-01T20:55:26&#039;
System info: host: &#039;ATMECSINLT-283&#039;, ip: &#039;55.55.52.215&#039;, os.name: &#039;Windows 10&#039;, os.arch: &#039;amd64&#039;, os.version: &#039;10.0&#039;, java.version: &#039;1.8.0_221&#039;
Driver info: org.openqa.selenium.ie.InternetExplorerDriver
Capabilities {acceptInsecureCerts: false, browserName: internet explorer, browserVersion: 11, javascriptEnabled: true, pageLoadStrategy: normal, platform: WINDOWS, platformName: WINDOWS, proxy: Proxy(), se:ieOptions: {browserAttachTimeout: 0, elementScrollBehavior: 0, enablePersistentHover: true, ie.browserCommandLineSwitches: , ie.ensureCleanSession: false, ie.fileUploadDialogTimeout: 3000, ie.forceCreateProcessApi: false, ignoreProtectedModeSettings: false, ignoreZoomSetting: false, initialBrowserUrl: http://localhost:2124/, nativeEvents: true, requireWindowFocus: false}, setWindowRect: true, timeouts: {implicit: 0, pageLoad: 300000, script: 30000}}
Session ID: 055d0f1f-16b1-4577-b4c8-1028878473d8
*** Element info: {Using=xpath, value=//div[@id=&#039;footer&#039;]//a[contains(text(),&#039;India – Bangalore&#039;)]}">
      <![CDATA[org.openqa.selenium.NoSuchWindowException: Currently focused window has been closed.
Build info: version: '4.0.0-alpha-2', revision: 'f148142cf8', time: '2019-07-01T20:55:26'
System info: host: 'ATMECSINLT-283', ip: '55.55.52.215', os.name: 'Windows 10', os.arch: 'amd64', os.version: '10.0', java.version: '1.8.0_221'
Driver info: org.openqa.selenium.ie.InternetExplorerDriver
Capabilities {acceptInsecureCerts: false, browserName: internet explorer, browserVersion: 11, javascriptEnabled: true, pageLoadStrategy: normal, platform: WINDOWS, platformName: WINDOWS, proxy: Proxy(), se:ieOptions: {browserAttachTimeout: 0, elementScrollBehavior: 0, enablePersistentHover: true, ie.browserCommandLineSwitches: , ie.ensureCleanSession: false, ie.fileUploadDialogTimeout: 3000, ie.forceCreateProcessApi: false, ignoreProtectedModeSettings: false, ignoreZoomSetting: false, initialBrowserUrl: http://localhost:2124/, nativeEvents: true, requireWindowFocus: false}, setWindowRect: true, timeouts: {implicit: 0, pageLoad: 300000, script: 30000}}
Session ID: 055d0f1f-16b1-4577-b4c8-1028878473d8
*** Element info: {Using=xpath, value=//div[@id='footer']//a[contains(text(),'India – Bangalore')]}
at sun.reflect.GeneratedConstructorAccessor25.newInstance(Unknown Source)
at sun.reflect.DelegatingConstructorAccessorImpl.newInstance(DelegatingConstructorAccessorImpl.java:45)
at java.lang.reflect.Constructor.newInstance(Constructor.java:423)
at org.openqa.selenium.remote.codec.w3c.W3CHttpResponseCodec.createException(W3CHttpResponseCodec.java:191)
at org.openqa.selenium.remote.codec.w3c.W3CHttpResponseCodec.decode(W3CHttpResponseCodec.java:125)
at org.openqa.selenium.remote.codec.w3c.W3CHttpResponseCodec.decode(W3CHttpResponseCodec.java:52)
at org.openqa.selenium.remote.HttpCommandExecutor.execute(HttpCommandExecutor.java:161)
at org.openqa.selenium.remote.service.DriverCommandExecutor.execute(DriverCommandExecutor.java:83)
at org.openqa.selenium.remote.RemoteWebDriver.execute(RemoteWebDriver.java:576)
at org.openqa.selenium.remote.RemoteWebDriver.findElement(RemoteWebDriver.java:327)
at org.openqa.selenium.remote.RemoteWebDriver.findElementByXPath(RemoteWebDriver.java:445)
at org.openqa.selenium.By$ByXPath.findElement(By.java:353)
at org.openqa.selenium.remote.RemoteWebDriver.findElement(RemoteWebDriver.java:319)
at com.atmecs.helper.CommonUtility.locatorsType(CommonUtility.java:49)
at com.atmecs.helper.CommonUtility$4.apply(CommonUtility.java:180)
at com.atmecs.helper.CommonUtility$4.apply(CommonUtility.java:1)
at org.openqa.selenium.support.ui.FluentWait.until(FluentWait.java:211)
at com.atmecs.helper.CommonUtility.getText(CommonUtility.java:177)
at com.atmecs.general.AtmecsHomePage.isFooterPresent(AtmecsHomePage.java:80)
at com.atmecs.testscript.AtmecsHomePageScript.validateContactUsFooter(AtmecsHomePageScript.java:102)
at sun.reflect.GeneratedMethodAccessor8.invoke(Unknown Source)
at sun.reflect.DelegatingMethodAccessorImpl.invoke(DelegatingMethodAccessorImpl.java:43)
at java.lang.reflect.Method.invoke(Method.java:498)
at org.testng.internal.MethodInvocationHelper.invokeMethod(MethodInvocationHelper.java:133)
at org.testng.internal.TestInvoker.invokeMethod(TestInvoker.java:584)
at org.testng.internal.TestInvoker.invokeTestMethod(TestInvoker.java:172)
at org.testng.internal.MethodRunner.runInSequence(MethodRunner.java:46)
at org.testng.internal.TestInvoker$MethodInvocationAgent.invoke(TestInvoker.java:804)
at org.testng.internal.TestInvoker.invokeTestMethods(TestInvoker.java:145)
at org.testng.internal.TestMethodWorker.invokeTestMethods(TestMethodWorker.java:146)
at org.testng.internal.TestMethodWorker.run(TestMethodWorker.java:128)
at java.util.ArrayList.forEach(ArrayList.java:1257)
at org.testng.TestRunner.privateRun(TestRunner.java:770)
at org.testng.TestRunner.run(TestRunner.java:591)
at org.testng.SuiteRunner.runTest(SuiteRunner.java:402)
at org.testng.SuiteRunner.runSequentially(SuiteRunner.java:396)
at org.testng.SuiteRunner.privateRun(SuiteRunner.java:355)
at org.testng.SuiteRunner.run(SuiteRunner.java:304)
at org.testng.SuiteRunnerWorker.runSuite(SuiteRunnerWorker.java:53)
at org.testng.SuiteRunnerWorker.run(SuiteRunnerWorker.java:96)
at org.testng.TestNG.runSuitesSequentially(TestNG.java:1180)
at org.testng.TestNG.runSuitesLocally(TestNG.java:1102)
at org.testng.TestNG.runSuites(TestNG.java:1032)
at org.testng.TestNG.run(TestNG.java:1000)
at org.testng.remote.AbstractRemoteTestNG.run(AbstractRemoteTestNG.java:115)
at org.testng.remote.RemoteTestNG.initAndRun(RemoteTestNG.java:251)
at org.testng.remote.RemoteTestNG.main(RemoteTestNG.java:77)
]]>
    </error>
  </testcase> <!-- validateContactUsFooter -->
  <testcase name="validateContactUsFooter" time="0.033" classname="com.atmecs.testscript.AtmecsHomePageScript">
    <error type="org.openqa.selenium.NoSuchWindowException" message="Currently focused window has been closed.
Build info: version: &#039;4.0.0-alpha-2&#039;, revision: &#039;f148142cf8&#039;, time: &#039;2019-07-01T20:55:26&#039;
System info: host: &#039;ATMECSINLT-283&#039;, ip: &#039;55.55.52.215&#039;, os.name: &#039;Windows 10&#039;, os.arch: &#039;amd64&#039;, os.version: &#039;10.0&#039;, java.version: &#039;1.8.0_221&#039;
Driver info: org.openqa.selenium.ie.InternetExplorerDriver
Capabilities {acceptInsecureCerts: false, browserName: internet explorer, browserVersion: 11, javascriptEnabled: true, pageLoadStrategy: normal, platform: WINDOWS, platformName: WINDOWS, proxy: Proxy(), se:ieOptions: {browserAttachTimeout: 0, elementScrollBehavior: 0, enablePersistentHover: true, ie.browserCommandLineSwitches: , ie.ensureCleanSession: false, ie.fileUploadDialogTimeout: 3000, ie.forceCreateProcessApi: false, ignoreProtectedModeSettings: false, ignoreZoomSetting: false, initialBrowserUrl: http://localhost:2124/, nativeEvents: true, requireWindowFocus: false}, setWindowRect: true, timeouts: {implicit: 0, pageLoad: 300000, script: 30000}}
Session ID: 055d0f1f-16b1-4577-b4c8-1028878473d8
*** Element info: {Using=xpath, value=//div[@id=&#039;footer&#039;]//a[contains(text(),&#039;Artificial Intelligence / Machine Learning&#039;)]}">
      <![CDATA[org.openqa.selenium.NoSuchWindowException: Currently focused window has been closed.
Build info: version: '4.0.0-alpha-2', revision: 'f148142cf8', time: '2019-07-01T20:55:26'
System info: host: 'ATMECSINLT-283', ip: '55.55.52.215', os.name: 'Windows 10', os.arch: 'amd64', os.version: '10.0', java.version: '1.8.0_221'
Driver info: org.openqa.selenium.ie.InternetExplorerDriver
Capabilities {acceptInsecureCerts: false, browserName: internet explorer, browserVersion: 11, javascriptEnabled: true, pageLoadStrategy: normal, platform: WINDOWS, platformName: WINDOWS, proxy: Proxy(), se:ieOptions: {browserAttachTimeout: 0, elementScrollBehavior: 0, enablePersistentHover: true, ie.browserCommandLineSwitches: , ie.ensureCleanSession: false, ie.fileUploadDialogTimeout: 3000, ie.forceCreateProcessApi: false, ignoreProtectedModeSettings: false, ignoreZoomSetting: false, initialBrowserUrl: http://localhost:2124/, nativeEvents: true, requireWindowFocus: false}, setWindowRect: true, timeouts: {implicit: 0, pageLoad: 300000, script: 30000}}
Session ID: 055d0f1f-16b1-4577-b4c8-1028878473d8
*** Element info: {Using=xpath, value=//div[@id='footer']//a[contains(text(),'Artificial Intelligence / Machine Learning')]}
at sun.reflect.GeneratedConstructorAccessor25.newInstance(Unknown Source)
at sun.reflect.DelegatingConstructorAccessorImpl.newInstance(DelegatingConstructorAccessorImpl.java:45)
at java.lang.reflect.Constructor.newInstance(Constructor.java:423)
at org.openqa.selenium.remote.codec.w3c.W3CHttpResponseCodec.createException(W3CHttpResponseCodec.java:191)
at org.openqa.selenium.remote.codec.w3c.W3CHttpResponseCodec.decode(W3CHttpResponseCodec.java:125)
at org.openqa.selenium.remote.codec.w3c.W3CHttpResponseCodec.decode(W3CHttpResponseCodec.java:52)
at org.openqa.selenium.remote.HttpCommandExecutor.execute(HttpCommandExecutor.java:161)
at org.openqa.selenium.remote.service.DriverCommandExecutor.execute(DriverCommandExecutor.java:83)
at org.openqa.selenium.remote.RemoteWebDriver.execute(RemoteWebDriver.java:576)
at org.openqa.selenium.remote.RemoteWebDriver.findElement(RemoteWebDriver.java:327)
at org.openqa.selenium.remote.RemoteWebDriver.findElementByXPath(RemoteWebDriver.java:445)
at org.openqa.selenium.By$ByXPath.findElement(By.java:353)
at org.openqa.selenium.remote.RemoteWebDriver.findElement(RemoteWebDriver.java:319)
at com.atmecs.helper.CommonUtility.locatorsType(CommonUtility.java:49)
at com.atmecs.helper.CommonUtility$4.apply(CommonUtility.java:180)
at com.atmecs.helper.CommonUtility$4.apply(CommonUtility.java:1)
at org.openqa.selenium.support.ui.FluentWait.until(FluentWait.java:211)
at com.atmecs.helper.CommonUtility.getText(CommonUtility.java:177)
at com.atmecs.general.AtmecsHomePage.isFooterPresent(AtmecsHomePage.java:80)
at com.atmecs.testscript.AtmecsHomePageScript.validateContactUsFooter(AtmecsHomePageScript.java:102)
at sun.reflect.GeneratedMethodAccessor8.invoke(Unknown Source)
at sun.reflect.DelegatingMethodAccessorImpl.invoke(DelegatingMethodAccessorImpl.java:43)
at java.lang.reflect.Method.invoke(Method.java:498)
at org.testng.internal.MethodInvocationHelper.invokeMethod(MethodInvocationHelper.java:133)
at org.testng.internal.TestInvoker.invokeMethod(TestInvoker.java:584)
at org.testng.internal.TestInvoker.invokeTestMethod(TestInvoker.java:172)
at org.testng.internal.MethodRunner.runInSequence(MethodRunner.java:46)
at org.testng.internal.TestInvoker$MethodInvocationAgent.invoke(TestInvoker.java:804)
at org.testng.internal.TestInvoker.invokeTestMethods(TestInvoker.java:145)
at org.testng.internal.TestMethodWorker.invokeTestMethods(TestMethodWorker.java:146)
at org.testng.internal.TestMethodWorker.run(TestMethodWorker.java:128)
at java.util.ArrayList.forEach(ArrayList.java:1257)
at org.testng.TestRunner.privateRun(TestRunner.java:770)
at org.testng.TestRunner.run(TestRunner.java:591)
at org.testng.SuiteRunner.runTest(SuiteRunner.java:402)
at org.testng.SuiteRunner.runSequentially(SuiteRunner.java:396)
at org.testng.SuiteRunner.privateRun(SuiteRunner.java:355)
at org.testng.SuiteRunner.run(SuiteRunner.java:304)
at org.testng.SuiteRunnerWorker.runSuite(SuiteRunnerWorker.java:53)
at org.testng.SuiteRunnerWorker.run(SuiteRunnerWorker.java:96)
at org.testng.TestNG.runSuitesSequentially(TestNG.java:1180)
at org.testng.TestNG.runSuitesLocally(TestNG.java:1102)
at org.testng.TestNG.runSuites(TestNG.java:1032)
at org.testng.TestNG.run(TestNG.java:1000)
at org.testng.remote.AbstractRemoteTestNG.run(AbstractRemoteTestNG.java:115)
at org.testng.remote.RemoteTestNG.initAndRun(RemoteTestNG.java:251)
at org.testng.remote.RemoteTestNG.main(RemoteTestNG.java:77)
]]>
    </error>
  </testcase> <!-- validateContactUsFooter -->
  <testcase name="validateContactUsFooter" time="0.027" classname="com.atmecs.testscript.AtmecsHomePageScript">
    <error type="org.openqa.selenium.NoSuchWindowException" message="Currently focused window has been closed.
Build info: version: &#039;4.0.0-alpha-2&#039;, revision: &#039;f148142cf8&#039;, time: &#039;2019-07-01T20:55:26&#039;
System info: host: &#039;ATMECSINLT-283&#039;, ip: &#039;55.55.52.215&#039;, os.name: &#039;Windows 10&#039;, os.arch: &#039;amd64&#039;, os.version: &#039;10.0&#039;, java.version: &#039;1.8.0_221&#039;
Driver info: org.openqa.selenium.ie.InternetExplorerDriver
Capabilities {acceptInsecureCerts: false, browserName: internet explorer, browserVersion: 11, javascriptEnabled: true, pageLoadStrategy: normal, platform: WINDOWS, platformName: WINDOWS, proxy: Proxy(), se:ieOptions: {browserAttachTimeout: 0, elementScrollBehavior: 0, enablePersistentHover: true, ie.browserCommandLineSwitches: , ie.ensureCleanSession: false, ie.fileUploadDialogTimeout: 3000, ie.forceCreateProcessApi: false, ignoreProtectedModeSettings: false, ignoreZoomSetting: false, initialBrowserUrl: http://localhost:2124/, nativeEvents: true, requireWindowFocus: false}, setWindowRect: true, timeouts: {implicit: 0, pageLoad: 300000, script: 30000}}
Session ID: 055d0f1f-16b1-4577-b4c8-1028878473d8
*** Element info: {Using=xpath, value=//div[@id=&#039;footer&#039;]//a[contains(text(),&#039;About Us&#039;)]}">
      <![CDATA[org.openqa.selenium.NoSuchWindowException: Currently focused window has been closed.
Build info: version: '4.0.0-alpha-2', revision: 'f148142cf8', time: '2019-07-01T20:55:26'
System info: host: 'ATMECSINLT-283', ip: '55.55.52.215', os.name: 'Windows 10', os.arch: 'amd64', os.version: '10.0', java.version: '1.8.0_221'
Driver info: org.openqa.selenium.ie.InternetExplorerDriver
Capabilities {acceptInsecureCerts: false, browserName: internet explorer, browserVersion: 11, javascriptEnabled: true, pageLoadStrategy: normal, platform: WINDOWS, platformName: WINDOWS, proxy: Proxy(), se:ieOptions: {browserAttachTimeout: 0, elementScrollBehavior: 0, enablePersistentHover: true, ie.browserCommandLineSwitches: , ie.ensureCleanSession: false, ie.fileUploadDialogTimeout: 3000, ie.forceCreateProcessApi: false, ignoreProtectedModeSettings: false, ignoreZoomSetting: false, initialBrowserUrl: http://localhost:2124/, nativeEvents: true, requireWindowFocus: false}, setWindowRect: true, timeouts: {implicit: 0, pageLoad: 300000, script: 30000}}
Session ID: 055d0f1f-16b1-4577-b4c8-1028878473d8
*** Element info: {Using=xpath, value=//div[@id='footer']//a[contains(text(),'About Us')]}
at sun.reflect.GeneratedConstructorAccessor25.newInstance(Unknown Source)
at sun.reflect.DelegatingConstructorAccessorImpl.newInstance(DelegatingConstructorAccessorImpl.java:45)
at java.lang.reflect.Constructor.newInstance(Constructor.java:423)
at org.openqa.selenium.remote.codec.w3c.W3CHttpResponseCodec.createException(W3CHttpResponseCodec.java:191)
at org.openqa.selenium.remote.codec.w3c.W3CHttpResponseCodec.decode(W3CHttpResponseCodec.java:125)
at org.openqa.selenium.remote.codec.w3c.W3CHttpResponseCodec.decode(W3CHttpResponseCodec.java:52)
at org.openqa.selenium.remote.HttpCommandExecutor.execute(HttpCommandExecutor.java:161)
at org.openqa.selenium.remote.service.DriverCommandExecutor.execute(DriverCommandExecutor.java:83)
at org.openqa.selenium.remote.RemoteWebDriver.execute(RemoteWebDriver.java:576)
at org.openqa.selenium.remote.RemoteWebDriver.findElement(RemoteWebDriver.java:327)
at org.openqa.selenium.remote.RemoteWebDriver.findElementByXPath(RemoteWebDriver.java:445)
at org.openqa.selenium.By$ByXPath.findElement(By.java:353)
at org.openqa.selenium.remote.RemoteWebDriver.findElement(RemoteWebDriver.java:319)
at com.atmecs.helper.CommonUtility.locatorsType(CommonUtility.java:49)
at com.atmecs.helper.CommonUtility$4.apply(CommonUtility.java:180)
at com.atmecs.helper.CommonUtility$4.apply(CommonUtility.java:1)
at org.openqa.selenium.support.ui.FluentWait.until(FluentWait.java:211)
at com.atmecs.helper.CommonUtility.getText(CommonUtility.java:177)
at com.atmecs.general.AtmecsHomePage.isFooterPresent(AtmecsHomePage.java:80)
at com.atmecs.testscript.AtmecsHomePageScript.validateContactUsFooter(AtmecsHomePageScript.java:102)
at sun.reflect.NativeMethodAccessorImpl.invoke0(Native Method)
at sun.reflect.NativeMethodAccessorImpl.invoke(NativeMethodAccessorImpl.java:62)
at sun.reflect.DelegatingMethodAccessorImpl.invoke(DelegatingMethodAccessorImpl.java:43)
at java.lang.reflect.Method.invoke(Method.java:498)
at org.testng.internal.MethodInvocationHelper.invokeMethod(MethodInvocationHelper.java:133)
at org.testng.internal.TestInvoker.invokeMethod(TestInvoker.java:584)
at org.testng.internal.TestInvoker.invokeTestMethod(TestInvoker.java:172)
at org.testng.internal.MethodRunner.runInSequence(MethodRunner.java:46)
at org.testng.internal.TestInvoker$MethodInvocationAgent.invoke(TestInvoker.java:804)
at org.testng.internal.TestInvoker.invokeTestMethods(TestInvoker.java:145)
at org.testng.internal.TestMethodWorker.invokeTestMethods(TestMethodWorker.java:146)
at org.testng.internal.TestMethodWorker.run(TestMethodWorker.java:128)
at java.util.ArrayList.forEach(ArrayList.java:1257)
at org.testng.TestRunner.privateRun(TestRunner.java:770)
at org.testng.TestRunner.run(TestRunner.java:591)
at org.testng.SuiteRunner.runTest(SuiteRunner.java:402)
at org.testng.SuiteRunner.runSequentially(SuiteRunner.java:396)
at org.testng.SuiteRunner.privateRun(SuiteRunner.java:355)
at org.testng.SuiteRunner.run(SuiteRunner.java:304)
at org.testng.SuiteRunnerWorker.runSuite(SuiteRunnerWorker.java:53)
at org.testng.SuiteRunnerWorker.run(SuiteRunnerWorker.java:96)
at org.testng.TestNG.runSuitesSequentially(TestNG.java:1180)
at org.testng.TestNG.runSuitesLocally(TestNG.java:1102)
at org.testng.TestNG.runSuites(TestNG.java:1032)
at org.testng.TestNG.run(TestNG.java:1000)
at org.testng.remote.AbstractRemoteTestNG.run(AbstractRemoteTestNG.java:115)
at org.testng.remote.RemoteTestNG.initAndRun(RemoteTestNG.java:251)
at org.testng.remote.RemoteTestNG.main(RemoteTestNG.java:77)
]]>
    </error>
  </testcase> <!-- validateContactUsFooter -->
  <testcase name="validateContactUsFooter" time="0.030" classname="com.atmecs.testscript.AtmecsHomePageScript">
    <error type="org.openqa.selenium.NoSuchWindowException" message="Currently focused window has been closed.
Build info: version: &#039;4.0.0-alpha-2&#039;, revision: &#039;f148142cf8&#039;, time: &#039;2019-07-01T20:55:26&#039;
System info: host: &#039;ATMECSINLT-283&#039;, ip: &#039;55.55.52.215&#039;, os.name: &#039;Windows 10&#039;, os.arch: &#039;amd64&#039;, os.version: &#039;10.0&#039;, java.version: &#039;1.8.0_221&#039;
Driver info: org.openqa.selenium.ie.InternetExplorerDriver
Capabilities {acceptInsecureCerts: false, browserName: internet explorer, browserVersion: 11, javascriptEnabled: true, pageLoadStrategy: normal, platform: WINDOWS, platformName: WINDOWS, proxy: Proxy(), se:ieOptions: {browserAttachTimeout: 0, elementScrollBehavior: 0, enablePersistentHover: true, ie.browserCommandLineSwitches: , ie.ensureCleanSession: false, ie.fileUploadDialogTimeout: 3000, ie.forceCreateProcessApi: false, ignoreProtectedModeSettings: false, ignoreZoomSetting: false, initialBrowserUrl: http://localhost:2124/, nativeEvents: true, requireWindowFocus: false}, setWindowRect: true, timeouts: {implicit: 0, pageLoad: 300000, script: 30000}}
Session ID: 055d0f1f-16b1-4577-b4c8-1028878473d8
*** Element info: {Using=xpath, value=//div[@id=&#039;footer&#039;]//a[contains(text(),&#039;Blockchain&#039;)]}">
      <![CDATA[org.openqa.selenium.NoSuchWindowException: Currently focused window has been closed.
Build info: version: '4.0.0-alpha-2', revision: 'f148142cf8', time: '2019-07-01T20:55:26'
System info: host: 'ATMECSINLT-283', ip: '55.55.52.215', os.name: 'Windows 10', os.arch: 'amd64', os.version: '10.0', java.version: '1.8.0_221'
Driver info: org.openqa.selenium.ie.InternetExplorerDriver
Capabilities {acceptInsecureCerts: false, browserName: internet explorer, browserVersion: 11, javascriptEnabled: true, pageLoadStrategy: normal, platform: WINDOWS, platformName: WINDOWS, proxy: Proxy(), se:ieOptions: {browserAttachTimeout: 0, elementScrollBehavior: 0, enablePersistentHover: true, ie.browserCommandLineSwitches: , ie.ensureCleanSession: false, ie.fileUploadDialogTimeout: 3000, ie.forceCreateProcessApi: false, ignoreProtectedModeSettings: false, ignoreZoomSetting: false, initialBrowserUrl: http://localhost:2124/, nativeEvents: true, requireWindowFocus: false}, setWindowRect: true, timeouts: {implicit: 0, pageLoad: 300000, script: 30000}}
Session ID: 055d0f1f-16b1-4577-b4c8-1028878473d8
*** Element info: {Using=xpath, value=//div[@id='footer']//a[contains(text(),'Blockchain')]}
at sun.reflect.GeneratedConstructorAccessor25.newInstance(Unknown Source)
at sun.reflect.DelegatingConstructorAccessorImpl.newInstance(DelegatingConstructorAccessorImpl.java:45)
at java.lang.reflect.Constructor.newInstance(Constructor.java:423)
at org.openqa.selenium.remote.codec.w3c.W3CHttpResponseCodec.createException(W3CHttpResponseCodec.java:191)
at org.openqa.selenium.remote.codec.w3c.W3CHttpResponseCodec.decode(W3CHttpResponseCodec.java:125)
at org.openqa.selenium.remote.codec.w3c.W3CHttpResponseCodec.decode(W3CHttpResponseCodec.java:52)
at org.openqa.selenium.remote.HttpCommandExecutor.execute(HttpCommandExecutor.java:161)
at org.openqa.selenium.remote.service.DriverCommandExecutor.execute(DriverCommandExecutor.java:83)
at org.openqa.selenium.remote.RemoteWebDriver.execute(RemoteWebDriver.java:576)
at org.openqa.selenium.remote.RemoteWebDriver.findElement(RemoteWebDriver.java:327)
at org.openqa.selenium.remote.RemoteWebDriver.findElementByXPath(RemoteWebDriver.java:445)
at org.openqa.selenium.By$ByXPath.findElement(By.java:353)
at org.openqa.selenium.remote.RemoteWebDriver.findElement(RemoteWebDriver.java:319)
at com.atmecs.helper.CommonUtility.locatorsType(CommonUtility.java:49)
at com.atmecs.helper.CommonUtility$4.apply(CommonUtility.java:180)
at com.atmecs.helper.CommonUtility$4.apply(CommonUtility.java:1)
at org.openqa.selenium.support.ui.FluentWait.until(FluentWait.java:211)
at com.atmecs.helper.CommonUtility.getText(CommonUtility.java:177)
at com.atmecs.general.AtmecsHomePage.isFooterPresent(AtmecsHomePage.java:80)
at com.atmecs.testscript.AtmecsHomePageScript.validateContactUsFooter(AtmecsHomePageScript.java:102)
at sun.reflect.GeneratedMethodAccessor8.invoke(Unknown Source)
at sun.reflect.DelegatingMethodAccessorImpl.invoke(DelegatingMethodAccessorImpl.java:43)
at java.lang.reflect.Method.invoke(Method.java:498)
at org.testng.internal.MethodInvocationHelper.invokeMethod(MethodInvocationHelper.java:133)
at org.testng.internal.TestInvoker.invokeMethod(TestInvoker.java:584)
at org.testng.internal.TestInvoker.invokeTestMethod(TestInvoker.java:172)
at org.testng.internal.MethodRunner.runInSequence(MethodRunner.java:46)
at org.testng.internal.TestInvoker$MethodInvocationAgent.invoke(TestInvoker.java:804)
at org.testng.internal.TestInvoker.invokeTestMethods(TestInvoker.java:145)
at org.testng.internal.TestMethodWorker.invokeTestMethods(TestMethodWorker.java:146)
at org.testng.internal.TestMethodWorker.run(TestMethodWorker.java:128)
at java.util.ArrayList.forEach(ArrayList.java:1257)
at org.testng.TestRunner.privateRun(TestRunner.java:770)
at org.testng.TestRunner.run(TestRunner.java:591)
at org.testng.SuiteRunner.runTest(SuiteRunner.java:402)
at org.testng.SuiteRunner.runSequentially(SuiteRunner.java:396)
at org.testng.SuiteRunner.privateRun(SuiteRunner.java:355)
at org.testng.SuiteRunner.run(SuiteRunner.java:304)
at org.testng.SuiteRunnerWorker.runSuite(SuiteRunnerWorker.java:53)
at org.testng.SuiteRunnerWorker.run(SuiteRunnerWorker.java:96)
at org.testng.TestNG.runSuitesSequentially(TestNG.java:1180)
at org.testng.TestNG.runSuitesLocally(TestNG.java:1102)
at org.testng.TestNG.runSuites(TestNG.java:1032)
at org.testng.TestNG.run(TestNG.java:1000)
at org.testng.remote.AbstractRemoteTestNG.run(AbstractRemoteTestNG.java:115)
at org.testng.remote.RemoteTestNG.initAndRun(RemoteTestNG.java:251)
at org.testng.remote.RemoteTestNG.main(RemoteTestNG.java:77)
]]>
    </error>
  </testcase> <!-- validateContactUsFooter -->
  <testcase name="validateContactUsFooter" time="0.033" classname="com.atmecs.testscript.AtmecsHomePageScript">
    <error type="org.openqa.selenium.NoSuchWindowException" message="Currently focused window has been closed.
Build info: version: &#039;4.0.0-alpha-2&#039;, revision: &#039;f148142cf8&#039;, time: &#039;2019-07-01T20:55:26&#039;
System info: host: &#039;ATMECSINLT-283&#039;, ip: &#039;55.55.52.215&#039;, os.name: &#039;Windows 10&#039;, os.arch: &#039;amd64&#039;, os.version: &#039;10.0&#039;, java.version: &#039;1.8.0_221&#039;
Driver info: org.openqa.selenium.ie.InternetExplorerDriver
Capabilities {acceptInsecureCerts: false, browserName: internet explorer, browserVersion: 11, javascriptEnabled: true, pageLoadStrategy: normal, platform: WINDOWS, platformName: WINDOWS, proxy: Proxy(), se:ieOptions: {browserAttachTimeout: 0, elementScrollBehavior: 0, enablePersistentHover: true, ie.browserCommandLineSwitches: , ie.ensureCleanSession: false, ie.fileUploadDialogTimeout: 3000, ie.forceCreateProcessApi: false, ignoreProtectedModeSettings: false, ignoreZoomSetting: false, initialBrowserUrl: http://localhost:2124/, nativeEvents: true, requireWindowFocus: false}, setWindowRect: true, timeouts: {implicit: 0, pageLoad: 300000, script: 30000}}
Session ID: 055d0f1f-16b1-4577-b4c8-1028878473d8
*** Element info: {Using=xpath, value=//div[@id=&#039;footer&#039;]//a[contains(text(),&#039;Services&#039;)]}">
      <![CDATA[org.openqa.selenium.NoSuchWindowException: Currently focused window has been closed.
Build info: version: '4.0.0-alpha-2', revision: 'f148142cf8', time: '2019-07-01T20:55:26'
System info: host: 'ATMECSINLT-283', ip: '55.55.52.215', os.name: 'Windows 10', os.arch: 'amd64', os.version: '10.0', java.version: '1.8.0_221'
Driver info: org.openqa.selenium.ie.InternetExplorerDriver
Capabilities {acceptInsecureCerts: false, browserName: internet explorer, browserVersion: 11, javascriptEnabled: true, pageLoadStrategy: normal, platform: WINDOWS, platformName: WINDOWS, proxy: Proxy(), se:ieOptions: {browserAttachTimeout: 0, elementScrollBehavior: 0, enablePersistentHover: true, ie.browserCommandLineSwitches: , ie.ensureCleanSession: false, ie.fileUploadDialogTimeout: 3000, ie.forceCreateProcessApi: false, ignoreProtectedModeSettings: false, ignoreZoomSetting: false, initialBrowserUrl: http://localhost:2124/, nativeEvents: true, requireWindowFocus: false}, setWindowRect: true, timeouts: {implicit: 0, pageLoad: 300000, script: 30000}}
Session ID: 055d0f1f-16b1-4577-b4c8-1028878473d8
*** Element info: {Using=xpath, value=//div[@id='footer']//a[contains(text(),'Services')]}
at sun.reflect.GeneratedConstructorAccessor25.newInstance(Unknown Source)
at sun.reflect.DelegatingConstructorAccessorImpl.newInstance(DelegatingConstructorAccessorImpl.java:45)
at java.lang.reflect.Constructor.newInstance(Constructor.java:423)
at org.openqa.selenium.remote.codec.w3c.W3CHttpResponseCodec.createException(W3CHttpResponseCodec.java:191)
at org.openqa.selenium.remote.codec.w3c.W3CHttpResponseCodec.decode(W3CHttpResponseCodec.java:125)
at org.openqa.selenium.remote.codec.w3c.W3CHttpResponseCodec.decode(W3CHttpResponseCodec.java:52)
at org.openqa.selenium.remote.HttpCommandExecutor.execute(HttpCommandExecutor.java:161)
at org.openqa.selenium.remote.service.DriverCommandExecutor.execute(DriverCommandExecutor.java:83)
at org.openqa.selenium.remote.RemoteWebDriver.execute(RemoteWebDriver.java:576)
at org.openqa.selenium.remote.RemoteWebDriver.findElement(RemoteWebDriver.java:327)
at org.openqa.selenium.remote.RemoteWebDriver.findElementByXPath(RemoteWebDriver.java:445)
at org.openqa.selenium.By$ByXPath.findElement(By.java:353)
at org.openqa.selenium.remote.RemoteWebDriver.findElement(RemoteWebDriver.java:319)
at com.atmecs.helper.CommonUtility.locatorsType(CommonUtility.java:49)
at com.atmecs.helper.CommonUtility$4.apply(CommonUtility.java:180)
at com.atmecs.helper.CommonUtility$4.apply(CommonUtility.java:1)
at org.openqa.selenium.support.ui.FluentWait.until(FluentWait.java:211)
at com.atmecs.helper.CommonUtility.getText(CommonUtility.java:177)
at com.atmecs.general.AtmecsHomePage.isFooterPresent(AtmecsHomePage.java:80)
at com.atmecs.testscript.AtmecsHomePageScript.validateContactUsFooter(AtmecsHomePageScript.java:102)
at sun.reflect.NativeMethodAccessorImpl.invoke0(Native Method)
at sun.reflect.NativeMethodAccessorImpl.invoke(NativeMethodAccessorImpl.java:62)
at sun.reflect.DelegatingMethodAccessorImpl.invoke(DelegatingMethodAccessorImpl.java:43)
at java.lang.reflect.Method.invoke(Method.java:498)
at org.testng.internal.MethodInvocationHelper.invokeMethod(MethodInvocationHelper.java:133)
at org.testng.internal.TestInvoker.invokeMethod(TestInvoker.java:584)
at org.testng.internal.TestInvoker.invokeTestMethod(TestInvoker.java:172)
at org.testng.internal.MethodRunner.runInSequence(MethodRunner.java:46)
at org.testng.internal.TestInvoker$MethodInvocationAgent.invoke(TestInvoker.java:804)
at org.testng.internal.TestInvoker.invokeTestMethods(TestInvoker.java:145)
at org.testng.internal.TestMethodWorker.invokeTestMethods(TestMethodWorker.java:146)
at org.testng.internal.TestMethodWorker.run(TestMethodWorker.java:128)
at java.util.ArrayList.forEach(ArrayList.java:1257)
at org.testng.TestRunner.privateRun(TestRunner.java:770)
at org.testng.TestRunner.run(TestRunner.java:591)
at org.testng.SuiteRunner.runTest(SuiteRunner.java:402)
at org.testng.SuiteRunner.runSequentially(SuiteRunner.java:396)
at org.testng.SuiteRunner.privateRun(SuiteRunner.java:355)
at org.testng.SuiteRunner.run(SuiteRunner.java:304)
at org.testng.SuiteRunnerWorker.runSuite(SuiteRunnerWorker.java:53)
at org.testng.SuiteRunnerWorker.run(SuiteRunnerWorker.java:96)
at org.testng.TestNG.runSuitesSequentially(TestNG.java:1180)
at org.testng.TestNG.runSuitesLocally(TestNG.java:1102)
at org.testng.TestNG.runSuites(TestNG.java:1032)
at org.testng.TestNG.run(TestNG.java:1000)
at org.testng.remote.AbstractRemoteTestNG.run(AbstractRemoteTestNG.java:115)
at org.testng.remote.RemoteTestNG.initAndRun(RemoteTestNG.java:251)
at org.testng.remote.RemoteTestNG.main(RemoteTestNG.java:77)
]]>
    </error>
  </testcase> <!-- validateContactUsFooter -->
  <testcase name="validateContactUsFooter" time="0.039" classname="com.atmecs.testscript.AtmecsHomePageScript">
    <error type="org.openqa.selenium.NoSuchWindowException" message="Currently focused window has been closed.
Build info: version: &#039;4.0.0-alpha-2&#039;, revision: &#039;f148142cf8&#039;, time: &#039;2019-07-01T20:55:26&#039;
System info: host: &#039;ATMECSINLT-283&#039;, ip: &#039;55.55.52.215&#039;, os.name: &#039;Windows 10&#039;, os.arch: &#039;amd64&#039;, os.version: &#039;10.0&#039;, java.version: &#039;1.8.0_221&#039;
Driver info: org.openqa.selenium.ie.InternetExplorerDriver
Capabilities {acceptInsecureCerts: false, browserName: internet explorer, browserVersion: 11, javascriptEnabled: true, pageLoadStrategy: normal, platform: WINDOWS, platformName: WINDOWS, proxy: Proxy(), se:ieOptions: {browserAttachTimeout: 0, elementScrollBehavior: 0, enablePersistentHover: true, ie.browserCommandLineSwitches: , ie.ensureCleanSession: false, ie.fileUploadDialogTimeout: 3000, ie.forceCreateProcessApi: false, ignoreProtectedModeSettings: false, ignoreZoomSetting: false, initialBrowserUrl: http://localhost:2124/, nativeEvents: true, requireWindowFocus: false}, setWindowRect: true, timeouts: {implicit: 0, pageLoad: 300000, script: 30000}}
Session ID: 055d0f1f-16b1-4577-b4c8-1028878473d8
*** Element info: {Using=xpath, value=//div[@id=&#039;footer&#039;]//a[contains(text(),&#039;Robotic Process Automation &amp; ChatBOTs&#039;)]}">
      <![CDATA[org.openqa.selenium.NoSuchWindowException: Currently focused window has been closed.
Build info: version: '4.0.0-alpha-2', revision: 'f148142cf8', time: '2019-07-01T20:55:26'
System info: host: 'ATMECSINLT-283', ip: '55.55.52.215', os.name: 'Windows 10', os.arch: 'amd64', os.version: '10.0', java.version: '1.8.0_221'
Driver info: org.openqa.selenium.ie.InternetExplorerDriver
Capabilities {acceptInsecureCerts: false, browserName: internet explorer, browserVersion: 11, javascriptEnabled: true, pageLoadStrategy: normal, platform: WINDOWS, platformName: WINDOWS, proxy: Proxy(), se:ieOptions: {browserAttachTimeout: 0, elementScrollBehavior: 0, enablePersistentHover: true, ie.browserCommandLineSwitches: , ie.ensureCleanSession: false, ie.fileUploadDialogTimeout: 3000, ie.forceCreateProcessApi: false, ignoreProtectedModeSettings: false, ignoreZoomSetting: false, initialBrowserUrl: http://localhost:2124/, nativeEvents: true, requireWindowFocus: false}, setWindowRect: true, timeouts: {implicit: 0, pageLoad: 300000, script: 30000}}
Session ID: 055d0f1f-16b1-4577-b4c8-1028878473d8
*** Element info: {Using=xpath, value=//div[@id='footer']//a[contains(text(),'Robotic Process Automation & ChatBOTs')]}
at sun.reflect.GeneratedConstructorAccessor25.newInstance(Unknown Source)
at sun.reflect.DelegatingConstructorAccessorImpl.newInstance(DelegatingConstructorAccessorImpl.java:45)
at java.lang.reflect.Constructor.newInstance(Constructor.java:423)
at org.openqa.selenium.remote.codec.w3c.W3CHttpResponseCodec.createException(W3CHttpResponseCodec.java:191)
at org.openqa.selenium.remote.codec.w3c.W3CHttpResponseCodec.decode(W3CHttpResponseCodec.java:125)
at org.openqa.selenium.remote.codec.w3c.W3CHttpResponseCodec.decode(W3CHttpResponseCodec.java:52)
at org.openqa.selenium.remote.HttpCommandExecutor.execute(HttpCommandExecutor.java:161)
at org.openqa.selenium.remote.service.DriverCommandExecutor.execute(DriverCommandExecutor.java:83)
at org.openqa.selenium.remote.RemoteWebDriver.execute(RemoteWebDriver.java:576)
at org.openqa.selenium.remote.RemoteWebDriver.findElement(RemoteWebDriver.java:327)
at org.openqa.selenium.remote.RemoteWebDriver.findElementByXPath(RemoteWebDriver.java:445)
at org.openqa.selenium.By$ByXPath.findElement(By.java:353)
at org.openqa.selenium.remote.RemoteWebDriver.findElement(RemoteWebDriver.java:319)
at com.atmecs.helper.CommonUtility.locatorsType(CommonUtility.java:49)
at com.atmecs.helper.CommonUtility$4.apply(CommonUtility.java:180)
at com.atmecs.helper.CommonUtility$4.apply(CommonUtility.java:1)
at org.openqa.selenium.support.ui.FluentWait.until(FluentWait.java:211)
at com.atmecs.helper.CommonUtility.getText(CommonUtility.java:177)
at com.atmecs.general.AtmecsHomePage.isFooterPresent(AtmecsHomePage.java:80)
at com.atmecs.testscript.AtmecsHomePageScript.validateContactUsFooter(AtmecsHomePageScript.java:102)
at sun.reflect.GeneratedMethodAccessor8.invoke(Unknown Source)
at sun.reflect.DelegatingMethodAccessorImpl.invoke(DelegatingMethodAccessorImpl.java:43)
at java.lang.reflect.Method.invoke(Method.java:498)
at org.testng.internal.MethodInvocationHelper.invokeMethod(MethodInvocationHelper.java:133)
at org.testng.internal.TestInvoker.invokeMethod(TestInvoker.java:584)
at org.testng.internal.TestInvoker.invokeTestMethod(TestInvoker.java:172)
at org.testng.internal.MethodRunner.runInSequence(MethodRunner.java:46)
at org.testng.internal.TestInvoker$MethodInvocationAgent.invoke(TestInvoker.java:804)
at org.testng.internal.TestInvoker.invokeTestMethods(TestInvoker.java:145)
at org.testng.internal.TestMethodWorker.invokeTestMethods(TestMethodWorker.java:146)
at org.testng.internal.TestMethodWorker.run(TestMethodWorker.java:128)
at java.util.ArrayList.forEach(ArrayList.java:1257)
at org.testng.TestRunner.privateRun(TestRunner.java:770)
at org.testng.TestRunner.run(TestRunner.java:591)
at org.testng.SuiteRunner.runTest(SuiteRunner.java:402)
at org.testng.SuiteRunner.runSequentially(SuiteRunner.java:396)
at org.testng.SuiteRunner.privateRun(SuiteRunner.java:355)
at org.testng.SuiteRunner.run(SuiteRunner.java:304)
at org.testng.SuiteRunnerWorker.runSuite(SuiteRunnerWorker.java:53)
at org.testng.SuiteRunnerWorker.run(SuiteRunnerWorker.java:96)
at org.testng.TestNG.runSuitesSequentially(TestNG.java:1180)
at org.testng.TestNG.runSuitesLocally(TestNG.java:1102)
at org.testng.TestNG.runSuites(TestNG.java:1032)
at org.testng.TestNG.run(TestNG.java:1000)
at org.testng.remote.AbstractRemoteTestNG.run(AbstractRemoteTestNG.java:115)
at org.testng.remote.RemoteTestNG.initAndRun(RemoteTestNG.java:251)
at org.testng.remote.RemoteTestNG.main(RemoteTestNG.java:77)
]]>
    </error>
  </testcase> <!-- validateContactUsFooter -->
  <testcase name="validateContactUsFooter" time="0.016" classname="com.atmecs.testscript.AtmecsHomePageScript">
    <error type="org.openqa.selenium.NoSuchWindowException" message="Currently focused window has been closed.
Build info: version: &#039;4.0.0-alpha-2&#039;, revision: &#039;f148142cf8&#039;, time: &#039;2019-07-01T20:55:26&#039;
System info: host: &#039;ATMECSINLT-283&#039;, ip: &#039;55.55.52.215&#039;, os.name: &#039;Windows 10&#039;, os.arch: &#039;amd64&#039;, os.version: &#039;10.0&#039;, java.version: &#039;1.8.0_221&#039;
Driver info: org.openqa.selenium.ie.InternetExplorerDriver
Capabilities {acceptInsecureCerts: false, browserName: internet explorer, browserVersion: 11, javascriptEnabled: true, pageLoadStrategy: normal, platform: WINDOWS, platformName: WINDOWS, proxy: Proxy(), se:ieOptions: {browserAttachTimeout: 0, elementScrollBehavior: 0, enablePersistentHover: true, ie.browserCommandLineSwitches: , ie.ensureCleanSession: false, ie.fileUploadDialogTimeout: 3000, ie.forceCreateProcessApi: false, ignoreProtectedModeSettings: false, ignoreZoomSetting: false, initialBrowserUrl: http://localhost:2124/, nativeEvents: true, requireWindowFocus: false}, setWindowRect: true, timeouts: {implicit: 0, pageLoad: 300000, script: 30000}}
Session ID: 055d0f1f-16b1-4577-b4c8-1028878473d8
*** Element info: {Using=xpath, value=//div[@id=&#039;footer&#039;]//a[contains(text(),&#039;Augmented Reality / Virtual Reality&#039;)]}">
      <![CDATA[org.openqa.selenium.NoSuchWindowException: Currently focused window has been closed.
Build info: version: '4.0.0-alpha-2', revision: 'f148142cf8', time: '2019-07-01T20:55:26'
System info: host: 'ATMECSINLT-283', ip: '55.55.52.215', os.name: 'Windows 10', os.arch: 'amd64', os.version: '10.0', java.version: '1.8.0_221'
Driver info: org.openqa.selenium.ie.InternetExplorerDriver
Capabilities {acceptInsecureCerts: false, browserName: internet explorer, browserVersion: 11, javascriptEnabled: true, pageLoadStrategy: normal, platform: WINDOWS, platformName: WINDOWS, proxy: Proxy(), se:ieOptions: {browserAttachTimeout: 0, elementScrollBehavior: 0, enablePersistentHover: true, ie.browserCommandLineSwitches: , ie.ensureCleanSession: false, ie.fileUploadDialogTimeout: 3000, ie.forceCreateProcessApi: false, ignoreProtectedModeSettings: false, ignoreZoomSetting: false, initialBrowserUrl: http://localhost:2124/, nativeEvents: true, requireWindowFocus: false}, setWindowRect: true, timeouts: {implicit: 0, pageLoad: 300000, script: 30000}}
Session ID: 055d0f1f-16b1-4577-b4c8-1028878473d8
*** Element info: {Using=xpath, value=//div[@id='footer']//a[contains(text(),'Augmented Reality / Virtual Reality')]}
at sun.reflect.GeneratedConstructorAccessor25.newInstance(Unknown Source)
at sun.reflect.DelegatingConstructorAccessorImpl.newInstance(DelegatingConstructorAccessorImpl.java:45)
at java.lang.reflect.Constructor.newInstance(Constructor.java:423)
at org.openqa.selenium.remote.codec.w3c.W3CHttpResponseCodec.createException(W3CHttpResponseCodec.java:191)
at org.openqa.selenium.remote.codec.w3c.W3CHttpResponseCodec.decode(W3CHttpResponseCodec.java:125)
at org.openqa.selenium.remote.codec.w3c.W3CHttpResponseCodec.decode(W3CHttpResponseCodec.java:52)
at org.openqa.selenium.remote.HttpCommandExecutor.execute(HttpCommandExecutor.java:161)
at org.openqa.selenium.remote.service.DriverCommandExecutor.execute(DriverCommandExecutor.java:83)
at org.openqa.selenium.remote.RemoteWebDriver.execute(RemoteWebDriver.java:576)
at org.openqa.selenium.remote.RemoteWebDriver.findElement(RemoteWebDriver.java:327)
at org.openqa.selenium.remote.RemoteWebDriver.findElementByXPath(RemoteWebDriver.java:445)
at org.openqa.selenium.By$ByXPath.findElement(By.java:353)
at org.openqa.selenium.remote.RemoteWebDriver.findElement(RemoteWebDriver.java:319)
at com.atmecs.helper.CommonUtility.locatorsType(CommonUtility.java:49)
at com.atmecs.helper.CommonUtility$4.apply(CommonUtility.java:180)
at com.atmecs.helper.CommonUtility$4.apply(CommonUtility.java:1)
at org.openqa.selenium.support.ui.FluentWait.until(FluentWait.java:211)
at com.atmecs.helper.CommonUtility.getText(CommonUtility.java:177)
at com.atmecs.general.AtmecsHomePage.isFooterPresent(AtmecsHomePage.java:80)
at com.atmecs.testscript.AtmecsHomePageScript.validateContactUsFooter(AtmecsHomePageScript.java:102)
at sun.reflect.GeneratedMethodAccessor8.invoke(Unknown Source)
at sun.reflect.DelegatingMethodAccessorImpl.invoke(DelegatingMethodAccessorImpl.java:43)
at java.lang.reflect.Method.invoke(Method.java:498)
at org.testng.internal.MethodInvocationHelper.invokeMethod(MethodInvocationHelper.java:133)
at org.testng.internal.TestInvoker.invokeMethod(TestInvoker.java:584)
at org.testng.internal.TestInvoker.invokeTestMethod(TestInvoker.java:172)
at org.testng.internal.MethodRunner.runInSequence(MethodRunner.java:46)
at org.testng.internal.TestInvoker$MethodInvocationAgent.invoke(TestInvoker.java:804)
at org.testng.internal.TestInvoker.invokeTestMethods(TestInvoker.java:145)
at org.testng.internal.TestMethodWorker.invokeTestMethods(TestMethodWorker.java:146)
at org.testng.internal.TestMethodWorker.run(TestMethodWorker.java:128)
at java.util.ArrayList.forEach(ArrayList.java:1257)
at org.testng.TestRunner.privateRun(TestRunner.java:770)
at org.testng.TestRunner.run(TestRunner.java:591)
at org.testng.SuiteRunner.runTest(SuiteRunner.java:402)
at org.testng.SuiteRunner.runSequentially(SuiteRunner.java:396)
at org.testng.SuiteRunner.privateRun(SuiteRunner.java:355)
at org.testng.SuiteRunner.run(SuiteRunner.java:304)
at org.testng.SuiteRunnerWorker.runSuite(SuiteRunnerWorker.java:53)
at org.testng.SuiteRunnerWorker.run(SuiteRunnerWorker.java:96)
at org.testng.TestNG.runSuitesSequentially(TestNG.java:1180)
at org.testng.TestNG.runSuitesLocally(TestNG.java:1102)
at org.testng.TestNG.runSuites(TestNG.java:1032)
at org.testng.TestNG.run(TestNG.java:1000)
at org.testng.remote.AbstractRemoteTestNG.run(AbstractRemoteTestNG.java:115)
at org.testng.remote.RemoteTestNG.initAndRun(RemoteTestNG.java:251)
at org.testng.remote.RemoteTestNG.main(RemoteTestNG.java:77)
]]>
    </error>
  </testcase> <!-- validateContactUsFooter -->
  <testcase name="validateContactUsFooter" time="0.025" classname="com.atmecs.testscript.AtmecsHomePageScript">
    <error type="org.openqa.selenium.NoSuchWindowException" message="Currently focused window has been closed.
Build info: version: &#039;4.0.0-alpha-2&#039;, revision: &#039;f148142cf8&#039;, time: &#039;2019-07-01T20:55:26&#039;
System info: host: &#039;ATMECSINLT-283&#039;, ip: &#039;55.55.52.215&#039;, os.name: &#039;Windows 10&#039;, os.arch: &#039;amd64&#039;, os.version: &#039;10.0&#039;, java.version: &#039;1.8.0_221&#039;
Driver info: org.openqa.selenium.ie.InternetExplorerDriver
Capabilities {acceptInsecureCerts: false, browserName: internet explorer, browserVersion: 11, javascriptEnabled: true, pageLoadStrategy: normal, platform: WINDOWS, platformName: WINDOWS, proxy: Proxy(), se:ieOptions: {browserAttachTimeout: 0, elementScrollBehavior: 0, enablePersistentHover: true, ie.browserCommandLineSwitches: , ie.ensureCleanSession: false, ie.fileUploadDialogTimeout: 3000, ie.forceCreateProcessApi: false, ignoreProtectedModeSettings: false, ignoreZoomSetting: false, initialBrowserUrl: http://localhost:2124/, nativeEvents: true, requireWindowFocus: false}, setWindowRect: true, timeouts: {implicit: 0, pageLoad: 300000, script: 30000}}
Session ID: 055d0f1f-16b1-4577-b4c8-1028878473d8
*** Element info: {Using=xpath, value=//div[@id=&#039;footer&#039;]//a[contains(text(),&#039;Case Studies old&#039;)]}">
      <![CDATA[org.openqa.selenium.NoSuchWindowException: Currently focused window has been closed.
Build info: version: '4.0.0-alpha-2', revision: 'f148142cf8', time: '2019-07-01T20:55:26'
System info: host: 'ATMECSINLT-283', ip: '55.55.52.215', os.name: 'Windows 10', os.arch: 'amd64', os.version: '10.0', java.version: '1.8.0_221'
Driver info: org.openqa.selenium.ie.InternetExplorerDriver
Capabilities {acceptInsecureCerts: false, browserName: internet explorer, browserVersion: 11, javascriptEnabled: true, pageLoadStrategy: normal, platform: WINDOWS, platformName: WINDOWS, proxy: Proxy(), se:ieOptions: {browserAttachTimeout: 0, elementScrollBehavior: 0, enablePersistentHover: true, ie.browserCommandLineSwitches: , ie.ensureCleanSession: false, ie.fileUploadDialogTimeout: 3000, ie.forceCreateProcessApi: false, ignoreProtectedModeSettings: false, ignoreZoomSetting: false, initialBrowserUrl: http://localhost:2124/, nativeEvents: true, requireWindowFocus: false}, setWindowRect: true, timeouts: {implicit: 0, pageLoad: 300000, script: 30000}}
Session ID: 055d0f1f-16b1-4577-b4c8-1028878473d8
*** Element info: {Using=xpath, value=//div[@id='footer']//a[contains(text(),'Case Studies old')]}
at sun.reflect.GeneratedConstructorAccessor25.newInstance(Unknown Source)
at sun.reflect.DelegatingConstructorAccessorImpl.newInstance(DelegatingConstructorAccessorImpl.java:45)
at java.lang.reflect.Constructor.newInstance(Constructor.java:423)
at org.openqa.selenium.remote.codec.w3c.W3CHttpResponseCodec.createException(W3CHttpResponseCodec.java:191)
at org.openqa.selenium.remote.codec.w3c.W3CHttpResponseCodec.decode(W3CHttpResponseCodec.java:125)
at org.openqa.selenium.remote.codec.w3c.W3CHttpResponseCodec.decode(W3CHttpResponseCodec.java:52)
at org.openqa.selenium.remote.HttpCommandExecutor.execute(HttpCommandExecutor.java:161)
at org.openqa.selenium.remote.service.DriverCommandExecutor.execute(DriverCommandExecutor.java:83)
at org.openqa.selenium.remote.RemoteWebDriver.execute(RemoteWebDriver.java:576)
at org.openqa.selenium.remote.RemoteWebDriver.findElement(RemoteWebDriver.java:327)
at org.openqa.selenium.remote.RemoteWebDriver.findElementByXPath(RemoteWebDriver.java:445)
at org.openqa.selenium.By$ByXPath.findElement(By.java:353)
at org.openqa.selenium.remote.RemoteWebDriver.findElement(RemoteWebDriver.java:319)
at com.atmecs.helper.CommonUtility.locatorsType(CommonUtility.java:49)
at com.atmecs.helper.CommonUtility$4.apply(CommonUtility.java:180)
at com.atmecs.helper.CommonUtility$4.apply(CommonUtility.java:1)
at org.openqa.selenium.support.ui.FluentWait.until(FluentWait.java:211)
at com.atmecs.helper.CommonUtility.getText(CommonUtility.java:177)
at com.atmecs.general.AtmecsHomePage.isFooterPresent(AtmecsHomePage.java:80)
at com.atmecs.testscript.AtmecsHomePageScript.validateContactUsFooter(AtmecsHomePageScript.java:102)
at sun.reflect.NativeMethodAccessorImpl.invoke0(Native Method)
at sun.reflect.NativeMethodAccessorImpl.invoke(NativeMethodAccessorImpl.java:62)
at sun.reflect.DelegatingMethodAccessorImpl.invoke(DelegatingMethodAccessorImpl.java:43)
at java.lang.reflect.Method.invoke(Method.java:498)
at org.testng.internal.MethodInvocationHelper.invokeMethod(MethodInvocationHelper.java:133)
at org.testng.internal.TestInvoker.invokeMethod(TestInvoker.java:584)
at org.testng.internal.TestInvoker.invokeTestMethod(TestInvoker.java:172)
at org.testng.internal.MethodRunner.runInSequence(MethodRunner.java:46)
at org.testng.internal.TestInvoker$MethodInvocationAgent.invoke(TestInvoker.java:804)
at org.testng.internal.TestInvoker.invokeTestMethods(TestInvoker.java:145)
at org.testng.internal.TestMethodWorker.invokeTestMethods(TestMethodWorker.java:146)
at org.testng.internal.TestMethodWorker.run(TestMethodWorker.java:128)
at java.util.ArrayList.forEach(ArrayList.java:1257)
at org.testng.TestRunner.privateRun(TestRunner.java:770)
at org.testng.TestRunner.run(TestRunner.java:591)
at org.testng.SuiteRunner.runTest(SuiteRunner.java:402)
at org.testng.SuiteRunner.runSequentially(SuiteRunner.java:396)
at org.testng.SuiteRunner.privateRun(SuiteRunner.java:355)
at org.testng.SuiteRunner.run(SuiteRunner.java:304)
at org.testng.SuiteRunnerWorker.runSuite(SuiteRunnerWorker.java:53)
at org.testng.SuiteRunnerWorker.run(SuiteRunnerWorker.java:96)
at org.testng.TestNG.runSuitesSequentially(TestNG.java:1180)
at org.testng.TestNG.runSuitesLocally(TestNG.java:1102)
at org.testng.TestNG.runSuites(TestNG.java:1032)
at org.testng.TestNG.run(TestNG.java:1000)
at org.testng.remote.AbstractRemoteTestNG.run(AbstractRemoteTestNG.java:115)
at org.testng.remote.RemoteTestNG.initAndRun(RemoteTestNG.java:251)
at org.testng.remote.RemoteTestNG.main(RemoteTestNG.java:77)
]]>
    </error>
  </testcase> <!-- validateContactUsFooter -->
  <testcase name="validateContactUsFooter" time="0.030" classname="com.atmecs.testscript.AtmecsHomePageScript">
    <error type="org.openqa.selenium.NoSuchWindowException" message="Currently focused window has been closed.
Build info: version: &#039;4.0.0-alpha-2&#039;, revision: &#039;f148142cf8&#039;, time: &#039;2019-07-01T20:55:26&#039;
System info: host: &#039;ATMECSINLT-283&#039;, ip: &#039;55.55.52.215&#039;, os.name: &#039;Windows 10&#039;, os.arch: &#039;amd64&#039;, os.version: &#039;10.0&#039;, java.version: &#039;1.8.0_221&#039;
Driver info: org.openqa.selenium.ie.InternetExplorerDriver
Capabilities {acceptInsecureCerts: false, browserName: internet explorer, browserVersion: 11, javascriptEnabled: true, pageLoadStrategy: normal, platform: WINDOWS, platformName: WINDOWS, proxy: Proxy(), se:ieOptions: {browserAttachTimeout: 0, elementScrollBehavior: 0, enablePersistentHover: true, ie.browserCommandLineSwitches: , ie.ensureCleanSession: false, ie.fileUploadDialogTimeout: 3000, ie.forceCreateProcessApi: false, ignoreProtectedModeSettings: false, ignoreZoomSetting: false, initialBrowserUrl: http://localhost:2124/, nativeEvents: true, requireWindowFocus: false}, setWindowRect: true, timeouts: {implicit: 0, pageLoad: 300000, script: 30000}}
Session ID: 055d0f1f-16b1-4577-b4c8-1028878473d8
*** Element info: {Using=xpath, value=//div[@id=&#039;footer&#039;]//a[contains(text(),&#039;Contact Us&#039;)]}">
      <![CDATA[org.openqa.selenium.NoSuchWindowException: Currently focused window has been closed.
Build info: version: '4.0.0-alpha-2', revision: 'f148142cf8', time: '2019-07-01T20:55:26'
System info: host: 'ATMECSINLT-283', ip: '55.55.52.215', os.name: 'Windows 10', os.arch: 'amd64', os.version: '10.0', java.version: '1.8.0_221'
Driver info: org.openqa.selenium.ie.InternetExplorerDriver
Capabilities {acceptInsecureCerts: false, browserName: internet explorer, browserVersion: 11, javascriptEnabled: true, pageLoadStrategy: normal, platform: WINDOWS, platformName: WINDOWS, proxy: Proxy(), se:ieOptions: {browserAttachTimeout: 0, elementScrollBehavior: 0, enablePersistentHover: true, ie.browserCommandLineSwitches: , ie.ensureCleanSession: false, ie.fileUploadDialogTimeout: 3000, ie.forceCreateProcessApi: false, ignoreProtectedModeSettings: false, ignoreZoomSetting: false, initialBrowserUrl: http://localhost:2124/, nativeEvents: true, requireWindowFocus: false}, setWindowRect: true, timeouts: {implicit: 0, pageLoad: 300000, script: 30000}}
Session ID: 055d0f1f-16b1-4577-b4c8-1028878473d8
*** Element info: {Using=xpath, value=//div[@id='footer']//a[contains(text(),'Contact Us')]}
at sun.reflect.GeneratedConstructorAccessor25.newInstance(Unknown Source)
at sun.reflect.DelegatingConstructorAccessorImpl.newInstance(DelegatingConstructorAccessorImpl.java:45)
at java.lang.reflect.Constructor.newInstance(Constructor.java:423)
at org.openqa.selenium.remote.codec.w3c.W3CHttpResponseCodec.createException(W3CHttpResponseCodec.java:191)
at org.openqa.selenium.remote.codec.w3c.W3CHttpResponseCodec.decode(W3CHttpResponseCodec.java:125)
at org.openqa.selenium.remote.codec.w3c.W3CHttpResponseCodec.decode(W3CHttpResponseCodec.java:52)
at org.openqa.selenium.remote.HttpCommandExecutor.execute(HttpCommandExecutor.java:161)
at org.openqa.selenium.remote.service.DriverCommandExecutor.execute(DriverCommandExecutor.java:83)
at org.openqa.selenium.remote.RemoteWebDriver.execute(RemoteWebDriver.java:576)
at org.openqa.selenium.remote.RemoteWebDriver.findElement(RemoteWebDriver.java:327)
at org.openqa.selenium.remote.RemoteWebDriver.findElementByXPath(RemoteWebDriver.java:445)
at org.openqa.selenium.By$ByXPath.findElement(By.java:353)
at org.openqa.selenium.remote.RemoteWebDriver.findElement(RemoteWebDriver.java:319)
at com.atmecs.helper.CommonUtility.locatorsType(CommonUtility.java:49)
at com.atmecs.helper.CommonUtility$4.apply(CommonUtility.java:180)
at com.atmecs.helper.CommonUtility$4.apply(CommonUtility.java:1)
at org.openqa.selenium.support.ui.FluentWait.until(FluentWait.java:211)
at com.atmecs.helper.CommonUtility.getText(CommonUtility.java:177)
at com.atmecs.general.AtmecsHomePage.isFooterPresent(AtmecsHomePage.java:80)
at com.atmecs.testscript.AtmecsHomePageScript.validateContactUsFooter(AtmecsHomePageScript.java:102)
at sun.reflect.NativeMethodAccessorImpl.invoke0(Native Method)
at sun.reflect.NativeMethodAccessorImpl.invoke(NativeMethodAccessorImpl.java:62)
at sun.reflect.DelegatingMethodAccessorImpl.invoke(DelegatingMethodAccessorImpl.java:43)
at java.lang.reflect.Method.invoke(Method.java:498)
at org.testng.internal.MethodInvocationHelper.invokeMethod(MethodInvocationHelper.java:133)
at org.testng.internal.TestInvoker.invokeMethod(TestInvoker.java:584)
at org.testng.internal.TestInvoker.invokeTestMethod(TestInvoker.java:172)
at org.testng.internal.MethodRunner.runInSequence(MethodRunner.java:46)
at org.testng.internal.TestInvoker$MethodInvocationAgent.invoke(TestInvoker.java:804)
at org.testng.internal.TestInvoker.invokeTestMethods(TestInvoker.java:145)
at org.testng.internal.TestMethodWorker.invokeTestMethods(TestMethodWorker.java:146)
at org.testng.internal.TestMethodWorker.run(TestMethodWorker.java:128)
at java.util.ArrayList.forEach(ArrayList.java:1257)
at org.testng.TestRunner.privateRun(TestRunner.java:770)
at org.testng.TestRunner.run(TestRunner.java:591)
at org.testng.SuiteRunner.runTest(SuiteRunner.java:402)
at org.testng.SuiteRunner.runSequentially(SuiteRunner.java:396)
at org.testng.SuiteRunner.privateRun(SuiteRunner.java:355)
at org.testng.SuiteRunner.run(SuiteRunner.java:304)
at org.testng.SuiteRunnerWorker.runSuite(SuiteRunnerWorker.java:53)
at org.testng.SuiteRunnerWorker.run(SuiteRunnerWorker.java:96)
at org.testng.TestNG.runSuitesSequentially(TestNG.java:1180)
at org.testng.TestNG.runSuitesLocally(TestNG.java:1102)
at org.testng.TestNG.runSuites(TestNG.java:1032)
at org.testng.TestNG.run(TestNG.java:1000)
at org.testng.remote.AbstractRemoteTestNG.run(AbstractRemoteTestNG.java:115)
at org.testng.remote.RemoteTestNG.initAndRun(RemoteTestNG.java:251)
at org.testng.remote.RemoteTestNG.main(RemoteTestNG.java:77)
]]>
    </error>
  </testcase> <!-- validateContactUsFooter -->
  <testcase name="validateContactUsFooter" time="0.014" classname="com.atmecs.testscript.AtmecsHomePageScript">
    <error type="org.openqa.selenium.NoSuchWindowException" message="Currently focused window has been closed.
Build info: version: &#039;4.0.0-alpha-2&#039;, revision: &#039;f148142cf8&#039;, time: &#039;2019-07-01T20:55:26&#039;
System info: host: &#039;ATMECSINLT-283&#039;, ip: &#039;55.55.52.215&#039;, os.name: &#039;Windows 10&#039;, os.arch: &#039;amd64&#039;, os.version: &#039;10.0&#039;, java.version: &#039;1.8.0_221&#039;
Driver info: org.openqa.selenium.ie.InternetExplorerDriver
Capabilities {acceptInsecureCerts: false, browserName: internet explorer, browserVersion: 11, javascriptEnabled: true, pageLoadStrategy: normal, platform: WINDOWS, platformName: WINDOWS, proxy: Proxy(), se:ieOptions: {browserAttachTimeout: 0, elementScrollBehavior: 0, enablePersistentHover: true, ie.browserCommandLineSwitches: , ie.ensureCleanSession: false, ie.fileUploadDialogTimeout: 3000, ie.forceCreateProcessApi: false, ignoreProtectedModeSettings: false, ignoreZoomSetting: false, initialBrowserUrl: http://localhost:2124/, nativeEvents: true, requireWindowFocus: false}, setWindowRect: true, timeouts: {implicit: 0, pageLoad: 300000, script: 30000}}
Session ID: 055d0f1f-16b1-4577-b4c8-1028878473d8
*** Element info: {Using=xpath, value=//div[@id=&#039;footer&#039;]//a[contains(text(),&#039;India – Chennai&#039;)]}">
      <![CDATA[org.openqa.selenium.NoSuchWindowException: Currently focused window has been closed.
Build info: version: '4.0.0-alpha-2', revision: 'f148142cf8', time: '2019-07-01T20:55:26'
System info: host: 'ATMECSINLT-283', ip: '55.55.52.215', os.name: 'Windows 10', os.arch: 'amd64', os.version: '10.0', java.version: '1.8.0_221'
Driver info: org.openqa.selenium.ie.InternetExplorerDriver
Capabilities {acceptInsecureCerts: false, browserName: internet explorer, browserVersion: 11, javascriptEnabled: true, pageLoadStrategy: normal, platform: WINDOWS, platformName: WINDOWS, proxy: Proxy(), se:ieOptions: {browserAttachTimeout: 0, elementScrollBehavior: 0, enablePersistentHover: true, ie.browserCommandLineSwitches: , ie.ensureCleanSession: false, ie.fileUploadDialogTimeout: 3000, ie.forceCreateProcessApi: false, ignoreProtectedModeSettings: false, ignoreZoomSetting: false, initialBrowserUrl: http://localhost:2124/, nativeEvents: true, requireWindowFocus: false}, setWindowRect: true, timeouts: {implicit: 0, pageLoad: 300000, script: 30000}}
Session ID: 055d0f1f-16b1-4577-b4c8-1028878473d8
*** Element info: {Using=xpath, value=//div[@id='footer']//a[contains(text(),'India – Chennai')]}
at sun.reflect.GeneratedConstructorAccessor25.newInstance(Unknown Source)
at sun.reflect.DelegatingConstructorAccessorImpl.newInstance(DelegatingConstructorAccessorImpl.java:45)
at java.lang.reflect.Constructor.newInstance(Constructor.java:423)
at org.openqa.selenium.remote.codec.w3c.W3CHttpResponseCodec.createException(W3CHttpResponseCodec.java:191)
at org.openqa.selenium.remote.codec.w3c.W3CHttpResponseCodec.decode(W3CHttpResponseCodec.java:125)
at org.openqa.selenium.remote.codec.w3c.W3CHttpResponseCodec.decode(W3CHttpResponseCodec.java:52)
at org.openqa.selenium.remote.HttpCommandExecutor.execute(HttpCommandExecutor.java:161)
at org.openqa.selenium.remote.service.DriverCommandExecutor.execute(DriverCommandExecutor.java:83)
at org.openqa.selenium.remote.RemoteWebDriver.execute(RemoteWebDriver.java:576)
at org.openqa.selenium.remote.RemoteWebDriver.findElement(RemoteWebDriver.java:327)
at org.openqa.selenium.remote.RemoteWebDriver.findElementByXPath(RemoteWebDriver.java:445)
at org.openqa.selenium.By$ByXPath.findElement(By.java:353)
at org.openqa.selenium.remote.RemoteWebDriver.findElement(RemoteWebDriver.java:319)
at com.atmecs.helper.CommonUtility.locatorsType(CommonUtility.java:49)
at com.atmecs.helper.CommonUtility$4.apply(CommonUtility.java:180)
at com.atmecs.helper.CommonUtility$4.apply(CommonUtility.java:1)
at org.openqa.selenium.support.ui.FluentWait.until(FluentWait.java:211)
at com.atmecs.helper.CommonUtility.getText(CommonUtility.java:177)
at com.atmecs.general.AtmecsHomePage.isFooterPresent(AtmecsHomePage.java:80)
at com.atmecs.testscript.AtmecsHomePageScript.validateContactUsFooter(AtmecsHomePageScript.java:102)
at sun.reflect.GeneratedMethodAccessor8.invoke(Unknown Source)
at sun.reflect.DelegatingMethodAccessorImpl.invoke(DelegatingMethodAccessorImpl.java:43)
at java.lang.reflect.Method.invoke(Method.java:498)
at org.testng.internal.MethodInvocationHelper.invokeMethod(MethodInvocationHelper.java:133)
at org.testng.internal.TestInvoker.invokeMethod(TestInvoker.java:584)
at org.testng.internal.TestInvoker.invokeTestMethod(TestInvoker.java:172)
at org.testng.internal.MethodRunner.runInSequence(MethodRunner.java:46)
at org.testng.internal.TestInvoker$MethodInvocationAgent.invoke(TestInvoker.java:804)
at org.testng.internal.TestInvoker.invokeTestMethods(TestInvoker.java:145)
at org.testng.internal.TestMethodWorker.invokeTestMethods(TestMethodWorker.java:146)
at org.testng.internal.TestMethodWorker.run(TestMethodWorker.java:128)
at java.util.ArrayList.forEach(ArrayList.java:1257)
at org.testng.TestRunner.privateRun(TestRunner.java:770)
at org.testng.TestRunner.run(TestRunner.java:591)
at org.testng.SuiteRunner.runTest(SuiteRunner.java:402)
at org.testng.SuiteRunner.runSequentially(SuiteRunner.java:396)
at org.testng.SuiteRunner.privateRun(SuiteRunner.java:355)
at org.testng.SuiteRunner.run(SuiteRunner.java:304)
at org.testng.SuiteRunnerWorker.runSuite(SuiteRunnerWorker.java:53)
at org.testng.SuiteRunnerWorker.run(SuiteRunnerWorker.java:96)
at org.testng.TestNG.runSuitesSequentially(TestNG.java:1180)
at org.testng.TestNG.runSuitesLocally(TestNG.java:1102)
at org.testng.TestNG.runSuites(TestNG.java:1032)
at org.testng.TestNG.run(TestNG.java:1000)
at org.testng.remote.AbstractRemoteTestNG.run(AbstractRemoteTestNG.java:115)
at org.testng.remote.RemoteTestNG.initAndRun(RemoteTestNG.java:251)
at org.testng.remote.RemoteTestNG.main(RemoteTestNG.java:77)
]]>
    </error>
  </testcase> <!-- validateContactUsFooter -->
  <testcase name="validateContactUsFooter" time="0.019" classname="com.atmecs.testscript.AtmecsHomePageScript">
    <error type="org.openqa.selenium.NoSuchWindowException" message="Currently focused window has been closed.
Build info: version: &#039;4.0.0-alpha-2&#039;, revision: &#039;f148142cf8&#039;, time: &#039;2019-07-01T20:55:26&#039;
System info: host: &#039;ATMECSINLT-283&#039;, ip: &#039;55.55.52.215&#039;, os.name: &#039;Windows 10&#039;, os.arch: &#039;amd64&#039;, os.version: &#039;10.0&#039;, java.version: &#039;1.8.0_221&#039;
Driver info: org.openqa.selenium.ie.InternetExplorerDriver
Capabilities {acceptInsecureCerts: false, browserName: internet explorer, browserVersion: 11, javascriptEnabled: true, pageLoadStrategy: normal, platform: WINDOWS, platformName: WINDOWS, proxy: Proxy(), se:ieOptions: {browserAttachTimeout: 0, elementScrollBehavior: 0, enablePersistentHover: true, ie.browserCommandLineSwitches: , ie.ensureCleanSession: false, ie.fileUploadDialogTimeout: 3000, ie.forceCreateProcessApi: false, ignoreProtectedModeSettings: false, ignoreZoomSetting: false, initialBrowserUrl: http://localhost:2124/, nativeEvents: true, requireWindowFocus: false}, setWindowRect: true, timeouts: {implicit: 0, pageLoad: 300000, script: 30000}}
Session ID: 055d0f1f-16b1-4577-b4c8-1028878473d8
*** Element info: {Using=xpath, value=//div[@id=&#039;footer&#039;]//a[contains(text(),&#039;info@atmecs.com&#039;)]}">
      <![CDATA[org.openqa.selenium.NoSuchWindowException: Currently focused window has been closed.
Build info: version: '4.0.0-alpha-2', revision: 'f148142cf8', time: '2019-07-01T20:55:26'
System info: host: 'ATMECSINLT-283', ip: '55.55.52.215', os.name: 'Windows 10', os.arch: 'amd64', os.version: '10.0', java.version: '1.8.0_221'
Driver info: org.openqa.selenium.ie.InternetExplorerDriver
Capabilities {acceptInsecureCerts: false, browserName: internet explorer, browserVersion: 11, javascriptEnabled: true, pageLoadStrategy: normal, platform: WINDOWS, platformName: WINDOWS, proxy: Proxy(), se:ieOptions: {browserAttachTimeout: 0, elementScrollBehavior: 0, enablePersistentHover: true, ie.browserCommandLineSwitches: , ie.ensureCleanSession: false, ie.fileUploadDialogTimeout: 3000, ie.forceCreateProcessApi: false, ignoreProtectedModeSettings: false, ignoreZoomSetting: false, initialBrowserUrl: http://localhost:2124/, nativeEvents: true, requireWindowFocus: false}, setWindowRect: true, timeouts: {implicit: 0, pageLoad: 300000, script: 30000}}
Session ID: 055d0f1f-16b1-4577-b4c8-1028878473d8
*** Element info: {Using=xpath, value=//div[@id='footer']//a[contains(text(),'info@atmecs.com')]}
at sun.reflect.GeneratedConstructorAccessor25.newInstance(Unknown Source)
at sun.reflect.DelegatingConstructorAccessorImpl.newInstance(DelegatingConstructorAccessorImpl.java:45)
at java.lang.reflect.Constructor.newInstance(Constructor.java:423)
at org.openqa.selenium.remote.codec.w3c.W3CHttpResponseCodec.createException(W3CHttpResponseCodec.java:191)
at org.openqa.selenium.remote.codec.w3c.W3CHttpResponseCodec.decode(W3CHttpResponseCodec.java:125)
at org.openqa.selenium.remote.codec.w3c.W3CHttpResponseCodec.decode(W3CHttpResponseCodec.java:52)
at org.openqa.selenium.remote.HttpCommandExecutor.execute(HttpCommandExecutor.java:161)
at org.openqa.selenium.remote.service.DriverCommandExecutor.execute(DriverCommandExecutor.java:83)
at org.openqa.selenium.remote.RemoteWebDriver.execute(RemoteWebDriver.java:576)
at org.openqa.selenium.remote.RemoteWebDriver.findElement(RemoteWebDriver.java:327)
at org.openqa.selenium.remote.RemoteWebDriver.findElementByXPath(RemoteWebDriver.java:445)
at org.openqa.selenium.By$ByXPath.findElement(By.java:353)
at org.openqa.selenium.remote.RemoteWebDriver.findElement(RemoteWebDriver.java:319)
at com.atmecs.helper.CommonUtility.locatorsType(CommonUtility.java:49)
at com.atmecs.helper.CommonUtility$4.apply(CommonUtility.java:180)
at com.atmecs.helper.CommonUtility$4.apply(CommonUtility.java:1)
at org.openqa.selenium.support.ui.FluentWait.until(FluentWait.java:211)
at com.atmecs.helper.CommonUtility.getText(CommonUtility.java:177)
at com.atmecs.general.AtmecsHomePage.isFooterPresent(AtmecsHomePage.java:80)
at com.atmecs.testscript.AtmecsHomePageScript.validateContactUsFooter(AtmecsHomePageScript.java:102)
at sun.reflect.GeneratedMethodAccessor8.invoke(Unknown Source)
at sun.reflect.DelegatingMethodAccessorImpl.invoke(DelegatingMethodAccessorImpl.java:43)
at java.lang.reflect.Method.invoke(Method.java:498)
at org.testng.internal.MethodInvocationHelper.invokeMethod(MethodInvocationHelper.java:133)
at org.testng.internal.TestInvoker.invokeMethod(TestInvoker.java:584)
at org.testng.internal.TestInvoker.invokeTestMethod(TestInvoker.java:172)
at org.testng.internal.MethodRunner.runInSequence(MethodRunner.java:46)
at org.testng.internal.TestInvoker$MethodInvocationAgent.invoke(TestInvoker.java:804)
at org.testng.internal.TestInvoker.invokeTestMethods(TestInvoker.java:145)
at org.testng.internal.TestMethodWorker.invokeTestMethods(TestMethodWorker.java:146)
at org.testng.internal.TestMethodWorker.run(TestMethodWorker.java:128)
at java.util.ArrayList.forEach(ArrayList.java:1257)
at org.testng.TestRunner.privateRun(TestRunner.java:770)
at org.testng.TestRunner.run(TestRunner.java:591)
at org.testng.SuiteRunner.runTest(SuiteRunner.java:402)
at org.testng.SuiteRunner.runSequentially(SuiteRunner.java:396)
at org.testng.SuiteRunner.privateRun(SuiteRunner.java:355)
at org.testng.SuiteRunner.run(SuiteRunner.java:304)
at org.testng.SuiteRunnerWorker.runSuite(SuiteRunnerWorker.java:53)
at org.testng.SuiteRunnerWorker.run(SuiteRunnerWorker.java:96)
at org.testng.TestNG.runSuitesSequentially(TestNG.java:1180)
at org.testng.TestNG.runSuitesLocally(TestNG.java:1102)
at org.testng.TestNG.runSuites(TestNG.java:1032)
at org.testng.TestNG.run(TestNG.java:1000)
at org.testng.remote.AbstractRemoteTestNG.run(AbstractRemoteTestNG.java:115)
at org.testng.remote.RemoteTestNG.initAndRun(RemoteTestNG.java:251)
at org.testng.remote.RemoteTestNG.main(RemoteTestNG.java:77)
]]>
    </error>
  </testcase> <!-- validateContactUsFooter -->
  <testcase name="validateContactUsFooter" time="0.033" classname="com.atmecs.testscript.AtmecsHomePageScript">
    <error type="org.openqa.selenium.NoSuchWindowException" message="Currently focused window has been closed.
Build info: version: &#039;4.0.0-alpha-2&#039;, revision: &#039;f148142cf8&#039;, time: &#039;2019-07-01T20:55:26&#039;
System info: host: &#039;ATMECSINLT-283&#039;, ip: &#039;55.55.52.215&#039;, os.name: &#039;Windows 10&#039;, os.arch: &#039;amd64&#039;, os.version: &#039;10.0&#039;, java.version: &#039;1.8.0_221&#039;
Driver info: org.openqa.selenium.ie.InternetExplorerDriver
Capabilities {acceptInsecureCerts: false, browserName: internet explorer, browserVersion: 11, javascriptEnabled: true, pageLoadStrategy: normal, platform: WINDOWS, platformName: WINDOWS, proxy: Proxy(), se:ieOptions: {browserAttachTimeout: 0, elementScrollBehavior: 0, enablePersistentHover: true, ie.browserCommandLineSwitches: , ie.ensureCleanSession: false, ie.fileUploadDialogTimeout: 3000, ie.forceCreateProcessApi: false, ignoreProtectedModeSettings: false, ignoreZoomSetting: false, initialBrowserUrl: http://localhost:2124/, nativeEvents: true, requireWindowFocus: false}, setWindowRect: true, timeouts: {implicit: 0, pageLoad: 300000, script: 30000}}
Session ID: 055d0f1f-16b1-4577-b4c8-1028878473d8
*** Element info: {Using=xpath, value=//div[@id=&#039;footer&#039;]//a[contains(text(),&#039;Services&#039;)]}">
      <![CDATA[org.openqa.selenium.NoSuchWindowException: Currently focused window has been closed.
Build info: version: '4.0.0-alpha-2', revision: 'f148142cf8', time: '2019-07-01T20:55:26'
System info: host: 'ATMECSINLT-283', ip: '55.55.52.215', os.name: 'Windows 10', os.arch: 'amd64', os.version: '10.0', java.version: '1.8.0_221'
Driver info: org.openqa.selenium.ie.InternetExplorerDriver
Capabilities {acceptInsecureCerts: false, browserName: internet explorer, browserVersion: 11, javascriptEnabled: true, pageLoadStrategy: normal, platform: WINDOWS, platformName: WINDOWS, proxy: Proxy(), se:ieOptions: {browserAttachTimeout: 0, elementScrollBehavior: 0, enablePersistentHover: true, ie.browserCommandLineSwitches: , ie.ensureCleanSession: false, ie.fileUploadDialogTimeout: 3000, ie.forceCreateProcessApi: false, ignoreProtectedModeSettings: false, ignoreZoomSetting: false, initialBrowserUrl: http://localhost:2124/, nativeEvents: true, requireWindowFocus: false}, setWindowRect: true, timeouts: {implicit: 0, pageLoad: 300000, script: 30000}}
Session ID: 055d0f1f-16b1-4577-b4c8-1028878473d8
*** Element info: {Using=xpath, value=//div[@id='footer']//a[contains(text(),'Services')]}
at sun.reflect.GeneratedConstructorAccessor25.newInstance(Unknown Source)
at sun.reflect.DelegatingConstructorAccessorImpl.newInstance(DelegatingConstructorAccessorImpl.java:45)
at java.lang.reflect.Constructor.newInstance(Constructor.java:423)
at org.openqa.selenium.remote.codec.w3c.W3CHttpResponseCodec.createException(W3CHttpResponseCodec.java:191)
at org.openqa.selenium.remote.codec.w3c.W3CHttpResponseCodec.decode(W3CHttpResponseCodec.java:125)
at org.openqa.selenium.remote.codec.w3c.W3CHttpResponseCodec.decode(W3CHttpResponseCodec.java:52)
at org.openqa.selenium.remote.HttpCommandExecutor.execute(HttpCommandExecutor.java:161)
at org.openqa.selenium.remote.service.DriverCommandExecutor.execute(DriverCommandExecutor.java:83)
at org.openqa.selenium.remote.RemoteWebDriver.execute(RemoteWebDriver.java:576)
at org.openqa.selenium.remote.RemoteWebDriver.findElement(RemoteWebDriver.java:327)
at org.openqa.selenium.remote.RemoteWebDriver.findElementByXPath(RemoteWebDriver.java:445)
at org.openqa.selenium.By$ByXPath.findElement(By.java:353)
at org.openqa.selenium.remote.RemoteWebDriver.findElement(RemoteWebDriver.java:319)
at com.atmecs.helper.CommonUtility.locatorsType(CommonUtility.java:49)
at com.atmecs.helper.CommonUtility$4.apply(CommonUtility.java:180)
at com.atmecs.helper.CommonUtility$4.apply(CommonUtility.java:1)
at org.openqa.selenium.support.ui.FluentWait.until(FluentWait.java:211)
at com.atmecs.helper.CommonUtility.getText(CommonUtility.java:177)
at com.atmecs.general.AtmecsHomePage.isFooterPresent(AtmecsHomePage.java:80)
at com.atmecs.testscript.AtmecsHomePageScript.validateContactUsFooter(AtmecsHomePageScript.java:102)
at sun.reflect.NativeMethodAccessorImpl.invoke0(Native Method)
at sun.reflect.NativeMethodAccessorImpl.invoke(NativeMethodAccessorImpl.java:62)
at sun.reflect.DelegatingMethodAccessorImpl.invoke(DelegatingMethodAccessorImpl.java:43)
at java.lang.reflect.Method.invoke(Method.java:498)
at org.testng.internal.MethodInvocationHelper.invokeMethod(MethodInvocationHelper.java:133)
at org.testng.internal.TestInvoker.invokeMethod(TestInvoker.java:584)
at org.testng.internal.TestInvoker.invokeTestMethod(TestInvoker.java:172)
at org.testng.internal.MethodRunner.runInSequence(MethodRunner.java:46)
at org.testng.internal.TestInvoker$MethodInvocationAgent.invoke(TestInvoker.java:804)
at org.testng.internal.TestInvoker.invokeTestMethods(TestInvoker.java:145)
at org.testng.internal.TestMethodWorker.invokeTestMethods(TestMethodWorker.java:146)
at org.testng.internal.TestMethodWorker.run(TestMethodWorker.java:128)
at java.util.ArrayList.forEach(ArrayList.java:1257)
at org.testng.TestRunner.privateRun(TestRunner.java:770)
at org.testng.TestRunner.run(TestRunner.java:591)
at org.testng.SuiteRunner.runTest(SuiteRunner.java:402)
at org.testng.SuiteRunner.runSequentially(SuiteRunner.java:396)
at org.testng.SuiteRunner.privateRun(SuiteRunner.java:355)
at org.testng.SuiteRunner.run(SuiteRunner.java:304)
at org.testng.SuiteRunnerWorker.runSuite(SuiteRunnerWorker.java:53)
at org.testng.SuiteRunnerWorker.run(SuiteRunnerWorker.java:96)
at org.testng.TestNG.runSuitesSequentially(TestNG.java:1180)
at org.testng.TestNG.runSuitesLocally(TestNG.java:1102)
at org.testng.TestNG.runSuites(TestNG.java:1032)
at org.testng.TestNG.run(TestNG.java:1000)
at org.testng.remote.AbstractRemoteTestNG.run(AbstractRemoteTestNG.java:115)
at org.testng.remote.RemoteTestNG.initAndRun(RemoteTestNG.java:251)
at org.testng.remote.RemoteTestNG.main(RemoteTestNG.java:77)
]]>
    </error>
  </testcase> <!-- validateContactUsFooter -->
  <testcase name="validateContactUsFooter" time="0.019" classname="com.atmecs.testscript.AtmecsHomePageScript">
    <error type="org.openqa.selenium.NoSuchWindowException" message="Currently focused window has been closed.
Build info: version: &#039;4.0.0-alpha-2&#039;, revision: &#039;f148142cf8&#039;, time: &#039;2019-07-01T20:55:26&#039;
System info: host: &#039;ATMECSINLT-283&#039;, ip: &#039;55.55.52.215&#039;, os.name: &#039;Windows 10&#039;, os.arch: &#039;amd64&#039;, os.version: &#039;10.0&#039;, java.version: &#039;1.8.0_221&#039;
Driver info: org.openqa.selenium.ie.InternetExplorerDriver
Capabilities {acceptInsecureCerts: false, browserName: internet explorer, browserVersion: 11, javascriptEnabled: true, pageLoadStrategy: normal, platform: WINDOWS, platformName: WINDOWS, proxy: Proxy(), se:ieOptions: {browserAttachTimeout: 0, elementScrollBehavior: 0, enablePersistentHover: true, ie.browserCommandLineSwitches: , ie.ensureCleanSession: false, ie.fileUploadDialogTimeout: 3000, ie.forceCreateProcessApi: false, ignoreProtectedModeSettings: false, ignoreZoomSetting: false, initialBrowserUrl: http://localhost:2124/, nativeEvents: true, requireWindowFocus: false}, setWindowRect: true, timeouts: {implicit: 0, pageLoad: 300000, script: 30000}}
Session ID: 055d0f1f-16b1-4577-b4c8-1028878473d8
*** Element info: {Using=xpath, value=//div[@id=&#039;footer&#039;]//a[contains(text(),&#039;Senior .NET Engineer&#039;)]}">
      <![CDATA[org.openqa.selenium.NoSuchWindowException: Currently focused window has been closed.
Build info: version: '4.0.0-alpha-2', revision: 'f148142cf8', time: '2019-07-01T20:55:26'
System info: host: 'ATMECSINLT-283', ip: '55.55.52.215', os.name: 'Windows 10', os.arch: 'amd64', os.version: '10.0', java.version: '1.8.0_221'
Driver info: org.openqa.selenium.ie.InternetExplorerDriver
Capabilities {acceptInsecureCerts: false, browserName: internet explorer, browserVersion: 11, javascriptEnabled: true, pageLoadStrategy: normal, platform: WINDOWS, platformName: WINDOWS, proxy: Proxy(), se:ieOptions: {browserAttachTimeout: 0, elementScrollBehavior: 0, enablePersistentHover: true, ie.browserCommandLineSwitches: , ie.ensureCleanSession: false, ie.fileUploadDialogTimeout: 3000, ie.forceCreateProcessApi: false, ignoreProtectedModeSettings: false, ignoreZoomSetting: false, initialBrowserUrl: http://localhost:2124/, nativeEvents: true, requireWindowFocus: false}, setWindowRect: true, timeouts: {implicit: 0, pageLoad: 300000, script: 30000}}
Session ID: 055d0f1f-16b1-4577-b4c8-1028878473d8
*** Element info: {Using=xpath, value=//div[@id='footer']//a[contains(text(),'Senior .NET Engineer')]}
at sun.reflect.GeneratedConstructorAccessor25.newInstance(Unknown Source)
at sun.reflect.DelegatingConstructorAccessorImpl.newInstance(DelegatingConstructorAccessorImpl.java:45)
at java.lang.reflect.Constructor.newInstance(Constructor.java:423)
at org.openqa.selenium.remote.codec.w3c.W3CHttpResponseCodec.createException(W3CHttpResponseCodec.java:191)
at org.openqa.selenium.remote.codec.w3c.W3CHttpResponseCodec.decode(W3CHttpResponseCodec.java:125)
at org.openqa.selenium.remote.codec.w3c.W3CHttpResponseCodec.decode(W3CHttpResponseCodec.java:52)
at org.openqa.selenium.remote.HttpCommandExecutor.execute(HttpCommandExecutor.java:161)
at org.openqa.selenium.remote.service.DriverCommandExecutor.execute(DriverCommandExecutor.java:83)
at org.openqa.selenium.remote.RemoteWebDriver.execute(RemoteWebDriver.java:576)
at org.openqa.selenium.remote.RemoteWebDriver.findElement(RemoteWebDriver.java:327)
at org.openqa.selenium.remote.RemoteWebDriver.findElementByXPath(RemoteWebDriver.java:445)
at org.openqa.selenium.By$ByXPath.findElement(By.java:353)
at org.openqa.selenium.remote.RemoteWebDriver.findElement(RemoteWebDriver.java:319)
at com.atmecs.helper.CommonUtility.locatorsType(CommonUtility.java:49)
at com.atmecs.helper.CommonUtility$4.apply(CommonUtility.java:180)
at com.atmecs.helper.CommonUtility$4.apply(CommonUtility.java:1)
at org.openqa.selenium.support.ui.FluentWait.until(FluentWait.java:211)
at com.atmecs.helper.CommonUtility.getText(CommonUtility.java:177)
at com.atmecs.general.AtmecsHomePage.isFooterPresent(AtmecsHomePage.java:80)
at com.atmecs.testscript.AtmecsHomePageScript.validateContactUsFooter(AtmecsHomePageScript.java:102)
at sun.reflect.NativeMethodAccessorImpl.invoke0(Native Method)
at sun.reflect.NativeMethodAccessorImpl.invoke(NativeMethodAccessorImpl.java:62)
at sun.reflect.DelegatingMethodAccessorImpl.invoke(DelegatingMethodAccessorImpl.java:43)
at java.lang.reflect.Method.invoke(Method.java:498)
at org.testng.internal.MethodInvocationHelper.invokeMethod(MethodInvocationHelper.java:133)
at org.testng.internal.TestInvoker.invokeMethod(TestInvoker.java:584)
at org.testng.internal.TestInvoker.invokeTestMethod(TestInvoker.java:172)
at org.testng.internal.MethodRunner.runInSequence(MethodRunner.java:46)
at org.testng.internal.TestInvoker$MethodInvocationAgent.invoke(TestInvoker.java:804)
at org.testng.internal.TestInvoker.invokeTestMethods(TestInvoker.java:145)
at org.testng.internal.TestMethodWorker.invokeTestMethods(TestMethodWorker.java:146)
at org.testng.internal.TestMethodWorker.run(TestMethodWorker.java:128)
at java.util.ArrayList.forEach(ArrayList.java:1257)
at org.testng.TestRunner.privateRun(TestRunner.java:770)
at org.testng.TestRunner.run(TestRunner.java:591)
at org.testng.SuiteRunner.runTest(SuiteRunner.java:402)
at org.testng.SuiteRunner.runSequentially(SuiteRunner.java:396)
at org.testng.SuiteRunner.privateRun(SuiteRunner.java:355)
at org.testng.SuiteRunner.run(SuiteRunner.java:304)
at org.testng.SuiteRunnerWorker.runSuite(SuiteRunnerWorker.java:53)
at org.testng.SuiteRunnerWorker.run(SuiteRunnerWorker.java:96)
at org.testng.TestNG.runSuitesSequentially(TestNG.java:1180)
at org.testng.TestNG.runSuitesLocally(TestNG.java:1102)
at org.testng.TestNG.runSuites(TestNG.java:1032)
at org.testng.TestNG.run(TestNG.java:1000)
at org.testng.remote.AbstractRemoteTestNG.run(AbstractRemoteTestNG.java:115)
at org.testng.remote.RemoteTestNG.initAndRun(RemoteTestNG.java:251)
at org.testng.remote.RemoteTestNG.main(RemoteTestNG.java:77)
]]>
    </error>
  </testcase> <!-- validateContactUsFooter -->
  <testcase name="validateContactUsFooter" time="0.031" classname="com.atmecs.testscript.AtmecsHomePageScript">
    <error type="org.openqa.selenium.NoSuchWindowException" message="Currently focused window has been closed.
Build info: version: &#039;4.0.0-alpha-2&#039;, revision: &#039;f148142cf8&#039;, time: &#039;2019-07-01T20:55:26&#039;
System info: host: &#039;ATMECSINLT-283&#039;, ip: &#039;55.55.52.215&#039;, os.name: &#039;Windows 10&#039;, os.arch: &#039;amd64&#039;, os.version: &#039;10.0&#039;, java.version: &#039;1.8.0_221&#039;
Driver info: org.openqa.selenium.ie.InternetExplorerDriver
Capabilities {acceptInsecureCerts: false, browserName: internet explorer, browserVersion: 11, javascriptEnabled: true, pageLoadStrategy: normal, platform: WINDOWS, platformName: WINDOWS, proxy: Proxy(), se:ieOptions: {browserAttachTimeout: 0, elementScrollBehavior: 0, enablePersistentHover: true, ie.browserCommandLineSwitches: , ie.ensureCleanSession: false, ie.fileUploadDialogTimeout: 3000, ie.forceCreateProcessApi: false, ignoreProtectedModeSettings: false, ignoreZoomSetting: false, initialBrowserUrl: http://localhost:2124/, nativeEvents: true, requireWindowFocus: false}, setWindowRect: true, timeouts: {implicit: 0, pageLoad: 300000, script: 30000}}
Session ID: 055d0f1f-16b1-4577-b4c8-1028878473d8
*** Element info: {Using=xpath, value=//div[@id=&#039;footer&#039;]//a[contains(text(),&#039;Mobile Computing&#039;)]}">
      <![CDATA[org.openqa.selenium.NoSuchWindowException: Currently focused window has been closed.
Build info: version: '4.0.0-alpha-2', revision: 'f148142cf8', time: '2019-07-01T20:55:26'
System info: host: 'ATMECSINLT-283', ip: '55.55.52.215', os.name: 'Windows 10', os.arch: 'amd64', os.version: '10.0', java.version: '1.8.0_221'
Driver info: org.openqa.selenium.ie.InternetExplorerDriver
Capabilities {acceptInsecureCerts: false, browserName: internet explorer, browserVersion: 11, javascriptEnabled: true, pageLoadStrategy: normal, platform: WINDOWS, platformName: WINDOWS, proxy: Proxy(), se:ieOptions: {browserAttachTimeout: 0, elementScrollBehavior: 0, enablePersistentHover: true, ie.browserCommandLineSwitches: , ie.ensureCleanSession: false, ie.fileUploadDialogTimeout: 3000, ie.forceCreateProcessApi: false, ignoreProtectedModeSettings: false, ignoreZoomSetting: false, initialBrowserUrl: http://localhost:2124/, nativeEvents: true, requireWindowFocus: false}, setWindowRect: true, timeouts: {implicit: 0, pageLoad: 300000, script: 30000}}
Session ID: 055d0f1f-16b1-4577-b4c8-1028878473d8
*** Element info: {Using=xpath, value=//div[@id='footer']//a[contains(text(),'Mobile Computing')]}
at sun.reflect.GeneratedConstructorAccessor25.newInstance(Unknown Source)
at sun.reflect.DelegatingConstructorAccessorImpl.newInstance(DelegatingConstructorAccessorImpl.java:45)
at java.lang.reflect.Constructor.newInstance(Constructor.java:423)
at org.openqa.selenium.remote.codec.w3c.W3CHttpResponseCodec.createException(W3CHttpResponseCodec.java:191)
at org.openqa.selenium.remote.codec.w3c.W3CHttpResponseCodec.decode(W3CHttpResponseCodec.java:125)
at org.openqa.selenium.remote.codec.w3c.W3CHttpResponseCodec.decode(W3CHttpResponseCodec.java:52)
at org.openqa.selenium.remote.HttpCommandExecutor.execute(HttpCommandExecutor.java:161)
at org.openqa.selenium.remote.service.DriverCommandExecutor.execute(DriverCommandExecutor.java:83)
at org.openqa.selenium.remote.RemoteWebDriver.execute(RemoteWebDriver.java:576)
at org.openqa.selenium.remote.RemoteWebDriver.findElement(RemoteWebDriver.java:327)
at org.openqa.selenium.remote.RemoteWebDriver.findElementByXPath(RemoteWebDriver.java:445)
at org.openqa.selenium.By$ByXPath.findElement(By.java:353)
at org.openqa.selenium.remote.RemoteWebDriver.findElement(RemoteWebDriver.java:319)
at com.atmecs.helper.CommonUtility.locatorsType(CommonUtility.java:49)
at com.atmecs.helper.CommonUtility$4.apply(CommonUtility.java:180)
at com.atmecs.helper.CommonUtility$4.apply(CommonUtility.java:1)
at org.openqa.selenium.support.ui.FluentWait.until(FluentWait.java:211)
at com.atmecs.helper.CommonUtility.getText(CommonUtility.java:177)
at com.atmecs.general.AtmecsHomePage.isFooterPresent(AtmecsHomePage.java:80)
at com.atmecs.testscript.AtmecsHomePageScript.validateContactUsFooter(AtmecsHomePageScript.java:102)
at sun.reflect.GeneratedMethodAccessor8.invoke(Unknown Source)
at sun.reflect.DelegatingMethodAccessorImpl.invoke(DelegatingMethodAccessorImpl.java:43)
at java.lang.reflect.Method.invoke(Method.java:498)
at org.testng.internal.MethodInvocationHelper.invokeMethod(MethodInvocationHelper.java:133)
at org.testng.internal.TestInvoker.invokeMethod(TestInvoker.java:584)
at org.testng.internal.TestInvoker.invokeTestMethod(TestInvoker.java:172)
at org.testng.internal.MethodRunner.runInSequence(MethodRunner.java:46)
at org.testng.internal.TestInvoker$MethodInvocationAgent.invoke(TestInvoker.java:804)
at org.testng.internal.TestInvoker.invokeTestMethods(TestInvoker.java:145)
at org.testng.internal.TestMethodWorker.invokeTestMethods(TestMethodWorker.java:146)
at org.testng.internal.TestMethodWorker.run(TestMethodWorker.java:128)
at java.util.ArrayList.forEach(ArrayList.java:1257)
at org.testng.TestRunner.privateRun(TestRunner.java:770)
at org.testng.TestRunner.run(TestRunner.java:591)
at org.testng.SuiteRunner.runTest(SuiteRunner.java:402)
at org.testng.SuiteRunner.runSequentially(SuiteRunner.java:396)
at org.testng.SuiteRunner.privateRun(SuiteRunner.java:355)
at org.testng.SuiteRunner.run(SuiteRunner.java:304)
at org.testng.SuiteRunnerWorker.runSuite(SuiteRunnerWorker.java:53)
at org.testng.SuiteRunnerWorker.run(SuiteRunnerWorker.java:96)
at org.testng.TestNG.runSuitesSequentially(TestNG.java:1180)
at org.testng.TestNG.runSuitesLocally(TestNG.java:1102)
at org.testng.TestNG.runSuites(TestNG.java:1032)
at org.testng.TestNG.run(TestNG.java:1000)
at org.testng.remote.AbstractRemoteTestNG.run(AbstractRemoteTestNG.java:115)
at org.testng.remote.RemoteTestNG.initAndRun(RemoteTestNG.java:251)
at org.testng.remote.RemoteTestNG.main(RemoteTestNG.java:77)
]]>
    </error>
  </testcase> <!-- validateContactUsFooter -->
  <testcase name="validateContactUsFooter" time="0.037" classname="com.atmecs.testscript.AtmecsHomePageScript">
    <error type="org.openqa.selenium.NoSuchWindowException" message="Currently focused window has been closed.
Build info: version: &#039;4.0.0-alpha-2&#039;, revision: &#039;f148142cf8&#039;, time: &#039;2019-07-01T20:55:26&#039;
System info: host: &#039;ATMECSINLT-283&#039;, ip: &#039;55.55.52.215&#039;, os.name: &#039;Windows 10&#039;, os.arch: &#039;amd64&#039;, os.version: &#039;10.0&#039;, java.version: &#039;1.8.0_221&#039;
Driver info: org.openqa.selenium.ie.InternetExplorerDriver
Capabilities {acceptInsecureCerts: false, browserName: internet explorer, browserVersion: 11, javascriptEnabled: true, pageLoadStrategy: normal, platform: WINDOWS, platformName: WINDOWS, proxy: Proxy(), se:ieOptions: {browserAttachTimeout: 0, elementScrollBehavior: 0, enablePersistentHover: true, ie.browserCommandLineSwitches: , ie.ensureCleanSession: false, ie.fileUploadDialogTimeout: 3000, ie.forceCreateProcessApi: false, ignoreProtectedModeSettings: false, ignoreZoomSetting: false, initialBrowserUrl: http://localhost:2124/, nativeEvents: true, requireWindowFocus: false}, setWindowRect: true, timeouts: {implicit: 0, pageLoad: 300000, script: 30000}}
Session ID: 055d0f1f-16b1-4577-b4c8-1028878473d8
*** Element info: {Using=xpath, value=//div[@id=&#039;footer&#039;]//a[contains(text(),&#039;Contact Us&#039;)]}">
      <![CDATA[org.openqa.selenium.NoSuchWindowException: Currently focused window has been closed.
Build info: version: '4.0.0-alpha-2', revision: 'f148142cf8', time: '2019-07-01T20:55:26'
System info: host: 'ATMECSINLT-283', ip: '55.55.52.215', os.name: 'Windows 10', os.arch: 'amd64', os.version: '10.0', java.version: '1.8.0_221'
Driver info: org.openqa.selenium.ie.InternetExplorerDriver
Capabilities {acceptInsecureCerts: false, browserName: internet explorer, browserVersion: 11, javascriptEnabled: true, pageLoadStrategy: normal, platform: WINDOWS, platformName: WINDOWS, proxy: Proxy(), se:ieOptions: {browserAttachTimeout: 0, elementScrollBehavior: 0, enablePersistentHover: true, ie.browserCommandLineSwitches: , ie.ensureCleanSession: false, ie.fileUploadDialogTimeout: 3000, ie.forceCreateProcessApi: false, ignoreProtectedModeSettings: false, ignoreZoomSetting: false, initialBrowserUrl: http://localhost:2124/, nativeEvents: true, requireWindowFocus: false}, setWindowRect: true, timeouts: {implicit: 0, pageLoad: 300000, script: 30000}}
Session ID: 055d0f1f-16b1-4577-b4c8-1028878473d8
*** Element info: {Using=xpath, value=//div[@id='footer']//a[contains(text(),'Contact Us')]}
at sun.reflect.GeneratedConstructorAccessor25.newInstance(Unknown Source)
at sun.reflect.DelegatingConstructorAccessorImpl.newInstance(DelegatingConstructorAccessorImpl.java:45)
at java.lang.reflect.Constructor.newInstance(Constructor.java:423)
at org.openqa.selenium.remote.codec.w3c.W3CHttpResponseCodec.createException(W3CHttpResponseCodec.java:191)
at org.openqa.selenium.remote.codec.w3c.W3CHttpResponseCodec.decode(W3CHttpResponseCodec.java:125)
at org.openqa.selenium.remote.codec.w3c.W3CHttpResponseCodec.decode(W3CHttpResponseCodec.java:52)
at org.openqa.selenium.remote.HttpCommandExecutor.execute(HttpCommandExecutor.java:161)
at org.openqa.selenium.remote.service.DriverCommandExecutor.execute(DriverCommandExecutor.java:83)
at org.openqa.selenium.remote.RemoteWebDriver.execute(RemoteWebDriver.java:576)
at org.openqa.selenium.remote.RemoteWebDriver.findElement(RemoteWebDriver.java:327)
at org.openqa.selenium.remote.RemoteWebDriver.findElementByXPath(RemoteWebDriver.java:445)
at org.openqa.selenium.By$ByXPath.findElement(By.java:353)
at org.openqa.selenium.remote.RemoteWebDriver.findElement(RemoteWebDriver.java:319)
at com.atmecs.helper.CommonUtility.locatorsType(CommonUtility.java:49)
at com.atmecs.helper.CommonUtility$4.apply(CommonUtility.java:180)
at com.atmecs.helper.CommonUtility$4.apply(CommonUtility.java:1)
at org.openqa.selenium.support.ui.FluentWait.until(FluentWait.java:211)
at com.atmecs.helper.CommonUtility.getText(CommonUtility.java:177)
at com.atmecs.general.AtmecsHomePage.isFooterPresent(AtmecsHomePage.java:80)
at com.atmecs.testscript.AtmecsHomePageScript.validateContactUsFooter(AtmecsHomePageScript.java:102)
at sun.reflect.NativeMethodAccessorImpl.invoke0(Native Method)
at sun.reflect.NativeMethodAccessorImpl.invoke(NativeMethodAccessorImpl.java:62)
at sun.reflect.DelegatingMethodAccessorImpl.invoke(DelegatingMethodAccessorImpl.java:43)
at java.lang.reflect.Method.invoke(Method.java:498)
at org.testng.internal.MethodInvocationHelper.invokeMethod(MethodInvocationHelper.java:133)
at org.testng.internal.TestInvoker.invokeMethod(TestInvoker.java:584)
at org.testng.internal.TestInvoker.invokeTestMethod(TestInvoker.java:172)
at org.testng.internal.MethodRunner.runInSequence(MethodRunner.java:46)
at org.testng.internal.TestInvoker$MethodInvocationAgent.invoke(TestInvoker.java:804)
at org.testng.internal.TestInvoker.invokeTestMethods(TestInvoker.java:145)
at org.testng.internal.TestMethodWorker.invokeTestMethods(TestMethodWorker.java:146)
at org.testng.internal.TestMethodWorker.run(TestMethodWorker.java:128)
at java.util.ArrayList.forEach(ArrayList.java:1257)
at org.testng.TestRunner.privateRun(TestRunner.java:770)
at org.testng.TestRunner.run(TestRunner.java:591)
at org.testng.SuiteRunner.runTest(SuiteRunner.java:402)
at org.testng.SuiteRunner.runSequentially(SuiteRunner.java:396)
at org.testng.SuiteRunner.privateRun(SuiteRunner.java:355)
at org.testng.SuiteRunner.run(SuiteRunner.java:304)
at org.testng.SuiteRunnerWorker.runSuite(SuiteRunnerWorker.java:53)
at org.testng.SuiteRunnerWorker.run(SuiteRunnerWorker.java:96)
at org.testng.TestNG.runSuitesSequentially(TestNG.java:1180)
at org.testng.TestNG.runSuitesLocally(TestNG.java:1102)
at org.testng.TestNG.runSuites(TestNG.java:1032)
at org.testng.TestNG.run(TestNG.java:1000)
at org.testng.remote.AbstractRemoteTestNG.run(AbstractRemoteTestNG.java:115)
at org.testng.remote.RemoteTestNG.initAndRun(RemoteTestNG.java:251)
at org.testng.remote.RemoteTestNG.main(RemoteTestNG.java:77)
]]>
    </error>
  </testcase> <!-- validateContactUsFooter -->
  <testcase name="validateContactUsFooter" time="0.040" classname="com.atmecs.testscript.AtmecsHomePageScript">
    <error type="org.openqa.selenium.NoSuchWindowException" message="Currently focused window has been closed.
Build info: version: &#039;4.0.0-alpha-2&#039;, revision: &#039;f148142cf8&#039;, time: &#039;2019-07-01T20:55:26&#039;
System info: host: &#039;ATMECSINLT-283&#039;, ip: &#039;55.55.52.215&#039;, os.name: &#039;Windows 10&#039;, os.arch: &#039;amd64&#039;, os.version: &#039;10.0&#039;, java.version: &#039;1.8.0_221&#039;
Driver info: org.openqa.selenium.ie.InternetExplorerDriver
Capabilities {acceptInsecureCerts: false, browserName: internet explorer, browserVersion: 11, javascriptEnabled: true, pageLoadStrategy: normal, platform: WINDOWS, platformName: WINDOWS, proxy: Proxy(), se:ieOptions: {browserAttachTimeout: 0, elementScrollBehavior: 0, enablePersistentHover: true, ie.browserCommandLineSwitches: , ie.ensureCleanSession: false, ie.fileUploadDialogTimeout: 3000, ie.forceCreateProcessApi: false, ignoreProtectedModeSettings: false, ignoreZoomSetting: false, initialBrowserUrl: http://localhost:2124/, nativeEvents: true, requireWindowFocus: false}, setWindowRect: true, timeouts: {implicit: 0, pageLoad: 300000, script: 30000}}
Session ID: 055d0f1f-16b1-4577-b4c8-1028878473d8
*** Element info: {Using=xpath, value=//div[@id=&#039;footer&#039;]//a[contains(text(),&#039;Automation Engineer&#039;)]}">
      <![CDATA[org.openqa.selenium.NoSuchWindowException: Currently focused window has been closed.
Build info: version: '4.0.0-alpha-2', revision: 'f148142cf8', time: '2019-07-01T20:55:26'
System info: host: 'ATMECSINLT-283', ip: '55.55.52.215', os.name: 'Windows 10', os.arch: 'amd64', os.version: '10.0', java.version: '1.8.0_221'
Driver info: org.openqa.selenium.ie.InternetExplorerDriver
Capabilities {acceptInsecureCerts: false, browserName: internet explorer, browserVersion: 11, javascriptEnabled: true, pageLoadStrategy: normal, platform: WINDOWS, platformName: WINDOWS, proxy: Proxy(), se:ieOptions: {browserAttachTimeout: 0, elementScrollBehavior: 0, enablePersistentHover: true, ie.browserCommandLineSwitches: , ie.ensureCleanSession: false, ie.fileUploadDialogTimeout: 3000, ie.forceCreateProcessApi: false, ignoreProtectedModeSettings: false, ignoreZoomSetting: false, initialBrowserUrl: http://localhost:2124/, nativeEvents: true, requireWindowFocus: false}, setWindowRect: true, timeouts: {implicit: 0, pageLoad: 300000, script: 30000}}
Session ID: 055d0f1f-16b1-4577-b4c8-1028878473d8
*** Element info: {Using=xpath, value=//div[@id='footer']//a[contains(text(),'Automation Engineer')]}
at sun.reflect.GeneratedConstructorAccessor25.newInstance(Unknown Source)
at sun.reflect.DelegatingConstructorAccessorImpl.newInstance(DelegatingConstructorAccessorImpl.java:45)
at java.lang.reflect.Constructor.newInstance(Constructor.java:423)
at org.openqa.selenium.remote.codec.w3c.W3CHttpResponseCodec.createException(W3CHttpResponseCodec.java:191)
at org.openqa.selenium.remote.codec.w3c.W3CHttpResponseCodec.decode(W3CHttpResponseCodec.java:125)
at org.openqa.selenium.remote.codec.w3c.W3CHttpResponseCodec.decode(W3CHttpResponseCodec.java:52)
at org.openqa.selenium.remote.HttpCommandExecutor.execute(HttpCommandExecutor.java:161)
at org.openqa.selenium.remote.service.DriverCommandExecutor.execute(DriverCommandExecutor.java:83)
at org.openqa.selenium.remote.RemoteWebDriver.execute(RemoteWebDriver.java:576)
at org.openqa.selenium.remote.RemoteWebDriver.findElement(RemoteWebDriver.java:327)
at org.openqa.selenium.remote.RemoteWebDriver.findElementByXPath(RemoteWebDriver.java:445)
at org.openqa.selenium.By$ByXPath.findElement(By.java:353)
at org.openqa.selenium.remote.RemoteWebDriver.findElement(RemoteWebDriver.java:319)
at com.atmecs.helper.CommonUtility.locatorsType(CommonUtility.java:49)
at com.atmecs.helper.CommonUtility$4.apply(CommonUtility.java:180)
at com.atmecs.helper.CommonUtility$4.apply(CommonUtility.java:1)
at org.openqa.selenium.support.ui.FluentWait.until(FluentWait.java:211)
at com.atmecs.helper.CommonUtility.getText(CommonUtility.java:177)
at com.atmecs.general.AtmecsHomePage.isFooterPresent(AtmecsHomePage.java:80)
at com.atmecs.testscript.AtmecsHomePageScript.validateContactUsFooter(AtmecsHomePageScript.java:102)
at sun.reflect.NativeMethodAccessorImpl.invoke0(Native Method)
at sun.reflect.NativeMethodAccessorImpl.invoke(NativeMethodAccessorImpl.java:62)
at sun.reflect.DelegatingMethodAccessorImpl.invoke(DelegatingMethodAccessorImpl.java:43)
at java.lang.reflect.Method.invoke(Method.java:498)
at org.testng.internal.MethodInvocationHelper.invokeMethod(MethodInvocationHelper.java:133)
at org.testng.internal.TestInvoker.invokeMethod(TestInvoker.java:584)
at org.testng.internal.TestInvoker.invokeTestMethod(TestInvoker.java:172)
at org.testng.internal.MethodRunner.runInSequence(MethodRunner.java:46)
at org.testng.internal.TestInvoker$MethodInvocationAgent.invoke(TestInvoker.java:804)
at org.testng.internal.TestInvoker.invokeTestMethods(TestInvoker.java:145)
at org.testng.internal.TestMethodWorker.invokeTestMethods(TestMethodWorker.java:146)
at org.testng.internal.TestMethodWorker.run(TestMethodWorker.java:128)
at java.util.ArrayList.forEach(ArrayList.java:1257)
at org.testng.TestRunner.privateRun(TestRunner.java:770)
at org.testng.TestRunner.run(TestRunner.java:591)
at org.testng.SuiteRunner.runTest(SuiteRunner.java:402)
at org.testng.SuiteRunner.runSequentially(SuiteRunner.java:396)
at org.testng.SuiteRunner.privateRun(SuiteRunner.java:355)
at org.testng.SuiteRunner.run(SuiteRunner.java:304)
at org.testng.SuiteRunnerWorker.runSuite(SuiteRunnerWorker.java:53)
at org.testng.SuiteRunnerWorker.run(SuiteRunnerWorker.java:96)
at org.testng.TestNG.runSuitesSequentially(TestNG.java:1180)
at org.testng.TestNG.runSuitesLocally(TestNG.java:1102)
at org.testng.TestNG.runSuites(TestNG.java:1032)
at org.testng.TestNG.run(TestNG.java:1000)
at org.testng.remote.AbstractRemoteTestNG.run(AbstractRemoteTestNG.java:115)
at org.testng.remote.RemoteTestNG.initAndRun(RemoteTestNG.java:251)
at org.testng.remote.RemoteTestNG.main(RemoteTestNG.java:77)
]]>
    </error>
  </testcase> <!-- validateContactUsFooter -->
  <testcase name="validateContactUsFooter" time="0.028" classname="com.atmecs.testscript.AtmecsHomePageScript">
    <error type="org.openqa.selenium.NoSuchWindowException" message="Currently focused window has been closed.
Build info: version: &#039;4.0.0-alpha-2&#039;, revision: &#039;f148142cf8&#039;, time: &#039;2019-07-01T20:55:26&#039;
System info: host: &#039;ATMECSINLT-283&#039;, ip: &#039;55.55.52.215&#039;, os.name: &#039;Windows 10&#039;, os.arch: &#039;amd64&#039;, os.version: &#039;10.0&#039;, java.version: &#039;1.8.0_221&#039;
Driver info: org.openqa.selenium.ie.InternetExplorerDriver
Capabilities {acceptInsecureCerts: false, browserName: internet explorer, browserVersion: 11, javascriptEnabled: true, pageLoadStrategy: normal, platform: WINDOWS, platformName: WINDOWS, proxy: Proxy(), se:ieOptions: {browserAttachTimeout: 0, elementScrollBehavior: 0, enablePersistentHover: true, ie.browserCommandLineSwitches: , ie.ensureCleanSession: false, ie.fileUploadDialogTimeout: 3000, ie.forceCreateProcessApi: false, ignoreProtectedModeSettings: false, ignoreZoomSetting: false, initialBrowserUrl: http://localhost:2124/, nativeEvents: true, requireWindowFocus: false}, setWindowRect: true, timeouts: {implicit: 0, pageLoad: 300000, script: 30000}}
Session ID: 055d0f1f-16b1-4577-b4c8-1028878473d8
*** Element info: {Using=xpath, value=//div[@id=&#039;footer&#039;]//a[contains(text(),&#039;Careers&#039;)]}">
      <![CDATA[org.openqa.selenium.NoSuchWindowException: Currently focused window has been closed.
Build info: version: '4.0.0-alpha-2', revision: 'f148142cf8', time: '2019-07-01T20:55:26'
System info: host: 'ATMECSINLT-283', ip: '55.55.52.215', os.name: 'Windows 10', os.arch: 'amd64', os.version: '10.0', java.version: '1.8.0_221'
Driver info: org.openqa.selenium.ie.InternetExplorerDriver
Capabilities {acceptInsecureCerts: false, browserName: internet explorer, browserVersion: 11, javascriptEnabled: true, pageLoadStrategy: normal, platform: WINDOWS, platformName: WINDOWS, proxy: Proxy(), se:ieOptions: {browserAttachTimeout: 0, elementScrollBehavior: 0, enablePersistentHover: true, ie.browserCommandLineSwitches: , ie.ensureCleanSession: false, ie.fileUploadDialogTimeout: 3000, ie.forceCreateProcessApi: false, ignoreProtectedModeSettings: false, ignoreZoomSetting: false, initialBrowserUrl: http://localhost:2124/, nativeEvents: true, requireWindowFocus: false}, setWindowRect: true, timeouts: {implicit: 0, pageLoad: 300000, script: 30000}}
Session ID: 055d0f1f-16b1-4577-b4c8-1028878473d8
*** Element info: {Using=xpath, value=//div[@id='footer']//a[contains(text(),'Careers')]}
at sun.reflect.GeneratedConstructorAccessor25.newInstance(Unknown Source)
at sun.reflect.DelegatingConstructorAccessorImpl.newInstance(DelegatingConstructorAccessorImpl.java:45)
at java.lang.reflect.Constructor.newInstance(Constructor.java:423)
at org.openqa.selenium.remote.codec.w3c.W3CHttpResponseCodec.createException(W3CHttpResponseCodec.java:191)
at org.openqa.selenium.remote.codec.w3c.W3CHttpResponseCodec.decode(W3CHttpResponseCodec.java:125)
at org.openqa.selenium.remote.codec.w3c.W3CHttpResponseCodec.decode(W3CHttpResponseCodec.java:52)
at org.openqa.selenium.remote.HttpCommandExecutor.execute(HttpCommandExecutor.java:161)
at org.openqa.selenium.remote.service.DriverCommandExecutor.execute(DriverCommandExecutor.java:83)
at org.openqa.selenium.remote.RemoteWebDriver.execute(RemoteWebDriver.java:576)
at org.openqa.selenium.remote.RemoteWebDriver.findElement(RemoteWebDriver.java:327)
at org.openqa.selenium.remote.RemoteWebDriver.findElementByXPath(RemoteWebDriver.java:445)
at org.openqa.selenium.By$ByXPath.findElement(By.java:353)
at org.openqa.selenium.remote.RemoteWebDriver.findElement(RemoteWebDriver.java:319)
at com.atmecs.helper.CommonUtility.locatorsType(CommonUtility.java:49)
at com.atmecs.helper.CommonUtility$4.apply(CommonUtility.java:180)
at com.atmecs.helper.CommonUtility$4.apply(CommonUtility.java:1)
at org.openqa.selenium.support.ui.FluentWait.until(FluentWait.java:211)
at com.atmecs.helper.CommonUtility.getText(CommonUtility.java:177)
at com.atmecs.general.AtmecsHomePage.isFooterPresent(AtmecsHomePage.java:80)
at com.atmecs.testscript.AtmecsHomePageScript.validateContactUsFooter(AtmecsHomePageScript.java:102)
at sun.reflect.NativeMethodAccessorImpl.invoke0(Native Method)
at sun.reflect.NativeMethodAccessorImpl.invoke(NativeMethodAccessorImpl.java:62)
at sun.reflect.DelegatingMethodAccessorImpl.invoke(DelegatingMethodAccessorImpl.java:43)
at java.lang.reflect.Method.invoke(Method.java:498)
at org.testng.internal.MethodInvocationHelper.invokeMethod(MethodInvocationHelper.java:133)
at org.testng.internal.TestInvoker.invokeMethod(TestInvoker.java:584)
at org.testng.internal.TestInvoker.invokeTestMethod(TestInvoker.java:172)
at org.testng.internal.MethodRunner.runInSequence(MethodRunner.java:46)
at org.testng.internal.TestInvoker$MethodInvocationAgent.invoke(TestInvoker.java:804)
at org.testng.internal.TestInvoker.invokeTestMethods(TestInvoker.java:145)
at org.testng.internal.TestMethodWorker.invokeTestMethods(TestMethodWorker.java:146)
at org.testng.internal.TestMethodWorker.run(TestMethodWorker.java:128)
at java.util.ArrayList.forEach(ArrayList.java:1257)
at org.testng.TestRunner.privateRun(TestRunner.java:770)
at org.testng.TestRunner.run(TestRunner.java:591)
at org.testng.SuiteRunner.runTest(SuiteRunner.java:402)
at org.testng.SuiteRunner.runSequentially(SuiteRunner.java:396)
at org.testng.SuiteRunner.privateRun(SuiteRunner.java:355)
at org.testng.SuiteRunner.run(SuiteRunner.java:304)
at org.testng.SuiteRunnerWorker.runSuite(SuiteRunnerWorker.java:53)
at org.testng.SuiteRunnerWorker.run(SuiteRunnerWorker.java:96)
at org.testng.TestNG.runSuitesSequentially(TestNG.java:1180)
at org.testng.TestNG.runSuitesLocally(TestNG.java:1102)
at org.testng.TestNG.runSuites(TestNG.java:1032)
at org.testng.TestNG.run(TestNG.java:1000)
at org.testng.remote.AbstractRemoteTestNG.run(AbstractRemoteTestNG.java:115)
at org.testng.remote.RemoteTestNG.initAndRun(RemoteTestNG.java:251)
at org.testng.remote.RemoteTestNG.main(RemoteTestNG.java:77)
]]>
    </error>
  </testcase> <!-- validateContactUsFooter -->
  <testcase name="validateContactUsFooter" time="0.035" classname="com.atmecs.testscript.AtmecsHomePageScript">
    <error type="org.openqa.selenium.NoSuchWindowException" message="Currently focused window has been closed.
Build info: version: &#039;4.0.0-alpha-2&#039;, revision: &#039;f148142cf8&#039;, time: &#039;2019-07-01T20:55:26&#039;
System info: host: &#039;ATMECSINLT-283&#039;, ip: &#039;55.55.52.215&#039;, os.name: &#039;Windows 10&#039;, os.arch: &#039;amd64&#039;, os.version: &#039;10.0&#039;, java.version: &#039;1.8.0_221&#039;
Driver info: org.openqa.selenium.ie.InternetExplorerDriver
Capabilities {acceptInsecureCerts: false, browserName: internet explorer, browserVersion: 11, javascriptEnabled: true, pageLoadStrategy: normal, platform: WINDOWS, platformName: WINDOWS, proxy: Proxy(), se:ieOptions: {browserAttachTimeout: 0, elementScrollBehavior: 0, enablePersistentHover: true, ie.browserCommandLineSwitches: , ie.ensureCleanSession: false, ie.fileUploadDialogTimeout: 3000, ie.forceCreateProcessApi: false, ignoreProtectedModeSettings: false, ignoreZoomSetting: false, initialBrowserUrl: http://localhost:2124/, nativeEvents: true, requireWindowFocus: false}, setWindowRect: true, timeouts: {implicit: 0, pageLoad: 300000, script: 30000}}
Session ID: 055d0f1f-16b1-4577-b4c8-1028878473d8
*** Element info: {Using=xpath, value=//div[@id=&#039;footer&#039;]//a[contains(text(),&#039;Quality Engineering&#039;)]}">
      <![CDATA[org.openqa.selenium.NoSuchWindowException: Currently focused window has been closed.
Build info: version: '4.0.0-alpha-2', revision: 'f148142cf8', time: '2019-07-01T20:55:26'
System info: host: 'ATMECSINLT-283', ip: '55.55.52.215', os.name: 'Windows 10', os.arch: 'amd64', os.version: '10.0', java.version: '1.8.0_221'
Driver info: org.openqa.selenium.ie.InternetExplorerDriver
Capabilities {acceptInsecureCerts: false, browserName: internet explorer, browserVersion: 11, javascriptEnabled: true, pageLoadStrategy: normal, platform: WINDOWS, platformName: WINDOWS, proxy: Proxy(), se:ieOptions: {browserAttachTimeout: 0, elementScrollBehavior: 0, enablePersistentHover: true, ie.browserCommandLineSwitches: , ie.ensureCleanSession: false, ie.fileUploadDialogTimeout: 3000, ie.forceCreateProcessApi: false, ignoreProtectedModeSettings: false, ignoreZoomSetting: false, initialBrowserUrl: http://localhost:2124/, nativeEvents: true, requireWindowFocus: false}, setWindowRect: true, timeouts: {implicit: 0, pageLoad: 300000, script: 30000}}
Session ID: 055d0f1f-16b1-4577-b4c8-1028878473d8
*** Element info: {Using=xpath, value=//div[@id='footer']//a[contains(text(),'Quality Engineering')]}
at sun.reflect.GeneratedConstructorAccessor25.newInstance(Unknown Source)
at sun.reflect.DelegatingConstructorAccessorImpl.newInstance(DelegatingConstructorAccessorImpl.java:45)
at java.lang.reflect.Constructor.newInstance(Constructor.java:423)
at org.openqa.selenium.remote.codec.w3c.W3CHttpResponseCodec.createException(W3CHttpResponseCodec.java:191)
at org.openqa.selenium.remote.codec.w3c.W3CHttpResponseCodec.decode(W3CHttpResponseCodec.java:125)
at org.openqa.selenium.remote.codec.w3c.W3CHttpResponseCodec.decode(W3CHttpResponseCodec.java:52)
at org.openqa.selenium.remote.HttpCommandExecutor.execute(HttpCommandExecutor.java:161)
at org.openqa.selenium.remote.service.DriverCommandExecutor.execute(DriverCommandExecutor.java:83)
at org.openqa.selenium.remote.RemoteWebDriver.execute(RemoteWebDriver.java:576)
at org.openqa.selenium.remote.RemoteWebDriver.findElement(RemoteWebDriver.java:327)
at org.openqa.selenium.remote.RemoteWebDriver.findElementByXPath(RemoteWebDriver.java:445)
at org.openqa.selenium.By$ByXPath.findElement(By.java:353)
at org.openqa.selenium.remote.RemoteWebDriver.findElement(RemoteWebDriver.java:319)
at com.atmecs.helper.CommonUtility.locatorsType(CommonUtility.java:49)
at com.atmecs.helper.CommonUtility$4.apply(CommonUtility.java:180)
at com.atmecs.helper.CommonUtility$4.apply(CommonUtility.java:1)
at org.openqa.selenium.support.ui.FluentWait.until(FluentWait.java:211)
at com.atmecs.helper.CommonUtility.getText(CommonUtility.java:177)
at com.atmecs.general.AtmecsHomePage.isFooterPresent(AtmecsHomePage.java:80)
at com.atmecs.testscript.AtmecsHomePageScript.validateContactUsFooter(AtmecsHomePageScript.java:102)
at sun.reflect.GeneratedMethodAccessor8.invoke(Unknown Source)
at sun.reflect.DelegatingMethodAccessorImpl.invoke(DelegatingMethodAccessorImpl.java:43)
at java.lang.reflect.Method.invoke(Method.java:498)
at org.testng.internal.MethodInvocationHelper.invokeMethod(MethodInvocationHelper.java:133)
at org.testng.internal.TestInvoker.invokeMethod(TestInvoker.java:584)
at org.testng.internal.TestInvoker.invokeTestMethod(TestInvoker.java:172)
at org.testng.internal.MethodRunner.runInSequence(MethodRunner.java:46)
at org.testng.internal.TestInvoker$MethodInvocationAgent.invoke(TestInvoker.java:804)
at org.testng.internal.TestInvoker.invokeTestMethods(TestInvoker.java:145)
at org.testng.internal.TestMethodWorker.invokeTestMethods(TestMethodWorker.java:146)
at org.testng.internal.TestMethodWorker.run(TestMethodWorker.java:128)
at java.util.ArrayList.forEach(ArrayList.java:1257)
at org.testng.TestRunner.privateRun(TestRunner.java:770)
at org.testng.TestRunner.run(TestRunner.java:591)
at org.testng.SuiteRunner.runTest(SuiteRunner.java:402)
at org.testng.SuiteRunner.runSequentially(SuiteRunner.java:396)
at org.testng.SuiteRunner.privateRun(SuiteRunner.java:355)
at org.testng.SuiteRunner.run(SuiteRunner.java:304)
at org.testng.SuiteRunnerWorker.runSuite(SuiteRunnerWorker.java:53)
at org.testng.SuiteRunnerWorker.run(SuiteRunnerWorker.java:96)
at org.testng.TestNG.runSuitesSequentially(TestNG.java:1180)
at org.testng.TestNG.runSuitesLocally(TestNG.java:1102)
at org.testng.TestNG.runSuites(TestNG.java:1032)
at org.testng.TestNG.run(TestNG.java:1000)
at org.testng.remote.AbstractRemoteTestNG.run(AbstractRemoteTestNG.java:115)
at org.testng.remote.RemoteTestNG.initAndRun(RemoteTestNG.java:251)
at org.testng.remote.RemoteTestNG.main(RemoteTestNG.java:77)
]]>
    </error>
  </testcase> <!-- validateContactUsFooter -->
  <testcase name="validateContactUsFooter" time="0.042" classname="com.atmecs.testscript.AtmecsHomePageScript">
    <error type="org.openqa.selenium.NoSuchWindowException" message="Currently focused window has been closed.
Build info: version: &#039;4.0.0-alpha-2&#039;, revision: &#039;f148142cf8&#039;, time: &#039;2019-07-01T20:55:26&#039;
System info: host: &#039;ATMECSINLT-283&#039;, ip: &#039;55.55.52.215&#039;, os.name: &#039;Windows 10&#039;, os.arch: &#039;amd64&#039;, os.version: &#039;10.0&#039;, java.version: &#039;1.8.0_221&#039;
Driver info: org.openqa.selenium.ie.InternetExplorerDriver
Capabilities {acceptInsecureCerts: false, browserName: internet explorer, browserVersion: 11, javascriptEnabled: true, pageLoadStrategy: normal, platform: WINDOWS, platformName: WINDOWS, proxy: Proxy(), se:ieOptions: {browserAttachTimeout: 0, elementScrollBehavior: 0, enablePersistentHover: true, ie.browserCommandLineSwitches: , ie.ensureCleanSession: false, ie.fileUploadDialogTimeout: 3000, ie.forceCreateProcessApi: false, ignoreProtectedModeSettings: false, ignoreZoomSetting: false, initialBrowserUrl: http://localhost:2124/, nativeEvents: true, requireWindowFocus: false}, setWindowRect: true, timeouts: {implicit: 0, pageLoad: 300000, script: 30000}}
Session ID: 055d0f1f-16b1-4577-b4c8-1028878473d8
*** Element info: {Using=xpath, value=//div[@id=&#039;footer&#039;]//a[contains(text(),&#039;Partners&#039;)]}">
      <![CDATA[org.openqa.selenium.NoSuchWindowException: Currently focused window has been closed.
Build info: version: '4.0.0-alpha-2', revision: 'f148142cf8', time: '2019-07-01T20:55:26'
System info: host: 'ATMECSINLT-283', ip: '55.55.52.215', os.name: 'Windows 10', os.arch: 'amd64', os.version: '10.0', java.version: '1.8.0_221'
Driver info: org.openqa.selenium.ie.InternetExplorerDriver
Capabilities {acceptInsecureCerts: false, browserName: internet explorer, browserVersion: 11, javascriptEnabled: true, pageLoadStrategy: normal, platform: WINDOWS, platformName: WINDOWS, proxy: Proxy(), se:ieOptions: {browserAttachTimeout: 0, elementScrollBehavior: 0, enablePersistentHover: true, ie.browserCommandLineSwitches: , ie.ensureCleanSession: false, ie.fileUploadDialogTimeout: 3000, ie.forceCreateProcessApi: false, ignoreProtectedModeSettings: false, ignoreZoomSetting: false, initialBrowserUrl: http://localhost:2124/, nativeEvents: true, requireWindowFocus: false}, setWindowRect: true, timeouts: {implicit: 0, pageLoad: 300000, script: 30000}}
Session ID: 055d0f1f-16b1-4577-b4c8-1028878473d8
*** Element info: {Using=xpath, value=//div[@id='footer']//a[contains(text(),'Partners')]}
at sun.reflect.GeneratedConstructorAccessor25.newInstance(Unknown Source)
at sun.reflect.DelegatingConstructorAccessorImpl.newInstance(DelegatingConstructorAccessorImpl.java:45)
at java.lang.reflect.Constructor.newInstance(Constructor.java:423)
at org.openqa.selenium.remote.codec.w3c.W3CHttpResponseCodec.createException(W3CHttpResponseCodec.java:191)
at org.openqa.selenium.remote.codec.w3c.W3CHttpResponseCodec.decode(W3CHttpResponseCodec.java:125)
at org.openqa.selenium.remote.codec.w3c.W3CHttpResponseCodec.decode(W3CHttpResponseCodec.java:52)
at org.openqa.selenium.remote.HttpCommandExecutor.execute(HttpCommandExecutor.java:161)
at org.openqa.selenium.remote.service.DriverCommandExecutor.execute(DriverCommandExecutor.java:83)
at org.openqa.selenium.remote.RemoteWebDriver.execute(RemoteWebDriver.java:576)
at org.openqa.selenium.remote.RemoteWebDriver.findElement(RemoteWebDriver.java:327)
at org.openqa.selenium.remote.RemoteWebDriver.findElementByXPath(RemoteWebDriver.java:445)
at org.openqa.selenium.By$ByXPath.findElement(By.java:353)
at org.openqa.selenium.remote.RemoteWebDriver.findElement(RemoteWebDriver.java:319)
at com.atmecs.helper.CommonUtility.locatorsType(CommonUtility.java:49)
at com.atmecs.helper.CommonUtility$4.apply(CommonUtility.java:180)
at com.atmecs.helper.CommonUtility$4.apply(CommonUtility.java:1)
at org.openqa.selenium.support.ui.FluentWait.until(FluentWait.java:211)
at com.atmecs.helper.CommonUtility.getText(CommonUtility.java:177)
at com.atmecs.general.AtmecsHomePage.isFooterPresent(AtmecsHomePage.java:80)
at com.atmecs.testscript.AtmecsHomePageScript.validateContactUsFooter(AtmecsHomePageScript.java:102)
at sun.reflect.NativeMethodAccessorImpl.invoke0(Native Method)
at sun.reflect.NativeMethodAccessorImpl.invoke(NativeMethodAccessorImpl.java:62)
at sun.reflect.DelegatingMethodAccessorImpl.invoke(DelegatingMethodAccessorImpl.java:43)
at java.lang.reflect.Method.invoke(Method.java:498)
at org.testng.internal.MethodInvocationHelper.invokeMethod(MethodInvocationHelper.java:133)
at org.testng.internal.TestInvoker.invokeMethod(TestInvoker.java:584)
at org.testng.internal.TestInvoker.invokeTestMethod(TestInvoker.java:172)
at org.testng.internal.MethodRunner.runInSequence(MethodRunner.java:46)
at org.testng.internal.TestInvoker$MethodInvocationAgent.invoke(TestInvoker.java:804)
at org.testng.internal.TestInvoker.invokeTestMethods(TestInvoker.java:145)
at org.testng.internal.TestMethodWorker.invokeTestMethods(TestMethodWorker.java:146)
at org.testng.internal.TestMethodWorker.run(TestMethodWorker.java:128)
at java.util.ArrayList.forEach(ArrayList.java:1257)
at org.testng.TestRunner.privateRun(TestRunner.java:770)
at org.testng.TestRunner.run(TestRunner.java:591)
at org.testng.SuiteRunner.runTest(SuiteRunner.java:402)
at org.testng.SuiteRunner.runSequentially(SuiteRunner.java:396)
at org.testng.SuiteRunner.privateRun(SuiteRunner.java:355)
at org.testng.SuiteRunner.run(SuiteRunner.java:304)
at org.testng.SuiteRunnerWorker.runSuite(SuiteRunnerWorker.java:53)
at org.testng.SuiteRunnerWorker.run(SuiteRunnerWorker.java:96)
at org.testng.TestNG.runSuitesSequentially(TestNG.java:1180)
at org.testng.TestNG.runSuitesLocally(TestNG.java:1102)
at org.testng.TestNG.runSuites(TestNG.java:1032)
at org.testng.TestNG.run(TestNG.java:1000)
at org.testng.remote.AbstractRemoteTestNG.run(AbstractRemoteTestNG.java:115)
at org.testng.remote.RemoteTestNG.initAndRun(RemoteTestNG.java:251)
at org.testng.remote.RemoteTestNG.main(RemoteTestNG.java:77)
]]>
    </error>
  </testcase> <!-- validateContactUsFooter -->
  <testcase name="validateContactUsFooter" time="0.030" classname="com.atmecs.testscript.AtmecsHomePageScript">
    <error type="org.openqa.selenium.NoSuchWindowException" message="Currently focused window has been closed.
Build info: version: &#039;4.0.0-alpha-2&#039;, revision: &#039;f148142cf8&#039;, time: &#039;2019-07-01T20:55:26&#039;
System info: host: &#039;ATMECSINLT-283&#039;, ip: &#039;55.55.52.215&#039;, os.name: &#039;Windows 10&#039;, os.arch: &#039;amd64&#039;, os.version: &#039;10.0&#039;, java.version: &#039;1.8.0_221&#039;
Driver info: org.openqa.selenium.ie.InternetExplorerDriver
Capabilities {acceptInsecureCerts: false, browserName: internet explorer, browserVersion: 11, javascriptEnabled: true, pageLoadStrategy: normal, platform: WINDOWS, platformName: WINDOWS, proxy: Proxy(), se:ieOptions: {browserAttachTimeout: 0, elementScrollBehavior: 0, enablePersistentHover: true, ie.browserCommandLineSwitches: , ie.ensureCleanSession: false, ie.fileUploadDialogTimeout: 3000, ie.forceCreateProcessApi: false, ignoreProtectedModeSettings: false, ignoreZoomSetting: false, initialBrowserUrl: http://localhost:2124/, nativeEvents: true, requireWindowFocus: false}, setWindowRect: true, timeouts: {implicit: 0, pageLoad: 300000, script: 30000}}
Session ID: 055d0f1f-16b1-4577-b4c8-1028878473d8
*** Element info: {Using=xpath, value=//div[@id=&#039;footer&#039;]//a[contains(text(),&#039;Enterprise Analytics&#039;)]}">
      <![CDATA[org.openqa.selenium.NoSuchWindowException: Currently focused window has been closed.
Build info: version: '4.0.0-alpha-2', revision: 'f148142cf8', time: '2019-07-01T20:55:26'
System info: host: 'ATMECSINLT-283', ip: '55.55.52.215', os.name: 'Windows 10', os.arch: 'amd64', os.version: '10.0', java.version: '1.8.0_221'
Driver info: org.openqa.selenium.ie.InternetExplorerDriver
Capabilities {acceptInsecureCerts: false, browserName: internet explorer, browserVersion: 11, javascriptEnabled: true, pageLoadStrategy: normal, platform: WINDOWS, platformName: WINDOWS, proxy: Proxy(), se:ieOptions: {browserAttachTimeout: 0, elementScrollBehavior: 0, enablePersistentHover: true, ie.browserCommandLineSwitches: , ie.ensureCleanSession: false, ie.fileUploadDialogTimeout: 3000, ie.forceCreateProcessApi: false, ignoreProtectedModeSettings: false, ignoreZoomSetting: false, initialBrowserUrl: http://localhost:2124/, nativeEvents: true, requireWindowFocus: false}, setWindowRect: true, timeouts: {implicit: 0, pageLoad: 300000, script: 30000}}
Session ID: 055d0f1f-16b1-4577-b4c8-1028878473d8
*** Element info: {Using=xpath, value=//div[@id='footer']//a[contains(text(),'Enterprise Analytics')]}
at sun.reflect.GeneratedConstructorAccessor25.newInstance(Unknown Source)
at sun.reflect.DelegatingConstructorAccessorImpl.newInstance(DelegatingConstructorAccessorImpl.java:45)
at java.lang.reflect.Constructor.newInstance(Constructor.java:423)
at org.openqa.selenium.remote.codec.w3c.W3CHttpResponseCodec.createException(W3CHttpResponseCodec.java:191)
at org.openqa.selenium.remote.codec.w3c.W3CHttpResponseCodec.decode(W3CHttpResponseCodec.java:125)
at org.openqa.selenium.remote.codec.w3c.W3CHttpResponseCodec.decode(W3CHttpResponseCodec.java:52)
at org.openqa.selenium.remote.HttpCommandExecutor.execute(HttpCommandExecutor.java:161)
at org.openqa.selenium.remote.service.DriverCommandExecutor.execute(DriverCommandExecutor.java:83)
at org.openqa.selenium.remote.RemoteWebDriver.execute(RemoteWebDriver.java:576)
at org.openqa.selenium.remote.RemoteWebDriver.findElement(RemoteWebDriver.java:327)
at org.openqa.selenium.remote.RemoteWebDriver.findElementByXPath(RemoteWebDriver.java:445)
at org.openqa.selenium.By$ByXPath.findElement(By.java:353)
at org.openqa.selenium.remote.RemoteWebDriver.findElement(RemoteWebDriver.java:319)
at com.atmecs.helper.CommonUtility.locatorsType(CommonUtility.java:49)
at com.atmecs.helper.CommonUtility$4.apply(CommonUtility.java:180)
at com.atmecs.helper.CommonUtility$4.apply(CommonUtility.java:1)
at org.openqa.selenium.support.ui.FluentWait.until(FluentWait.java:211)
at com.atmecs.helper.CommonUtility.getText(CommonUtility.java:177)
at com.atmecs.general.AtmecsHomePage.isFooterPresent(AtmecsHomePage.java:80)
at com.atmecs.testscript.AtmecsHomePageScript.validateContactUsFooter(AtmecsHomePageScript.java:102)
at sun.reflect.GeneratedMethodAccessor8.invoke(Unknown Source)
at sun.reflect.DelegatingMethodAccessorImpl.invoke(DelegatingMethodAccessorImpl.java:43)
at java.lang.reflect.Method.invoke(Method.java:498)
at org.testng.internal.MethodInvocationHelper.invokeMethod(MethodInvocationHelper.java:133)
at org.testng.internal.TestInvoker.invokeMethod(TestInvoker.java:584)
at org.testng.internal.TestInvoker.invokeTestMethod(TestInvoker.java:172)
at org.testng.internal.MethodRunner.runInSequence(MethodRunner.java:46)
at org.testng.internal.TestInvoker$MethodInvocationAgent.invoke(TestInvoker.java:804)
at org.testng.internal.TestInvoker.invokeTestMethods(TestInvoker.java:145)
at org.testng.internal.TestMethodWorker.invokeTestMethods(TestMethodWorker.java:146)
at org.testng.internal.TestMethodWorker.run(TestMethodWorker.java:128)
at java.util.ArrayList.forEach(ArrayList.java:1257)
at org.testng.TestRunner.privateRun(TestRunner.java:770)
at org.testng.TestRunner.run(TestRunner.java:591)
at org.testng.SuiteRunner.runTest(SuiteRunner.java:402)
at org.testng.SuiteRunner.runSequentially(SuiteRunner.java:396)
at org.testng.SuiteRunner.privateRun(SuiteRunner.java:355)
at org.testng.SuiteRunner.run(SuiteRunner.java:304)
at org.testng.SuiteRunnerWorker.runSuite(SuiteRunnerWorker.java:53)
at org.testng.SuiteRunnerWorker.run(SuiteRunnerWorker.java:96)
at org.testng.TestNG.runSuitesSequentially(TestNG.java:1180)
at org.testng.TestNG.runSuitesLocally(TestNG.java:1102)
at org.testng.TestNG.runSuites(TestNG.java:1032)
at org.testng.TestNG.run(TestNG.java:1000)
at org.testng.remote.AbstractRemoteTestNG.run(AbstractRemoteTestNG.java:115)
at org.testng.remote.RemoteTestNG.initAndRun(RemoteTestNG.java:251)
at org.testng.remote.RemoteTestNG.main(RemoteTestNG.java:77)
]]>
    </error>
  </testcase> <!-- validateContactUsFooter -->
  <testcase name="validateContactUsFooter" time="0.031" classname="com.atmecs.testscript.AtmecsHomePageScript">
    <error type="org.openqa.selenium.NoSuchWindowException" message="Currently focused window has been closed.
Build info: version: &#039;4.0.0-alpha-2&#039;, revision: &#039;f148142cf8&#039;, time: &#039;2019-07-01T20:55:26&#039;
System info: host: &#039;ATMECSINLT-283&#039;, ip: &#039;55.55.52.215&#039;, os.name: &#039;Windows 10&#039;, os.arch: &#039;amd64&#039;, os.version: &#039;10.0&#039;, java.version: &#039;1.8.0_221&#039;
Driver info: org.openqa.selenium.ie.InternetExplorerDriver
Capabilities {acceptInsecureCerts: false, browserName: internet explorer, browserVersion: 11, javascriptEnabled: true, pageLoadStrategy: normal, platform: WINDOWS, platformName: WINDOWS, proxy: Proxy(), se:ieOptions: {browserAttachTimeout: 0, elementScrollBehavior: 0, enablePersistentHover: true, ie.browserCommandLineSwitches: , ie.ensureCleanSession: false, ie.fileUploadDialogTimeout: 3000, ie.forceCreateProcessApi: false, ignoreProtectedModeSettings: false, ignoreZoomSetting: false, initialBrowserUrl: http://localhost:2124/, nativeEvents: true, requireWindowFocus: false}, setWindowRect: true, timeouts: {implicit: 0, pageLoad: 300000, script: 30000}}
Session ID: 055d0f1f-16b1-4577-b4c8-1028878473d8
*** Element info: {Using=xpath, value=//div[@id=&#039;footer&#039;]//a[contains(text(),&#039;Home&#039;)]}">
      <![CDATA[org.openqa.selenium.NoSuchWindowException: Currently focused window has been closed.
Build info: version: '4.0.0-alpha-2', revision: 'f148142cf8', time: '2019-07-01T20:55:26'
System info: host: 'ATMECSINLT-283', ip: '55.55.52.215', os.name: 'Windows 10', os.arch: 'amd64', os.version: '10.0', java.version: '1.8.0_221'
Driver info: org.openqa.selenium.ie.InternetExplorerDriver
Capabilities {acceptInsecureCerts: false, browserName: internet explorer, browserVersion: 11, javascriptEnabled: true, pageLoadStrategy: normal, platform: WINDOWS, platformName: WINDOWS, proxy: Proxy(), se:ieOptions: {browserAttachTimeout: 0, elementScrollBehavior: 0, enablePersistentHover: true, ie.browserCommandLineSwitches: , ie.ensureCleanSession: false, ie.fileUploadDialogTimeout: 3000, ie.forceCreateProcessApi: false, ignoreProtectedModeSettings: false, ignoreZoomSetting: false, initialBrowserUrl: http://localhost:2124/, nativeEvents: true, requireWindowFocus: false}, setWindowRect: true, timeouts: {implicit: 0, pageLoad: 300000, script: 30000}}
Session ID: 055d0f1f-16b1-4577-b4c8-1028878473d8
*** Element info: {Using=xpath, value=//div[@id='footer']//a[contains(text(),'Home')]}
at sun.reflect.GeneratedConstructorAccessor25.newInstance(Unknown Source)
at sun.reflect.DelegatingConstructorAccessorImpl.newInstance(DelegatingConstructorAccessorImpl.java:45)
at java.lang.reflect.Constructor.newInstance(Constructor.java:423)
at org.openqa.selenium.remote.codec.w3c.W3CHttpResponseCodec.createException(W3CHttpResponseCodec.java:191)
at org.openqa.selenium.remote.codec.w3c.W3CHttpResponseCodec.decode(W3CHttpResponseCodec.java:125)
at org.openqa.selenium.remote.codec.w3c.W3CHttpResponseCodec.decode(W3CHttpResponseCodec.java:52)
at org.openqa.selenium.remote.HttpCommandExecutor.execute(HttpCommandExecutor.java:161)
at org.openqa.selenium.remote.service.DriverCommandExecutor.execute(DriverCommandExecutor.java:83)
at org.openqa.selenium.remote.RemoteWebDriver.execute(RemoteWebDriver.java:576)
at org.openqa.selenium.remote.RemoteWebDriver.findElement(RemoteWebDriver.java:327)
at org.openqa.selenium.remote.RemoteWebDriver.findElementByXPath(RemoteWebDriver.java:445)
at org.openqa.selenium.By$ByXPath.findElement(By.java:353)
at org.openqa.selenium.remote.RemoteWebDriver.findElement(RemoteWebDriver.java:319)
at com.atmecs.helper.CommonUtility.locatorsType(CommonUtility.java:49)
at com.atmecs.helper.CommonUtility$4.apply(CommonUtility.java:180)
at com.atmecs.helper.CommonUtility$4.apply(CommonUtility.java:1)
at org.openqa.selenium.support.ui.FluentWait.until(FluentWait.java:211)
at com.atmecs.helper.CommonUtility.getText(CommonUtility.java:177)
at com.atmecs.general.AtmecsHomePage.isFooterPresent(AtmecsHomePage.java:80)
at com.atmecs.testscript.AtmecsHomePageScript.validateContactUsFooter(AtmecsHomePageScript.java:102)
at sun.reflect.NativeMethodAccessorImpl.invoke0(Native Method)
at sun.reflect.NativeMethodAccessorImpl.invoke(NativeMethodAccessorImpl.java:62)
at sun.reflect.DelegatingMethodAccessorImpl.invoke(DelegatingMethodAccessorImpl.java:43)
at java.lang.reflect.Method.invoke(Method.java:498)
at org.testng.internal.MethodInvocationHelper.invokeMethod(MethodInvocationHelper.java:133)
at org.testng.internal.TestInvoker.invokeMethod(TestInvoker.java:584)
at org.testng.internal.TestInvoker.invokeTestMethod(TestInvoker.java:172)
at org.testng.internal.MethodRunner.runInSequence(MethodRunner.java:46)
at org.testng.internal.TestInvoker$MethodInvocationAgent.invoke(TestInvoker.java:804)
at org.testng.internal.TestInvoker.invokeTestMethods(TestInvoker.java:145)
at org.testng.internal.TestMethodWorker.invokeTestMethods(TestMethodWorker.java:146)
at org.testng.internal.TestMethodWorker.run(TestMethodWorker.java:128)
at java.util.ArrayList.forEach(ArrayList.java:1257)
at org.testng.TestRunner.privateRun(TestRunner.java:770)
at org.testng.TestRunner.run(TestRunner.java:591)
at org.testng.SuiteRunner.runTest(SuiteRunner.java:402)
at org.testng.SuiteRunner.runSequentially(SuiteRunner.java:396)
at org.testng.SuiteRunner.privateRun(SuiteRunner.java:355)
at org.testng.SuiteRunner.run(SuiteRunner.java:304)
at org.testng.SuiteRunnerWorker.runSuite(SuiteRunnerWorker.java:53)
at org.testng.SuiteRunnerWorker.run(SuiteRunnerWorker.java:96)
at org.testng.TestNG.runSuitesSequentially(TestNG.java:1180)
at org.testng.TestNG.runSuitesLocally(TestNG.java:1102)
at org.testng.TestNG.runSuites(TestNG.java:1032)
at org.testng.TestNG.run(TestNG.java:1000)
at org.testng.remote.AbstractRemoteTestNG.run(AbstractRemoteTestNG.java:115)
at org.testng.remote.RemoteTestNG.initAndRun(RemoteTestNG.java:251)
at org.testng.remote.RemoteTestNG.main(RemoteTestNG.java:77)
]]>
    </error>
  </testcase> <!-- validateContactUsFooter -->
</testsuite> <!-- com.atmecs.testscript.AtmecsHomePageScript -->
